[2024-12-21T21:11:21.670+0000] {processor.py:186} INFO - Started process (PID=352) to work on /home/airflow/.local/lib/python3.12/site-packages/airflow/example_dags/example_branch_python_dop_operator_3.py
[2024-12-21T21:11:21.672+0000] {processor.py:914} INFO - Processing file /home/airflow/.local/lib/python3.12/site-packages/airflow/example_dags/example_branch_python_dop_operator_3.py for tasks to queue
[2024-12-21T21:11:21.676+0000] {logging_mixin.py:190} INFO - [2024-12-21T21:11:21.676+0000] {dagbag.py:588} INFO - Filling up the DagBag from /home/airflow/.local/lib/python3.12/site-packages/airflow/example_dags/example_branch_python_dop_operator_3.py
[2024-12-21T21:11:21.703+0000] {processor.py:925} INFO - DAG(s) 'example_branch_dop_operator_v3' retrieved from /home/airflow/.local/lib/python3.12/site-packages/airflow/example_dags/example_branch_python_dop_operator_3.py
[2024-12-21T21:11:21.952+0000] {logging_mixin.py:190} INFO - [2024-12-21T21:11:21.951+0000] {override.py:1911} INFO - Created Permission View: can delete on DAG:example_branch_dop_operator_v3
[2024-12-21T21:11:21.975+0000] {logging_mixin.py:190} INFO - [2024-12-21T21:11:21.974+0000] {override.py:1911} INFO - Created Permission View: can edit on DAG:example_branch_dop_operator_v3
[2024-12-21T21:11:21.991+0000] {logging_mixin.py:190} INFO - [2024-12-21T21:11:21.990+0000] {override.py:1911} INFO - Created Permission View: can read on DAG:example_branch_dop_operator_v3
[2024-12-21T21:11:22.007+0000] {logging_mixin.py:190} INFO - [2024-12-21T21:11:22.007+0000] {override.py:1911} INFO - Created Permission View: can delete on DAG Run:example_branch_dop_operator_v3
[2024-12-21T21:11:22.023+0000] {logging_mixin.py:190} INFO - [2024-12-21T21:11:22.022+0000] {override.py:1911} INFO - Created Permission View: can read on DAG Run:example_branch_dop_operator_v3
[2024-12-21T21:11:22.041+0000] {logging_mixin.py:190} INFO - [2024-12-21T21:11:22.040+0000] {override.py:1911} INFO - Created Permission View: can create on DAG Run:example_branch_dop_operator_v3
[2024-12-21T21:11:22.058+0000] {logging_mixin.py:190} INFO - [2024-12-21T21:11:22.057+0000] {override.py:1911} INFO - Created Permission View: menu access on DAG Run:example_branch_dop_operator_v3
[2024-12-21T21:11:22.059+0000] {logging_mixin.py:190} INFO - [2024-12-21T21:11:22.058+0000] {dag.py:3239} INFO - Sync 1 DAGs
[2024-12-21T21:11:22.086+0000] {logging_mixin.py:190} INFO - [2024-12-21T21:11:22.086+0000] {dag.py:3262} INFO - Creating ORM DAG for example_branch_dop_operator_v3
[2024-12-21T21:11:22.119+0000] {logging_mixin.py:190} INFO - [2024-12-21T21:11:22.118+0000] {dag.py:4180} INFO - Setting next_dagrun for example_branch_dop_operator_v3 to 2024-12-21 21:10:00+00:00, run_after=2024-12-21 21:11:00+00:00
[2024-12-21T21:11:22.154+0000] {processor.py:208} INFO - Processing /home/airflow/.local/lib/python3.12/site-packages/airflow/example_dags/example_branch_python_dop_operator_3.py took 0.496 seconds
[2024-12-21T21:11:52.457+0000] {processor.py:186} INFO - Started process (PID=650) to work on /home/airflow/.local/lib/python3.12/site-packages/airflow/example_dags/example_branch_python_dop_operator_3.py
[2024-12-21T21:11:52.459+0000] {processor.py:914} INFO - Processing file /home/airflow/.local/lib/python3.12/site-packages/airflow/example_dags/example_branch_python_dop_operator_3.py for tasks to queue
[2024-12-21T21:11:52.464+0000] {logging_mixin.py:190} INFO - [2024-12-21T21:11:52.463+0000] {dagbag.py:588} INFO - Filling up the DagBag from /home/airflow/.local/lib/python3.12/site-packages/airflow/example_dags/example_branch_python_dop_operator_3.py
[2024-12-21T21:11:52.486+0000] {processor.py:925} INFO - DAG(s) 'example_branch_dop_operator_v3' retrieved from /home/airflow/.local/lib/python3.12/site-packages/airflow/example_dags/example_branch_python_dop_operator_3.py
[2024-12-21T21:11:52.525+0000] {logging_mixin.py:190} INFO - [2024-12-21T21:11:52.524+0000] {dag.py:3239} INFO - Sync 1 DAGs
[2024-12-21T21:11:52.582+0000] {logging_mixin.py:190} INFO - [2024-12-21T21:11:52.582+0000] {dag.py:4180} INFO - Setting next_dagrun for example_branch_dop_operator_v3 to 2024-12-21 21:10:00+00:00, run_after=2024-12-21 21:11:00+00:00
[2024-12-21T21:11:52.622+0000] {processor.py:208} INFO - Processing /home/airflow/.local/lib/python3.12/site-packages/airflow/example_dags/example_branch_python_dop_operator_3.py took 0.178 seconds
[2024-12-21T21:12:23.476+0000] {processor.py:186} INFO - Started process (PID=944) to work on /home/airflow/.local/lib/python3.12/site-packages/airflow/example_dags/example_branch_python_dop_operator_3.py
[2024-12-21T21:12:23.477+0000] {processor.py:914} INFO - Processing file /home/airflow/.local/lib/python3.12/site-packages/airflow/example_dags/example_branch_python_dop_operator_3.py for tasks to queue
[2024-12-21T21:12:23.483+0000] {logging_mixin.py:190} INFO - [2024-12-21T21:12:23.482+0000] {dagbag.py:588} INFO - Filling up the DagBag from /home/airflow/.local/lib/python3.12/site-packages/airflow/example_dags/example_branch_python_dop_operator_3.py
[2024-12-21T21:12:23.504+0000] {processor.py:925} INFO - DAG(s) 'example_branch_dop_operator_v3' retrieved from /home/airflow/.local/lib/python3.12/site-packages/airflow/example_dags/example_branch_python_dop_operator_3.py
[2024-12-21T21:12:23.547+0000] {logging_mixin.py:190} INFO - [2024-12-21T21:12:23.546+0000] {dag.py:3239} INFO - Sync 1 DAGs
[2024-12-21T21:12:23.607+0000] {logging_mixin.py:190} INFO - [2024-12-21T21:12:23.607+0000] {dag.py:4180} INFO - Setting next_dagrun for example_branch_dop_operator_v3 to 2024-12-21 21:11:00+00:00, run_after=2024-12-21 21:12:00+00:00
[2024-12-21T21:12:23.648+0000] {processor.py:208} INFO - Processing /home/airflow/.local/lib/python3.12/site-packages/airflow/example_dags/example_branch_python_dop_operator_3.py took 0.183 seconds
[2024-12-21T21:12:54.152+0000] {processor.py:186} INFO - Started process (PID=1240) to work on /home/airflow/.local/lib/python3.12/site-packages/airflow/example_dags/example_branch_python_dop_operator_3.py
[2024-12-21T21:12:54.154+0000] {processor.py:914} INFO - Processing file /home/airflow/.local/lib/python3.12/site-packages/airflow/example_dags/example_branch_python_dop_operator_3.py for tasks to queue
[2024-12-21T21:12:54.158+0000] {logging_mixin.py:190} INFO - [2024-12-21T21:12:54.157+0000] {dagbag.py:588} INFO - Filling up the DagBag from /home/airflow/.local/lib/python3.12/site-packages/airflow/example_dags/example_branch_python_dop_operator_3.py
[2024-12-21T21:12:54.184+0000] {processor.py:925} INFO - DAG(s) 'example_branch_dop_operator_v3' retrieved from /home/airflow/.local/lib/python3.12/site-packages/airflow/example_dags/example_branch_python_dop_operator_3.py
[2024-12-21T21:12:54.223+0000] {logging_mixin.py:190} INFO - [2024-12-21T21:12:54.222+0000] {dag.py:3239} INFO - Sync 1 DAGs
[2024-12-21T21:12:54.272+0000] {logging_mixin.py:190} INFO - [2024-12-21T21:12:54.272+0000] {dag.py:4180} INFO - Setting next_dagrun for example_branch_dop_operator_v3 to 2024-12-21 21:11:00+00:00, run_after=2024-12-21 21:12:00+00:00
[2024-12-21T21:12:54.310+0000] {processor.py:208} INFO - Processing /home/airflow/.local/lib/python3.12/site-packages/airflow/example_dags/example_branch_python_dop_operator_3.py took 0.169 seconds
[2024-12-21T21:13:25.662+0000] {processor.py:186} INFO - Started process (PID=1539) to work on /home/airflow/.local/lib/python3.12/site-packages/airflow/example_dags/example_branch_python_dop_operator_3.py
[2024-12-21T21:13:25.665+0000] {processor.py:914} INFO - Processing file /home/airflow/.local/lib/python3.12/site-packages/airflow/example_dags/example_branch_python_dop_operator_3.py for tasks to queue
[2024-12-21T21:13:25.670+0000] {logging_mixin.py:190} INFO - [2024-12-21T21:13:25.669+0000] {dagbag.py:588} INFO - Filling up the DagBag from /home/airflow/.local/lib/python3.12/site-packages/airflow/example_dags/example_branch_python_dop_operator_3.py
[2024-12-21T21:13:25.695+0000] {processor.py:925} INFO - DAG(s) 'example_branch_dop_operator_v3' retrieved from /home/airflow/.local/lib/python3.12/site-packages/airflow/example_dags/example_branch_python_dop_operator_3.py
[2024-12-21T21:13:25.737+0000] {logging_mixin.py:190} INFO - [2024-12-21T21:13:25.736+0000] {dag.py:3239} INFO - Sync 1 DAGs
[2024-12-21T21:13:25.788+0000] {logging_mixin.py:190} INFO - [2024-12-21T21:13:25.788+0000] {dag.py:4180} INFO - Setting next_dagrun for example_branch_dop_operator_v3 to 2024-12-21 21:12:00+00:00, run_after=2024-12-21 21:13:00+00:00
[2024-12-21T21:13:25.827+0000] {processor.py:208} INFO - Processing /home/airflow/.local/lib/python3.12/site-packages/airflow/example_dags/example_branch_python_dop_operator_3.py took 0.177 seconds
[2024-12-21T21:13:56.414+0000] {processor.py:186} INFO - Started process (PID=1833) to work on /home/airflow/.local/lib/python3.12/site-packages/airflow/example_dags/example_branch_python_dop_operator_3.py
[2024-12-21T21:13:56.416+0000] {processor.py:914} INFO - Processing file /home/airflow/.local/lib/python3.12/site-packages/airflow/example_dags/example_branch_python_dop_operator_3.py for tasks to queue
[2024-12-21T21:13:56.421+0000] {logging_mixin.py:190} INFO - [2024-12-21T21:13:56.420+0000] {dagbag.py:588} INFO - Filling up the DagBag from /home/airflow/.local/lib/python3.12/site-packages/airflow/example_dags/example_branch_python_dop_operator_3.py
[2024-12-21T21:13:56.446+0000] {processor.py:925} INFO - DAG(s) 'example_branch_dop_operator_v3' retrieved from /home/airflow/.local/lib/python3.12/site-packages/airflow/example_dags/example_branch_python_dop_operator_3.py
[2024-12-21T21:13:56.488+0000] {logging_mixin.py:190} INFO - [2024-12-21T21:13:56.487+0000] {dag.py:3239} INFO - Sync 1 DAGs
[2024-12-21T21:13:56.544+0000] {logging_mixin.py:190} INFO - [2024-12-21T21:13:56.544+0000] {dag.py:4180} INFO - Setting next_dagrun for example_branch_dop_operator_v3 to 2024-12-21 21:12:00+00:00, run_after=2024-12-21 21:13:00+00:00
[2024-12-21T21:13:56.585+0000] {processor.py:208} INFO - Processing /home/airflow/.local/lib/python3.12/site-packages/airflow/example_dags/example_branch_python_dop_operator_3.py took 0.182 seconds
[2024-12-21T21:14:27.451+0000] {processor.py:186} INFO - Started process (PID=2126) to work on /home/airflow/.local/lib/python3.12/site-packages/airflow/example_dags/example_branch_python_dop_operator_3.py
[2024-12-21T21:14:27.453+0000] {processor.py:914} INFO - Processing file /home/airflow/.local/lib/python3.12/site-packages/airflow/example_dags/example_branch_python_dop_operator_3.py for tasks to queue
[2024-12-21T21:14:27.458+0000] {logging_mixin.py:190} INFO - [2024-12-21T21:14:27.457+0000] {dagbag.py:588} INFO - Filling up the DagBag from /home/airflow/.local/lib/python3.12/site-packages/airflow/example_dags/example_branch_python_dop_operator_3.py
[2024-12-21T21:14:27.478+0000] {processor.py:925} INFO - DAG(s) 'example_branch_dop_operator_v3' retrieved from /home/airflow/.local/lib/python3.12/site-packages/airflow/example_dags/example_branch_python_dop_operator_3.py
[2024-12-21T21:14:27.518+0000] {logging_mixin.py:190} INFO - [2024-12-21T21:14:27.518+0000] {dag.py:3239} INFO - Sync 1 DAGs
[2024-12-21T21:14:27.606+0000] {logging_mixin.py:190} INFO - [2024-12-21T21:14:27.604+0000] {dag.py:4180} INFO - Setting next_dagrun for example_branch_dop_operator_v3 to 2024-12-21 21:13:00+00:00, run_after=2024-12-21 21:14:00+00:00
[2024-12-21T21:14:27.693+0000] {processor.py:208} INFO - Processing /home/airflow/.local/lib/python3.12/site-packages/airflow/example_dags/example_branch_python_dop_operator_3.py took 0.253 seconds
[2024-12-21T21:14:57.829+0000] {processor.py:186} INFO - Started process (PID=2420) to work on /home/airflow/.local/lib/python3.12/site-packages/airflow/example_dags/example_branch_python_dop_operator_3.py
[2024-12-21T21:14:57.831+0000] {processor.py:914} INFO - Processing file /home/airflow/.local/lib/python3.12/site-packages/airflow/example_dags/example_branch_python_dop_operator_3.py for tasks to queue
[2024-12-21T21:14:57.836+0000] {logging_mixin.py:190} INFO - [2024-12-21T21:14:57.836+0000] {dagbag.py:588} INFO - Filling up the DagBag from /home/airflow/.local/lib/python3.12/site-packages/airflow/example_dags/example_branch_python_dop_operator_3.py
[2024-12-21T21:14:57.858+0000] {processor.py:925} INFO - DAG(s) 'example_branch_dop_operator_v3' retrieved from /home/airflow/.local/lib/python3.12/site-packages/airflow/example_dags/example_branch_python_dop_operator_3.py
[2024-12-21T21:14:57.899+0000] {logging_mixin.py:190} INFO - [2024-12-21T21:14:57.899+0000] {dag.py:3239} INFO - Sync 1 DAGs
[2024-12-21T21:14:57.957+0000] {logging_mixin.py:190} INFO - [2024-12-21T21:14:57.956+0000] {dag.py:4180} INFO - Setting next_dagrun for example_branch_dop_operator_v3 to 2024-12-21 21:13:00+00:00, run_after=2024-12-21 21:14:00+00:00
[2024-12-21T21:14:58.022+0000] {processor.py:208} INFO - Processing /home/airflow/.local/lib/python3.12/site-packages/airflow/example_dags/example_branch_python_dop_operator_3.py took 0.208 seconds
[2024-12-21T21:15:28.199+0000] {processor.py:186} INFO - Started process (PID=2713) to work on /home/airflow/.local/lib/python3.12/site-packages/airflow/example_dags/example_branch_python_dop_operator_3.py
[2024-12-21T21:15:28.201+0000] {processor.py:914} INFO - Processing file /home/airflow/.local/lib/python3.12/site-packages/airflow/example_dags/example_branch_python_dop_operator_3.py for tasks to queue
[2024-12-21T21:15:28.206+0000] {logging_mixin.py:190} INFO - [2024-12-21T21:15:28.205+0000] {dagbag.py:588} INFO - Filling up the DagBag from /home/airflow/.local/lib/python3.12/site-packages/airflow/example_dags/example_branch_python_dop_operator_3.py
[2024-12-21T21:15:28.226+0000] {processor.py:925} INFO - DAG(s) 'example_branch_dop_operator_v3' retrieved from /home/airflow/.local/lib/python3.12/site-packages/airflow/example_dags/example_branch_python_dop_operator_3.py
[2024-12-21T21:15:28.281+0000] {logging_mixin.py:190} INFO - [2024-12-21T21:15:28.281+0000] {dag.py:3239} INFO - Sync 1 DAGs
[2024-12-21T21:15:28.334+0000] {logging_mixin.py:190} INFO - [2024-12-21T21:15:28.334+0000] {dag.py:4180} INFO - Setting next_dagrun for example_branch_dop_operator_v3 to 2024-12-21 21:14:00+00:00, run_after=2024-12-21 21:15:00+00:00
[2024-12-21T21:15:28.400+0000] {processor.py:208} INFO - Processing /home/airflow/.local/lib/python3.12/site-packages/airflow/example_dags/example_branch_python_dop_operator_3.py took 0.212 seconds
[2024-12-21T21:15:58.684+0000] {processor.py:186} INFO - Started process (PID=3007) to work on /home/airflow/.local/lib/python3.12/site-packages/airflow/example_dags/example_branch_python_dop_operator_3.py
[2024-12-21T21:15:58.688+0000] {processor.py:914} INFO - Processing file /home/airflow/.local/lib/python3.12/site-packages/airflow/example_dags/example_branch_python_dop_operator_3.py for tasks to queue
[2024-12-21T21:15:58.699+0000] {logging_mixin.py:190} INFO - [2024-12-21T21:15:58.697+0000] {dagbag.py:588} INFO - Filling up the DagBag from /home/airflow/.local/lib/python3.12/site-packages/airflow/example_dags/example_branch_python_dop_operator_3.py
[2024-12-21T21:15:58.746+0000] {processor.py:925} INFO - DAG(s) 'example_branch_dop_operator_v3' retrieved from /home/airflow/.local/lib/python3.12/site-packages/airflow/example_dags/example_branch_python_dop_operator_3.py
[2024-12-21T21:15:58.829+0000] {logging_mixin.py:190} INFO - [2024-12-21T21:15:58.828+0000] {dag.py:3239} INFO - Sync 1 DAGs
[2024-12-21T21:15:58.945+0000] {logging_mixin.py:190} INFO - [2024-12-21T21:15:58.944+0000] {dag.py:4180} INFO - Setting next_dagrun for example_branch_dop_operator_v3 to 2024-12-21 21:14:00+00:00, run_after=2024-12-21 21:15:00+00:00
[2024-12-21T21:15:59.007+0000] {processor.py:208} INFO - Processing /home/airflow/.local/lib/python3.12/site-packages/airflow/example_dags/example_branch_python_dop_operator_3.py took 0.348 seconds
[2024-12-21T21:16:29.424+0000] {processor.py:186} INFO - Started process (PID=3302) to work on /home/airflow/.local/lib/python3.12/site-packages/airflow/example_dags/example_branch_python_dop_operator_3.py
[2024-12-21T21:16:29.426+0000] {processor.py:914} INFO - Processing file /home/airflow/.local/lib/python3.12/site-packages/airflow/example_dags/example_branch_python_dop_operator_3.py for tasks to queue
[2024-12-21T21:16:29.432+0000] {logging_mixin.py:190} INFO - [2024-12-21T21:16:29.431+0000] {dagbag.py:588} INFO - Filling up the DagBag from /home/airflow/.local/lib/python3.12/site-packages/airflow/example_dags/example_branch_python_dop_operator_3.py
[2024-12-21T21:16:29.462+0000] {processor.py:925} INFO - DAG(s) 'example_branch_dop_operator_v3' retrieved from /home/airflow/.local/lib/python3.12/site-packages/airflow/example_dags/example_branch_python_dop_operator_3.py
[2024-12-21T21:16:29.516+0000] {logging_mixin.py:190} INFO - [2024-12-21T21:16:29.516+0000] {dag.py:3239} INFO - Sync 1 DAGs
[2024-12-21T21:16:29.584+0000] {logging_mixin.py:190} INFO - [2024-12-21T21:16:29.584+0000] {dag.py:4180} INFO - Setting next_dagrun for example_branch_dop_operator_v3 to 2024-12-21 21:15:00+00:00, run_after=2024-12-21 21:16:00+00:00
[2024-12-21T21:16:29.629+0000] {processor.py:208} INFO - Processing /home/airflow/.local/lib/python3.12/site-packages/airflow/example_dags/example_branch_python_dop_operator_3.py took 0.222 seconds
[2024-12-21T21:17:00.204+0000] {processor.py:186} INFO - Started process (PID=3598) to work on /home/airflow/.local/lib/python3.12/site-packages/airflow/example_dags/example_branch_python_dop_operator_3.py
[2024-12-21T21:17:00.207+0000] {processor.py:914} INFO - Processing file /home/airflow/.local/lib/python3.12/site-packages/airflow/example_dags/example_branch_python_dop_operator_3.py for tasks to queue
[2024-12-21T21:17:00.213+0000] {logging_mixin.py:190} INFO - [2024-12-21T21:17:00.212+0000] {dagbag.py:588} INFO - Filling up the DagBag from /home/airflow/.local/lib/python3.12/site-packages/airflow/example_dags/example_branch_python_dop_operator_3.py
[2024-12-21T21:17:00.245+0000] {processor.py:925} INFO - DAG(s) 'example_branch_dop_operator_v3' retrieved from /home/airflow/.local/lib/python3.12/site-packages/airflow/example_dags/example_branch_python_dop_operator_3.py
[2024-12-21T21:17:00.309+0000] {logging_mixin.py:190} INFO - [2024-12-21T21:17:00.308+0000] {dag.py:3239} INFO - Sync 1 DAGs
[2024-12-21T21:17:00.403+0000] {logging_mixin.py:190} INFO - [2024-12-21T21:17:00.402+0000] {dag.py:4180} INFO - Setting next_dagrun for example_branch_dop_operator_v3 to 2024-12-21 21:16:00+00:00, run_after=2024-12-21 21:17:00+00:00
[2024-12-21T21:17:00.461+0000] {processor.py:208} INFO - Processing /home/airflow/.local/lib/python3.12/site-packages/airflow/example_dags/example_branch_python_dop_operator_3.py took 0.275 seconds
[2024-12-21T21:17:30.911+0000] {processor.py:186} INFO - Started process (PID=3894) to work on /home/airflow/.local/lib/python3.12/site-packages/airflow/example_dags/example_branch_python_dop_operator_3.py
[2024-12-21T21:17:30.912+0000] {processor.py:914} INFO - Processing file /home/airflow/.local/lib/python3.12/site-packages/airflow/example_dags/example_branch_python_dop_operator_3.py for tasks to queue
[2024-12-21T21:17:30.916+0000] {logging_mixin.py:190} INFO - [2024-12-21T21:17:30.916+0000] {dagbag.py:588} INFO - Filling up the DagBag from /home/airflow/.local/lib/python3.12/site-packages/airflow/example_dags/example_branch_python_dop_operator_3.py
[2024-12-21T21:17:30.937+0000] {processor.py:925} INFO - DAG(s) 'example_branch_dop_operator_v3' retrieved from /home/airflow/.local/lib/python3.12/site-packages/airflow/example_dags/example_branch_python_dop_operator_3.py
[2024-12-21T21:17:30.977+0000] {logging_mixin.py:190} INFO - [2024-12-21T21:17:30.977+0000] {dag.py:3239} INFO - Sync 1 DAGs
[2024-12-21T21:17:31.038+0000] {logging_mixin.py:190} INFO - [2024-12-21T21:17:31.037+0000] {dag.py:4180} INFO - Setting next_dagrun for example_branch_dop_operator_v3 to 2024-12-21 21:16:00+00:00, run_after=2024-12-21 21:17:00+00:00
[2024-12-21T21:17:31.079+0000] {processor.py:208} INFO - Processing /home/airflow/.local/lib/python3.12/site-packages/airflow/example_dags/example_branch_python_dop_operator_3.py took 0.182 seconds
[2024-12-21T21:18:01.798+0000] {processor.py:186} INFO - Started process (PID=4192) to work on /home/airflow/.local/lib/python3.12/site-packages/airflow/example_dags/example_branch_python_dop_operator_3.py
[2024-12-21T21:18:01.801+0000] {processor.py:914} INFO - Processing file /home/airflow/.local/lib/python3.12/site-packages/airflow/example_dags/example_branch_python_dop_operator_3.py for tasks to queue
[2024-12-21T21:18:01.809+0000] {logging_mixin.py:190} INFO - [2024-12-21T21:18:01.808+0000] {dagbag.py:588} INFO - Filling up the DagBag from /home/airflow/.local/lib/python3.12/site-packages/airflow/example_dags/example_branch_python_dop_operator_3.py
[2024-12-21T21:18:01.842+0000] {processor.py:925} INFO - DAG(s) 'example_branch_dop_operator_v3' retrieved from /home/airflow/.local/lib/python3.12/site-packages/airflow/example_dags/example_branch_python_dop_operator_3.py
[2024-12-21T21:18:01.905+0000] {logging_mixin.py:190} INFO - [2024-12-21T21:18:01.904+0000] {dag.py:3239} INFO - Sync 1 DAGs
[2024-12-21T21:18:01.993+0000] {logging_mixin.py:190} INFO - [2024-12-21T21:18:01.992+0000] {dag.py:4180} INFO - Setting next_dagrun for example_branch_dop_operator_v3 to 2024-12-21 21:17:00+00:00, run_after=2024-12-21 21:18:00+00:00
[2024-12-21T21:18:02.057+0000] {processor.py:208} INFO - Processing /home/airflow/.local/lib/python3.12/site-packages/airflow/example_dags/example_branch_python_dop_operator_3.py took 0.276 seconds
[2024-12-21T21:18:32.462+0000] {processor.py:186} INFO - Started process (PID=4488) to work on /home/airflow/.local/lib/python3.12/site-packages/airflow/example_dags/example_branch_python_dop_operator_3.py
[2024-12-21T21:18:32.465+0000] {processor.py:914} INFO - Processing file /home/airflow/.local/lib/python3.12/site-packages/airflow/example_dags/example_branch_python_dop_operator_3.py for tasks to queue
[2024-12-21T21:18:32.470+0000] {logging_mixin.py:190} INFO - [2024-12-21T21:18:32.470+0000] {dagbag.py:588} INFO - Filling up the DagBag from /home/airflow/.local/lib/python3.12/site-packages/airflow/example_dags/example_branch_python_dop_operator_3.py
[2024-12-21T21:18:32.514+0000] {processor.py:925} INFO - DAG(s) 'example_branch_dop_operator_v3' retrieved from /home/airflow/.local/lib/python3.12/site-packages/airflow/example_dags/example_branch_python_dop_operator_3.py
[2024-12-21T21:18:32.566+0000] {logging_mixin.py:190} INFO - [2024-12-21T21:18:32.565+0000] {dag.py:3239} INFO - Sync 1 DAGs
[2024-12-21T21:18:32.632+0000] {logging_mixin.py:190} INFO - [2024-12-21T21:18:32.632+0000] {dag.py:4180} INFO - Setting next_dagrun for example_branch_dop_operator_v3 to 2024-12-21 21:17:00+00:00, run_after=2024-12-21 21:18:00+00:00
[2024-12-21T21:18:32.701+0000] {processor.py:208} INFO - Processing /home/airflow/.local/lib/python3.12/site-packages/airflow/example_dags/example_branch_python_dop_operator_3.py took 0.254 seconds
[2024-12-21T21:19:03.525+0000] {processor.py:186} INFO - Started process (PID=4782) to work on /home/airflow/.local/lib/python3.12/site-packages/airflow/example_dags/example_branch_python_dop_operator_3.py
[2024-12-21T21:19:03.527+0000] {processor.py:914} INFO - Processing file /home/airflow/.local/lib/python3.12/site-packages/airflow/example_dags/example_branch_python_dop_operator_3.py for tasks to queue
[2024-12-21T21:19:03.533+0000] {logging_mixin.py:190} INFO - [2024-12-21T21:19:03.532+0000] {dagbag.py:588} INFO - Filling up the DagBag from /home/airflow/.local/lib/python3.12/site-packages/airflow/example_dags/example_branch_python_dop_operator_3.py
[2024-12-21T21:19:03.553+0000] {processor.py:925} INFO - DAG(s) 'example_branch_dop_operator_v3' retrieved from /home/airflow/.local/lib/python3.12/site-packages/airflow/example_dags/example_branch_python_dop_operator_3.py
[2024-12-21T21:19:03.594+0000] {logging_mixin.py:190} INFO - [2024-12-21T21:19:03.594+0000] {dag.py:3239} INFO - Sync 1 DAGs
[2024-12-21T21:19:03.658+0000] {logging_mixin.py:190} INFO - [2024-12-21T21:19:03.657+0000] {dag.py:4180} INFO - Setting next_dagrun for example_branch_dop_operator_v3 to 2024-12-21 21:18:00+00:00, run_after=2024-12-21 21:19:00+00:00
[2024-12-21T21:19:03.701+0000] {processor.py:208} INFO - Processing /home/airflow/.local/lib/python3.12/site-packages/airflow/example_dags/example_branch_python_dop_operator_3.py took 0.190 seconds
[2024-12-21T21:19:33.905+0000] {processor.py:186} INFO - Started process (PID=5078) to work on /home/airflow/.local/lib/python3.12/site-packages/airflow/example_dags/example_branch_python_dop_operator_3.py
[2024-12-21T21:19:33.907+0000] {processor.py:914} INFO - Processing file /home/airflow/.local/lib/python3.12/site-packages/airflow/example_dags/example_branch_python_dop_operator_3.py for tasks to queue
[2024-12-21T21:19:33.911+0000] {logging_mixin.py:190} INFO - [2024-12-21T21:19:33.911+0000] {dagbag.py:588} INFO - Filling up the DagBag from /home/airflow/.local/lib/python3.12/site-packages/airflow/example_dags/example_branch_python_dop_operator_3.py
[2024-12-21T21:19:33.937+0000] {processor.py:925} INFO - DAG(s) 'example_branch_dop_operator_v3' retrieved from /home/airflow/.local/lib/python3.12/site-packages/airflow/example_dags/example_branch_python_dop_operator_3.py
[2024-12-21T21:19:33.982+0000] {logging_mixin.py:190} INFO - [2024-12-21T21:19:33.981+0000] {dag.py:3239} INFO - Sync 1 DAGs
[2024-12-21T21:19:34.044+0000] {logging_mixin.py:190} INFO - [2024-12-21T21:19:34.044+0000] {dag.py:4180} INFO - Setting next_dagrun for example_branch_dop_operator_v3 to 2024-12-21 21:18:00+00:00, run_after=2024-12-21 21:19:00+00:00
[2024-12-21T21:19:34.092+0000] {processor.py:208} INFO - Processing /home/airflow/.local/lib/python3.12/site-packages/airflow/example_dags/example_branch_python_dop_operator_3.py took 0.200 seconds
[2024-12-21T21:20:04.811+0000] {processor.py:186} INFO - Started process (PID=5373) to work on /home/airflow/.local/lib/python3.12/site-packages/airflow/example_dags/example_branch_python_dop_operator_3.py
[2024-12-21T21:20:04.813+0000] {processor.py:914} INFO - Processing file /home/airflow/.local/lib/python3.12/site-packages/airflow/example_dags/example_branch_python_dop_operator_3.py for tasks to queue
[2024-12-21T21:20:04.818+0000] {logging_mixin.py:190} INFO - [2024-12-21T21:20:04.817+0000] {dagbag.py:588} INFO - Filling up the DagBag from /home/airflow/.local/lib/python3.12/site-packages/airflow/example_dags/example_branch_python_dop_operator_3.py
[2024-12-21T21:20:04.838+0000] {processor.py:925} INFO - DAG(s) 'example_branch_dop_operator_v3' retrieved from /home/airflow/.local/lib/python3.12/site-packages/airflow/example_dags/example_branch_python_dop_operator_3.py
[2024-12-21T21:20:04.881+0000] {logging_mixin.py:190} INFO - [2024-12-21T21:20:04.881+0000] {dag.py:3239} INFO - Sync 1 DAGs
[2024-12-21T21:20:04.947+0000] {logging_mixin.py:190} INFO - [2024-12-21T21:20:04.946+0000] {dag.py:4180} INFO - Setting next_dagrun for example_branch_dop_operator_v3 to 2024-12-21 21:19:00+00:00, run_after=2024-12-21 21:20:00+00:00
[2024-12-21T21:20:04.995+0000] {processor.py:208} INFO - Processing /home/airflow/.local/lib/python3.12/site-packages/airflow/example_dags/example_branch_python_dop_operator_3.py took 0.200 seconds
[2024-12-21T21:20:36.327+0000] {processor.py:186} INFO - Started process (PID=5671) to work on /home/airflow/.local/lib/python3.12/site-packages/airflow/example_dags/example_branch_python_dop_operator_3.py
[2024-12-21T21:20:36.329+0000] {processor.py:914} INFO - Processing file /home/airflow/.local/lib/python3.12/site-packages/airflow/example_dags/example_branch_python_dop_operator_3.py for tasks to queue
[2024-12-21T21:20:36.335+0000] {logging_mixin.py:190} INFO - [2024-12-21T21:20:36.334+0000] {dagbag.py:588} INFO - Filling up the DagBag from /home/airflow/.local/lib/python3.12/site-packages/airflow/example_dags/example_branch_python_dop_operator_3.py
[2024-12-21T21:20:36.360+0000] {processor.py:925} INFO - DAG(s) 'example_branch_dop_operator_v3' retrieved from /home/airflow/.local/lib/python3.12/site-packages/airflow/example_dags/example_branch_python_dop_operator_3.py
[2024-12-21T21:20:36.406+0000] {logging_mixin.py:190} INFO - [2024-12-21T21:20:36.406+0000] {dag.py:3239} INFO - Sync 1 DAGs
[2024-12-21T21:20:36.468+0000] {logging_mixin.py:190} INFO - [2024-12-21T21:20:36.467+0000] {dag.py:4180} INFO - Setting next_dagrun for example_branch_dop_operator_v3 to 2024-12-21 21:19:00+00:00, run_after=2024-12-21 21:20:00+00:00
[2024-12-21T21:20:36.518+0000] {processor.py:208} INFO - Processing /home/airflow/.local/lib/python3.12/site-packages/airflow/example_dags/example_branch_python_dop_operator_3.py took 0.205 seconds
[2024-12-21T21:21:07.332+0000] {processor.py:186} INFO - Started process (PID=5968) to work on /home/airflow/.local/lib/python3.12/site-packages/airflow/example_dags/example_branch_python_dop_operator_3.py
[2024-12-21T21:21:07.335+0000] {processor.py:914} INFO - Processing file /home/airflow/.local/lib/python3.12/site-packages/airflow/example_dags/example_branch_python_dop_operator_3.py for tasks to queue
[2024-12-21T21:21:07.339+0000] {logging_mixin.py:190} INFO - [2024-12-21T21:21:07.339+0000] {dagbag.py:588} INFO - Filling up the DagBag from /home/airflow/.local/lib/python3.12/site-packages/airflow/example_dags/example_branch_python_dop_operator_3.py
[2024-12-21T21:21:07.361+0000] {processor.py:925} INFO - DAG(s) 'example_branch_dop_operator_v3' retrieved from /home/airflow/.local/lib/python3.12/site-packages/airflow/example_dags/example_branch_python_dop_operator_3.py
[2024-12-21T21:21:07.409+0000] {logging_mixin.py:190} INFO - [2024-12-21T21:21:07.408+0000] {dag.py:3239} INFO - Sync 1 DAGs
[2024-12-21T21:21:07.474+0000] {logging_mixin.py:190} INFO - [2024-12-21T21:21:07.473+0000] {dag.py:4180} INFO - Setting next_dagrun for example_branch_dop_operator_v3 to 2024-12-21 21:20:00+00:00, run_after=2024-12-21 21:21:00+00:00
[2024-12-21T21:21:07.542+0000] {processor.py:208} INFO - Processing /home/airflow/.local/lib/python3.12/site-packages/airflow/example_dags/example_branch_python_dop_operator_3.py took 0.222 seconds
[2024-12-21T21:21:39.162+0000] {processor.py:186} INFO - Started process (PID=6264) to work on /home/airflow/.local/lib/python3.12/site-packages/airflow/example_dags/example_branch_python_dop_operator_3.py
[2024-12-21T21:21:39.164+0000] {processor.py:914} INFO - Processing file /home/airflow/.local/lib/python3.12/site-packages/airflow/example_dags/example_branch_python_dop_operator_3.py for tasks to queue
[2024-12-21T21:21:39.170+0000] {logging_mixin.py:190} INFO - [2024-12-21T21:21:39.169+0000] {dagbag.py:588} INFO - Filling up the DagBag from /home/airflow/.local/lib/python3.12/site-packages/airflow/example_dags/example_branch_python_dop_operator_3.py
[2024-12-21T21:21:39.194+0000] {processor.py:925} INFO - DAG(s) 'example_branch_dop_operator_v3' retrieved from /home/airflow/.local/lib/python3.12/site-packages/airflow/example_dags/example_branch_python_dop_operator_3.py
[2024-12-21T21:21:39.250+0000] {logging_mixin.py:190} INFO - [2024-12-21T21:21:39.249+0000] {dag.py:3239} INFO - Sync 1 DAGs
[2024-12-21T21:21:39.333+0000] {logging_mixin.py:190} INFO - [2024-12-21T21:21:39.333+0000] {dag.py:4180} INFO - Setting next_dagrun for example_branch_dop_operator_v3 to 2024-12-21 21:20:00+00:00, run_after=2024-12-21 21:21:00+00:00
[2024-12-21T21:21:39.379+0000] {processor.py:208} INFO - Processing /home/airflow/.local/lib/python3.12/site-packages/airflow/example_dags/example_branch_python_dop_operator_3.py took 0.231 seconds
[2024-12-21T21:22:10.181+0000] {processor.py:186} INFO - Started process (PID=6558) to work on /home/airflow/.local/lib/python3.12/site-packages/airflow/example_dags/example_branch_python_dop_operator_3.py
[2024-12-21T21:22:10.183+0000] {processor.py:914} INFO - Processing file /home/airflow/.local/lib/python3.12/site-packages/airflow/example_dags/example_branch_python_dop_operator_3.py for tasks to queue
[2024-12-21T21:22:10.188+0000] {logging_mixin.py:190} INFO - [2024-12-21T21:22:10.187+0000] {dagbag.py:588} INFO - Filling up the DagBag from /home/airflow/.local/lib/python3.12/site-packages/airflow/example_dags/example_branch_python_dop_operator_3.py
[2024-12-21T21:22:10.207+0000] {processor.py:925} INFO - DAG(s) 'example_branch_dop_operator_v3' retrieved from /home/airflow/.local/lib/python3.12/site-packages/airflow/example_dags/example_branch_python_dop_operator_3.py
[2024-12-21T21:22:10.249+0000] {logging_mixin.py:190} INFO - [2024-12-21T21:22:10.249+0000] {dag.py:3239} INFO - Sync 1 DAGs
[2024-12-21T21:22:10.303+0000] {logging_mixin.py:190} INFO - [2024-12-21T21:22:10.302+0000] {dag.py:4180} INFO - Setting next_dagrun for example_branch_dop_operator_v3 to 2024-12-21 21:21:00+00:00, run_after=2024-12-21 21:22:00+00:00
[2024-12-21T21:22:10.366+0000] {processor.py:208} INFO - Processing /home/airflow/.local/lib/python3.12/site-packages/airflow/example_dags/example_branch_python_dop_operator_3.py took 0.195 seconds
[2024-12-21T21:22:40.637+0000] {processor.py:186} INFO - Started process (PID=6849) to work on /home/airflow/.local/lib/python3.12/site-packages/airflow/example_dags/example_branch_python_dop_operator_3.py
[2024-12-21T21:22:40.641+0000] {processor.py:914} INFO - Processing file /home/airflow/.local/lib/python3.12/site-packages/airflow/example_dags/example_branch_python_dop_operator_3.py for tasks to queue
[2024-12-21T21:22:40.648+0000] {logging_mixin.py:190} INFO - [2024-12-21T21:22:40.647+0000] {dagbag.py:588} INFO - Filling up the DagBag from /home/airflow/.local/lib/python3.12/site-packages/airflow/example_dags/example_branch_python_dop_operator_3.py
[2024-12-21T21:22:40.676+0000] {processor.py:925} INFO - DAG(s) 'example_branch_dop_operator_v3' retrieved from /home/airflow/.local/lib/python3.12/site-packages/airflow/example_dags/example_branch_python_dop_operator_3.py
[2024-12-21T21:22:40.721+0000] {logging_mixin.py:190} INFO - [2024-12-21T21:22:40.720+0000] {dag.py:3239} INFO - Sync 1 DAGs
[2024-12-21T21:22:40.781+0000] {logging_mixin.py:190} INFO - [2024-12-21T21:22:40.780+0000] {dag.py:4180} INFO - Setting next_dagrun for example_branch_dop_operator_v3 to 2024-12-21 21:21:00+00:00, run_after=2024-12-21 21:22:00+00:00
[2024-12-21T21:22:40.822+0000] {processor.py:208} INFO - Processing /home/airflow/.local/lib/python3.12/site-packages/airflow/example_dags/example_branch_python_dop_operator_3.py took 0.207 seconds
[2024-12-21T21:23:12.292+0000] {processor.py:186} INFO - Started process (PID=7128) to work on /home/airflow/.local/lib/python3.12/site-packages/airflow/example_dags/example_branch_python_dop_operator_3.py
[2024-12-21T21:23:12.294+0000] {processor.py:914} INFO - Processing file /home/airflow/.local/lib/python3.12/site-packages/airflow/example_dags/example_branch_python_dop_operator_3.py for tasks to queue
[2024-12-21T21:23:12.299+0000] {logging_mixin.py:190} INFO - [2024-12-21T21:23:12.298+0000] {dagbag.py:588} INFO - Filling up the DagBag from /home/airflow/.local/lib/python3.12/site-packages/airflow/example_dags/example_branch_python_dop_operator_3.py
[2024-12-21T21:23:12.322+0000] {processor.py:925} INFO - DAG(s) 'example_branch_dop_operator_v3' retrieved from /home/airflow/.local/lib/python3.12/site-packages/airflow/example_dags/example_branch_python_dop_operator_3.py
[2024-12-21T21:23:12.362+0000] {logging_mixin.py:190} INFO - [2024-12-21T21:23:12.361+0000] {dag.py:3239} INFO - Sync 1 DAGs
[2024-12-21T21:23:12.422+0000] {logging_mixin.py:190} INFO - [2024-12-21T21:23:12.421+0000] {dag.py:4180} INFO - Setting next_dagrun for example_branch_dop_operator_v3 to 2024-12-21 21:22:00+00:00, run_after=2024-12-21 21:23:00+00:00
[2024-12-21T21:23:12.521+0000] {processor.py:208} INFO - Processing /home/airflow/.local/lib/python3.12/site-packages/airflow/example_dags/example_branch_python_dop_operator_3.py took 0.242 seconds
[2024-12-21T21:23:43.052+0000] {processor.py:186} INFO - Started process (PID=7417) to work on /home/airflow/.local/lib/python3.12/site-packages/airflow/example_dags/example_branch_python_dop_operator_3.py
[2024-12-21T21:23:43.054+0000] {processor.py:914} INFO - Processing file /home/airflow/.local/lib/python3.12/site-packages/airflow/example_dags/example_branch_python_dop_operator_3.py for tasks to queue
[2024-12-21T21:23:43.058+0000] {logging_mixin.py:190} INFO - [2024-12-21T21:23:43.058+0000] {dagbag.py:588} INFO - Filling up the DagBag from /home/airflow/.local/lib/python3.12/site-packages/airflow/example_dags/example_branch_python_dop_operator_3.py
[2024-12-21T21:23:43.081+0000] {processor.py:925} INFO - DAG(s) 'example_branch_dop_operator_v3' retrieved from /home/airflow/.local/lib/python3.12/site-packages/airflow/example_dags/example_branch_python_dop_operator_3.py
[2024-12-21T21:23:43.146+0000] {logging_mixin.py:190} INFO - [2024-12-21T21:23:43.144+0000] {dag.py:3239} INFO - Sync 1 DAGs
[2024-12-21T21:23:43.241+0000] {logging_mixin.py:190} INFO - [2024-12-21T21:23:43.240+0000] {dag.py:4180} INFO - Setting next_dagrun for example_branch_dop_operator_v3 to 2024-12-21 21:22:00+00:00, run_after=2024-12-21 21:23:00+00:00
[2024-12-21T21:23:43.320+0000] {processor.py:208} INFO - Processing /home/airflow/.local/lib/python3.12/site-packages/airflow/example_dags/example_branch_python_dop_operator_3.py took 0.278 seconds
[2024-12-21T21:24:14.142+0000] {processor.py:186} INFO - Started process (PID=7710) to work on /home/airflow/.local/lib/python3.12/site-packages/airflow/example_dags/example_branch_python_dop_operator_3.py
[2024-12-21T21:24:14.144+0000] {processor.py:914} INFO - Processing file /home/airflow/.local/lib/python3.12/site-packages/airflow/example_dags/example_branch_python_dop_operator_3.py for tasks to queue
[2024-12-21T21:24:14.148+0000] {logging_mixin.py:190} INFO - [2024-12-21T21:24:14.147+0000] {dagbag.py:588} INFO - Filling up the DagBag from /home/airflow/.local/lib/python3.12/site-packages/airflow/example_dags/example_branch_python_dop_operator_3.py
[2024-12-21T21:24:14.168+0000] {processor.py:925} INFO - DAG(s) 'example_branch_dop_operator_v3' retrieved from /home/airflow/.local/lib/python3.12/site-packages/airflow/example_dags/example_branch_python_dop_operator_3.py
[2024-12-21T21:24:14.207+0000] {logging_mixin.py:190} INFO - [2024-12-21T21:24:14.207+0000] {dag.py:3239} INFO - Sync 1 DAGs
[2024-12-21T21:24:14.262+0000] {logging_mixin.py:190} INFO - [2024-12-21T21:24:14.262+0000] {dag.py:4180} INFO - Setting next_dagrun for example_branch_dop_operator_v3 to 2024-12-21 21:23:00+00:00, run_after=2024-12-21 21:24:00+00:00
[2024-12-21T21:24:14.315+0000] {processor.py:208} INFO - Processing /home/airflow/.local/lib/python3.12/site-packages/airflow/example_dags/example_branch_python_dop_operator_3.py took 0.183 seconds
[2024-12-21T21:26:34.525+0000] {processor.py:186} INFO - Started process (PID=353) to work on /home/airflow/.local/lib/python3.12/site-packages/airflow/example_dags/example_branch_python_dop_operator_3.py
[2024-12-21T21:26:34.527+0000] {processor.py:914} INFO - Processing file /home/airflow/.local/lib/python3.12/site-packages/airflow/example_dags/example_branch_python_dop_operator_3.py for tasks to queue
[2024-12-21T21:26:34.532+0000] {logging_mixin.py:190} INFO - [2024-12-21T21:26:34.531+0000] {dagbag.py:588} INFO - Filling up the DagBag from /home/airflow/.local/lib/python3.12/site-packages/airflow/example_dags/example_branch_python_dop_operator_3.py
[2024-12-21T21:26:34.552+0000] {processor.py:925} INFO - DAG(s) 'example_branch_dop_operator_v3' retrieved from /home/airflow/.local/lib/python3.12/site-packages/airflow/example_dags/example_branch_python_dop_operator_3.py
[2024-12-21T21:26:34.607+0000] {logging_mixin.py:190} INFO - [2024-12-21T21:26:34.606+0000] {dag.py:3239} INFO - Sync 1 DAGs
[2024-12-21T21:26:34.658+0000] {logging_mixin.py:190} INFO - [2024-12-21T21:26:34.657+0000] {dag.py:4180} INFO - Setting next_dagrun for example_branch_dop_operator_v3 to 2024-12-21 21:25:00+00:00, run_after=2024-12-21 21:26:00+00:00
[2024-12-21T21:26:34.725+0000] {processor.py:208} INFO - Processing /home/airflow/.local/lib/python3.12/site-packages/airflow/example_dags/example_branch_python_dop_operator_3.py took 0.211 seconds
[2024-12-21T21:27:05.749+0000] {processor.py:186} INFO - Started process (PID=649) to work on /home/airflow/.local/lib/python3.12/site-packages/airflow/example_dags/example_branch_python_dop_operator_3.py
[2024-12-21T21:27:05.751+0000] {processor.py:914} INFO - Processing file /home/airflow/.local/lib/python3.12/site-packages/airflow/example_dags/example_branch_python_dop_operator_3.py for tasks to queue
[2024-12-21T21:27:05.756+0000] {logging_mixin.py:190} INFO - [2024-12-21T21:27:05.755+0000] {dagbag.py:588} INFO - Filling up the DagBag from /home/airflow/.local/lib/python3.12/site-packages/airflow/example_dags/example_branch_python_dop_operator_3.py
[2024-12-21T21:27:05.781+0000] {processor.py:925} INFO - DAG(s) 'example_branch_dop_operator_v3' retrieved from /home/airflow/.local/lib/python3.12/site-packages/airflow/example_dags/example_branch_python_dop_operator_3.py
[2024-12-21T21:27:05.823+0000] {logging_mixin.py:190} INFO - [2024-12-21T21:27:05.822+0000] {dag.py:3239} INFO - Sync 1 DAGs
[2024-12-21T21:27:05.878+0000] {logging_mixin.py:190} INFO - [2024-12-21T21:27:05.878+0000] {dag.py:4180} INFO - Setting next_dagrun for example_branch_dop_operator_v3 to 2024-12-21 21:26:00+00:00, run_after=2024-12-21 21:27:00+00:00
[2024-12-21T21:27:05.942+0000] {processor.py:208} INFO - Processing /home/airflow/.local/lib/python3.12/site-packages/airflow/example_dags/example_branch_python_dop_operator_3.py took 0.205 seconds
[2024-12-21T21:27:37.795+0000] {processor.py:186} INFO - Started process (PID=943) to work on /home/airflow/.local/lib/python3.12/site-packages/airflow/example_dags/example_branch_python_dop_operator_3.py
[2024-12-21T21:27:37.797+0000] {processor.py:914} INFO - Processing file /home/airflow/.local/lib/python3.12/site-packages/airflow/example_dags/example_branch_python_dop_operator_3.py for tasks to queue
[2024-12-21T21:27:37.801+0000] {logging_mixin.py:190} INFO - [2024-12-21T21:27:37.801+0000] {dagbag.py:588} INFO - Filling up the DagBag from /home/airflow/.local/lib/python3.12/site-packages/airflow/example_dags/example_branch_python_dop_operator_3.py
[2024-12-21T21:27:37.825+0000] {processor.py:925} INFO - DAG(s) 'example_branch_dop_operator_v3' retrieved from /home/airflow/.local/lib/python3.12/site-packages/airflow/example_dags/example_branch_python_dop_operator_3.py
[2024-12-21T21:27:37.866+0000] {logging_mixin.py:190} INFO - [2024-12-21T21:27:37.865+0000] {dag.py:3239} INFO - Sync 1 DAGs
[2024-12-21T21:27:37.924+0000] {logging_mixin.py:190} INFO - [2024-12-21T21:27:37.923+0000] {dag.py:4180} INFO - Setting next_dagrun for example_branch_dop_operator_v3 to 2024-12-21 21:26:00+00:00, run_after=2024-12-21 21:27:00+00:00
[2024-12-21T21:27:37.963+0000] {processor.py:208} INFO - Processing /home/airflow/.local/lib/python3.12/site-packages/airflow/example_dags/example_branch_python_dop_operator_3.py took 0.178 seconds
[2024-12-21T21:28:08.289+0000] {processor.py:186} INFO - Started process (PID=1239) to work on /home/airflow/.local/lib/python3.12/site-packages/airflow/example_dags/example_branch_python_dop_operator_3.py
[2024-12-21T21:28:08.292+0000] {processor.py:914} INFO - Processing file /home/airflow/.local/lib/python3.12/site-packages/airflow/example_dags/example_branch_python_dop_operator_3.py for tasks to queue
[2024-12-21T21:28:08.296+0000] {logging_mixin.py:190} INFO - [2024-12-21T21:28:08.295+0000] {dagbag.py:588} INFO - Filling up the DagBag from /home/airflow/.local/lib/python3.12/site-packages/airflow/example_dags/example_branch_python_dop_operator_3.py
[2024-12-21T21:28:08.317+0000] {processor.py:925} INFO - DAG(s) 'example_branch_dop_operator_v3' retrieved from /home/airflow/.local/lib/python3.12/site-packages/airflow/example_dags/example_branch_python_dop_operator_3.py
[2024-12-21T21:28:08.359+0000] {logging_mixin.py:190} INFO - [2024-12-21T21:28:08.358+0000] {dag.py:3239} INFO - Sync 1 DAGs
[2024-12-21T21:28:08.424+0000] {logging_mixin.py:190} INFO - [2024-12-21T21:28:08.423+0000] {dag.py:4180} INFO - Setting next_dagrun for example_branch_dop_operator_v3 to 2024-12-21 21:27:00+00:00, run_after=2024-12-21 21:28:00+00:00
[2024-12-21T21:28:08.460+0000] {processor.py:208} INFO - Processing /home/airflow/.local/lib/python3.12/site-packages/airflow/example_dags/example_branch_python_dop_operator_3.py took 0.183 seconds
[2024-12-21T21:28:40.522+0000] {processor.py:186} INFO - Started process (PID=1532) to work on /home/airflow/.local/lib/python3.12/site-packages/airflow/example_dags/example_branch_python_dop_operator_3.py
[2024-12-21T21:28:40.524+0000] {processor.py:914} INFO - Processing file /home/airflow/.local/lib/python3.12/site-packages/airflow/example_dags/example_branch_python_dop_operator_3.py for tasks to queue
[2024-12-21T21:28:40.528+0000] {logging_mixin.py:190} INFO - [2024-12-21T21:28:40.528+0000] {dagbag.py:588} INFO - Filling up the DagBag from /home/airflow/.local/lib/python3.12/site-packages/airflow/example_dags/example_branch_python_dop_operator_3.py
[2024-12-21T21:28:40.549+0000] {processor.py:925} INFO - DAG(s) 'example_branch_dop_operator_v3' retrieved from /home/airflow/.local/lib/python3.12/site-packages/airflow/example_dags/example_branch_python_dop_operator_3.py
[2024-12-21T21:28:40.594+0000] {logging_mixin.py:190} INFO - [2024-12-21T21:28:40.593+0000] {dag.py:3239} INFO - Sync 1 DAGs
[2024-12-21T21:28:40.655+0000] {logging_mixin.py:190} INFO - [2024-12-21T21:28:40.654+0000] {dag.py:4180} INFO - Setting next_dagrun for example_branch_dop_operator_v3 to 2024-12-21 21:27:00+00:00, run_after=2024-12-21 21:28:00+00:00
[2024-12-21T21:28:40.697+0000] {processor.py:208} INFO - Processing /home/airflow/.local/lib/python3.12/site-packages/airflow/example_dags/example_branch_python_dop_operator_3.py took 0.186 seconds
[2024-12-21T21:29:11.342+0000] {processor.py:186} INFO - Started process (PID=1826) to work on /home/airflow/.local/lib/python3.12/site-packages/airflow/example_dags/example_branch_python_dop_operator_3.py
[2024-12-21T21:29:11.344+0000] {processor.py:914} INFO - Processing file /home/airflow/.local/lib/python3.12/site-packages/airflow/example_dags/example_branch_python_dop_operator_3.py for tasks to queue
[2024-12-21T21:29:11.349+0000] {logging_mixin.py:190} INFO - [2024-12-21T21:29:11.348+0000] {dagbag.py:588} INFO - Filling up the DagBag from /home/airflow/.local/lib/python3.12/site-packages/airflow/example_dags/example_branch_python_dop_operator_3.py
[2024-12-21T21:29:11.371+0000] {processor.py:925} INFO - DAG(s) 'example_branch_dop_operator_v3' retrieved from /home/airflow/.local/lib/python3.12/site-packages/airflow/example_dags/example_branch_python_dop_operator_3.py
[2024-12-21T21:29:11.412+0000] {logging_mixin.py:190} INFO - [2024-12-21T21:29:11.411+0000] {dag.py:3239} INFO - Sync 1 DAGs
[2024-12-21T21:29:11.469+0000] {logging_mixin.py:190} INFO - [2024-12-21T21:29:11.468+0000] {dag.py:4180} INFO - Setting next_dagrun for example_branch_dop_operator_v3 to 2024-12-21 21:28:00+00:00, run_after=2024-12-21 21:29:00+00:00
[2024-12-21T21:29:11.511+0000] {processor.py:208} INFO - Processing /home/airflow/.local/lib/python3.12/site-packages/airflow/example_dags/example_branch_python_dop_operator_3.py took 0.180 seconds
[2024-12-21T21:29:42.665+0000] {processor.py:186} INFO - Started process (PID=2123) to work on /home/airflow/.local/lib/python3.12/site-packages/airflow/example_dags/example_branch_python_dop_operator_3.py
[2024-12-21T21:29:42.667+0000] {processor.py:914} INFO - Processing file /home/airflow/.local/lib/python3.12/site-packages/airflow/example_dags/example_branch_python_dop_operator_3.py for tasks to queue
[2024-12-21T21:29:42.672+0000] {logging_mixin.py:190} INFO - [2024-12-21T21:29:42.672+0000] {dagbag.py:588} INFO - Filling up the DagBag from /home/airflow/.local/lib/python3.12/site-packages/airflow/example_dags/example_branch_python_dop_operator_3.py
[2024-12-21T21:29:42.695+0000] {processor.py:925} INFO - DAG(s) 'example_branch_dop_operator_v3' retrieved from /home/airflow/.local/lib/python3.12/site-packages/airflow/example_dags/example_branch_python_dop_operator_3.py
[2024-12-21T21:29:42.743+0000] {logging_mixin.py:190} INFO - [2024-12-21T21:29:42.742+0000] {dag.py:3239} INFO - Sync 1 DAGs
[2024-12-21T21:29:42.818+0000] {logging_mixin.py:190} INFO - [2024-12-21T21:29:42.817+0000] {dag.py:4180} INFO - Setting next_dagrun for example_branch_dop_operator_v3 to 2024-12-21 21:28:00+00:00, run_after=2024-12-21 21:29:00+00:00
[2024-12-21T21:29:42.862+0000] {processor.py:208} INFO - Processing /home/airflow/.local/lib/python3.12/site-packages/airflow/example_dags/example_branch_python_dop_operator_3.py took 0.210 seconds
[2024-12-21T21:30:13.105+0000] {processor.py:186} INFO - Started process (PID=2419) to work on /home/airflow/.local/lib/python3.12/site-packages/airflow/example_dags/example_branch_python_dop_operator_3.py
[2024-12-21T21:30:13.107+0000] {processor.py:914} INFO - Processing file /home/airflow/.local/lib/python3.12/site-packages/airflow/example_dags/example_branch_python_dop_operator_3.py for tasks to queue
[2024-12-21T21:30:13.112+0000] {logging_mixin.py:190} INFO - [2024-12-21T21:30:13.111+0000] {dagbag.py:588} INFO - Filling up the DagBag from /home/airflow/.local/lib/python3.12/site-packages/airflow/example_dags/example_branch_python_dop_operator_3.py
[2024-12-21T21:30:13.132+0000] {processor.py:925} INFO - DAG(s) 'example_branch_dop_operator_v3' retrieved from /home/airflow/.local/lib/python3.12/site-packages/airflow/example_dags/example_branch_python_dop_operator_3.py
[2024-12-21T21:30:13.170+0000] {logging_mixin.py:190} INFO - [2024-12-21T21:30:13.170+0000] {dag.py:3239} INFO - Sync 1 DAGs
[2024-12-21T21:30:13.230+0000] {logging_mixin.py:190} INFO - [2024-12-21T21:30:13.229+0000] {dag.py:4180} INFO - Setting next_dagrun for example_branch_dop_operator_v3 to 2024-12-21 21:29:00+00:00, run_after=2024-12-21 21:30:00+00:00
[2024-12-21T21:30:13.266+0000] {processor.py:208} INFO - Processing /home/airflow/.local/lib/python3.12/site-packages/airflow/example_dags/example_branch_python_dop_operator_3.py took 0.172 seconds
[2024-12-21T21:30:43.518+0000] {processor.py:186} INFO - Started process (PID=2710) to work on /home/airflow/.local/lib/python3.12/site-packages/airflow/example_dags/example_branch_python_dop_operator_3.py
[2024-12-21T21:30:43.520+0000] {processor.py:914} INFO - Processing file /home/airflow/.local/lib/python3.12/site-packages/airflow/example_dags/example_branch_python_dop_operator_3.py for tasks to queue
[2024-12-21T21:30:43.525+0000] {logging_mixin.py:190} INFO - [2024-12-21T21:30:43.525+0000] {dagbag.py:588} INFO - Filling up the DagBag from /home/airflow/.local/lib/python3.12/site-packages/airflow/example_dags/example_branch_python_dop_operator_3.py
[2024-12-21T21:30:43.550+0000] {processor.py:925} INFO - DAG(s) 'example_branch_dop_operator_v3' retrieved from /home/airflow/.local/lib/python3.12/site-packages/airflow/example_dags/example_branch_python_dop_operator_3.py
[2024-12-21T21:30:43.588+0000] {logging_mixin.py:190} INFO - [2024-12-21T21:30:43.588+0000] {dag.py:3239} INFO - Sync 1 DAGs
[2024-12-21T21:30:43.653+0000] {logging_mixin.py:190} INFO - [2024-12-21T21:30:43.653+0000] {dag.py:4180} INFO - Setting next_dagrun for example_branch_dop_operator_v3 to 2024-12-21 21:29:00+00:00, run_after=2024-12-21 21:30:00+00:00
[2024-12-21T21:30:43.693+0000] {processor.py:208} INFO - Processing /home/airflow/.local/lib/python3.12/site-packages/airflow/example_dags/example_branch_python_dop_operator_3.py took 0.188 seconds
[2024-12-21T21:31:13.846+0000] {processor.py:186} INFO - Started process (PID=3003) to work on /home/airflow/.local/lib/python3.12/site-packages/airflow/example_dags/example_branch_python_dop_operator_3.py
[2024-12-21T21:31:13.849+0000] {processor.py:914} INFO - Processing file /home/airflow/.local/lib/python3.12/site-packages/airflow/example_dags/example_branch_python_dop_operator_3.py for tasks to queue
[2024-12-21T21:31:13.852+0000] {logging_mixin.py:190} INFO - [2024-12-21T21:31:13.852+0000] {dagbag.py:588} INFO - Filling up the DagBag from /home/airflow/.local/lib/python3.12/site-packages/airflow/example_dags/example_branch_python_dop_operator_3.py
[2024-12-21T21:31:13.871+0000] {processor.py:925} INFO - DAG(s) 'example_branch_dop_operator_v3' retrieved from /home/airflow/.local/lib/python3.12/site-packages/airflow/example_dags/example_branch_python_dop_operator_3.py
[2024-12-21T21:31:13.913+0000] {logging_mixin.py:190} INFO - [2024-12-21T21:31:13.913+0000] {dag.py:3239} INFO - Sync 1 DAGs
[2024-12-21T21:31:13.978+0000] {logging_mixin.py:190} INFO - [2024-12-21T21:31:13.977+0000] {dag.py:4180} INFO - Setting next_dagrun for example_branch_dop_operator_v3 to 2024-12-21 21:30:00+00:00, run_after=2024-12-21 21:31:00+00:00
[2024-12-21T21:31:14.015+0000] {processor.py:208} INFO - Processing /home/airflow/.local/lib/python3.12/site-packages/airflow/example_dags/example_branch_python_dop_operator_3.py took 0.181 seconds
[2024-12-21T21:31:44.232+0000] {processor.py:186} INFO - Started process (PID=3300) to work on /home/airflow/.local/lib/python3.12/site-packages/airflow/example_dags/example_branch_python_dop_operator_3.py
[2024-12-21T21:31:44.235+0000] {processor.py:914} INFO - Processing file /home/airflow/.local/lib/python3.12/site-packages/airflow/example_dags/example_branch_python_dop_operator_3.py for tasks to queue
[2024-12-21T21:31:44.238+0000] {logging_mixin.py:190} INFO - [2024-12-21T21:31:44.238+0000] {dagbag.py:588} INFO - Filling up the DagBag from /home/airflow/.local/lib/python3.12/site-packages/airflow/example_dags/example_branch_python_dop_operator_3.py
[2024-12-21T21:31:44.258+0000] {processor.py:925} INFO - DAG(s) 'example_branch_dop_operator_v3' retrieved from /home/airflow/.local/lib/python3.12/site-packages/airflow/example_dags/example_branch_python_dop_operator_3.py
[2024-12-21T21:31:44.298+0000] {logging_mixin.py:190} INFO - [2024-12-21T21:31:44.298+0000] {dag.py:3239} INFO - Sync 1 DAGs
[2024-12-21T21:31:44.353+0000] {logging_mixin.py:190} INFO - [2024-12-21T21:31:44.352+0000] {dag.py:4180} INFO - Setting next_dagrun for example_branch_dop_operator_v3 to 2024-12-21 21:30:00+00:00, run_after=2024-12-21 21:31:00+00:00
[2024-12-21T21:31:44.392+0000] {processor.py:208} INFO - Processing /home/airflow/.local/lib/python3.12/site-packages/airflow/example_dags/example_branch_python_dop_operator_3.py took 0.173 seconds
[2024-12-21T21:32:14.528+0000] {processor.py:186} INFO - Started process (PID=3596) to work on /home/airflow/.local/lib/python3.12/site-packages/airflow/example_dags/example_branch_python_dop_operator_3.py
[2024-12-21T21:32:14.530+0000] {processor.py:914} INFO - Processing file /home/airflow/.local/lib/python3.12/site-packages/airflow/example_dags/example_branch_python_dop_operator_3.py for tasks to queue
[2024-12-21T21:32:14.534+0000] {logging_mixin.py:190} INFO - [2024-12-21T21:32:14.534+0000] {dagbag.py:588} INFO - Filling up the DagBag from /home/airflow/.local/lib/python3.12/site-packages/airflow/example_dags/example_branch_python_dop_operator_3.py
[2024-12-21T21:32:14.553+0000] {processor.py:925} INFO - DAG(s) 'example_branch_dop_operator_v3' retrieved from /home/airflow/.local/lib/python3.12/site-packages/airflow/example_dags/example_branch_python_dop_operator_3.py
[2024-12-21T21:32:14.592+0000] {logging_mixin.py:190} INFO - [2024-12-21T21:32:14.591+0000] {dag.py:3239} INFO - Sync 1 DAGs
[2024-12-21T21:32:14.646+0000] {logging_mixin.py:190} INFO - [2024-12-21T21:32:14.646+0000] {dag.py:4180} INFO - Setting next_dagrun for example_branch_dop_operator_v3 to 2024-12-21 21:31:00+00:00, run_after=2024-12-21 21:32:00+00:00
[2024-12-21T21:32:14.708+0000] {processor.py:208} INFO - Processing /home/airflow/.local/lib/python3.12/site-packages/airflow/example_dags/example_branch_python_dop_operator_3.py took 0.191 seconds
[2024-12-21T21:32:44.795+0000] {processor.py:186} INFO - Started process (PID=3892) to work on /home/airflow/.local/lib/python3.12/site-packages/airflow/example_dags/example_branch_python_dop_operator_3.py
[2024-12-21T21:32:44.797+0000] {processor.py:914} INFO - Processing file /home/airflow/.local/lib/python3.12/site-packages/airflow/example_dags/example_branch_python_dop_operator_3.py for tasks to queue
[2024-12-21T21:32:44.801+0000] {logging_mixin.py:190} INFO - [2024-12-21T21:32:44.800+0000] {dagbag.py:588} INFO - Filling up the DagBag from /home/airflow/.local/lib/python3.12/site-packages/airflow/example_dags/example_branch_python_dop_operator_3.py
[2024-12-21T21:32:44.824+0000] {processor.py:925} INFO - DAG(s) 'example_branch_dop_operator_v3' retrieved from /home/airflow/.local/lib/python3.12/site-packages/airflow/example_dags/example_branch_python_dop_operator_3.py
[2024-12-21T21:32:44.870+0000] {logging_mixin.py:190} INFO - [2024-12-21T21:32:44.869+0000] {dag.py:3239} INFO - Sync 1 DAGs
[2024-12-21T21:32:44.938+0000] {logging_mixin.py:190} INFO - [2024-12-21T21:32:44.938+0000] {dag.py:4180} INFO - Setting next_dagrun for example_branch_dop_operator_v3 to 2024-12-21 21:31:00+00:00, run_after=2024-12-21 21:32:00+00:00
[2024-12-21T21:32:44.999+0000] {processor.py:208} INFO - Processing /home/airflow/.local/lib/python3.12/site-packages/airflow/example_dags/example_branch_python_dop_operator_3.py took 0.217 seconds
[2024-12-21T21:33:15.148+0000] {processor.py:186} INFO - Started process (PID=4186) to work on /home/airflow/.local/lib/python3.12/site-packages/airflow/example_dags/example_branch_python_dop_operator_3.py
[2024-12-21T21:33:15.149+0000] {processor.py:914} INFO - Processing file /home/airflow/.local/lib/python3.12/site-packages/airflow/example_dags/example_branch_python_dop_operator_3.py for tasks to queue
[2024-12-21T21:33:15.154+0000] {logging_mixin.py:190} INFO - [2024-12-21T21:33:15.153+0000] {dagbag.py:588} INFO - Filling up the DagBag from /home/airflow/.local/lib/python3.12/site-packages/airflow/example_dags/example_branch_python_dop_operator_3.py
[2024-12-21T21:33:15.172+0000] {processor.py:925} INFO - DAG(s) 'example_branch_dop_operator_v3' retrieved from /home/airflow/.local/lib/python3.12/site-packages/airflow/example_dags/example_branch_python_dop_operator_3.py
[2024-12-21T21:33:15.211+0000] {logging_mixin.py:190} INFO - [2024-12-21T21:33:15.210+0000] {dag.py:3239} INFO - Sync 1 DAGs
[2024-12-21T21:33:15.269+0000] {logging_mixin.py:190} INFO - [2024-12-21T21:33:15.268+0000] {dag.py:4180} INFO - Setting next_dagrun for example_branch_dop_operator_v3 to 2024-12-21 21:32:00+00:00, run_after=2024-12-21 21:33:00+00:00
[2024-12-21T21:33:15.307+0000] {processor.py:208} INFO - Processing /home/airflow/.local/lib/python3.12/site-packages/airflow/example_dags/example_branch_python_dop_operator_3.py took 0.169 seconds
[2024-12-21T21:33:45.476+0000] {processor.py:186} INFO - Started process (PID=4482) to work on /home/airflow/.local/lib/python3.12/site-packages/airflow/example_dags/example_branch_python_dop_operator_3.py
[2024-12-21T21:33:45.478+0000] {processor.py:914} INFO - Processing file /home/airflow/.local/lib/python3.12/site-packages/airflow/example_dags/example_branch_python_dop_operator_3.py for tasks to queue
[2024-12-21T21:33:45.482+0000] {logging_mixin.py:190} INFO - [2024-12-21T21:33:45.481+0000] {dagbag.py:588} INFO - Filling up the DagBag from /home/airflow/.local/lib/python3.12/site-packages/airflow/example_dags/example_branch_python_dop_operator_3.py
[2024-12-21T21:33:45.502+0000] {processor.py:925} INFO - DAG(s) 'example_branch_dop_operator_v3' retrieved from /home/airflow/.local/lib/python3.12/site-packages/airflow/example_dags/example_branch_python_dop_operator_3.py
[2024-12-21T21:33:45.538+0000] {logging_mixin.py:190} INFO - [2024-12-21T21:33:45.538+0000] {dag.py:3239} INFO - Sync 1 DAGs
[2024-12-21T21:33:45.604+0000] {logging_mixin.py:190} INFO - [2024-12-21T21:33:45.604+0000] {dag.py:4180} INFO - Setting next_dagrun for example_branch_dop_operator_v3 to 2024-12-21 21:32:00+00:00, run_after=2024-12-21 21:33:00+00:00
[2024-12-21T21:33:45.645+0000] {processor.py:208} INFO - Processing /home/airflow/.local/lib/python3.12/site-packages/airflow/example_dags/example_branch_python_dop_operator_3.py took 0.178 seconds
[2024-12-21T21:34:16.514+0000] {processor.py:186} INFO - Started process (PID=4778) to work on /home/airflow/.local/lib/python3.12/site-packages/airflow/example_dags/example_branch_python_dop_operator_3.py
[2024-12-21T21:34:16.516+0000] {processor.py:914} INFO - Processing file /home/airflow/.local/lib/python3.12/site-packages/airflow/example_dags/example_branch_python_dop_operator_3.py for tasks to queue
[2024-12-21T21:34:16.520+0000] {logging_mixin.py:190} INFO - [2024-12-21T21:34:16.520+0000] {dagbag.py:588} INFO - Filling up the DagBag from /home/airflow/.local/lib/python3.12/site-packages/airflow/example_dags/example_branch_python_dop_operator_3.py
[2024-12-21T21:34:16.542+0000] {processor.py:925} INFO - DAG(s) 'example_branch_dop_operator_v3' retrieved from /home/airflow/.local/lib/python3.12/site-packages/airflow/example_dags/example_branch_python_dop_operator_3.py
[2024-12-21T21:34:16.584+0000] {logging_mixin.py:190} INFO - [2024-12-21T21:34:16.583+0000] {dag.py:3239} INFO - Sync 1 DAGs
[2024-12-21T21:34:16.645+0000] {logging_mixin.py:190} INFO - [2024-12-21T21:34:16.645+0000] {dag.py:4180} INFO - Setting next_dagrun for example_branch_dop_operator_v3 to 2024-12-21 21:33:00+00:00, run_after=2024-12-21 21:34:00+00:00
[2024-12-21T21:34:16.689+0000] {processor.py:208} INFO - Processing /home/airflow/.local/lib/python3.12/site-packages/airflow/example_dags/example_branch_python_dop_operator_3.py took 0.186 seconds
[2024-12-21T21:34:47.370+0000] {processor.py:186} INFO - Started process (PID=5077) to work on /home/airflow/.local/lib/python3.12/site-packages/airflow/example_dags/example_branch_python_dop_operator_3.py
[2024-12-21T21:34:47.372+0000] {processor.py:914} INFO - Processing file /home/airflow/.local/lib/python3.12/site-packages/airflow/example_dags/example_branch_python_dop_operator_3.py for tasks to queue
[2024-12-21T21:34:47.377+0000] {logging_mixin.py:190} INFO - [2024-12-21T21:34:47.376+0000] {dagbag.py:588} INFO - Filling up the DagBag from /home/airflow/.local/lib/python3.12/site-packages/airflow/example_dags/example_branch_python_dop_operator_3.py
[2024-12-21T21:34:47.397+0000] {processor.py:925} INFO - DAG(s) 'example_branch_dop_operator_v3' retrieved from /home/airflow/.local/lib/python3.12/site-packages/airflow/example_dags/example_branch_python_dop_operator_3.py
[2024-12-21T21:34:47.437+0000] {logging_mixin.py:190} INFO - [2024-12-21T21:34:47.436+0000] {dag.py:3239} INFO - Sync 1 DAGs
[2024-12-21T21:34:47.488+0000] {logging_mixin.py:190} INFO - [2024-12-21T21:34:47.487+0000] {dag.py:4180} INFO - Setting next_dagrun for example_branch_dop_operator_v3 to 2024-12-21 21:33:00+00:00, run_after=2024-12-21 21:34:00+00:00
[2024-12-21T21:34:47.549+0000] {processor.py:208} INFO - Processing /home/airflow/.local/lib/python3.12/site-packages/airflow/example_dags/example_branch_python_dop_operator_3.py took 0.189 seconds
[2024-12-21T21:35:17.913+0000] {processor.py:186} INFO - Started process (PID=5373) to work on /home/airflow/.local/lib/python3.12/site-packages/airflow/example_dags/example_branch_python_dop_operator_3.py
[2024-12-21T21:35:17.915+0000] {processor.py:914} INFO - Processing file /home/airflow/.local/lib/python3.12/site-packages/airflow/example_dags/example_branch_python_dop_operator_3.py for tasks to queue
[2024-12-21T21:35:17.919+0000] {logging_mixin.py:190} INFO - [2024-12-21T21:35:17.918+0000] {dagbag.py:588} INFO - Filling up the DagBag from /home/airflow/.local/lib/python3.12/site-packages/airflow/example_dags/example_branch_python_dop_operator_3.py
[2024-12-21T21:35:17.940+0000] {processor.py:925} INFO - DAG(s) 'example_branch_dop_operator_v3' retrieved from /home/airflow/.local/lib/python3.12/site-packages/airflow/example_dags/example_branch_python_dop_operator_3.py
[2024-12-21T21:35:17.982+0000] {logging_mixin.py:190} INFO - [2024-12-21T21:35:17.981+0000] {dag.py:3239} INFO - Sync 1 DAGs
[2024-12-21T21:35:18.044+0000] {logging_mixin.py:190} INFO - [2024-12-21T21:35:18.044+0000] {dag.py:4180} INFO - Setting next_dagrun for example_branch_dop_operator_v3 to 2024-12-21 21:34:00+00:00, run_after=2024-12-21 21:35:00+00:00
[2024-12-21T21:35:18.100+0000] {processor.py:208} INFO - Processing /home/airflow/.local/lib/python3.12/site-packages/airflow/example_dags/example_branch_python_dop_operator_3.py took 0.202 seconds
[2024-12-21T21:35:48.930+0000] {processor.py:186} INFO - Started process (PID=5667) to work on /home/airflow/.local/lib/python3.12/site-packages/airflow/example_dags/example_branch_python_dop_operator_3.py
[2024-12-21T21:35:48.932+0000] {processor.py:914} INFO - Processing file /home/airflow/.local/lib/python3.12/site-packages/airflow/example_dags/example_branch_python_dop_operator_3.py for tasks to queue
[2024-12-21T21:35:48.936+0000] {logging_mixin.py:190} INFO - [2024-12-21T21:35:48.936+0000] {dagbag.py:588} INFO - Filling up the DagBag from /home/airflow/.local/lib/python3.12/site-packages/airflow/example_dags/example_branch_python_dop_operator_3.py
[2024-12-21T21:35:48.961+0000] {processor.py:925} INFO - DAG(s) 'example_branch_dop_operator_v3' retrieved from /home/airflow/.local/lib/python3.12/site-packages/airflow/example_dags/example_branch_python_dop_operator_3.py
[2024-12-21T21:35:49.003+0000] {logging_mixin.py:190} INFO - [2024-12-21T21:35:49.002+0000] {dag.py:3239} INFO - Sync 1 DAGs
[2024-12-21T21:35:49.054+0000] {logging_mixin.py:190} INFO - [2024-12-21T21:35:49.053+0000] {dag.py:4180} INFO - Setting next_dagrun for example_branch_dop_operator_v3 to 2024-12-21 21:34:00+00:00, run_after=2024-12-21 21:35:00+00:00
[2024-12-21T21:35:49.092+0000] {processor.py:208} INFO - Processing /home/airflow/.local/lib/python3.12/site-packages/airflow/example_dags/example_branch_python_dop_operator_3.py took 0.172 seconds
[2024-12-21T21:36:19.435+0000] {processor.py:186} INFO - Started process (PID=5965) to work on /home/airflow/.local/lib/python3.12/site-packages/airflow/example_dags/example_branch_python_dop_operator_3.py
[2024-12-21T21:36:19.437+0000] {processor.py:914} INFO - Processing file /home/airflow/.local/lib/python3.12/site-packages/airflow/example_dags/example_branch_python_dop_operator_3.py for tasks to queue
[2024-12-21T21:36:19.443+0000] {logging_mixin.py:190} INFO - [2024-12-21T21:36:19.442+0000] {dagbag.py:588} INFO - Filling up the DagBag from /home/airflow/.local/lib/python3.12/site-packages/airflow/example_dags/example_branch_python_dop_operator_3.py
[2024-12-21T21:36:19.463+0000] {processor.py:925} INFO - DAG(s) 'example_branch_dop_operator_v3' retrieved from /home/airflow/.local/lib/python3.12/site-packages/airflow/example_dags/example_branch_python_dop_operator_3.py
[2024-12-21T21:36:19.507+0000] {logging_mixin.py:190} INFO - [2024-12-21T21:36:19.506+0000] {dag.py:3239} INFO - Sync 1 DAGs
[2024-12-21T21:36:19.559+0000] {logging_mixin.py:190} INFO - [2024-12-21T21:36:19.558+0000] {dag.py:4180} INFO - Setting next_dagrun for example_branch_dop_operator_v3 to 2024-12-21 21:35:00+00:00, run_after=2024-12-21 21:36:00+00:00
[2024-12-21T21:36:19.595+0000] {processor.py:208} INFO - Processing /home/airflow/.local/lib/python3.12/site-packages/airflow/example_dags/example_branch_python_dop_operator_3.py took 0.171 seconds
[2024-12-21T21:36:49.876+0000] {processor.py:186} INFO - Started process (PID=6261) to work on /home/airflow/.local/lib/python3.12/site-packages/airflow/example_dags/example_branch_python_dop_operator_3.py
[2024-12-21T21:36:49.877+0000] {processor.py:914} INFO - Processing file /home/airflow/.local/lib/python3.12/site-packages/airflow/example_dags/example_branch_python_dop_operator_3.py for tasks to queue
[2024-12-21T21:36:49.882+0000] {logging_mixin.py:190} INFO - [2024-12-21T21:36:49.882+0000] {dagbag.py:588} INFO - Filling up the DagBag from /home/airflow/.local/lib/python3.12/site-packages/airflow/example_dags/example_branch_python_dop_operator_3.py
[2024-12-21T21:36:49.903+0000] {processor.py:925} INFO - DAG(s) 'example_branch_dop_operator_v3' retrieved from /home/airflow/.local/lib/python3.12/site-packages/airflow/example_dags/example_branch_python_dop_operator_3.py
[2024-12-21T21:36:49.942+0000] {logging_mixin.py:190} INFO - [2024-12-21T21:36:49.941+0000] {dag.py:3239} INFO - Sync 1 DAGs
[2024-12-21T21:36:50.001+0000] {logging_mixin.py:190} INFO - [2024-12-21T21:36:50.001+0000] {dag.py:4180} INFO - Setting next_dagrun for example_branch_dop_operator_v3 to 2024-12-21 21:35:00+00:00, run_after=2024-12-21 21:36:00+00:00
[2024-12-21T21:36:50.039+0000] {processor.py:208} INFO - Processing /home/airflow/.local/lib/python3.12/site-packages/airflow/example_dags/example_branch_python_dop_operator_3.py took 0.173 seconds
[2024-12-21T21:37:20.160+0000] {processor.py:186} INFO - Started process (PID=6557) to work on /home/airflow/.local/lib/python3.12/site-packages/airflow/example_dags/example_branch_python_dop_operator_3.py
[2024-12-21T21:37:20.162+0000] {processor.py:914} INFO - Processing file /home/airflow/.local/lib/python3.12/site-packages/airflow/example_dags/example_branch_python_dop_operator_3.py for tasks to queue
[2024-12-21T21:37:20.166+0000] {logging_mixin.py:190} INFO - [2024-12-21T21:37:20.165+0000] {dagbag.py:588} INFO - Filling up the DagBag from /home/airflow/.local/lib/python3.12/site-packages/airflow/example_dags/example_branch_python_dop_operator_3.py
[2024-12-21T21:37:20.192+0000] {processor.py:925} INFO - DAG(s) 'example_branch_dop_operator_v3' retrieved from /home/airflow/.local/lib/python3.12/site-packages/airflow/example_dags/example_branch_python_dop_operator_3.py
[2024-12-21T21:37:20.234+0000] {logging_mixin.py:190} INFO - [2024-12-21T21:37:20.233+0000] {dag.py:3239} INFO - Sync 1 DAGs
[2024-12-21T21:37:20.303+0000] {logging_mixin.py:190} INFO - [2024-12-21T21:37:20.303+0000] {dag.py:4180} INFO - Setting next_dagrun for example_branch_dop_operator_v3 to 2024-12-21 21:36:00+00:00, run_after=2024-12-21 21:37:00+00:00
[2024-12-21T21:37:20.350+0000] {processor.py:208} INFO - Processing /home/airflow/.local/lib/python3.12/site-packages/airflow/example_dags/example_branch_python_dop_operator_3.py took 0.200 seconds
[2024-12-21T21:37:50.629+0000] {processor.py:186} INFO - Started process (PID=6851) to work on /home/airflow/.local/lib/python3.12/site-packages/airflow/example_dags/example_branch_python_dop_operator_3.py
[2024-12-21T21:37:50.632+0000] {processor.py:914} INFO - Processing file /home/airflow/.local/lib/python3.12/site-packages/airflow/example_dags/example_branch_python_dop_operator_3.py for tasks to queue
[2024-12-21T21:37:50.637+0000] {logging_mixin.py:190} INFO - [2024-12-21T21:37:50.636+0000] {dagbag.py:588} INFO - Filling up the DagBag from /home/airflow/.local/lib/python3.12/site-packages/airflow/example_dags/example_branch_python_dop_operator_3.py
[2024-12-21T21:37:50.661+0000] {processor.py:925} INFO - DAG(s) 'example_branch_dop_operator_v3' retrieved from /home/airflow/.local/lib/python3.12/site-packages/airflow/example_dags/example_branch_python_dop_operator_3.py
[2024-12-21T21:37:50.710+0000] {logging_mixin.py:190} INFO - [2024-12-21T21:37:50.709+0000] {dag.py:3239} INFO - Sync 1 DAGs
[2024-12-21T21:37:50.774+0000] {logging_mixin.py:190} INFO - [2024-12-21T21:37:50.773+0000] {dag.py:4180} INFO - Setting next_dagrun for example_branch_dop_operator_v3 to 2024-12-21 21:36:00+00:00, run_after=2024-12-21 21:37:00+00:00
[2024-12-21T21:37:50.821+0000] {processor.py:208} INFO - Processing /home/airflow/.local/lib/python3.12/site-packages/airflow/example_dags/example_branch_python_dop_operator_3.py took 0.205 seconds
[2024-12-21T21:38:23.281+0000] {processor.py:186} INFO - Started process (PID=7149) to work on /home/airflow/.local/lib/python3.12/site-packages/airflow/example_dags/example_branch_python_dop_operator_3.py
[2024-12-21T21:38:23.285+0000] {processor.py:914} INFO - Processing file /home/airflow/.local/lib/python3.12/site-packages/airflow/example_dags/example_branch_python_dop_operator_3.py for tasks to queue
[2024-12-21T21:38:23.292+0000] {logging_mixin.py:190} INFO - [2024-12-21T21:38:23.291+0000] {dagbag.py:588} INFO - Filling up the DagBag from /home/airflow/.local/lib/python3.12/site-packages/airflow/example_dags/example_branch_python_dop_operator_3.py
[2024-12-21T21:38:23.335+0000] {processor.py:925} INFO - DAG(s) 'example_branch_dop_operator_v3' retrieved from /home/airflow/.local/lib/python3.12/site-packages/airflow/example_dags/example_branch_python_dop_operator_3.py
[2024-12-21T21:38:23.399+0000] {logging_mixin.py:190} INFO - [2024-12-21T21:38:23.398+0000] {dag.py:3239} INFO - Sync 1 DAGs
[2024-12-21T21:38:23.501+0000] {logging_mixin.py:190} INFO - [2024-12-21T21:38:23.500+0000] {dag.py:4180} INFO - Setting next_dagrun for example_branch_dop_operator_v3 to 2024-12-21 21:37:00+00:00, run_after=2024-12-21 21:38:00+00:00
[2024-12-21T21:38:23.561+0000] {processor.py:208} INFO - Processing /home/airflow/.local/lib/python3.12/site-packages/airflow/example_dags/example_branch_python_dop_operator_3.py took 0.300 seconds
[2024-12-21T21:38:55.562+0000] {processor.py:186} INFO - Started process (PID=7443) to work on /home/airflow/.local/lib/python3.12/site-packages/airflow/example_dags/example_branch_python_dop_operator_3.py
[2024-12-21T21:38:55.564+0000] {processor.py:914} INFO - Processing file /home/airflow/.local/lib/python3.12/site-packages/airflow/example_dags/example_branch_python_dop_operator_3.py for tasks to queue
[2024-12-21T21:38:55.568+0000] {logging_mixin.py:190} INFO - [2024-12-21T21:38:55.567+0000] {dagbag.py:588} INFO - Filling up the DagBag from /home/airflow/.local/lib/python3.12/site-packages/airflow/example_dags/example_branch_python_dop_operator_3.py
[2024-12-21T21:38:55.591+0000] {processor.py:925} INFO - DAG(s) 'example_branch_dop_operator_v3' retrieved from /home/airflow/.local/lib/python3.12/site-packages/airflow/example_dags/example_branch_python_dop_operator_3.py
[2024-12-21T21:38:55.632+0000] {logging_mixin.py:190} INFO - [2024-12-21T21:38:55.631+0000] {dag.py:3239} INFO - Sync 1 DAGs
[2024-12-21T21:38:55.689+0000] {logging_mixin.py:190} INFO - [2024-12-21T21:38:55.689+0000] {dag.py:4180} INFO - Setting next_dagrun for example_branch_dop_operator_v3 to 2024-12-21 21:37:00+00:00, run_after=2024-12-21 21:38:00+00:00
[2024-12-21T21:38:55.733+0000] {processor.py:208} INFO - Processing /home/airflow/.local/lib/python3.12/site-packages/airflow/example_dags/example_branch_python_dop_operator_3.py took 0.183 seconds
[2024-12-21T21:39:26.270+0000] {processor.py:186} INFO - Started process (PID=7736) to work on /home/airflow/.local/lib/python3.12/site-packages/airflow/example_dags/example_branch_python_dop_operator_3.py
[2024-12-21T21:39:26.273+0000] {processor.py:914} INFO - Processing file /home/airflow/.local/lib/python3.12/site-packages/airflow/example_dags/example_branch_python_dop_operator_3.py for tasks to queue
[2024-12-21T21:39:26.291+0000] {logging_mixin.py:190} INFO - [2024-12-21T21:39:26.289+0000] {dagbag.py:588} INFO - Filling up the DagBag from /home/airflow/.local/lib/python3.12/site-packages/airflow/example_dags/example_branch_python_dop_operator_3.py
[2024-12-21T21:39:26.320+0000] {processor.py:925} INFO - DAG(s) 'example_branch_dop_operator_v3' retrieved from /home/airflow/.local/lib/python3.12/site-packages/airflow/example_dags/example_branch_python_dop_operator_3.py
[2024-12-21T21:39:26.369+0000] {logging_mixin.py:190} INFO - [2024-12-21T21:39:26.368+0000] {dag.py:3239} INFO - Sync 1 DAGs
[2024-12-21T21:39:26.429+0000] {logging_mixin.py:190} INFO - [2024-12-21T21:39:26.429+0000] {dag.py:4180} INFO - Setting next_dagrun for example_branch_dop_operator_v3 to 2024-12-21 21:38:00+00:00, run_after=2024-12-21 21:39:00+00:00
[2024-12-21T21:39:26.472+0000] {processor.py:208} INFO - Processing /home/airflow/.local/lib/python3.12/site-packages/airflow/example_dags/example_branch_python_dop_operator_3.py took 0.220 seconds
[2024-12-21T21:39:57.321+0000] {processor.py:186} INFO - Started process (PID=8025) to work on /home/airflow/.local/lib/python3.12/site-packages/airflow/example_dags/example_branch_python_dop_operator_3.py
[2024-12-21T21:39:57.324+0000] {processor.py:914} INFO - Processing file /home/airflow/.local/lib/python3.12/site-packages/airflow/example_dags/example_branch_python_dop_operator_3.py for tasks to queue
[2024-12-21T21:39:57.332+0000] {logging_mixin.py:190} INFO - [2024-12-21T21:39:57.331+0000] {dagbag.py:588} INFO - Filling up the DagBag from /home/airflow/.local/lib/python3.12/site-packages/airflow/example_dags/example_branch_python_dop_operator_3.py
[2024-12-21T21:39:57.362+0000] {processor.py:925} INFO - DAG(s) 'example_branch_dop_operator_v3' retrieved from /home/airflow/.local/lib/python3.12/site-packages/airflow/example_dags/example_branch_python_dop_operator_3.py
[2024-12-21T21:39:57.409+0000] {logging_mixin.py:190} INFO - [2024-12-21T21:39:57.409+0000] {dag.py:3239} INFO - Sync 1 DAGs
[2024-12-21T21:39:57.475+0000] {logging_mixin.py:190} INFO - [2024-12-21T21:39:57.474+0000] {dag.py:4180} INFO - Setting next_dagrun for example_branch_dop_operator_v3 to 2024-12-21 21:38:00+00:00, run_after=2024-12-21 21:39:00+00:00
[2024-12-21T21:39:57.524+0000] {processor.py:208} INFO - Processing /home/airflow/.local/lib/python3.12/site-packages/airflow/example_dags/example_branch_python_dop_operator_3.py took 0.226 seconds
