[2024-12-21T21:11:08.443+0000] {processor.py:186} INFO - Started process (PID=217) to work on /home/airflow/.local/lib/python3.12/site-packages/airflow/example_dags/example_xcomargs.py
[2024-12-21T21:11:08.445+0000] {processor.py:914} INFO - Processing file /home/airflow/.local/lib/python3.12/site-packages/airflow/example_dags/example_xcomargs.py for tasks to queue
[2024-12-21T21:11:08.449+0000] {logging_mixin.py:190} INFO - [2024-12-21T21:11:08.448+0000] {dagbag.py:588} INFO - Filling up the DagBag from /home/airflow/.local/lib/python3.12/site-packages/airflow/example_dags/example_xcomargs.py
[2024-12-21T21:11:08.495+0000] {processor.py:925} INFO - DAG(s) 'example_xcom_args', 'example_xcom_args_with_operators' retrieved from /home/airflow/.local/lib/python3.12/site-packages/airflow/example_dags/example_xcomargs.py
[2024-12-21T21:11:09.080+0000] {logging_mixin.py:190} INFO - [2024-12-21T21:11:09.079+0000] {override.py:1911} INFO - Created Permission View: can delete on DAG:example_xcom_args
[2024-12-21T21:11:09.104+0000] {logging_mixin.py:190} INFO - [2024-12-21T21:11:09.103+0000] {override.py:1911} INFO - Created Permission View: can edit on DAG:example_xcom_args
[2024-12-21T21:11:09.122+0000] {logging_mixin.py:190} INFO - [2024-12-21T21:11:09.121+0000] {override.py:1911} INFO - Created Permission View: can read on DAG:example_xcom_args
[2024-12-21T21:11:09.139+0000] {logging_mixin.py:190} INFO - [2024-12-21T21:11:09.139+0000] {override.py:1911} INFO - Created Permission View: can delete on DAG Run:example_xcom_args
[2024-12-21T21:11:09.157+0000] {logging_mixin.py:190} INFO - [2024-12-21T21:11:09.156+0000] {override.py:1911} INFO - Created Permission View: can read on DAG Run:example_xcom_args
[2024-12-21T21:11:09.172+0000] {logging_mixin.py:190} INFO - [2024-12-21T21:11:09.172+0000] {override.py:1911} INFO - Created Permission View: can create on DAG Run:example_xcom_args
[2024-12-21T21:11:09.188+0000] {logging_mixin.py:190} INFO - [2024-12-21T21:11:09.187+0000] {override.py:1911} INFO - Created Permission View: menu access on DAG Run:example_xcom_args
[2024-12-21T21:11:09.224+0000] {logging_mixin.py:190} INFO - [2024-12-21T21:11:09.223+0000] {override.py:1911} INFO - Created Permission View: can delete on DAG:example_xcom_args_with_operators
[2024-12-21T21:11:09.240+0000] {logging_mixin.py:190} INFO - [2024-12-21T21:11:09.239+0000] {override.py:1911} INFO - Created Permission View: can edit on DAG:example_xcom_args_with_operators
[2024-12-21T21:11:09.257+0000] {logging_mixin.py:190} INFO - [2024-12-21T21:11:09.256+0000] {override.py:1911} INFO - Created Permission View: can read on DAG:example_xcom_args_with_operators
[2024-12-21T21:11:09.274+0000] {logging_mixin.py:190} INFO - [2024-12-21T21:11:09.273+0000] {override.py:1911} INFO - Created Permission View: can delete on DAG Run:example_xcom_args_with_operators
[2024-12-21T21:11:09.290+0000] {logging_mixin.py:190} INFO - [2024-12-21T21:11:09.289+0000] {override.py:1911} INFO - Created Permission View: can read on DAG Run:example_xcom_args_with_operators
[2024-12-21T21:11:09.305+0000] {logging_mixin.py:190} INFO - [2024-12-21T21:11:09.304+0000] {override.py:1911} INFO - Created Permission View: can create on DAG Run:example_xcom_args_with_operators
[2024-12-21T21:11:09.321+0000] {logging_mixin.py:190} INFO - [2024-12-21T21:11:09.321+0000] {override.py:1911} INFO - Created Permission View: menu access on DAG Run:example_xcom_args_with_operators
[2024-12-21T21:11:09.323+0000] {logging_mixin.py:190} INFO - [2024-12-21T21:11:09.323+0000] {dag.py:3239} INFO - Sync 2 DAGs
[2024-12-21T21:11:09.355+0000] {logging_mixin.py:190} INFO - [2024-12-21T21:11:09.355+0000] {dag.py:3262} INFO - Creating ORM DAG for example_xcom_args
[2024-12-21T21:11:09.358+0000] {logging_mixin.py:190} INFO - [2024-12-21T21:11:09.357+0000] {dag.py:3262} INFO - Creating ORM DAG for example_xcom_args_with_operators
[2024-12-21T21:11:09.360+0000] {logging_mixin.py:190} INFO - [2024-12-21T21:11:09.359+0000] {dag.py:4180} INFO - Setting next_dagrun for example_xcom_args to None, run_after=None
[2024-12-21T21:11:09.362+0000] {logging_mixin.py:190} INFO - [2024-12-21T21:11:09.361+0000] {dag.py:4180} INFO - Setting next_dagrun for example_xcom_args_with_operators to None, run_after=None
[2024-12-21T21:11:09.413+0000] {processor.py:208} INFO - Processing /home/airflow/.local/lib/python3.12/site-packages/airflow/example_dags/example_xcomargs.py took 0.979 seconds
[2024-12-21T21:11:39.692+0000] {processor.py:186} INFO - Started process (PID=520) to work on /home/airflow/.local/lib/python3.12/site-packages/airflow/example_dags/example_xcomargs.py
[2024-12-21T21:11:39.694+0000] {processor.py:914} INFO - Processing file /home/airflow/.local/lib/python3.12/site-packages/airflow/example_dags/example_xcomargs.py for tasks to queue
[2024-12-21T21:11:39.699+0000] {logging_mixin.py:190} INFO - [2024-12-21T21:11:39.698+0000] {dagbag.py:588} INFO - Filling up the DagBag from /home/airflow/.local/lib/python3.12/site-packages/airflow/example_dags/example_xcomargs.py
[2024-12-21T21:11:39.719+0000] {processor.py:925} INFO - DAG(s) 'example_xcom_args', 'example_xcom_args_with_operators' retrieved from /home/airflow/.local/lib/python3.12/site-packages/airflow/example_dags/example_xcomargs.py
[2024-12-21T21:11:39.773+0000] {logging_mixin.py:190} INFO - [2024-12-21T21:11:39.772+0000] {dag.py:3239} INFO - Sync 2 DAGs
[2024-12-21T21:11:39.815+0000] {logging_mixin.py:190} INFO - [2024-12-21T21:11:39.815+0000] {dag.py:4180} INFO - Setting next_dagrun for example_xcom_args to None, run_after=None
[2024-12-21T21:11:39.825+0000] {logging_mixin.py:190} INFO - [2024-12-21T21:11:39.825+0000] {dag.py:4180} INFO - Setting next_dagrun for example_xcom_args_with_operators to None, run_after=None
[2024-12-21T21:11:39.869+0000] {processor.py:208} INFO - Processing /home/airflow/.local/lib/python3.12/site-packages/airflow/example_dags/example_xcomargs.py took 0.188 seconds
[2024-12-21T21:12:10.037+0000] {processor.py:186} INFO - Started process (PID=809) to work on /home/airflow/.local/lib/python3.12/site-packages/airflow/example_dags/example_xcomargs.py
[2024-12-21T21:12:10.038+0000] {processor.py:914} INFO - Processing file /home/airflow/.local/lib/python3.12/site-packages/airflow/example_dags/example_xcomargs.py for tasks to queue
[2024-12-21T21:12:10.043+0000] {logging_mixin.py:190} INFO - [2024-12-21T21:12:10.042+0000] {dagbag.py:588} INFO - Filling up the DagBag from /home/airflow/.local/lib/python3.12/site-packages/airflow/example_dags/example_xcomargs.py
[2024-12-21T21:12:10.072+0000] {processor.py:925} INFO - DAG(s) 'example_xcom_args_with_operators', 'example_xcom_args' retrieved from /home/airflow/.local/lib/python3.12/site-packages/airflow/example_dags/example_xcomargs.py
[2024-12-21T21:12:10.124+0000] {logging_mixin.py:190} INFO - [2024-12-21T21:12:10.123+0000] {dag.py:3239} INFO - Sync 2 DAGs
[2024-12-21T21:12:10.163+0000] {logging_mixin.py:190} INFO - [2024-12-21T21:12:10.162+0000] {dag.py:4180} INFO - Setting next_dagrun for example_xcom_args to None, run_after=None
[2024-12-21T21:12:10.172+0000] {logging_mixin.py:190} INFO - [2024-12-21T21:12:10.171+0000] {dag.py:4180} INFO - Setting next_dagrun for example_xcom_args_with_operators to None, run_after=None
[2024-12-21T21:12:10.203+0000] {processor.py:208} INFO - Processing /home/airflow/.local/lib/python3.12/site-packages/airflow/example_dags/example_xcomargs.py took 0.182 seconds
[2024-12-21T21:12:40.734+0000] {processor.py:186} INFO - Started process (PID=1105) to work on /home/airflow/.local/lib/python3.12/site-packages/airflow/example_dags/example_xcomargs.py
[2024-12-21T21:12:40.735+0000] {processor.py:914} INFO - Processing file /home/airflow/.local/lib/python3.12/site-packages/airflow/example_dags/example_xcomargs.py for tasks to queue
[2024-12-21T21:12:40.741+0000] {logging_mixin.py:190} INFO - [2024-12-21T21:12:40.740+0000] {dagbag.py:588} INFO - Filling up the DagBag from /home/airflow/.local/lib/python3.12/site-packages/airflow/example_dags/example_xcomargs.py
[2024-12-21T21:12:40.761+0000] {processor.py:925} INFO - DAG(s) 'example_xcom_args_with_operators', 'example_xcom_args' retrieved from /home/airflow/.local/lib/python3.12/site-packages/airflow/example_dags/example_xcomargs.py
[2024-12-21T21:12:40.811+0000] {logging_mixin.py:190} INFO - [2024-12-21T21:12:40.811+0000] {dag.py:3239} INFO - Sync 2 DAGs
[2024-12-21T21:12:40.847+0000] {logging_mixin.py:190} INFO - [2024-12-21T21:12:40.847+0000] {dag.py:4180} INFO - Setting next_dagrun for example_xcom_args to None, run_after=None
[2024-12-21T21:12:40.857+0000] {logging_mixin.py:190} INFO - [2024-12-21T21:12:40.856+0000] {dag.py:4180} INFO - Setting next_dagrun for example_xcom_args_with_operators to None, run_after=None
[2024-12-21T21:12:40.895+0000] {processor.py:208} INFO - Processing /home/airflow/.local/lib/python3.12/site-packages/airflow/example_dags/example_xcomargs.py took 0.172 seconds
[2024-12-21T21:13:11.043+0000] {processor.py:186} INFO - Started process (PID=1401) to work on /home/airflow/.local/lib/python3.12/site-packages/airflow/example_dags/example_xcomargs.py
[2024-12-21T21:13:11.045+0000] {processor.py:914} INFO - Processing file /home/airflow/.local/lib/python3.12/site-packages/airflow/example_dags/example_xcomargs.py for tasks to queue
[2024-12-21T21:13:11.050+0000] {logging_mixin.py:190} INFO - [2024-12-21T21:13:11.049+0000] {dagbag.py:588} INFO - Filling up the DagBag from /home/airflow/.local/lib/python3.12/site-packages/airflow/example_dags/example_xcomargs.py
[2024-12-21T21:13:11.093+0000] {processor.py:925} INFO - DAG(s) 'example_xcom_args', 'example_xcom_args_with_operators' retrieved from /home/airflow/.local/lib/python3.12/site-packages/airflow/example_dags/example_xcomargs.py
[2024-12-21T21:13:11.145+0000] {logging_mixin.py:190} INFO - [2024-12-21T21:13:11.145+0000] {dag.py:3239} INFO - Sync 2 DAGs
[2024-12-21T21:13:11.178+0000] {logging_mixin.py:190} INFO - [2024-12-21T21:13:11.177+0000] {dag.py:4180} INFO - Setting next_dagrun for example_xcom_args to None, run_after=None
[2024-12-21T21:13:11.190+0000] {logging_mixin.py:190} INFO - [2024-12-21T21:13:11.189+0000] {dag.py:4180} INFO - Setting next_dagrun for example_xcom_args_with_operators to None, run_after=None
[2024-12-21T21:13:11.230+0000] {processor.py:208} INFO - Processing /home/airflow/.local/lib/python3.12/site-packages/airflow/example_dags/example_xcomargs.py took 0.198 seconds
[2024-12-21T21:13:41.976+0000] {processor.py:186} INFO - Started process (PID=1697) to work on /home/airflow/.local/lib/python3.12/site-packages/airflow/example_dags/example_xcomargs.py
[2024-12-21T21:13:41.978+0000] {processor.py:914} INFO - Processing file /home/airflow/.local/lib/python3.12/site-packages/airflow/example_dags/example_xcomargs.py for tasks to queue
[2024-12-21T21:13:41.982+0000] {logging_mixin.py:190} INFO - [2024-12-21T21:13:41.982+0000] {dagbag.py:588} INFO - Filling up the DagBag from /home/airflow/.local/lib/python3.12/site-packages/airflow/example_dags/example_xcomargs.py
[2024-12-21T21:13:42.002+0000] {processor.py:925} INFO - DAG(s) 'example_xcom_args', 'example_xcom_args_with_operators' retrieved from /home/airflow/.local/lib/python3.12/site-packages/airflow/example_dags/example_xcomargs.py
[2024-12-21T21:13:42.055+0000] {logging_mixin.py:190} INFO - [2024-12-21T21:13:42.055+0000] {dag.py:3239} INFO - Sync 2 DAGs
[2024-12-21T21:13:42.088+0000] {logging_mixin.py:190} INFO - [2024-12-21T21:13:42.088+0000] {dag.py:4180} INFO - Setting next_dagrun for example_xcom_args to None, run_after=None
[2024-12-21T21:13:42.098+0000] {logging_mixin.py:190} INFO - [2024-12-21T21:13:42.098+0000] {dag.py:4180} INFO - Setting next_dagrun for example_xcom_args_with_operators to None, run_after=None
[2024-12-21T21:13:42.137+0000] {processor.py:208} INFO - Processing /home/airflow/.local/lib/python3.12/site-packages/airflow/example_dags/example_xcomargs.py took 0.173 seconds
[2024-12-21T21:14:12.992+0000] {processor.py:186} INFO - Started process (PID=1993) to work on /home/airflow/.local/lib/python3.12/site-packages/airflow/example_dags/example_xcomargs.py
[2024-12-21T21:14:12.993+0000] {processor.py:914} INFO - Processing file /home/airflow/.local/lib/python3.12/site-packages/airflow/example_dags/example_xcomargs.py for tasks to queue
[2024-12-21T21:14:12.998+0000] {logging_mixin.py:190} INFO - [2024-12-21T21:14:12.998+0000] {dagbag.py:588} INFO - Filling up the DagBag from /home/airflow/.local/lib/python3.12/site-packages/airflow/example_dags/example_xcomargs.py
[2024-12-21T21:14:13.022+0000] {processor.py:925} INFO - DAG(s) 'example_xcom_args_with_operators', 'example_xcom_args' retrieved from /home/airflow/.local/lib/python3.12/site-packages/airflow/example_dags/example_xcomargs.py
[2024-12-21T21:14:13.074+0000] {logging_mixin.py:190} INFO - [2024-12-21T21:14:13.074+0000] {dag.py:3239} INFO - Sync 2 DAGs
[2024-12-21T21:14:13.105+0000] {logging_mixin.py:190} INFO - [2024-12-21T21:14:13.104+0000] {dag.py:4180} INFO - Setting next_dagrun for example_xcom_args to None, run_after=None
[2024-12-21T21:14:13.113+0000] {logging_mixin.py:190} INFO - [2024-12-21T21:14:13.113+0000] {dag.py:4180} INFO - Setting next_dagrun for example_xcom_args_with_operators to None, run_after=None
[2024-12-21T21:14:13.152+0000] {processor.py:208} INFO - Processing /home/airflow/.local/lib/python3.12/site-packages/airflow/example_dags/example_xcomargs.py took 0.171 seconds
[2024-12-21T21:14:43.305+0000] {processor.py:186} INFO - Started process (PID=2289) to work on /home/airflow/.local/lib/python3.12/site-packages/airflow/example_dags/example_xcomargs.py
[2024-12-21T21:14:43.307+0000] {processor.py:914} INFO - Processing file /home/airflow/.local/lib/python3.12/site-packages/airflow/example_dags/example_xcomargs.py for tasks to queue
[2024-12-21T21:14:43.311+0000] {logging_mixin.py:190} INFO - [2024-12-21T21:14:43.311+0000] {dagbag.py:588} INFO - Filling up the DagBag from /home/airflow/.local/lib/python3.12/site-packages/airflow/example_dags/example_xcomargs.py
[2024-12-21T21:14:43.332+0000] {processor.py:925} INFO - DAG(s) 'example_xcom_args', 'example_xcom_args_with_operators' retrieved from /home/airflow/.local/lib/python3.12/site-packages/airflow/example_dags/example_xcomargs.py
[2024-12-21T21:14:43.378+0000] {logging_mixin.py:190} INFO - [2024-12-21T21:14:43.378+0000] {dag.py:3239} INFO - Sync 2 DAGs
[2024-12-21T21:14:43.410+0000] {logging_mixin.py:190} INFO - [2024-12-21T21:14:43.409+0000] {dag.py:4180} INFO - Setting next_dagrun for example_xcom_args to None, run_after=None
[2024-12-21T21:14:43.421+0000] {logging_mixin.py:190} INFO - [2024-12-21T21:14:43.420+0000] {dag.py:4180} INFO - Setting next_dagrun for example_xcom_args_with_operators to None, run_after=None
[2024-12-21T21:14:43.462+0000] {processor.py:208} INFO - Processing /home/airflow/.local/lib/python3.12/site-packages/airflow/example_dags/example_xcomargs.py took 0.171 seconds
[2024-12-21T21:15:13.586+0000] {processor.py:186} INFO - Started process (PID=2585) to work on /home/airflow/.local/lib/python3.12/site-packages/airflow/example_dags/example_xcomargs.py
[2024-12-21T21:15:13.588+0000] {processor.py:914} INFO - Processing file /home/airflow/.local/lib/python3.12/site-packages/airflow/example_dags/example_xcomargs.py for tasks to queue
[2024-12-21T21:15:13.592+0000] {logging_mixin.py:190} INFO - [2024-12-21T21:15:13.592+0000] {dagbag.py:588} INFO - Filling up the DagBag from /home/airflow/.local/lib/python3.12/site-packages/airflow/example_dags/example_xcomargs.py
[2024-12-21T21:15:13.614+0000] {processor.py:925} INFO - DAG(s) 'example_xcom_args', 'example_xcom_args_with_operators' retrieved from /home/airflow/.local/lib/python3.12/site-packages/airflow/example_dags/example_xcomargs.py
[2024-12-21T21:15:13.664+0000] {logging_mixin.py:190} INFO - [2024-12-21T21:15:13.663+0000] {dag.py:3239} INFO - Sync 2 DAGs
[2024-12-21T21:15:13.700+0000] {logging_mixin.py:190} INFO - [2024-12-21T21:15:13.699+0000] {dag.py:4180} INFO - Setting next_dagrun for example_xcom_args to None, run_after=None
[2024-12-21T21:15:13.708+0000] {logging_mixin.py:190} INFO - [2024-12-21T21:15:13.708+0000] {dag.py:4180} INFO - Setting next_dagrun for example_xcom_args_with_operators to None, run_after=None
[2024-12-21T21:15:13.746+0000] {processor.py:208} INFO - Processing /home/airflow/.local/lib/python3.12/site-packages/airflow/example_dags/example_xcomargs.py took 0.171 seconds
[2024-12-21T21:15:44.363+0000] {processor.py:186} INFO - Started process (PID=2881) to work on /home/airflow/.local/lib/python3.12/site-packages/airflow/example_dags/example_xcomargs.py
[2024-12-21T21:15:44.365+0000] {processor.py:914} INFO - Processing file /home/airflow/.local/lib/python3.12/site-packages/airflow/example_dags/example_xcomargs.py for tasks to queue
[2024-12-21T21:15:44.369+0000] {logging_mixin.py:190} INFO - [2024-12-21T21:15:44.369+0000] {dagbag.py:588} INFO - Filling up the DagBag from /home/airflow/.local/lib/python3.12/site-packages/airflow/example_dags/example_xcomargs.py
[2024-12-21T21:15:44.392+0000] {processor.py:925} INFO - DAG(s) 'example_xcom_args_with_operators', 'example_xcom_args' retrieved from /home/airflow/.local/lib/python3.12/site-packages/airflow/example_dags/example_xcomargs.py
[2024-12-21T21:15:44.444+0000] {logging_mixin.py:190} INFO - [2024-12-21T21:15:44.444+0000] {dag.py:3239} INFO - Sync 2 DAGs
[2024-12-21T21:15:44.475+0000] {logging_mixin.py:190} INFO - [2024-12-21T21:15:44.474+0000] {dag.py:4180} INFO - Setting next_dagrun for example_xcom_args to None, run_after=None
[2024-12-21T21:15:44.484+0000] {logging_mixin.py:190} INFO - [2024-12-21T21:15:44.483+0000] {dag.py:4180} INFO - Setting next_dagrun for example_xcom_args_with_operators to None, run_after=None
[2024-12-21T21:15:44.523+0000] {processor.py:208} INFO - Processing /home/airflow/.local/lib/python3.12/site-packages/airflow/example_dags/example_xcomargs.py took 0.171 seconds
[2024-12-21T21:16:17.034+0000] {processor.py:186} INFO - Started process (PID=3177) to work on /home/airflow/.local/lib/python3.12/site-packages/airflow/example_dags/example_xcomargs.py
[2024-12-21T21:16:17.036+0000] {processor.py:914} INFO - Processing file /home/airflow/.local/lib/python3.12/site-packages/airflow/example_dags/example_xcomargs.py for tasks to queue
[2024-12-21T21:16:17.042+0000] {logging_mixin.py:190} INFO - [2024-12-21T21:16:17.041+0000] {dagbag.py:588} INFO - Filling up the DagBag from /home/airflow/.local/lib/python3.12/site-packages/airflow/example_dags/example_xcomargs.py
[2024-12-21T21:16:17.070+0000] {processor.py:925} INFO - DAG(s) 'example_xcom_args', 'example_xcom_args_with_operators' retrieved from /home/airflow/.local/lib/python3.12/site-packages/airflow/example_dags/example_xcomargs.py
[2024-12-21T21:16:17.129+0000] {logging_mixin.py:190} INFO - [2024-12-21T21:16:17.128+0000] {dag.py:3239} INFO - Sync 2 DAGs
[2024-12-21T21:16:17.170+0000] {logging_mixin.py:190} INFO - [2024-12-21T21:16:17.170+0000] {dag.py:4180} INFO - Setting next_dagrun for example_xcom_args to None, run_after=None
[2024-12-21T21:16:17.180+0000] {logging_mixin.py:190} INFO - [2024-12-21T21:16:17.180+0000] {dag.py:4180} INFO - Setting next_dagrun for example_xcom_args_with_operators to None, run_after=None
[2024-12-21T21:16:17.226+0000] {processor.py:208} INFO - Processing /home/airflow/.local/lib/python3.12/site-packages/airflow/example_dags/example_xcomargs.py took 0.208 seconds
[2024-12-21T21:16:48.017+0000] {processor.py:186} INFO - Started process (PID=3422) to work on /home/airflow/.local/lib/python3.12/site-packages/airflow/example_dags/example_xcomargs.py
[2024-12-21T21:16:48.019+0000] {processor.py:914} INFO - Processing file /home/airflow/.local/lib/python3.12/site-packages/airflow/example_dags/example_xcomargs.py for tasks to queue
[2024-12-21T21:16:48.025+0000] {logging_mixin.py:190} INFO - [2024-12-21T21:16:48.025+0000] {dagbag.py:588} INFO - Filling up the DagBag from /home/airflow/.local/lib/python3.12/site-packages/airflow/example_dags/example_xcomargs.py
[2024-12-21T21:16:48.050+0000] {processor.py:925} INFO - DAG(s) 'example_xcom_args_with_operators', 'example_xcom_args' retrieved from /home/airflow/.local/lib/python3.12/site-packages/airflow/example_dags/example_xcomargs.py
[2024-12-21T21:16:48.106+0000] {logging_mixin.py:190} INFO - [2024-12-21T21:16:48.106+0000] {dag.py:3239} INFO - Sync 2 DAGs
[2024-12-21T21:16:48.149+0000] {logging_mixin.py:190} INFO - [2024-12-21T21:16:48.148+0000] {dag.py:4180} INFO - Setting next_dagrun for example_xcom_args to None, run_after=None
[2024-12-21T21:16:48.160+0000] {logging_mixin.py:190} INFO - [2024-12-21T21:16:48.159+0000] {dag.py:4180} INFO - Setting next_dagrun for example_xcom_args_with_operators to None, run_after=None
[2024-12-21T21:16:48.207+0000] {processor.py:208} INFO - Processing /home/airflow/.local/lib/python3.12/site-packages/airflow/example_dags/example_xcomargs.py took 0.203 seconds
[2024-12-21T21:17:18.786+0000] {processor.py:186} INFO - Started process (PID=3698) to work on /home/airflow/.local/lib/python3.12/site-packages/airflow/example_dags/example_xcomargs.py
[2024-12-21T21:17:18.788+0000] {processor.py:914} INFO - Processing file /home/airflow/.local/lib/python3.12/site-packages/airflow/example_dags/example_xcomargs.py for tasks to queue
[2024-12-21T21:17:18.792+0000] {logging_mixin.py:190} INFO - [2024-12-21T21:17:18.792+0000] {dagbag.py:588} INFO - Filling up the DagBag from /home/airflow/.local/lib/python3.12/site-packages/airflow/example_dags/example_xcomargs.py
[2024-12-21T21:17:18.817+0000] {processor.py:925} INFO - DAG(s) 'example_xcom_args', 'example_xcom_args_with_operators' retrieved from /home/airflow/.local/lib/python3.12/site-packages/airflow/example_dags/example_xcomargs.py
[2024-12-21T21:17:18.872+0000] {logging_mixin.py:190} INFO - [2024-12-21T21:17:18.872+0000] {dag.py:3239} INFO - Sync 2 DAGs
[2024-12-21T21:17:18.907+0000] {logging_mixin.py:190} INFO - [2024-12-21T21:17:18.906+0000] {dag.py:4180} INFO - Setting next_dagrun for example_xcom_args to None, run_after=None
[2024-12-21T21:17:18.916+0000] {logging_mixin.py:190} INFO - [2024-12-21T21:17:18.915+0000] {dag.py:4180} INFO - Setting next_dagrun for example_xcom_args_with_operators to None, run_after=None
[2024-12-21T21:17:18.952+0000] {processor.py:208} INFO - Processing /home/airflow/.local/lib/python3.12/site-packages/airflow/example_dags/example_xcomargs.py took 0.179 seconds
[2024-12-21T21:17:50.069+0000] {processor.py:186} INFO - Started process (PID=3961) to work on /home/airflow/.local/lib/python3.12/site-packages/airflow/example_dags/example_xcomargs.py
[2024-12-21T21:17:50.071+0000] {processor.py:914} INFO - Processing file /home/airflow/.local/lib/python3.12/site-packages/airflow/example_dags/example_xcomargs.py for tasks to queue
[2024-12-21T21:17:50.077+0000] {logging_mixin.py:190} INFO - [2024-12-21T21:17:50.076+0000] {dagbag.py:588} INFO - Filling up the DagBag from /home/airflow/.local/lib/python3.12/site-packages/airflow/example_dags/example_xcomargs.py
[2024-12-21T21:17:50.100+0000] {processor.py:925} INFO - DAG(s) 'example_xcom_args_with_operators', 'example_xcom_args' retrieved from /home/airflow/.local/lib/python3.12/site-packages/airflow/example_dags/example_xcomargs.py
[2024-12-21T21:17:50.163+0000] {logging_mixin.py:190} INFO - [2024-12-21T21:17:50.162+0000] {dag.py:3239} INFO - Sync 2 DAGs
[2024-12-21T21:17:50.205+0000] {logging_mixin.py:190} INFO - [2024-12-21T21:17:50.204+0000] {dag.py:4180} INFO - Setting next_dagrun for example_xcom_args to None, run_after=None
[2024-12-21T21:17:50.216+0000] {logging_mixin.py:190} INFO - [2024-12-21T21:17:50.215+0000] {dag.py:4180} INFO - Setting next_dagrun for example_xcom_args_with_operators to None, run_after=None
[2024-12-21T21:17:50.283+0000] {processor.py:208} INFO - Processing /home/airflow/.local/lib/python3.12/site-packages/airflow/example_dags/example_xcomargs.py took 0.227 seconds
[2024-12-21T21:18:20.843+0000] {processor.py:186} INFO - Started process (PID=4245) to work on /home/airflow/.local/lib/python3.12/site-packages/airflow/example_dags/example_xcomargs.py
[2024-12-21T21:18:20.845+0000] {processor.py:914} INFO - Processing file /home/airflow/.local/lib/python3.12/site-packages/airflow/example_dags/example_xcomargs.py for tasks to queue
[2024-12-21T21:18:20.850+0000] {logging_mixin.py:190} INFO - [2024-12-21T21:18:20.849+0000] {dagbag.py:588} INFO - Filling up the DagBag from /home/airflow/.local/lib/python3.12/site-packages/airflow/example_dags/example_xcomargs.py
[2024-12-21T21:18:20.875+0000] {processor.py:925} INFO - DAG(s) 'example_xcom_args_with_operators', 'example_xcom_args' retrieved from /home/airflow/.local/lib/python3.12/site-packages/airflow/example_dags/example_xcomargs.py
[2024-12-21T21:18:20.932+0000] {logging_mixin.py:190} INFO - [2024-12-21T21:18:20.931+0000] {dag.py:3239} INFO - Sync 2 DAGs
[2024-12-21T21:18:20.968+0000] {logging_mixin.py:190} INFO - [2024-12-21T21:18:20.968+0000] {dag.py:4180} INFO - Setting next_dagrun for example_xcom_args to None, run_after=None
[2024-12-21T21:18:20.978+0000] {logging_mixin.py:190} INFO - [2024-12-21T21:18:20.978+0000] {dag.py:4180} INFO - Setting next_dagrun for example_xcom_args_with_operators to None, run_after=None
[2024-12-21T21:18:21.043+0000] {processor.py:208} INFO - Processing /home/airflow/.local/lib/python3.12/site-packages/airflow/example_dags/example_xcomargs.py took 0.212 seconds
[2024-12-21T21:18:51.332+0000] {processor.py:186} INFO - Started process (PID=4536) to work on /home/airflow/.local/lib/python3.12/site-packages/airflow/example_dags/example_xcomargs.py
[2024-12-21T21:18:51.335+0000] {processor.py:914} INFO - Processing file /home/airflow/.local/lib/python3.12/site-packages/airflow/example_dags/example_xcomargs.py for tasks to queue
[2024-12-21T21:18:51.342+0000] {logging_mixin.py:190} INFO - [2024-12-21T21:18:51.341+0000] {dagbag.py:588} INFO - Filling up the DagBag from /home/airflow/.local/lib/python3.12/site-packages/airflow/example_dags/example_xcomargs.py
[2024-12-21T21:18:51.369+0000] {processor.py:925} INFO - DAG(s) 'example_xcom_args', 'example_xcom_args_with_operators' retrieved from /home/airflow/.local/lib/python3.12/site-packages/airflow/example_dags/example_xcomargs.py
[2024-12-21T21:18:51.438+0000] {logging_mixin.py:190} INFO - [2024-12-21T21:18:51.437+0000] {dag.py:3239} INFO - Sync 2 DAGs
[2024-12-21T21:18:51.485+0000] {logging_mixin.py:190} INFO - [2024-12-21T21:18:51.484+0000] {dag.py:4180} INFO - Setting next_dagrun for example_xcom_args to None, run_after=None
[2024-12-21T21:18:51.495+0000] {logging_mixin.py:190} INFO - [2024-12-21T21:18:51.495+0000] {dag.py:4180} INFO - Setting next_dagrun for example_xcom_args_with_operators to None, run_after=None
[2024-12-21T21:18:51.542+0000] {processor.py:208} INFO - Processing /home/airflow/.local/lib/python3.12/site-packages/airflow/example_dags/example_xcomargs.py took 0.233 seconds
[2024-12-21T21:19:21.751+0000] {processor.py:186} INFO - Started process (PID=4834) to work on /home/airflow/.local/lib/python3.12/site-packages/airflow/example_dags/example_xcomargs.py
[2024-12-21T21:19:21.753+0000] {processor.py:914} INFO - Processing file /home/airflow/.local/lib/python3.12/site-packages/airflow/example_dags/example_xcomargs.py for tasks to queue
[2024-12-21T21:19:21.758+0000] {logging_mixin.py:190} INFO - [2024-12-21T21:19:21.757+0000] {dagbag.py:588} INFO - Filling up the DagBag from /home/airflow/.local/lib/python3.12/site-packages/airflow/example_dags/example_xcomargs.py
[2024-12-21T21:19:21.783+0000] {processor.py:925} INFO - DAG(s) 'example_xcom_args_with_operators', 'example_xcom_args' retrieved from /home/airflow/.local/lib/python3.12/site-packages/airflow/example_dags/example_xcomargs.py
[2024-12-21T21:19:21.832+0000] {logging_mixin.py:190} INFO - [2024-12-21T21:19:21.831+0000] {dag.py:3239} INFO - Sync 2 DAGs
[2024-12-21T21:19:21.869+0000] {logging_mixin.py:190} INFO - [2024-12-21T21:19:21.869+0000] {dag.py:4180} INFO - Setting next_dagrun for example_xcom_args to None, run_after=None
[2024-12-21T21:19:21.879+0000] {logging_mixin.py:190} INFO - [2024-12-21T21:19:21.879+0000] {dag.py:4180} INFO - Setting next_dagrun for example_xcom_args_with_operators to None, run_after=None
[2024-12-21T21:19:21.940+0000] {processor.py:208} INFO - Processing /home/airflow/.local/lib/python3.12/site-packages/airflow/example_dags/example_xcomargs.py took 0.201 seconds
[2024-12-21T21:19:52.248+0000] {processor.py:186} INFO - Started process (PID=5128) to work on /home/airflow/.local/lib/python3.12/site-packages/airflow/example_dags/example_xcomargs.py
[2024-12-21T21:19:52.250+0000] {processor.py:914} INFO - Processing file /home/airflow/.local/lib/python3.12/site-packages/airflow/example_dags/example_xcomargs.py for tasks to queue
[2024-12-21T21:19:52.254+0000] {logging_mixin.py:190} INFO - [2024-12-21T21:19:52.254+0000] {dagbag.py:588} INFO - Filling up the DagBag from /home/airflow/.local/lib/python3.12/site-packages/airflow/example_dags/example_xcomargs.py
[2024-12-21T21:19:52.275+0000] {processor.py:925} INFO - DAG(s) 'example_xcom_args', 'example_xcom_args_with_operators' retrieved from /home/airflow/.local/lib/python3.12/site-packages/airflow/example_dags/example_xcomargs.py
[2024-12-21T21:19:52.323+0000] {logging_mixin.py:190} INFO - [2024-12-21T21:19:52.323+0000] {dag.py:3239} INFO - Sync 2 DAGs
[2024-12-21T21:19:52.355+0000] {logging_mixin.py:190} INFO - [2024-12-21T21:19:52.355+0000] {dag.py:4180} INFO - Setting next_dagrun for example_xcom_args to None, run_after=None
[2024-12-21T21:19:52.364+0000] {logging_mixin.py:190} INFO - [2024-12-21T21:19:52.363+0000] {dag.py:4180} INFO - Setting next_dagrun for example_xcom_args_with_operators to None, run_after=None
[2024-12-21T21:19:52.403+0000] {processor.py:208} INFO - Processing /home/airflow/.local/lib/python3.12/site-packages/airflow/example_dags/example_xcomargs.py took 0.188 seconds
[2024-12-21T21:20:23.279+0000] {processor.py:186} INFO - Started process (PID=5418) to work on /home/airflow/.local/lib/python3.12/site-packages/airflow/example_dags/example_xcomargs.py
[2024-12-21T21:20:23.281+0000] {processor.py:914} INFO - Processing file /home/airflow/.local/lib/python3.12/site-packages/airflow/example_dags/example_xcomargs.py for tasks to queue
[2024-12-21T21:20:23.286+0000] {logging_mixin.py:190} INFO - [2024-12-21T21:20:23.285+0000] {dagbag.py:588} INFO - Filling up the DagBag from /home/airflow/.local/lib/python3.12/site-packages/airflow/example_dags/example_xcomargs.py
[2024-12-21T21:20:23.311+0000] {processor.py:925} INFO - DAG(s) 'example_xcom_args_with_operators', 'example_xcom_args' retrieved from /home/airflow/.local/lib/python3.12/site-packages/airflow/example_dags/example_xcomargs.py
[2024-12-21T21:20:23.374+0000] {logging_mixin.py:190} INFO - [2024-12-21T21:20:23.374+0000] {dag.py:3239} INFO - Sync 2 DAGs
[2024-12-21T21:20:23.415+0000] {logging_mixin.py:190} INFO - [2024-12-21T21:20:23.415+0000] {dag.py:4180} INFO - Setting next_dagrun for example_xcom_args to None, run_after=None
[2024-12-21T21:20:23.429+0000] {logging_mixin.py:190} INFO - [2024-12-21T21:20:23.428+0000] {dag.py:4180} INFO - Setting next_dagrun for example_xcom_args_with_operators to None, run_after=None
[2024-12-21T21:20:23.473+0000] {processor.py:208} INFO - Processing /home/airflow/.local/lib/python3.12/site-packages/airflow/example_dags/example_xcomargs.py took 0.209 seconds
[2024-12-21T21:20:53.701+0000] {processor.py:186} INFO - Started process (PID=5709) to work on /home/airflow/.local/lib/python3.12/site-packages/airflow/example_dags/example_xcomargs.py
[2024-12-21T21:20:53.703+0000] {processor.py:914} INFO - Processing file /home/airflow/.local/lib/python3.12/site-packages/airflow/example_dags/example_xcomargs.py for tasks to queue
[2024-12-21T21:20:53.707+0000] {logging_mixin.py:190} INFO - [2024-12-21T21:20:53.707+0000] {dagbag.py:588} INFO - Filling up the DagBag from /home/airflow/.local/lib/python3.12/site-packages/airflow/example_dags/example_xcomargs.py
[2024-12-21T21:20:53.731+0000] {processor.py:925} INFO - DAG(s) 'example_xcom_args', 'example_xcom_args_with_operators' retrieved from /home/airflow/.local/lib/python3.12/site-packages/airflow/example_dags/example_xcomargs.py
[2024-12-21T21:20:53.779+0000] {logging_mixin.py:190} INFO - [2024-12-21T21:20:53.778+0000] {dag.py:3239} INFO - Sync 2 DAGs
[2024-12-21T21:20:53.808+0000] {logging_mixin.py:190} INFO - [2024-12-21T21:20:53.807+0000] {dag.py:4180} INFO - Setting next_dagrun for example_xcom_args to None, run_after=None
[2024-12-21T21:20:53.818+0000] {logging_mixin.py:190} INFO - [2024-12-21T21:20:53.817+0000] {dag.py:4180} INFO - Setting next_dagrun for example_xcom_args_with_operators to None, run_after=None
[2024-12-21T21:20:53.921+0000] {processor.py:208} INFO - Processing /home/airflow/.local/lib/python3.12/site-packages/airflow/example_dags/example_xcomargs.py took 0.233 seconds
[2024-12-21T21:21:24.505+0000] {processor.py:186} INFO - Started process (PID=6003) to work on /home/airflow/.local/lib/python3.12/site-packages/airflow/example_dags/example_xcomargs.py
[2024-12-21T21:21:24.507+0000] {processor.py:914} INFO - Processing file /home/airflow/.local/lib/python3.12/site-packages/airflow/example_dags/example_xcomargs.py for tasks to queue
[2024-12-21T21:21:24.514+0000] {logging_mixin.py:190} INFO - [2024-12-21T21:21:24.513+0000] {dagbag.py:588} INFO - Filling up the DagBag from /home/airflow/.local/lib/python3.12/site-packages/airflow/example_dags/example_xcomargs.py
[2024-12-21T21:21:24.544+0000] {processor.py:925} INFO - DAG(s) 'example_xcom_args_with_operators', 'example_xcom_args' retrieved from /home/airflow/.local/lib/python3.12/site-packages/airflow/example_dags/example_xcomargs.py
[2024-12-21T21:21:24.603+0000] {logging_mixin.py:190} INFO - [2024-12-21T21:21:24.602+0000] {dag.py:3239} INFO - Sync 2 DAGs
[2024-12-21T21:21:24.651+0000] {logging_mixin.py:190} INFO - [2024-12-21T21:21:24.650+0000] {dag.py:4180} INFO - Setting next_dagrun for example_xcom_args to None, run_after=None
[2024-12-21T21:21:24.661+0000] {logging_mixin.py:190} INFO - [2024-12-21T21:21:24.661+0000] {dag.py:4180} INFO - Setting next_dagrun for example_xcom_args_with_operators to None, run_after=None
[2024-12-21T21:21:24.706+0000] {processor.py:208} INFO - Processing /home/airflow/.local/lib/python3.12/site-packages/airflow/example_dags/example_xcomargs.py took 0.216 seconds
[2024-12-21T21:21:55.452+0000] {processor.py:186} INFO - Started process (PID=6299) to work on /home/airflow/.local/lib/python3.12/site-packages/airflow/example_dags/example_xcomargs.py
[2024-12-21T21:21:55.455+0000] {processor.py:914} INFO - Processing file /home/airflow/.local/lib/python3.12/site-packages/airflow/example_dags/example_xcomargs.py for tasks to queue
[2024-12-21T21:21:55.463+0000] {logging_mixin.py:190} INFO - [2024-12-21T21:21:55.462+0000] {dagbag.py:588} INFO - Filling up the DagBag from /home/airflow/.local/lib/python3.12/site-packages/airflow/example_dags/example_xcomargs.py
[2024-12-21T21:21:55.495+0000] {processor.py:925} INFO - DAG(s) 'example_xcom_args', 'example_xcom_args_with_operators' retrieved from /home/airflow/.local/lib/python3.12/site-packages/airflow/example_dags/example_xcomargs.py
[2024-12-21T21:21:55.573+0000] {logging_mixin.py:190} INFO - [2024-12-21T21:21:55.572+0000] {dag.py:3239} INFO - Sync 2 DAGs
[2024-12-21T21:21:55.622+0000] {logging_mixin.py:190} INFO - [2024-12-21T21:21:55.621+0000] {dag.py:4180} INFO - Setting next_dagrun for example_xcom_args to None, run_after=None
[2024-12-21T21:21:55.635+0000] {logging_mixin.py:190} INFO - [2024-12-21T21:21:55.635+0000] {dag.py:4180} INFO - Setting next_dagrun for example_xcom_args_with_operators to None, run_after=None
[2024-12-21T21:21:55.687+0000] {processor.py:208} INFO - Processing /home/airflow/.local/lib/python3.12/site-packages/airflow/example_dags/example_xcomargs.py took 0.253 seconds
[2024-12-21T21:22:25.834+0000] {processor.py:186} INFO - Started process (PID=6595) to work on /home/airflow/.local/lib/python3.12/site-packages/airflow/example_dags/example_xcomargs.py
[2024-12-21T21:22:25.836+0000] {processor.py:914} INFO - Processing file /home/airflow/.local/lib/python3.12/site-packages/airflow/example_dags/example_xcomargs.py for tasks to queue
[2024-12-21T21:22:25.842+0000] {logging_mixin.py:190} INFO - [2024-12-21T21:22:25.841+0000] {dagbag.py:588} INFO - Filling up the DagBag from /home/airflow/.local/lib/python3.12/site-packages/airflow/example_dags/example_xcomargs.py
[2024-12-21T21:22:25.868+0000] {processor.py:925} INFO - DAG(s) 'example_xcom_args', 'example_xcom_args_with_operators' retrieved from /home/airflow/.local/lib/python3.12/site-packages/airflow/example_dags/example_xcomargs.py
[2024-12-21T21:22:25.919+0000] {logging_mixin.py:190} INFO - [2024-12-21T21:22:25.918+0000] {dag.py:3239} INFO - Sync 2 DAGs
[2024-12-21T21:22:25.957+0000] {logging_mixin.py:190} INFO - [2024-12-21T21:22:25.957+0000] {dag.py:4180} INFO - Setting next_dagrun for example_xcom_args to None, run_after=None
[2024-12-21T21:22:25.967+0000] {logging_mixin.py:190} INFO - [2024-12-21T21:22:25.966+0000] {dag.py:4180} INFO - Setting next_dagrun for example_xcom_args_with_operators to None, run_after=None
[2024-12-21T21:22:26.004+0000] {processor.py:208} INFO - Processing /home/airflow/.local/lib/python3.12/site-packages/airflow/example_dags/example_xcomargs.py took 0.186 seconds
[2024-12-21T21:22:56.151+0000] {processor.py:186} INFO - Started process (PID=6891) to work on /home/airflow/.local/lib/python3.12/site-packages/airflow/example_dags/example_xcomargs.py
[2024-12-21T21:22:56.153+0000] {processor.py:914} INFO - Processing file /home/airflow/.local/lib/python3.12/site-packages/airflow/example_dags/example_xcomargs.py for tasks to queue
[2024-12-21T21:22:56.157+0000] {logging_mixin.py:190} INFO - [2024-12-21T21:22:56.157+0000] {dagbag.py:588} INFO - Filling up the DagBag from /home/airflow/.local/lib/python3.12/site-packages/airflow/example_dags/example_xcomargs.py
[2024-12-21T21:22:56.179+0000] {processor.py:925} INFO - DAG(s) 'example_xcom_args_with_operators', 'example_xcom_args' retrieved from /home/airflow/.local/lib/python3.12/site-packages/airflow/example_dags/example_xcomargs.py
[2024-12-21T21:22:56.235+0000] {logging_mixin.py:190} INFO - [2024-12-21T21:22:56.234+0000] {dag.py:3239} INFO - Sync 2 DAGs
[2024-12-21T21:22:56.271+0000] {logging_mixin.py:190} INFO - [2024-12-21T21:22:56.270+0000] {dag.py:4180} INFO - Setting next_dagrun for example_xcom_args to None, run_after=None
[2024-12-21T21:22:56.280+0000] {logging_mixin.py:190} INFO - [2024-12-21T21:22:56.279+0000] {dag.py:4180} INFO - Setting next_dagrun for example_xcom_args_with_operators to None, run_after=None
[2024-12-21T21:22:56.344+0000] {processor.py:208} INFO - Processing /home/airflow/.local/lib/python3.12/site-packages/airflow/example_dags/example_xcomargs.py took 0.205 seconds
[2024-12-21T21:23:26.604+0000] {processor.py:186} INFO - Started process (PID=7188) to work on /home/airflow/.local/lib/python3.12/site-packages/airflow/example_dags/example_xcomargs.py
[2024-12-21T21:23:26.606+0000] {processor.py:914} INFO - Processing file /home/airflow/.local/lib/python3.12/site-packages/airflow/example_dags/example_xcomargs.py for tasks to queue
[2024-12-21T21:23:26.612+0000] {logging_mixin.py:190} INFO - [2024-12-21T21:23:26.611+0000] {dagbag.py:588} INFO - Filling up the DagBag from /home/airflow/.local/lib/python3.12/site-packages/airflow/example_dags/example_xcomargs.py
[2024-12-21T21:23:26.632+0000] {processor.py:925} INFO - DAG(s) 'example_xcom_args', 'example_xcom_args_with_operators' retrieved from /home/airflow/.local/lib/python3.12/site-packages/airflow/example_dags/example_xcomargs.py
[2024-12-21T21:23:26.681+0000] {logging_mixin.py:190} INFO - [2024-12-21T21:23:26.681+0000] {dag.py:3239} INFO - Sync 2 DAGs
[2024-12-21T21:23:26.714+0000] {logging_mixin.py:190} INFO - [2024-12-21T21:23:26.713+0000] {dag.py:4180} INFO - Setting next_dagrun for example_xcom_args to None, run_after=None
[2024-12-21T21:23:26.721+0000] {logging_mixin.py:190} INFO - [2024-12-21T21:23:26.721+0000] {dag.py:4180} INFO - Setting next_dagrun for example_xcom_args_with_operators to None, run_after=None
[2024-12-21T21:23:26.777+0000] {processor.py:208} INFO - Processing /home/airflow/.local/lib/python3.12/site-packages/airflow/example_dags/example_xcomargs.py took 0.184 seconds
[2024-12-21T21:23:56.901+0000] {processor.py:186} INFO - Started process (PID=7484) to work on /home/airflow/.local/lib/python3.12/site-packages/airflow/example_dags/example_xcomargs.py
[2024-12-21T21:23:56.903+0000] {processor.py:914} INFO - Processing file /home/airflow/.local/lib/python3.12/site-packages/airflow/example_dags/example_xcomargs.py for tasks to queue
[2024-12-21T21:23:56.907+0000] {logging_mixin.py:190} INFO - [2024-12-21T21:23:56.906+0000] {dagbag.py:588} INFO - Filling up the DagBag from /home/airflow/.local/lib/python3.12/site-packages/airflow/example_dags/example_xcomargs.py
[2024-12-21T21:23:56.928+0000] {processor.py:925} INFO - DAG(s) 'example_xcom_args', 'example_xcom_args_with_operators' retrieved from /home/airflow/.local/lib/python3.12/site-packages/airflow/example_dags/example_xcomargs.py
[2024-12-21T21:23:56.976+0000] {logging_mixin.py:190} INFO - [2024-12-21T21:23:56.976+0000] {dag.py:3239} INFO - Sync 2 DAGs
[2024-12-21T21:23:57.007+0000] {logging_mixin.py:190} INFO - [2024-12-21T21:23:57.007+0000] {dag.py:4180} INFO - Setting next_dagrun for example_xcom_args to None, run_after=None
[2024-12-21T21:23:57.015+0000] {logging_mixin.py:190} INFO - [2024-12-21T21:23:57.015+0000] {dag.py:4180} INFO - Setting next_dagrun for example_xcom_args_with_operators to None, run_after=None
[2024-12-21T21:23:57.073+0000] {processor.py:208} INFO - Processing /home/airflow/.local/lib/python3.12/site-packages/airflow/example_dags/example_xcomargs.py took 0.184 seconds
[2024-12-21T21:24:27.631+0000] {processor.py:186} INFO - Started process (PID=7780) to work on /home/airflow/.local/lib/python3.12/site-packages/airflow/example_dags/example_xcomargs.py
[2024-12-21T21:24:27.634+0000] {processor.py:914} INFO - Processing file /home/airflow/.local/lib/python3.12/site-packages/airflow/example_dags/example_xcomargs.py for tasks to queue
[2024-12-21T21:24:27.640+0000] {logging_mixin.py:190} INFO - [2024-12-21T21:24:27.639+0000] {dagbag.py:588} INFO - Filling up the DagBag from /home/airflow/.local/lib/python3.12/site-packages/airflow/example_dags/example_xcomargs.py
[2024-12-21T21:24:27.666+0000] {processor.py:925} INFO - DAG(s) 'example_xcom_args_with_operators', 'example_xcom_args' retrieved from /home/airflow/.local/lib/python3.12/site-packages/airflow/example_dags/example_xcomargs.py
[2024-12-21T21:24:27.743+0000] {logging_mixin.py:190} INFO - [2024-12-21T21:24:27.742+0000] {dag.py:3239} INFO - Sync 2 DAGs
[2024-12-21T21:24:27.852+0000] {logging_mixin.py:190} INFO - [2024-12-21T21:24:27.844+0000] {dag.py:4180} INFO - Setting next_dagrun for example_xcom_args to None, run_after=None
[2024-12-21T21:24:27.880+0000] {logging_mixin.py:190} INFO - [2024-12-21T21:24:27.879+0000] {dag.py:4180} INFO - Setting next_dagrun for example_xcom_args_with_operators to None, run_after=None
[2024-12-21T21:24:27.971+0000] {processor.py:208} INFO - Processing /home/airflow/.local/lib/python3.12/site-packages/airflow/example_dags/example_xcomargs.py took 0.356 seconds
[2024-12-21T21:26:27.336+0000] {processor.py:186} INFO - Started process (PID=210) to work on /home/airflow/.local/lib/python3.12/site-packages/airflow/example_dags/example_xcomargs.py
[2024-12-21T21:26:27.338+0000] {processor.py:914} INFO - Processing file /home/airflow/.local/lib/python3.12/site-packages/airflow/example_dags/example_xcomargs.py for tasks to queue
[2024-12-21T21:26:27.342+0000] {logging_mixin.py:190} INFO - [2024-12-21T21:26:27.341+0000] {dagbag.py:588} INFO - Filling up the DagBag from /home/airflow/.local/lib/python3.12/site-packages/airflow/example_dags/example_xcomargs.py
[2024-12-21T21:26:27.366+0000] {processor.py:925} INFO - DAG(s) 'example_xcom_args_with_operators', 'example_xcom_args' retrieved from /home/airflow/.local/lib/python3.12/site-packages/airflow/example_dags/example_xcomargs.py
[2024-12-21T21:26:27.428+0000] {logging_mixin.py:190} INFO - [2024-12-21T21:26:27.427+0000] {dag.py:3239} INFO - Sync 2 DAGs
[2024-12-21T21:26:27.457+0000] {logging_mixin.py:190} INFO - [2024-12-21T21:26:27.456+0000] {dag.py:4180} INFO - Setting next_dagrun for example_xcom_args to None, run_after=None
[2024-12-21T21:26:27.465+0000] {logging_mixin.py:190} INFO - [2024-12-21T21:26:27.464+0000] {dag.py:4180} INFO - Setting next_dagrun for example_xcom_args_with_operators to None, run_after=None
[2024-12-21T21:26:27.499+0000] {processor.py:208} INFO - Processing /home/airflow/.local/lib/python3.12/site-packages/airflow/example_dags/example_xcomargs.py took 0.176 seconds
[2024-12-21T21:26:57.891+0000] {processor.py:186} INFO - Started process (PID=506) to work on /home/airflow/.local/lib/python3.12/site-packages/airflow/example_dags/example_xcomargs.py
[2024-12-21T21:26:57.893+0000] {processor.py:914} INFO - Processing file /home/airflow/.local/lib/python3.12/site-packages/airflow/example_dags/example_xcomargs.py for tasks to queue
[2024-12-21T21:26:57.898+0000] {logging_mixin.py:190} INFO - [2024-12-21T21:26:57.897+0000] {dagbag.py:588} INFO - Filling up the DagBag from /home/airflow/.local/lib/python3.12/site-packages/airflow/example_dags/example_xcomargs.py
[2024-12-21T21:26:57.916+0000] {processor.py:925} INFO - DAG(s) 'example_xcom_args_with_operators', 'example_xcom_args' retrieved from /home/airflow/.local/lib/python3.12/site-packages/airflow/example_dags/example_xcomargs.py
[2024-12-21T21:26:57.959+0000] {logging_mixin.py:190} INFO - [2024-12-21T21:26:57.958+0000] {dag.py:3239} INFO - Sync 2 DAGs
[2024-12-21T21:26:57.991+0000] {logging_mixin.py:190} INFO - [2024-12-21T21:26:57.991+0000] {dag.py:4180} INFO - Setting next_dagrun for example_xcom_args to None, run_after=None
[2024-12-21T21:26:58.002+0000] {logging_mixin.py:190} INFO - [2024-12-21T21:26:58.001+0000] {dag.py:4180} INFO - Setting next_dagrun for example_xcom_args_with_operators to None, run_after=None
[2024-12-21T21:26:58.037+0000] {processor.py:208} INFO - Processing /home/airflow/.local/lib/python3.12/site-packages/airflow/example_dags/example_xcomargs.py took 0.158 seconds
[2024-12-21T21:27:28.516+0000] {processor.py:186} INFO - Started process (PID=802) to work on /home/airflow/.local/lib/python3.12/site-packages/airflow/example_dags/example_xcomargs.py
[2024-12-21T21:27:28.518+0000] {processor.py:914} INFO - Processing file /home/airflow/.local/lib/python3.12/site-packages/airflow/example_dags/example_xcomargs.py for tasks to queue
[2024-12-21T21:27:28.525+0000] {logging_mixin.py:190} INFO - [2024-12-21T21:27:28.524+0000] {dagbag.py:588} INFO - Filling up the DagBag from /home/airflow/.local/lib/python3.12/site-packages/airflow/example_dags/example_xcomargs.py
[2024-12-21T21:27:28.548+0000] {processor.py:925} INFO - DAG(s) 'example_xcom_args', 'example_xcom_args_with_operators' retrieved from /home/airflow/.local/lib/python3.12/site-packages/airflow/example_dags/example_xcomargs.py
[2024-12-21T21:27:28.608+0000] {logging_mixin.py:190} INFO - [2024-12-21T21:27:28.607+0000] {dag.py:3239} INFO - Sync 2 DAGs
[2024-12-21T21:27:28.654+0000] {logging_mixin.py:190} INFO - [2024-12-21T21:27:28.653+0000] {dag.py:4180} INFO - Setting next_dagrun for example_xcom_args to None, run_after=None
[2024-12-21T21:27:28.666+0000] {logging_mixin.py:190} INFO - [2024-12-21T21:27:28.665+0000] {dag.py:4180} INFO - Setting next_dagrun for example_xcom_args_with_operators to None, run_after=None
[2024-12-21T21:27:28.707+0000] {processor.py:208} INFO - Processing /home/airflow/.local/lib/python3.12/site-packages/airflow/example_dags/example_xcomargs.py took 0.209 seconds
[2024-12-21T21:27:58.960+0000] {processor.py:186} INFO - Started process (PID=1098) to work on /home/airflow/.local/lib/python3.12/site-packages/airflow/example_dags/example_xcomargs.py
[2024-12-21T21:27:58.964+0000] {processor.py:914} INFO - Processing file /home/airflow/.local/lib/python3.12/site-packages/airflow/example_dags/example_xcomargs.py for tasks to queue
[2024-12-21T21:27:58.970+0000] {logging_mixin.py:190} INFO - [2024-12-21T21:27:58.969+0000] {dagbag.py:588} INFO - Filling up the DagBag from /home/airflow/.local/lib/python3.12/site-packages/airflow/example_dags/example_xcomargs.py
[2024-12-21T21:27:58.991+0000] {processor.py:925} INFO - DAG(s) 'example_xcom_args_with_operators', 'example_xcom_args' retrieved from /home/airflow/.local/lib/python3.12/site-packages/airflow/example_dags/example_xcomargs.py
[2024-12-21T21:27:59.038+0000] {logging_mixin.py:190} INFO - [2024-12-21T21:27:59.037+0000] {dag.py:3239} INFO - Sync 2 DAGs
[2024-12-21T21:27:59.067+0000] {logging_mixin.py:190} INFO - [2024-12-21T21:27:59.066+0000] {dag.py:4180} INFO - Setting next_dagrun for example_xcom_args to None, run_after=None
[2024-12-21T21:27:59.075+0000] {logging_mixin.py:190} INFO - [2024-12-21T21:27:59.075+0000] {dag.py:4180} INFO - Setting next_dagrun for example_xcom_args_with_operators to None, run_after=None
[2024-12-21T21:27:59.110+0000] {processor.py:208} INFO - Processing /home/airflow/.local/lib/python3.12/site-packages/airflow/example_dags/example_xcomargs.py took 0.165 seconds
[2024-12-21T21:28:29.789+0000] {processor.py:186} INFO - Started process (PID=1400) to work on /home/airflow/.local/lib/python3.12/site-packages/airflow/example_dags/example_xcomargs.py
[2024-12-21T21:28:29.790+0000] {processor.py:914} INFO - Processing file /home/airflow/.local/lib/python3.12/site-packages/airflow/example_dags/example_xcomargs.py for tasks to queue
[2024-12-21T21:28:29.795+0000] {logging_mixin.py:190} INFO - [2024-12-21T21:28:29.794+0000] {dagbag.py:588} INFO - Filling up the DagBag from /home/airflow/.local/lib/python3.12/site-packages/airflow/example_dags/example_xcomargs.py
[2024-12-21T21:28:29.816+0000] {processor.py:925} INFO - DAG(s) 'example_xcom_args', 'example_xcom_args_with_operators' retrieved from /home/airflow/.local/lib/python3.12/site-packages/airflow/example_dags/example_xcomargs.py
[2024-12-21T21:28:29.873+0000] {logging_mixin.py:190} INFO - [2024-12-21T21:28:29.873+0000] {dag.py:3239} INFO - Sync 2 DAGs
[2024-12-21T21:28:29.911+0000] {logging_mixin.py:190} INFO - [2024-12-21T21:28:29.910+0000] {dag.py:4180} INFO - Setting next_dagrun for example_xcom_args to None, run_after=None
[2024-12-21T21:28:29.925+0000] {logging_mixin.py:190} INFO - [2024-12-21T21:28:29.924+0000] {dag.py:4180} INFO - Setting next_dagrun for example_xcom_args_with_operators to None, run_after=None
[2024-12-21T21:28:29.960+0000] {processor.py:208} INFO - Processing /home/airflow/.local/lib/python3.12/site-packages/airflow/example_dags/example_xcomargs.py took 0.185 seconds
[2024-12-21T21:29:00.678+0000] {processor.py:186} INFO - Started process (PID=1696) to work on /home/airflow/.local/lib/python3.12/site-packages/airflow/example_dags/example_xcomargs.py
[2024-12-21T21:29:00.683+0000] {processor.py:914} INFO - Processing file /home/airflow/.local/lib/python3.12/site-packages/airflow/example_dags/example_xcomargs.py for tasks to queue
[2024-12-21T21:29:00.688+0000] {logging_mixin.py:190} INFO - [2024-12-21T21:29:00.687+0000] {dagbag.py:588} INFO - Filling up the DagBag from /home/airflow/.local/lib/python3.12/site-packages/airflow/example_dags/example_xcomargs.py
[2024-12-21T21:29:00.728+0000] {processor.py:925} INFO - DAG(s) 'example_xcom_args', 'example_xcom_args_with_operators' retrieved from /home/airflow/.local/lib/python3.12/site-packages/airflow/example_dags/example_xcomargs.py
[2024-12-21T21:29:00.775+0000] {logging_mixin.py:190} INFO - [2024-12-21T21:29:00.775+0000] {dag.py:3239} INFO - Sync 2 DAGs
[2024-12-21T21:29:00.810+0000] {logging_mixin.py:190} INFO - [2024-12-21T21:29:00.810+0000] {dag.py:4180} INFO - Setting next_dagrun for example_xcom_args to None, run_after=None
[2024-12-21T21:29:00.818+0000] {logging_mixin.py:190} INFO - [2024-12-21T21:29:00.818+0000] {dag.py:4180} INFO - Setting next_dagrun for example_xcom_args_with_operators to None, run_after=None
[2024-12-21T21:29:00.853+0000] {processor.py:208} INFO - Processing /home/airflow/.local/lib/python3.12/site-packages/airflow/example_dags/example_xcomargs.py took 0.191 seconds
[2024-12-21T21:29:31.302+0000] {processor.py:186} INFO - Started process (PID=1993) to work on /home/airflow/.local/lib/python3.12/site-packages/airflow/example_dags/example_xcomargs.py
[2024-12-21T21:29:31.303+0000] {processor.py:914} INFO - Processing file /home/airflow/.local/lib/python3.12/site-packages/airflow/example_dags/example_xcomargs.py for tasks to queue
[2024-12-21T21:29:31.309+0000] {logging_mixin.py:190} INFO - [2024-12-21T21:29:31.309+0000] {dagbag.py:588} INFO - Filling up the DagBag from /home/airflow/.local/lib/python3.12/site-packages/airflow/example_dags/example_xcomargs.py
[2024-12-21T21:29:31.331+0000] {processor.py:925} INFO - DAG(s) 'example_xcom_args_with_operators', 'example_xcom_args' retrieved from /home/airflow/.local/lib/python3.12/site-packages/airflow/example_dags/example_xcomargs.py
[2024-12-21T21:29:31.380+0000] {logging_mixin.py:190} INFO - [2024-12-21T21:29:31.380+0000] {dag.py:3239} INFO - Sync 2 DAGs
[2024-12-21T21:29:31.411+0000] {logging_mixin.py:190} INFO - [2024-12-21T21:29:31.411+0000] {dag.py:4180} INFO - Setting next_dagrun for example_xcom_args to None, run_after=None
[2024-12-21T21:29:31.422+0000] {logging_mixin.py:190} INFO - [2024-12-21T21:29:31.422+0000] {dag.py:4180} INFO - Setting next_dagrun for example_xcom_args_with_operators to None, run_after=None
[2024-12-21T21:29:31.464+0000] {processor.py:208} INFO - Processing /home/airflow/.local/lib/python3.12/site-packages/airflow/example_dags/example_xcomargs.py took 0.177 seconds
[2024-12-21T21:30:01.889+0000] {processor.py:186} INFO - Started process (PID=2289) to work on /home/airflow/.local/lib/python3.12/site-packages/airflow/example_dags/example_xcomargs.py
[2024-12-21T21:30:01.896+0000] {processor.py:914} INFO - Processing file /home/airflow/.local/lib/python3.12/site-packages/airflow/example_dags/example_xcomargs.py for tasks to queue
[2024-12-21T21:30:01.906+0000] {logging_mixin.py:190} INFO - [2024-12-21T21:30:01.904+0000] {dagbag.py:588} INFO - Filling up the DagBag from /home/airflow/.local/lib/python3.12/site-packages/airflow/example_dags/example_xcomargs.py
[2024-12-21T21:30:01.929+0000] {processor.py:925} INFO - DAG(s) 'example_xcom_args', 'example_xcom_args_with_operators' retrieved from /home/airflow/.local/lib/python3.12/site-packages/airflow/example_dags/example_xcomargs.py
[2024-12-21T21:30:01.982+0000] {logging_mixin.py:190} INFO - [2024-12-21T21:30:01.982+0000] {dag.py:3239} INFO - Sync 2 DAGs
[2024-12-21T21:30:02.020+0000] {logging_mixin.py:190} INFO - [2024-12-21T21:30:02.019+0000] {dag.py:4180} INFO - Setting next_dagrun for example_xcom_args to None, run_after=None
[2024-12-21T21:30:02.031+0000] {logging_mixin.py:190} INFO - [2024-12-21T21:30:02.030+0000] {dag.py:4180} INFO - Setting next_dagrun for example_xcom_args_with_operators to None, run_after=None
[2024-12-21T21:30:02.070+0000] {processor.py:208} INFO - Processing /home/airflow/.local/lib/python3.12/site-packages/airflow/example_dags/example_xcomargs.py took 0.193 seconds
[2024-12-21T21:30:32.527+0000] {processor.py:186} INFO - Started process (PID=2585) to work on /home/airflow/.local/lib/python3.12/site-packages/airflow/example_dags/example_xcomargs.py
[2024-12-21T21:30:32.529+0000] {processor.py:914} INFO - Processing file /home/airflow/.local/lib/python3.12/site-packages/airflow/example_dags/example_xcomargs.py for tasks to queue
[2024-12-21T21:30:32.533+0000] {logging_mixin.py:190} INFO - [2024-12-21T21:30:32.533+0000] {dagbag.py:588} INFO - Filling up the DagBag from /home/airflow/.local/lib/python3.12/site-packages/airflow/example_dags/example_xcomargs.py
[2024-12-21T21:30:32.554+0000] {processor.py:925} INFO - DAG(s) 'example_xcom_args', 'example_xcom_args_with_operators' retrieved from /home/airflow/.local/lib/python3.12/site-packages/airflow/example_dags/example_xcomargs.py
[2024-12-21T21:30:32.607+0000] {logging_mixin.py:190} INFO - [2024-12-21T21:30:32.606+0000] {dag.py:3239} INFO - Sync 2 DAGs
[2024-12-21T21:30:32.638+0000] {logging_mixin.py:190} INFO - [2024-12-21T21:30:32.638+0000] {dag.py:4180} INFO - Setting next_dagrun for example_xcom_args to None, run_after=None
[2024-12-21T21:30:32.647+0000] {logging_mixin.py:190} INFO - [2024-12-21T21:30:32.646+0000] {dag.py:4180} INFO - Setting next_dagrun for example_xcom_args_with_operators to None, run_after=None
[2024-12-21T21:30:32.681+0000] {processor.py:208} INFO - Processing /home/airflow/.local/lib/python3.12/site-packages/airflow/example_dags/example_xcomargs.py took 0.166 seconds
[2024-12-21T21:31:02.869+0000] {processor.py:186} INFO - Started process (PID=2881) to work on /home/airflow/.local/lib/python3.12/site-packages/airflow/example_dags/example_xcomargs.py
[2024-12-21T21:31:02.870+0000] {processor.py:914} INFO - Processing file /home/airflow/.local/lib/python3.12/site-packages/airflow/example_dags/example_xcomargs.py for tasks to queue
[2024-12-21T21:31:02.874+0000] {logging_mixin.py:190} INFO - [2024-12-21T21:31:02.874+0000] {dagbag.py:588} INFO - Filling up the DagBag from /home/airflow/.local/lib/python3.12/site-packages/airflow/example_dags/example_xcomargs.py
[2024-12-21T21:31:02.895+0000] {processor.py:925} INFO - DAG(s) 'example_xcom_args_with_operators', 'example_xcom_args' retrieved from /home/airflow/.local/lib/python3.12/site-packages/airflow/example_dags/example_xcomargs.py
[2024-12-21T21:31:02.947+0000] {logging_mixin.py:190} INFO - [2024-12-21T21:31:02.946+0000] {dag.py:3239} INFO - Sync 2 DAGs
[2024-12-21T21:31:02.985+0000] {logging_mixin.py:190} INFO - [2024-12-21T21:31:02.984+0000] {dag.py:4180} INFO - Setting next_dagrun for example_xcom_args to None, run_after=None
[2024-12-21T21:31:02.994+0000] {logging_mixin.py:190} INFO - [2024-12-21T21:31:02.994+0000] {dag.py:4180} INFO - Setting next_dagrun for example_xcom_args_with_operators to None, run_after=None
[2024-12-21T21:31:03.030+0000] {processor.py:208} INFO - Processing /home/airflow/.local/lib/python3.12/site-packages/airflow/example_dags/example_xcomargs.py took 0.172 seconds
[2024-12-21T21:31:33.159+0000] {processor.py:186} INFO - Started process (PID=3178) to work on /home/airflow/.local/lib/python3.12/site-packages/airflow/example_dags/example_xcomargs.py
[2024-12-21T21:31:33.160+0000] {processor.py:914} INFO - Processing file /home/airflow/.local/lib/python3.12/site-packages/airflow/example_dags/example_xcomargs.py for tasks to queue
[2024-12-21T21:31:33.166+0000] {logging_mixin.py:190} INFO - [2024-12-21T21:31:33.165+0000] {dagbag.py:588} INFO - Filling up the DagBag from /home/airflow/.local/lib/python3.12/site-packages/airflow/example_dags/example_xcomargs.py
[2024-12-21T21:31:33.189+0000] {processor.py:925} INFO - DAG(s) 'example_xcom_args', 'example_xcom_args_with_operators' retrieved from /home/airflow/.local/lib/python3.12/site-packages/airflow/example_dags/example_xcomargs.py
[2024-12-21T21:31:33.240+0000] {logging_mixin.py:190} INFO - [2024-12-21T21:31:33.240+0000] {dag.py:3239} INFO - Sync 2 DAGs
[2024-12-21T21:31:33.275+0000] {logging_mixin.py:190} INFO - [2024-12-21T21:31:33.274+0000] {dag.py:4180} INFO - Setting next_dagrun for example_xcom_args to None, run_after=None
[2024-12-21T21:31:33.283+0000] {logging_mixin.py:190} INFO - [2024-12-21T21:31:33.283+0000] {dag.py:4180} INFO - Setting next_dagrun for example_xcom_args_with_operators to None, run_after=None
[2024-12-21T21:31:33.323+0000] {processor.py:208} INFO - Processing /home/airflow/.local/lib/python3.12/site-packages/airflow/example_dags/example_xcomargs.py took 0.178 seconds
[2024-12-21T21:32:04.033+0000] {processor.py:186} INFO - Started process (PID=3474) to work on /home/airflow/.local/lib/python3.12/site-packages/airflow/example_dags/example_xcomargs.py
[2024-12-21T21:32:04.034+0000] {processor.py:914} INFO - Processing file /home/airflow/.local/lib/python3.12/site-packages/airflow/example_dags/example_xcomargs.py for tasks to queue
[2024-12-21T21:32:04.039+0000] {logging_mixin.py:190} INFO - [2024-12-21T21:32:04.038+0000] {dagbag.py:588} INFO - Filling up the DagBag from /home/airflow/.local/lib/python3.12/site-packages/airflow/example_dags/example_xcomargs.py
[2024-12-21T21:32:04.061+0000] {processor.py:925} INFO - DAG(s) 'example_xcom_args', 'example_xcom_args_with_operators' retrieved from /home/airflow/.local/lib/python3.12/site-packages/airflow/example_dags/example_xcomargs.py
[2024-12-21T21:32:04.112+0000] {logging_mixin.py:190} INFO - [2024-12-21T21:32:04.112+0000] {dag.py:3239} INFO - Sync 2 DAGs
[2024-12-21T21:32:04.146+0000] {logging_mixin.py:190} INFO - [2024-12-21T21:32:04.146+0000] {dag.py:4180} INFO - Setting next_dagrun for example_xcom_args to None, run_after=None
[2024-12-21T21:32:04.157+0000] {logging_mixin.py:190} INFO - [2024-12-21T21:32:04.156+0000] {dag.py:4180} INFO - Setting next_dagrun for example_xcom_args_with_operators to None, run_after=None
[2024-12-21T21:32:04.195+0000] {processor.py:208} INFO - Processing /home/airflow/.local/lib/python3.12/site-packages/airflow/example_dags/example_xcomargs.py took 0.175 seconds
[2024-12-21T21:32:34.410+0000] {processor.py:186} INFO - Started process (PID=3770) to work on /home/airflow/.local/lib/python3.12/site-packages/airflow/example_dags/example_xcomargs.py
[2024-12-21T21:32:34.411+0000] {processor.py:914} INFO - Processing file /home/airflow/.local/lib/python3.12/site-packages/airflow/example_dags/example_xcomargs.py for tasks to queue
[2024-12-21T21:32:34.416+0000] {logging_mixin.py:190} INFO - [2024-12-21T21:32:34.415+0000] {dagbag.py:588} INFO - Filling up the DagBag from /home/airflow/.local/lib/python3.12/site-packages/airflow/example_dags/example_xcomargs.py
[2024-12-21T21:32:34.435+0000] {processor.py:925} INFO - DAG(s) 'example_xcom_args', 'example_xcom_args_with_operators' retrieved from /home/airflow/.local/lib/python3.12/site-packages/airflow/example_dags/example_xcomargs.py
[2024-12-21T21:32:34.492+0000] {logging_mixin.py:190} INFO - [2024-12-21T21:32:34.491+0000] {dag.py:3239} INFO - Sync 2 DAGs
[2024-12-21T21:32:34.529+0000] {logging_mixin.py:190} INFO - [2024-12-21T21:32:34.529+0000] {dag.py:4180} INFO - Setting next_dagrun for example_xcom_args to None, run_after=None
[2024-12-21T21:32:34.538+0000] {logging_mixin.py:190} INFO - [2024-12-21T21:32:34.538+0000] {dag.py:4180} INFO - Setting next_dagrun for example_xcom_args_with_operators to None, run_after=None
[2024-12-21T21:32:34.575+0000] {processor.py:208} INFO - Processing /home/airflow/.local/lib/python3.12/site-packages/airflow/example_dags/example_xcomargs.py took 0.176 seconds
[2024-12-21T21:33:05.471+0000] {processor.py:186} INFO - Started process (PID=4066) to work on /home/airflow/.local/lib/python3.12/site-packages/airflow/example_dags/example_xcomargs.py
[2024-12-21T21:33:05.474+0000] {processor.py:914} INFO - Processing file /home/airflow/.local/lib/python3.12/site-packages/airflow/example_dags/example_xcomargs.py for tasks to queue
[2024-12-21T21:33:05.479+0000] {logging_mixin.py:190} INFO - [2024-12-21T21:33:05.478+0000] {dagbag.py:588} INFO - Filling up the DagBag from /home/airflow/.local/lib/python3.12/site-packages/airflow/example_dags/example_xcomargs.py
[2024-12-21T21:33:05.502+0000] {processor.py:925} INFO - DAG(s) 'example_xcom_args', 'example_xcom_args_with_operators' retrieved from /home/airflow/.local/lib/python3.12/site-packages/airflow/example_dags/example_xcomargs.py
[2024-12-21T21:33:05.555+0000] {logging_mixin.py:190} INFO - [2024-12-21T21:33:05.554+0000] {dag.py:3239} INFO - Sync 2 DAGs
[2024-12-21T21:33:05.589+0000] {logging_mixin.py:190} INFO - [2024-12-21T21:33:05.588+0000] {dag.py:4180} INFO - Setting next_dagrun for example_xcom_args to None, run_after=None
[2024-12-21T21:33:05.597+0000] {logging_mixin.py:190} INFO - [2024-12-21T21:33:05.596+0000] {dag.py:4180} INFO - Setting next_dagrun for example_xcom_args_with_operators to None, run_after=None
[2024-12-21T21:33:05.632+0000] {processor.py:208} INFO - Processing /home/airflow/.local/lib/python3.12/site-packages/airflow/example_dags/example_xcomargs.py took 0.171 seconds
[2024-12-21T21:33:36.232+0000] {processor.py:186} INFO - Started process (PID=4362) to work on /home/airflow/.local/lib/python3.12/site-packages/airflow/example_dags/example_xcomargs.py
[2024-12-21T21:33:36.238+0000] {processor.py:914} INFO - Processing file /home/airflow/.local/lib/python3.12/site-packages/airflow/example_dags/example_xcomargs.py for tasks to queue
[2024-12-21T21:33:36.243+0000] {logging_mixin.py:190} INFO - [2024-12-21T21:33:36.242+0000] {dagbag.py:588} INFO - Filling up the DagBag from /home/airflow/.local/lib/python3.12/site-packages/airflow/example_dags/example_xcomargs.py
[2024-12-21T21:33:36.265+0000] {processor.py:925} INFO - DAG(s) 'example_xcom_args_with_operators', 'example_xcom_args' retrieved from /home/airflow/.local/lib/python3.12/site-packages/airflow/example_dags/example_xcomargs.py
[2024-12-21T21:33:36.322+0000] {logging_mixin.py:190} INFO - [2024-12-21T21:33:36.321+0000] {dag.py:3239} INFO - Sync 2 DAGs
[2024-12-21T21:33:36.359+0000] {logging_mixin.py:190} INFO - [2024-12-21T21:33:36.358+0000] {dag.py:4180} INFO - Setting next_dagrun for example_xcom_args to None, run_after=None
[2024-12-21T21:33:36.370+0000] {logging_mixin.py:190} INFO - [2024-12-21T21:33:36.370+0000] {dag.py:4180} INFO - Setting next_dagrun for example_xcom_args_with_operators to None, run_after=None
[2024-12-21T21:33:36.407+0000] {processor.py:208} INFO - Processing /home/airflow/.local/lib/python3.12/site-packages/airflow/example_dags/example_xcomargs.py took 0.188 seconds
[2024-12-21T21:34:07.206+0000] {processor.py:186} INFO - Started process (PID=4658) to work on /home/airflow/.local/lib/python3.12/site-packages/airflow/example_dags/example_xcomargs.py
[2024-12-21T21:34:07.208+0000] {processor.py:914} INFO - Processing file /home/airflow/.local/lib/python3.12/site-packages/airflow/example_dags/example_xcomargs.py for tasks to queue
[2024-12-21T21:34:07.213+0000] {logging_mixin.py:190} INFO - [2024-12-21T21:34:07.212+0000] {dagbag.py:588} INFO - Filling up the DagBag from /home/airflow/.local/lib/python3.12/site-packages/airflow/example_dags/example_xcomargs.py
[2024-12-21T21:34:07.234+0000] {processor.py:925} INFO - DAG(s) 'example_xcom_args', 'example_xcom_args_with_operators' retrieved from /home/airflow/.local/lib/python3.12/site-packages/airflow/example_dags/example_xcomargs.py
[2024-12-21T21:34:07.276+0000] {logging_mixin.py:190} INFO - [2024-12-21T21:34:07.275+0000] {dag.py:3239} INFO - Sync 2 DAGs
[2024-12-21T21:34:07.308+0000] {logging_mixin.py:190} INFO - [2024-12-21T21:34:07.307+0000] {dag.py:4180} INFO - Setting next_dagrun for example_xcom_args to None, run_after=None
[2024-12-21T21:34:07.321+0000] {logging_mixin.py:190} INFO - [2024-12-21T21:34:07.321+0000] {dag.py:4180} INFO - Setting next_dagrun for example_xcom_args_with_operators to None, run_after=None
[2024-12-21T21:34:07.360+0000] {processor.py:208} INFO - Processing /home/airflow/.local/lib/python3.12/site-packages/airflow/example_dags/example_xcomargs.py took 0.165 seconds
[2024-12-21T21:34:37.721+0000] {processor.py:186} INFO - Started process (PID=4955) to work on /home/airflow/.local/lib/python3.12/site-packages/airflow/example_dags/example_xcomargs.py
[2024-12-21T21:34:37.724+0000] {processor.py:914} INFO - Processing file /home/airflow/.local/lib/python3.12/site-packages/airflow/example_dags/example_xcomargs.py for tasks to queue
[2024-12-21T21:34:37.729+0000] {logging_mixin.py:190} INFO - [2024-12-21T21:34:37.728+0000] {dagbag.py:588} INFO - Filling up the DagBag from /home/airflow/.local/lib/python3.12/site-packages/airflow/example_dags/example_xcomargs.py
[2024-12-21T21:34:37.753+0000] {processor.py:925} INFO - DAG(s) 'example_xcom_args', 'example_xcom_args_with_operators' retrieved from /home/airflow/.local/lib/python3.12/site-packages/airflow/example_dags/example_xcomargs.py
[2024-12-21T21:34:37.804+0000] {logging_mixin.py:190} INFO - [2024-12-21T21:34:37.803+0000] {dag.py:3239} INFO - Sync 2 DAGs
[2024-12-21T21:34:37.833+0000] {logging_mixin.py:190} INFO - [2024-12-21T21:34:37.833+0000] {dag.py:4180} INFO - Setting next_dagrun for example_xcom_args to None, run_after=None
[2024-12-21T21:34:37.843+0000] {logging_mixin.py:190} INFO - [2024-12-21T21:34:37.842+0000] {dag.py:4180} INFO - Setting next_dagrun for example_xcom_args_with_operators to None, run_after=None
[2024-12-21T21:34:37.879+0000] {processor.py:208} INFO - Processing /home/airflow/.local/lib/python3.12/site-packages/airflow/example_dags/example_xcomargs.py took 0.169 seconds
[2024-12-21T21:35:08.589+0000] {processor.py:186} INFO - Started process (PID=5216) to work on /home/airflow/.local/lib/python3.12/site-packages/airflow/example_dags/example_xcomargs.py
[2024-12-21T21:35:08.591+0000] {processor.py:914} INFO - Processing file /home/airflow/.local/lib/python3.12/site-packages/airflow/example_dags/example_xcomargs.py for tasks to queue
[2024-12-21T21:35:08.597+0000] {logging_mixin.py:190} INFO - [2024-12-21T21:35:08.596+0000] {dagbag.py:588} INFO - Filling up the DagBag from /home/airflow/.local/lib/python3.12/site-packages/airflow/example_dags/example_xcomargs.py
[2024-12-21T21:35:08.617+0000] {processor.py:925} INFO - DAG(s) 'example_xcom_args_with_operators', 'example_xcom_args' retrieved from /home/airflow/.local/lib/python3.12/site-packages/airflow/example_dags/example_xcomargs.py
[2024-12-21T21:35:08.668+0000] {logging_mixin.py:190} INFO - [2024-12-21T21:35:08.668+0000] {dag.py:3239} INFO - Sync 2 DAGs
[2024-12-21T21:35:08.705+0000] {logging_mixin.py:190} INFO - [2024-12-21T21:35:08.704+0000] {dag.py:4180} INFO - Setting next_dagrun for example_xcom_args to None, run_after=None
[2024-12-21T21:35:08.713+0000] {logging_mixin.py:190} INFO - [2024-12-21T21:35:08.713+0000] {dag.py:4180} INFO - Setting next_dagrun for example_xcom_args_with_operators to None, run_after=None
[2024-12-21T21:35:08.748+0000] {processor.py:208} INFO - Processing /home/airflow/.local/lib/python3.12/site-packages/airflow/example_dags/example_xcomargs.py took 0.171 seconds
[2024-12-21T21:35:39.905+0000] {processor.py:186} INFO - Started process (PID=5499) to work on /home/airflow/.local/lib/python3.12/site-packages/airflow/example_dags/example_xcomargs.py
[2024-12-21T21:35:39.907+0000] {processor.py:914} INFO - Processing file /home/airflow/.local/lib/python3.12/site-packages/airflow/example_dags/example_xcomargs.py for tasks to queue
[2024-12-21T21:35:39.912+0000] {logging_mixin.py:190} INFO - [2024-12-21T21:35:39.911+0000] {dagbag.py:588} INFO - Filling up the DagBag from /home/airflow/.local/lib/python3.12/site-packages/airflow/example_dags/example_xcomargs.py
[2024-12-21T21:35:39.932+0000] {processor.py:925} INFO - DAG(s) 'example_xcom_args_with_operators', 'example_xcom_args' retrieved from /home/airflow/.local/lib/python3.12/site-packages/airflow/example_dags/example_xcomargs.py
[2024-12-21T21:35:39.984+0000] {logging_mixin.py:190} INFO - [2024-12-21T21:35:39.984+0000] {dag.py:3239} INFO - Sync 2 DAGs
[2024-12-21T21:35:40.016+0000] {logging_mixin.py:190} INFO - [2024-12-21T21:35:40.015+0000] {dag.py:4180} INFO - Setting next_dagrun for example_xcom_args to None, run_after=None
[2024-12-21T21:35:40.026+0000] {logging_mixin.py:190} INFO - [2024-12-21T21:35:40.026+0000] {dag.py:4180} INFO - Setting next_dagrun for example_xcom_args_with_operators to None, run_after=None
[2024-12-21T21:35:40.068+0000] {processor.py:208} INFO - Processing /home/airflow/.local/lib/python3.12/site-packages/airflow/example_dags/example_xcomargs.py took 0.173 seconds
[2024-12-21T21:36:10.440+0000] {processor.py:186} INFO - Started process (PID=5783) to work on /home/airflow/.local/lib/python3.12/site-packages/airflow/example_dags/example_xcomargs.py
[2024-12-21T21:36:10.442+0000] {processor.py:914} INFO - Processing file /home/airflow/.local/lib/python3.12/site-packages/airflow/example_dags/example_xcomargs.py for tasks to queue
[2024-12-21T21:36:10.447+0000] {logging_mixin.py:190} INFO - [2024-12-21T21:36:10.446+0000] {dagbag.py:588} INFO - Filling up the DagBag from /home/airflow/.local/lib/python3.12/site-packages/airflow/example_dags/example_xcomargs.py
[2024-12-21T21:36:10.470+0000] {processor.py:925} INFO - DAG(s) 'example_xcom_args_with_operators', 'example_xcom_args' retrieved from /home/airflow/.local/lib/python3.12/site-packages/airflow/example_dags/example_xcomargs.py
[2024-12-21T21:36:10.529+0000] {logging_mixin.py:190} INFO - [2024-12-21T21:36:10.528+0000] {dag.py:3239} INFO - Sync 2 DAGs
[2024-12-21T21:36:10.561+0000] {logging_mixin.py:190} INFO - [2024-12-21T21:36:10.561+0000] {dag.py:4180} INFO - Setting next_dagrun for example_xcom_args to None, run_after=None
[2024-12-21T21:36:10.571+0000] {logging_mixin.py:190} INFO - [2024-12-21T21:36:10.570+0000] {dag.py:4180} INFO - Setting next_dagrun for example_xcom_args_with_operators to None, run_after=None
[2024-12-21T21:36:10.604+0000] {processor.py:208} INFO - Processing /home/airflow/.local/lib/python3.12/site-packages/airflow/example_dags/example_xcomargs.py took 0.177 seconds
[2024-12-21T21:36:40.860+0000] {processor.py:186} INFO - Started process (PID=6074) to work on /home/airflow/.local/lib/python3.12/site-packages/airflow/example_dags/example_xcomargs.py
[2024-12-21T21:36:40.862+0000] {processor.py:914} INFO - Processing file /home/airflow/.local/lib/python3.12/site-packages/airflow/example_dags/example_xcomargs.py for tasks to queue
[2024-12-21T21:36:40.866+0000] {logging_mixin.py:190} INFO - [2024-12-21T21:36:40.866+0000] {dagbag.py:588} INFO - Filling up the DagBag from /home/airflow/.local/lib/python3.12/site-packages/airflow/example_dags/example_xcomargs.py
[2024-12-21T21:36:40.885+0000] {processor.py:925} INFO - DAG(s) 'example_xcom_args', 'example_xcom_args_with_operators' retrieved from /home/airflow/.local/lib/python3.12/site-packages/airflow/example_dags/example_xcomargs.py
[2024-12-21T21:36:40.939+0000] {logging_mixin.py:190} INFO - [2024-12-21T21:36:40.939+0000] {dag.py:3239} INFO - Sync 2 DAGs
[2024-12-21T21:36:40.969+0000] {logging_mixin.py:190} INFO - [2024-12-21T21:36:40.968+0000] {dag.py:4180} INFO - Setting next_dagrun for example_xcom_args to None, run_after=None
[2024-12-21T21:36:40.977+0000] {logging_mixin.py:190} INFO - [2024-12-21T21:36:40.977+0000] {dag.py:4180} INFO - Setting next_dagrun for example_xcom_args_with_operators to None, run_after=None
[2024-12-21T21:36:41.013+0000] {processor.py:208} INFO - Processing /home/airflow/.local/lib/python3.12/site-packages/airflow/example_dags/example_xcomargs.py took 0.163 seconds
[2024-12-21T21:37:11.930+0000] {processor.py:186} INFO - Started process (PID=6367) to work on /home/airflow/.local/lib/python3.12/site-packages/airflow/example_dags/example_xcomargs.py
[2024-12-21T21:37:11.933+0000] {processor.py:914} INFO - Processing file /home/airflow/.local/lib/python3.12/site-packages/airflow/example_dags/example_xcomargs.py for tasks to queue
[2024-12-21T21:37:11.938+0000] {logging_mixin.py:190} INFO - [2024-12-21T21:37:11.937+0000] {dagbag.py:588} INFO - Filling up the DagBag from /home/airflow/.local/lib/python3.12/site-packages/airflow/example_dags/example_xcomargs.py
[2024-12-21T21:37:11.958+0000] {processor.py:925} INFO - DAG(s) 'example_xcom_args_with_operators', 'example_xcom_args' retrieved from /home/airflow/.local/lib/python3.12/site-packages/airflow/example_dags/example_xcomargs.py
[2024-12-21T21:37:12.015+0000] {logging_mixin.py:190} INFO - [2024-12-21T21:37:12.014+0000] {dag.py:3239} INFO - Sync 2 DAGs
[2024-12-21T21:37:12.050+0000] {logging_mixin.py:190} INFO - [2024-12-21T21:37:12.049+0000] {dag.py:4180} INFO - Setting next_dagrun for example_xcom_args to None, run_after=None
[2024-12-21T21:37:12.058+0000] {logging_mixin.py:190} INFO - [2024-12-21T21:37:12.058+0000] {dag.py:4180} INFO - Setting next_dagrun for example_xcom_args_with_operators to None, run_after=None
[2024-12-21T21:37:12.092+0000] {processor.py:208} INFO - Processing /home/airflow/.local/lib/python3.12/site-packages/airflow/example_dags/example_xcomargs.py took 0.175 seconds
[2024-12-21T21:37:42.500+0000] {processor.py:186} INFO - Started process (PID=6661) to work on /home/airflow/.local/lib/python3.12/site-packages/airflow/example_dags/example_xcomargs.py
[2024-12-21T21:37:42.505+0000] {processor.py:914} INFO - Processing file /home/airflow/.local/lib/python3.12/site-packages/airflow/example_dags/example_xcomargs.py for tasks to queue
[2024-12-21T21:37:42.514+0000] {logging_mixin.py:190} INFO - [2024-12-21T21:37:42.513+0000] {dagbag.py:588} INFO - Filling up the DagBag from /home/airflow/.local/lib/python3.12/site-packages/airflow/example_dags/example_xcomargs.py
[2024-12-21T21:37:42.544+0000] {processor.py:925} INFO - DAG(s) 'example_xcom_args', 'example_xcom_args_with_operators' retrieved from /home/airflow/.local/lib/python3.12/site-packages/airflow/example_dags/example_xcomargs.py
[2024-12-21T21:37:42.596+0000] {logging_mixin.py:190} INFO - [2024-12-21T21:37:42.595+0000] {dag.py:3239} INFO - Sync 2 DAGs
[2024-12-21T21:37:42.652+0000] {logging_mixin.py:190} INFO - [2024-12-21T21:37:42.652+0000] {dag.py:4180} INFO - Setting next_dagrun for example_xcom_args to None, run_after=None
[2024-12-21T21:37:42.663+0000] {logging_mixin.py:190} INFO - [2024-12-21T21:37:42.662+0000] {dag.py:4180} INFO - Setting next_dagrun for example_xcom_args_with_operators to None, run_after=None
[2024-12-21T21:37:42.699+0000] {processor.py:208} INFO - Processing /home/airflow/.local/lib/python3.12/site-packages/airflow/example_dags/example_xcomargs.py took 0.216 seconds
[2024-12-21T21:38:13.063+0000] {processor.py:186} INFO - Started process (PID=6954) to work on /home/airflow/.local/lib/python3.12/site-packages/airflow/example_dags/example_xcomargs.py
[2024-12-21T21:38:13.067+0000] {processor.py:914} INFO - Processing file /home/airflow/.local/lib/python3.12/site-packages/airflow/example_dags/example_xcomargs.py for tasks to queue
[2024-12-21T21:38:13.072+0000] {logging_mixin.py:190} INFO - [2024-12-21T21:38:13.071+0000] {dagbag.py:588} INFO - Filling up the DagBag from /home/airflow/.local/lib/python3.12/site-packages/airflow/example_dags/example_xcomargs.py
[2024-12-21T21:38:13.096+0000] {processor.py:925} INFO - DAG(s) 'example_xcom_args', 'example_xcom_args_with_operators' retrieved from /home/airflow/.local/lib/python3.12/site-packages/airflow/example_dags/example_xcomargs.py
[2024-12-21T21:38:13.151+0000] {logging_mixin.py:190} INFO - [2024-12-21T21:38:13.150+0000] {dag.py:3239} INFO - Sync 2 DAGs
[2024-12-21T21:38:13.187+0000] {logging_mixin.py:190} INFO - [2024-12-21T21:38:13.187+0000] {dag.py:4180} INFO - Setting next_dagrun for example_xcom_args to None, run_after=None
[2024-12-21T21:38:13.198+0000] {logging_mixin.py:190} INFO - [2024-12-21T21:38:13.197+0000] {dag.py:4180} INFO - Setting next_dagrun for example_xcom_args_with_operators to None, run_after=None
[2024-12-21T21:38:13.249+0000] {processor.py:208} INFO - Processing /home/airflow/.local/lib/python3.12/site-packages/airflow/example_dags/example_xcomargs.py took 0.199 seconds
[2024-12-21T21:38:43.405+0000] {processor.py:186} INFO - Started process (PID=7243) to work on /home/airflow/.local/lib/python3.12/site-packages/airflow/example_dags/example_xcomargs.py
[2024-12-21T21:38:43.408+0000] {processor.py:914} INFO - Processing file /home/airflow/.local/lib/python3.12/site-packages/airflow/example_dags/example_xcomargs.py for tasks to queue
[2024-12-21T21:38:43.416+0000] {logging_mixin.py:190} INFO - [2024-12-21T21:38:43.415+0000] {dagbag.py:588} INFO - Filling up the DagBag from /home/airflow/.local/lib/python3.12/site-packages/airflow/example_dags/example_xcomargs.py
[2024-12-21T21:38:43.450+0000] {processor.py:925} INFO - DAG(s) 'example_xcom_args', 'example_xcom_args_with_operators' retrieved from /home/airflow/.local/lib/python3.12/site-packages/airflow/example_dags/example_xcomargs.py
[2024-12-21T21:38:43.526+0000] {logging_mixin.py:190} INFO - [2024-12-21T21:38:43.525+0000] {dag.py:3239} INFO - Sync 2 DAGs
[2024-12-21T21:38:43.570+0000] {logging_mixin.py:190} INFO - [2024-12-21T21:38:43.569+0000] {dag.py:4180} INFO - Setting next_dagrun for example_xcom_args to None, run_after=None
[2024-12-21T21:38:43.583+0000] {logging_mixin.py:190} INFO - [2024-12-21T21:38:43.583+0000] {dag.py:4180} INFO - Setting next_dagrun for example_xcom_args_with_operators to None, run_after=None
[2024-12-21T21:38:43.638+0000] {processor.py:208} INFO - Processing /home/airflow/.local/lib/python3.12/site-packages/airflow/example_dags/example_xcomargs.py took 0.250 seconds
[2024-12-21T21:39:13.936+0000] {processor.py:186} INFO - Started process (PID=7536) to work on /home/airflow/.local/lib/python3.12/site-packages/airflow/example_dags/example_xcomargs.py
[2024-12-21T21:39:13.938+0000] {processor.py:914} INFO - Processing file /home/airflow/.local/lib/python3.12/site-packages/airflow/example_dags/example_xcomargs.py for tasks to queue
[2024-12-21T21:39:13.943+0000] {logging_mixin.py:190} INFO - [2024-12-21T21:39:13.942+0000] {dagbag.py:588} INFO - Filling up the DagBag from /home/airflow/.local/lib/python3.12/site-packages/airflow/example_dags/example_xcomargs.py
[2024-12-21T21:39:13.962+0000] {processor.py:925} INFO - DAG(s) 'example_xcom_args', 'example_xcom_args_with_operators' retrieved from /home/airflow/.local/lib/python3.12/site-packages/airflow/example_dags/example_xcomargs.py
[2024-12-21T21:39:14.021+0000] {logging_mixin.py:190} INFO - [2024-12-21T21:39:14.020+0000] {dag.py:3239} INFO - Sync 2 DAGs
[2024-12-21T21:39:14.060+0000] {logging_mixin.py:190} INFO - [2024-12-21T21:39:14.059+0000] {dag.py:4180} INFO - Setting next_dagrun for example_xcom_args to None, run_after=None
[2024-12-21T21:39:14.069+0000] {logging_mixin.py:190} INFO - [2024-12-21T21:39:14.068+0000] {dag.py:4180} INFO - Setting next_dagrun for example_xcom_args_with_operators to None, run_after=None
[2024-12-21T21:39:14.111+0000] {processor.py:208} INFO - Processing /home/airflow/.local/lib/python3.12/site-packages/airflow/example_dags/example_xcomargs.py took 0.190 seconds
[2024-12-21T21:39:44.399+0000] {processor.py:186} INFO - Started process (PID=7830) to work on /home/airflow/.local/lib/python3.12/site-packages/airflow/example_dags/example_xcomargs.py
[2024-12-21T21:39:44.401+0000] {processor.py:914} INFO - Processing file /home/airflow/.local/lib/python3.12/site-packages/airflow/example_dags/example_xcomargs.py for tasks to queue
[2024-12-21T21:39:44.407+0000] {logging_mixin.py:190} INFO - [2024-12-21T21:39:44.406+0000] {dagbag.py:588} INFO - Filling up the DagBag from /home/airflow/.local/lib/python3.12/site-packages/airflow/example_dags/example_xcomargs.py
[2024-12-21T21:39:44.432+0000] {processor.py:925} INFO - DAG(s) 'example_xcom_args_with_operators', 'example_xcom_args' retrieved from /home/airflow/.local/lib/python3.12/site-packages/airflow/example_dags/example_xcomargs.py
[2024-12-21T21:39:44.492+0000] {logging_mixin.py:190} INFO - [2024-12-21T21:39:44.491+0000] {dag.py:3239} INFO - Sync 2 DAGs
[2024-12-21T21:39:44.532+0000] {logging_mixin.py:190} INFO - [2024-12-21T21:39:44.531+0000] {dag.py:4180} INFO - Setting next_dagrun for example_xcom_args to None, run_after=None
[2024-12-21T21:39:44.545+0000] {logging_mixin.py:190} INFO - [2024-12-21T21:39:44.544+0000] {dag.py:4180} INFO - Setting next_dagrun for example_xcom_args_with_operators to None, run_after=None
[2024-12-21T21:39:44.621+0000] {processor.py:208} INFO - Processing /home/airflow/.local/lib/python3.12/site-packages/airflow/example_dags/example_xcomargs.py took 0.237 seconds
[2024-12-21T21:40:14.959+0000] {processor.py:186} INFO - Started process (PID=8128) to work on /home/airflow/.local/lib/python3.12/site-packages/airflow/example_dags/example_xcomargs.py
[2024-12-21T21:40:14.962+0000] {processor.py:914} INFO - Processing file /home/airflow/.local/lib/python3.12/site-packages/airflow/example_dags/example_xcomargs.py for tasks to queue
[2024-12-21T21:40:14.967+0000] {logging_mixin.py:190} INFO - [2024-12-21T21:40:14.966+0000] {dagbag.py:588} INFO - Filling up the DagBag from /home/airflow/.local/lib/python3.12/site-packages/airflow/example_dags/example_xcomargs.py
[2024-12-21T21:40:14.990+0000] {processor.py:925} INFO - DAG(s) 'example_xcom_args_with_operators', 'example_xcom_args' retrieved from /home/airflow/.local/lib/python3.12/site-packages/airflow/example_dags/example_xcomargs.py
[2024-12-21T21:40:15.055+0000] {logging_mixin.py:190} INFO - [2024-12-21T21:40:15.054+0000] {dag.py:3239} INFO - Sync 2 DAGs
[2024-12-21T21:40:15.105+0000] {logging_mixin.py:190} INFO - [2024-12-21T21:40:15.104+0000] {dag.py:4180} INFO - Setting next_dagrun for example_xcom_args to None, run_after=None
[2024-12-21T21:40:15.116+0000] {logging_mixin.py:190} INFO - [2024-12-21T21:40:15.116+0000] {dag.py:4180} INFO - Setting next_dagrun for example_xcom_args_with_operators to None, run_after=None
[2024-12-21T21:40:15.169+0000] {processor.py:208} INFO - Processing /home/airflow/.local/lib/python3.12/site-packages/airflow/example_dags/example_xcomargs.py took 0.225 seconds
