[2024-12-21T21:11:24.396+0000] {processor.py:186} INFO - Started process (PID=372) to work on /home/airflow/.local/lib/python3.12/site-packages/airflow/example_dags/example_sensor_decorator.py
[2024-12-21T21:11:24.399+0000] {processor.py:914} INFO - Processing file /home/airflow/.local/lib/python3.12/site-packages/airflow/example_dags/example_sensor_decorator.py for tasks to queue
[2024-12-21T21:11:24.404+0000] {logging_mixin.py:190} INFO - [2024-12-21T21:11:24.403+0000] {dagbag.py:588} INFO - Filling up the DagBag from /home/airflow/.local/lib/python3.12/site-packages/airflow/example_dags/example_sensor_decorator.py
[2024-12-21T21:11:24.423+0000] {processor.py:925} INFO - DAG(s) 'example_sensor_decorator' retrieved from /home/airflow/.local/lib/python3.12/site-packages/airflow/example_dags/example_sensor_decorator.py
[2024-12-21T21:11:24.707+0000] {logging_mixin.py:190} INFO - [2024-12-21T21:11:24.705+0000] {override.py:1911} INFO - Created Permission View: can delete on DAG:example_sensor_decorator
[2024-12-21T21:11:24.730+0000] {logging_mixin.py:190} INFO - [2024-12-21T21:11:24.729+0000] {override.py:1911} INFO - Created Permission View: can edit on DAG:example_sensor_decorator
[2024-12-21T21:11:24.750+0000] {logging_mixin.py:190} INFO - [2024-12-21T21:11:24.750+0000] {override.py:1911} INFO - Created Permission View: can read on DAG:example_sensor_decorator
[2024-12-21T21:11:24.768+0000] {logging_mixin.py:190} INFO - [2024-12-21T21:11:24.768+0000] {override.py:1911} INFO - Created Permission View: can delete on DAG Run:example_sensor_decorator
[2024-12-21T21:11:24.784+0000] {logging_mixin.py:190} INFO - [2024-12-21T21:11:24.783+0000] {override.py:1911} INFO - Created Permission View: can read on DAG Run:example_sensor_decorator
[2024-12-21T21:11:24.799+0000] {logging_mixin.py:190} INFO - [2024-12-21T21:11:24.798+0000] {override.py:1911} INFO - Created Permission View: can create on DAG Run:example_sensor_decorator
[2024-12-21T21:11:24.813+0000] {logging_mixin.py:190} INFO - [2024-12-21T21:11:24.813+0000] {override.py:1911} INFO - Created Permission View: menu access on DAG Run:example_sensor_decorator
[2024-12-21T21:11:24.815+0000] {logging_mixin.py:190} INFO - [2024-12-21T21:11:24.814+0000] {dag.py:3239} INFO - Sync 1 DAGs
[2024-12-21T21:11:24.843+0000] {logging_mixin.py:190} INFO - [2024-12-21T21:11:24.842+0000] {dag.py:3262} INFO - Creating ORM DAG for example_sensor_decorator
[2024-12-21T21:11:24.845+0000] {logging_mixin.py:190} INFO - [2024-12-21T21:11:24.845+0000] {dag.py:4180} INFO - Setting next_dagrun for example_sensor_decorator to None, run_after=None
[2024-12-21T21:11:24.884+0000] {processor.py:208} INFO - Processing /home/airflow/.local/lib/python3.12/site-packages/airflow/example_dags/example_sensor_decorator.py took 0.501 seconds
[2024-12-21T21:11:54.979+0000] {processor.py:186} INFO - Started process (PID=669) to work on /home/airflow/.local/lib/python3.12/site-packages/airflow/example_dags/example_sensor_decorator.py
[2024-12-21T21:11:54.981+0000] {processor.py:914} INFO - Processing file /home/airflow/.local/lib/python3.12/site-packages/airflow/example_dags/example_sensor_decorator.py for tasks to queue
[2024-12-21T21:11:54.987+0000] {logging_mixin.py:190} INFO - [2024-12-21T21:11:54.986+0000] {dagbag.py:588} INFO - Filling up the DagBag from /home/airflow/.local/lib/python3.12/site-packages/airflow/example_dags/example_sensor_decorator.py
[2024-12-21T21:11:55.001+0000] {processor.py:925} INFO - DAG(s) 'example_sensor_decorator' retrieved from /home/airflow/.local/lib/python3.12/site-packages/airflow/example_dags/example_sensor_decorator.py
[2024-12-21T21:11:55.039+0000] {logging_mixin.py:190} INFO - [2024-12-21T21:11:55.039+0000] {dag.py:3239} INFO - Sync 1 DAGs
[2024-12-21T21:11:55.067+0000] {logging_mixin.py:190} INFO - [2024-12-21T21:11:55.066+0000] {dag.py:4180} INFO - Setting next_dagrun for example_sensor_decorator to None, run_after=None
[2024-12-21T21:11:55.105+0000] {processor.py:208} INFO - Processing /home/airflow/.local/lib/python3.12/site-packages/airflow/example_dags/example_sensor_decorator.py took 0.137 seconds
[2024-12-21T21:12:25.893+0000] {processor.py:186} INFO - Started process (PID=962) to work on /home/airflow/.local/lib/python3.12/site-packages/airflow/example_dags/example_sensor_decorator.py
[2024-12-21T21:12:25.895+0000] {processor.py:914} INFO - Processing file /home/airflow/.local/lib/python3.12/site-packages/airflow/example_dags/example_sensor_decorator.py for tasks to queue
[2024-12-21T21:12:25.899+0000] {logging_mixin.py:190} INFO - [2024-12-21T21:12:25.899+0000] {dagbag.py:588} INFO - Filling up the DagBag from /home/airflow/.local/lib/python3.12/site-packages/airflow/example_dags/example_sensor_decorator.py
[2024-12-21T21:12:25.916+0000] {processor.py:925} INFO - DAG(s) 'example_sensor_decorator' retrieved from /home/airflow/.local/lib/python3.12/site-packages/airflow/example_dags/example_sensor_decorator.py
[2024-12-21T21:12:25.959+0000] {logging_mixin.py:190} INFO - [2024-12-21T21:12:25.958+0000] {dag.py:3239} INFO - Sync 1 DAGs
[2024-12-21T21:12:25.993+0000] {logging_mixin.py:190} INFO - [2024-12-21T21:12:25.992+0000] {dag.py:4180} INFO - Setting next_dagrun for example_sensor_decorator to None, run_after=None
[2024-12-21T21:12:26.032+0000] {processor.py:208} INFO - Processing /home/airflow/.local/lib/python3.12/site-packages/airflow/example_dags/example_sensor_decorator.py took 0.149 seconds
[2024-12-21T21:12:56.656+0000] {processor.py:186} INFO - Started process (PID=1258) to work on /home/airflow/.local/lib/python3.12/site-packages/airflow/example_dags/example_sensor_decorator.py
[2024-12-21T21:12:56.659+0000] {processor.py:914} INFO - Processing file /home/airflow/.local/lib/python3.12/site-packages/airflow/example_dags/example_sensor_decorator.py for tasks to queue
[2024-12-21T21:12:56.664+0000] {logging_mixin.py:190} INFO - [2024-12-21T21:12:56.663+0000] {dagbag.py:588} INFO - Filling up the DagBag from /home/airflow/.local/lib/python3.12/site-packages/airflow/example_dags/example_sensor_decorator.py
[2024-12-21T21:12:56.679+0000] {processor.py:925} INFO - DAG(s) 'example_sensor_decorator' retrieved from /home/airflow/.local/lib/python3.12/site-packages/airflow/example_dags/example_sensor_decorator.py
[2024-12-21T21:12:56.718+0000] {logging_mixin.py:190} INFO - [2024-12-21T21:12:56.717+0000] {dag.py:3239} INFO - Sync 1 DAGs
[2024-12-21T21:12:56.747+0000] {logging_mixin.py:190} INFO - [2024-12-21T21:12:56.747+0000] {dag.py:4180} INFO - Setting next_dagrun for example_sensor_decorator to None, run_after=None
[2024-12-21T21:12:56.788+0000] {processor.py:208} INFO - Processing /home/airflow/.local/lib/python3.12/site-packages/airflow/example_dags/example_sensor_decorator.py took 0.145 seconds
[2024-12-21T21:13:26.934+0000] {processor.py:186} INFO - Started process (PID=1552) to work on /home/airflow/.local/lib/python3.12/site-packages/airflow/example_dags/example_sensor_decorator.py
[2024-12-21T21:13:26.936+0000] {processor.py:914} INFO - Processing file /home/airflow/.local/lib/python3.12/site-packages/airflow/example_dags/example_sensor_decorator.py for tasks to queue
[2024-12-21T21:13:26.940+0000] {logging_mixin.py:190} INFO - [2024-12-21T21:13:26.940+0000] {dagbag.py:588} INFO - Filling up the DagBag from /home/airflow/.local/lib/python3.12/site-packages/airflow/example_dags/example_sensor_decorator.py
[2024-12-21T21:13:26.958+0000] {processor.py:925} INFO - DAG(s) 'example_sensor_decorator' retrieved from /home/airflow/.local/lib/python3.12/site-packages/airflow/example_dags/example_sensor_decorator.py
[2024-12-21T21:13:26.998+0000] {logging_mixin.py:190} INFO - [2024-12-21T21:13:26.997+0000] {dag.py:3239} INFO - Sync 1 DAGs
[2024-12-21T21:13:27.034+0000] {logging_mixin.py:190} INFO - [2024-12-21T21:13:27.034+0000] {dag.py:4180} INFO - Setting next_dagrun for example_sensor_decorator to None, run_after=None
[2024-12-21T21:13:27.099+0000] {processor.py:208} INFO - Processing /home/airflow/.local/lib/python3.12/site-packages/airflow/example_dags/example_sensor_decorator.py took 0.176 seconds
[2024-12-21T21:13:57.356+0000] {processor.py:186} INFO - Started process (PID=1845) to work on /home/airflow/.local/lib/python3.12/site-packages/airflow/example_dags/example_sensor_decorator.py
[2024-12-21T21:13:57.358+0000] {processor.py:914} INFO - Processing file /home/airflow/.local/lib/python3.12/site-packages/airflow/example_dags/example_sensor_decorator.py for tasks to queue
[2024-12-21T21:13:57.363+0000] {logging_mixin.py:190} INFO - [2024-12-21T21:13:57.362+0000] {dagbag.py:588} INFO - Filling up the DagBag from /home/airflow/.local/lib/python3.12/site-packages/airflow/example_dags/example_sensor_decorator.py
[2024-12-21T21:13:57.378+0000] {processor.py:925} INFO - DAG(s) 'example_sensor_decorator' retrieved from /home/airflow/.local/lib/python3.12/site-packages/airflow/example_dags/example_sensor_decorator.py
[2024-12-21T21:13:57.423+0000] {logging_mixin.py:190} INFO - [2024-12-21T21:13:57.422+0000] {dag.py:3239} INFO - Sync 1 DAGs
[2024-12-21T21:13:57.452+0000] {logging_mixin.py:190} INFO - [2024-12-21T21:13:57.452+0000] {dag.py:4180} INFO - Setting next_dagrun for example_sensor_decorator to None, run_after=None
[2024-12-21T21:13:57.515+0000] {processor.py:208} INFO - Processing /home/airflow/.local/lib/python3.12/site-packages/airflow/example_dags/example_sensor_decorator.py took 0.172 seconds
[2024-12-21T21:14:28.031+0000] {processor.py:186} INFO - Started process (PID=2139) to work on /home/airflow/.local/lib/python3.12/site-packages/airflow/example_dags/example_sensor_decorator.py
[2024-12-21T21:14:28.034+0000] {processor.py:914} INFO - Processing file /home/airflow/.local/lib/python3.12/site-packages/airflow/example_dags/example_sensor_decorator.py for tasks to queue
[2024-12-21T21:14:28.039+0000] {logging_mixin.py:190} INFO - [2024-12-21T21:14:28.039+0000] {dagbag.py:588} INFO - Filling up the DagBag from /home/airflow/.local/lib/python3.12/site-packages/airflow/example_dags/example_sensor_decorator.py
[2024-12-21T21:14:28.060+0000] {processor.py:925} INFO - DAG(s) 'example_sensor_decorator' retrieved from /home/airflow/.local/lib/python3.12/site-packages/airflow/example_dags/example_sensor_decorator.py
[2024-12-21T21:14:28.104+0000] {logging_mixin.py:190} INFO - [2024-12-21T21:14:28.103+0000] {dag.py:3239} INFO - Sync 1 DAGs
[2024-12-21T21:14:28.132+0000] {logging_mixin.py:190} INFO - [2024-12-21T21:14:28.132+0000] {dag.py:4180} INFO - Setting next_dagrun for example_sensor_decorator to None, run_after=None
[2024-12-21T21:14:28.170+0000] {processor.py:208} INFO - Processing /home/airflow/.local/lib/python3.12/site-packages/airflow/example_dags/example_sensor_decorator.py took 0.155 seconds
[2024-12-21T21:14:58.335+0000] {processor.py:186} INFO - Started process (PID=2430) to work on /home/airflow/.local/lib/python3.12/site-packages/airflow/example_dags/example_sensor_decorator.py
[2024-12-21T21:14:58.337+0000] {processor.py:914} INFO - Processing file /home/airflow/.local/lib/python3.12/site-packages/airflow/example_dags/example_sensor_decorator.py for tasks to queue
[2024-12-21T21:14:58.341+0000] {logging_mixin.py:190} INFO - [2024-12-21T21:14:58.341+0000] {dagbag.py:588} INFO - Filling up the DagBag from /home/airflow/.local/lib/python3.12/site-packages/airflow/example_dags/example_sensor_decorator.py
[2024-12-21T21:14:58.357+0000] {processor.py:925} INFO - DAG(s) 'example_sensor_decorator' retrieved from /home/airflow/.local/lib/python3.12/site-packages/airflow/example_dags/example_sensor_decorator.py
[2024-12-21T21:14:58.400+0000] {logging_mixin.py:190} INFO - [2024-12-21T21:14:58.399+0000] {dag.py:3239} INFO - Sync 1 DAGs
[2024-12-21T21:14:58.437+0000] {logging_mixin.py:190} INFO - [2024-12-21T21:14:58.436+0000] {dag.py:4180} INFO - Setting next_dagrun for example_sensor_decorator to None, run_after=None
[2024-12-21T21:14:58.476+0000] {processor.py:208} INFO - Processing /home/airflow/.local/lib/python3.12/site-packages/airflow/example_dags/example_sensor_decorator.py took 0.155 seconds
[2024-12-21T21:15:28.758+0000] {processor.py:186} INFO - Started process (PID=2723) to work on /home/airflow/.local/lib/python3.12/site-packages/airflow/example_dags/example_sensor_decorator.py
[2024-12-21T21:15:28.760+0000] {processor.py:914} INFO - Processing file /home/airflow/.local/lib/python3.12/site-packages/airflow/example_dags/example_sensor_decorator.py for tasks to queue
[2024-12-21T21:15:28.764+0000] {logging_mixin.py:190} INFO - [2024-12-21T21:15:28.763+0000] {dagbag.py:588} INFO - Filling up the DagBag from /home/airflow/.local/lib/python3.12/site-packages/airflow/example_dags/example_sensor_decorator.py
[2024-12-21T21:15:28.778+0000] {processor.py:925} INFO - DAG(s) 'example_sensor_decorator' retrieved from /home/airflow/.local/lib/python3.12/site-packages/airflow/example_dags/example_sensor_decorator.py
[2024-12-21T21:15:28.820+0000] {logging_mixin.py:190} INFO - [2024-12-21T21:15:28.819+0000] {dag.py:3239} INFO - Sync 1 DAGs
[2024-12-21T21:15:28.852+0000] {logging_mixin.py:190} INFO - [2024-12-21T21:15:28.852+0000] {dag.py:4180} INFO - Setting next_dagrun for example_sensor_decorator to None, run_after=None
[2024-12-21T21:15:28.893+0000] {processor.py:208} INFO - Processing /home/airflow/.local/lib/python3.12/site-packages/airflow/example_dags/example_sensor_decorator.py took 0.146 seconds
[2024-12-21T21:15:59.122+0000] {processor.py:186} INFO - Started process (PID=3017) to work on /home/airflow/.local/lib/python3.12/site-packages/airflow/example_dags/example_sensor_decorator.py
[2024-12-21T21:15:59.125+0000] {processor.py:914} INFO - Processing file /home/airflow/.local/lib/python3.12/site-packages/airflow/example_dags/example_sensor_decorator.py for tasks to queue
[2024-12-21T21:15:59.136+0000] {logging_mixin.py:190} INFO - [2024-12-21T21:15:59.134+0000] {dagbag.py:588} INFO - Filling up the DagBag from /home/airflow/.local/lib/python3.12/site-packages/airflow/example_dags/example_sensor_decorator.py
[2024-12-21T21:15:59.163+0000] {processor.py:925} INFO - DAG(s) 'example_sensor_decorator' retrieved from /home/airflow/.local/lib/python3.12/site-packages/airflow/example_dags/example_sensor_decorator.py
[2024-12-21T21:15:59.236+0000] {logging_mixin.py:190} INFO - [2024-12-21T21:15:59.235+0000] {dag.py:3239} INFO - Sync 1 DAGs
[2024-12-21T21:15:59.295+0000] {logging_mixin.py:190} INFO - [2024-12-21T21:15:59.295+0000] {dag.py:4180} INFO - Setting next_dagrun for example_sensor_decorator to None, run_after=None
[2024-12-21T21:15:59.351+0000] {processor.py:208} INFO - Processing /home/airflow/.local/lib/python3.12/site-packages/airflow/example_dags/example_sensor_decorator.py took 0.249 seconds
[2024-12-21T21:16:29.723+0000] {processor.py:186} INFO - Started process (PID=3312) to work on /home/airflow/.local/lib/python3.12/site-packages/airflow/example_dags/example_sensor_decorator.py
[2024-12-21T21:16:29.725+0000] {processor.py:914} INFO - Processing file /home/airflow/.local/lib/python3.12/site-packages/airflow/example_dags/example_sensor_decorator.py for tasks to queue
[2024-12-21T21:16:29.731+0000] {logging_mixin.py:190} INFO - [2024-12-21T21:16:29.730+0000] {dagbag.py:588} INFO - Filling up the DagBag from /home/airflow/.local/lib/python3.12/site-packages/airflow/example_dags/example_sensor_decorator.py
[2024-12-21T21:16:29.751+0000] {processor.py:925} INFO - DAG(s) 'example_sensor_decorator' retrieved from /home/airflow/.local/lib/python3.12/site-packages/airflow/example_dags/example_sensor_decorator.py
[2024-12-21T21:16:29.793+0000] {logging_mixin.py:190} INFO - [2024-12-21T21:16:29.793+0000] {dag.py:3239} INFO - Sync 1 DAGs
[2024-12-21T21:16:29.831+0000] {logging_mixin.py:190} INFO - [2024-12-21T21:16:29.830+0000] {dag.py:4180} INFO - Setting next_dagrun for example_sensor_decorator to None, run_after=None
[2024-12-21T21:16:29.878+0000] {processor.py:208} INFO - Processing /home/airflow/.local/lib/python3.12/site-packages/airflow/example_dags/example_sensor_decorator.py took 0.173 seconds
[2024-12-21T21:17:00.575+0000] {processor.py:186} INFO - Started process (PID=3608) to work on /home/airflow/.local/lib/python3.12/site-packages/airflow/example_dags/example_sensor_decorator.py
[2024-12-21T21:17:00.578+0000] {processor.py:914} INFO - Processing file /home/airflow/.local/lib/python3.12/site-packages/airflow/example_dags/example_sensor_decorator.py for tasks to queue
[2024-12-21T21:17:00.584+0000] {logging_mixin.py:190} INFO - [2024-12-21T21:17:00.583+0000] {dagbag.py:588} INFO - Filling up the DagBag from /home/airflow/.local/lib/python3.12/site-packages/airflow/example_dags/example_sensor_decorator.py
[2024-12-21T21:17:00.607+0000] {processor.py:925} INFO - DAG(s) 'example_sensor_decorator' retrieved from /home/airflow/.local/lib/python3.12/site-packages/airflow/example_dags/example_sensor_decorator.py
[2024-12-21T21:17:00.668+0000] {logging_mixin.py:190} INFO - [2024-12-21T21:17:00.667+0000] {dag.py:3239} INFO - Sync 1 DAGs
[2024-12-21T21:17:00.717+0000] {logging_mixin.py:190} INFO - [2024-12-21T21:17:00.717+0000] {dag.py:4180} INFO - Setting next_dagrun for example_sensor_decorator to None, run_after=None
[2024-12-21T21:17:00.785+0000] {processor.py:208} INFO - Processing /home/airflow/.local/lib/python3.12/site-packages/airflow/example_dags/example_sensor_decorator.py took 0.226 seconds
[2024-12-21T21:17:31.159+0000] {processor.py:186} INFO - Started process (PID=3904) to work on /home/airflow/.local/lib/python3.12/site-packages/airflow/example_dags/example_sensor_decorator.py
[2024-12-21T21:17:31.161+0000] {processor.py:914} INFO - Processing file /home/airflow/.local/lib/python3.12/site-packages/airflow/example_dags/example_sensor_decorator.py for tasks to queue
[2024-12-21T21:17:31.166+0000] {logging_mixin.py:190} INFO - [2024-12-21T21:17:31.166+0000] {dagbag.py:588} INFO - Filling up the DagBag from /home/airflow/.local/lib/python3.12/site-packages/airflow/example_dags/example_sensor_decorator.py
[2024-12-21T21:17:31.187+0000] {processor.py:925} INFO - DAG(s) 'example_sensor_decorator' retrieved from /home/airflow/.local/lib/python3.12/site-packages/airflow/example_dags/example_sensor_decorator.py
[2024-12-21T21:17:31.228+0000] {logging_mixin.py:190} INFO - [2024-12-21T21:17:31.228+0000] {dag.py:3239} INFO - Sync 1 DAGs
[2024-12-21T21:17:31.259+0000] {logging_mixin.py:190} INFO - [2024-12-21T21:17:31.258+0000] {dag.py:4180} INFO - Setting next_dagrun for example_sensor_decorator to None, run_after=None
[2024-12-21T21:17:31.297+0000] {processor.py:208} INFO - Processing /home/airflow/.local/lib/python3.12/site-packages/airflow/example_dags/example_sensor_decorator.py took 0.149 seconds
[2024-12-21T21:18:02.211+0000] {processor.py:186} INFO - Started process (PID=4200) to work on /home/airflow/.local/lib/python3.12/site-packages/airflow/example_dags/example_sensor_decorator.py
[2024-12-21T21:18:02.214+0000] {processor.py:914} INFO - Processing file /home/airflow/.local/lib/python3.12/site-packages/airflow/example_dags/example_sensor_decorator.py for tasks to queue
[2024-12-21T21:18:02.221+0000] {logging_mixin.py:190} INFO - [2024-12-21T21:18:02.220+0000] {dagbag.py:588} INFO - Filling up the DagBag from /home/airflow/.local/lib/python3.12/site-packages/airflow/example_dags/example_sensor_decorator.py
[2024-12-21T21:18:02.245+0000] {processor.py:925} INFO - DAG(s) 'example_sensor_decorator' retrieved from /home/airflow/.local/lib/python3.12/site-packages/airflow/example_dags/example_sensor_decorator.py
[2024-12-21T21:18:02.300+0000] {logging_mixin.py:190} INFO - [2024-12-21T21:18:02.299+0000] {dag.py:3239} INFO - Sync 1 DAGs
[2024-12-21T21:18:02.339+0000] {logging_mixin.py:190} INFO - [2024-12-21T21:18:02.338+0000] {dag.py:4180} INFO - Setting next_dagrun for example_sensor_decorator to None, run_after=None
[2024-12-21T21:18:02.410+0000] {processor.py:208} INFO - Processing /home/airflow/.local/lib/python3.12/site-packages/airflow/example_dags/example_sensor_decorator.py took 0.223 seconds
[2024-12-21T21:18:32.858+0000] {processor.py:186} INFO - Started process (PID=4496) to work on /home/airflow/.local/lib/python3.12/site-packages/airflow/example_dags/example_sensor_decorator.py
[2024-12-21T21:18:32.861+0000] {processor.py:914} INFO - Processing file /home/airflow/.local/lib/python3.12/site-packages/airflow/example_dags/example_sensor_decorator.py for tasks to queue
[2024-12-21T21:18:32.867+0000] {logging_mixin.py:190} INFO - [2024-12-21T21:18:32.866+0000] {dagbag.py:588} INFO - Filling up the DagBag from /home/airflow/.local/lib/python3.12/site-packages/airflow/example_dags/example_sensor_decorator.py
[2024-12-21T21:18:32.899+0000] {processor.py:925} INFO - DAG(s) 'example_sensor_decorator' retrieved from /home/airflow/.local/lib/python3.12/site-packages/airflow/example_dags/example_sensor_decorator.py
[2024-12-21T21:18:32.940+0000] {logging_mixin.py:190} INFO - [2024-12-21T21:18:32.940+0000] {dag.py:3239} INFO - Sync 1 DAGs
[2024-12-21T21:18:32.974+0000] {logging_mixin.py:190} INFO - [2024-12-21T21:18:32.973+0000] {dag.py:4180} INFO - Setting next_dagrun for example_sensor_decorator to None, run_after=None
[2024-12-21T21:18:33.044+0000] {processor.py:208} INFO - Processing /home/airflow/.local/lib/python3.12/site-packages/airflow/example_dags/example_sensor_decorator.py took 0.200 seconds
[2024-12-21T21:19:03.792+0000] {processor.py:186} INFO - Started process (PID=4792) to work on /home/airflow/.local/lib/python3.12/site-packages/airflow/example_dags/example_sensor_decorator.py
[2024-12-21T21:19:03.795+0000] {processor.py:914} INFO - Processing file /home/airflow/.local/lib/python3.12/site-packages/airflow/example_dags/example_sensor_decorator.py for tasks to queue
[2024-12-21T21:19:03.801+0000] {logging_mixin.py:190} INFO - [2024-12-21T21:19:03.800+0000] {dagbag.py:588} INFO - Filling up the DagBag from /home/airflow/.local/lib/python3.12/site-packages/airflow/example_dags/example_sensor_decorator.py
[2024-12-21T21:19:03.828+0000] {processor.py:925} INFO - DAG(s) 'example_sensor_decorator' retrieved from /home/airflow/.local/lib/python3.12/site-packages/airflow/example_dags/example_sensor_decorator.py
[2024-12-21T21:19:03.876+0000] {logging_mixin.py:190} INFO - [2024-12-21T21:19:03.875+0000] {dag.py:3239} INFO - Sync 1 DAGs
[2024-12-21T21:19:03.913+0000] {logging_mixin.py:190} INFO - [2024-12-21T21:19:03.912+0000] {dag.py:4180} INFO - Setting next_dagrun for example_sensor_decorator to None, run_after=None
[2024-12-21T21:19:03.960+0000] {processor.py:208} INFO - Processing /home/airflow/.local/lib/python3.12/site-packages/airflow/example_dags/example_sensor_decorator.py took 0.184 seconds
[2024-12-21T21:19:34.178+0000] {processor.py:186} INFO - Started process (PID=5088) to work on /home/airflow/.local/lib/python3.12/site-packages/airflow/example_dags/example_sensor_decorator.py
[2024-12-21T21:19:34.180+0000] {processor.py:914} INFO - Processing file /home/airflow/.local/lib/python3.12/site-packages/airflow/example_dags/example_sensor_decorator.py for tasks to queue
[2024-12-21T21:19:34.185+0000] {logging_mixin.py:190} INFO - [2024-12-21T21:19:34.184+0000] {dagbag.py:588} INFO - Filling up the DagBag from /home/airflow/.local/lib/python3.12/site-packages/airflow/example_dags/example_sensor_decorator.py
[2024-12-21T21:19:34.202+0000] {processor.py:925} INFO - DAG(s) 'example_sensor_decorator' retrieved from /home/airflow/.local/lib/python3.12/site-packages/airflow/example_dags/example_sensor_decorator.py
[2024-12-21T21:19:34.244+0000] {logging_mixin.py:190} INFO - [2024-12-21T21:19:34.243+0000] {dag.py:3239} INFO - Sync 1 DAGs
[2024-12-21T21:19:34.275+0000] {logging_mixin.py:190} INFO - [2024-12-21T21:19:34.275+0000] {dag.py:4180} INFO - Setting next_dagrun for example_sensor_decorator to None, run_after=None
[2024-12-21T21:19:34.346+0000] {processor.py:208} INFO - Processing /home/airflow/.local/lib/python3.12/site-packages/airflow/example_dags/example_sensor_decorator.py took 0.182 seconds
[2024-12-21T21:20:05.078+0000] {processor.py:186} INFO - Started process (PID=5383) to work on /home/airflow/.local/lib/python3.12/site-packages/airflow/example_dags/example_sensor_decorator.py
[2024-12-21T21:20:05.080+0000] {processor.py:914} INFO - Processing file /home/airflow/.local/lib/python3.12/site-packages/airflow/example_dags/example_sensor_decorator.py for tasks to queue
[2024-12-21T21:20:05.084+0000] {logging_mixin.py:190} INFO - [2024-12-21T21:20:05.084+0000] {dagbag.py:588} INFO - Filling up the DagBag from /home/airflow/.local/lib/python3.12/site-packages/airflow/example_dags/example_sensor_decorator.py
[2024-12-21T21:20:05.099+0000] {processor.py:925} INFO - DAG(s) 'example_sensor_decorator' retrieved from /home/airflow/.local/lib/python3.12/site-packages/airflow/example_dags/example_sensor_decorator.py
[2024-12-21T21:20:05.139+0000] {logging_mixin.py:190} INFO - [2024-12-21T21:20:05.139+0000] {dag.py:3239} INFO - Sync 1 DAGs
[2024-12-21T21:20:05.176+0000] {logging_mixin.py:190} INFO - [2024-12-21T21:20:05.175+0000] {dag.py:4180} INFO - Setting next_dagrun for example_sensor_decorator to None, run_after=None
[2024-12-21T21:20:05.215+0000] {processor.py:208} INFO - Processing /home/airflow/.local/lib/python3.12/site-packages/airflow/example_dags/example_sensor_decorator.py took 0.149 seconds
[2024-12-21T21:20:36.636+0000] {processor.py:186} INFO - Started process (PID=5679) to work on /home/airflow/.local/lib/python3.12/site-packages/airflow/example_dags/example_sensor_decorator.py
[2024-12-21T21:20:36.638+0000] {processor.py:914} INFO - Processing file /home/airflow/.local/lib/python3.12/site-packages/airflow/example_dags/example_sensor_decorator.py for tasks to queue
[2024-12-21T21:20:36.644+0000] {logging_mixin.py:190} INFO - [2024-12-21T21:20:36.642+0000] {dagbag.py:588} INFO - Filling up the DagBag from /home/airflow/.local/lib/python3.12/site-packages/airflow/example_dags/example_sensor_decorator.py
[2024-12-21T21:20:36.663+0000] {processor.py:925} INFO - DAG(s) 'example_sensor_decorator' retrieved from /home/airflow/.local/lib/python3.12/site-packages/airflow/example_dags/example_sensor_decorator.py
[2024-12-21T21:20:36.716+0000] {logging_mixin.py:190} INFO - [2024-12-21T21:20:36.715+0000] {dag.py:3239} INFO - Sync 1 DAGs
[2024-12-21T21:20:36.765+0000] {logging_mixin.py:190} INFO - [2024-12-21T21:20:36.764+0000] {dag.py:4180} INFO - Setting next_dagrun for example_sensor_decorator to None, run_after=None
[2024-12-21T21:20:36.842+0000] {processor.py:208} INFO - Processing /home/airflow/.local/lib/python3.12/site-packages/airflow/example_dags/example_sensor_decorator.py took 0.219 seconds
[2024-12-21T21:21:07.652+0000] {processor.py:186} INFO - Started process (PID=5976) to work on /home/airflow/.local/lib/python3.12/site-packages/airflow/example_dags/example_sensor_decorator.py
[2024-12-21T21:21:07.654+0000] {processor.py:914} INFO - Processing file /home/airflow/.local/lib/python3.12/site-packages/airflow/example_dags/example_sensor_decorator.py for tasks to queue
[2024-12-21T21:21:07.658+0000] {logging_mixin.py:190} INFO - [2024-12-21T21:21:07.658+0000] {dagbag.py:588} INFO - Filling up the DagBag from /home/airflow/.local/lib/python3.12/site-packages/airflow/example_dags/example_sensor_decorator.py
[2024-12-21T21:21:07.676+0000] {processor.py:925} INFO - DAG(s) 'example_sensor_decorator' retrieved from /home/airflow/.local/lib/python3.12/site-packages/airflow/example_dags/example_sensor_decorator.py
[2024-12-21T21:21:07.721+0000] {logging_mixin.py:190} INFO - [2024-12-21T21:21:07.720+0000] {dag.py:3239} INFO - Sync 1 DAGs
[2024-12-21T21:21:07.755+0000] {logging_mixin.py:190} INFO - [2024-12-21T21:21:07.754+0000] {dag.py:4180} INFO - Setting next_dagrun for example_sensor_decorator to None, run_after=None
[2024-12-21T21:21:07.800+0000] {processor.py:208} INFO - Processing /home/airflow/.local/lib/python3.12/site-packages/airflow/example_dags/example_sensor_decorator.py took 0.160 seconds
[2024-12-21T21:21:39.487+0000] {processor.py:186} INFO - Started process (PID=6274) to work on /home/airflow/.local/lib/python3.12/site-packages/airflow/example_dags/example_sensor_decorator.py
[2024-12-21T21:21:39.489+0000] {processor.py:914} INFO - Processing file /home/airflow/.local/lib/python3.12/site-packages/airflow/example_dags/example_sensor_decorator.py for tasks to queue
[2024-12-21T21:21:39.493+0000] {logging_mixin.py:190} INFO - [2024-12-21T21:21:39.493+0000] {dagbag.py:588} INFO - Filling up the DagBag from /home/airflow/.local/lib/python3.12/site-packages/airflow/example_dags/example_sensor_decorator.py
[2024-12-21T21:21:39.512+0000] {processor.py:925} INFO - DAG(s) 'example_sensor_decorator' retrieved from /home/airflow/.local/lib/python3.12/site-packages/airflow/example_dags/example_sensor_decorator.py
[2024-12-21T21:21:39.561+0000] {logging_mixin.py:190} INFO - [2024-12-21T21:21:39.560+0000] {dag.py:3239} INFO - Sync 1 DAGs
[2024-12-21T21:21:39.603+0000] {logging_mixin.py:190} INFO - [2024-12-21T21:21:39.602+0000] {dag.py:4180} INFO - Setting next_dagrun for example_sensor_decorator to None, run_after=None
[2024-12-21T21:21:39.648+0000] {processor.py:208} INFO - Processing /home/airflow/.local/lib/python3.12/site-packages/airflow/example_dags/example_sensor_decorator.py took 0.175 seconds
[2024-12-21T21:22:10.651+0000] {processor.py:186} INFO - Started process (PID=6568) to work on /home/airflow/.local/lib/python3.12/site-packages/airflow/example_dags/example_sensor_decorator.py
[2024-12-21T21:22:10.653+0000] {processor.py:914} INFO - Processing file /home/airflow/.local/lib/python3.12/site-packages/airflow/example_dags/example_sensor_decorator.py for tasks to queue
[2024-12-21T21:22:10.657+0000] {logging_mixin.py:190} INFO - [2024-12-21T21:22:10.657+0000] {dagbag.py:588} INFO - Filling up the DagBag from /home/airflow/.local/lib/python3.12/site-packages/airflow/example_dags/example_sensor_decorator.py
[2024-12-21T21:22:10.673+0000] {processor.py:925} INFO - DAG(s) 'example_sensor_decorator' retrieved from /home/airflow/.local/lib/python3.12/site-packages/airflow/example_dags/example_sensor_decorator.py
[2024-12-21T21:22:10.715+0000] {logging_mixin.py:190} INFO - [2024-12-21T21:22:10.714+0000] {dag.py:3239} INFO - Sync 1 DAGs
[2024-12-21T21:22:10.748+0000] {logging_mixin.py:190} INFO - [2024-12-21T21:22:10.748+0000] {dag.py:4180} INFO - Setting next_dagrun for example_sensor_decorator to None, run_after=None
[2024-12-21T21:22:10.801+0000] {processor.py:208} INFO - Processing /home/airflow/.local/lib/python3.12/site-packages/airflow/example_dags/example_sensor_decorator.py took 0.161 seconds
[2024-12-21T21:22:40.967+0000] {processor.py:186} INFO - Started process (PID=6864) to work on /home/airflow/.local/lib/python3.12/site-packages/airflow/example_dags/example_sensor_decorator.py
[2024-12-21T21:22:40.970+0000] {processor.py:914} INFO - Processing file /home/airflow/.local/lib/python3.12/site-packages/airflow/example_dags/example_sensor_decorator.py for tasks to queue
[2024-12-21T21:22:40.975+0000] {logging_mixin.py:190} INFO - [2024-12-21T21:22:40.975+0000] {dagbag.py:588} INFO - Filling up the DagBag from /home/airflow/.local/lib/python3.12/site-packages/airflow/example_dags/example_sensor_decorator.py
[2024-12-21T21:22:40.995+0000] {processor.py:925} INFO - DAG(s) 'example_sensor_decorator' retrieved from /home/airflow/.local/lib/python3.12/site-packages/airflow/example_dags/example_sensor_decorator.py
[2024-12-21T21:22:41.042+0000] {logging_mixin.py:190} INFO - [2024-12-21T21:22:41.042+0000] {dag.py:3239} INFO - Sync 1 DAGs
[2024-12-21T21:22:41.082+0000] {logging_mixin.py:190} INFO - [2024-12-21T21:22:41.082+0000] {dag.py:4180} INFO - Setting next_dagrun for example_sensor_decorator to None, run_after=None
[2024-12-21T21:22:41.149+0000] {processor.py:208} INFO - Processing /home/airflow/.local/lib/python3.12/site-packages/airflow/example_dags/example_sensor_decorator.py took 0.196 seconds
[2024-12-21T21:23:12.614+0000] {processor.py:186} INFO - Started process (PID=7138) to work on /home/airflow/.local/lib/python3.12/site-packages/airflow/example_dags/example_sensor_decorator.py
[2024-12-21T21:23:12.617+0000] {processor.py:914} INFO - Processing file /home/airflow/.local/lib/python3.12/site-packages/airflow/example_dags/example_sensor_decorator.py for tasks to queue
[2024-12-21T21:23:12.633+0000] {logging_mixin.py:190} INFO - [2024-12-21T21:23:12.632+0000] {dagbag.py:588} INFO - Filling up the DagBag from /home/airflow/.local/lib/python3.12/site-packages/airflow/example_dags/example_sensor_decorator.py
[2024-12-21T21:23:12.666+0000] {processor.py:925} INFO - DAG(s) 'example_sensor_decorator' retrieved from /home/airflow/.local/lib/python3.12/site-packages/airflow/example_dags/example_sensor_decorator.py
[2024-12-21T21:23:12.706+0000] {logging_mixin.py:190} INFO - [2024-12-21T21:23:12.706+0000] {dag.py:3239} INFO - Sync 1 DAGs
[2024-12-21T21:23:12.735+0000] {logging_mixin.py:190} INFO - [2024-12-21T21:23:12.734+0000] {dag.py:4180} INFO - Setting next_dagrun for example_sensor_decorator to None, run_after=None
[2024-12-21T21:23:12.786+0000] {processor.py:208} INFO - Processing /home/airflow/.local/lib/python3.12/site-packages/airflow/example_dags/example_sensor_decorator.py took 0.182 seconds
[2024-12-21T21:23:43.743+0000] {processor.py:186} INFO - Started process (PID=7432) to work on /home/airflow/.local/lib/python3.12/site-packages/airflow/example_dags/example_sensor_decorator.py
[2024-12-21T21:23:43.745+0000] {processor.py:914} INFO - Processing file /home/airflow/.local/lib/python3.12/site-packages/airflow/example_dags/example_sensor_decorator.py for tasks to queue
[2024-12-21T21:23:43.749+0000] {logging_mixin.py:190} INFO - [2024-12-21T21:23:43.748+0000] {dagbag.py:588} INFO - Filling up the DagBag from /home/airflow/.local/lib/python3.12/site-packages/airflow/example_dags/example_sensor_decorator.py
[2024-12-21T21:23:43.764+0000] {processor.py:925} INFO - DAG(s) 'example_sensor_decorator' retrieved from /home/airflow/.local/lib/python3.12/site-packages/airflow/example_dags/example_sensor_decorator.py
[2024-12-21T21:23:43.805+0000] {logging_mixin.py:190} INFO - [2024-12-21T21:23:43.804+0000] {dag.py:3239} INFO - Sync 1 DAGs
[2024-12-21T21:23:43.843+0000] {logging_mixin.py:190} INFO - [2024-12-21T21:23:43.842+0000] {dag.py:4180} INFO - Setting next_dagrun for example_sensor_decorator to None, run_after=None
[2024-12-21T21:23:43.891+0000] {processor.py:208} INFO - Processing /home/airflow/.local/lib/python3.12/site-packages/airflow/example_dags/example_sensor_decorator.py took 0.160 seconds
[2024-12-21T21:24:15.198+0000] {processor.py:186} INFO - Started process (PID=7723) to work on /home/airflow/.local/lib/python3.12/site-packages/airflow/example_dags/example_sensor_decorator.py
[2024-12-21T21:24:15.201+0000] {processor.py:914} INFO - Processing file /home/airflow/.local/lib/python3.12/site-packages/airflow/example_dags/example_sensor_decorator.py for tasks to queue
[2024-12-21T21:24:15.207+0000] {logging_mixin.py:190} INFO - [2024-12-21T21:24:15.206+0000] {dagbag.py:588} INFO - Filling up the DagBag from /home/airflow/.local/lib/python3.12/site-packages/airflow/example_dags/example_sensor_decorator.py
[2024-12-21T21:24:15.230+0000] {processor.py:925} INFO - DAG(s) 'example_sensor_decorator' retrieved from /home/airflow/.local/lib/python3.12/site-packages/airflow/example_dags/example_sensor_decorator.py
[2024-12-21T21:24:15.270+0000] {logging_mixin.py:190} INFO - [2024-12-21T21:24:15.269+0000] {dag.py:3239} INFO - Sync 1 DAGs
[2024-12-21T21:24:15.299+0000] {logging_mixin.py:190} INFO - [2024-12-21T21:24:15.298+0000] {dag.py:4180} INFO - Setting next_dagrun for example_sensor_decorator to None, run_after=None
[2024-12-21T21:24:15.341+0000] {processor.py:208} INFO - Processing /home/airflow/.local/lib/python3.12/site-packages/airflow/example_dags/example_sensor_decorator.py took 0.160 seconds
[2024-12-21T21:26:36.519+0000] {processor.py:186} INFO - Started process (PID=371) to work on /home/airflow/.local/lib/python3.12/site-packages/airflow/example_dags/example_sensor_decorator.py
[2024-12-21T21:26:36.521+0000] {processor.py:914} INFO - Processing file /home/airflow/.local/lib/python3.12/site-packages/airflow/example_dags/example_sensor_decorator.py for tasks to queue
[2024-12-21T21:26:36.525+0000] {logging_mixin.py:190} INFO - [2024-12-21T21:26:36.524+0000] {dagbag.py:588} INFO - Filling up the DagBag from /home/airflow/.local/lib/python3.12/site-packages/airflow/example_dags/example_sensor_decorator.py
[2024-12-21T21:26:36.541+0000] {processor.py:925} INFO - DAG(s) 'example_sensor_decorator' retrieved from /home/airflow/.local/lib/python3.12/site-packages/airflow/example_dags/example_sensor_decorator.py
[2024-12-21T21:26:36.597+0000] {logging_mixin.py:190} INFO - [2024-12-21T21:26:36.596+0000] {dag.py:3239} INFO - Sync 1 DAGs
[2024-12-21T21:26:36.634+0000] {logging_mixin.py:190} INFO - [2024-12-21T21:26:36.633+0000] {dag.py:4180} INFO - Setting next_dagrun for example_sensor_decorator to None, run_after=None
[2024-12-21T21:26:36.701+0000] {processor.py:208} INFO - Processing /home/airflow/.local/lib/python3.12/site-packages/airflow/example_dags/example_sensor_decorator.py took 0.192 seconds
[2024-12-21T21:27:08.625+0000] {processor.py:186} INFO - Started process (PID=667) to work on /home/airflow/.local/lib/python3.12/site-packages/airflow/example_dags/example_sensor_decorator.py
[2024-12-21T21:27:08.627+0000] {processor.py:914} INFO - Processing file /home/airflow/.local/lib/python3.12/site-packages/airflow/example_dags/example_sensor_decorator.py for tasks to queue
[2024-12-21T21:27:08.635+0000] {logging_mixin.py:190} INFO - [2024-12-21T21:27:08.634+0000] {dagbag.py:588} INFO - Filling up the DagBag from /home/airflow/.local/lib/python3.12/site-packages/airflow/example_dags/example_sensor_decorator.py
[2024-12-21T21:27:08.649+0000] {processor.py:925} INFO - DAG(s) 'example_sensor_decorator' retrieved from /home/airflow/.local/lib/python3.12/site-packages/airflow/example_dags/example_sensor_decorator.py
[2024-12-21T21:27:08.692+0000] {logging_mixin.py:190} INFO - [2024-12-21T21:27:08.692+0000] {dag.py:3239} INFO - Sync 1 DAGs
[2024-12-21T21:27:08.729+0000] {logging_mixin.py:190} INFO - [2024-12-21T21:27:08.728+0000] {dag.py:4180} INFO - Setting next_dagrun for example_sensor_decorator to None, run_after=None
[2024-12-21T21:27:08.775+0000] {processor.py:208} INFO - Processing /home/airflow/.local/lib/python3.12/site-packages/airflow/example_dags/example_sensor_decorator.py took 0.163 seconds
[2024-12-21T21:27:40.677+0000] {processor.py:186} INFO - Started process (PID=965) to work on /home/airflow/.local/lib/python3.12/site-packages/airflow/example_dags/example_sensor_decorator.py
[2024-12-21T21:27:40.680+0000] {processor.py:914} INFO - Processing file /home/airflow/.local/lib/python3.12/site-packages/airflow/example_dags/example_sensor_decorator.py for tasks to queue
[2024-12-21T21:27:40.689+0000] {logging_mixin.py:190} INFO - [2024-12-21T21:27:40.688+0000] {dagbag.py:588} INFO - Filling up the DagBag from /home/airflow/.local/lib/python3.12/site-packages/airflow/example_dags/example_sensor_decorator.py
[2024-12-21T21:27:40.710+0000] {processor.py:925} INFO - DAG(s) 'example_sensor_decorator' retrieved from /home/airflow/.local/lib/python3.12/site-packages/airflow/example_dags/example_sensor_decorator.py
[2024-12-21T21:27:40.751+0000] {logging_mixin.py:190} INFO - [2024-12-21T21:27:40.751+0000] {dag.py:3239} INFO - Sync 1 DAGs
[2024-12-21T21:27:40.780+0000] {logging_mixin.py:190} INFO - [2024-12-21T21:27:40.779+0000] {dag.py:4180} INFO - Setting next_dagrun for example_sensor_decorator to None, run_after=None
[2024-12-21T21:27:40.818+0000] {processor.py:208} INFO - Processing /home/airflow/.local/lib/python3.12/site-packages/airflow/example_dags/example_sensor_decorator.py took 0.157 seconds
[2024-12-21T21:28:12.348+0000] {processor.py:186} INFO - Started process (PID=1261) to work on /home/airflow/.local/lib/python3.12/site-packages/airflow/example_dags/example_sensor_decorator.py
[2024-12-21T21:28:12.350+0000] {processor.py:914} INFO - Processing file /home/airflow/.local/lib/python3.12/site-packages/airflow/example_dags/example_sensor_decorator.py for tasks to queue
[2024-12-21T21:28:12.359+0000] {logging_mixin.py:190} INFO - [2024-12-21T21:28:12.357+0000] {dagbag.py:588} INFO - Filling up the DagBag from /home/airflow/.local/lib/python3.12/site-packages/airflow/example_dags/example_sensor_decorator.py
[2024-12-21T21:28:12.379+0000] {processor.py:925} INFO - DAG(s) 'example_sensor_decorator' retrieved from /home/airflow/.local/lib/python3.12/site-packages/airflow/example_dags/example_sensor_decorator.py
[2024-12-21T21:28:12.421+0000] {logging_mixin.py:190} INFO - [2024-12-21T21:28:12.421+0000] {dag.py:3239} INFO - Sync 1 DAGs
[2024-12-21T21:28:12.460+0000] {logging_mixin.py:190} INFO - [2024-12-21T21:28:12.459+0000] {dag.py:4180} INFO - Setting next_dagrun for example_sensor_decorator to None, run_after=None
[2024-12-21T21:28:12.503+0000] {processor.py:208} INFO - Processing /home/airflow/.local/lib/python3.12/site-packages/airflow/example_dags/example_sensor_decorator.py took 0.167 seconds
[2024-12-21T21:28:44.165+0000] {processor.py:186} INFO - Started process (PID=1557) to work on /home/airflow/.local/lib/python3.12/site-packages/airflow/example_dags/example_sensor_decorator.py
[2024-12-21T21:28:44.167+0000] {processor.py:914} INFO - Processing file /home/airflow/.local/lib/python3.12/site-packages/airflow/example_dags/example_sensor_decorator.py for tasks to queue
[2024-12-21T21:28:44.172+0000] {logging_mixin.py:190} INFO - [2024-12-21T21:28:44.171+0000] {dagbag.py:588} INFO - Filling up the DagBag from /home/airflow/.local/lib/python3.12/site-packages/airflow/example_dags/example_sensor_decorator.py
[2024-12-21T21:28:44.185+0000] {processor.py:925} INFO - DAG(s) 'example_sensor_decorator' retrieved from /home/airflow/.local/lib/python3.12/site-packages/airflow/example_dags/example_sensor_decorator.py
[2024-12-21T21:28:44.226+0000] {logging_mixin.py:190} INFO - [2024-12-21T21:28:44.225+0000] {dag.py:3239} INFO - Sync 1 DAGs
[2024-12-21T21:28:44.255+0000] {logging_mixin.py:190} INFO - [2024-12-21T21:28:44.254+0000] {dag.py:4180} INFO - Setting next_dagrun for example_sensor_decorator to None, run_after=None
[2024-12-21T21:28:44.296+0000] {processor.py:208} INFO - Processing /home/airflow/.local/lib/python3.12/site-packages/airflow/example_dags/example_sensor_decorator.py took 0.142 seconds
[2024-12-21T21:29:15.876+0000] {processor.py:186} INFO - Started process (PID=1853) to work on /home/airflow/.local/lib/python3.12/site-packages/airflow/example_dags/example_sensor_decorator.py
[2024-12-21T21:29:15.877+0000] {processor.py:914} INFO - Processing file /home/airflow/.local/lib/python3.12/site-packages/airflow/example_dags/example_sensor_decorator.py for tasks to queue
[2024-12-21T21:29:15.883+0000] {logging_mixin.py:190} INFO - [2024-12-21T21:29:15.882+0000] {dagbag.py:588} INFO - Filling up the DagBag from /home/airflow/.local/lib/python3.12/site-packages/airflow/example_dags/example_sensor_decorator.py
[2024-12-21T21:29:15.898+0000] {processor.py:925} INFO - DAG(s) 'example_sensor_decorator' retrieved from /home/airflow/.local/lib/python3.12/site-packages/airflow/example_dags/example_sensor_decorator.py
[2024-12-21T21:29:15.939+0000] {logging_mixin.py:190} INFO - [2024-12-21T21:29:15.939+0000] {dag.py:3239} INFO - Sync 1 DAGs
[2024-12-21T21:29:15.967+0000] {logging_mixin.py:190} INFO - [2024-12-21T21:29:15.967+0000] {dag.py:4180} INFO - Setting next_dagrun for example_sensor_decorator to None, run_after=None
[2024-12-21T21:29:16.008+0000] {processor.py:208} INFO - Processing /home/airflow/.local/lib/python3.12/site-packages/airflow/example_dags/example_sensor_decorator.py took 0.143 seconds
[2024-12-21T21:29:47.439+0000] {processor.py:186} INFO - Started process (PID=2148) to work on /home/airflow/.local/lib/python3.12/site-packages/airflow/example_dags/example_sensor_decorator.py
[2024-12-21T21:29:47.441+0000] {processor.py:914} INFO - Processing file /home/airflow/.local/lib/python3.12/site-packages/airflow/example_dags/example_sensor_decorator.py for tasks to queue
[2024-12-21T21:29:47.446+0000] {logging_mixin.py:190} INFO - [2024-12-21T21:29:47.445+0000] {dagbag.py:588} INFO - Filling up the DagBag from /home/airflow/.local/lib/python3.12/site-packages/airflow/example_dags/example_sensor_decorator.py
[2024-12-21T21:29:47.461+0000] {processor.py:925} INFO - DAG(s) 'example_sensor_decorator' retrieved from /home/airflow/.local/lib/python3.12/site-packages/airflow/example_dags/example_sensor_decorator.py
[2024-12-21T21:29:47.502+0000] {logging_mixin.py:190} INFO - [2024-12-21T21:29:47.501+0000] {dag.py:3239} INFO - Sync 1 DAGs
[2024-12-21T21:29:47.534+0000] {logging_mixin.py:190} INFO - [2024-12-21T21:29:47.534+0000] {dag.py:4180} INFO - Setting next_dagrun for example_sensor_decorator to None, run_after=None
[2024-12-21T21:29:47.575+0000] {processor.py:208} INFO - Processing /home/airflow/.local/lib/python3.12/site-packages/airflow/example_dags/example_sensor_decorator.py took 0.147 seconds
[2024-12-21T21:30:19.083+0000] {processor.py:186} INFO - Started process (PID=2444) to work on /home/airflow/.local/lib/python3.12/site-packages/airflow/example_dags/example_sensor_decorator.py
[2024-12-21T21:30:19.085+0000] {processor.py:914} INFO - Processing file /home/airflow/.local/lib/python3.12/site-packages/airflow/example_dags/example_sensor_decorator.py for tasks to queue
[2024-12-21T21:30:19.090+0000] {logging_mixin.py:190} INFO - [2024-12-21T21:30:19.090+0000] {dagbag.py:588} INFO - Filling up the DagBag from /home/airflow/.local/lib/python3.12/site-packages/airflow/example_dags/example_sensor_decorator.py
[2024-12-21T21:30:19.108+0000] {processor.py:925} INFO - DAG(s) 'example_sensor_decorator' retrieved from /home/airflow/.local/lib/python3.12/site-packages/airflow/example_dags/example_sensor_decorator.py
[2024-12-21T21:30:19.149+0000] {logging_mixin.py:190} INFO - [2024-12-21T21:30:19.148+0000] {dag.py:3239} INFO - Sync 1 DAGs
[2024-12-21T21:30:19.190+0000] {logging_mixin.py:190} INFO - [2024-12-21T21:30:19.189+0000] {dag.py:4180} INFO - Setting next_dagrun for example_sensor_decorator to None, run_after=None
[2024-12-21T21:30:19.233+0000] {processor.py:208} INFO - Processing /home/airflow/.local/lib/python3.12/site-packages/airflow/example_dags/example_sensor_decorator.py took 0.160 seconds
[2024-12-21T21:30:49.987+0000] {processor.py:186} INFO - Started process (PID=2735) to work on /home/airflow/.local/lib/python3.12/site-packages/airflow/example_dags/example_sensor_decorator.py
[2024-12-21T21:30:49.989+0000] {processor.py:914} INFO - Processing file /home/airflow/.local/lib/python3.12/site-packages/airflow/example_dags/example_sensor_decorator.py for tasks to queue
[2024-12-21T21:30:49.994+0000] {logging_mixin.py:190} INFO - [2024-12-21T21:30:49.993+0000] {dagbag.py:588} INFO - Filling up the DagBag from /home/airflow/.local/lib/python3.12/site-packages/airflow/example_dags/example_sensor_decorator.py
[2024-12-21T21:30:50.007+0000] {processor.py:925} INFO - DAG(s) 'example_sensor_decorator' retrieved from /home/airflow/.local/lib/python3.12/site-packages/airflow/example_dags/example_sensor_decorator.py
[2024-12-21T21:30:50.043+0000] {logging_mixin.py:190} INFO - [2024-12-21T21:30:50.042+0000] {dag.py:3239} INFO - Sync 1 DAGs
[2024-12-21T21:30:50.076+0000] {logging_mixin.py:190} INFO - [2024-12-21T21:30:50.076+0000] {dag.py:4180} INFO - Setting next_dagrun for example_sensor_decorator to None, run_after=None
[2024-12-21T21:30:50.116+0000] {processor.py:208} INFO - Processing /home/airflow/.local/lib/python3.12/site-packages/airflow/example_dags/example_sensor_decorator.py took 0.139 seconds
[2024-12-21T21:31:20.358+0000] {processor.py:186} INFO - Started process (PID=3026) to work on /home/airflow/.local/lib/python3.12/site-packages/airflow/example_dags/example_sensor_decorator.py
[2024-12-21T21:31:20.359+0000] {processor.py:914} INFO - Processing file /home/airflow/.local/lib/python3.12/site-packages/airflow/example_dags/example_sensor_decorator.py for tasks to queue
[2024-12-21T21:31:20.364+0000] {logging_mixin.py:190} INFO - [2024-12-21T21:31:20.363+0000] {dagbag.py:588} INFO - Filling up the DagBag from /home/airflow/.local/lib/python3.12/site-packages/airflow/example_dags/example_sensor_decorator.py
[2024-12-21T21:31:20.381+0000] {processor.py:925} INFO - DAG(s) 'example_sensor_decorator' retrieved from /home/airflow/.local/lib/python3.12/site-packages/airflow/example_dags/example_sensor_decorator.py
[2024-12-21T21:31:20.427+0000] {logging_mixin.py:190} INFO - [2024-12-21T21:31:20.426+0000] {dag.py:3239} INFO - Sync 1 DAGs
[2024-12-21T21:31:20.459+0000] {logging_mixin.py:190} INFO - [2024-12-21T21:31:20.459+0000] {dag.py:4180} INFO - Setting next_dagrun for example_sensor_decorator to None, run_after=None
[2024-12-21T21:31:20.527+0000] {processor.py:208} INFO - Processing /home/airflow/.local/lib/python3.12/site-packages/airflow/example_dags/example_sensor_decorator.py took 0.181 seconds
[2024-12-21T21:31:51.324+0000] {processor.py:186} INFO - Started process (PID=3320) to work on /home/airflow/.local/lib/python3.12/site-packages/airflow/example_dags/example_sensor_decorator.py
[2024-12-21T21:31:51.326+0000] {processor.py:914} INFO - Processing file /home/airflow/.local/lib/python3.12/site-packages/airflow/example_dags/example_sensor_decorator.py for tasks to queue
[2024-12-21T21:31:51.330+0000] {logging_mixin.py:190} INFO - [2024-12-21T21:31:51.330+0000] {dagbag.py:588} INFO - Filling up the DagBag from /home/airflow/.local/lib/python3.12/site-packages/airflow/example_dags/example_sensor_decorator.py
[2024-12-21T21:31:51.346+0000] {processor.py:925} INFO - DAG(s) 'example_sensor_decorator' retrieved from /home/airflow/.local/lib/python3.12/site-packages/airflow/example_dags/example_sensor_decorator.py
[2024-12-21T21:31:51.382+0000] {logging_mixin.py:190} INFO - [2024-12-21T21:31:51.381+0000] {dag.py:3239} INFO - Sync 1 DAGs
[2024-12-21T21:31:51.420+0000] {logging_mixin.py:190} INFO - [2024-12-21T21:31:51.419+0000] {dag.py:4180} INFO - Setting next_dagrun for example_sensor_decorator to None, run_after=None
[2024-12-21T21:31:51.468+0000] {processor.py:208} INFO - Processing /home/airflow/.local/lib/python3.12/site-packages/airflow/example_dags/example_sensor_decorator.py took 0.156 seconds
[2024-12-21T21:32:22.142+0000] {processor.py:186} INFO - Started process (PID=3614) to work on /home/airflow/.local/lib/python3.12/site-packages/airflow/example_dags/example_sensor_decorator.py
[2024-12-21T21:32:22.143+0000] {processor.py:914} INFO - Processing file /home/airflow/.local/lib/python3.12/site-packages/airflow/example_dags/example_sensor_decorator.py for tasks to queue
[2024-12-21T21:32:22.148+0000] {logging_mixin.py:190} INFO - [2024-12-21T21:32:22.147+0000] {dagbag.py:588} INFO - Filling up the DagBag from /home/airflow/.local/lib/python3.12/site-packages/airflow/example_dags/example_sensor_decorator.py
[2024-12-21T21:32:22.164+0000] {processor.py:925} INFO - DAG(s) 'example_sensor_decorator' retrieved from /home/airflow/.local/lib/python3.12/site-packages/airflow/example_dags/example_sensor_decorator.py
[2024-12-21T21:32:22.211+0000] {logging_mixin.py:190} INFO - [2024-12-21T21:32:22.210+0000] {dag.py:3239} INFO - Sync 1 DAGs
[2024-12-21T21:32:22.248+0000] {logging_mixin.py:190} INFO - [2024-12-21T21:32:22.247+0000] {dag.py:4180} INFO - Setting next_dagrun for example_sensor_decorator to None, run_after=None
[2024-12-21T21:32:22.311+0000] {processor.py:208} INFO - Processing /home/airflow/.local/lib/python3.12/site-packages/airflow/example_dags/example_sensor_decorator.py took 0.179 seconds
[2024-12-21T21:32:52.421+0000] {processor.py:186} INFO - Started process (PID=3905) to work on /home/airflow/.local/lib/python3.12/site-packages/airflow/example_dags/example_sensor_decorator.py
[2024-12-21T21:32:52.423+0000] {processor.py:914} INFO - Processing file /home/airflow/.local/lib/python3.12/site-packages/airflow/example_dags/example_sensor_decorator.py for tasks to queue
[2024-12-21T21:32:52.427+0000] {logging_mixin.py:190} INFO - [2024-12-21T21:32:52.427+0000] {dagbag.py:588} INFO - Filling up the DagBag from /home/airflow/.local/lib/python3.12/site-packages/airflow/example_dags/example_sensor_decorator.py
[2024-12-21T21:32:52.444+0000] {processor.py:925} INFO - DAG(s) 'example_sensor_decorator' retrieved from /home/airflow/.local/lib/python3.12/site-packages/airflow/example_dags/example_sensor_decorator.py
[2024-12-21T21:32:52.488+0000] {logging_mixin.py:190} INFO - [2024-12-21T21:32:52.487+0000] {dag.py:3239} INFO - Sync 1 DAGs
[2024-12-21T21:32:52.521+0000] {logging_mixin.py:190} INFO - [2024-12-21T21:32:52.520+0000] {dag.py:4180} INFO - Setting next_dagrun for example_sensor_decorator to None, run_after=None
[2024-12-21T21:32:52.558+0000] {processor.py:208} INFO - Processing /home/airflow/.local/lib/python3.12/site-packages/airflow/example_dags/example_sensor_decorator.py took 0.150 seconds
[2024-12-21T21:33:22.731+0000] {processor.py:186} INFO - Started process (PID=4198) to work on /home/airflow/.local/lib/python3.12/site-packages/airflow/example_dags/example_sensor_decorator.py
[2024-12-21T21:33:22.733+0000] {processor.py:914} INFO - Processing file /home/airflow/.local/lib/python3.12/site-packages/airflow/example_dags/example_sensor_decorator.py for tasks to queue
[2024-12-21T21:33:22.738+0000] {logging_mixin.py:190} INFO - [2024-12-21T21:33:22.738+0000] {dagbag.py:588} INFO - Filling up the DagBag from /home/airflow/.local/lib/python3.12/site-packages/airflow/example_dags/example_sensor_decorator.py
[2024-12-21T21:33:22.753+0000] {processor.py:925} INFO - DAG(s) 'example_sensor_decorator' retrieved from /home/airflow/.local/lib/python3.12/site-packages/airflow/example_dags/example_sensor_decorator.py
[2024-12-21T21:33:22.790+0000] {logging_mixin.py:190} INFO - [2024-12-21T21:33:22.789+0000] {dag.py:3239} INFO - Sync 1 DAGs
[2024-12-21T21:33:22.818+0000] {logging_mixin.py:190} INFO - [2024-12-21T21:33:22.818+0000] {dag.py:4180} INFO - Setting next_dagrun for example_sensor_decorator to None, run_after=None
[2024-12-21T21:33:22.883+0000] {processor.py:208} INFO - Processing /home/airflow/.local/lib/python3.12/site-packages/airflow/example_dags/example_sensor_decorator.py took 0.164 seconds
[2024-12-21T21:33:53.036+0000] {processor.py:186} INFO - Started process (PID=4494) to work on /home/airflow/.local/lib/python3.12/site-packages/airflow/example_dags/example_sensor_decorator.py
[2024-12-21T21:33:53.038+0000] {processor.py:914} INFO - Processing file /home/airflow/.local/lib/python3.12/site-packages/airflow/example_dags/example_sensor_decorator.py for tasks to queue
[2024-12-21T21:33:53.043+0000] {logging_mixin.py:190} INFO - [2024-12-21T21:33:53.043+0000] {dagbag.py:588} INFO - Filling up the DagBag from /home/airflow/.local/lib/python3.12/site-packages/airflow/example_dags/example_sensor_decorator.py
[2024-12-21T21:33:53.058+0000] {processor.py:925} INFO - DAG(s) 'example_sensor_decorator' retrieved from /home/airflow/.local/lib/python3.12/site-packages/airflow/example_dags/example_sensor_decorator.py
[2024-12-21T21:33:53.102+0000] {logging_mixin.py:190} INFO - [2024-12-21T21:33:53.101+0000] {dag.py:3239} INFO - Sync 1 DAGs
[2024-12-21T21:33:53.134+0000] {logging_mixin.py:190} INFO - [2024-12-21T21:33:53.133+0000] {dag.py:4180} INFO - Setting next_dagrun for example_sensor_decorator to None, run_after=None
[2024-12-21T21:33:53.202+0000] {processor.py:208} INFO - Processing /home/airflow/.local/lib/python3.12/site-packages/airflow/example_dags/example_sensor_decorator.py took 0.178 seconds
[2024-12-21T21:34:23.876+0000] {processor.py:186} INFO - Started process (PID=4790) to work on /home/airflow/.local/lib/python3.12/site-packages/airflow/example_dags/example_sensor_decorator.py
[2024-12-21T21:34:23.879+0000] {processor.py:914} INFO - Processing file /home/airflow/.local/lib/python3.12/site-packages/airflow/example_dags/example_sensor_decorator.py for tasks to queue
[2024-12-21T21:34:23.885+0000] {logging_mixin.py:190} INFO - [2024-12-21T21:34:23.884+0000] {dagbag.py:588} INFO - Filling up the DagBag from /home/airflow/.local/lib/python3.12/site-packages/airflow/example_dags/example_sensor_decorator.py
[2024-12-21T21:34:23.901+0000] {processor.py:925} INFO - DAG(s) 'example_sensor_decorator' retrieved from /home/airflow/.local/lib/python3.12/site-packages/airflow/example_dags/example_sensor_decorator.py
[2024-12-21T21:34:23.947+0000] {logging_mixin.py:190} INFO - [2024-12-21T21:34:23.946+0000] {dag.py:3239} INFO - Sync 1 DAGs
[2024-12-21T21:34:23.979+0000] {logging_mixin.py:190} INFO - [2024-12-21T21:34:23.979+0000] {dag.py:4180} INFO - Setting next_dagrun for example_sensor_decorator to None, run_after=None
[2024-12-21T21:34:24.040+0000] {processor.py:208} INFO - Processing /home/airflow/.local/lib/python3.12/site-packages/airflow/example_dags/example_sensor_decorator.py took 0.178 seconds
[2024-12-21T21:34:54.739+0000] {processor.py:186} INFO - Started process (PID=5087) to work on /home/airflow/.local/lib/python3.12/site-packages/airflow/example_dags/example_sensor_decorator.py
[2024-12-21T21:34:54.741+0000] {processor.py:914} INFO - Processing file /home/airflow/.local/lib/python3.12/site-packages/airflow/example_dags/example_sensor_decorator.py for tasks to queue
[2024-12-21T21:34:54.746+0000] {logging_mixin.py:190} INFO - [2024-12-21T21:34:54.746+0000] {dagbag.py:588} INFO - Filling up the DagBag from /home/airflow/.local/lib/python3.12/site-packages/airflow/example_dags/example_sensor_decorator.py
[2024-12-21T21:34:54.760+0000] {processor.py:925} INFO - DAG(s) 'example_sensor_decorator' retrieved from /home/airflow/.local/lib/python3.12/site-packages/airflow/example_dags/example_sensor_decorator.py
[2024-12-21T21:34:54.803+0000] {logging_mixin.py:190} INFO - [2024-12-21T21:34:54.802+0000] {dag.py:3239} INFO - Sync 1 DAGs
[2024-12-21T21:34:54.832+0000] {logging_mixin.py:190} INFO - [2024-12-21T21:34:54.831+0000] {dag.py:4180} INFO - Setting next_dagrun for example_sensor_decorator to None, run_after=None
[2024-12-21T21:34:54.894+0000] {processor.py:208} INFO - Processing /home/airflow/.local/lib/python3.12/site-packages/airflow/example_dags/example_sensor_decorator.py took 0.167 seconds
[2024-12-21T21:35:25.061+0000] {processor.py:186} INFO - Started process (PID=5383) to work on /home/airflow/.local/lib/python3.12/site-packages/airflow/example_dags/example_sensor_decorator.py
[2024-12-21T21:35:25.063+0000] {processor.py:914} INFO - Processing file /home/airflow/.local/lib/python3.12/site-packages/airflow/example_dags/example_sensor_decorator.py for tasks to queue
[2024-12-21T21:35:25.068+0000] {logging_mixin.py:190} INFO - [2024-12-21T21:35:25.067+0000] {dagbag.py:588} INFO - Filling up the DagBag from /home/airflow/.local/lib/python3.12/site-packages/airflow/example_dags/example_sensor_decorator.py
[2024-12-21T21:35:25.082+0000] {processor.py:925} INFO - DAG(s) 'example_sensor_decorator' retrieved from /home/airflow/.local/lib/python3.12/site-packages/airflow/example_dags/example_sensor_decorator.py
[2024-12-21T21:35:25.124+0000] {logging_mixin.py:190} INFO - [2024-12-21T21:35:25.124+0000] {dag.py:3239} INFO - Sync 1 DAGs
[2024-12-21T21:35:25.155+0000] {logging_mixin.py:190} INFO - [2024-12-21T21:35:25.155+0000] {dag.py:4180} INFO - Setting next_dagrun for example_sensor_decorator to None, run_after=None
[2024-12-21T21:35:25.217+0000] {processor.py:208} INFO - Processing /home/airflow/.local/lib/python3.12/site-packages/airflow/example_dags/example_sensor_decorator.py took 0.168 seconds
[2024-12-21T21:35:55.493+0000] {processor.py:186} INFO - Started process (PID=5679) to work on /home/airflow/.local/lib/python3.12/site-packages/airflow/example_dags/example_sensor_decorator.py
[2024-12-21T21:35:55.495+0000] {processor.py:914} INFO - Processing file /home/airflow/.local/lib/python3.12/site-packages/airflow/example_dags/example_sensor_decorator.py for tasks to queue
[2024-12-21T21:35:55.500+0000] {logging_mixin.py:190} INFO - [2024-12-21T21:35:55.499+0000] {dagbag.py:588} INFO - Filling up the DagBag from /home/airflow/.local/lib/python3.12/site-packages/airflow/example_dags/example_sensor_decorator.py
[2024-12-21T21:35:55.520+0000] {processor.py:925} INFO - DAG(s) 'example_sensor_decorator' retrieved from /home/airflow/.local/lib/python3.12/site-packages/airflow/example_dags/example_sensor_decorator.py
[2024-12-21T21:35:55.561+0000] {logging_mixin.py:190} INFO - [2024-12-21T21:35:55.560+0000] {dag.py:3239} INFO - Sync 1 DAGs
[2024-12-21T21:35:55.594+0000] {logging_mixin.py:190} INFO - [2024-12-21T21:35:55.593+0000] {dag.py:4180} INFO - Setting next_dagrun for example_sensor_decorator to None, run_after=None
[2024-12-21T21:35:55.659+0000] {processor.py:208} INFO - Processing /home/airflow/.local/lib/python3.12/site-packages/airflow/example_dags/example_sensor_decorator.py took 0.179 seconds
[2024-12-21T21:36:25.750+0000] {processor.py:186} INFO - Started process (PID=5975) to work on /home/airflow/.local/lib/python3.12/site-packages/airflow/example_dags/example_sensor_decorator.py
[2024-12-21T21:36:25.752+0000] {processor.py:914} INFO - Processing file /home/airflow/.local/lib/python3.12/site-packages/airflow/example_dags/example_sensor_decorator.py for tasks to queue
[2024-12-21T21:36:25.757+0000] {logging_mixin.py:190} INFO - [2024-12-21T21:36:25.756+0000] {dagbag.py:588} INFO - Filling up the DagBag from /home/airflow/.local/lib/python3.12/site-packages/airflow/example_dags/example_sensor_decorator.py
[2024-12-21T21:36:25.774+0000] {processor.py:925} INFO - DAG(s) 'example_sensor_decorator' retrieved from /home/airflow/.local/lib/python3.12/site-packages/airflow/example_dags/example_sensor_decorator.py
[2024-12-21T21:36:25.817+0000] {logging_mixin.py:190} INFO - [2024-12-21T21:36:25.817+0000] {dag.py:3239} INFO - Sync 1 DAGs
[2024-12-21T21:36:25.852+0000] {logging_mixin.py:190} INFO - [2024-12-21T21:36:25.851+0000] {dag.py:4180} INFO - Setting next_dagrun for example_sensor_decorator to None, run_after=None
[2024-12-21T21:36:25.889+0000] {processor.py:208} INFO - Processing /home/airflow/.local/lib/python3.12/site-packages/airflow/example_dags/example_sensor_decorator.py took 0.151 seconds
[2024-12-21T21:36:56.038+0000] {processor.py:186} INFO - Started process (PID=6271) to work on /home/airflow/.local/lib/python3.12/site-packages/airflow/example_dags/example_sensor_decorator.py
[2024-12-21T21:36:56.040+0000] {processor.py:914} INFO - Processing file /home/airflow/.local/lib/python3.12/site-packages/airflow/example_dags/example_sensor_decorator.py for tasks to queue
[2024-12-21T21:36:56.045+0000] {logging_mixin.py:190} INFO - [2024-12-21T21:36:56.045+0000] {dagbag.py:588} INFO - Filling up the DagBag from /home/airflow/.local/lib/python3.12/site-packages/airflow/example_dags/example_sensor_decorator.py
[2024-12-21T21:36:56.064+0000] {processor.py:925} INFO - DAG(s) 'example_sensor_decorator' retrieved from /home/airflow/.local/lib/python3.12/site-packages/airflow/example_dags/example_sensor_decorator.py
[2024-12-21T21:36:56.114+0000] {logging_mixin.py:190} INFO - [2024-12-21T21:36:56.113+0000] {dag.py:3239} INFO - Sync 1 DAGs
[2024-12-21T21:36:56.152+0000] {logging_mixin.py:190} INFO - [2024-12-21T21:36:56.151+0000] {dag.py:4180} INFO - Setting next_dagrun for example_sensor_decorator to None, run_after=None
[2024-12-21T21:36:56.193+0000] {processor.py:208} INFO - Processing /home/airflow/.local/lib/python3.12/site-packages/airflow/example_dags/example_sensor_decorator.py took 0.167 seconds
[2024-12-21T21:37:26.545+0000] {processor.py:186} INFO - Started process (PID=6567) to work on /home/airflow/.local/lib/python3.12/site-packages/airflow/example_dags/example_sensor_decorator.py
[2024-12-21T21:37:26.546+0000] {processor.py:914} INFO - Processing file /home/airflow/.local/lib/python3.12/site-packages/airflow/example_dags/example_sensor_decorator.py for tasks to queue
[2024-12-21T21:37:26.551+0000] {logging_mixin.py:190} INFO - [2024-12-21T21:37:26.551+0000] {dagbag.py:588} INFO - Filling up the DagBag from /home/airflow/.local/lib/python3.12/site-packages/airflow/example_dags/example_sensor_decorator.py
[2024-12-21T21:37:26.564+0000] {processor.py:925} INFO - DAG(s) 'example_sensor_decorator' retrieved from /home/airflow/.local/lib/python3.12/site-packages/airflow/example_dags/example_sensor_decorator.py
[2024-12-21T21:37:26.603+0000] {logging_mixin.py:190} INFO - [2024-12-21T21:37:26.602+0000] {dag.py:3239} INFO - Sync 1 DAGs
[2024-12-21T21:37:26.640+0000] {logging_mixin.py:190} INFO - [2024-12-21T21:37:26.639+0000] {dag.py:4180} INFO - Setting next_dagrun for example_sensor_decorator to None, run_after=None
[2024-12-21T21:37:26.679+0000] {processor.py:208} INFO - Processing /home/airflow/.local/lib/python3.12/site-packages/airflow/example_dags/example_sensor_decorator.py took 0.145 seconds
[2024-12-21T21:37:57.013+0000] {processor.py:186} INFO - Started process (PID=6863) to work on /home/airflow/.local/lib/python3.12/site-packages/airflow/example_dags/example_sensor_decorator.py
[2024-12-21T21:37:57.015+0000] {processor.py:914} INFO - Processing file /home/airflow/.local/lib/python3.12/site-packages/airflow/example_dags/example_sensor_decorator.py for tasks to queue
[2024-12-21T21:37:57.020+0000] {logging_mixin.py:190} INFO - [2024-12-21T21:37:57.020+0000] {dagbag.py:588} INFO - Filling up the DagBag from /home/airflow/.local/lib/python3.12/site-packages/airflow/example_dags/example_sensor_decorator.py
[2024-12-21T21:37:57.040+0000] {processor.py:925} INFO - DAG(s) 'example_sensor_decorator' retrieved from /home/airflow/.local/lib/python3.12/site-packages/airflow/example_dags/example_sensor_decorator.py
[2024-12-21T21:37:57.081+0000] {logging_mixin.py:190} INFO - [2024-12-21T21:37:57.080+0000] {dag.py:3239} INFO - Sync 1 DAGs
[2024-12-21T21:37:57.113+0000] {logging_mixin.py:190} INFO - [2024-12-21T21:37:57.113+0000] {dag.py:4180} INFO - Setting next_dagrun for example_sensor_decorator to None, run_after=None
[2024-12-21T21:37:57.186+0000] {processor.py:208} INFO - Processing /home/airflow/.local/lib/python3.12/site-packages/airflow/example_dags/example_sensor_decorator.py took 0.187 seconds
[2024-12-21T21:38:27.770+0000] {processor.py:186} INFO - Started process (PID=7159) to work on /home/airflow/.local/lib/python3.12/site-packages/airflow/example_dags/example_sensor_decorator.py
[2024-12-21T21:38:27.774+0000] {processor.py:914} INFO - Processing file /home/airflow/.local/lib/python3.12/site-packages/airflow/example_dags/example_sensor_decorator.py for tasks to queue
[2024-12-21T21:38:27.782+0000] {logging_mixin.py:190} INFO - [2024-12-21T21:38:27.780+0000] {dagbag.py:588} INFO - Filling up the DagBag from /home/airflow/.local/lib/python3.12/site-packages/airflow/example_dags/example_sensor_decorator.py
[2024-12-21T21:38:27.806+0000] {processor.py:925} INFO - DAG(s) 'example_sensor_decorator' retrieved from /home/airflow/.local/lib/python3.12/site-packages/airflow/example_dags/example_sensor_decorator.py
[2024-12-21T21:38:27.886+0000] {logging_mixin.py:190} INFO - [2024-12-21T21:38:27.885+0000] {dag.py:3239} INFO - Sync 1 DAGs
[2024-12-21T21:38:27.938+0000] {logging_mixin.py:190} INFO - [2024-12-21T21:38:27.937+0000] {dag.py:4180} INFO - Setting next_dagrun for example_sensor_decorator to None, run_after=None
[2024-12-21T21:38:28.007+0000] {processor.py:208} INFO - Processing /home/airflow/.local/lib/python3.12/site-packages/airflow/example_dags/example_sensor_decorator.py took 0.256 seconds
[2024-12-21T21:38:58.114+0000] {processor.py:186} INFO - Started process (PID=7455) to work on /home/airflow/.local/lib/python3.12/site-packages/airflow/example_dags/example_sensor_decorator.py
[2024-12-21T21:38:58.116+0000] {processor.py:914} INFO - Processing file /home/airflow/.local/lib/python3.12/site-packages/airflow/example_dags/example_sensor_decorator.py for tasks to queue
[2024-12-21T21:38:58.121+0000] {logging_mixin.py:190} INFO - [2024-12-21T21:38:58.121+0000] {dagbag.py:588} INFO - Filling up the DagBag from /home/airflow/.local/lib/python3.12/site-packages/airflow/example_dags/example_sensor_decorator.py
[2024-12-21T21:38:58.145+0000] {processor.py:925} INFO - DAG(s) 'example_sensor_decorator' retrieved from /home/airflow/.local/lib/python3.12/site-packages/airflow/example_dags/example_sensor_decorator.py
[2024-12-21T21:38:58.194+0000] {logging_mixin.py:190} INFO - [2024-12-21T21:38:58.193+0000] {dag.py:3239} INFO - Sync 1 DAGs
[2024-12-21T21:38:58.243+0000] {logging_mixin.py:190} INFO - [2024-12-21T21:38:58.242+0000] {dag.py:4180} INFO - Setting next_dagrun for example_sensor_decorator to None, run_after=None
[2024-12-21T21:38:58.296+0000] {processor.py:208} INFO - Processing /home/airflow/.local/lib/python3.12/site-packages/airflow/example_dags/example_sensor_decorator.py took 0.197 seconds
[2024-12-21T21:39:28.632+0000] {processor.py:186} INFO - Started process (PID=7751) to work on /home/airflow/.local/lib/python3.12/site-packages/airflow/example_dags/example_sensor_decorator.py
[2024-12-21T21:39:28.635+0000] {processor.py:914} INFO - Processing file /home/airflow/.local/lib/python3.12/site-packages/airflow/example_dags/example_sensor_decorator.py for tasks to queue
[2024-12-21T21:39:28.642+0000] {logging_mixin.py:190} INFO - [2024-12-21T21:39:28.642+0000] {dagbag.py:588} INFO - Filling up the DagBag from /home/airflow/.local/lib/python3.12/site-packages/airflow/example_dags/example_sensor_decorator.py
[2024-12-21T21:39:28.664+0000] {processor.py:925} INFO - DAG(s) 'example_sensor_decorator' retrieved from /home/airflow/.local/lib/python3.12/site-packages/airflow/example_dags/example_sensor_decorator.py
[2024-12-21T21:39:28.717+0000] {logging_mixin.py:190} INFO - [2024-12-21T21:39:28.716+0000] {dag.py:3239} INFO - Sync 1 DAGs
[2024-12-21T21:39:28.763+0000] {logging_mixin.py:190} INFO - [2024-12-21T21:39:28.762+0000] {dag.py:4180} INFO - Setting next_dagrun for example_sensor_decorator to None, run_after=None
[2024-12-21T21:39:28.815+0000] {processor.py:208} INFO - Processing /home/airflow/.local/lib/python3.12/site-packages/airflow/example_dags/example_sensor_decorator.py took 0.198 seconds
[2024-12-21T21:39:59.121+0000] {processor.py:186} INFO - Started process (PID=8045) to work on /home/airflow/.local/lib/python3.12/site-packages/airflow/example_dags/example_sensor_decorator.py
[2024-12-21T21:39:59.123+0000] {processor.py:914} INFO - Processing file /home/airflow/.local/lib/python3.12/site-packages/airflow/example_dags/example_sensor_decorator.py for tasks to queue
[2024-12-21T21:39:59.140+0000] {logging_mixin.py:190} INFO - [2024-12-21T21:39:59.139+0000] {dagbag.py:588} INFO - Filling up the DagBag from /home/airflow/.local/lib/python3.12/site-packages/airflow/example_dags/example_sensor_decorator.py
[2024-12-21T21:39:59.169+0000] {processor.py:925} INFO - DAG(s) 'example_sensor_decorator' retrieved from /home/airflow/.local/lib/python3.12/site-packages/airflow/example_dags/example_sensor_decorator.py
[2024-12-21T21:39:59.223+0000] {logging_mixin.py:190} INFO - [2024-12-21T21:39:59.222+0000] {dag.py:3239} INFO - Sync 1 DAGs
[2024-12-21T21:39:59.262+0000] {logging_mixin.py:190} INFO - [2024-12-21T21:39:59.261+0000] {dag.py:4180} INFO - Setting next_dagrun for example_sensor_decorator to None, run_after=None
[2024-12-21T21:39:59.345+0000] {processor.py:208} INFO - Processing /home/airflow/.local/lib/python3.12/site-packages/airflow/example_dags/example_sensor_decorator.py took 0.240 seconds
