[2024-12-21T21:11:20.510+0000] {processor.py:186} INFO - Started process (PID=332) to work on /home/airflow/.local/lib/python3.12/site-packages/airflow/example_dags/example_branch_labels.py
[2024-12-21T21:11:20.512+0000] {processor.py:914} INFO - Processing file /home/airflow/.local/lib/python3.12/site-packages/airflow/example_dags/example_branch_labels.py for tasks to queue
[2024-12-21T21:11:20.517+0000] {logging_mixin.py:190} INFO - [2024-12-21T21:11:20.516+0000] {dagbag.py:588} INFO - Filling up the DagBag from /home/airflow/.local/lib/python3.12/site-packages/airflow/example_dags/example_branch_labels.py
[2024-12-21T21:11:20.542+0000] {processor.py:925} INFO - DAG(s) 'example_branch_labels' retrieved from /home/airflow/.local/lib/python3.12/site-packages/airflow/example_dags/example_branch_labels.py
[2024-12-21T21:11:20.792+0000] {logging_mixin.py:190} INFO - [2024-12-21T21:11:20.791+0000] {override.py:1911} INFO - Created Permission View: can delete on DAG:example_branch_labels
[2024-12-21T21:11:20.814+0000] {logging_mixin.py:190} INFO - [2024-12-21T21:11:20.813+0000] {override.py:1911} INFO - Created Permission View: can edit on DAG:example_branch_labels
[2024-12-21T21:11:20.830+0000] {logging_mixin.py:190} INFO - [2024-12-21T21:11:20.829+0000] {override.py:1911} INFO - Created Permission View: can read on DAG:example_branch_labels
[2024-12-21T21:11:20.848+0000] {logging_mixin.py:190} INFO - [2024-12-21T21:11:20.847+0000] {override.py:1911} INFO - Created Permission View: can delete on DAG Run:example_branch_labels
[2024-12-21T21:11:20.864+0000] {logging_mixin.py:190} INFO - [2024-12-21T21:11:20.863+0000] {override.py:1911} INFO - Created Permission View: can read on DAG Run:example_branch_labels
[2024-12-21T21:11:20.880+0000] {logging_mixin.py:190} INFO - [2024-12-21T21:11:20.880+0000] {override.py:1911} INFO - Created Permission View: can create on DAG Run:example_branch_labels
[2024-12-21T21:11:20.896+0000] {logging_mixin.py:190} INFO - [2024-12-21T21:11:20.895+0000] {override.py:1911} INFO - Created Permission View: menu access on DAG Run:example_branch_labels
[2024-12-21T21:11:20.898+0000] {logging_mixin.py:190} INFO - [2024-12-21T21:11:20.897+0000] {dag.py:3239} INFO - Sync 1 DAGs
[2024-12-21T21:11:20.924+0000] {logging_mixin.py:190} INFO - [2024-12-21T21:11:20.924+0000] {dag.py:3262} INFO - Creating ORM DAG for example_branch_labels
[2024-12-21T21:11:20.951+0000] {logging_mixin.py:190} INFO - [2024-12-21T21:11:20.951+0000] {dag.py:4180} INFO - Setting next_dagrun for example_branch_labels to 2024-12-20 00:00:00+00:00, run_after=2024-12-21 00:00:00+00:00
[2024-12-21T21:11:20.990+0000] {processor.py:208} INFO - Processing /home/airflow/.local/lib/python3.12/site-packages/airflow/example_dags/example_branch_labels.py took 0.490 seconds
[2024-12-21T21:11:51.687+0000] {processor.py:186} INFO - Started process (PID=628) to work on /home/airflow/.local/lib/python3.12/site-packages/airflow/example_dags/example_branch_labels.py
[2024-12-21T21:11:51.689+0000] {processor.py:914} INFO - Processing file /home/airflow/.local/lib/python3.12/site-packages/airflow/example_dags/example_branch_labels.py for tasks to queue
[2024-12-21T21:11:51.693+0000] {logging_mixin.py:190} INFO - [2024-12-21T21:11:51.693+0000] {dagbag.py:588} INFO - Filling up the DagBag from /home/airflow/.local/lib/python3.12/site-packages/airflow/example_dags/example_branch_labels.py
[2024-12-21T21:11:51.714+0000] {processor.py:925} INFO - DAG(s) 'example_branch_labels' retrieved from /home/airflow/.local/lib/python3.12/site-packages/airflow/example_dags/example_branch_labels.py
[2024-12-21T21:11:51.758+0000] {logging_mixin.py:190} INFO - [2024-12-21T21:11:51.757+0000] {dag.py:3239} INFO - Sync 1 DAGs
[2024-12-21T21:11:51.806+0000] {logging_mixin.py:190} INFO - [2024-12-21T21:11:51.806+0000] {dag.py:4180} INFO - Setting next_dagrun for example_branch_labels to 2024-12-20 00:00:00+00:00, run_after=2024-12-21 00:00:00+00:00
[2024-12-21T21:11:51.844+0000] {processor.py:208} INFO - Processing /home/airflow/.local/lib/python3.12/site-packages/airflow/example_dags/example_branch_labels.py took 0.174 seconds
[2024-12-21T21:12:22.538+0000] {processor.py:186} INFO - Started process (PID=924) to work on /home/airflow/.local/lib/python3.12/site-packages/airflow/example_dags/example_branch_labels.py
[2024-12-21T21:12:22.540+0000] {processor.py:914} INFO - Processing file /home/airflow/.local/lib/python3.12/site-packages/airflow/example_dags/example_branch_labels.py for tasks to queue
[2024-12-21T21:12:22.545+0000] {logging_mixin.py:190} INFO - [2024-12-21T21:12:22.544+0000] {dagbag.py:588} INFO - Filling up the DagBag from /home/airflow/.local/lib/python3.12/site-packages/airflow/example_dags/example_branch_labels.py
[2024-12-21T21:12:22.564+0000] {processor.py:925} INFO - DAG(s) 'example_branch_labels' retrieved from /home/airflow/.local/lib/python3.12/site-packages/airflow/example_dags/example_branch_labels.py
[2024-12-21T21:12:22.611+0000] {logging_mixin.py:190} INFO - [2024-12-21T21:12:22.610+0000] {dag.py:3239} INFO - Sync 1 DAGs
[2024-12-21T21:12:22.664+0000] {logging_mixin.py:190} INFO - [2024-12-21T21:12:22.664+0000] {dag.py:4180} INFO - Setting next_dagrun for example_branch_labels to 2024-12-20 00:00:00+00:00, run_after=2024-12-21 00:00:00+00:00
[2024-12-21T21:12:22.701+0000] {processor.py:208} INFO - Processing /home/airflow/.local/lib/python3.12/site-packages/airflow/example_dags/example_branch_labels.py took 0.177 seconds
[2024-12-21T21:12:53.293+0000] {processor.py:186} INFO - Started process (PID=1217) to work on /home/airflow/.local/lib/python3.12/site-packages/airflow/example_dags/example_branch_labels.py
[2024-12-21T21:12:53.295+0000] {processor.py:914} INFO - Processing file /home/airflow/.local/lib/python3.12/site-packages/airflow/example_dags/example_branch_labels.py for tasks to queue
[2024-12-21T21:12:53.299+0000] {logging_mixin.py:190} INFO - [2024-12-21T21:12:53.298+0000] {dagbag.py:588} INFO - Filling up the DagBag from /home/airflow/.local/lib/python3.12/site-packages/airflow/example_dags/example_branch_labels.py
[2024-12-21T21:12:53.318+0000] {processor.py:925} INFO - DAG(s) 'example_branch_labels' retrieved from /home/airflow/.local/lib/python3.12/site-packages/airflow/example_dags/example_branch_labels.py
[2024-12-21T21:12:53.362+0000] {logging_mixin.py:190} INFO - [2024-12-21T21:12:53.362+0000] {dag.py:3239} INFO - Sync 1 DAGs
[2024-12-21T21:12:53.414+0000] {logging_mixin.py:190} INFO - [2024-12-21T21:12:53.413+0000] {dag.py:4180} INFO - Setting next_dagrun for example_branch_labels to 2024-12-20 00:00:00+00:00, run_after=2024-12-21 00:00:00+00:00
[2024-12-21T21:12:53.478+0000] {processor.py:208} INFO - Processing /home/airflow/.local/lib/python3.12/site-packages/airflow/example_dags/example_branch_labels.py took 0.196 seconds
[2024-12-21T21:13:24.728+0000] {processor.py:186} INFO - Started process (PID=1511) to work on /home/airflow/.local/lib/python3.12/site-packages/airflow/example_dags/example_branch_labels.py
[2024-12-21T21:13:24.730+0000] {processor.py:914} INFO - Processing file /home/airflow/.local/lib/python3.12/site-packages/airflow/example_dags/example_branch_labels.py for tasks to queue
[2024-12-21T21:13:24.735+0000] {logging_mixin.py:190} INFO - [2024-12-21T21:13:24.734+0000] {dagbag.py:588} INFO - Filling up the DagBag from /home/airflow/.local/lib/python3.12/site-packages/airflow/example_dags/example_branch_labels.py
[2024-12-21T21:13:24.755+0000] {processor.py:925} INFO - DAG(s) 'example_branch_labels' retrieved from /home/airflow/.local/lib/python3.12/site-packages/airflow/example_dags/example_branch_labels.py
[2024-12-21T21:13:24.812+0000] {logging_mixin.py:190} INFO - [2024-12-21T21:13:24.812+0000] {dag.py:3239} INFO - Sync 1 DAGs
[2024-12-21T21:13:24.928+0000] {logging_mixin.py:190} INFO - [2024-12-21T21:13:24.927+0000] {dag.py:4180} INFO - Setting next_dagrun for example_branch_labels to 2024-12-20 00:00:00+00:00, run_after=2024-12-21 00:00:00+00:00
[2024-12-21T21:13:24.982+0000] {processor.py:208} INFO - Processing /home/airflow/.local/lib/python3.12/site-packages/airflow/example_dags/example_branch_labels.py took 0.265 seconds
[2024-12-21T21:13:55.107+0000] {processor.py:186} INFO - Started process (PID=1808) to work on /home/airflow/.local/lib/python3.12/site-packages/airflow/example_dags/example_branch_labels.py
[2024-12-21T21:13:55.109+0000] {processor.py:914} INFO - Processing file /home/airflow/.local/lib/python3.12/site-packages/airflow/example_dags/example_branch_labels.py for tasks to queue
[2024-12-21T21:13:55.113+0000] {logging_mixin.py:190} INFO - [2024-12-21T21:13:55.112+0000] {dagbag.py:588} INFO - Filling up the DagBag from /home/airflow/.local/lib/python3.12/site-packages/airflow/example_dags/example_branch_labels.py
[2024-12-21T21:13:55.133+0000] {processor.py:925} INFO - DAG(s) 'example_branch_labels' retrieved from /home/airflow/.local/lib/python3.12/site-packages/airflow/example_dags/example_branch_labels.py
[2024-12-21T21:13:55.179+0000] {logging_mixin.py:190} INFO - [2024-12-21T21:13:55.178+0000] {dag.py:3239} INFO - Sync 1 DAGs
[2024-12-21T21:13:55.249+0000] {logging_mixin.py:190} INFO - [2024-12-21T21:13:55.248+0000] {dag.py:4180} INFO - Setting next_dagrun for example_branch_labels to 2024-12-20 00:00:00+00:00, run_after=2024-12-21 00:00:00+00:00
[2024-12-21T21:13:55.299+0000] {processor.py:208} INFO - Processing /home/airflow/.local/lib/python3.12/site-packages/airflow/example_dags/example_branch_labels.py took 0.205 seconds
[2024-12-21T21:14:25.655+0000] {processor.py:186} INFO - Started process (PID=2101) to work on /home/airflow/.local/lib/python3.12/site-packages/airflow/example_dags/example_branch_labels.py
[2024-12-21T21:14:25.657+0000] {processor.py:914} INFO - Processing file /home/airflow/.local/lib/python3.12/site-packages/airflow/example_dags/example_branch_labels.py for tasks to queue
[2024-12-21T21:14:25.663+0000] {logging_mixin.py:190} INFO - [2024-12-21T21:14:25.662+0000] {dagbag.py:588} INFO - Filling up the DagBag from /home/airflow/.local/lib/python3.12/site-packages/airflow/example_dags/example_branch_labels.py
[2024-12-21T21:14:25.684+0000] {processor.py:925} INFO - DAG(s) 'example_branch_labels' retrieved from /home/airflow/.local/lib/python3.12/site-packages/airflow/example_dags/example_branch_labels.py
[2024-12-21T21:14:25.726+0000] {logging_mixin.py:190} INFO - [2024-12-21T21:14:25.726+0000] {dag.py:3239} INFO - Sync 1 DAGs
[2024-12-21T21:14:25.787+0000] {logging_mixin.py:190} INFO - [2024-12-21T21:14:25.787+0000] {dag.py:4180} INFO - Setting next_dagrun for example_branch_labels to 2024-12-20 00:00:00+00:00, run_after=2024-12-21 00:00:00+00:00
[2024-12-21T21:14:25.842+0000] {processor.py:208} INFO - Processing /home/airflow/.local/lib/python3.12/site-packages/airflow/example_dags/example_branch_labels.py took 0.200 seconds
[2024-12-21T21:14:56.040+0000] {processor.py:186} INFO - Started process (PID=2397) to work on /home/airflow/.local/lib/python3.12/site-packages/airflow/example_dags/example_branch_labels.py
[2024-12-21T21:14:56.042+0000] {processor.py:914} INFO - Processing file /home/airflow/.local/lib/python3.12/site-packages/airflow/example_dags/example_branch_labels.py for tasks to queue
[2024-12-21T21:14:56.047+0000] {logging_mixin.py:190} INFO - [2024-12-21T21:14:56.046+0000] {dagbag.py:588} INFO - Filling up the DagBag from /home/airflow/.local/lib/python3.12/site-packages/airflow/example_dags/example_branch_labels.py
[2024-12-21T21:14:56.068+0000] {processor.py:925} INFO - DAG(s) 'example_branch_labels' retrieved from /home/airflow/.local/lib/python3.12/site-packages/airflow/example_dags/example_branch_labels.py
[2024-12-21T21:14:56.111+0000] {logging_mixin.py:190} INFO - [2024-12-21T21:14:56.110+0000] {dag.py:3239} INFO - Sync 1 DAGs
[2024-12-21T21:14:56.163+0000] {logging_mixin.py:190} INFO - [2024-12-21T21:14:56.163+0000] {dag.py:4180} INFO - Setting next_dagrun for example_branch_labels to 2024-12-20 00:00:00+00:00, run_after=2024-12-21 00:00:00+00:00
[2024-12-21T21:14:56.228+0000] {processor.py:208} INFO - Processing /home/airflow/.local/lib/python3.12/site-packages/airflow/example_dags/example_branch_labels.py took 0.202 seconds
[2024-12-21T21:15:26.394+0000] {processor.py:186} INFO - Started process (PID=2693) to work on /home/airflow/.local/lib/python3.12/site-packages/airflow/example_dags/example_branch_labels.py
[2024-12-21T21:15:26.396+0000] {processor.py:914} INFO - Processing file /home/airflow/.local/lib/python3.12/site-packages/airflow/example_dags/example_branch_labels.py for tasks to queue
[2024-12-21T21:15:26.400+0000] {logging_mixin.py:190} INFO - [2024-12-21T21:15:26.399+0000] {dagbag.py:588} INFO - Filling up the DagBag from /home/airflow/.local/lib/python3.12/site-packages/airflow/example_dags/example_branch_labels.py
[2024-12-21T21:15:26.422+0000] {processor.py:925} INFO - DAG(s) 'example_branch_labels' retrieved from /home/airflow/.local/lib/python3.12/site-packages/airflow/example_dags/example_branch_labels.py
[2024-12-21T21:15:26.465+0000] {logging_mixin.py:190} INFO - [2024-12-21T21:15:26.464+0000] {dag.py:3239} INFO - Sync 1 DAGs
[2024-12-21T21:15:26.516+0000] {logging_mixin.py:190} INFO - [2024-12-21T21:15:26.515+0000] {dag.py:4180} INFO - Setting next_dagrun for example_branch_labels to 2024-12-20 00:00:00+00:00, run_after=2024-12-21 00:00:00+00:00
[2024-12-21T21:15:26.554+0000] {processor.py:208} INFO - Processing /home/airflow/.local/lib/python3.12/site-packages/airflow/example_dags/example_branch_labels.py took 0.172 seconds
[2024-12-21T21:15:57.072+0000] {processor.py:186} INFO - Started process (PID=2989) to work on /home/airflow/.local/lib/python3.12/site-packages/airflow/example_dags/example_branch_labels.py
[2024-12-21T21:15:57.075+0000] {processor.py:914} INFO - Processing file /home/airflow/.local/lib/python3.12/site-packages/airflow/example_dags/example_branch_labels.py for tasks to queue
[2024-12-21T21:15:57.080+0000] {logging_mixin.py:190} INFO - [2024-12-21T21:15:57.080+0000] {dagbag.py:588} INFO - Filling up the DagBag from /home/airflow/.local/lib/python3.12/site-packages/airflow/example_dags/example_branch_labels.py
[2024-12-21T21:15:57.111+0000] {processor.py:925} INFO - DAG(s) 'example_branch_labels' retrieved from /home/airflow/.local/lib/python3.12/site-packages/airflow/example_dags/example_branch_labels.py
[2024-12-21T21:15:57.174+0000] {logging_mixin.py:190} INFO - [2024-12-21T21:15:57.174+0000] {dag.py:3239} INFO - Sync 1 DAGs
[2024-12-21T21:15:57.256+0000] {logging_mixin.py:190} INFO - [2024-12-21T21:15:57.255+0000] {dag.py:4180} INFO - Setting next_dagrun for example_branch_labels to 2024-12-20 00:00:00+00:00, run_after=2024-12-21 00:00:00+00:00
[2024-12-21T21:15:57.339+0000] {processor.py:208} INFO - Processing /home/airflow/.local/lib/python3.12/site-packages/airflow/example_dags/example_branch_labels.py took 0.282 seconds
[2024-12-21T21:16:27.750+0000] {processor.py:186} INFO - Started process (PID=3282) to work on /home/airflow/.local/lib/python3.12/site-packages/airflow/example_dags/example_branch_labels.py
[2024-12-21T21:16:27.752+0000] {processor.py:914} INFO - Processing file /home/airflow/.local/lib/python3.12/site-packages/airflow/example_dags/example_branch_labels.py for tasks to queue
[2024-12-21T21:16:27.757+0000] {logging_mixin.py:190} INFO - [2024-12-21T21:16:27.757+0000] {dagbag.py:588} INFO - Filling up the DagBag from /home/airflow/.local/lib/python3.12/site-packages/airflow/example_dags/example_branch_labels.py
[2024-12-21T21:16:27.780+0000] {processor.py:925} INFO - DAG(s) 'example_branch_labels' retrieved from /home/airflow/.local/lib/python3.12/site-packages/airflow/example_dags/example_branch_labels.py
[2024-12-21T21:16:27.822+0000] {logging_mixin.py:190} INFO - [2024-12-21T21:16:27.821+0000] {dag.py:3239} INFO - Sync 1 DAGs
[2024-12-21T21:16:27.884+0000] {logging_mixin.py:190} INFO - [2024-12-21T21:16:27.884+0000] {dag.py:4180} INFO - Setting next_dagrun for example_branch_labels to 2024-12-20 00:00:00+00:00, run_after=2024-12-21 00:00:00+00:00
[2024-12-21T21:16:27.928+0000] {processor.py:208} INFO - Processing /home/airflow/.local/lib/python3.12/site-packages/airflow/example_dags/example_branch_labels.py took 0.191 seconds
[2024-12-21T21:16:58.682+0000] {processor.py:186} INFO - Started process (PID=3578) to work on /home/airflow/.local/lib/python3.12/site-packages/airflow/example_dags/example_branch_labels.py
[2024-12-21T21:16:58.685+0000] {processor.py:914} INFO - Processing file /home/airflow/.local/lib/python3.12/site-packages/airflow/example_dags/example_branch_labels.py for tasks to queue
[2024-12-21T21:16:58.691+0000] {logging_mixin.py:190} INFO - [2024-12-21T21:16:58.690+0000] {dagbag.py:588} INFO - Filling up the DagBag from /home/airflow/.local/lib/python3.12/site-packages/airflow/example_dags/example_branch_labels.py
[2024-12-21T21:16:58.721+0000] {processor.py:925} INFO - DAG(s) 'example_branch_labels' retrieved from /home/airflow/.local/lib/python3.12/site-packages/airflow/example_dags/example_branch_labels.py
[2024-12-21T21:16:58.782+0000] {logging_mixin.py:190} INFO - [2024-12-21T21:16:58.782+0000] {dag.py:3239} INFO - Sync 1 DAGs
[2024-12-21T21:16:58.896+0000] {logging_mixin.py:190} INFO - [2024-12-21T21:16:58.895+0000] {dag.py:4180} INFO - Setting next_dagrun for example_branch_labels to 2024-12-20 00:00:00+00:00, run_after=2024-12-21 00:00:00+00:00
[2024-12-21T21:16:58.955+0000] {processor.py:208} INFO - Processing /home/airflow/.local/lib/python3.12/site-packages/airflow/example_dags/example_branch_labels.py took 0.287 seconds
[2024-12-21T21:17:29.384+0000] {processor.py:186} INFO - Started process (PID=3874) to work on /home/airflow/.local/lib/python3.12/site-packages/airflow/example_dags/example_branch_labels.py
[2024-12-21T21:17:29.386+0000] {processor.py:914} INFO - Processing file /home/airflow/.local/lib/python3.12/site-packages/airflow/example_dags/example_branch_labels.py for tasks to queue
[2024-12-21T21:17:29.390+0000] {logging_mixin.py:190} INFO - [2024-12-21T21:17:29.389+0000] {dagbag.py:588} INFO - Filling up the DagBag from /home/airflow/.local/lib/python3.12/site-packages/airflow/example_dags/example_branch_labels.py
[2024-12-21T21:17:29.408+0000] {processor.py:925} INFO - DAG(s) 'example_branch_labels' retrieved from /home/airflow/.local/lib/python3.12/site-packages/airflow/example_dags/example_branch_labels.py
[2024-12-21T21:17:29.451+0000] {logging_mixin.py:190} INFO - [2024-12-21T21:17:29.451+0000] {dag.py:3239} INFO - Sync 1 DAGs
[2024-12-21T21:17:29.499+0000] {logging_mixin.py:190} INFO - [2024-12-21T21:17:29.498+0000] {dag.py:4180} INFO - Setting next_dagrun for example_branch_labels to 2024-12-20 00:00:00+00:00, run_after=2024-12-21 00:00:00+00:00
[2024-12-21T21:17:29.561+0000] {processor.py:208} INFO - Processing /home/airflow/.local/lib/python3.12/site-packages/airflow/example_dags/example_branch_labels.py took 0.187 seconds
[2024-12-21T21:18:00.129+0000] {processor.py:186} INFO - Started process (PID=4170) to work on /home/airflow/.local/lib/python3.12/site-packages/airflow/example_dags/example_branch_labels.py
[2024-12-21T21:18:00.131+0000] {processor.py:914} INFO - Processing file /home/airflow/.local/lib/python3.12/site-packages/airflow/example_dags/example_branch_labels.py for tasks to queue
[2024-12-21T21:18:00.138+0000] {logging_mixin.py:190} INFO - [2024-12-21T21:18:00.137+0000] {dagbag.py:588} INFO - Filling up the DagBag from /home/airflow/.local/lib/python3.12/site-packages/airflow/example_dags/example_branch_labels.py
[2024-12-21T21:18:00.163+0000] {processor.py:925} INFO - DAG(s) 'example_branch_labels' retrieved from /home/airflow/.local/lib/python3.12/site-packages/airflow/example_dags/example_branch_labels.py
[2024-12-21T21:18:00.216+0000] {logging_mixin.py:190} INFO - [2024-12-21T21:18:00.215+0000] {dag.py:3239} INFO - Sync 1 DAGs
[2024-12-21T21:18:00.287+0000] {logging_mixin.py:190} INFO - [2024-12-21T21:18:00.286+0000] {dag.py:4180} INFO - Setting next_dagrun for example_branch_labels to 2024-12-20 00:00:00+00:00, run_after=2024-12-21 00:00:00+00:00
[2024-12-21T21:18:00.343+0000] {processor.py:208} INFO - Processing /home/airflow/.local/lib/python3.12/site-packages/airflow/example_dags/example_branch_labels.py took 0.231 seconds
[2024-12-21T21:18:30.665+0000] {processor.py:186} INFO - Started process (PID=4466) to work on /home/airflow/.local/lib/python3.12/site-packages/airflow/example_dags/example_branch_labels.py
[2024-12-21T21:18:30.667+0000] {processor.py:914} INFO - Processing file /home/airflow/.local/lib/python3.12/site-packages/airflow/example_dags/example_branch_labels.py for tasks to queue
[2024-12-21T21:18:30.671+0000] {logging_mixin.py:190} INFO - [2024-12-21T21:18:30.670+0000] {dagbag.py:588} INFO - Filling up the DagBag from /home/airflow/.local/lib/python3.12/site-packages/airflow/example_dags/example_branch_labels.py
[2024-12-21T21:18:30.692+0000] {processor.py:925} INFO - DAG(s) 'example_branch_labels' retrieved from /home/airflow/.local/lib/python3.12/site-packages/airflow/example_dags/example_branch_labels.py
[2024-12-21T21:18:30.733+0000] {logging_mixin.py:190} INFO - [2024-12-21T21:18:30.733+0000] {dag.py:3239} INFO - Sync 1 DAGs
[2024-12-21T21:18:30.786+0000] {logging_mixin.py:190} INFO - [2024-12-21T21:18:30.786+0000] {dag.py:4180} INFO - Setting next_dagrun for example_branch_labels to 2024-12-20 00:00:00+00:00, run_after=2024-12-21 00:00:00+00:00
[2024-12-21T21:18:30.863+0000] {processor.py:208} INFO - Processing /home/airflow/.local/lib/python3.12/site-packages/airflow/example_dags/example_branch_labels.py took 0.210 seconds
[2024-12-21T21:19:01.780+0000] {processor.py:186} INFO - Started process (PID=4762) to work on /home/airflow/.local/lib/python3.12/site-packages/airflow/example_dags/example_branch_labels.py
[2024-12-21T21:19:01.782+0000] {processor.py:914} INFO - Processing file /home/airflow/.local/lib/python3.12/site-packages/airflow/example_dags/example_branch_labels.py for tasks to queue
[2024-12-21T21:19:01.787+0000] {logging_mixin.py:190} INFO - [2024-12-21T21:19:01.787+0000] {dagbag.py:588} INFO - Filling up the DagBag from /home/airflow/.local/lib/python3.12/site-packages/airflow/example_dags/example_branch_labels.py
[2024-12-21T21:19:01.820+0000] {processor.py:925} INFO - DAG(s) 'example_branch_labels' retrieved from /home/airflow/.local/lib/python3.12/site-packages/airflow/example_dags/example_branch_labels.py
[2024-12-21T21:19:01.892+0000] {logging_mixin.py:190} INFO - [2024-12-21T21:19:01.892+0000] {dag.py:3239} INFO - Sync 1 DAGs
[2024-12-21T21:19:01.977+0000] {logging_mixin.py:190} INFO - [2024-12-21T21:19:01.976+0000] {dag.py:4180} INFO - Setting next_dagrun for example_branch_labels to 2024-12-20 00:00:00+00:00, run_after=2024-12-21 00:00:00+00:00
[2024-12-21T21:19:02.033+0000] {processor.py:208} INFO - Processing /home/airflow/.local/lib/python3.12/site-packages/airflow/example_dags/example_branch_labels.py took 0.270 seconds
[2024-12-21T21:19:32.295+0000] {processor.py:186} INFO - Started process (PID=5058) to work on /home/airflow/.local/lib/python3.12/site-packages/airflow/example_dags/example_branch_labels.py
[2024-12-21T21:19:32.297+0000] {processor.py:914} INFO - Processing file /home/airflow/.local/lib/python3.12/site-packages/airflow/example_dags/example_branch_labels.py for tasks to queue
[2024-12-21T21:19:32.302+0000] {logging_mixin.py:190} INFO - [2024-12-21T21:19:32.301+0000] {dagbag.py:588} INFO - Filling up the DagBag from /home/airflow/.local/lib/python3.12/site-packages/airflow/example_dags/example_branch_labels.py
[2024-12-21T21:19:32.321+0000] {processor.py:925} INFO - DAG(s) 'example_branch_labels' retrieved from /home/airflow/.local/lib/python3.12/site-packages/airflow/example_dags/example_branch_labels.py
[2024-12-21T21:19:32.367+0000] {logging_mixin.py:190} INFO - [2024-12-21T21:19:32.366+0000] {dag.py:3239} INFO - Sync 1 DAGs
[2024-12-21T21:19:32.420+0000] {logging_mixin.py:190} INFO - [2024-12-21T21:19:32.420+0000] {dag.py:4180} INFO - Setting next_dagrun for example_branch_labels to 2024-12-20 00:00:00+00:00, run_after=2024-12-21 00:00:00+00:00
[2024-12-21T21:19:32.459+0000] {processor.py:208} INFO - Processing /home/airflow/.local/lib/python3.12/site-packages/airflow/example_dags/example_branch_labels.py took 0.177 seconds
[2024-12-21T21:20:03.484+0000] {processor.py:186} INFO - Started process (PID=5355) to work on /home/airflow/.local/lib/python3.12/site-packages/airflow/example_dags/example_branch_labels.py
[2024-12-21T21:20:03.486+0000] {processor.py:914} INFO - Processing file /home/airflow/.local/lib/python3.12/site-packages/airflow/example_dags/example_branch_labels.py for tasks to queue
[2024-12-21T21:20:03.491+0000] {logging_mixin.py:190} INFO - [2024-12-21T21:20:03.491+0000] {dagbag.py:588} INFO - Filling up the DagBag from /home/airflow/.local/lib/python3.12/site-packages/airflow/example_dags/example_branch_labels.py
[2024-12-21T21:20:03.510+0000] {processor.py:925} INFO - DAG(s) 'example_branch_labels' retrieved from /home/airflow/.local/lib/python3.12/site-packages/airflow/example_dags/example_branch_labels.py
[2024-12-21T21:20:03.555+0000] {logging_mixin.py:190} INFO - [2024-12-21T21:20:03.554+0000] {dag.py:3239} INFO - Sync 1 DAGs
[2024-12-21T21:20:03.607+0000] {logging_mixin.py:190} INFO - [2024-12-21T21:20:03.606+0000] {dag.py:4180} INFO - Setting next_dagrun for example_branch_labels to 2024-12-20 00:00:00+00:00, run_after=2024-12-21 00:00:00+00:00
[2024-12-21T21:20:03.646+0000] {processor.py:208} INFO - Processing /home/airflow/.local/lib/python3.12/site-packages/airflow/example_dags/example_branch_labels.py took 0.174 seconds
[2024-12-21T21:20:34.965+0000] {processor.py:186} INFO - Started process (PID=5626) to work on /home/airflow/.local/lib/python3.12/site-packages/airflow/example_dags/example_branch_labels.py
[2024-12-21T21:20:34.967+0000] {processor.py:914} INFO - Processing file /home/airflow/.local/lib/python3.12/site-packages/airflow/example_dags/example_branch_labels.py for tasks to queue
[2024-12-21T21:20:34.972+0000] {logging_mixin.py:190} INFO - [2024-12-21T21:20:34.971+0000] {dagbag.py:588} INFO - Filling up the DagBag from /home/airflow/.local/lib/python3.12/site-packages/airflow/example_dags/example_branch_labels.py
[2024-12-21T21:20:34.996+0000] {processor.py:925} INFO - DAG(s) 'example_branch_labels' retrieved from /home/airflow/.local/lib/python3.12/site-packages/airflow/example_dags/example_branch_labels.py
[2024-12-21T21:20:35.051+0000] {logging_mixin.py:190} INFO - [2024-12-21T21:20:35.051+0000] {dag.py:3239} INFO - Sync 1 DAGs
[2024-12-21T21:20:35.119+0000] {logging_mixin.py:190} INFO - [2024-12-21T21:20:35.118+0000] {dag.py:4180} INFO - Setting next_dagrun for example_branch_labels to 2024-12-20 00:00:00+00:00, run_after=2024-12-21 00:00:00+00:00
[2024-12-21T21:20:35.190+0000] {processor.py:208} INFO - Processing /home/airflow/.local/lib/python3.12/site-packages/airflow/example_dags/example_branch_labels.py took 0.240 seconds
[2024-12-21T21:21:05.951+0000] {processor.py:186} INFO - Started process (PID=5923) to work on /home/airflow/.local/lib/python3.12/site-packages/airflow/example_dags/example_branch_labels.py
[2024-12-21T21:21:05.954+0000] {processor.py:914} INFO - Processing file /home/airflow/.local/lib/python3.12/site-packages/airflow/example_dags/example_branch_labels.py for tasks to queue
[2024-12-21T21:21:05.959+0000] {logging_mixin.py:190} INFO - [2024-12-21T21:21:05.958+0000] {dagbag.py:588} INFO - Filling up the DagBag from /home/airflow/.local/lib/python3.12/site-packages/airflow/example_dags/example_branch_labels.py
[2024-12-21T21:21:05.978+0000] {processor.py:925} INFO - DAG(s) 'example_branch_labels' retrieved from /home/airflow/.local/lib/python3.12/site-packages/airflow/example_dags/example_branch_labels.py
[2024-12-21T21:21:06.024+0000] {logging_mixin.py:190} INFO - [2024-12-21T21:21:06.023+0000] {dag.py:3239} INFO - Sync 1 DAGs
[2024-12-21T21:21:06.081+0000] {logging_mixin.py:190} INFO - [2024-12-21T21:21:06.080+0000] {dag.py:4180} INFO - Setting next_dagrun for example_branch_labels to 2024-12-20 00:00:00+00:00, run_after=2024-12-21 00:00:00+00:00
[2024-12-21T21:21:06.118+0000] {processor.py:208} INFO - Processing /home/airflow/.local/lib/python3.12/site-packages/airflow/example_dags/example_branch_labels.py took 0.180 seconds
[2024-12-21T21:21:37.240+0000] {processor.py:186} INFO - Started process (PID=6212) to work on /home/airflow/.local/lib/python3.12/site-packages/airflow/example_dags/example_branch_labels.py
[2024-12-21T21:21:37.242+0000] {processor.py:914} INFO - Processing file /home/airflow/.local/lib/python3.12/site-packages/airflow/example_dags/example_branch_labels.py for tasks to queue
[2024-12-21T21:21:37.250+0000] {logging_mixin.py:190} INFO - [2024-12-21T21:21:37.248+0000] {dagbag.py:588} INFO - Filling up the DagBag from /home/airflow/.local/lib/python3.12/site-packages/airflow/example_dags/example_branch_labels.py
[2024-12-21T21:21:37.287+0000] {processor.py:925} INFO - DAG(s) 'example_branch_labels' retrieved from /home/airflow/.local/lib/python3.12/site-packages/airflow/example_dags/example_branch_labels.py
[2024-12-21T21:21:37.357+0000] {logging_mixin.py:190} INFO - [2024-12-21T21:21:37.356+0000] {dag.py:3239} INFO - Sync 1 DAGs
[2024-12-21T21:21:37.460+0000] {logging_mixin.py:190} INFO - [2024-12-21T21:21:37.459+0000] {dag.py:4180} INFO - Setting next_dagrun for example_branch_labels to 2024-12-20 00:00:00+00:00, run_after=2024-12-21 00:00:00+00:00
[2024-12-21T21:21:37.511+0000] {processor.py:208} INFO - Processing /home/airflow/.local/lib/python3.12/site-packages/airflow/example_dags/example_branch_labels.py took 0.290 seconds
[2024-12-21T21:22:08.437+0000] {processor.py:186} INFO - Started process (PID=6508) to work on /home/airflow/.local/lib/python3.12/site-packages/airflow/example_dags/example_branch_labels.py
[2024-12-21T21:22:08.439+0000] {processor.py:914} INFO - Processing file /home/airflow/.local/lib/python3.12/site-packages/airflow/example_dags/example_branch_labels.py for tasks to queue
[2024-12-21T21:22:08.443+0000] {logging_mixin.py:190} INFO - [2024-12-21T21:22:08.443+0000] {dagbag.py:588} INFO - Filling up the DagBag from /home/airflow/.local/lib/python3.12/site-packages/airflow/example_dags/example_branch_labels.py
[2024-12-21T21:22:08.465+0000] {processor.py:925} INFO - DAG(s) 'example_branch_labels' retrieved from /home/airflow/.local/lib/python3.12/site-packages/airflow/example_dags/example_branch_labels.py
[2024-12-21T21:22:08.512+0000] {logging_mixin.py:190} INFO - [2024-12-21T21:22:08.512+0000] {dag.py:3239} INFO - Sync 1 DAGs
[2024-12-21T21:22:08.564+0000] {logging_mixin.py:190} INFO - [2024-12-21T21:22:08.564+0000] {dag.py:4180} INFO - Setting next_dagrun for example_branch_labels to 2024-12-20 00:00:00+00:00, run_after=2024-12-21 00:00:00+00:00
[2024-12-21T21:22:08.605+0000] {processor.py:208} INFO - Processing /home/airflow/.local/lib/python3.12/site-packages/airflow/example_dags/example_branch_labels.py took 0.178 seconds
[2024-12-21T21:22:39.803+0000] {processor.py:186} INFO - Started process (PID=6806) to work on /home/airflow/.local/lib/python3.12/site-packages/airflow/example_dags/example_branch_labels.py
[2024-12-21T21:22:39.807+0000] {processor.py:914} INFO - Processing file /home/airflow/.local/lib/python3.12/site-packages/airflow/example_dags/example_branch_labels.py for tasks to queue
[2024-12-21T21:22:39.812+0000] {logging_mixin.py:190} INFO - [2024-12-21T21:22:39.811+0000] {dagbag.py:588} INFO - Filling up the DagBag from /home/airflow/.local/lib/python3.12/site-packages/airflow/example_dags/example_branch_labels.py
[2024-12-21T21:22:39.834+0000] {processor.py:925} INFO - DAG(s) 'example_branch_labels' retrieved from /home/airflow/.local/lib/python3.12/site-packages/airflow/example_dags/example_branch_labels.py
[2024-12-21T21:22:39.876+0000] {logging_mixin.py:190} INFO - [2024-12-21T21:22:39.875+0000] {dag.py:3239} INFO - Sync 1 DAGs
[2024-12-21T21:22:39.924+0000] {logging_mixin.py:190} INFO - [2024-12-21T21:22:39.923+0000] {dag.py:4180} INFO - Setting next_dagrun for example_branch_labels to 2024-12-20 00:00:00+00:00, run_after=2024-12-21 00:00:00+00:00
[2024-12-21T21:22:39.960+0000] {processor.py:208} INFO - Processing /home/airflow/.local/lib/python3.12/site-packages/airflow/example_dags/example_branch_labels.py took 0.168 seconds
[2024-12-21T21:23:10.990+0000] {processor.py:186} INFO - Started process (PID=7101) to work on /home/airflow/.local/lib/python3.12/site-packages/airflow/example_dags/example_branch_labels.py
[2024-12-21T21:23:10.992+0000] {processor.py:914} INFO - Processing file /home/airflow/.local/lib/python3.12/site-packages/airflow/example_dags/example_branch_labels.py for tasks to queue
[2024-12-21T21:23:10.997+0000] {logging_mixin.py:190} INFO - [2024-12-21T21:23:10.996+0000] {dagbag.py:588} INFO - Filling up the DagBag from /home/airflow/.local/lib/python3.12/site-packages/airflow/example_dags/example_branch_labels.py
[2024-12-21T21:23:11.018+0000] {processor.py:925} INFO - DAG(s) 'example_branch_labels' retrieved from /home/airflow/.local/lib/python3.12/site-packages/airflow/example_dags/example_branch_labels.py
[2024-12-21T21:23:11.062+0000] {logging_mixin.py:190} INFO - [2024-12-21T21:23:11.062+0000] {dag.py:3239} INFO - Sync 1 DAGs
[2024-12-21T21:23:11.120+0000] {logging_mixin.py:190} INFO - [2024-12-21T21:23:11.119+0000] {dag.py:4180} INFO - Setting next_dagrun for example_branch_labels to 2024-12-20 00:00:00+00:00, run_after=2024-12-21 00:00:00+00:00
[2024-12-21T21:23:11.159+0000] {processor.py:208} INFO - Processing /home/airflow/.local/lib/python3.12/site-packages/airflow/example_dags/example_branch_labels.py took 0.179 seconds
[2024-12-21T21:23:41.870+0000] {processor.py:186} INFO - Started process (PID=7392) to work on /home/airflow/.local/lib/python3.12/site-packages/airflow/example_dags/example_branch_labels.py
[2024-12-21T21:23:41.872+0000] {processor.py:914} INFO - Processing file /home/airflow/.local/lib/python3.12/site-packages/airflow/example_dags/example_branch_labels.py for tasks to queue
[2024-12-21T21:23:41.877+0000] {logging_mixin.py:190} INFO - [2024-12-21T21:23:41.876+0000] {dagbag.py:588} INFO - Filling up the DagBag from /home/airflow/.local/lib/python3.12/site-packages/airflow/example_dags/example_branch_labels.py
[2024-12-21T21:23:41.901+0000] {processor.py:925} INFO - DAG(s) 'example_branch_labels' retrieved from /home/airflow/.local/lib/python3.12/site-packages/airflow/example_dags/example_branch_labels.py
[2024-12-21T21:23:41.948+0000] {logging_mixin.py:190} INFO - [2024-12-21T21:23:41.947+0000] {dag.py:3239} INFO - Sync 1 DAGs
[2024-12-21T21:23:41.999+0000] {logging_mixin.py:190} INFO - [2024-12-21T21:23:41.999+0000] {dag.py:4180} INFO - Setting next_dagrun for example_branch_labels to 2024-12-20 00:00:00+00:00, run_after=2024-12-21 00:00:00+00:00
[2024-12-21T21:23:42.042+0000] {processor.py:208} INFO - Processing /home/airflow/.local/lib/python3.12/site-packages/airflow/example_dags/example_branch_labels.py took 0.187 seconds
[2024-12-21T21:24:12.770+0000] {processor.py:186} INFO - Started process (PID=7683) to work on /home/airflow/.local/lib/python3.12/site-packages/airflow/example_dags/example_branch_labels.py
[2024-12-21T21:24:12.772+0000] {processor.py:914} INFO - Processing file /home/airflow/.local/lib/python3.12/site-packages/airflow/example_dags/example_branch_labels.py for tasks to queue
[2024-12-21T21:24:12.776+0000] {logging_mixin.py:190} INFO - [2024-12-21T21:24:12.776+0000] {dagbag.py:588} INFO - Filling up the DagBag from /home/airflow/.local/lib/python3.12/site-packages/airflow/example_dags/example_branch_labels.py
[2024-12-21T21:24:12.800+0000] {processor.py:925} INFO - DAG(s) 'example_branch_labels' retrieved from /home/airflow/.local/lib/python3.12/site-packages/airflow/example_dags/example_branch_labels.py
[2024-12-21T21:24:12.848+0000] {logging_mixin.py:190} INFO - [2024-12-21T21:24:12.848+0000] {dag.py:3239} INFO - Sync 1 DAGs
[2024-12-21T21:24:12.902+0000] {logging_mixin.py:190} INFO - [2024-12-21T21:24:12.902+0000] {dag.py:4180} INFO - Setting next_dagrun for example_branch_labels to 2024-12-20 00:00:00+00:00, run_after=2024-12-21 00:00:00+00:00
[2024-12-21T21:24:12.962+0000] {processor.py:208} INFO - Processing /home/airflow/.local/lib/python3.12/site-packages/airflow/example_dags/example_branch_labels.py took 0.206 seconds
[2024-12-21T21:26:33.521+0000] {processor.py:186} INFO - Started process (PID=331) to work on /home/airflow/.local/lib/python3.12/site-packages/airflow/example_dags/example_branch_labels.py
[2024-12-21T21:26:33.523+0000] {processor.py:914} INFO - Processing file /home/airflow/.local/lib/python3.12/site-packages/airflow/example_dags/example_branch_labels.py for tasks to queue
[2024-12-21T21:26:33.527+0000] {logging_mixin.py:190} INFO - [2024-12-21T21:26:33.526+0000] {dagbag.py:588} INFO - Filling up the DagBag from /home/airflow/.local/lib/python3.12/site-packages/airflow/example_dags/example_branch_labels.py
[2024-12-21T21:26:33.559+0000] {processor.py:925} INFO - DAG(s) 'example_branch_labels' retrieved from /home/airflow/.local/lib/python3.12/site-packages/airflow/example_dags/example_branch_labels.py
[2024-12-21T21:26:33.633+0000] {logging_mixin.py:190} INFO - [2024-12-21T21:26:33.632+0000] {dag.py:3239} INFO - Sync 1 DAGs
[2024-12-21T21:26:33.687+0000] {logging_mixin.py:190} INFO - [2024-12-21T21:26:33.686+0000] {dag.py:4180} INFO - Setting next_dagrun for example_branch_labels to 2024-12-20 00:00:00+00:00, run_after=2024-12-21 00:00:00+00:00
[2024-12-21T21:26:33.740+0000] {processor.py:208} INFO - Processing /home/airflow/.local/lib/python3.12/site-packages/airflow/example_dags/example_branch_labels.py took 0.232 seconds
[2024-12-21T21:27:03.921+0000] {processor.py:186} INFO - Started process (PID=627) to work on /home/airflow/.local/lib/python3.12/site-packages/airflow/example_dags/example_branch_labels.py
[2024-12-21T21:27:03.924+0000] {processor.py:914} INFO - Processing file /home/airflow/.local/lib/python3.12/site-packages/airflow/example_dags/example_branch_labels.py for tasks to queue
[2024-12-21T21:27:03.928+0000] {logging_mixin.py:190} INFO - [2024-12-21T21:27:03.928+0000] {dagbag.py:588} INFO - Filling up the DagBag from /home/airflow/.local/lib/python3.12/site-packages/airflow/example_dags/example_branch_labels.py
[2024-12-21T21:27:03.953+0000] {processor.py:925} INFO - DAG(s) 'example_branch_labels' retrieved from /home/airflow/.local/lib/python3.12/site-packages/airflow/example_dags/example_branch_labels.py
[2024-12-21T21:27:03.995+0000] {logging_mixin.py:190} INFO - [2024-12-21T21:27:03.994+0000] {dag.py:3239} INFO - Sync 1 DAGs
[2024-12-21T21:27:04.059+0000] {logging_mixin.py:190} INFO - [2024-12-21T21:27:04.058+0000] {dag.py:4180} INFO - Setting next_dagrun for example_branch_labels to 2024-12-20 00:00:00+00:00, run_after=2024-12-21 00:00:00+00:00
[2024-12-21T21:27:04.098+0000] {processor.py:208} INFO - Processing /home/airflow/.local/lib/python3.12/site-packages/airflow/example_dags/example_branch_labels.py took 0.187 seconds
[2024-12-21T21:27:35.993+0000] {processor.py:186} INFO - Started process (PID=918) to work on /home/airflow/.local/lib/python3.12/site-packages/airflow/example_dags/example_branch_labels.py
[2024-12-21T21:27:35.996+0000] {processor.py:914} INFO - Processing file /home/airflow/.local/lib/python3.12/site-packages/airflow/example_dags/example_branch_labels.py for tasks to queue
[2024-12-21T21:27:36.000+0000] {logging_mixin.py:190} INFO - [2024-12-21T21:27:35.999+0000] {dagbag.py:588} INFO - Filling up the DagBag from /home/airflow/.local/lib/python3.12/site-packages/airflow/example_dags/example_branch_labels.py
[2024-12-21T21:27:36.021+0000] {processor.py:925} INFO - DAG(s) 'example_branch_labels' retrieved from /home/airflow/.local/lib/python3.12/site-packages/airflow/example_dags/example_branch_labels.py
[2024-12-21T21:27:36.067+0000] {logging_mixin.py:190} INFO - [2024-12-21T21:27:36.067+0000] {dag.py:3239} INFO - Sync 1 DAGs
[2024-12-21T21:27:36.125+0000] {logging_mixin.py:190} INFO - [2024-12-21T21:27:36.125+0000] {dag.py:4180} INFO - Setting next_dagrun for example_branch_labels to 2024-12-20 00:00:00+00:00, run_after=2024-12-21 00:00:00+00:00
[2024-12-21T21:27:36.174+0000] {processor.py:208} INFO - Processing /home/airflow/.local/lib/python3.12/site-packages/airflow/example_dags/example_branch_labels.py took 0.193 seconds
[2024-12-21T21:28:07.715+0000] {processor.py:186} INFO - Started process (PID=1214) to work on /home/airflow/.local/lib/python3.12/site-packages/airflow/example_dags/example_branch_labels.py
[2024-12-21T21:28:07.719+0000] {processor.py:914} INFO - Processing file /home/airflow/.local/lib/python3.12/site-packages/airflow/example_dags/example_branch_labels.py for tasks to queue
[2024-12-21T21:28:07.724+0000] {logging_mixin.py:190} INFO - [2024-12-21T21:28:07.723+0000] {dagbag.py:588} INFO - Filling up the DagBag from /home/airflow/.local/lib/python3.12/site-packages/airflow/example_dags/example_branch_labels.py
[2024-12-21T21:28:07.745+0000] {processor.py:925} INFO - DAG(s) 'example_branch_labels' retrieved from /home/airflow/.local/lib/python3.12/site-packages/airflow/example_dags/example_branch_labels.py
[2024-12-21T21:28:07.791+0000] {logging_mixin.py:190} INFO - [2024-12-21T21:28:07.790+0000] {dag.py:3239} INFO - Sync 1 DAGs
[2024-12-21T21:28:07.853+0000] {logging_mixin.py:190} INFO - [2024-12-21T21:28:07.853+0000] {dag.py:4180} INFO - Setting next_dagrun for example_branch_labels to 2024-12-20 00:00:00+00:00, run_after=2024-12-21 00:00:00+00:00
[2024-12-21T21:28:07.892+0000] {processor.py:208} INFO - Processing /home/airflow/.local/lib/python3.12/site-packages/airflow/example_dags/example_branch_labels.py took 0.200 seconds
[2024-12-21T21:28:39.742+0000] {processor.py:186} INFO - Started process (PID=1510) to work on /home/airflow/.local/lib/python3.12/site-packages/airflow/example_dags/example_branch_labels.py
[2024-12-21T21:28:39.744+0000] {processor.py:914} INFO - Processing file /home/airflow/.local/lib/python3.12/site-packages/airflow/example_dags/example_branch_labels.py for tasks to queue
[2024-12-21T21:28:39.749+0000] {logging_mixin.py:190} INFO - [2024-12-21T21:28:39.748+0000] {dagbag.py:588} INFO - Filling up the DagBag from /home/airflow/.local/lib/python3.12/site-packages/airflow/example_dags/example_branch_labels.py
[2024-12-21T21:28:39.769+0000] {processor.py:925} INFO - DAG(s) 'example_branch_labels' retrieved from /home/airflow/.local/lib/python3.12/site-packages/airflow/example_dags/example_branch_labels.py
[2024-12-21T21:28:39.811+0000] {logging_mixin.py:190} INFO - [2024-12-21T21:28:39.810+0000] {dag.py:3239} INFO - Sync 1 DAGs
[2024-12-21T21:28:39.862+0000] {logging_mixin.py:190} INFO - [2024-12-21T21:28:39.862+0000] {dag.py:4180} INFO - Setting next_dagrun for example_branch_labels to 2024-12-20 00:00:00+00:00, run_after=2024-12-21 00:00:00+00:00
[2024-12-21T21:28:39.898+0000] {processor.py:208} INFO - Processing /home/airflow/.local/lib/python3.12/site-packages/airflow/example_dags/example_branch_labels.py took 0.170 seconds
[2024-12-21T21:29:10.840+0000] {processor.py:186} INFO - Started process (PID=1806) to work on /home/airflow/.local/lib/python3.12/site-packages/airflow/example_dags/example_branch_labels.py
[2024-12-21T21:29:10.842+0000] {processor.py:914} INFO - Processing file /home/airflow/.local/lib/python3.12/site-packages/airflow/example_dags/example_branch_labels.py for tasks to queue
[2024-12-21T21:29:10.848+0000] {logging_mixin.py:190} INFO - [2024-12-21T21:29:10.847+0000] {dagbag.py:588} INFO - Filling up the DagBag from /home/airflow/.local/lib/python3.12/site-packages/airflow/example_dags/example_branch_labels.py
[2024-12-21T21:29:10.870+0000] {processor.py:925} INFO - DAG(s) 'example_branch_labels' retrieved from /home/airflow/.local/lib/python3.12/site-packages/airflow/example_dags/example_branch_labels.py
[2024-12-21T21:29:10.915+0000] {logging_mixin.py:190} INFO - [2024-12-21T21:29:10.915+0000] {dag.py:3239} INFO - Sync 1 DAGs
[2024-12-21T21:29:10.968+0000] {logging_mixin.py:190} INFO - [2024-12-21T21:29:10.967+0000] {dag.py:4180} INFO - Setting next_dagrun for example_branch_labels to 2024-12-20 00:00:00+00:00, run_after=2024-12-21 00:00:00+00:00
[2024-12-21T21:29:11.010+0000] {processor.py:208} INFO - Processing /home/airflow/.local/lib/python3.12/site-packages/airflow/example_dags/example_branch_labels.py took 0.182 seconds
[2024-12-21T21:29:41.679+0000] {processor.py:186} INFO - Started process (PID=2103) to work on /home/airflow/.local/lib/python3.12/site-packages/airflow/example_dags/example_branch_labels.py
[2024-12-21T21:29:41.681+0000] {processor.py:914} INFO - Processing file /home/airflow/.local/lib/python3.12/site-packages/airflow/example_dags/example_branch_labels.py for tasks to queue
[2024-12-21T21:29:41.685+0000] {logging_mixin.py:190} INFO - [2024-12-21T21:29:41.684+0000] {dagbag.py:588} INFO - Filling up the DagBag from /home/airflow/.local/lib/python3.12/site-packages/airflow/example_dags/example_branch_labels.py
[2024-12-21T21:29:41.704+0000] {processor.py:925} INFO - DAG(s) 'example_branch_labels' retrieved from /home/airflow/.local/lib/python3.12/site-packages/airflow/example_dags/example_branch_labels.py
[2024-12-21T21:29:41.748+0000] {logging_mixin.py:190} INFO - [2024-12-21T21:29:41.747+0000] {dag.py:3239} INFO - Sync 1 DAGs
[2024-12-21T21:29:41.809+0000] {logging_mixin.py:190} INFO - [2024-12-21T21:29:41.808+0000] {dag.py:4180} INFO - Setting next_dagrun for example_branch_labels to 2024-12-20 00:00:00+00:00, run_after=2024-12-21 00:00:00+00:00
[2024-12-21T21:29:41.850+0000] {processor.py:208} INFO - Processing /home/airflow/.local/lib/python3.12/site-packages/airflow/example_dags/example_branch_labels.py took 0.181 seconds
[2024-12-21T21:30:12.109+0000] {processor.py:186} INFO - Started process (PID=2394) to work on /home/airflow/.local/lib/python3.12/site-packages/airflow/example_dags/example_branch_labels.py
[2024-12-21T21:30:12.111+0000] {processor.py:914} INFO - Processing file /home/airflow/.local/lib/python3.12/site-packages/airflow/example_dags/example_branch_labels.py for tasks to queue
[2024-12-21T21:30:12.116+0000] {logging_mixin.py:190} INFO - [2024-12-21T21:30:12.115+0000] {dagbag.py:588} INFO - Filling up the DagBag from /home/airflow/.local/lib/python3.12/site-packages/airflow/example_dags/example_branch_labels.py
[2024-12-21T21:30:12.137+0000] {processor.py:925} INFO - DAG(s) 'example_branch_labels' retrieved from /home/airflow/.local/lib/python3.12/site-packages/airflow/example_dags/example_branch_labels.py
[2024-12-21T21:30:12.180+0000] {logging_mixin.py:190} INFO - [2024-12-21T21:30:12.180+0000] {dag.py:3239} INFO - Sync 1 DAGs
[2024-12-21T21:30:12.233+0000] {logging_mixin.py:190} INFO - [2024-12-21T21:30:12.233+0000] {dag.py:4180} INFO - Setting next_dagrun for example_branch_labels to 2024-12-20 00:00:00+00:00, run_after=2024-12-21 00:00:00+00:00
[2024-12-21T21:30:12.272+0000] {processor.py:208} INFO - Processing /home/airflow/.local/lib/python3.12/site-packages/airflow/example_dags/example_branch_labels.py took 0.176 seconds
[2024-12-21T21:30:42.499+0000] {processor.py:186} INFO - Started process (PID=2687) to work on /home/airflow/.local/lib/python3.12/site-packages/airflow/example_dags/example_branch_labels.py
[2024-12-21T21:30:42.502+0000] {processor.py:914} INFO - Processing file /home/airflow/.local/lib/python3.12/site-packages/airflow/example_dags/example_branch_labels.py for tasks to queue
[2024-12-21T21:30:42.506+0000] {logging_mixin.py:190} INFO - [2024-12-21T21:30:42.505+0000] {dagbag.py:588} INFO - Filling up the DagBag from /home/airflow/.local/lib/python3.12/site-packages/airflow/example_dags/example_branch_labels.py
[2024-12-21T21:30:42.525+0000] {processor.py:925} INFO - DAG(s) 'example_branch_labels' retrieved from /home/airflow/.local/lib/python3.12/site-packages/airflow/example_dags/example_branch_labels.py
[2024-12-21T21:30:42.572+0000] {logging_mixin.py:190} INFO - [2024-12-21T21:30:42.571+0000] {dag.py:3239} INFO - Sync 1 DAGs
[2024-12-21T21:30:42.627+0000] {logging_mixin.py:190} INFO - [2024-12-21T21:30:42.626+0000] {dag.py:4180} INFO - Setting next_dagrun for example_branch_labels to 2024-12-20 00:00:00+00:00, run_after=2024-12-21 00:00:00+00:00
[2024-12-21T21:30:42.667+0000] {processor.py:208} INFO - Processing /home/airflow/.local/lib/python3.12/site-packages/airflow/example_dags/example_branch_labels.py took 0.178 seconds
[2024-12-21T21:31:12.810+0000] {processor.py:186} INFO - Started process (PID=2983) to work on /home/airflow/.local/lib/python3.12/site-packages/airflow/example_dags/example_branch_labels.py
[2024-12-21T21:31:12.812+0000] {processor.py:914} INFO - Processing file /home/airflow/.local/lib/python3.12/site-packages/airflow/example_dags/example_branch_labels.py for tasks to queue
[2024-12-21T21:31:12.818+0000] {logging_mixin.py:190} INFO - [2024-12-21T21:31:12.817+0000] {dagbag.py:588} INFO - Filling up the DagBag from /home/airflow/.local/lib/python3.12/site-packages/airflow/example_dags/example_branch_labels.py
[2024-12-21T21:31:12.841+0000] {processor.py:925} INFO - DAG(s) 'example_branch_labels' retrieved from /home/airflow/.local/lib/python3.12/site-packages/airflow/example_dags/example_branch_labels.py
[2024-12-21T21:31:12.886+0000] {logging_mixin.py:190} INFO - [2024-12-21T21:31:12.886+0000] {dag.py:3239} INFO - Sync 1 DAGs
[2024-12-21T21:31:12.940+0000] {logging_mixin.py:190} INFO - [2024-12-21T21:31:12.939+0000] {dag.py:4180} INFO - Setting next_dagrun for example_branch_labels to 2024-12-20 00:00:00+00:00, run_after=2024-12-21 00:00:00+00:00
[2024-12-21T21:31:12.985+0000] {processor.py:208} INFO - Processing /home/airflow/.local/lib/python3.12/site-packages/airflow/example_dags/example_branch_labels.py took 0.186 seconds
[2024-12-21T21:31:43.089+0000] {processor.py:186} INFO - Started process (PID=3280) to work on /home/airflow/.local/lib/python3.12/site-packages/airflow/example_dags/example_branch_labels.py
[2024-12-21T21:31:43.091+0000] {processor.py:914} INFO - Processing file /home/airflow/.local/lib/python3.12/site-packages/airflow/example_dags/example_branch_labels.py for tasks to queue
[2024-12-21T21:31:43.095+0000] {logging_mixin.py:190} INFO - [2024-12-21T21:31:43.094+0000] {dagbag.py:588} INFO - Filling up the DagBag from /home/airflow/.local/lib/python3.12/site-packages/airflow/example_dags/example_branch_labels.py
[2024-12-21T21:31:43.114+0000] {processor.py:925} INFO - DAG(s) 'example_branch_labels' retrieved from /home/airflow/.local/lib/python3.12/site-packages/airflow/example_dags/example_branch_labels.py
[2024-12-21T21:31:43.159+0000] {logging_mixin.py:190} INFO - [2024-12-21T21:31:43.158+0000] {dag.py:3239} INFO - Sync 1 DAGs
[2024-12-21T21:31:43.217+0000] {logging_mixin.py:190} INFO - [2024-12-21T21:31:43.217+0000] {dag.py:4180} INFO - Setting next_dagrun for example_branch_labels to 2024-12-20 00:00:00+00:00, run_after=2024-12-21 00:00:00+00:00
[2024-12-21T21:31:43.281+0000] {processor.py:208} INFO - Processing /home/airflow/.local/lib/python3.12/site-packages/airflow/example_dags/example_branch_labels.py took 0.203 seconds
[2024-12-21T21:32:13.708+0000] {processor.py:186} INFO - Started process (PID=3576) to work on /home/airflow/.local/lib/python3.12/site-packages/airflow/example_dags/example_branch_labels.py
[2024-12-21T21:32:13.710+0000] {processor.py:914} INFO - Processing file /home/airflow/.local/lib/python3.12/site-packages/airflow/example_dags/example_branch_labels.py for tasks to queue
[2024-12-21T21:32:13.714+0000] {logging_mixin.py:190} INFO - [2024-12-21T21:32:13.714+0000] {dagbag.py:588} INFO - Filling up the DagBag from /home/airflow/.local/lib/python3.12/site-packages/airflow/example_dags/example_branch_labels.py
[2024-12-21T21:32:13.733+0000] {processor.py:925} INFO - DAG(s) 'example_branch_labels' retrieved from /home/airflow/.local/lib/python3.12/site-packages/airflow/example_dags/example_branch_labels.py
[2024-12-21T21:32:13.774+0000] {logging_mixin.py:190} INFO - [2024-12-21T21:32:13.773+0000] {dag.py:3239} INFO - Sync 1 DAGs
[2024-12-21T21:32:13.825+0000] {logging_mixin.py:190} INFO - [2024-12-21T21:32:13.825+0000] {dag.py:4180} INFO - Setting next_dagrun for example_branch_labels to 2024-12-20 00:00:00+00:00, run_after=2024-12-21 00:00:00+00:00
[2024-12-21T21:32:13.863+0000] {processor.py:208} INFO - Processing /home/airflow/.local/lib/python3.12/site-packages/airflow/example_dags/example_branch_labels.py took 0.168 seconds
[2024-12-21T21:32:44.051+0000] {processor.py:186} INFO - Started process (PID=3872) to work on /home/airflow/.local/lib/python3.12/site-packages/airflow/example_dags/example_branch_labels.py
[2024-12-21T21:32:44.053+0000] {processor.py:914} INFO - Processing file /home/airflow/.local/lib/python3.12/site-packages/airflow/example_dags/example_branch_labels.py for tasks to queue
[2024-12-21T21:32:44.056+0000] {logging_mixin.py:190} INFO - [2024-12-21T21:32:44.056+0000] {dagbag.py:588} INFO - Filling up the DagBag from /home/airflow/.local/lib/python3.12/site-packages/airflow/example_dags/example_branch_labels.py
[2024-12-21T21:32:44.077+0000] {processor.py:925} INFO - DAG(s) 'example_branch_labels' retrieved from /home/airflow/.local/lib/python3.12/site-packages/airflow/example_dags/example_branch_labels.py
[2024-12-21T21:32:44.115+0000] {logging_mixin.py:190} INFO - [2024-12-21T21:32:44.115+0000] {dag.py:3239} INFO - Sync 1 DAGs
[2024-12-21T21:32:44.170+0000] {logging_mixin.py:190} INFO - [2024-12-21T21:32:44.170+0000] {dag.py:4180} INFO - Setting next_dagrun for example_branch_labels to 2024-12-20 00:00:00+00:00, run_after=2024-12-21 00:00:00+00:00
[2024-12-21T21:32:44.231+0000] {processor.py:208} INFO - Processing /home/airflow/.local/lib/python3.12/site-packages/airflow/example_dags/example_branch_labels.py took 0.191 seconds
[2024-12-21T21:33:14.346+0000] {processor.py:186} INFO - Started process (PID=4166) to work on /home/airflow/.local/lib/python3.12/site-packages/airflow/example_dags/example_branch_labels.py
[2024-12-21T21:33:14.348+0000] {processor.py:914} INFO - Processing file /home/airflow/.local/lib/python3.12/site-packages/airflow/example_dags/example_branch_labels.py for tasks to queue
[2024-12-21T21:33:14.352+0000] {logging_mixin.py:190} INFO - [2024-12-21T21:33:14.351+0000] {dagbag.py:588} INFO - Filling up the DagBag from /home/airflow/.local/lib/python3.12/site-packages/airflow/example_dags/example_branch_labels.py
[2024-12-21T21:33:14.369+0000] {processor.py:925} INFO - DAG(s) 'example_branch_labels' retrieved from /home/airflow/.local/lib/python3.12/site-packages/airflow/example_dags/example_branch_labels.py
[2024-12-21T21:33:14.414+0000] {logging_mixin.py:190} INFO - [2024-12-21T21:33:14.413+0000] {dag.py:3239} INFO - Sync 1 DAGs
[2024-12-21T21:33:14.473+0000] {logging_mixin.py:190} INFO - [2024-12-21T21:33:14.472+0000] {dag.py:4180} INFO - Setting next_dagrun for example_branch_labels to 2024-12-20 00:00:00+00:00, run_after=2024-12-21 00:00:00+00:00
[2024-12-21T21:33:14.514+0000] {processor.py:208} INFO - Processing /home/airflow/.local/lib/python3.12/site-packages/airflow/example_dags/example_branch_labels.py took 0.179 seconds
[2024-12-21T21:33:44.659+0000] {processor.py:186} INFO - Started process (PID=4462) to work on /home/airflow/.local/lib/python3.12/site-packages/airflow/example_dags/example_branch_labels.py
[2024-12-21T21:33:44.660+0000] {processor.py:914} INFO - Processing file /home/airflow/.local/lib/python3.12/site-packages/airflow/example_dags/example_branch_labels.py for tasks to queue
[2024-12-21T21:33:44.664+0000] {logging_mixin.py:190} INFO - [2024-12-21T21:33:44.664+0000] {dagbag.py:588} INFO - Filling up the DagBag from /home/airflow/.local/lib/python3.12/site-packages/airflow/example_dags/example_branch_labels.py
[2024-12-21T21:33:44.683+0000] {processor.py:925} INFO - DAG(s) 'example_branch_labels' retrieved from /home/airflow/.local/lib/python3.12/site-packages/airflow/example_dags/example_branch_labels.py
[2024-12-21T21:33:44.725+0000] {logging_mixin.py:190} INFO - [2024-12-21T21:33:44.725+0000] {dag.py:3239} INFO - Sync 1 DAGs
[2024-12-21T21:33:44.775+0000] {logging_mixin.py:190} INFO - [2024-12-21T21:33:44.775+0000] {dag.py:4180} INFO - Setting next_dagrun for example_branch_labels to 2024-12-20 00:00:00+00:00, run_after=2024-12-21 00:00:00+00:00
[2024-12-21T21:33:44.835+0000] {processor.py:208} INFO - Processing /home/airflow/.local/lib/python3.12/site-packages/airflow/example_dags/example_branch_labels.py took 0.187 seconds
[2024-12-21T21:34:15.661+0000] {processor.py:186} INFO - Started process (PID=4758) to work on /home/airflow/.local/lib/python3.12/site-packages/airflow/example_dags/example_branch_labels.py
[2024-12-21T21:34:15.663+0000] {processor.py:914} INFO - Processing file /home/airflow/.local/lib/python3.12/site-packages/airflow/example_dags/example_branch_labels.py for tasks to queue
[2024-12-21T21:34:15.668+0000] {logging_mixin.py:190} INFO - [2024-12-21T21:34:15.667+0000] {dagbag.py:588} INFO - Filling up the DagBag from /home/airflow/.local/lib/python3.12/site-packages/airflow/example_dags/example_branch_labels.py
[2024-12-21T21:34:15.687+0000] {processor.py:925} INFO - DAG(s) 'example_branch_labels' retrieved from /home/airflow/.local/lib/python3.12/site-packages/airflow/example_dags/example_branch_labels.py
[2024-12-21T21:34:15.735+0000] {logging_mixin.py:190} INFO - [2024-12-21T21:34:15.734+0000] {dag.py:3239} INFO - Sync 1 DAGs
[2024-12-21T21:34:15.785+0000] {logging_mixin.py:190} INFO - [2024-12-21T21:34:15.785+0000] {dag.py:4180} INFO - Setting next_dagrun for example_branch_labels to 2024-12-20 00:00:00+00:00, run_after=2024-12-21 00:00:00+00:00
[2024-12-21T21:34:15.827+0000] {processor.py:208} INFO - Processing /home/airflow/.local/lib/python3.12/site-packages/airflow/example_dags/example_branch_labels.py took 0.178 seconds
[2024-12-21T21:34:46.525+0000] {processor.py:186} INFO - Started process (PID=5057) to work on /home/airflow/.local/lib/python3.12/site-packages/airflow/example_dags/example_branch_labels.py
[2024-12-21T21:34:46.527+0000] {processor.py:914} INFO - Processing file /home/airflow/.local/lib/python3.12/site-packages/airflow/example_dags/example_branch_labels.py for tasks to queue
[2024-12-21T21:34:46.532+0000] {logging_mixin.py:190} INFO - [2024-12-21T21:34:46.531+0000] {dagbag.py:588} INFO - Filling up the DagBag from /home/airflow/.local/lib/python3.12/site-packages/airflow/example_dags/example_branch_labels.py
[2024-12-21T21:34:46.550+0000] {processor.py:925} INFO - DAG(s) 'example_branch_labels' retrieved from /home/airflow/.local/lib/python3.12/site-packages/airflow/example_dags/example_branch_labels.py
[2024-12-21T21:34:46.593+0000] {logging_mixin.py:190} INFO - [2024-12-21T21:34:46.593+0000] {dag.py:3239} INFO - Sync 1 DAGs
[2024-12-21T21:34:46.648+0000] {logging_mixin.py:190} INFO - [2024-12-21T21:34:46.648+0000] {dag.py:4180} INFO - Setting next_dagrun for example_branch_labels to 2024-12-20 00:00:00+00:00, run_after=2024-12-21 00:00:00+00:00
[2024-12-21T21:34:46.685+0000] {processor.py:208} INFO - Processing /home/airflow/.local/lib/python3.12/site-packages/airflow/example_dags/example_branch_labels.py took 0.170 seconds
[2024-12-21T21:35:17.092+0000] {processor.py:186} INFO - Started process (PID=5353) to work on /home/airflow/.local/lib/python3.12/site-packages/airflow/example_dags/example_branch_labels.py
[2024-12-21T21:35:17.094+0000] {processor.py:914} INFO - Processing file /home/airflow/.local/lib/python3.12/site-packages/airflow/example_dags/example_branch_labels.py for tasks to queue
[2024-12-21T21:35:17.100+0000] {logging_mixin.py:190} INFO - [2024-12-21T21:35:17.099+0000] {dagbag.py:588} INFO - Filling up the DagBag from /home/airflow/.local/lib/python3.12/site-packages/airflow/example_dags/example_branch_labels.py
[2024-12-21T21:35:17.122+0000] {processor.py:925} INFO - DAG(s) 'example_branch_labels' retrieved from /home/airflow/.local/lib/python3.12/site-packages/airflow/example_dags/example_branch_labels.py
[2024-12-21T21:35:17.166+0000] {logging_mixin.py:190} INFO - [2024-12-21T21:35:17.166+0000] {dag.py:3239} INFO - Sync 1 DAGs
[2024-12-21T21:35:17.213+0000] {logging_mixin.py:190} INFO - [2024-12-21T21:35:17.213+0000] {dag.py:4180} INFO - Setting next_dagrun for example_branch_labels to 2024-12-20 00:00:00+00:00, run_after=2024-12-21 00:00:00+00:00
[2024-12-21T21:35:17.255+0000] {processor.py:208} INFO - Processing /home/airflow/.local/lib/python3.12/site-packages/airflow/example_dags/example_branch_labels.py took 0.175 seconds
[2024-12-21T21:35:48.333+0000] {processor.py:186} INFO - Started process (PID=5649) to work on /home/airflow/.local/lib/python3.12/site-packages/airflow/example_dags/example_branch_labels.py
[2024-12-21T21:35:48.335+0000] {processor.py:914} INFO - Processing file /home/airflow/.local/lib/python3.12/site-packages/airflow/example_dags/example_branch_labels.py for tasks to queue
[2024-12-21T21:35:48.339+0000] {logging_mixin.py:190} INFO - [2024-12-21T21:35:48.338+0000] {dagbag.py:588} INFO - Filling up the DagBag from /home/airflow/.local/lib/python3.12/site-packages/airflow/example_dags/example_branch_labels.py
[2024-12-21T21:35:48.357+0000] {processor.py:925} INFO - DAG(s) 'example_branch_labels' retrieved from /home/airflow/.local/lib/python3.12/site-packages/airflow/example_dags/example_branch_labels.py
[2024-12-21T21:35:48.401+0000] {logging_mixin.py:190} INFO - [2024-12-21T21:35:48.401+0000] {dag.py:3239} INFO - Sync 1 DAGs
[2024-12-21T21:35:48.457+0000] {logging_mixin.py:190} INFO - [2024-12-21T21:35:48.456+0000] {dag.py:4180} INFO - Setting next_dagrun for example_branch_labels to 2024-12-20 00:00:00+00:00, run_after=2024-12-21 00:00:00+00:00
[2024-12-21T21:35:48.519+0000] {processor.py:208} INFO - Processing /home/airflow/.local/lib/python3.12/site-packages/airflow/example_dags/example_branch_labels.py took 0.197 seconds
[2024-12-21T21:36:18.708+0000] {processor.py:186} INFO - Started process (PID=5945) to work on /home/airflow/.local/lib/python3.12/site-packages/airflow/example_dags/example_branch_labels.py
[2024-12-21T21:36:18.710+0000] {processor.py:914} INFO - Processing file /home/airflow/.local/lib/python3.12/site-packages/airflow/example_dags/example_branch_labels.py for tasks to queue
[2024-12-21T21:36:18.715+0000] {logging_mixin.py:190} INFO - [2024-12-21T21:36:18.714+0000] {dagbag.py:588} INFO - Filling up the DagBag from /home/airflow/.local/lib/python3.12/site-packages/airflow/example_dags/example_branch_labels.py
[2024-12-21T21:36:18.735+0000] {processor.py:925} INFO - DAG(s) 'example_branch_labels' retrieved from /home/airflow/.local/lib/python3.12/site-packages/airflow/example_dags/example_branch_labels.py
[2024-12-21T21:36:18.782+0000] {logging_mixin.py:190} INFO - [2024-12-21T21:36:18.781+0000] {dag.py:3239} INFO - Sync 1 DAGs
[2024-12-21T21:36:18.835+0000] {logging_mixin.py:190} INFO - [2024-12-21T21:36:18.834+0000] {dag.py:4180} INFO - Setting next_dagrun for example_branch_labels to 2024-12-20 00:00:00+00:00, run_after=2024-12-21 00:00:00+00:00
[2024-12-21T21:36:18.870+0000] {processor.py:208} INFO - Processing /home/airflow/.local/lib/python3.12/site-packages/airflow/example_dags/example_branch_labels.py took 0.174 seconds
[2024-12-21T21:36:49.075+0000] {processor.py:186} INFO - Started process (PID=6241) to work on /home/airflow/.local/lib/python3.12/site-packages/airflow/example_dags/example_branch_labels.py
[2024-12-21T21:36:49.078+0000] {processor.py:914} INFO - Processing file /home/airflow/.local/lib/python3.12/site-packages/airflow/example_dags/example_branch_labels.py for tasks to queue
[2024-12-21T21:36:49.084+0000] {logging_mixin.py:190} INFO - [2024-12-21T21:36:49.083+0000] {dagbag.py:588} INFO - Filling up the DagBag from /home/airflow/.local/lib/python3.12/site-packages/airflow/example_dags/example_branch_labels.py
[2024-12-21T21:36:49.109+0000] {processor.py:925} INFO - DAG(s) 'example_branch_labels' retrieved from /home/airflow/.local/lib/python3.12/site-packages/airflow/example_dags/example_branch_labels.py
[2024-12-21T21:36:49.156+0000] {logging_mixin.py:190} INFO - [2024-12-21T21:36:49.155+0000] {dag.py:3239} INFO - Sync 1 DAGs
[2024-12-21T21:36:49.209+0000] {logging_mixin.py:190} INFO - [2024-12-21T21:36:49.208+0000] {dag.py:4180} INFO - Setting next_dagrun for example_branch_labels to 2024-12-20 00:00:00+00:00, run_after=2024-12-21 00:00:00+00:00
[2024-12-21T21:36:49.269+0000] {processor.py:208} INFO - Processing /home/airflow/.local/lib/python3.12/site-packages/airflow/example_dags/example_branch_labels.py took 0.208 seconds
[2024-12-21T21:37:19.596+0000] {processor.py:186} INFO - Started process (PID=6537) to work on /home/airflow/.local/lib/python3.12/site-packages/airflow/example_dags/example_branch_labels.py
[2024-12-21T21:37:19.598+0000] {processor.py:914} INFO - Processing file /home/airflow/.local/lib/python3.12/site-packages/airflow/example_dags/example_branch_labels.py for tasks to queue
[2024-12-21T21:37:19.602+0000] {logging_mixin.py:190} INFO - [2024-12-21T21:37:19.602+0000] {dagbag.py:588} INFO - Filling up the DagBag from /home/airflow/.local/lib/python3.12/site-packages/airflow/example_dags/example_branch_labels.py
[2024-12-21T21:37:19.626+0000] {processor.py:925} INFO - DAG(s) 'example_branch_labels' retrieved from /home/airflow/.local/lib/python3.12/site-packages/airflow/example_dags/example_branch_labels.py
[2024-12-21T21:37:19.672+0000] {logging_mixin.py:190} INFO - [2024-12-21T21:37:19.671+0000] {dag.py:3239} INFO - Sync 1 DAGs
[2024-12-21T21:37:19.726+0000] {logging_mixin.py:190} INFO - [2024-12-21T21:37:19.726+0000] {dag.py:4180} INFO - Setting next_dagrun for example_branch_labels to 2024-12-20 00:00:00+00:00, run_after=2024-12-21 00:00:00+00:00
[2024-12-21T21:37:19.766+0000] {processor.py:208} INFO - Processing /home/airflow/.local/lib/python3.12/site-packages/airflow/example_dags/example_branch_labels.py took 0.182 seconds
[2024-12-21T21:37:50.084+0000] {processor.py:186} INFO - Started process (PID=6831) to work on /home/airflow/.local/lib/python3.12/site-packages/airflow/example_dags/example_branch_labels.py
[2024-12-21T21:37:50.086+0000] {processor.py:914} INFO - Processing file /home/airflow/.local/lib/python3.12/site-packages/airflow/example_dags/example_branch_labels.py for tasks to queue
[2024-12-21T21:37:50.092+0000] {logging_mixin.py:190} INFO - [2024-12-21T21:37:50.091+0000] {dagbag.py:588} INFO - Filling up the DagBag from /home/airflow/.local/lib/python3.12/site-packages/airflow/example_dags/example_branch_labels.py
[2024-12-21T21:37:50.111+0000] {processor.py:925} INFO - DAG(s) 'example_branch_labels' retrieved from /home/airflow/.local/lib/python3.12/site-packages/airflow/example_dags/example_branch_labels.py
[2024-12-21T21:37:50.156+0000] {logging_mixin.py:190} INFO - [2024-12-21T21:37:50.155+0000] {dag.py:3239} INFO - Sync 1 DAGs
[2024-12-21T21:37:50.224+0000] {logging_mixin.py:190} INFO - [2024-12-21T21:37:50.224+0000] {dag.py:4180} INFO - Setting next_dagrun for example_branch_labels to 2024-12-20 00:00:00+00:00, run_after=2024-12-21 00:00:00+00:00
[2024-12-21T21:37:50.271+0000] {processor.py:208} INFO - Processing /home/airflow/.local/lib/python3.12/site-packages/airflow/example_dags/example_branch_labels.py took 0.197 seconds
[2024-12-21T21:38:22.290+0000] {processor.py:186} INFO - Started process (PID=7127) to work on /home/airflow/.local/lib/python3.12/site-packages/airflow/example_dags/example_branch_labels.py
[2024-12-21T21:38:22.293+0000] {processor.py:914} INFO - Processing file /home/airflow/.local/lib/python3.12/site-packages/airflow/example_dags/example_branch_labels.py for tasks to queue
[2024-12-21T21:38:22.302+0000] {logging_mixin.py:190} INFO - [2024-12-21T21:38:22.300+0000] {dagbag.py:588} INFO - Filling up the DagBag from /home/airflow/.local/lib/python3.12/site-packages/airflow/example_dags/example_branch_labels.py
[2024-12-21T21:38:22.341+0000] {processor.py:925} INFO - DAG(s) 'example_branch_labels' retrieved from /home/airflow/.local/lib/python3.12/site-packages/airflow/example_dags/example_branch_labels.py
[2024-12-21T21:38:22.406+0000] {logging_mixin.py:190} INFO - [2024-12-21T21:38:22.405+0000] {dag.py:3239} INFO - Sync 1 DAGs
[2024-12-21T21:38:22.482+0000] {logging_mixin.py:190} INFO - [2024-12-21T21:38:22.482+0000] {dag.py:4180} INFO - Setting next_dagrun for example_branch_labels to 2024-12-20 00:00:00+00:00, run_after=2024-12-21 00:00:00+00:00
[2024-12-21T21:38:22.535+0000] {processor.py:208} INFO - Processing /home/airflow/.local/lib/python3.12/site-packages/airflow/example_dags/example_branch_labels.py took 0.270 seconds
[2024-12-21T21:38:53.834+0000] {processor.py:186} INFO - Started process (PID=7413) to work on /home/airflow/.local/lib/python3.12/site-packages/airflow/example_dags/example_branch_labels.py
[2024-12-21T21:38:53.836+0000] {processor.py:914} INFO - Processing file /home/airflow/.local/lib/python3.12/site-packages/airflow/example_dags/example_branch_labels.py for tasks to queue
[2024-12-21T21:38:53.841+0000] {logging_mixin.py:190} INFO - [2024-12-21T21:38:53.841+0000] {dagbag.py:588} INFO - Filling up the DagBag from /home/airflow/.local/lib/python3.12/site-packages/airflow/example_dags/example_branch_labels.py
[2024-12-21T21:38:53.879+0000] {processor.py:925} INFO - DAG(s) 'example_branch_labels' retrieved from /home/airflow/.local/lib/python3.12/site-packages/airflow/example_dags/example_branch_labels.py
[2024-12-21T21:38:53.933+0000] {logging_mixin.py:190} INFO - [2024-12-21T21:38:53.933+0000] {dag.py:3239} INFO - Sync 1 DAGs
[2024-12-21T21:38:53.995+0000] {logging_mixin.py:190} INFO - [2024-12-21T21:38:53.994+0000] {dag.py:4180} INFO - Setting next_dagrun for example_branch_labels to 2024-12-20 00:00:00+00:00, run_after=2024-12-21 00:00:00+00:00
[2024-12-21T21:38:54.043+0000] {processor.py:208} INFO - Processing /home/airflow/.local/lib/python3.12/site-packages/airflow/example_dags/example_branch_labels.py took 0.228 seconds
[2024-12-21T21:39:25.244+0000] {processor.py:186} INFO - Started process (PID=7709) to work on /home/airflow/.local/lib/python3.12/site-packages/airflow/example_dags/example_branch_labels.py
[2024-12-21T21:39:25.246+0000] {processor.py:914} INFO - Processing file /home/airflow/.local/lib/python3.12/site-packages/airflow/example_dags/example_branch_labels.py for tasks to queue
[2024-12-21T21:39:25.252+0000] {logging_mixin.py:190} INFO - [2024-12-21T21:39:25.251+0000] {dagbag.py:588} INFO - Filling up the DagBag from /home/airflow/.local/lib/python3.12/site-packages/airflow/example_dags/example_branch_labels.py
[2024-12-21T21:39:25.274+0000] {processor.py:925} INFO - DAG(s) 'example_branch_labels' retrieved from /home/airflow/.local/lib/python3.12/site-packages/airflow/example_dags/example_branch_labels.py
[2024-12-21T21:39:25.323+0000] {logging_mixin.py:190} INFO - [2024-12-21T21:39:25.322+0000] {dag.py:3239} INFO - Sync 1 DAGs
[2024-12-21T21:39:25.388+0000] {logging_mixin.py:190} INFO - [2024-12-21T21:39:25.387+0000] {dag.py:4180} INFO - Setting next_dagrun for example_branch_labels to 2024-12-20 00:00:00+00:00, run_after=2024-12-21 00:00:00+00:00
[2024-12-21T21:39:25.440+0000] {processor.py:208} INFO - Processing /home/airflow/.local/lib/python3.12/site-packages/airflow/example_dags/example_branch_labels.py took 0.209 seconds
[2024-12-21T21:39:56.147+0000] {processor.py:186} INFO - Started process (PID=7995) to work on /home/airflow/.local/lib/python3.12/site-packages/airflow/example_dags/example_branch_labels.py
[2024-12-21T21:39:56.150+0000] {processor.py:914} INFO - Processing file /home/airflow/.local/lib/python3.12/site-packages/airflow/example_dags/example_branch_labels.py for tasks to queue
[2024-12-21T21:39:56.157+0000] {logging_mixin.py:190} INFO - [2024-12-21T21:39:56.156+0000] {dagbag.py:588} INFO - Filling up the DagBag from /home/airflow/.local/lib/python3.12/site-packages/airflow/example_dags/example_branch_labels.py
[2024-12-21T21:39:56.187+0000] {processor.py:925} INFO - DAG(s) 'example_branch_labels' retrieved from /home/airflow/.local/lib/python3.12/site-packages/airflow/example_dags/example_branch_labels.py
[2024-12-21T21:39:56.255+0000] {logging_mixin.py:190} INFO - [2024-12-21T21:39:56.254+0000] {dag.py:3239} INFO - Sync 1 DAGs
[2024-12-21T21:39:56.335+0000] {logging_mixin.py:190} INFO - [2024-12-21T21:39:56.335+0000] {dag.py:4180} INFO - Setting next_dagrun for example_branch_labels to 2024-12-20 00:00:00+00:00, run_after=2024-12-21 00:00:00+00:00
[2024-12-21T21:39:56.383+0000] {processor.py:208} INFO - Processing /home/airflow/.local/lib/python3.12/site-packages/airflow/example_dags/example_branch_labels.py took 0.253 seconds
[2024-12-21T21:40:27.691+0000] {processor.py:186} INFO - Started process (PID=8291) to work on /home/airflow/.local/lib/python3.12/site-packages/airflow/example_dags/example_branch_labels.py
[2024-12-21T21:40:27.693+0000] {processor.py:914} INFO - Processing file /home/airflow/.local/lib/python3.12/site-packages/airflow/example_dags/example_branch_labels.py for tasks to queue
[2024-12-21T21:40:27.698+0000] {logging_mixin.py:190} INFO - [2024-12-21T21:40:27.697+0000] {dagbag.py:588} INFO - Filling up the DagBag from /home/airflow/.local/lib/python3.12/site-packages/airflow/example_dags/example_branch_labels.py
[2024-12-21T21:40:27.723+0000] {processor.py:925} INFO - DAG(s) 'example_branch_labels' retrieved from /home/airflow/.local/lib/python3.12/site-packages/airflow/example_dags/example_branch_labels.py
[2024-12-21T21:40:27.769+0000] {logging_mixin.py:190} INFO - [2024-12-21T21:40:27.769+0000] {dag.py:3239} INFO - Sync 1 DAGs
