[2024-12-21T21:11:25.098+0000] {processor.py:186} INFO - Started process (PID=388) to work on /home/airflow/.local/lib/python3.12/site-packages/airflow/example_dags/example_bash_operator.py
[2024-12-21T21:11:25.100+0000] {processor.py:914} INFO - Processing file /home/airflow/.local/lib/python3.12/site-packages/airflow/example_dags/example_bash_operator.py for tasks to queue
[2024-12-21T21:11:25.105+0000] {logging_mixin.py:190} INFO - [2024-12-21T21:11:25.104+0000] {dagbag.py:588} INFO - Filling up the DagBag from /home/airflow/.local/lib/python3.12/site-packages/airflow/example_dags/example_bash_operator.py
[2024-12-21T21:11:25.135+0000] {processor.py:925} INFO - DAG(s) 'example_bash_operator' retrieved from /home/airflow/.local/lib/python3.12/site-packages/airflow/example_dags/example_bash_operator.py
[2024-12-21T21:11:25.397+0000] {logging_mixin.py:190} INFO - [2024-12-21T21:11:25.396+0000] {override.py:1911} INFO - Created Permission View: can delete on DAG:example_bash_operator
[2024-12-21T21:11:25.418+0000] {logging_mixin.py:190} INFO - [2024-12-21T21:11:25.417+0000] {override.py:1911} INFO - Created Permission View: can edit on DAG:example_bash_operator
[2024-12-21T21:11:25.434+0000] {logging_mixin.py:190} INFO - [2024-12-21T21:11:25.433+0000] {override.py:1911} INFO - Created Permission View: can read on DAG:example_bash_operator
[2024-12-21T21:11:25.451+0000] {logging_mixin.py:190} INFO - [2024-12-21T21:11:25.450+0000] {override.py:1911} INFO - Created Permission View: can delete on DAG Run:example_bash_operator
[2024-12-21T21:11:25.468+0000] {logging_mixin.py:190} INFO - [2024-12-21T21:11:25.467+0000] {override.py:1911} INFO - Created Permission View: can read on DAG Run:example_bash_operator
[2024-12-21T21:11:25.482+0000] {logging_mixin.py:190} INFO - [2024-12-21T21:11:25.481+0000] {override.py:1911} INFO - Created Permission View: can create on DAG Run:example_bash_operator
[2024-12-21T21:11:25.501+0000] {logging_mixin.py:190} INFO - [2024-12-21T21:11:25.500+0000] {override.py:1911} INFO - Created Permission View: menu access on DAG Run:example_bash_operator
[2024-12-21T21:11:25.502+0000] {logging_mixin.py:190} INFO - [2024-12-21T21:11:25.502+0000] {dag.py:3239} INFO - Sync 1 DAGs
[2024-12-21T21:11:25.536+0000] {logging_mixin.py:190} INFO - [2024-12-21T21:11:25.535+0000] {dag.py:3262} INFO - Creating ORM DAG for example_bash_operator
[2024-12-21T21:11:25.558+0000] {logging_mixin.py:190} INFO - [2024-12-21T21:11:25.557+0000] {dag.py:4180} INFO - Setting next_dagrun for example_bash_operator to 2024-12-20 00:00:00+00:00, run_after=2024-12-21 00:00:00+00:00
[2024-12-21T21:11:25.594+0000] {processor.py:208} INFO - Processing /home/airflow/.local/lib/python3.12/site-packages/airflow/example_dags/example_bash_operator.py took 0.508 seconds
[2024-12-21T21:11:56.491+0000] {processor.py:186} INFO - Started process (PID=684) to work on /home/airflow/.local/lib/python3.12/site-packages/airflow/example_dags/example_bash_operator.py
[2024-12-21T21:11:56.493+0000] {processor.py:914} INFO - Processing file /home/airflow/.local/lib/python3.12/site-packages/airflow/example_dags/example_bash_operator.py for tasks to queue
[2024-12-21T21:11:56.498+0000] {logging_mixin.py:190} INFO - [2024-12-21T21:11:56.497+0000] {dagbag.py:588} INFO - Filling up the DagBag from /home/airflow/.local/lib/python3.12/site-packages/airflow/example_dags/example_bash_operator.py
[2024-12-21T21:11:56.529+0000] {processor.py:925} INFO - DAG(s) 'example_bash_operator' retrieved from /home/airflow/.local/lib/python3.12/site-packages/airflow/example_dags/example_bash_operator.py
[2024-12-21T21:11:56.593+0000] {logging_mixin.py:190} INFO - [2024-12-21T21:11:56.593+0000] {dag.py:3239} INFO - Sync 1 DAGs
[2024-12-21T21:11:56.645+0000] {logging_mixin.py:190} INFO - [2024-12-21T21:11:56.645+0000] {dag.py:4180} INFO - Setting next_dagrun for example_bash_operator to 2024-12-20 00:00:00+00:00, run_after=2024-12-21 00:00:00+00:00
[2024-12-21T21:11:56.689+0000] {processor.py:208} INFO - Processing /home/airflow/.local/lib/python3.12/site-packages/airflow/example_dags/example_bash_operator.py took 0.211 seconds
[2024-12-21T21:12:28.923+0000] {processor.py:186} INFO - Started process (PID=982) to work on /home/airflow/.local/lib/python3.12/site-packages/airflow/example_dags/example_bash_operator.py
[2024-12-21T21:12:28.925+0000] {processor.py:914} INFO - Processing file /home/airflow/.local/lib/python3.12/site-packages/airflow/example_dags/example_bash_operator.py for tasks to queue
[2024-12-21T21:12:28.929+0000] {logging_mixin.py:190} INFO - [2024-12-21T21:12:28.929+0000] {dagbag.py:588} INFO - Filling up the DagBag from /home/airflow/.local/lib/python3.12/site-packages/airflow/example_dags/example_bash_operator.py
[2024-12-21T21:12:28.960+0000] {processor.py:925} INFO - DAG(s) 'example_bash_operator' retrieved from /home/airflow/.local/lib/python3.12/site-packages/airflow/example_dags/example_bash_operator.py
[2024-12-21T21:12:29.023+0000] {logging_mixin.py:190} INFO - [2024-12-21T21:12:29.022+0000] {dag.py:3239} INFO - Sync 1 DAGs
[2024-12-21T21:12:29.076+0000] {logging_mixin.py:190} INFO - [2024-12-21T21:12:29.076+0000] {dag.py:4180} INFO - Setting next_dagrun for example_bash_operator to 2024-12-20 00:00:00+00:00, run_after=2024-12-21 00:00:00+00:00
[2024-12-21T21:12:29.116+0000] {processor.py:208} INFO - Processing /home/airflow/.local/lib/python3.12/site-packages/airflow/example_dags/example_bash_operator.py took 0.208 seconds
[2024-12-21T21:13:00.340+0000] {processor.py:186} INFO - Started process (PID=1276) to work on /home/airflow/.local/lib/python3.12/site-packages/airflow/example_dags/example_bash_operator.py
[2024-12-21T21:13:00.342+0000] {processor.py:914} INFO - Processing file /home/airflow/.local/lib/python3.12/site-packages/airflow/example_dags/example_bash_operator.py for tasks to queue
[2024-12-21T21:13:00.348+0000] {logging_mixin.py:190} INFO - [2024-12-21T21:13:00.347+0000] {dagbag.py:588} INFO - Filling up the DagBag from /home/airflow/.local/lib/python3.12/site-packages/airflow/example_dags/example_bash_operator.py
[2024-12-21T21:13:00.381+0000] {processor.py:925} INFO - DAG(s) 'example_bash_operator' retrieved from /home/airflow/.local/lib/python3.12/site-packages/airflow/example_dags/example_bash_operator.py
[2024-12-21T21:13:00.456+0000] {logging_mixin.py:190} INFO - [2024-12-21T21:13:00.455+0000] {dag.py:3239} INFO - Sync 1 DAGs
[2024-12-21T21:13:00.515+0000] {logging_mixin.py:190} INFO - [2024-12-21T21:13:00.515+0000] {dag.py:4180} INFO - Setting next_dagrun for example_bash_operator to 2024-12-20 00:00:00+00:00, run_after=2024-12-21 00:00:00+00:00
[2024-12-21T21:13:00.558+0000] {processor.py:208} INFO - Processing /home/airflow/.local/lib/python3.12/site-packages/airflow/example_dags/example_bash_operator.py took 0.235 seconds
[2024-12-21T21:13:32.487+0000] {processor.py:186} INFO - Started process (PID=1572) to work on /home/airflow/.local/lib/python3.12/site-packages/airflow/example_dags/example_bash_operator.py
[2024-12-21T21:13:32.489+0000] {processor.py:914} INFO - Processing file /home/airflow/.local/lib/python3.12/site-packages/airflow/example_dags/example_bash_operator.py for tasks to queue
[2024-12-21T21:13:32.493+0000] {logging_mixin.py:190} INFO - [2024-12-21T21:13:32.492+0000] {dagbag.py:588} INFO - Filling up the DagBag from /home/airflow/.local/lib/python3.12/site-packages/airflow/example_dags/example_bash_operator.py
[2024-12-21T21:13:32.521+0000] {processor.py:925} INFO - DAG(s) 'example_bash_operator' retrieved from /home/airflow/.local/lib/python3.12/site-packages/airflow/example_dags/example_bash_operator.py
[2024-12-21T21:13:32.590+0000] {logging_mixin.py:190} INFO - [2024-12-21T21:13:32.590+0000] {dag.py:3239} INFO - Sync 1 DAGs
[2024-12-21T21:13:32.650+0000] {logging_mixin.py:190} INFO - [2024-12-21T21:13:32.650+0000] {dag.py:4180} INFO - Setting next_dagrun for example_bash_operator to 2024-12-20 00:00:00+00:00, run_after=2024-12-21 00:00:00+00:00
[2024-12-21T21:13:32.713+0000] {processor.py:208} INFO - Processing /home/airflow/.local/lib/python3.12/site-packages/airflow/example_dags/example_bash_operator.py took 0.238 seconds
[2024-12-21T21:14:04.598+0000] {processor.py:186} INFO - Started process (PID=1870) to work on /home/airflow/.local/lib/python3.12/site-packages/airflow/example_dags/example_bash_operator.py
[2024-12-21T21:14:04.600+0000] {processor.py:914} INFO - Processing file /home/airflow/.local/lib/python3.12/site-packages/airflow/example_dags/example_bash_operator.py for tasks to queue
[2024-12-21T21:14:04.605+0000] {logging_mixin.py:190} INFO - [2024-12-21T21:14:04.605+0000] {dagbag.py:588} INFO - Filling up the DagBag from /home/airflow/.local/lib/python3.12/site-packages/airflow/example_dags/example_bash_operator.py
[2024-12-21T21:14:04.636+0000] {processor.py:925} INFO - DAG(s) 'example_bash_operator' retrieved from /home/airflow/.local/lib/python3.12/site-packages/airflow/example_dags/example_bash_operator.py
[2024-12-21T21:14:04.695+0000] {logging_mixin.py:190} INFO - [2024-12-21T21:14:04.694+0000] {dag.py:3239} INFO - Sync 1 DAGs
[2024-12-21T21:14:04.747+0000] {logging_mixin.py:190} INFO - [2024-12-21T21:14:04.746+0000] {dag.py:4180} INFO - Setting next_dagrun for example_bash_operator to 2024-12-20 00:00:00+00:00, run_after=2024-12-21 00:00:00+00:00
[2024-12-21T21:14:04.808+0000] {processor.py:208} INFO - Processing /home/airflow/.local/lib/python3.12/site-packages/airflow/example_dags/example_bash_operator.py took 0.224 seconds
[2024-12-21T21:14:36.106+0000] {processor.py:186} INFO - Started process (PID=2164) to work on /home/airflow/.local/lib/python3.12/site-packages/airflow/example_dags/example_bash_operator.py
[2024-12-21T21:14:36.109+0000] {processor.py:914} INFO - Processing file /home/airflow/.local/lib/python3.12/site-packages/airflow/example_dags/example_bash_operator.py for tasks to queue
[2024-12-21T21:14:36.114+0000] {logging_mixin.py:190} INFO - [2024-12-21T21:14:36.114+0000] {dagbag.py:588} INFO - Filling up the DagBag from /home/airflow/.local/lib/python3.12/site-packages/airflow/example_dags/example_bash_operator.py
[2024-12-21T21:14:36.144+0000] {processor.py:925} INFO - DAG(s) 'example_bash_operator' retrieved from /home/airflow/.local/lib/python3.12/site-packages/airflow/example_dags/example_bash_operator.py
[2024-12-21T21:14:36.211+0000] {logging_mixin.py:190} INFO - [2024-12-21T21:14:36.210+0000] {dag.py:3239} INFO - Sync 1 DAGs
[2024-12-21T21:14:36.276+0000] {logging_mixin.py:190} INFO - [2024-12-21T21:14:36.276+0000] {dag.py:4180} INFO - Setting next_dagrun for example_bash_operator to 2024-12-20 00:00:00+00:00, run_after=2024-12-21 00:00:00+00:00
[2024-12-21T21:14:36.318+0000] {processor.py:208} INFO - Processing /home/airflow/.local/lib/python3.12/site-packages/airflow/example_dags/example_bash_operator.py took 0.226 seconds
[2024-12-21T21:15:08.482+0000] {processor.py:186} INFO - Started process (PID=2462) to work on /home/airflow/.local/lib/python3.12/site-packages/airflow/example_dags/example_bash_operator.py
[2024-12-21T21:15:08.484+0000] {processor.py:914} INFO - Processing file /home/airflow/.local/lib/python3.12/site-packages/airflow/example_dags/example_bash_operator.py for tasks to queue
[2024-12-21T21:15:08.490+0000] {logging_mixin.py:190} INFO - [2024-12-21T21:15:08.489+0000] {dagbag.py:588} INFO - Filling up the DagBag from /home/airflow/.local/lib/python3.12/site-packages/airflow/example_dags/example_bash_operator.py
[2024-12-21T21:15:08.524+0000] {processor.py:925} INFO - DAG(s) 'example_bash_operator' retrieved from /home/airflow/.local/lib/python3.12/site-packages/airflow/example_dags/example_bash_operator.py
[2024-12-21T21:15:08.615+0000] {logging_mixin.py:190} INFO - [2024-12-21T21:15:08.614+0000] {dag.py:3239} INFO - Sync 1 DAGs
[2024-12-21T21:15:08.695+0000] {logging_mixin.py:190} INFO - [2024-12-21T21:15:08.694+0000] {dag.py:4180} INFO - Setting next_dagrun for example_bash_operator to 2024-12-20 00:00:00+00:00, run_after=2024-12-21 00:00:00+00:00
[2024-12-21T21:15:08.750+0000] {processor.py:208} INFO - Processing /home/airflow/.local/lib/python3.12/site-packages/airflow/example_dags/example_bash_operator.py took 0.284 seconds
[2024-12-21T21:15:40.085+0000] {processor.py:186} INFO - Started process (PID=2756) to work on /home/airflow/.local/lib/python3.12/site-packages/airflow/example_dags/example_bash_operator.py
[2024-12-21T21:15:40.087+0000] {processor.py:914} INFO - Processing file /home/airflow/.local/lib/python3.12/site-packages/airflow/example_dags/example_bash_operator.py for tasks to queue
[2024-12-21T21:15:40.092+0000] {logging_mixin.py:190} INFO - [2024-12-21T21:15:40.091+0000] {dagbag.py:588} INFO - Filling up the DagBag from /home/airflow/.local/lib/python3.12/site-packages/airflow/example_dags/example_bash_operator.py
[2024-12-21T21:15:40.118+0000] {processor.py:925} INFO - DAG(s) 'example_bash_operator' retrieved from /home/airflow/.local/lib/python3.12/site-packages/airflow/example_dags/example_bash_operator.py
[2024-12-21T21:15:40.178+0000] {logging_mixin.py:190} INFO - [2024-12-21T21:15:40.177+0000] {dag.py:3239} INFO - Sync 1 DAGs
[2024-12-21T21:15:40.236+0000] {logging_mixin.py:190} INFO - [2024-12-21T21:15:40.236+0000] {dag.py:4180} INFO - Setting next_dagrun for example_bash_operator to 2024-12-20 00:00:00+00:00, run_after=2024-12-21 00:00:00+00:00
[2024-12-21T21:15:40.276+0000] {processor.py:208} INFO - Processing /home/airflow/.local/lib/python3.12/site-packages/airflow/example_dags/example_bash_operator.py took 0.202 seconds
[2024-12-21T21:16:13.111+0000] {processor.py:186} INFO - Started process (PID=3052) to work on /home/airflow/.local/lib/python3.12/site-packages/airflow/example_dags/example_bash_operator.py
[2024-12-21T21:16:13.113+0000] {processor.py:914} INFO - Processing file /home/airflow/.local/lib/python3.12/site-packages/airflow/example_dags/example_bash_operator.py for tasks to queue
[2024-12-21T21:16:13.119+0000] {logging_mixin.py:190} INFO - [2024-12-21T21:16:13.118+0000] {dagbag.py:588} INFO - Filling up the DagBag from /home/airflow/.local/lib/python3.12/site-packages/airflow/example_dags/example_bash_operator.py
[2024-12-21T21:16:13.159+0000] {processor.py:925} INFO - DAG(s) 'example_bash_operator' retrieved from /home/airflow/.local/lib/python3.12/site-packages/airflow/example_dags/example_bash_operator.py
[2024-12-21T21:16:13.243+0000] {logging_mixin.py:190} INFO - [2024-12-21T21:16:13.243+0000] {dag.py:3239} INFO - Sync 1 DAGs
[2024-12-21T21:16:13.308+0000] {logging_mixin.py:190} INFO - [2024-12-21T21:16:13.307+0000] {dag.py:4180} INFO - Setting next_dagrun for example_bash_operator to 2024-12-20 00:00:00+00:00, run_after=2024-12-21 00:00:00+00:00
[2024-12-21T21:16:13.357+0000] {processor.py:208} INFO - Processing /home/airflow/.local/lib/python3.12/site-packages/airflow/example_dags/example_bash_operator.py took 0.262 seconds
[2024-12-21T21:16:45.296+0000] {processor.py:186} INFO - Started process (PID=3347) to work on /home/airflow/.local/lib/python3.12/site-packages/airflow/example_dags/example_bash_operator.py
[2024-12-21T21:16:45.299+0000] {processor.py:914} INFO - Processing file /home/airflow/.local/lib/python3.12/site-packages/airflow/example_dags/example_bash_operator.py for tasks to queue
[2024-12-21T21:16:45.305+0000] {logging_mixin.py:190} INFO - [2024-12-21T21:16:45.304+0000] {dagbag.py:588} INFO - Filling up the DagBag from /home/airflow/.local/lib/python3.12/site-packages/airflow/example_dags/example_bash_operator.py
[2024-12-21T21:16:45.337+0000] {processor.py:925} INFO - DAG(s) 'example_bash_operator' retrieved from /home/airflow/.local/lib/python3.12/site-packages/airflow/example_dags/example_bash_operator.py
[2024-12-21T21:16:45.455+0000] {logging_mixin.py:190} INFO - [2024-12-21T21:16:45.454+0000] {dag.py:3239} INFO - Sync 1 DAGs
[2024-12-21T21:16:45.527+0000] {logging_mixin.py:190} INFO - [2024-12-21T21:16:45.527+0000] {dag.py:4180} INFO - Setting next_dagrun for example_bash_operator to 2024-12-20 00:00:00+00:00, run_after=2024-12-21 00:00:00+00:00
[2024-12-21T21:16:45.576+0000] {processor.py:208} INFO - Processing /home/airflow/.local/lib/python3.12/site-packages/airflow/example_dags/example_bash_operator.py took 0.294 seconds
[2024-12-21T21:17:15.856+0000] {processor.py:186} INFO - Started process (PID=3638) to work on /home/airflow/.local/lib/python3.12/site-packages/airflow/example_dags/example_bash_operator.py
[2024-12-21T21:17:15.857+0000] {processor.py:914} INFO - Processing file /home/airflow/.local/lib/python3.12/site-packages/airflow/example_dags/example_bash_operator.py for tasks to queue
[2024-12-21T21:17:15.862+0000] {logging_mixin.py:190} INFO - [2024-12-21T21:17:15.861+0000] {dagbag.py:588} INFO - Filling up the DagBag from /home/airflow/.local/lib/python3.12/site-packages/airflow/example_dags/example_bash_operator.py
[2024-12-21T21:17:15.886+0000] {processor.py:925} INFO - DAG(s) 'example_bash_operator' retrieved from /home/airflow/.local/lib/python3.12/site-packages/airflow/example_dags/example_bash_operator.py
[2024-12-21T21:17:15.938+0000] {logging_mixin.py:190} INFO - [2024-12-21T21:17:15.937+0000] {dag.py:3239} INFO - Sync 1 DAGs
[2024-12-21T21:17:15.987+0000] {logging_mixin.py:190} INFO - [2024-12-21T21:17:15.986+0000] {dag.py:4180} INFO - Setting next_dagrun for example_bash_operator to 2024-12-20 00:00:00+00:00, run_after=2024-12-21 00:00:00+00:00
[2024-12-21T21:17:16.050+0000] {processor.py:208} INFO - Processing /home/airflow/.local/lib/python3.12/site-packages/airflow/example_dags/example_bash_operator.py took 0.206 seconds
[2024-12-21T21:17:46.354+0000] {processor.py:186} INFO - Started process (PID=3929) to work on /home/airflow/.local/lib/python3.12/site-packages/airflow/example_dags/example_bash_operator.py
[2024-12-21T21:17:46.356+0000] {processor.py:914} INFO - Processing file /home/airflow/.local/lib/python3.12/site-packages/airflow/example_dags/example_bash_operator.py for tasks to queue
[2024-12-21T21:17:46.362+0000] {logging_mixin.py:190} INFO - [2024-12-21T21:17:46.362+0000] {dagbag.py:588} INFO - Filling up the DagBag from /home/airflow/.local/lib/python3.12/site-packages/airflow/example_dags/example_bash_operator.py
[2024-12-21T21:17:46.392+0000] {processor.py:925} INFO - DAG(s) 'example_bash_operator' retrieved from /home/airflow/.local/lib/python3.12/site-packages/airflow/example_dags/example_bash_operator.py
[2024-12-21T21:17:46.456+0000] {logging_mixin.py:190} INFO - [2024-12-21T21:17:46.455+0000] {dag.py:3239} INFO - Sync 1 DAGs
[2024-12-21T21:17:46.523+0000] {logging_mixin.py:190} INFO - [2024-12-21T21:17:46.522+0000] {dag.py:4180} INFO - Setting next_dagrun for example_bash_operator to 2024-12-20 00:00:00+00:00, run_after=2024-12-21 00:00:00+00:00
[2024-12-21T21:17:46.585+0000] {processor.py:208} INFO - Processing /home/airflow/.local/lib/python3.12/site-packages/airflow/example_dags/example_bash_operator.py took 0.249 seconds
[2024-12-21T21:18:17.269+0000] {processor.py:186} INFO - Started process (PID=4225) to work on /home/airflow/.local/lib/python3.12/site-packages/airflow/example_dags/example_bash_operator.py
[2024-12-21T21:18:17.271+0000] {processor.py:914} INFO - Processing file /home/airflow/.local/lib/python3.12/site-packages/airflow/example_dags/example_bash_operator.py for tasks to queue
[2024-12-21T21:18:17.276+0000] {logging_mixin.py:190} INFO - [2024-12-21T21:18:17.276+0000] {dagbag.py:588} INFO - Filling up the DagBag from /home/airflow/.local/lib/python3.12/site-packages/airflow/example_dags/example_bash_operator.py
[2024-12-21T21:18:17.310+0000] {processor.py:925} INFO - DAG(s) 'example_bash_operator' retrieved from /home/airflow/.local/lib/python3.12/site-packages/airflow/example_dags/example_bash_operator.py
[2024-12-21T21:18:17.380+0000] {logging_mixin.py:190} INFO - [2024-12-21T21:18:17.380+0000] {dag.py:3239} INFO - Sync 1 DAGs
[2024-12-21T21:18:17.444+0000] {logging_mixin.py:190} INFO - [2024-12-21T21:18:17.443+0000] {dag.py:4180} INFO - Setting next_dagrun for example_bash_operator to 2024-12-20 00:00:00+00:00, run_after=2024-12-21 00:00:00+00:00
[2024-12-21T21:18:17.484+0000] {processor.py:208} INFO - Processing /home/airflow/.local/lib/python3.12/site-packages/airflow/example_dags/example_bash_operator.py took 0.230 seconds
[2024-12-21T21:18:47.922+0000] {processor.py:186} INFO - Started process (PID=4521) to work on /home/airflow/.local/lib/python3.12/site-packages/airflow/example_dags/example_bash_operator.py
[2024-12-21T21:18:47.925+0000] {processor.py:914} INFO - Processing file /home/airflow/.local/lib/python3.12/site-packages/airflow/example_dags/example_bash_operator.py for tasks to queue
[2024-12-21T21:18:47.931+0000] {logging_mixin.py:190} INFO - [2024-12-21T21:18:47.930+0000] {dagbag.py:588} INFO - Filling up the DagBag from /home/airflow/.local/lib/python3.12/site-packages/airflow/example_dags/example_bash_operator.py
[2024-12-21T21:18:47.970+0000] {processor.py:925} INFO - DAG(s) 'example_bash_operator' retrieved from /home/airflow/.local/lib/python3.12/site-packages/airflow/example_dags/example_bash_operator.py
[2024-12-21T21:18:48.052+0000] {logging_mixin.py:190} INFO - [2024-12-21T21:18:48.052+0000] {dag.py:3239} INFO - Sync 1 DAGs
[2024-12-21T21:18:48.124+0000] {logging_mixin.py:190} INFO - [2024-12-21T21:18:48.123+0000] {dag.py:4180} INFO - Setting next_dagrun for example_bash_operator to 2024-12-20 00:00:00+00:00, run_after=2024-12-21 00:00:00+00:00
[2024-12-21T21:18:48.180+0000] {processor.py:208} INFO - Processing /home/airflow/.local/lib/python3.12/site-packages/airflow/example_dags/example_bash_operator.py took 0.275 seconds
[2024-12-21T21:19:18.943+0000] {processor.py:186} INFO - Started process (PID=4812) to work on /home/airflow/.local/lib/python3.12/site-packages/airflow/example_dags/example_bash_operator.py
[2024-12-21T21:19:18.945+0000] {processor.py:914} INFO - Processing file /home/airflow/.local/lib/python3.12/site-packages/airflow/example_dags/example_bash_operator.py for tasks to queue
[2024-12-21T21:19:18.951+0000] {logging_mixin.py:190} INFO - [2024-12-21T21:19:18.950+0000] {dagbag.py:588} INFO - Filling up the DagBag from /home/airflow/.local/lib/python3.12/site-packages/airflow/example_dags/example_bash_operator.py
[2024-12-21T21:19:18.978+0000] {processor.py:925} INFO - DAG(s) 'example_bash_operator' retrieved from /home/airflow/.local/lib/python3.12/site-packages/airflow/example_dags/example_bash_operator.py
[2024-12-21T21:19:19.036+0000] {logging_mixin.py:190} INFO - [2024-12-21T21:19:19.035+0000] {dag.py:3239} INFO - Sync 1 DAGs
[2024-12-21T21:19:19.084+0000] {logging_mixin.py:190} INFO - [2024-12-21T21:19:19.084+0000] {dag.py:4180} INFO - Setting next_dagrun for example_bash_operator to 2024-12-20 00:00:00+00:00, run_after=2024-12-21 00:00:00+00:00
[2024-12-21T21:19:19.153+0000] {processor.py:208} INFO - Processing /home/airflow/.local/lib/python3.12/site-packages/airflow/example_dags/example_bash_operator.py took 0.225 seconds
[2024-12-21T21:19:50.420+0000] {processor.py:186} INFO - Started process (PID=5108) to work on /home/airflow/.local/lib/python3.12/site-packages/airflow/example_dags/example_bash_operator.py
[2024-12-21T21:19:50.422+0000] {processor.py:914} INFO - Processing file /home/airflow/.local/lib/python3.12/site-packages/airflow/example_dags/example_bash_operator.py for tasks to queue
[2024-12-21T21:19:50.426+0000] {logging_mixin.py:190} INFO - [2024-12-21T21:19:50.426+0000] {dagbag.py:588} INFO - Filling up the DagBag from /home/airflow/.local/lib/python3.12/site-packages/airflow/example_dags/example_bash_operator.py
[2024-12-21T21:19:50.450+0000] {processor.py:925} INFO - DAG(s) 'example_bash_operator' retrieved from /home/airflow/.local/lib/python3.12/site-packages/airflow/example_dags/example_bash_operator.py
[2024-12-21T21:19:50.504+0000] {logging_mixin.py:190} INFO - [2024-12-21T21:19:50.503+0000] {dag.py:3239} INFO - Sync 1 DAGs
[2024-12-21T21:19:50.553+0000] {logging_mixin.py:190} INFO - [2024-12-21T21:19:50.552+0000] {dag.py:4180} INFO - Setting next_dagrun for example_bash_operator to 2024-12-20 00:00:00+00:00, run_after=2024-12-21 00:00:00+00:00
[2024-12-21T21:19:50.594+0000] {processor.py:208} INFO - Processing /home/airflow/.local/lib/python3.12/site-packages/airflow/example_dags/example_bash_operator.py took 0.185 seconds
[2024-12-21T21:20:20.817+0000] {processor.py:186} INFO - Started process (PID=5398) to work on /home/airflow/.local/lib/python3.12/site-packages/airflow/example_dags/example_bash_operator.py
[2024-12-21T21:20:20.819+0000] {processor.py:914} INFO - Processing file /home/airflow/.local/lib/python3.12/site-packages/airflow/example_dags/example_bash_operator.py for tasks to queue
[2024-12-21T21:20:20.824+0000] {logging_mixin.py:190} INFO - [2024-12-21T21:20:20.824+0000] {dagbag.py:588} INFO - Filling up the DagBag from /home/airflow/.local/lib/python3.12/site-packages/airflow/example_dags/example_bash_operator.py
[2024-12-21T21:20:20.852+0000] {processor.py:925} INFO - DAG(s) 'example_bash_operator' retrieved from /home/airflow/.local/lib/python3.12/site-packages/airflow/example_dags/example_bash_operator.py
[2024-12-21T21:20:20.912+0000] {logging_mixin.py:190} INFO - [2024-12-21T21:20:20.911+0000] {dag.py:3239} INFO - Sync 1 DAGs
[2024-12-21T21:20:20.963+0000] {logging_mixin.py:190} INFO - [2024-12-21T21:20:20.963+0000] {dag.py:4180} INFO - Setting next_dagrun for example_bash_operator to 2024-12-20 00:00:00+00:00, run_after=2024-12-21 00:00:00+00:00
[2024-12-21T21:20:21.027+0000] {processor.py:208} INFO - Processing /home/airflow/.local/lib/python3.12/site-packages/airflow/example_dags/example_bash_operator.py took 0.224 seconds
[2024-12-21T21:20:51.151+0000] {processor.py:186} INFO - Started process (PID=5691) to work on /home/airflow/.local/lib/python3.12/site-packages/airflow/example_dags/example_bash_operator.py
[2024-12-21T21:20:51.154+0000] {processor.py:914} INFO - Processing file /home/airflow/.local/lib/python3.12/site-packages/airflow/example_dags/example_bash_operator.py for tasks to queue
[2024-12-21T21:20:51.159+0000] {logging_mixin.py:190} INFO - [2024-12-21T21:20:51.159+0000] {dagbag.py:588} INFO - Filling up the DagBag from /home/airflow/.local/lib/python3.12/site-packages/airflow/example_dags/example_bash_operator.py
[2024-12-21T21:20:51.190+0000] {processor.py:925} INFO - DAG(s) 'example_bash_operator' retrieved from /home/airflow/.local/lib/python3.12/site-packages/airflow/example_dags/example_bash_operator.py
[2024-12-21T21:20:51.248+0000] {logging_mixin.py:190} INFO - [2024-12-21T21:20:51.247+0000] {dag.py:3239} INFO - Sync 1 DAGs
[2024-12-21T21:20:51.315+0000] {logging_mixin.py:190} INFO - [2024-12-21T21:20:51.313+0000] {dag.py:4180} INFO - Setting next_dagrun for example_bash_operator to 2024-12-20 00:00:00+00:00, run_after=2024-12-21 00:00:00+00:00
[2024-12-21T21:20:51.384+0000] {processor.py:208} INFO - Processing /home/airflow/.local/lib/python3.12/site-packages/airflow/example_dags/example_bash_operator.py took 0.246 seconds
[2024-12-21T21:21:22.144+0000] {processor.py:186} INFO - Started process (PID=5988) to work on /home/airflow/.local/lib/python3.12/site-packages/airflow/example_dags/example_bash_operator.py
[2024-12-21T21:21:22.146+0000] {processor.py:914} INFO - Processing file /home/airflow/.local/lib/python3.12/site-packages/airflow/example_dags/example_bash_operator.py for tasks to queue
[2024-12-21T21:21:22.152+0000] {logging_mixin.py:190} INFO - [2024-12-21T21:21:22.152+0000] {dagbag.py:588} INFO - Filling up the DagBag from /home/airflow/.local/lib/python3.12/site-packages/airflow/example_dags/example_bash_operator.py
[2024-12-21T21:21:22.185+0000] {processor.py:925} INFO - DAG(s) 'example_bash_operator' retrieved from /home/airflow/.local/lib/python3.12/site-packages/airflow/example_dags/example_bash_operator.py
[2024-12-21T21:21:22.262+0000] {logging_mixin.py:190} INFO - [2024-12-21T21:21:22.261+0000] {dag.py:3239} INFO - Sync 1 DAGs
[2024-12-21T21:21:22.326+0000] {logging_mixin.py:190} INFO - [2024-12-21T21:21:22.326+0000] {dag.py:4180} INFO - Setting next_dagrun for example_bash_operator to 2024-12-20 00:00:00+00:00, run_after=2024-12-21 00:00:00+00:00
[2024-12-21T21:21:22.373+0000] {processor.py:208} INFO - Processing /home/airflow/.local/lib/python3.12/site-packages/airflow/example_dags/example_bash_operator.py took 0.247 seconds
[2024-12-21T21:21:52.955+0000] {processor.py:186} INFO - Started process (PID=6284) to work on /home/airflow/.local/lib/python3.12/site-packages/airflow/example_dags/example_bash_operator.py
[2024-12-21T21:21:52.982+0000] {processor.py:914} INFO - Processing file /home/airflow/.local/lib/python3.12/site-packages/airflow/example_dags/example_bash_operator.py for tasks to queue
[2024-12-21T21:21:52.987+0000] {logging_mixin.py:190} INFO - [2024-12-21T21:21:52.986+0000] {dagbag.py:588} INFO - Filling up the DagBag from /home/airflow/.local/lib/python3.12/site-packages/airflow/example_dags/example_bash_operator.py
[2024-12-21T21:21:53.014+0000] {processor.py:925} INFO - DAG(s) 'example_bash_operator' retrieved from /home/airflow/.local/lib/python3.12/site-packages/airflow/example_dags/example_bash_operator.py
[2024-12-21T21:21:53.087+0000] {logging_mixin.py:190} INFO - [2024-12-21T21:21:53.086+0000] {dag.py:3239} INFO - Sync 1 DAGs
[2024-12-21T21:21:53.158+0000] {logging_mixin.py:190} INFO - [2024-12-21T21:21:53.157+0000] {dag.py:4180} INFO - Setting next_dagrun for example_bash_operator to 2024-12-20 00:00:00+00:00, run_after=2024-12-21 00:00:00+00:00
[2024-12-21T21:21:53.199+0000] {processor.py:208} INFO - Processing /home/airflow/.local/lib/python3.12/site-packages/airflow/example_dags/example_bash_operator.py took 0.255 seconds
[2024-12-21T21:22:23.338+0000] {processor.py:186} INFO - Started process (PID=6580) to work on /home/airflow/.local/lib/python3.12/site-packages/airflow/example_dags/example_bash_operator.py
[2024-12-21T21:22:23.340+0000] {processor.py:914} INFO - Processing file /home/airflow/.local/lib/python3.12/site-packages/airflow/example_dags/example_bash_operator.py for tasks to queue
[2024-12-21T21:22:23.344+0000] {logging_mixin.py:190} INFO - [2024-12-21T21:22:23.343+0000] {dagbag.py:588} INFO - Filling up the DagBag from /home/airflow/.local/lib/python3.12/site-packages/airflow/example_dags/example_bash_operator.py
[2024-12-21T21:22:23.372+0000] {processor.py:925} INFO - DAG(s) 'example_bash_operator' retrieved from /home/airflow/.local/lib/python3.12/site-packages/airflow/example_dags/example_bash_operator.py
[2024-12-21T21:22:23.436+0000] {logging_mixin.py:190} INFO - [2024-12-21T21:22:23.435+0000] {dag.py:3239} INFO - Sync 1 DAGs
[2024-12-21T21:22:23.497+0000] {logging_mixin.py:190} INFO - [2024-12-21T21:22:23.496+0000] {dag.py:4180} INFO - Setting next_dagrun for example_bash_operator to 2024-12-20 00:00:00+00:00, run_after=2024-12-21 00:00:00+00:00
[2024-12-21T21:22:23.539+0000] {processor.py:208} INFO - Processing /home/airflow/.local/lib/python3.12/site-packages/airflow/example_dags/example_bash_operator.py took 0.215 seconds
[2024-12-21T21:22:53.776+0000] {processor.py:186} INFO - Started process (PID=6876) to work on /home/airflow/.local/lib/python3.12/site-packages/airflow/example_dags/example_bash_operator.py
[2024-12-21T21:22:53.778+0000] {processor.py:914} INFO - Processing file /home/airflow/.local/lib/python3.12/site-packages/airflow/example_dags/example_bash_operator.py for tasks to queue
[2024-12-21T21:22:53.783+0000] {logging_mixin.py:190} INFO - [2024-12-21T21:22:53.783+0000] {dagbag.py:588} INFO - Filling up the DagBag from /home/airflow/.local/lib/python3.12/site-packages/airflow/example_dags/example_bash_operator.py
[2024-12-21T21:22:53.813+0000] {processor.py:925} INFO - DAG(s) 'example_bash_operator' retrieved from /home/airflow/.local/lib/python3.12/site-packages/airflow/example_dags/example_bash_operator.py
[2024-12-21T21:22:53.901+0000] {logging_mixin.py:190} INFO - [2024-12-21T21:22:53.900+0000] {dag.py:3239} INFO - Sync 1 DAGs
[2024-12-21T21:22:53.963+0000] {logging_mixin.py:190} INFO - [2024-12-21T21:22:53.963+0000] {dag.py:4180} INFO - Setting next_dagrun for example_bash_operator to 2024-12-20 00:00:00+00:00, run_after=2024-12-21 00:00:00+00:00
[2024-12-21T21:22:54.002+0000] {processor.py:208} INFO - Processing /home/airflow/.local/lib/python3.12/site-packages/airflow/example_dags/example_bash_operator.py took 0.242 seconds
[2024-12-21T21:23:24.341+0000] {processor.py:186} INFO - Started process (PID=7178) to work on /home/airflow/.local/lib/python3.12/site-packages/airflow/example_dags/example_bash_operator.py
[2024-12-21T21:23:24.344+0000] {processor.py:914} INFO - Processing file /home/airflow/.local/lib/python3.12/site-packages/airflow/example_dags/example_bash_operator.py for tasks to queue
[2024-12-21T21:23:24.349+0000] {logging_mixin.py:190} INFO - [2024-12-21T21:23:24.348+0000] {dagbag.py:588} INFO - Filling up the DagBag from /home/airflow/.local/lib/python3.12/site-packages/airflow/example_dags/example_bash_operator.py
[2024-12-21T21:23:24.389+0000] {processor.py:925} INFO - DAG(s) 'example_bash_operator' retrieved from /home/airflow/.local/lib/python3.12/site-packages/airflow/example_dags/example_bash_operator.py
[2024-12-21T21:23:24.462+0000] {logging_mixin.py:190} INFO - [2024-12-21T21:23:24.461+0000] {dag.py:3239} INFO - Sync 1 DAGs
[2024-12-21T21:23:24.518+0000] {logging_mixin.py:190} INFO - [2024-12-21T21:23:24.517+0000] {dag.py:4180} INFO - Setting next_dagrun for example_bash_operator to 2024-12-20 00:00:00+00:00, run_after=2024-12-21 00:00:00+00:00
[2024-12-21T21:23:24.559+0000] {processor.py:208} INFO - Processing /home/airflow/.local/lib/python3.12/site-packages/airflow/example_dags/example_bash_operator.py took 0.232 seconds
[2024-12-21T21:23:54.825+0000] {processor.py:186} INFO - Started process (PID=7474) to work on /home/airflow/.local/lib/python3.12/site-packages/airflow/example_dags/example_bash_operator.py
[2024-12-21T21:23:54.827+0000] {processor.py:914} INFO - Processing file /home/airflow/.local/lib/python3.12/site-packages/airflow/example_dags/example_bash_operator.py for tasks to queue
[2024-12-21T21:23:54.832+0000] {logging_mixin.py:190} INFO - [2024-12-21T21:23:54.831+0000] {dagbag.py:588} INFO - Filling up the DagBag from /home/airflow/.local/lib/python3.12/site-packages/airflow/example_dags/example_bash_operator.py
[2024-12-21T21:23:54.863+0000] {processor.py:925} INFO - DAG(s) 'example_bash_operator' retrieved from /home/airflow/.local/lib/python3.12/site-packages/airflow/example_dags/example_bash_operator.py
[2024-12-21T21:23:54.928+0000] {logging_mixin.py:190} INFO - [2024-12-21T21:23:54.927+0000] {dag.py:3239} INFO - Sync 1 DAGs
[2024-12-21T21:23:54.981+0000] {logging_mixin.py:190} INFO - [2024-12-21T21:23:54.980+0000] {dag.py:4180} INFO - Setting next_dagrun for example_bash_operator to 2024-12-20 00:00:00+00:00, run_after=2024-12-21 00:00:00+00:00
[2024-12-21T21:23:55.022+0000] {processor.py:208} INFO - Processing /home/airflow/.local/lib/python3.12/site-packages/airflow/example_dags/example_bash_operator.py took 0.215 seconds
[2024-12-21T21:24:25.217+0000] {processor.py:186} INFO - Started process (PID=7765) to work on /home/airflow/.local/lib/python3.12/site-packages/airflow/example_dags/example_bash_operator.py
[2024-12-21T21:24:25.220+0000] {processor.py:914} INFO - Processing file /home/airflow/.local/lib/python3.12/site-packages/airflow/example_dags/example_bash_operator.py for tasks to queue
[2024-12-21T21:24:25.225+0000] {logging_mixin.py:190} INFO - [2024-12-21T21:24:25.224+0000] {dagbag.py:588} INFO - Filling up the DagBag from /home/airflow/.local/lib/python3.12/site-packages/airflow/example_dags/example_bash_operator.py
[2024-12-21T21:24:25.260+0000] {processor.py:925} INFO - DAG(s) 'example_bash_operator' retrieved from /home/airflow/.local/lib/python3.12/site-packages/airflow/example_dags/example_bash_operator.py
[2024-12-21T21:24:25.339+0000] {logging_mixin.py:190} INFO - [2024-12-21T21:24:25.338+0000] {dag.py:3239} INFO - Sync 1 DAGs
[2024-12-21T21:24:25.423+0000] {logging_mixin.py:190} INFO - [2024-12-21T21:24:25.423+0000] {dag.py:4180} INFO - Setting next_dagrun for example_bash_operator to 2024-12-20 00:00:00+00:00, run_after=2024-12-21 00:00:00+00:00
[2024-12-21T21:24:25.482+0000] {processor.py:208} INFO - Processing /home/airflow/.local/lib/python3.12/site-packages/airflow/example_dags/example_bash_operator.py took 0.282 seconds
[2024-12-21T21:26:36.904+0000] {processor.py:186} INFO - Started process (PID=381) to work on /home/airflow/.local/lib/python3.12/site-packages/airflow/example_dags/example_bash_operator.py
[2024-12-21T21:26:36.906+0000] {processor.py:914} INFO - Processing file /home/airflow/.local/lib/python3.12/site-packages/airflow/example_dags/example_bash_operator.py for tasks to queue
[2024-12-21T21:26:36.911+0000] {logging_mixin.py:190} INFO - [2024-12-21T21:26:36.910+0000] {dagbag.py:588} INFO - Filling up the DagBag from /home/airflow/.local/lib/python3.12/site-packages/airflow/example_dags/example_bash_operator.py
[2024-12-21T21:26:36.940+0000] {processor.py:925} INFO - DAG(s) 'example_bash_operator' retrieved from /home/airflow/.local/lib/python3.12/site-packages/airflow/example_dags/example_bash_operator.py
[2024-12-21T21:26:37.018+0000] {logging_mixin.py:190} INFO - [2024-12-21T21:26:37.017+0000] {dag.py:3239} INFO - Sync 1 DAGs
[2024-12-21T21:26:37.074+0000] {logging_mixin.py:190} INFO - [2024-12-21T21:26:37.073+0000] {dag.py:4180} INFO - Setting next_dagrun for example_bash_operator to 2024-12-20 00:00:00+00:00, run_after=2024-12-21 00:00:00+00:00
[2024-12-21T21:26:37.113+0000] {processor.py:208} INFO - Processing /home/airflow/.local/lib/python3.12/site-packages/airflow/example_dags/example_bash_operator.py took 0.219 seconds
[2024-12-21T21:27:08.861+0000] {processor.py:186} INFO - Started process (PID=677) to work on /home/airflow/.local/lib/python3.12/site-packages/airflow/example_dags/example_bash_operator.py
[2024-12-21T21:27:08.864+0000] {processor.py:914} INFO - Processing file /home/airflow/.local/lib/python3.12/site-packages/airflow/example_dags/example_bash_operator.py for tasks to queue
[2024-12-21T21:27:08.868+0000] {logging_mixin.py:190} INFO - [2024-12-21T21:27:08.868+0000] {dagbag.py:588} INFO - Filling up the DagBag from /home/airflow/.local/lib/python3.12/site-packages/airflow/example_dags/example_bash_operator.py
[2024-12-21T21:27:08.909+0000] {processor.py:925} INFO - DAG(s) 'example_bash_operator' retrieved from /home/airflow/.local/lib/python3.12/site-packages/airflow/example_dags/example_bash_operator.py
[2024-12-21T21:27:08.970+0000] {logging_mixin.py:190} INFO - [2024-12-21T21:27:08.970+0000] {dag.py:3239} INFO - Sync 1 DAGs
[2024-12-21T21:27:09.026+0000] {logging_mixin.py:190} INFO - [2024-12-21T21:27:09.026+0000] {dag.py:4180} INFO - Setting next_dagrun for example_bash_operator to 2024-12-20 00:00:00+00:00, run_after=2024-12-21 00:00:00+00:00
[2024-12-21T21:27:09.070+0000] {processor.py:208} INFO - Processing /home/airflow/.local/lib/python3.12/site-packages/airflow/example_dags/example_bash_operator.py took 0.219 seconds
[2024-12-21T21:27:40.904+0000] {processor.py:186} INFO - Started process (PID=973) to work on /home/airflow/.local/lib/python3.12/site-packages/airflow/example_dags/example_bash_operator.py
[2024-12-21T21:27:40.906+0000] {processor.py:914} INFO - Processing file /home/airflow/.local/lib/python3.12/site-packages/airflow/example_dags/example_bash_operator.py for tasks to queue
[2024-12-21T21:27:40.911+0000] {logging_mixin.py:190} INFO - [2024-12-21T21:27:40.910+0000] {dagbag.py:588} INFO - Filling up the DagBag from /home/airflow/.local/lib/python3.12/site-packages/airflow/example_dags/example_bash_operator.py
[2024-12-21T21:27:40.936+0000] {processor.py:925} INFO - DAG(s) 'example_bash_operator' retrieved from /home/airflow/.local/lib/python3.12/site-packages/airflow/example_dags/example_bash_operator.py
[2024-12-21T21:27:40.991+0000] {logging_mixin.py:190} INFO - [2024-12-21T21:27:40.991+0000] {dag.py:3239} INFO - Sync 1 DAGs
[2024-12-21T21:27:41.041+0000] {logging_mixin.py:190} INFO - [2024-12-21T21:27:41.040+0000] {dag.py:4180} INFO - Setting next_dagrun for example_bash_operator to 2024-12-20 00:00:00+00:00, run_after=2024-12-21 00:00:00+00:00
[2024-12-21T21:27:41.077+0000] {processor.py:208} INFO - Processing /home/airflow/.local/lib/python3.12/site-packages/airflow/example_dags/example_bash_operator.py took 0.183 seconds
[2024-12-21T21:28:12.592+0000] {processor.py:186} INFO - Started process (PID=1269) to work on /home/airflow/.local/lib/python3.12/site-packages/airflow/example_dags/example_bash_operator.py
[2024-12-21T21:28:12.594+0000] {processor.py:914} INFO - Processing file /home/airflow/.local/lib/python3.12/site-packages/airflow/example_dags/example_bash_operator.py for tasks to queue
[2024-12-21T21:28:12.599+0000] {logging_mixin.py:190} INFO - [2024-12-21T21:28:12.598+0000] {dagbag.py:588} INFO - Filling up the DagBag from /home/airflow/.local/lib/python3.12/site-packages/airflow/example_dags/example_bash_operator.py
[2024-12-21T21:28:12.632+0000] {processor.py:925} INFO - DAG(s) 'example_bash_operator' retrieved from /home/airflow/.local/lib/python3.12/site-packages/airflow/example_dags/example_bash_operator.py
[2024-12-21T21:28:12.695+0000] {logging_mixin.py:190} INFO - [2024-12-21T21:28:12.694+0000] {dag.py:3239} INFO - Sync 1 DAGs
[2024-12-21T21:28:12.761+0000] {logging_mixin.py:190} INFO - [2024-12-21T21:28:12.761+0000] {dag.py:4180} INFO - Setting next_dagrun for example_bash_operator to 2024-12-20 00:00:00+00:00, run_after=2024-12-21 00:00:00+00:00
[2024-12-21T21:28:12.811+0000] {processor.py:208} INFO - Processing /home/airflow/.local/lib/python3.12/site-packages/airflow/example_dags/example_bash_operator.py took 0.232 seconds
[2024-12-21T21:28:44.394+0000] {processor.py:186} INFO - Started process (PID=1565) to work on /home/airflow/.local/lib/python3.12/site-packages/airflow/example_dags/example_bash_operator.py
[2024-12-21T21:28:44.396+0000] {processor.py:914} INFO - Processing file /home/airflow/.local/lib/python3.12/site-packages/airflow/example_dags/example_bash_operator.py for tasks to queue
[2024-12-21T21:28:44.400+0000] {logging_mixin.py:190} INFO - [2024-12-21T21:28:44.400+0000] {dagbag.py:588} INFO - Filling up the DagBag from /home/airflow/.local/lib/python3.12/site-packages/airflow/example_dags/example_bash_operator.py
[2024-12-21T21:28:44.425+0000] {processor.py:925} INFO - DAG(s) 'example_bash_operator' retrieved from /home/airflow/.local/lib/python3.12/site-packages/airflow/example_dags/example_bash_operator.py
[2024-12-21T21:28:44.482+0000] {logging_mixin.py:190} INFO - [2024-12-21T21:28:44.482+0000] {dag.py:3239} INFO - Sync 1 DAGs
[2024-12-21T21:28:44.534+0000] {logging_mixin.py:190} INFO - [2024-12-21T21:28:44.533+0000] {dag.py:4180} INFO - Setting next_dagrun for example_bash_operator to 2024-12-20 00:00:00+00:00, run_after=2024-12-21 00:00:00+00:00
[2024-12-21T21:28:44.574+0000] {processor.py:208} INFO - Processing /home/airflow/.local/lib/python3.12/site-packages/airflow/example_dags/example_bash_operator.py took 0.190 seconds
[2024-12-21T21:29:16.090+0000] {processor.py:186} INFO - Started process (PID=1863) to work on /home/airflow/.local/lib/python3.12/site-packages/airflow/example_dags/example_bash_operator.py
[2024-12-21T21:29:16.092+0000] {processor.py:914} INFO - Processing file /home/airflow/.local/lib/python3.12/site-packages/airflow/example_dags/example_bash_operator.py for tasks to queue
[2024-12-21T21:29:16.096+0000] {logging_mixin.py:190} INFO - [2024-12-21T21:29:16.096+0000] {dagbag.py:588} INFO - Filling up the DagBag from /home/airflow/.local/lib/python3.12/site-packages/airflow/example_dags/example_bash_operator.py
[2024-12-21T21:29:16.124+0000] {processor.py:925} INFO - DAG(s) 'example_bash_operator' retrieved from /home/airflow/.local/lib/python3.12/site-packages/airflow/example_dags/example_bash_operator.py
[2024-12-21T21:29:16.184+0000] {logging_mixin.py:190} INFO - [2024-12-21T21:29:16.183+0000] {dag.py:3239} INFO - Sync 1 DAGs
[2024-12-21T21:29:16.241+0000] {logging_mixin.py:190} INFO - [2024-12-21T21:29:16.240+0000] {dag.py:4180} INFO - Setting next_dagrun for example_bash_operator to 2024-12-20 00:00:00+00:00, run_after=2024-12-21 00:00:00+00:00
[2024-12-21T21:29:16.280+0000] {processor.py:208} INFO - Processing /home/airflow/.local/lib/python3.12/site-packages/airflow/example_dags/example_bash_operator.py took 0.202 seconds
[2024-12-21T21:29:47.906+0000] {processor.py:186} INFO - Started process (PID=2158) to work on /home/airflow/.local/lib/python3.12/site-packages/airflow/example_dags/example_bash_operator.py
[2024-12-21T21:29:47.908+0000] {processor.py:914} INFO - Processing file /home/airflow/.local/lib/python3.12/site-packages/airflow/example_dags/example_bash_operator.py for tasks to queue
[2024-12-21T21:29:47.913+0000] {logging_mixin.py:190} INFO - [2024-12-21T21:29:47.912+0000] {dagbag.py:588} INFO - Filling up the DagBag from /home/airflow/.local/lib/python3.12/site-packages/airflow/example_dags/example_bash_operator.py
[2024-12-21T21:29:47.937+0000] {processor.py:925} INFO - DAG(s) 'example_bash_operator' retrieved from /home/airflow/.local/lib/python3.12/site-packages/airflow/example_dags/example_bash_operator.py
[2024-12-21T21:29:47.988+0000] {logging_mixin.py:190} INFO - [2024-12-21T21:29:47.988+0000] {dag.py:3239} INFO - Sync 1 DAGs
[2024-12-21T21:29:48.042+0000] {logging_mixin.py:190} INFO - [2024-12-21T21:29:48.042+0000] {dag.py:4180} INFO - Setting next_dagrun for example_bash_operator to 2024-12-20 00:00:00+00:00, run_after=2024-12-21 00:00:00+00:00
[2024-12-21T21:29:48.082+0000] {processor.py:208} INFO - Processing /home/airflow/.local/lib/python3.12/site-packages/airflow/example_dags/example_bash_operator.py took 0.185 seconds
[2024-12-21T21:30:19.572+0000] {processor.py:186} INFO - Started process (PID=2454) to work on /home/airflow/.local/lib/python3.12/site-packages/airflow/example_dags/example_bash_operator.py
[2024-12-21T21:30:19.574+0000] {processor.py:914} INFO - Processing file /home/airflow/.local/lib/python3.12/site-packages/airflow/example_dags/example_bash_operator.py for tasks to queue
[2024-12-21T21:30:19.578+0000] {logging_mixin.py:190} INFO - [2024-12-21T21:30:19.578+0000] {dagbag.py:588} INFO - Filling up the DagBag from /home/airflow/.local/lib/python3.12/site-packages/airflow/example_dags/example_bash_operator.py
[2024-12-21T21:30:19.610+0000] {processor.py:925} INFO - DAG(s) 'example_bash_operator' retrieved from /home/airflow/.local/lib/python3.12/site-packages/airflow/example_dags/example_bash_operator.py
[2024-12-21T21:30:19.673+0000] {logging_mixin.py:190} INFO - [2024-12-21T21:30:19.672+0000] {dag.py:3239} INFO - Sync 1 DAGs
[2024-12-21T21:30:19.727+0000] {logging_mixin.py:190} INFO - [2024-12-21T21:30:19.727+0000] {dag.py:4180} INFO - Setting next_dagrun for example_bash_operator to 2024-12-20 00:00:00+00:00, run_after=2024-12-21 00:00:00+00:00
[2024-12-21T21:30:19.768+0000] {processor.py:208} INFO - Processing /home/airflow/.local/lib/python3.12/site-packages/airflow/example_dags/example_bash_operator.py took 0.208 seconds
[2024-12-21T21:30:51.232+0000] {processor.py:186} INFO - Started process (PID=2750) to work on /home/airflow/.local/lib/python3.12/site-packages/airflow/example_dags/example_bash_operator.py
[2024-12-21T21:30:51.235+0000] {processor.py:914} INFO - Processing file /home/airflow/.local/lib/python3.12/site-packages/airflow/example_dags/example_bash_operator.py for tasks to queue
[2024-12-21T21:30:51.240+0000] {logging_mixin.py:190} INFO - [2024-12-21T21:30:51.239+0000] {dagbag.py:588} INFO - Filling up the DagBag from /home/airflow/.local/lib/python3.12/site-packages/airflow/example_dags/example_bash_operator.py
[2024-12-21T21:30:51.276+0000] {processor.py:925} INFO - DAG(s) 'example_bash_operator' retrieved from /home/airflow/.local/lib/python3.12/site-packages/airflow/example_dags/example_bash_operator.py
[2024-12-21T21:30:51.336+0000] {logging_mixin.py:190} INFO - [2024-12-21T21:30:51.335+0000] {dag.py:3239} INFO - Sync 1 DAGs
[2024-12-21T21:30:51.394+0000] {logging_mixin.py:190} INFO - [2024-12-21T21:30:51.393+0000] {dag.py:4180} INFO - Setting next_dagrun for example_bash_operator to 2024-12-20 00:00:00+00:00, run_after=2024-12-21 00:00:00+00:00
[2024-12-21T21:30:51.437+0000] {processor.py:208} INFO - Processing /home/airflow/.local/lib/python3.12/site-packages/airflow/example_dags/example_bash_operator.py took 0.218 seconds
[2024-12-21T21:31:22.861+0000] {processor.py:186} INFO - Started process (PID=3046) to work on /home/airflow/.local/lib/python3.12/site-packages/airflow/example_dags/example_bash_operator.py
[2024-12-21T21:31:22.864+0000] {processor.py:914} INFO - Processing file /home/airflow/.local/lib/python3.12/site-packages/airflow/example_dags/example_bash_operator.py for tasks to queue
[2024-12-21T21:31:22.868+0000] {logging_mixin.py:190} INFO - [2024-12-21T21:31:22.867+0000] {dagbag.py:588} INFO - Filling up the DagBag from /home/airflow/.local/lib/python3.12/site-packages/airflow/example_dags/example_bash_operator.py
[2024-12-21T21:31:22.894+0000] {processor.py:925} INFO - DAG(s) 'example_bash_operator' retrieved from /home/airflow/.local/lib/python3.12/site-packages/airflow/example_dags/example_bash_operator.py
[2024-12-21T21:31:22.956+0000] {logging_mixin.py:190} INFO - [2024-12-21T21:31:22.955+0000] {dag.py:3239} INFO - Sync 1 DAGs
[2024-12-21T21:31:23.016+0000] {logging_mixin.py:190} INFO - [2024-12-21T21:31:23.015+0000] {dag.py:4180} INFO - Setting next_dagrun for example_bash_operator to 2024-12-20 00:00:00+00:00, run_after=2024-12-21 00:00:00+00:00
[2024-12-21T21:31:23.081+0000] {processor.py:208} INFO - Processing /home/airflow/.local/lib/python3.12/site-packages/airflow/example_dags/example_bash_operator.py took 0.231 seconds
[2024-12-21T21:31:55.106+0000] {processor.py:186} INFO - Started process (PID=3343) to work on /home/airflow/.local/lib/python3.12/site-packages/airflow/example_dags/example_bash_operator.py
[2024-12-21T21:31:55.108+0000] {processor.py:914} INFO - Processing file /home/airflow/.local/lib/python3.12/site-packages/airflow/example_dags/example_bash_operator.py for tasks to queue
[2024-12-21T21:31:55.113+0000] {logging_mixin.py:190} INFO - [2024-12-21T21:31:55.112+0000] {dagbag.py:588} INFO - Filling up the DagBag from /home/airflow/.local/lib/python3.12/site-packages/airflow/example_dags/example_bash_operator.py
[2024-12-21T21:31:55.138+0000] {processor.py:925} INFO - DAG(s) 'example_bash_operator' retrieved from /home/airflow/.local/lib/python3.12/site-packages/airflow/example_dags/example_bash_operator.py
[2024-12-21T21:31:55.198+0000] {logging_mixin.py:190} INFO - [2024-12-21T21:31:55.197+0000] {dag.py:3239} INFO - Sync 1 DAGs
[2024-12-21T21:31:55.250+0000] {logging_mixin.py:190} INFO - [2024-12-21T21:31:55.249+0000] {dag.py:4180} INFO - Setting next_dagrun for example_bash_operator to 2024-12-20 00:00:00+00:00, run_after=2024-12-21 00:00:00+00:00
[2024-12-21T21:31:55.291+0000] {processor.py:208} INFO - Processing /home/airflow/.local/lib/python3.12/site-packages/airflow/example_dags/example_bash_operator.py took 0.195 seconds
[2024-12-21T21:32:26.197+0000] {processor.py:186} INFO - Started process (PID=3634) to work on /home/airflow/.local/lib/python3.12/site-packages/airflow/example_dags/example_bash_operator.py
[2024-12-21T21:32:26.199+0000] {processor.py:914} INFO - Processing file /home/airflow/.local/lib/python3.12/site-packages/airflow/example_dags/example_bash_operator.py for tasks to queue
[2024-12-21T21:32:26.205+0000] {logging_mixin.py:190} INFO - [2024-12-21T21:32:26.205+0000] {dagbag.py:588} INFO - Filling up the DagBag from /home/airflow/.local/lib/python3.12/site-packages/airflow/example_dags/example_bash_operator.py
[2024-12-21T21:32:26.231+0000] {processor.py:925} INFO - DAG(s) 'example_bash_operator' retrieved from /home/airflow/.local/lib/python3.12/site-packages/airflow/example_dags/example_bash_operator.py
[2024-12-21T21:32:26.287+0000] {logging_mixin.py:190} INFO - [2024-12-21T21:32:26.287+0000] {dag.py:3239} INFO - Sync 1 DAGs
[2024-12-21T21:32:26.339+0000] {logging_mixin.py:190} INFO - [2024-12-21T21:32:26.339+0000] {dag.py:4180} INFO - Setting next_dagrun for example_bash_operator to 2024-12-20 00:00:00+00:00, run_after=2024-12-21 00:00:00+00:00
[2024-12-21T21:32:26.376+0000] {processor.py:208} INFO - Processing /home/airflow/.local/lib/python3.12/site-packages/airflow/example_dags/example_bash_operator.py took 0.193 seconds
[2024-12-21T21:32:57.020+0000] {processor.py:186} INFO - Started process (PID=3925) to work on /home/airflow/.local/lib/python3.12/site-packages/airflow/example_dags/example_bash_operator.py
[2024-12-21T21:32:57.022+0000] {processor.py:914} INFO - Processing file /home/airflow/.local/lib/python3.12/site-packages/airflow/example_dags/example_bash_operator.py for tasks to queue
[2024-12-21T21:32:57.027+0000] {logging_mixin.py:190} INFO - [2024-12-21T21:32:57.026+0000] {dagbag.py:588} INFO - Filling up the DagBag from /home/airflow/.local/lib/python3.12/site-packages/airflow/example_dags/example_bash_operator.py
[2024-12-21T21:32:57.054+0000] {processor.py:925} INFO - DAG(s) 'example_bash_operator' retrieved from /home/airflow/.local/lib/python3.12/site-packages/airflow/example_dags/example_bash_operator.py
[2024-12-21T21:32:57.114+0000] {logging_mixin.py:190} INFO - [2024-12-21T21:32:57.113+0000] {dag.py:3239} INFO - Sync 1 DAGs
[2024-12-21T21:32:57.170+0000] {logging_mixin.py:190} INFO - [2024-12-21T21:32:57.170+0000] {dag.py:4180} INFO - Setting next_dagrun for example_bash_operator to 2024-12-20 00:00:00+00:00, run_after=2024-12-21 00:00:00+00:00
[2024-12-21T21:32:57.216+0000] {processor.py:208} INFO - Processing /home/airflow/.local/lib/python3.12/site-packages/airflow/example_dags/example_bash_operator.py took 0.209 seconds
[2024-12-21T21:33:27.406+0000] {processor.py:186} INFO - Started process (PID=4218) to work on /home/airflow/.local/lib/python3.12/site-packages/airflow/example_dags/example_bash_operator.py
[2024-12-21T21:33:27.408+0000] {processor.py:914} INFO - Processing file /home/airflow/.local/lib/python3.12/site-packages/airflow/example_dags/example_bash_operator.py for tasks to queue
[2024-12-21T21:33:27.411+0000] {logging_mixin.py:190} INFO - [2024-12-21T21:33:27.411+0000] {dagbag.py:588} INFO - Filling up the DagBag from /home/airflow/.local/lib/python3.12/site-packages/airflow/example_dags/example_bash_operator.py
[2024-12-21T21:33:27.442+0000] {processor.py:925} INFO - DAG(s) 'example_bash_operator' retrieved from /home/airflow/.local/lib/python3.12/site-packages/airflow/example_dags/example_bash_operator.py
[2024-12-21T21:33:27.509+0000] {logging_mixin.py:190} INFO - [2024-12-21T21:33:27.509+0000] {dag.py:3239} INFO - Sync 1 DAGs
[2024-12-21T21:33:27.565+0000] {logging_mixin.py:190} INFO - [2024-12-21T21:33:27.565+0000] {dag.py:4180} INFO - Setting next_dagrun for example_bash_operator to 2024-12-20 00:00:00+00:00, run_after=2024-12-21 00:00:00+00:00
[2024-12-21T21:33:27.634+0000] {processor.py:208} INFO - Processing /home/airflow/.local/lib/python3.12/site-packages/airflow/example_dags/example_bash_operator.py took 0.241 seconds
[2024-12-21T21:33:58.171+0000] {processor.py:186} INFO - Started process (PID=4512) to work on /home/airflow/.local/lib/python3.12/site-packages/airflow/example_dags/example_bash_operator.py
[2024-12-21T21:33:58.173+0000] {processor.py:914} INFO - Processing file /home/airflow/.local/lib/python3.12/site-packages/airflow/example_dags/example_bash_operator.py for tasks to queue
[2024-12-21T21:33:58.177+0000] {logging_mixin.py:190} INFO - [2024-12-21T21:33:58.177+0000] {dagbag.py:588} INFO - Filling up the DagBag from /home/airflow/.local/lib/python3.12/site-packages/airflow/example_dags/example_bash_operator.py
[2024-12-21T21:33:58.202+0000] {processor.py:925} INFO - DAG(s) 'example_bash_operator' retrieved from /home/airflow/.local/lib/python3.12/site-packages/airflow/example_dags/example_bash_operator.py
[2024-12-21T21:33:58.265+0000] {logging_mixin.py:190} INFO - [2024-12-21T21:33:58.264+0000] {dag.py:3239} INFO - Sync 1 DAGs
[2024-12-21T21:33:58.317+0000] {logging_mixin.py:190} INFO - [2024-12-21T21:33:58.316+0000] {dag.py:4180} INFO - Setting next_dagrun for example_bash_operator to 2024-12-20 00:00:00+00:00, run_after=2024-12-21 00:00:00+00:00
[2024-12-21T21:33:58.382+0000] {processor.py:208} INFO - Processing /home/airflow/.local/lib/python3.12/site-packages/airflow/example_dags/example_bash_operator.py took 0.222 seconds
[2024-12-21T21:34:28.779+0000] {processor.py:186} INFO - Started process (PID=4805) to work on /home/airflow/.local/lib/python3.12/site-packages/airflow/example_dags/example_bash_operator.py
[2024-12-21T21:34:28.781+0000] {processor.py:914} INFO - Processing file /home/airflow/.local/lib/python3.12/site-packages/airflow/example_dags/example_bash_operator.py for tasks to queue
[2024-12-21T21:34:28.785+0000] {logging_mixin.py:190} INFO - [2024-12-21T21:34:28.785+0000] {dagbag.py:588} INFO - Filling up the DagBag from /home/airflow/.local/lib/python3.12/site-packages/airflow/example_dags/example_bash_operator.py
[2024-12-21T21:34:28.808+0000] {processor.py:925} INFO - DAG(s) 'example_bash_operator' retrieved from /home/airflow/.local/lib/python3.12/site-packages/airflow/example_dags/example_bash_operator.py
[2024-12-21T21:34:28.878+0000] {logging_mixin.py:190} INFO - [2024-12-21T21:34:28.877+0000] {dag.py:3239} INFO - Sync 1 DAGs
[2024-12-21T21:34:28.931+0000] {logging_mixin.py:190} INFO - [2024-12-21T21:34:28.931+0000] {dag.py:4180} INFO - Setting next_dagrun for example_bash_operator to 2024-12-20 00:00:00+00:00, run_after=2024-12-21 00:00:00+00:00
[2024-12-21T21:34:28.970+0000] {processor.py:208} INFO - Processing /home/airflow/.local/lib/python3.12/site-packages/airflow/example_dags/example_bash_operator.py took 0.203 seconds
[2024-12-21T21:34:59.266+0000] {processor.py:186} INFO - Started process (PID=5100) to work on /home/airflow/.local/lib/python3.12/site-packages/airflow/example_dags/example_bash_operator.py
[2024-12-21T21:34:59.267+0000] {processor.py:914} INFO - Processing file /home/airflow/.local/lib/python3.12/site-packages/airflow/example_dags/example_bash_operator.py for tasks to queue
[2024-12-21T21:34:59.273+0000] {logging_mixin.py:190} INFO - [2024-12-21T21:34:59.273+0000] {dagbag.py:588} INFO - Filling up the DagBag from /home/airflow/.local/lib/python3.12/site-packages/airflow/example_dags/example_bash_operator.py
[2024-12-21T21:34:59.308+0000] {processor.py:925} INFO - DAG(s) 'example_bash_operator' retrieved from /home/airflow/.local/lib/python3.12/site-packages/airflow/example_dags/example_bash_operator.py
[2024-12-21T21:34:59.385+0000] {logging_mixin.py:190} INFO - [2024-12-21T21:34:59.385+0000] {dag.py:3239} INFO - Sync 1 DAGs
[2024-12-21T21:34:59.450+0000] {logging_mixin.py:190} INFO - [2024-12-21T21:34:59.449+0000] {dag.py:4180} INFO - Setting next_dagrun for example_bash_operator to 2024-12-20 00:00:00+00:00, run_after=2024-12-21 00:00:00+00:00
[2024-12-21T21:34:59.490+0000] {processor.py:208} INFO - Processing /home/airflow/.local/lib/python3.12/site-packages/airflow/example_dags/example_bash_operator.py took 0.238 seconds
[2024-12-21T21:35:29.592+0000] {processor.py:186} INFO - Started process (PID=5393) to work on /home/airflow/.local/lib/python3.12/site-packages/airflow/example_dags/example_bash_operator.py
[2024-12-21T21:35:29.594+0000] {processor.py:914} INFO - Processing file /home/airflow/.local/lib/python3.12/site-packages/airflow/example_dags/example_bash_operator.py for tasks to queue
[2024-12-21T21:35:29.599+0000] {logging_mixin.py:190} INFO - [2024-12-21T21:35:29.598+0000] {dagbag.py:588} INFO - Filling up the DagBag from /home/airflow/.local/lib/python3.12/site-packages/airflow/example_dags/example_bash_operator.py
[2024-12-21T21:35:29.623+0000] {processor.py:925} INFO - DAG(s) 'example_bash_operator' retrieved from /home/airflow/.local/lib/python3.12/site-packages/airflow/example_dags/example_bash_operator.py
[2024-12-21T21:35:29.689+0000] {logging_mixin.py:190} INFO - [2024-12-21T21:35:29.688+0000] {dag.py:3239} INFO - Sync 1 DAGs
[2024-12-21T21:35:29.740+0000] {logging_mixin.py:190} INFO - [2024-12-21T21:35:29.740+0000] {dag.py:4180} INFO - Setting next_dagrun for example_bash_operator to 2024-12-20 00:00:00+00:00, run_after=2024-12-21 00:00:00+00:00
[2024-12-21T21:35:29.808+0000] {processor.py:208} INFO - Processing /home/airflow/.local/lib/python3.12/site-packages/airflow/example_dags/example_bash_operator.py took 0.227 seconds
[2024-12-21T21:36:00.097+0000] {processor.py:186} INFO - Started process (PID=5689) to work on /home/airflow/.local/lib/python3.12/site-packages/airflow/example_dags/example_bash_operator.py
[2024-12-21T21:36:00.100+0000] {processor.py:914} INFO - Processing file /home/airflow/.local/lib/python3.12/site-packages/airflow/example_dags/example_bash_operator.py for tasks to queue
[2024-12-21T21:36:00.104+0000] {logging_mixin.py:190} INFO - [2024-12-21T21:36:00.104+0000] {dagbag.py:588} INFO - Filling up the DagBag from /home/airflow/.local/lib/python3.12/site-packages/airflow/example_dags/example_bash_operator.py
[2024-12-21T21:36:00.134+0000] {processor.py:925} INFO - DAG(s) 'example_bash_operator' retrieved from /home/airflow/.local/lib/python3.12/site-packages/airflow/example_dags/example_bash_operator.py
[2024-12-21T21:36:00.206+0000] {logging_mixin.py:190} INFO - [2024-12-21T21:36:00.206+0000] {dag.py:3239} INFO - Sync 1 DAGs
[2024-12-21T21:36:00.262+0000] {logging_mixin.py:190} INFO - [2024-12-21T21:36:00.262+0000] {dag.py:4180} INFO - Setting next_dagrun for example_bash_operator to 2024-12-20 00:00:00+00:00, run_after=2024-12-21 00:00:00+00:00
[2024-12-21T21:36:00.331+0000] {processor.py:208} INFO - Processing /home/airflow/.local/lib/python3.12/site-packages/airflow/example_dags/example_bash_operator.py took 0.246 seconds
[2024-12-21T21:36:31.066+0000] {processor.py:186} INFO - Started process (PID=5991) to work on /home/airflow/.local/lib/python3.12/site-packages/airflow/example_dags/example_bash_operator.py
[2024-12-21T21:36:31.068+0000] {processor.py:914} INFO - Processing file /home/airflow/.local/lib/python3.12/site-packages/airflow/example_dags/example_bash_operator.py for tasks to queue
[2024-12-21T21:36:31.073+0000] {logging_mixin.py:190} INFO - [2024-12-21T21:36:31.073+0000] {dagbag.py:588} INFO - Filling up the DagBag from /home/airflow/.local/lib/python3.12/site-packages/airflow/example_dags/example_bash_operator.py
[2024-12-21T21:36:31.104+0000] {processor.py:925} INFO - DAG(s) 'example_bash_operator' retrieved from /home/airflow/.local/lib/python3.12/site-packages/airflow/example_dags/example_bash_operator.py
[2024-12-21T21:36:31.174+0000] {logging_mixin.py:190} INFO - [2024-12-21T21:36:31.173+0000] {dag.py:3239} INFO - Sync 1 DAGs
[2024-12-21T21:36:31.228+0000] {logging_mixin.py:190} INFO - [2024-12-21T21:36:31.227+0000] {dag.py:4180} INFO - Setting next_dagrun for example_bash_operator to 2024-12-20 00:00:00+00:00, run_after=2024-12-21 00:00:00+00:00
[2024-12-21T21:36:31.287+0000] {processor.py:208} INFO - Processing /home/airflow/.local/lib/python3.12/site-packages/airflow/example_dags/example_bash_operator.py took 0.238 seconds
[2024-12-21T21:37:01.486+0000] {processor.py:186} INFO - Started process (PID=6287) to work on /home/airflow/.local/lib/python3.12/site-packages/airflow/example_dags/example_bash_operator.py
[2024-12-21T21:37:01.488+0000] {processor.py:914} INFO - Processing file /home/airflow/.local/lib/python3.12/site-packages/airflow/example_dags/example_bash_operator.py for tasks to queue
[2024-12-21T21:37:01.493+0000] {logging_mixin.py:190} INFO - [2024-12-21T21:37:01.492+0000] {dagbag.py:588} INFO - Filling up the DagBag from /home/airflow/.local/lib/python3.12/site-packages/airflow/example_dags/example_bash_operator.py
[2024-12-21T21:37:01.519+0000] {processor.py:925} INFO - DAG(s) 'example_bash_operator' retrieved from /home/airflow/.local/lib/python3.12/site-packages/airflow/example_dags/example_bash_operator.py
[2024-12-21T21:37:01.579+0000] {logging_mixin.py:190} INFO - [2024-12-21T21:37:01.579+0000] {dag.py:3239} INFO - Sync 1 DAGs
[2024-12-21T21:37:01.632+0000] {logging_mixin.py:190} INFO - [2024-12-21T21:37:01.632+0000] {dag.py:4180} INFO - Setting next_dagrun for example_bash_operator to 2024-12-20 00:00:00+00:00, run_after=2024-12-21 00:00:00+00:00
[2024-12-21T21:37:01.692+0000] {processor.py:208} INFO - Processing /home/airflow/.local/lib/python3.12/site-packages/airflow/example_dags/example_bash_operator.py took 0.216 seconds
[2024-12-21T21:37:31.841+0000] {processor.py:186} INFO - Started process (PID=6583) to work on /home/airflow/.local/lib/python3.12/site-packages/airflow/example_dags/example_bash_operator.py
[2024-12-21T21:37:31.845+0000] {processor.py:914} INFO - Processing file /home/airflow/.local/lib/python3.12/site-packages/airflow/example_dags/example_bash_operator.py for tasks to queue
[2024-12-21T21:37:31.850+0000] {logging_mixin.py:190} INFO - [2024-12-21T21:37:31.849+0000] {dagbag.py:588} INFO - Filling up the DagBag from /home/airflow/.local/lib/python3.12/site-packages/airflow/example_dags/example_bash_operator.py
[2024-12-21T21:37:31.880+0000] {processor.py:925} INFO - DAG(s) 'example_bash_operator' retrieved from /home/airflow/.local/lib/python3.12/site-packages/airflow/example_dags/example_bash_operator.py
[2024-12-21T21:37:31.944+0000] {logging_mixin.py:190} INFO - [2024-12-21T21:37:31.943+0000] {dag.py:3239} INFO - Sync 1 DAGs
[2024-12-21T21:37:31.991+0000] {logging_mixin.py:190} INFO - [2024-12-21T21:37:31.991+0000] {dag.py:4180} INFO - Setting next_dagrun for example_bash_operator to 2024-12-20 00:00:00+00:00, run_after=2024-12-21 00:00:00+00:00
[2024-12-21T21:37:32.054+0000] {processor.py:208} INFO - Processing /home/airflow/.local/lib/python3.12/site-packages/airflow/example_dags/example_bash_operator.py took 0.226 seconds
[2024-12-21T21:38:02.366+0000] {processor.py:186} INFO - Started process (PID=6879) to work on /home/airflow/.local/lib/python3.12/site-packages/airflow/example_dags/example_bash_operator.py
[2024-12-21T21:38:02.368+0000] {processor.py:914} INFO - Processing file /home/airflow/.local/lib/python3.12/site-packages/airflow/example_dags/example_bash_operator.py for tasks to queue
[2024-12-21T21:38:02.373+0000] {logging_mixin.py:190} INFO - [2024-12-21T21:38:02.373+0000] {dagbag.py:588} INFO - Filling up the DagBag from /home/airflow/.local/lib/python3.12/site-packages/airflow/example_dags/example_bash_operator.py
[2024-12-21T21:38:02.406+0000] {processor.py:925} INFO - DAG(s) 'example_bash_operator' retrieved from /home/airflow/.local/lib/python3.12/site-packages/airflow/example_dags/example_bash_operator.py
[2024-12-21T21:38:02.470+0000] {logging_mixin.py:190} INFO - [2024-12-21T21:38:02.470+0000] {dag.py:3239} INFO - Sync 1 DAGs
[2024-12-21T21:38:02.544+0000] {logging_mixin.py:190} INFO - [2024-12-21T21:38:02.543+0000] {dag.py:4180} INFO - Setting next_dagrun for example_bash_operator to 2024-12-20 00:00:00+00:00, run_after=2024-12-21 00:00:00+00:00
[2024-12-21T21:38:02.626+0000] {processor.py:208} INFO - Processing /home/airflow/.local/lib/python3.12/site-packages/airflow/example_dags/example_bash_operator.py took 0.273 seconds
[2024-12-21T21:38:33.236+0000] {processor.py:186} INFO - Started process (PID=7175) to work on /home/airflow/.local/lib/python3.12/site-packages/airflow/example_dags/example_bash_operator.py
[2024-12-21T21:38:33.239+0000] {processor.py:914} INFO - Processing file /home/airflow/.local/lib/python3.12/site-packages/airflow/example_dags/example_bash_operator.py for tasks to queue
[2024-12-21T21:38:33.246+0000] {logging_mixin.py:190} INFO - [2024-12-21T21:38:33.245+0000] {dagbag.py:588} INFO - Filling up the DagBag from /home/airflow/.local/lib/python3.12/site-packages/airflow/example_dags/example_bash_operator.py
[2024-12-21T21:38:33.286+0000] {processor.py:925} INFO - DAG(s) 'example_bash_operator' retrieved from /home/airflow/.local/lib/python3.12/site-packages/airflow/example_dags/example_bash_operator.py
[2024-12-21T21:38:33.388+0000] {logging_mixin.py:190} INFO - [2024-12-21T21:38:33.387+0000] {dag.py:3239} INFO - Sync 1 DAGs
[2024-12-21T21:38:33.481+0000] {logging_mixin.py:190} INFO - [2024-12-21T21:38:33.480+0000] {dag.py:4180} INFO - Setting next_dagrun for example_bash_operator to 2024-12-20 00:00:00+00:00, run_after=2024-12-21 00:00:00+00:00
[2024-12-21T21:38:33.570+0000] {processor.py:208} INFO - Processing /home/airflow/.local/lib/python3.12/site-packages/airflow/example_dags/example_bash_operator.py took 0.350 seconds
[2024-12-21T21:39:03.688+0000] {processor.py:186} INFO - Started process (PID=7471) to work on /home/airflow/.local/lib/python3.12/site-packages/airflow/example_dags/example_bash_operator.py
[2024-12-21T21:39:03.691+0000] {processor.py:914} INFO - Processing file /home/airflow/.local/lib/python3.12/site-packages/airflow/example_dags/example_bash_operator.py for tasks to queue
[2024-12-21T21:39:03.695+0000] {logging_mixin.py:190} INFO - [2024-12-21T21:39:03.694+0000] {dagbag.py:588} INFO - Filling up the DagBag from /home/airflow/.local/lib/python3.12/site-packages/airflow/example_dags/example_bash_operator.py
[2024-12-21T21:39:03.725+0000] {processor.py:925} INFO - DAG(s) 'example_bash_operator' retrieved from /home/airflow/.local/lib/python3.12/site-packages/airflow/example_dags/example_bash_operator.py
[2024-12-21T21:39:03.793+0000] {logging_mixin.py:190} INFO - [2024-12-21T21:39:03.793+0000] {dag.py:3239} INFO - Sync 1 DAGs
[2024-12-21T21:39:03.842+0000] {logging_mixin.py:190} INFO - [2024-12-21T21:39:03.841+0000] {dag.py:4180} INFO - Setting next_dagrun for example_bash_operator to 2024-12-20 00:00:00+00:00, run_after=2024-12-21 00:00:00+00:00
[2024-12-21T21:39:03.907+0000] {processor.py:208} INFO - Processing /home/airflow/.local/lib/python3.12/site-packages/airflow/example_dags/example_bash_operator.py took 0.233 seconds
[2024-12-21T21:39:34.032+0000] {processor.py:186} INFO - Started process (PID=7767) to work on /home/airflow/.local/lib/python3.12/site-packages/airflow/example_dags/example_bash_operator.py
[2024-12-21T21:39:34.035+0000] {processor.py:914} INFO - Processing file /home/airflow/.local/lib/python3.12/site-packages/airflow/example_dags/example_bash_operator.py for tasks to queue
[2024-12-21T21:39:34.041+0000] {logging_mixin.py:190} INFO - [2024-12-21T21:39:34.040+0000] {dagbag.py:588} INFO - Filling up the DagBag from /home/airflow/.local/lib/python3.12/site-packages/airflow/example_dags/example_bash_operator.py
[2024-12-21T21:39:34.082+0000] {processor.py:925} INFO - DAG(s) 'example_bash_operator' retrieved from /home/airflow/.local/lib/python3.12/site-packages/airflow/example_dags/example_bash_operator.py
[2024-12-21T21:39:34.177+0000] {logging_mixin.py:190} INFO - [2024-12-21T21:39:34.177+0000] {dag.py:3239} INFO - Sync 1 DAGs
[2024-12-21T21:39:34.258+0000] {logging_mixin.py:190} INFO - [2024-12-21T21:39:34.257+0000] {dag.py:4180} INFO - Setting next_dagrun for example_bash_operator to 2024-12-20 00:00:00+00:00, run_after=2024-12-21 00:00:00+00:00
[2024-12-21T21:39:34.322+0000] {processor.py:208} INFO - Processing /home/airflow/.local/lib/python3.12/site-packages/airflow/example_dags/example_bash_operator.py took 0.305 seconds
[2024-12-21T21:40:04.538+0000] {processor.py:186} INFO - Started process (PID=8063) to work on /home/airflow/.local/lib/python3.12/site-packages/airflow/example_dags/example_bash_operator.py
[2024-12-21T21:40:04.540+0000] {processor.py:914} INFO - Processing file /home/airflow/.local/lib/python3.12/site-packages/airflow/example_dags/example_bash_operator.py for tasks to queue
[2024-12-21T21:40:04.548+0000] {logging_mixin.py:190} INFO - [2024-12-21T21:40:04.546+0000] {dagbag.py:588} INFO - Filling up the DagBag from /home/airflow/.local/lib/python3.12/site-packages/airflow/example_dags/example_bash_operator.py
[2024-12-21T21:40:04.578+0000] {processor.py:925} INFO - DAG(s) 'example_bash_operator' retrieved from /home/airflow/.local/lib/python3.12/site-packages/airflow/example_dags/example_bash_operator.py
[2024-12-21T21:40:04.647+0000] {logging_mixin.py:190} INFO - [2024-12-21T21:40:04.647+0000] {dag.py:3239} INFO - Sync 1 DAGs
[2024-12-21T21:40:04.698+0000] {logging_mixin.py:190} INFO - [2024-12-21T21:40:04.698+0000] {dag.py:4180} INFO - Setting next_dagrun for example_bash_operator to 2024-12-20 00:00:00+00:00, run_after=2024-12-21 00:00:00+00:00
[2024-12-21T21:40:04.767+0000] {processor.py:208} INFO - Processing /home/airflow/.local/lib/python3.12/site-packages/airflow/example_dags/example_bash_operator.py took 0.243 seconds
