[2024-12-21T21:11:19.222+0000] {processor.py:186} INFO - Started process (PID=317) to work on /home/airflow/.local/lib/python3.12/site-packages/airflow/example_dags/example_python_operator.py
[2024-12-21T21:11:19.224+0000] {processor.py:914} INFO - Processing file /home/airflow/.local/lib/python3.12/site-packages/airflow/example_dags/example_python_operator.py for tasks to queue
[2024-12-21T21:11:19.229+0000] {logging_mixin.py:190} INFO - [2024-12-21T21:11:19.229+0000] {dagbag.py:588} INFO - Filling up the DagBag from /home/airflow/.local/lib/python3.12/site-packages/airflow/example_dags/example_python_operator.py
[2024-12-21T21:11:19.265+0000] {processor.py:925} INFO - DAG(s) 'example_python_operator' retrieved from /home/airflow/.local/lib/python3.12/site-packages/airflow/example_dags/example_python_operator.py
[2024-12-21T21:11:19.553+0000] {logging_mixin.py:190} INFO - [2024-12-21T21:11:19.552+0000] {override.py:1911} INFO - Created Permission View: can delete on DAG:example_python_operator
[2024-12-21T21:11:19.576+0000] {logging_mixin.py:190} INFO - [2024-12-21T21:11:19.575+0000] {override.py:1911} INFO - Created Permission View: can edit on DAG:example_python_operator
[2024-12-21T21:11:19.594+0000] {logging_mixin.py:190} INFO - [2024-12-21T21:11:19.593+0000] {override.py:1911} INFO - Created Permission View: can read on DAG:example_python_operator
[2024-12-21T21:11:19.612+0000] {logging_mixin.py:190} INFO - [2024-12-21T21:11:19.612+0000] {override.py:1911} INFO - Created Permission View: can delete on DAG Run:example_python_operator
[2024-12-21T21:11:19.627+0000] {logging_mixin.py:190} INFO - [2024-12-21T21:11:19.626+0000] {override.py:1911} INFO - Created Permission View: can read on DAG Run:example_python_operator
[2024-12-21T21:11:19.641+0000] {logging_mixin.py:190} INFO - [2024-12-21T21:11:19.640+0000] {override.py:1911} INFO - Created Permission View: can create on DAG Run:example_python_operator
[2024-12-21T21:11:19.655+0000] {logging_mixin.py:190} INFO - [2024-12-21T21:11:19.655+0000] {override.py:1911} INFO - Created Permission View: menu access on DAG Run:example_python_operator
[2024-12-21T21:11:19.657+0000] {logging_mixin.py:190} INFO - [2024-12-21T21:11:19.656+0000] {dag.py:3239} INFO - Sync 1 DAGs
[2024-12-21T21:11:19.684+0000] {logging_mixin.py:190} INFO - [2024-12-21T21:11:19.684+0000] {dag.py:3262} INFO - Creating ORM DAG for example_python_operator
[2024-12-21T21:11:19.686+0000] {logging_mixin.py:190} INFO - [2024-12-21T21:11:19.686+0000] {dag.py:4180} INFO - Setting next_dagrun for example_python_operator to None, run_after=None
[2024-12-21T21:11:19.720+0000] {processor.py:208} INFO - Processing /home/airflow/.local/lib/python3.12/site-packages/airflow/example_dags/example_python_operator.py took 0.512 seconds
[2024-12-21T21:11:50.101+0000] {processor.py:186} INFO - Started process (PID=608) to work on /home/airflow/.local/lib/python3.12/site-packages/airflow/example_dags/example_python_operator.py
[2024-12-21T21:11:50.106+0000] {processor.py:914} INFO - Processing file /home/airflow/.local/lib/python3.12/site-packages/airflow/example_dags/example_python_operator.py for tasks to queue
[2024-12-21T21:11:50.114+0000] {logging_mixin.py:190} INFO - [2024-12-21T21:11:50.113+0000] {dagbag.py:588} INFO - Filling up the DagBag from /home/airflow/.local/lib/python3.12/site-packages/airflow/example_dags/example_python_operator.py
[2024-12-21T21:11:50.149+0000] {processor.py:925} INFO - DAG(s) 'example_python_operator' retrieved from /home/airflow/.local/lib/python3.12/site-packages/airflow/example_dags/example_python_operator.py
[2024-12-21T21:11:50.207+0000] {logging_mixin.py:190} INFO - [2024-12-21T21:11:50.207+0000] {dag.py:3239} INFO - Sync 1 DAGs
[2024-12-21T21:11:50.243+0000] {logging_mixin.py:190} INFO - [2024-12-21T21:11:50.242+0000] {dag.py:4180} INFO - Setting next_dagrun for example_python_operator to None, run_after=None
[2024-12-21T21:11:50.282+0000] {processor.py:208} INFO - Processing /home/airflow/.local/lib/python3.12/site-packages/airflow/example_dags/example_python_operator.py took 0.195 seconds
[2024-12-21T21:12:21.015+0000] {processor.py:186} INFO - Started process (PID=904) to work on /home/airflow/.local/lib/python3.12/site-packages/airflow/example_dags/example_python_operator.py
[2024-12-21T21:12:21.017+0000] {processor.py:914} INFO - Processing file /home/airflow/.local/lib/python3.12/site-packages/airflow/example_dags/example_python_operator.py for tasks to queue
[2024-12-21T21:12:21.022+0000] {logging_mixin.py:190} INFO - [2024-12-21T21:12:21.022+0000] {dagbag.py:588} INFO - Filling up the DagBag from /home/airflow/.local/lib/python3.12/site-packages/airflow/example_dags/example_python_operator.py
[2024-12-21T21:12:21.051+0000] {processor.py:925} INFO - DAG(s) 'example_python_operator' retrieved from /home/airflow/.local/lib/python3.12/site-packages/airflow/example_dags/example_python_operator.py
[2024-12-21T21:12:21.101+0000] {logging_mixin.py:190} INFO - [2024-12-21T21:12:21.100+0000] {dag.py:3239} INFO - Sync 1 DAGs
[2024-12-21T21:12:21.131+0000] {logging_mixin.py:190} INFO - [2024-12-21T21:12:21.130+0000] {dag.py:4180} INFO - Setting next_dagrun for example_python_operator to None, run_after=None
[2024-12-21T21:12:21.169+0000] {processor.py:208} INFO - Processing /home/airflow/.local/lib/python3.12/site-packages/airflow/example_dags/example_python_operator.py took 0.165 seconds
[2024-12-21T21:12:52.540+0000] {processor.py:186} INFO - Started process (PID=1200) to work on /home/airflow/.local/lib/python3.12/site-packages/airflow/example_dags/example_python_operator.py
[2024-12-21T21:12:52.543+0000] {processor.py:914} INFO - Processing file /home/airflow/.local/lib/python3.12/site-packages/airflow/example_dags/example_python_operator.py for tasks to queue
[2024-12-21T21:12:52.549+0000] {logging_mixin.py:190} INFO - [2024-12-21T21:12:52.548+0000] {dagbag.py:588} INFO - Filling up the DagBag from /home/airflow/.local/lib/python3.12/site-packages/airflow/example_dags/example_python_operator.py
[2024-12-21T21:12:52.578+0000] {processor.py:925} INFO - DAG(s) 'example_python_operator' retrieved from /home/airflow/.local/lib/python3.12/site-packages/airflow/example_dags/example_python_operator.py
[2024-12-21T21:12:52.625+0000] {logging_mixin.py:190} INFO - [2024-12-21T21:12:52.624+0000] {dag.py:3239} INFO - Sync 1 DAGs
[2024-12-21T21:12:52.653+0000] {logging_mixin.py:190} INFO - [2024-12-21T21:12:52.652+0000] {dag.py:4180} INFO - Setting next_dagrun for example_python_operator to None, run_after=None
[2024-12-21T21:12:52.692+0000] {processor.py:208} INFO - Processing /home/airflow/.local/lib/python3.12/site-packages/airflow/example_dags/example_python_operator.py took 0.165 seconds
[2024-12-21T21:13:23.951+0000] {processor.py:186} INFO - Started process (PID=1496) to work on /home/airflow/.local/lib/python3.12/site-packages/airflow/example_dags/example_python_operator.py
[2024-12-21T21:13:23.952+0000] {processor.py:914} INFO - Processing file /home/airflow/.local/lib/python3.12/site-packages/airflow/example_dags/example_python_operator.py for tasks to queue
[2024-12-21T21:13:23.957+0000] {logging_mixin.py:190} INFO - [2024-12-21T21:13:23.956+0000] {dagbag.py:588} INFO - Filling up the DagBag from /home/airflow/.local/lib/python3.12/site-packages/airflow/example_dags/example_python_operator.py
[2024-12-21T21:13:23.987+0000] {processor.py:925} INFO - DAG(s) 'example_python_operator' retrieved from /home/airflow/.local/lib/python3.12/site-packages/airflow/example_dags/example_python_operator.py
[2024-12-21T21:13:24.039+0000] {logging_mixin.py:190} INFO - [2024-12-21T21:13:24.039+0000] {dag.py:3239} INFO - Sync 1 DAGs
[2024-12-21T21:13:24.079+0000] {logging_mixin.py:190} INFO - [2024-12-21T21:13:24.078+0000] {dag.py:4180} INFO - Setting next_dagrun for example_python_operator to None, run_after=None
[2024-12-21T21:13:24.127+0000] {processor.py:208} INFO - Processing /home/airflow/.local/lib/python3.12/site-packages/airflow/example_dags/example_python_operator.py took 0.187 seconds
[2024-12-21T21:13:54.309+0000] {processor.py:186} INFO - Started process (PID=1787) to work on /home/airflow/.local/lib/python3.12/site-packages/airflow/example_dags/example_python_operator.py
[2024-12-21T21:13:54.311+0000] {processor.py:914} INFO - Processing file /home/airflow/.local/lib/python3.12/site-packages/airflow/example_dags/example_python_operator.py for tasks to queue
[2024-12-21T21:13:54.316+0000] {logging_mixin.py:190} INFO - [2024-12-21T21:13:54.315+0000] {dagbag.py:588} INFO - Filling up the DagBag from /home/airflow/.local/lib/python3.12/site-packages/airflow/example_dags/example_python_operator.py
[2024-12-21T21:13:54.345+0000] {processor.py:925} INFO - DAG(s) 'example_python_operator' retrieved from /home/airflow/.local/lib/python3.12/site-packages/airflow/example_dags/example_python_operator.py
[2024-12-21T21:13:54.392+0000] {logging_mixin.py:190} INFO - [2024-12-21T21:13:54.391+0000] {dag.py:3239} INFO - Sync 1 DAGs
[2024-12-21T21:13:54.425+0000] {logging_mixin.py:190} INFO - [2024-12-21T21:13:54.425+0000] {dag.py:4180} INFO - Setting next_dagrun for example_python_operator to None, run_after=None
[2024-12-21T21:13:54.488+0000] {processor.py:208} INFO - Processing /home/airflow/.local/lib/python3.12/site-packages/airflow/example_dags/example_python_operator.py took 0.193 seconds
[2024-12-21T21:14:24.705+0000] {processor.py:186} INFO - Started process (PID=2080) to work on /home/airflow/.local/lib/python3.12/site-packages/airflow/example_dags/example_python_operator.py
[2024-12-21T21:14:24.707+0000] {processor.py:914} INFO - Processing file /home/airflow/.local/lib/python3.12/site-packages/airflow/example_dags/example_python_operator.py for tasks to queue
[2024-12-21T21:14:24.714+0000] {logging_mixin.py:190} INFO - [2024-12-21T21:14:24.713+0000] {dagbag.py:588} INFO - Filling up the DagBag from /home/airflow/.local/lib/python3.12/site-packages/airflow/example_dags/example_python_operator.py
[2024-12-21T21:14:24.756+0000] {processor.py:925} INFO - DAG(s) 'example_python_operator' retrieved from /home/airflow/.local/lib/python3.12/site-packages/airflow/example_dags/example_python_operator.py
[2024-12-21T21:14:24.819+0000] {logging_mixin.py:190} INFO - [2024-12-21T21:14:24.818+0000] {dag.py:3239} INFO - Sync 1 DAGs
[2024-12-21T21:14:24.861+0000] {logging_mixin.py:190} INFO - [2024-12-21T21:14:24.860+0000] {dag.py:4180} INFO - Setting next_dagrun for example_python_operator to None, run_after=None
[2024-12-21T21:14:24.902+0000] {processor.py:208} INFO - Processing /home/airflow/.local/lib/python3.12/site-packages/airflow/example_dags/example_python_operator.py took 0.213 seconds
[2024-12-21T21:14:55.128+0000] {processor.py:186} INFO - Started process (PID=2376) to work on /home/airflow/.local/lib/python3.12/site-packages/airflow/example_dags/example_python_operator.py
[2024-12-21T21:14:55.139+0000] {processor.py:914} INFO - Processing file /home/airflow/.local/lib/python3.12/site-packages/airflow/example_dags/example_python_operator.py for tasks to queue
[2024-12-21T21:14:55.153+0000] {logging_mixin.py:190} INFO - [2024-12-21T21:14:55.152+0000] {dagbag.py:588} INFO - Filling up the DagBag from /home/airflow/.local/lib/python3.12/site-packages/airflow/example_dags/example_python_operator.py
[2024-12-21T21:14:55.199+0000] {processor.py:925} INFO - DAG(s) 'example_python_operator' retrieved from /home/airflow/.local/lib/python3.12/site-packages/airflow/example_dags/example_python_operator.py
[2024-12-21T21:14:55.257+0000] {logging_mixin.py:190} INFO - [2024-12-21T21:14:55.256+0000] {dag.py:3239} INFO - Sync 1 DAGs
[2024-12-21T21:14:55.286+0000] {logging_mixin.py:190} INFO - [2024-12-21T21:14:55.286+0000] {dag.py:4180} INFO - Setting next_dagrun for example_python_operator to None, run_after=None
[2024-12-21T21:14:55.350+0000] {processor.py:208} INFO - Processing /home/airflow/.local/lib/python3.12/site-packages/airflow/example_dags/example_python_operator.py took 0.238 seconds
[2024-12-21T21:15:25.532+0000] {processor.py:186} INFO - Started process (PID=2676) to work on /home/airflow/.local/lib/python3.12/site-packages/airflow/example_dags/example_python_operator.py
[2024-12-21T21:15:25.534+0000] {processor.py:914} INFO - Processing file /home/airflow/.local/lib/python3.12/site-packages/airflow/example_dags/example_python_operator.py for tasks to queue
[2024-12-21T21:15:25.537+0000] {logging_mixin.py:190} INFO - [2024-12-21T21:15:25.537+0000] {dagbag.py:588} INFO - Filling up the DagBag from /home/airflow/.local/lib/python3.12/site-packages/airflow/example_dags/example_python_operator.py
[2024-12-21T21:15:25.586+0000] {processor.py:925} INFO - DAG(s) 'example_python_operator' retrieved from /home/airflow/.local/lib/python3.12/site-packages/airflow/example_dags/example_python_operator.py
[2024-12-21T21:15:25.626+0000] {logging_mixin.py:190} INFO - [2024-12-21T21:15:25.626+0000] {dag.py:3239} INFO - Sync 1 DAGs
[2024-12-21T21:15:25.655+0000] {logging_mixin.py:190} INFO - [2024-12-21T21:15:25.654+0000] {dag.py:4180} INFO - Setting next_dagrun for example_python_operator to None, run_after=None
[2024-12-21T21:15:25.718+0000] {processor.py:208} INFO - Processing /home/airflow/.local/lib/python3.12/site-packages/airflow/example_dags/example_python_operator.py took 0.198 seconds
[2024-12-21T21:15:56.200+0000] {processor.py:186} INFO - Started process (PID=2974) to work on /home/airflow/.local/lib/python3.12/site-packages/airflow/example_dags/example_python_operator.py
[2024-12-21T21:15:56.203+0000] {processor.py:914} INFO - Processing file /home/airflow/.local/lib/python3.12/site-packages/airflow/example_dags/example_python_operator.py for tasks to queue
[2024-12-21T21:15:56.223+0000] {logging_mixin.py:190} INFO - [2024-12-21T21:15:56.221+0000] {dagbag.py:588} INFO - Filling up the DagBag from /home/airflow/.local/lib/python3.12/site-packages/airflow/example_dags/example_python_operator.py
[2024-12-21T21:15:56.285+0000] {processor.py:925} INFO - DAG(s) 'example_python_operator' retrieved from /home/airflow/.local/lib/python3.12/site-packages/airflow/example_dags/example_python_operator.py
[2024-12-21T21:15:56.405+0000] {logging_mixin.py:190} INFO - [2024-12-21T21:15:56.404+0000] {dag.py:3239} INFO - Sync 1 DAGs
[2024-12-21T21:15:56.452+0000] {logging_mixin.py:190} INFO - [2024-12-21T21:15:56.451+0000] {dag.py:4180} INFO - Setting next_dagrun for example_python_operator to None, run_after=None
[2024-12-21T21:15:56.513+0000] {processor.py:208} INFO - Processing /home/airflow/.local/lib/python3.12/site-packages/airflow/example_dags/example_python_operator.py took 0.340 seconds
[2024-12-21T21:16:26.703+0000] {processor.py:186} INFO - Started process (PID=3269) to work on /home/airflow/.local/lib/python3.12/site-packages/airflow/example_dags/example_python_operator.py
[2024-12-21T21:16:26.704+0000] {processor.py:914} INFO - Processing file /home/airflow/.local/lib/python3.12/site-packages/airflow/example_dags/example_python_operator.py for tasks to queue
[2024-12-21T21:16:26.710+0000] {logging_mixin.py:190} INFO - [2024-12-21T21:16:26.709+0000] {dagbag.py:588} INFO - Filling up the DagBag from /home/airflow/.local/lib/python3.12/site-packages/airflow/example_dags/example_python_operator.py
[2024-12-21T21:16:26.732+0000] {processor.py:925} INFO - DAG(s) 'example_python_operator' retrieved from /home/airflow/.local/lib/python3.12/site-packages/airflow/example_dags/example_python_operator.py
[2024-12-21T21:16:26.782+0000] {logging_mixin.py:190} INFO - [2024-12-21T21:16:26.782+0000] {dag.py:3239} INFO - Sync 1 DAGs
[2024-12-21T21:16:26.822+0000] {logging_mixin.py:190} INFO - [2024-12-21T21:16:26.822+0000] {dag.py:4180} INFO - Setting next_dagrun for example_python_operator to None, run_after=None
[2024-12-21T21:16:26.891+0000] {processor.py:208} INFO - Processing /home/airflow/.local/lib/python3.12/site-packages/airflow/example_dags/example_python_operator.py took 0.199 seconds
[2024-12-21T21:16:57.276+0000] {processor.py:186} INFO - Started process (PID=3565) to work on /home/airflow/.local/lib/python3.12/site-packages/airflow/example_dags/example_python_operator.py
[2024-12-21T21:16:57.293+0000] {processor.py:914} INFO - Processing file /home/airflow/.local/lib/python3.12/site-packages/airflow/example_dags/example_python_operator.py for tasks to queue
[2024-12-21T21:16:57.306+0000] {logging_mixin.py:190} INFO - [2024-12-21T21:16:57.305+0000] {dagbag.py:588} INFO - Filling up the DagBag from /home/airflow/.local/lib/python3.12/site-packages/airflow/example_dags/example_python_operator.py
[2024-12-21T21:16:57.363+0000] {processor.py:925} INFO - DAG(s) 'example_python_operator' retrieved from /home/airflow/.local/lib/python3.12/site-packages/airflow/example_dags/example_python_operator.py
[2024-12-21T21:16:57.425+0000] {logging_mixin.py:190} INFO - [2024-12-21T21:16:57.424+0000] {dag.py:3239} INFO - Sync 1 DAGs
[2024-12-21T21:16:57.460+0000] {logging_mixin.py:190} INFO - [2024-12-21T21:16:57.460+0000] {dag.py:4180} INFO - Setting next_dagrun for example_python_operator to None, run_after=None
[2024-12-21T21:16:57.520+0000] {processor.py:208} INFO - Processing /home/airflow/.local/lib/python3.12/site-packages/airflow/example_dags/example_python_operator.py took 0.271 seconds
[2024-12-21T21:17:28.300+0000] {processor.py:186} INFO - Started process (PID=3861) to work on /home/airflow/.local/lib/python3.12/site-packages/airflow/example_dags/example_python_operator.py
[2024-12-21T21:17:28.302+0000] {processor.py:914} INFO - Processing file /home/airflow/.local/lib/python3.12/site-packages/airflow/example_dags/example_python_operator.py for tasks to queue
[2024-12-21T21:17:28.307+0000] {logging_mixin.py:190} INFO - [2024-12-21T21:17:28.306+0000] {dagbag.py:588} INFO - Filling up the DagBag from /home/airflow/.local/lib/python3.12/site-packages/airflow/example_dags/example_python_operator.py
[2024-12-21T21:17:28.334+0000] {processor.py:925} INFO - DAG(s) 'example_python_operator' retrieved from /home/airflow/.local/lib/python3.12/site-packages/airflow/example_dags/example_python_operator.py
[2024-12-21T21:17:28.383+0000] {logging_mixin.py:190} INFO - [2024-12-21T21:17:28.383+0000] {dag.py:3239} INFO - Sync 1 DAGs
[2024-12-21T21:17:28.420+0000] {logging_mixin.py:190} INFO - [2024-12-21T21:17:28.419+0000] {dag.py:4180} INFO - Setting next_dagrun for example_python_operator to None, run_after=None
[2024-12-21T21:17:28.488+0000] {processor.py:208} INFO - Processing /home/airflow/.local/lib/python3.12/site-packages/airflow/example_dags/example_python_operator.py took 0.199 seconds
[2024-12-21T21:17:58.763+0000] {processor.py:186} INFO - Started process (PID=4157) to work on /home/airflow/.local/lib/python3.12/site-packages/airflow/example_dags/example_python_operator.py
[2024-12-21T21:17:58.765+0000] {processor.py:914} INFO - Processing file /home/airflow/.local/lib/python3.12/site-packages/airflow/example_dags/example_python_operator.py for tasks to queue
[2024-12-21T21:17:58.772+0000] {logging_mixin.py:190} INFO - [2024-12-21T21:17:58.771+0000] {dagbag.py:588} INFO - Filling up the DagBag from /home/airflow/.local/lib/python3.12/site-packages/airflow/example_dags/example_python_operator.py
[2024-12-21T21:17:58.810+0000] {processor.py:925} INFO - DAG(s) 'example_python_operator' retrieved from /home/airflow/.local/lib/python3.12/site-packages/airflow/example_dags/example_python_operator.py
[2024-12-21T21:17:58.899+0000] {logging_mixin.py:190} INFO - [2024-12-21T21:17:58.898+0000] {dag.py:3239} INFO - Sync 1 DAGs
[2024-12-21T21:17:58.932+0000] {logging_mixin.py:190} INFO - [2024-12-21T21:17:58.931+0000] {dag.py:4180} INFO - Setting next_dagrun for example_python_operator to None, run_after=None
[2024-12-21T21:17:58.979+0000] {processor.py:208} INFO - Processing /home/airflow/.local/lib/python3.12/site-packages/airflow/example_dags/example_python_operator.py took 0.236 seconds
[2024-12-21T21:18:29.354+0000] {processor.py:186} INFO - Started process (PID=4453) to work on /home/airflow/.local/lib/python3.12/site-packages/airflow/example_dags/example_python_operator.py
[2024-12-21T21:18:29.356+0000] {processor.py:914} INFO - Processing file /home/airflow/.local/lib/python3.12/site-packages/airflow/example_dags/example_python_operator.py for tasks to queue
[2024-12-21T21:18:29.362+0000] {logging_mixin.py:190} INFO - [2024-12-21T21:18:29.361+0000] {dagbag.py:588} INFO - Filling up the DagBag from /home/airflow/.local/lib/python3.12/site-packages/airflow/example_dags/example_python_operator.py
[2024-12-21T21:18:29.392+0000] {processor.py:925} INFO - DAG(s) 'example_python_operator' retrieved from /home/airflow/.local/lib/python3.12/site-packages/airflow/example_dags/example_python_operator.py
[2024-12-21T21:18:29.449+0000] {logging_mixin.py:190} INFO - [2024-12-21T21:18:29.448+0000] {dag.py:3239} INFO - Sync 1 DAGs
[2024-12-21T21:18:29.486+0000] {logging_mixin.py:190} INFO - [2024-12-21T21:18:29.486+0000] {dag.py:4180} INFO - Setting next_dagrun for example_python_operator to None, run_after=None
[2024-12-21T21:18:29.557+0000] {processor.py:208} INFO - Processing /home/airflow/.local/lib/python3.12/site-packages/airflow/example_dags/example_python_operator.py took 0.222 seconds
[2024-12-21T21:19:00.471+0000] {processor.py:186} INFO - Started process (PID=4747) to work on /home/airflow/.local/lib/python3.12/site-packages/airflow/example_dags/example_python_operator.py
[2024-12-21T21:19:00.474+0000] {processor.py:914} INFO - Processing file /home/airflow/.local/lib/python3.12/site-packages/airflow/example_dags/example_python_operator.py for tasks to queue
[2024-12-21T21:19:00.479+0000] {logging_mixin.py:190} INFO - [2024-12-21T21:19:00.478+0000] {dagbag.py:588} INFO - Filling up the DagBag from /home/airflow/.local/lib/python3.12/site-packages/airflow/example_dags/example_python_operator.py
[2024-12-21T21:19:00.510+0000] {processor.py:925} INFO - DAG(s) 'example_python_operator' retrieved from /home/airflow/.local/lib/python3.12/site-packages/airflow/example_dags/example_python_operator.py
[2024-12-21T21:19:00.566+0000] {logging_mixin.py:190} INFO - [2024-12-21T21:19:00.565+0000] {dag.py:3239} INFO - Sync 1 DAGs
[2024-12-21T21:19:00.605+0000] {logging_mixin.py:190} INFO - [2024-12-21T21:19:00.604+0000] {dag.py:4180} INFO - Setting next_dagrun for example_python_operator to None, run_after=None
[2024-12-21T21:19:00.648+0000] {processor.py:208} INFO - Processing /home/airflow/.local/lib/python3.12/site-packages/airflow/example_dags/example_python_operator.py took 0.198 seconds
[2024-12-21T21:19:31.028+0000] {processor.py:186} INFO - Started process (PID=5043) to work on /home/airflow/.local/lib/python3.12/site-packages/airflow/example_dags/example_python_operator.py
[2024-12-21T21:19:31.030+0000] {processor.py:914} INFO - Processing file /home/airflow/.local/lib/python3.12/site-packages/airflow/example_dags/example_python_operator.py for tasks to queue
[2024-12-21T21:19:31.035+0000] {logging_mixin.py:190} INFO - [2024-12-21T21:19:31.034+0000] {dagbag.py:588} INFO - Filling up the DagBag from /home/airflow/.local/lib/python3.12/site-packages/airflow/example_dags/example_python_operator.py
[2024-12-21T21:19:31.062+0000] {processor.py:925} INFO - DAG(s) 'example_python_operator' retrieved from /home/airflow/.local/lib/python3.12/site-packages/airflow/example_dags/example_python_operator.py
[2024-12-21T21:19:31.106+0000] {logging_mixin.py:190} INFO - [2024-12-21T21:19:31.105+0000] {dag.py:3239} INFO - Sync 1 DAGs
[2024-12-21T21:19:31.135+0000] {logging_mixin.py:190} INFO - [2024-12-21T21:19:31.134+0000] {dag.py:4180} INFO - Setting next_dagrun for example_python_operator to None, run_after=None
[2024-12-21T21:19:31.176+0000] {processor.py:208} INFO - Processing /home/airflow/.local/lib/python3.12/site-packages/airflow/example_dags/example_python_operator.py took 0.160 seconds
[2024-12-21T21:20:02.583+0000] {processor.py:186} INFO - Started process (PID=5325) to work on /home/airflow/.local/lib/python3.12/site-packages/airflow/example_dags/example_python_operator.py
[2024-12-21T21:20:02.585+0000] {processor.py:914} INFO - Processing file /home/airflow/.local/lib/python3.12/site-packages/airflow/example_dags/example_python_operator.py for tasks to queue
[2024-12-21T21:20:02.589+0000] {logging_mixin.py:190} INFO - [2024-12-21T21:20:02.589+0000] {dagbag.py:588} INFO - Filling up the DagBag from /home/airflow/.local/lib/python3.12/site-packages/airflow/example_dags/example_python_operator.py
[2024-12-21T21:20:02.618+0000] {processor.py:925} INFO - DAG(s) 'example_python_operator' retrieved from /home/airflow/.local/lib/python3.12/site-packages/airflow/example_dags/example_python_operator.py
[2024-12-21T21:20:02.667+0000] {logging_mixin.py:190} INFO - [2024-12-21T21:20:02.667+0000] {dag.py:3239} INFO - Sync 1 DAGs
[2024-12-21T21:20:02.702+0000] {logging_mixin.py:190} INFO - [2024-12-21T21:20:02.701+0000] {dag.py:4180} INFO - Setting next_dagrun for example_python_operator to None, run_after=None
[2024-12-21T21:20:02.766+0000] {processor.py:208} INFO - Processing /home/airflow/.local/lib/python3.12/site-packages/airflow/example_dags/example_python_operator.py took 0.195 seconds
[2024-12-21T21:20:34.407+0000] {processor.py:186} INFO - Started process (PID=5609) to work on /home/airflow/.local/lib/python3.12/site-packages/airflow/example_dags/example_python_operator.py
[2024-12-21T21:20:34.410+0000] {processor.py:914} INFO - Processing file /home/airflow/.local/lib/python3.12/site-packages/airflow/example_dags/example_python_operator.py for tasks to queue
[2024-12-21T21:20:34.422+0000] {logging_mixin.py:190} INFO - [2024-12-21T21:20:34.420+0000] {dagbag.py:588} INFO - Filling up the DagBag from /home/airflow/.local/lib/python3.12/site-packages/airflow/example_dags/example_python_operator.py
[2024-12-21T21:20:34.456+0000] {processor.py:925} INFO - DAG(s) 'example_python_operator' retrieved from /home/airflow/.local/lib/python3.12/site-packages/airflow/example_dags/example_python_operator.py
[2024-12-21T21:20:34.520+0000] {logging_mixin.py:190} INFO - [2024-12-21T21:20:34.519+0000] {dag.py:3239} INFO - Sync 1 DAGs
[2024-12-21T21:20:34.559+0000] {logging_mixin.py:190} INFO - [2024-12-21T21:20:34.558+0000] {dag.py:4180} INFO - Setting next_dagrun for example_python_operator to None, run_after=None
[2024-12-21T21:20:34.615+0000] {processor.py:208} INFO - Processing /home/airflow/.local/lib/python3.12/site-packages/airflow/example_dags/example_python_operator.py took 0.240 seconds
[2024-12-21T21:21:05.451+0000] {processor.py:186} INFO - Started process (PID=5906) to work on /home/airflow/.local/lib/python3.12/site-packages/airflow/example_dags/example_python_operator.py
[2024-12-21T21:21:05.454+0000] {processor.py:914} INFO - Processing file /home/airflow/.local/lib/python3.12/site-packages/airflow/example_dags/example_python_operator.py for tasks to queue
[2024-12-21T21:21:05.459+0000] {logging_mixin.py:190} INFO - [2024-12-21T21:21:05.458+0000] {dagbag.py:588} INFO - Filling up the DagBag from /home/airflow/.local/lib/python3.12/site-packages/airflow/example_dags/example_python_operator.py
[2024-12-21T21:21:05.483+0000] {processor.py:925} INFO - DAG(s) 'example_python_operator' retrieved from /home/airflow/.local/lib/python3.12/site-packages/airflow/example_dags/example_python_operator.py
[2024-12-21T21:21:05.544+0000] {logging_mixin.py:190} INFO - [2024-12-21T21:21:05.543+0000] {dag.py:3239} INFO - Sync 1 DAGs
[2024-12-21T21:21:05.578+0000] {logging_mixin.py:190} INFO - [2024-12-21T21:21:05.577+0000] {dag.py:4180} INFO - Setting next_dagrun for example_python_operator to None, run_after=None
[2024-12-21T21:21:05.618+0000] {processor.py:208} INFO - Processing /home/airflow/.local/lib/python3.12/site-packages/airflow/example_dags/example_python_operator.py took 0.182 seconds
[2024-12-21T21:21:36.635+0000] {processor.py:186} INFO - Started process (PID=6197) to work on /home/airflow/.local/lib/python3.12/site-packages/airflow/example_dags/example_python_operator.py
[2024-12-21T21:21:36.637+0000] {processor.py:914} INFO - Processing file /home/airflow/.local/lib/python3.12/site-packages/airflow/example_dags/example_python_operator.py for tasks to queue
[2024-12-21T21:21:36.644+0000] {logging_mixin.py:190} INFO - [2024-12-21T21:21:36.643+0000] {dagbag.py:588} INFO - Filling up the DagBag from /home/airflow/.local/lib/python3.12/site-packages/airflow/example_dags/example_python_operator.py
[2024-12-21T21:21:36.686+0000] {processor.py:925} INFO - DAG(s) 'example_python_operator' retrieved from /home/airflow/.local/lib/python3.12/site-packages/airflow/example_dags/example_python_operator.py
[2024-12-21T21:21:36.755+0000] {logging_mixin.py:190} INFO - [2024-12-21T21:21:36.754+0000] {dag.py:3239} INFO - Sync 1 DAGs
[2024-12-21T21:21:36.803+0000] {logging_mixin.py:190} INFO - [2024-12-21T21:21:36.803+0000] {dag.py:4180} INFO - Setting next_dagrun for example_python_operator to None, run_after=None
[2024-12-21T21:21:36.860+0000] {processor.py:208} INFO - Processing /home/airflow/.local/lib/python3.12/site-packages/airflow/example_dags/example_python_operator.py took 0.242 seconds
[2024-12-21T21:22:07.876+0000] {processor.py:186} INFO - Started process (PID=6493) to work on /home/airflow/.local/lib/python3.12/site-packages/airflow/example_dags/example_python_operator.py
[2024-12-21T21:22:07.878+0000] {processor.py:914} INFO - Processing file /home/airflow/.local/lib/python3.12/site-packages/airflow/example_dags/example_python_operator.py for tasks to queue
[2024-12-21T21:22:07.883+0000] {logging_mixin.py:190} INFO - [2024-12-21T21:22:07.882+0000] {dagbag.py:588} INFO - Filling up the DagBag from /home/airflow/.local/lib/python3.12/site-packages/airflow/example_dags/example_python_operator.py
[2024-12-21T21:22:07.906+0000] {processor.py:925} INFO - DAG(s) 'example_python_operator' retrieved from /home/airflow/.local/lib/python3.12/site-packages/airflow/example_dags/example_python_operator.py
[2024-12-21T21:22:07.951+0000] {logging_mixin.py:190} INFO - [2024-12-21T21:22:07.951+0000] {dag.py:3239} INFO - Sync 1 DAGs
[2024-12-21T21:22:07.981+0000] {logging_mixin.py:190} INFO - [2024-12-21T21:22:07.981+0000] {dag.py:4180} INFO - Setting next_dagrun for example_python_operator to None, run_after=None
[2024-12-21T21:22:08.042+0000] {processor.py:208} INFO - Processing /home/airflow/.local/lib/python3.12/site-packages/airflow/example_dags/example_python_operator.py took 0.180 seconds
[2024-12-21T21:22:39.326+0000] {processor.py:186} INFO - Started process (PID=6789) to work on /home/airflow/.local/lib/python3.12/site-packages/airflow/example_dags/example_python_operator.py
[2024-12-21T21:22:39.328+0000] {processor.py:914} INFO - Processing file /home/airflow/.local/lib/python3.12/site-packages/airflow/example_dags/example_python_operator.py for tasks to queue
[2024-12-21T21:22:39.334+0000] {logging_mixin.py:190} INFO - [2024-12-21T21:22:39.333+0000] {dagbag.py:588} INFO - Filling up the DagBag from /home/airflow/.local/lib/python3.12/site-packages/airflow/example_dags/example_python_operator.py
[2024-12-21T21:22:39.359+0000] {processor.py:925} INFO - DAG(s) 'example_python_operator' retrieved from /home/airflow/.local/lib/python3.12/site-packages/airflow/example_dags/example_python_operator.py
[2024-12-21T21:22:39.407+0000] {logging_mixin.py:190} INFO - [2024-12-21T21:22:39.406+0000] {dag.py:3239} INFO - Sync 1 DAGs
[2024-12-21T21:22:39.440+0000] {logging_mixin.py:190} INFO - [2024-12-21T21:22:39.439+0000] {dag.py:4180} INFO - Setting next_dagrun for example_python_operator to None, run_after=None
[2024-12-21T21:22:39.485+0000] {processor.py:208} INFO - Processing /home/airflow/.local/lib/python3.12/site-packages/airflow/example_dags/example_python_operator.py took 0.170 seconds
[2024-12-21T21:23:10.177+0000] {processor.py:186} INFO - Started process (PID=7083) to work on /home/airflow/.local/lib/python3.12/site-packages/airflow/example_dags/example_python_operator.py
[2024-12-21T21:23:10.179+0000] {processor.py:914} INFO - Processing file /home/airflow/.local/lib/python3.12/site-packages/airflow/example_dags/example_python_operator.py for tasks to queue
[2024-12-21T21:23:10.183+0000] {logging_mixin.py:190} INFO - [2024-12-21T21:23:10.182+0000] {dagbag.py:588} INFO - Filling up the DagBag from /home/airflow/.local/lib/python3.12/site-packages/airflow/example_dags/example_python_operator.py
[2024-12-21T21:23:10.208+0000] {processor.py:925} INFO - DAG(s) 'example_python_operator' retrieved from /home/airflow/.local/lib/python3.12/site-packages/airflow/example_dags/example_python_operator.py
[2024-12-21T21:23:10.256+0000] {logging_mixin.py:190} INFO - [2024-12-21T21:23:10.255+0000] {dag.py:3239} INFO - Sync 1 DAGs
[2024-12-21T21:23:10.284+0000] {logging_mixin.py:190} INFO - [2024-12-21T21:23:10.283+0000] {dag.py:4180} INFO - Setting next_dagrun for example_python_operator to None, run_after=None
[2024-12-21T21:23:10.347+0000] {processor.py:208} INFO - Processing /home/airflow/.local/lib/python3.12/site-packages/airflow/example_dags/example_python_operator.py took 0.184 seconds
[2024-12-21T21:23:41.370+0000] {processor.py:186} INFO - Started process (PID=7372) to work on /home/airflow/.local/lib/python3.12/site-packages/airflow/example_dags/example_python_operator.py
[2024-12-21T21:23:41.372+0000] {processor.py:914} INFO - Processing file /home/airflow/.local/lib/python3.12/site-packages/airflow/example_dags/example_python_operator.py for tasks to queue
[2024-12-21T21:23:41.377+0000] {logging_mixin.py:190} INFO - [2024-12-21T21:23:41.376+0000] {dagbag.py:588} INFO - Filling up the DagBag from /home/airflow/.local/lib/python3.12/site-packages/airflow/example_dags/example_python_operator.py
[2024-12-21T21:23:41.401+0000] {processor.py:925} INFO - DAG(s) 'example_python_operator' retrieved from /home/airflow/.local/lib/python3.12/site-packages/airflow/example_dags/example_python_operator.py
[2024-12-21T21:23:41.444+0000] {logging_mixin.py:190} INFO - [2024-12-21T21:23:41.444+0000] {dag.py:3239} INFO - Sync 1 DAGs
[2024-12-21T21:23:41.473+0000] {logging_mixin.py:190} INFO - [2024-12-21T21:23:41.472+0000] {dag.py:4180} INFO - Setting next_dagrun for example_python_operator to None, run_after=None
[2024-12-21T21:23:41.513+0000] {processor.py:208} INFO - Processing /home/airflow/.local/lib/python3.12/site-packages/airflow/example_dags/example_python_operator.py took 0.157 seconds
[2024-12-21T21:24:11.953+0000] {processor.py:186} INFO - Started process (PID=7653) to work on /home/airflow/.local/lib/python3.12/site-packages/airflow/example_dags/example_python_operator.py
[2024-12-21T21:24:11.955+0000] {processor.py:914} INFO - Processing file /home/airflow/.local/lib/python3.12/site-packages/airflow/example_dags/example_python_operator.py for tasks to queue
[2024-12-21T21:24:11.960+0000] {logging_mixin.py:190} INFO - [2024-12-21T21:24:11.959+0000] {dagbag.py:588} INFO - Filling up the DagBag from /home/airflow/.local/lib/python3.12/site-packages/airflow/example_dags/example_python_operator.py
[2024-12-21T21:24:11.984+0000] {processor.py:925} INFO - DAG(s) 'example_python_operator' retrieved from /home/airflow/.local/lib/python3.12/site-packages/airflow/example_dags/example_python_operator.py
[2024-12-21T21:24:12.028+0000] {logging_mixin.py:190} INFO - [2024-12-21T21:24:12.028+0000] {dag.py:3239} INFO - Sync 1 DAGs
[2024-12-21T21:24:12.058+0000] {logging_mixin.py:190} INFO - [2024-12-21T21:24:12.057+0000] {dag.py:4180} INFO - Setting next_dagrun for example_python_operator to None, run_after=None
[2024-12-21T21:24:12.096+0000] {processor.py:208} INFO - Processing /home/airflow/.local/lib/python3.12/site-packages/airflow/example_dags/example_python_operator.py took 0.160 seconds
[2024-12-21T21:26:32.237+0000] {processor.py:186} INFO - Started process (PID=316) to work on /home/airflow/.local/lib/python3.12/site-packages/airflow/example_dags/example_python_operator.py
[2024-12-21T21:26:32.239+0000] {processor.py:914} INFO - Processing file /home/airflow/.local/lib/python3.12/site-packages/airflow/example_dags/example_python_operator.py for tasks to queue
[2024-12-21T21:26:32.244+0000] {logging_mixin.py:190} INFO - [2024-12-21T21:26:32.243+0000] {dagbag.py:588} INFO - Filling up the DagBag from /home/airflow/.local/lib/python3.12/site-packages/airflow/example_dags/example_python_operator.py
[2024-12-21T21:26:32.278+0000] {processor.py:925} INFO - DAG(s) 'example_python_operator' retrieved from /home/airflow/.local/lib/python3.12/site-packages/airflow/example_dags/example_python_operator.py
[2024-12-21T21:26:32.649+0000] {logging_mixin.py:190} INFO - [2024-12-21T21:26:32.648+0000] {dag.py:3239} INFO - Sync 1 DAGs
[2024-12-21T21:26:32.686+0000] {logging_mixin.py:190} INFO - [2024-12-21T21:26:32.685+0000] {dag.py:4180} INFO - Setting next_dagrun for example_python_operator to None, run_after=None
[2024-12-21T21:26:32.763+0000] {processor.py:208} INFO - Processing /home/airflow/.local/lib/python3.12/site-packages/airflow/example_dags/example_python_operator.py took 0.541 seconds
[2024-12-21T21:27:03.400+0000] {processor.py:186} INFO - Started process (PID=607) to work on /home/airflow/.local/lib/python3.12/site-packages/airflow/example_dags/example_python_operator.py
[2024-12-21T21:27:03.402+0000] {processor.py:914} INFO - Processing file /home/airflow/.local/lib/python3.12/site-packages/airflow/example_dags/example_python_operator.py for tasks to queue
[2024-12-21T21:27:03.406+0000] {logging_mixin.py:190} INFO - [2024-12-21T21:27:03.406+0000] {dagbag.py:588} INFO - Filling up the DagBag from /home/airflow/.local/lib/python3.12/site-packages/airflow/example_dags/example_python_operator.py
[2024-12-21T21:27:03.436+0000] {processor.py:925} INFO - DAG(s) 'example_python_operator' retrieved from /home/airflow/.local/lib/python3.12/site-packages/airflow/example_dags/example_python_operator.py
[2024-12-21T21:27:03.484+0000] {logging_mixin.py:190} INFO - [2024-12-21T21:27:03.484+0000] {dag.py:3239} INFO - Sync 1 DAGs
[2024-12-21T21:27:03.524+0000] {logging_mixin.py:190} INFO - [2024-12-21T21:27:03.523+0000] {dag.py:4180} INFO - Setting next_dagrun for example_python_operator to None, run_after=None
[2024-12-21T21:27:03.563+0000] {processor.py:208} INFO - Processing /home/airflow/.local/lib/python3.12/site-packages/airflow/example_dags/example_python_operator.py took 0.173 seconds
[2024-12-21T21:27:35.427+0000] {processor.py:186} INFO - Started process (PID=903) to work on /home/airflow/.local/lib/python3.12/site-packages/airflow/example_dags/example_python_operator.py
[2024-12-21T21:27:35.428+0000] {processor.py:914} INFO - Processing file /home/airflow/.local/lib/python3.12/site-packages/airflow/example_dags/example_python_operator.py for tasks to queue
[2024-12-21T21:27:35.433+0000] {logging_mixin.py:190} INFO - [2024-12-21T21:27:35.432+0000] {dagbag.py:588} INFO - Filling up the DagBag from /home/airflow/.local/lib/python3.12/site-packages/airflow/example_dags/example_python_operator.py
[2024-12-21T21:27:35.456+0000] {processor.py:925} INFO - DAG(s) 'example_python_operator' retrieved from /home/airflow/.local/lib/python3.12/site-packages/airflow/example_dags/example_python_operator.py
[2024-12-21T21:27:35.512+0000] {logging_mixin.py:190} INFO - [2024-12-21T21:27:35.511+0000] {dag.py:3239} INFO - Sync 1 DAGs
[2024-12-21T21:27:35.561+0000] {logging_mixin.py:190} INFO - [2024-12-21T21:27:35.560+0000] {dag.py:4180} INFO - Setting next_dagrun for example_python_operator to None, run_after=None
[2024-12-21T21:27:35.611+0000] {processor.py:208} INFO - Processing /home/airflow/.local/lib/python3.12/site-packages/airflow/example_dags/example_python_operator.py took 0.194 seconds
[2024-12-21T21:28:07.283+0000] {processor.py:186} INFO - Started process (PID=1199) to work on /home/airflow/.local/lib/python3.12/site-packages/airflow/example_dags/example_python_operator.py
[2024-12-21T21:28:07.285+0000] {processor.py:914} INFO - Processing file /home/airflow/.local/lib/python3.12/site-packages/airflow/example_dags/example_python_operator.py for tasks to queue
[2024-12-21T21:28:07.289+0000] {logging_mixin.py:190} INFO - [2024-12-21T21:28:07.289+0000] {dagbag.py:588} INFO - Filling up the DagBag from /home/airflow/.local/lib/python3.12/site-packages/airflow/example_dags/example_python_operator.py
[2024-12-21T21:28:07.312+0000] {processor.py:925} INFO - DAG(s) 'example_python_operator' retrieved from /home/airflow/.local/lib/python3.12/site-packages/airflow/example_dags/example_python_operator.py
[2024-12-21T21:28:07.357+0000] {logging_mixin.py:190} INFO - [2024-12-21T21:28:07.356+0000] {dag.py:3239} INFO - Sync 1 DAGs
[2024-12-21T21:28:07.388+0000] {logging_mixin.py:190} INFO - [2024-12-21T21:28:07.388+0000] {dag.py:4180} INFO - Setting next_dagrun for example_python_operator to None, run_after=None
[2024-12-21T21:28:07.434+0000] {processor.py:208} INFO - Processing /home/airflow/.local/lib/python3.12/site-packages/airflow/example_dags/example_python_operator.py took 0.161 seconds
[2024-12-21T21:28:39.217+0000] {processor.py:186} INFO - Started process (PID=1495) to work on /home/airflow/.local/lib/python3.12/site-packages/airflow/example_dags/example_python_operator.py
[2024-12-21T21:28:39.219+0000] {processor.py:914} INFO - Processing file /home/airflow/.local/lib/python3.12/site-packages/airflow/example_dags/example_python_operator.py for tasks to queue
[2024-12-21T21:28:39.224+0000] {logging_mixin.py:190} INFO - [2024-12-21T21:28:39.223+0000] {dagbag.py:588} INFO - Filling up the DagBag from /home/airflow/.local/lib/python3.12/site-packages/airflow/example_dags/example_python_operator.py
[2024-12-21T21:28:39.252+0000] {processor.py:925} INFO - DAG(s) 'example_python_operator' retrieved from /home/airflow/.local/lib/python3.12/site-packages/airflow/example_dags/example_python_operator.py
[2024-12-21T21:28:39.304+0000] {logging_mixin.py:190} INFO - [2024-12-21T21:28:39.303+0000] {dag.py:3239} INFO - Sync 1 DAGs
[2024-12-21T21:28:39.333+0000] {logging_mixin.py:190} INFO - [2024-12-21T21:28:39.332+0000] {dag.py:4180} INFO - Setting next_dagrun for example_python_operator to None, run_after=None
[2024-12-21T21:28:39.373+0000] {processor.py:208} INFO - Processing /home/airflow/.local/lib/python3.12/site-packages/airflow/example_dags/example_python_operator.py took 0.167 seconds
[2024-12-21T21:29:10.067+0000] {processor.py:186} INFO - Started process (PID=1791) to work on /home/airflow/.local/lib/python3.12/site-packages/airflow/example_dags/example_python_operator.py
[2024-12-21T21:29:10.075+0000] {processor.py:914} INFO - Processing file /home/airflow/.local/lib/python3.12/site-packages/airflow/example_dags/example_python_operator.py for tasks to queue
[2024-12-21T21:29:10.079+0000] {logging_mixin.py:190} INFO - [2024-12-21T21:29:10.078+0000] {dagbag.py:588} INFO - Filling up the DagBag from /home/airflow/.local/lib/python3.12/site-packages/airflow/example_dags/example_python_operator.py
[2024-12-21T21:29:10.107+0000] {processor.py:925} INFO - DAG(s) 'example_python_operator' retrieved from /home/airflow/.local/lib/python3.12/site-packages/airflow/example_dags/example_python_operator.py
[2024-12-21T21:29:10.162+0000] {logging_mixin.py:190} INFO - [2024-12-21T21:29:10.161+0000] {dag.py:3239} INFO - Sync 1 DAGs
[2024-12-21T21:29:10.202+0000] {logging_mixin.py:190} INFO - [2024-12-21T21:29:10.202+0000] {dag.py:4180} INFO - Setting next_dagrun for example_python_operator to None, run_after=None
[2024-12-21T21:29:10.241+0000] {processor.py:208} INFO - Processing /home/airflow/.local/lib/python3.12/site-packages/airflow/example_dags/example_python_operator.py took 0.185 seconds
[2024-12-21T21:29:40.900+0000] {processor.py:186} INFO - Started process (PID=2083) to work on /home/airflow/.local/lib/python3.12/site-packages/airflow/example_dags/example_python_operator.py
[2024-12-21T21:29:40.902+0000] {processor.py:914} INFO - Processing file /home/airflow/.local/lib/python3.12/site-packages/airflow/example_dags/example_python_operator.py for tasks to queue
[2024-12-21T21:29:40.907+0000] {logging_mixin.py:190} INFO - [2024-12-21T21:29:40.906+0000] {dagbag.py:588} INFO - Filling up the DagBag from /home/airflow/.local/lib/python3.12/site-packages/airflow/example_dags/example_python_operator.py
[2024-12-21T21:29:40.929+0000] {processor.py:925} INFO - DAG(s) 'example_python_operator' retrieved from /home/airflow/.local/lib/python3.12/site-packages/airflow/example_dags/example_python_operator.py
[2024-12-21T21:29:40.973+0000] {logging_mixin.py:190} INFO - [2024-12-21T21:29:40.972+0000] {dag.py:3239} INFO - Sync 1 DAGs
[2024-12-21T21:29:41.004+0000] {logging_mixin.py:190} INFO - [2024-12-21T21:29:41.003+0000] {dag.py:4180} INFO - Setting next_dagrun for example_python_operator to None, run_after=None
[2024-12-21T21:29:41.040+0000] {processor.py:208} INFO - Processing /home/airflow/.local/lib/python3.12/site-packages/airflow/example_dags/example_python_operator.py took 0.150 seconds
[2024-12-21T21:30:11.369+0000] {processor.py:186} INFO - Started process (PID=2379) to work on /home/airflow/.local/lib/python3.12/site-packages/airflow/example_dags/example_python_operator.py
[2024-12-21T21:30:11.371+0000] {processor.py:914} INFO - Processing file /home/airflow/.local/lib/python3.12/site-packages/airflow/example_dags/example_python_operator.py for tasks to queue
[2024-12-21T21:30:11.377+0000] {logging_mixin.py:190} INFO - [2024-12-21T21:30:11.376+0000] {dagbag.py:588} INFO - Filling up the DagBag from /home/airflow/.local/lib/python3.12/site-packages/airflow/example_dags/example_python_operator.py
[2024-12-21T21:30:11.404+0000] {processor.py:925} INFO - DAG(s) 'example_python_operator' retrieved from /home/airflow/.local/lib/python3.12/site-packages/airflow/example_dags/example_python_operator.py
[2024-12-21T21:30:11.451+0000] {logging_mixin.py:190} INFO - [2024-12-21T21:30:11.450+0000] {dag.py:3239} INFO - Sync 1 DAGs
[2024-12-21T21:30:11.483+0000] {logging_mixin.py:190} INFO - [2024-12-21T21:30:11.482+0000] {dag.py:4180} INFO - Setting next_dagrun for example_python_operator to None, run_after=None
[2024-12-21T21:30:11.527+0000] {processor.py:208} INFO - Processing /home/airflow/.local/lib/python3.12/site-packages/airflow/example_dags/example_python_operator.py took 0.176 seconds
[2024-12-21T21:30:41.715+0000] {processor.py:186} INFO - Started process (PID=2672) to work on /home/airflow/.local/lib/python3.12/site-packages/airflow/example_dags/example_python_operator.py
[2024-12-21T21:30:41.717+0000] {processor.py:914} INFO - Processing file /home/airflow/.local/lib/python3.12/site-packages/airflow/example_dags/example_python_operator.py for tasks to queue
[2024-12-21T21:30:41.722+0000] {logging_mixin.py:190} INFO - [2024-12-21T21:30:41.721+0000] {dagbag.py:588} INFO - Filling up the DagBag from /home/airflow/.local/lib/python3.12/site-packages/airflow/example_dags/example_python_operator.py
[2024-12-21T21:30:41.747+0000] {processor.py:925} INFO - DAG(s) 'example_python_operator' retrieved from /home/airflow/.local/lib/python3.12/site-packages/airflow/example_dags/example_python_operator.py
[2024-12-21T21:30:41.797+0000] {logging_mixin.py:190} INFO - [2024-12-21T21:30:41.796+0000] {dag.py:3239} INFO - Sync 1 DAGs
[2024-12-21T21:30:41.832+0000] {logging_mixin.py:190} INFO - [2024-12-21T21:30:41.832+0000] {dag.py:4180} INFO - Setting next_dagrun for example_python_operator to None, run_after=None
[2024-12-21T21:30:41.869+0000] {processor.py:208} INFO - Processing /home/airflow/.local/lib/python3.12/site-packages/airflow/example_dags/example_python_operator.py took 0.164 seconds
[2024-12-21T21:31:12.031+0000] {processor.py:186} INFO - Started process (PID=2968) to work on /home/airflow/.local/lib/python3.12/site-packages/airflow/example_dags/example_python_operator.py
[2024-12-21T21:31:12.032+0000] {processor.py:914} INFO - Processing file /home/airflow/.local/lib/python3.12/site-packages/airflow/example_dags/example_python_operator.py for tasks to queue
[2024-12-21T21:31:12.037+0000] {logging_mixin.py:190} INFO - [2024-12-21T21:31:12.036+0000] {dagbag.py:588} INFO - Filling up the DagBag from /home/airflow/.local/lib/python3.12/site-packages/airflow/example_dags/example_python_operator.py
[2024-12-21T21:31:12.060+0000] {processor.py:925} INFO - DAG(s) 'example_python_operator' retrieved from /home/airflow/.local/lib/python3.12/site-packages/airflow/example_dags/example_python_operator.py
[2024-12-21T21:31:12.105+0000] {logging_mixin.py:190} INFO - [2024-12-21T21:31:12.104+0000] {dag.py:3239} INFO - Sync 1 DAGs
[2024-12-21T21:31:12.137+0000] {logging_mixin.py:190} INFO - [2024-12-21T21:31:12.137+0000] {dag.py:4180} INFO - Setting next_dagrun for example_python_operator to None, run_after=None
[2024-12-21T21:31:12.174+0000] {processor.py:208} INFO - Processing /home/airflow/.local/lib/python3.12/site-packages/airflow/example_dags/example_python_operator.py took 0.154 seconds
[2024-12-21T21:31:42.576+0000] {processor.py:186} INFO - Started process (PID=3263) to work on /home/airflow/.local/lib/python3.12/site-packages/airflow/example_dags/example_python_operator.py
[2024-12-21T21:31:42.578+0000] {processor.py:914} INFO - Processing file /home/airflow/.local/lib/python3.12/site-packages/airflow/example_dags/example_python_operator.py for tasks to queue
[2024-12-21T21:31:42.582+0000] {logging_mixin.py:190} INFO - [2024-12-21T21:31:42.581+0000] {dagbag.py:588} INFO - Filling up the DagBag from /home/airflow/.local/lib/python3.12/site-packages/airflow/example_dags/example_python_operator.py
[2024-12-21T21:31:42.607+0000] {processor.py:925} INFO - DAG(s) 'example_python_operator' retrieved from /home/airflow/.local/lib/python3.12/site-packages/airflow/example_dags/example_python_operator.py
[2024-12-21T21:31:42.653+0000] {logging_mixin.py:190} INFO - [2024-12-21T21:31:42.652+0000] {dag.py:3239} INFO - Sync 1 DAGs
[2024-12-21T21:31:42.690+0000] {logging_mixin.py:190} INFO - [2024-12-21T21:31:42.689+0000] {dag.py:4180} INFO - Setting next_dagrun for example_python_operator to None, run_after=None
[2024-12-21T21:31:42.733+0000] {processor.py:208} INFO - Processing /home/airflow/.local/lib/python3.12/site-packages/airflow/example_dags/example_python_operator.py took 0.169 seconds
[2024-12-21T21:32:12.938+0000] {processor.py:186} INFO - Started process (PID=3559) to work on /home/airflow/.local/lib/python3.12/site-packages/airflow/example_dags/example_python_operator.py
[2024-12-21T21:32:12.940+0000] {processor.py:914} INFO - Processing file /home/airflow/.local/lib/python3.12/site-packages/airflow/example_dags/example_python_operator.py for tasks to queue
[2024-12-21T21:32:12.944+0000] {logging_mixin.py:190} INFO - [2024-12-21T21:32:12.943+0000] {dagbag.py:588} INFO - Filling up the DagBag from /home/airflow/.local/lib/python3.12/site-packages/airflow/example_dags/example_python_operator.py
[2024-12-21T21:32:12.966+0000] {processor.py:925} INFO - DAG(s) 'example_python_operator' retrieved from /home/airflow/.local/lib/python3.12/site-packages/airflow/example_dags/example_python_operator.py
[2024-12-21T21:32:13.016+0000] {logging_mixin.py:190} INFO - [2024-12-21T21:32:13.015+0000] {dag.py:3239} INFO - Sync 1 DAGs
[2024-12-21T21:32:13.045+0000] {logging_mixin.py:190} INFO - [2024-12-21T21:32:13.045+0000] {dag.py:4180} INFO - Setting next_dagrun for example_python_operator to None, run_after=None
[2024-12-21T21:32:13.087+0000] {processor.py:208} INFO - Processing /home/airflow/.local/lib/python3.12/site-packages/airflow/example_dags/example_python_operator.py took 0.158 seconds
[2024-12-21T21:32:43.532+0000] {processor.py:186} INFO - Started process (PID=3857) to work on /home/airflow/.local/lib/python3.12/site-packages/airflow/example_dags/example_python_operator.py
[2024-12-21T21:32:43.535+0000] {processor.py:914} INFO - Processing file /home/airflow/.local/lib/python3.12/site-packages/airflow/example_dags/example_python_operator.py for tasks to queue
[2024-12-21T21:32:43.539+0000] {logging_mixin.py:190} INFO - [2024-12-21T21:32:43.539+0000] {dagbag.py:588} INFO - Filling up the DagBag from /home/airflow/.local/lib/python3.12/site-packages/airflow/example_dags/example_python_operator.py
[2024-12-21T21:32:43.560+0000] {processor.py:925} INFO - DAG(s) 'example_python_operator' retrieved from /home/airflow/.local/lib/python3.12/site-packages/airflow/example_dags/example_python_operator.py
[2024-12-21T21:32:43.606+0000] {logging_mixin.py:190} INFO - [2024-12-21T21:32:43.605+0000] {dag.py:3239} INFO - Sync 1 DAGs
[2024-12-21T21:32:43.636+0000] {logging_mixin.py:190} INFO - [2024-12-21T21:32:43.635+0000] {dag.py:4180} INFO - Setting next_dagrun for example_python_operator to None, run_after=None
[2024-12-21T21:32:43.698+0000] {processor.py:208} INFO - Processing /home/airflow/.local/lib/python3.12/site-packages/airflow/example_dags/example_python_operator.py took 0.176 seconds
[2024-12-21T21:33:13.812+0000] {processor.py:186} INFO - Started process (PID=4151) to work on /home/airflow/.local/lib/python3.12/site-packages/airflow/example_dags/example_python_operator.py
[2024-12-21T21:33:13.815+0000] {processor.py:914} INFO - Processing file /home/airflow/.local/lib/python3.12/site-packages/airflow/example_dags/example_python_operator.py for tasks to queue
[2024-12-21T21:33:13.819+0000] {logging_mixin.py:190} INFO - [2024-12-21T21:33:13.819+0000] {dagbag.py:588} INFO - Filling up the DagBag from /home/airflow/.local/lib/python3.12/site-packages/airflow/example_dags/example_python_operator.py
[2024-12-21T21:33:13.848+0000] {processor.py:925} INFO - DAG(s) 'example_python_operator' retrieved from /home/airflow/.local/lib/python3.12/site-packages/airflow/example_dags/example_python_operator.py
[2024-12-21T21:33:13.906+0000] {logging_mixin.py:190} INFO - [2024-12-21T21:33:13.906+0000] {dag.py:3239} INFO - Sync 1 DAGs
[2024-12-21T21:33:13.943+0000] {logging_mixin.py:190} INFO - [2024-12-21T21:33:13.942+0000] {dag.py:4180} INFO - Setting next_dagrun for example_python_operator to None, run_after=None
[2024-12-21T21:33:13.988+0000] {processor.py:208} INFO - Processing /home/airflow/.local/lib/python3.12/site-packages/airflow/example_dags/example_python_operator.py took 0.189 seconds
[2024-12-21T21:33:44.184+0000] {processor.py:186} INFO - Started process (PID=4447) to work on /home/airflow/.local/lib/python3.12/site-packages/airflow/example_dags/example_python_operator.py
[2024-12-21T21:33:44.186+0000] {processor.py:914} INFO - Processing file /home/airflow/.local/lib/python3.12/site-packages/airflow/example_dags/example_python_operator.py for tasks to queue
[2024-12-21T21:33:44.190+0000] {logging_mixin.py:190} INFO - [2024-12-21T21:33:44.190+0000] {dagbag.py:588} INFO - Filling up the DagBag from /home/airflow/.local/lib/python3.12/site-packages/airflow/example_dags/example_python_operator.py
[2024-12-21T21:33:44.217+0000] {processor.py:925} INFO - DAG(s) 'example_python_operator' retrieved from /home/airflow/.local/lib/python3.12/site-packages/airflow/example_dags/example_python_operator.py
[2024-12-21T21:33:44.264+0000] {logging_mixin.py:190} INFO - [2024-12-21T21:33:44.263+0000] {dag.py:3239} INFO - Sync 1 DAGs
[2024-12-21T21:33:44.296+0000] {logging_mixin.py:190} INFO - [2024-12-21T21:33:44.295+0000] {dag.py:4180} INFO - Setting next_dagrun for example_python_operator to None, run_after=None
[2024-12-21T21:33:44.335+0000] {processor.py:208} INFO - Processing /home/airflow/.local/lib/python3.12/site-packages/airflow/example_dags/example_python_operator.py took 0.161 seconds
[2024-12-21T21:34:15.129+0000] {processor.py:186} INFO - Started process (PID=4743) to work on /home/airflow/.local/lib/python3.12/site-packages/airflow/example_dags/example_python_operator.py
[2024-12-21T21:34:15.131+0000] {processor.py:914} INFO - Processing file /home/airflow/.local/lib/python3.12/site-packages/airflow/example_dags/example_python_operator.py for tasks to queue
[2024-12-21T21:34:15.136+0000] {logging_mixin.py:190} INFO - [2024-12-21T21:34:15.135+0000] {dagbag.py:588} INFO - Filling up the DagBag from /home/airflow/.local/lib/python3.12/site-packages/airflow/example_dags/example_python_operator.py
[2024-12-21T21:34:15.168+0000] {processor.py:925} INFO - DAG(s) 'example_python_operator' retrieved from /home/airflow/.local/lib/python3.12/site-packages/airflow/example_dags/example_python_operator.py
[2024-12-21T21:34:15.217+0000] {logging_mixin.py:190} INFO - [2024-12-21T21:34:15.216+0000] {dag.py:3239} INFO - Sync 1 DAGs
[2024-12-21T21:34:15.245+0000] {logging_mixin.py:190} INFO - [2024-12-21T21:34:15.245+0000] {dag.py:4180} INFO - Setting next_dagrun for example_python_operator to None, run_after=None
[2024-12-21T21:34:15.307+0000] {processor.py:208} INFO - Processing /home/airflow/.local/lib/python3.12/site-packages/airflow/example_dags/example_python_operator.py took 0.188 seconds
[2024-12-21T21:34:45.973+0000] {processor.py:186} INFO - Started process (PID=5042) to work on /home/airflow/.local/lib/python3.12/site-packages/airflow/example_dags/example_python_operator.py
[2024-12-21T21:34:45.975+0000] {processor.py:914} INFO - Processing file /home/airflow/.local/lib/python3.12/site-packages/airflow/example_dags/example_python_operator.py for tasks to queue
[2024-12-21T21:34:45.986+0000] {logging_mixin.py:190} INFO - [2024-12-21T21:34:45.985+0000] {dagbag.py:588} INFO - Filling up the DagBag from /home/airflow/.local/lib/python3.12/site-packages/airflow/example_dags/example_python_operator.py
[2024-12-21T21:34:46.024+0000] {processor.py:925} INFO - DAG(s) 'example_python_operator' retrieved from /home/airflow/.local/lib/python3.12/site-packages/airflow/example_dags/example_python_operator.py
[2024-12-21T21:34:46.074+0000] {logging_mixin.py:190} INFO - [2024-12-21T21:34:46.073+0000] {dag.py:3239} INFO - Sync 1 DAGs
[2024-12-21T21:34:46.104+0000] {logging_mixin.py:190} INFO - [2024-12-21T21:34:46.103+0000] {dag.py:4180} INFO - Setting next_dagrun for example_python_operator to None, run_after=None
[2024-12-21T21:34:46.170+0000] {processor.py:208} INFO - Processing /home/airflow/.local/lib/python3.12/site-packages/airflow/example_dags/example_python_operator.py took 0.210 seconds
[2024-12-21T21:35:16.528+0000] {processor.py:186} INFO - Started process (PID=5338) to work on /home/airflow/.local/lib/python3.12/site-packages/airflow/example_dags/example_python_operator.py
[2024-12-21T21:35:16.531+0000] {processor.py:914} INFO - Processing file /home/airflow/.local/lib/python3.12/site-packages/airflow/example_dags/example_python_operator.py for tasks to queue
[2024-12-21T21:35:16.536+0000] {logging_mixin.py:190} INFO - [2024-12-21T21:35:16.536+0000] {dagbag.py:588} INFO - Filling up the DagBag from /home/airflow/.local/lib/python3.12/site-packages/airflow/example_dags/example_python_operator.py
[2024-12-21T21:35:16.568+0000] {processor.py:925} INFO - DAG(s) 'example_python_operator' retrieved from /home/airflow/.local/lib/python3.12/site-packages/airflow/example_dags/example_python_operator.py
[2024-12-21T21:35:16.625+0000] {logging_mixin.py:190} INFO - [2024-12-21T21:35:16.624+0000] {dag.py:3239} INFO - Sync 1 DAGs
[2024-12-21T21:35:16.659+0000] {logging_mixin.py:190} INFO - [2024-12-21T21:35:16.659+0000] {dag.py:4180} INFO - Setting next_dagrun for example_python_operator to None, run_after=None
[2024-12-21T21:35:16.721+0000] {processor.py:208} INFO - Processing /home/airflow/.local/lib/python3.12/site-packages/airflow/example_dags/example_python_operator.py took 0.206 seconds
[2024-12-21T21:35:47.791+0000] {processor.py:186} INFO - Started process (PID=5634) to work on /home/airflow/.local/lib/python3.12/site-packages/airflow/example_dags/example_python_operator.py
[2024-12-21T21:35:47.793+0000] {processor.py:914} INFO - Processing file /home/airflow/.local/lib/python3.12/site-packages/airflow/example_dags/example_python_operator.py for tasks to queue
[2024-12-21T21:35:47.797+0000] {logging_mixin.py:190} INFO - [2024-12-21T21:35:47.796+0000] {dagbag.py:588} INFO - Filling up the DagBag from /home/airflow/.local/lib/python3.12/site-packages/airflow/example_dags/example_python_operator.py
[2024-12-21T21:35:47.825+0000] {processor.py:925} INFO - DAG(s) 'example_python_operator' retrieved from /home/airflow/.local/lib/python3.12/site-packages/airflow/example_dags/example_python_operator.py
[2024-12-21T21:35:47.873+0000] {logging_mixin.py:190} INFO - [2024-12-21T21:35:47.872+0000] {dag.py:3239} INFO - Sync 1 DAGs
[2024-12-21T21:35:47.906+0000] {logging_mixin.py:190} INFO - [2024-12-21T21:35:47.906+0000] {dag.py:4180} INFO - Setting next_dagrun for example_python_operator to None, run_after=None
[2024-12-21T21:35:47.970+0000] {processor.py:208} INFO - Processing /home/airflow/.local/lib/python3.12/site-packages/airflow/example_dags/example_python_operator.py took 0.191 seconds
[2024-12-21T21:36:18.154+0000] {processor.py:186} INFO - Started process (PID=5930) to work on /home/airflow/.local/lib/python3.12/site-packages/airflow/example_dags/example_python_operator.py
[2024-12-21T21:36:18.156+0000] {processor.py:914} INFO - Processing file /home/airflow/.local/lib/python3.12/site-packages/airflow/example_dags/example_python_operator.py for tasks to queue
[2024-12-21T21:36:18.161+0000] {logging_mixin.py:190} INFO - [2024-12-21T21:36:18.160+0000] {dagbag.py:588} INFO - Filling up the DagBag from /home/airflow/.local/lib/python3.12/site-packages/airflow/example_dags/example_python_operator.py
[2024-12-21T21:36:18.186+0000] {processor.py:925} INFO - DAG(s) 'example_python_operator' retrieved from /home/airflow/.local/lib/python3.12/site-packages/airflow/example_dags/example_python_operator.py
[2024-12-21T21:36:18.233+0000] {logging_mixin.py:190} INFO - [2024-12-21T21:36:18.233+0000] {dag.py:3239} INFO - Sync 1 DAGs
[2024-12-21T21:36:18.264+0000] {logging_mixin.py:190} INFO - [2024-12-21T21:36:18.264+0000] {dag.py:4180} INFO - Setting next_dagrun for example_python_operator to None, run_after=None
[2024-12-21T21:36:18.332+0000] {processor.py:208} INFO - Processing /home/airflow/.local/lib/python3.12/site-packages/airflow/example_dags/example_python_operator.py took 0.192 seconds
[2024-12-21T21:36:48.536+0000] {processor.py:186} INFO - Started process (PID=6226) to work on /home/airflow/.local/lib/python3.12/site-packages/airflow/example_dags/example_python_operator.py
[2024-12-21T21:36:48.538+0000] {processor.py:914} INFO - Processing file /home/airflow/.local/lib/python3.12/site-packages/airflow/example_dags/example_python_operator.py for tasks to queue
[2024-12-21T21:36:48.542+0000] {logging_mixin.py:190} INFO - [2024-12-21T21:36:48.542+0000] {dagbag.py:588} INFO - Filling up the DagBag from /home/airflow/.local/lib/python3.12/site-packages/airflow/example_dags/example_python_operator.py
[2024-12-21T21:36:48.565+0000] {processor.py:925} INFO - DAG(s) 'example_python_operator' retrieved from /home/airflow/.local/lib/python3.12/site-packages/airflow/example_dags/example_python_operator.py
[2024-12-21T21:36:48.614+0000] {logging_mixin.py:190} INFO - [2024-12-21T21:36:48.613+0000] {dag.py:3239} INFO - Sync 1 DAGs
[2024-12-21T21:36:48.644+0000] {logging_mixin.py:190} INFO - [2024-12-21T21:36:48.644+0000] {dag.py:4180} INFO - Setting next_dagrun for example_python_operator to None, run_after=None
[2024-12-21T21:36:48.691+0000] {processor.py:208} INFO - Processing /home/airflow/.local/lib/python3.12/site-packages/airflow/example_dags/example_python_operator.py took 0.167 seconds
[2024-12-21T21:37:19.065+0000] {processor.py:186} INFO - Started process (PID=6522) to work on /home/airflow/.local/lib/python3.12/site-packages/airflow/example_dags/example_python_operator.py
[2024-12-21T21:37:19.067+0000] {processor.py:914} INFO - Processing file /home/airflow/.local/lib/python3.12/site-packages/airflow/example_dags/example_python_operator.py for tasks to queue
[2024-12-21T21:37:19.072+0000] {logging_mixin.py:190} INFO - [2024-12-21T21:37:19.071+0000] {dagbag.py:588} INFO - Filling up the DagBag from /home/airflow/.local/lib/python3.12/site-packages/airflow/example_dags/example_python_operator.py
[2024-12-21T21:37:19.098+0000] {processor.py:925} INFO - DAG(s) 'example_python_operator' retrieved from /home/airflow/.local/lib/python3.12/site-packages/airflow/example_dags/example_python_operator.py
[2024-12-21T21:37:19.140+0000] {logging_mixin.py:190} INFO - [2024-12-21T21:37:19.140+0000] {dag.py:3239} INFO - Sync 1 DAGs
[2024-12-21T21:37:19.171+0000] {logging_mixin.py:190} INFO - [2024-12-21T21:37:19.170+0000] {dag.py:4180} INFO - Setting next_dagrun for example_python_operator to None, run_after=None
[2024-12-21T21:37:19.235+0000] {processor.py:208} INFO - Processing /home/airflow/.local/lib/python3.12/site-packages/airflow/example_dags/example_python_operator.py took 0.180 seconds
[2024-12-21T21:37:49.727+0000] {processor.py:186} INFO - Started process (PID=6816) to work on /home/airflow/.local/lib/python3.12/site-packages/airflow/example_dags/example_python_operator.py
[2024-12-21T21:37:49.730+0000] {processor.py:914} INFO - Processing file /home/airflow/.local/lib/python3.12/site-packages/airflow/example_dags/example_python_operator.py for tasks to queue
[2024-12-21T21:37:49.734+0000] {logging_mixin.py:190} INFO - [2024-12-21T21:37:49.733+0000] {dagbag.py:588} INFO - Filling up the DagBag from /home/airflow/.local/lib/python3.12/site-packages/airflow/example_dags/example_python_operator.py
[2024-12-21T21:37:49.760+0000] {processor.py:925} INFO - DAG(s) 'example_python_operator' retrieved from /home/airflow/.local/lib/python3.12/site-packages/airflow/example_dags/example_python_operator.py
[2024-12-21T21:37:49.810+0000] {logging_mixin.py:190} INFO - [2024-12-21T21:37:49.810+0000] {dag.py:3239} INFO - Sync 1 DAGs
[2024-12-21T21:37:49.845+0000] {logging_mixin.py:190} INFO - [2024-12-21T21:37:49.844+0000] {dag.py:4180} INFO - Setting next_dagrun for example_python_operator to None, run_after=None
[2024-12-21T21:37:49.927+0000] {processor.py:208} INFO - Processing /home/airflow/.local/lib/python3.12/site-packages/airflow/example_dags/example_python_operator.py took 0.210 seconds
[2024-12-21T21:38:21.629+0000] {processor.py:186} INFO - Started process (PID=7112) to work on /home/airflow/.local/lib/python3.12/site-packages/airflow/example_dags/example_python_operator.py
[2024-12-21T21:38:21.632+0000] {processor.py:914} INFO - Processing file /home/airflow/.local/lib/python3.12/site-packages/airflow/example_dags/example_python_operator.py for tasks to queue
[2024-12-21T21:38:21.638+0000] {logging_mixin.py:190} INFO - [2024-12-21T21:38:21.637+0000] {dagbag.py:588} INFO - Filling up the DagBag from /home/airflow/.local/lib/python3.12/site-packages/airflow/example_dags/example_python_operator.py
[2024-12-21T21:38:21.684+0000] {processor.py:925} INFO - DAG(s) 'example_python_operator' retrieved from /home/airflow/.local/lib/python3.12/site-packages/airflow/example_dags/example_python_operator.py
[2024-12-21T21:38:21.745+0000] {logging_mixin.py:190} INFO - [2024-12-21T21:38:21.744+0000] {dag.py:3239} INFO - Sync 1 DAGs
[2024-12-21T21:38:21.784+0000] {logging_mixin.py:190} INFO - [2024-12-21T21:38:21.783+0000] {dag.py:4180} INFO - Setting next_dagrun for example_python_operator to None, run_after=None
[2024-12-21T21:38:21.829+0000] {processor.py:208} INFO - Processing /home/airflow/.local/lib/python3.12/site-packages/airflow/example_dags/example_python_operator.py took 0.219 seconds
[2024-12-21T21:38:53.450+0000] {processor.py:186} INFO - Started process (PID=7400) to work on /home/airflow/.local/lib/python3.12/site-packages/airflow/example_dags/example_python_operator.py
[2024-12-21T21:38:53.456+0000] {processor.py:914} INFO - Processing file /home/airflow/.local/lib/python3.12/site-packages/airflow/example_dags/example_python_operator.py for tasks to queue
[2024-12-21T21:38:53.465+0000] {logging_mixin.py:190} INFO - [2024-12-21T21:38:53.464+0000] {dagbag.py:588} INFO - Filling up the DagBag from /home/airflow/.local/lib/python3.12/site-packages/airflow/example_dags/example_python_operator.py
[2024-12-21T21:38:53.504+0000] {processor.py:925} INFO - DAG(s) 'example_python_operator' retrieved from /home/airflow/.local/lib/python3.12/site-packages/airflow/example_dags/example_python_operator.py
[2024-12-21T21:38:53.585+0000] {logging_mixin.py:190} INFO - [2024-12-21T21:38:53.584+0000] {dag.py:3239} INFO - Sync 1 DAGs
[2024-12-21T21:38:53.625+0000] {logging_mixin.py:190} INFO - [2024-12-21T21:38:53.625+0000] {dag.py:4180} INFO - Setting next_dagrun for example_python_operator to None, run_after=None
[2024-12-21T21:38:53.699+0000] {processor.py:208} INFO - Processing /home/airflow/.local/lib/python3.12/site-packages/airflow/example_dags/example_python_operator.py took 0.271 seconds
[2024-12-21T21:39:24.417+0000] {processor.py:186} INFO - Started process (PID=7689) to work on /home/airflow/.local/lib/python3.12/site-packages/airflow/example_dags/example_python_operator.py
[2024-12-21T21:39:24.419+0000] {processor.py:914} INFO - Processing file /home/airflow/.local/lib/python3.12/site-packages/airflow/example_dags/example_python_operator.py for tasks to queue
[2024-12-21T21:39:24.424+0000] {logging_mixin.py:190} INFO - [2024-12-21T21:39:24.423+0000] {dagbag.py:588} INFO - Filling up the DagBag from /home/airflow/.local/lib/python3.12/site-packages/airflow/example_dags/example_python_operator.py
[2024-12-21T21:39:24.451+0000] {processor.py:925} INFO - DAG(s) 'example_python_operator' retrieved from /home/airflow/.local/lib/python3.12/site-packages/airflow/example_dags/example_python_operator.py
[2024-12-21T21:39:24.501+0000] {logging_mixin.py:190} INFO - [2024-12-21T21:39:24.501+0000] {dag.py:3239} INFO - Sync 1 DAGs
[2024-12-21T21:39:24.532+0000] {logging_mixin.py:190} INFO - [2024-12-21T21:39:24.532+0000] {dag.py:4180} INFO - Setting next_dagrun for example_python_operator to None, run_after=None
[2024-12-21T21:39:24.599+0000] {processor.py:208} INFO - Processing /home/airflow/.local/lib/python3.12/site-packages/airflow/example_dags/example_python_operator.py took 0.196 seconds
[2024-12-21T21:39:55.588+0000] {processor.py:186} INFO - Started process (PID=7977) to work on /home/airflow/.local/lib/python3.12/site-packages/airflow/example_dags/example_python_operator.py
[2024-12-21T21:39:55.591+0000] {processor.py:914} INFO - Processing file /home/airflow/.local/lib/python3.12/site-packages/airflow/example_dags/example_python_operator.py for tasks to queue
[2024-12-21T21:39:55.597+0000] {logging_mixin.py:190} INFO - [2024-12-21T21:39:55.596+0000] {dagbag.py:588} INFO - Filling up the DagBag from /home/airflow/.local/lib/python3.12/site-packages/airflow/example_dags/example_python_operator.py
[2024-12-21T21:39:55.641+0000] {processor.py:925} INFO - DAG(s) 'example_python_operator' retrieved from /home/airflow/.local/lib/python3.12/site-packages/airflow/example_dags/example_python_operator.py
[2024-12-21T21:39:55.716+0000] {logging_mixin.py:190} INFO - [2024-12-21T21:39:55.716+0000] {dag.py:3239} INFO - Sync 1 DAGs
[2024-12-21T21:39:55.760+0000] {logging_mixin.py:190} INFO - [2024-12-21T21:39:55.759+0000] {dag.py:4180} INFO - Setting next_dagrun for example_python_operator to None, run_after=None
[2024-12-21T21:39:55.835+0000] {processor.py:208} INFO - Processing /home/airflow/.local/lib/python3.12/site-packages/airflow/example_dags/example_python_operator.py took 0.263 seconds
[2024-12-21T21:40:26.855+0000] {processor.py:186} INFO - Started process (PID=8276) to work on /home/airflow/.local/lib/python3.12/site-packages/airflow/example_dags/example_python_operator.py
[2024-12-21T21:40:26.857+0000] {processor.py:914} INFO - Processing file /home/airflow/.local/lib/python3.12/site-packages/airflow/example_dags/example_python_operator.py for tasks to queue
[2024-12-21T21:40:26.863+0000] {logging_mixin.py:190} INFO - [2024-12-21T21:40:26.862+0000] {dagbag.py:588} INFO - Filling up the DagBag from /home/airflow/.local/lib/python3.12/site-packages/airflow/example_dags/example_python_operator.py
[2024-12-21T21:40:26.898+0000] {processor.py:925} INFO - DAG(s) 'example_python_operator' retrieved from /home/airflow/.local/lib/python3.12/site-packages/airflow/example_dags/example_python_operator.py
[2024-12-21T21:40:26.959+0000] {logging_mixin.py:190} INFO - [2024-12-21T21:40:26.958+0000] {dag.py:3239} INFO - Sync 1 DAGs
[2024-12-21T21:40:27.001+0000] {logging_mixin.py:190} INFO - [2024-12-21T21:40:27.000+0000] {dag.py:4180} INFO - Setting next_dagrun for example_python_operator to None, run_after=None
[2024-12-21T21:40:27.054+0000] {processor.py:208} INFO - Processing /home/airflow/.local/lib/python3.12/site-packages/airflow/example_dags/example_python_operator.py took 0.214 seconds
