[2024-12-21T21:11:17.065+0000] {processor.py:186} INFO - Started process (PID=287) to work on /home/airflow/.local/lib/python3.12/site-packages/airflow/example_dags/example_nested_branch_dag.py
[2024-12-21T21:11:17.067+0000] {processor.py:914} INFO - Processing file /home/airflow/.local/lib/python3.12/site-packages/airflow/example_dags/example_nested_branch_dag.py for tasks to queue
[2024-12-21T21:11:17.073+0000] {logging_mixin.py:190} INFO - [2024-12-21T21:11:17.072+0000] {dagbag.py:588} INFO - Filling up the DagBag from /home/airflow/.local/lib/python3.12/site-packages/airflow/example_dags/example_nested_branch_dag.py
[2024-12-21T21:11:17.109+0000] {processor.py:925} INFO - DAG(s) 'example_nested_branch_dag' retrieved from /home/airflow/.local/lib/python3.12/site-packages/airflow/example_dags/example_nested_branch_dag.py
[2024-12-21T21:11:17.380+0000] {logging_mixin.py:190} INFO - [2024-12-21T21:11:17.378+0000] {override.py:1911} INFO - Created Permission View: can delete on DAG:example_nested_branch_dag
[2024-12-21T21:11:17.399+0000] {logging_mixin.py:190} INFO - [2024-12-21T21:11:17.399+0000] {override.py:1911} INFO - Created Permission View: can edit on DAG:example_nested_branch_dag
[2024-12-21T21:11:17.414+0000] {logging_mixin.py:190} INFO - [2024-12-21T21:11:17.413+0000] {override.py:1911} INFO - Created Permission View: can read on DAG:example_nested_branch_dag
[2024-12-21T21:11:17.431+0000] {logging_mixin.py:190} INFO - [2024-12-21T21:11:17.430+0000] {override.py:1911} INFO - Created Permission View: can delete on DAG Run:example_nested_branch_dag
[2024-12-21T21:11:17.447+0000] {logging_mixin.py:190} INFO - [2024-12-21T21:11:17.446+0000] {override.py:1911} INFO - Created Permission View: can read on DAG Run:example_nested_branch_dag
[2024-12-21T21:11:17.463+0000] {logging_mixin.py:190} INFO - [2024-12-21T21:11:17.462+0000] {override.py:1911} INFO - Created Permission View: can create on DAG Run:example_nested_branch_dag
[2024-12-21T21:11:17.480+0000] {logging_mixin.py:190} INFO - [2024-12-21T21:11:17.480+0000] {override.py:1911} INFO - Created Permission View: menu access on DAG Run:example_nested_branch_dag
[2024-12-21T21:11:17.482+0000] {logging_mixin.py:190} INFO - [2024-12-21T21:11:17.482+0000] {dag.py:3239} INFO - Sync 1 DAGs
[2024-12-21T21:11:17.509+0000] {logging_mixin.py:190} INFO - [2024-12-21T21:11:17.508+0000] {dag.py:3262} INFO - Creating ORM DAG for example_nested_branch_dag
[2024-12-21T21:11:17.533+0000] {logging_mixin.py:190} INFO - [2024-12-21T21:11:17.532+0000] {dag.py:4180} INFO - Setting next_dagrun for example_nested_branch_dag to 2024-12-20 00:00:00+00:00, run_after=2024-12-21 00:00:00+00:00
[2024-12-21T21:11:17.568+0000] {processor.py:208} INFO - Processing /home/airflow/.local/lib/python3.12/site-packages/airflow/example_dags/example_nested_branch_dag.py took 0.515 seconds
[2024-12-21T21:11:48.513+0000] {processor.py:186} INFO - Started process (PID=583) to work on /home/airflow/.local/lib/python3.12/site-packages/airflow/example_dags/example_nested_branch_dag.py
[2024-12-21T21:11:48.515+0000] {processor.py:914} INFO - Processing file /home/airflow/.local/lib/python3.12/site-packages/airflow/example_dags/example_nested_branch_dag.py for tasks to queue
[2024-12-21T21:11:48.519+0000] {logging_mixin.py:190} INFO - [2024-12-21T21:11:48.518+0000] {dagbag.py:588} INFO - Filling up the DagBag from /home/airflow/.local/lib/python3.12/site-packages/airflow/example_dags/example_nested_branch_dag.py
[2024-12-21T21:11:48.544+0000] {processor.py:925} INFO - DAG(s) 'example_nested_branch_dag' retrieved from /home/airflow/.local/lib/python3.12/site-packages/airflow/example_dags/example_nested_branch_dag.py
[2024-12-21T21:11:48.592+0000] {logging_mixin.py:190} INFO - [2024-12-21T21:11:48.592+0000] {dag.py:3239} INFO - Sync 1 DAGs
[2024-12-21T21:11:48.651+0000] {logging_mixin.py:190} INFO - [2024-12-21T21:11:48.651+0000] {dag.py:4180} INFO - Setting next_dagrun for example_nested_branch_dag to 2024-12-20 00:00:00+00:00, run_after=2024-12-21 00:00:00+00:00
[2024-12-21T21:11:48.694+0000] {processor.py:208} INFO - Processing /home/airflow/.local/lib/python3.12/site-packages/airflow/example_dags/example_nested_branch_dag.py took 0.191 seconds
[2024-12-21T21:12:19.864+0000] {processor.py:186} INFO - Started process (PID=879) to work on /home/airflow/.local/lib/python3.12/site-packages/airflow/example_dags/example_nested_branch_dag.py
[2024-12-21T21:12:19.867+0000] {processor.py:914} INFO - Processing file /home/airflow/.local/lib/python3.12/site-packages/airflow/example_dags/example_nested_branch_dag.py for tasks to queue
[2024-12-21T21:12:19.871+0000] {logging_mixin.py:190} INFO - [2024-12-21T21:12:19.870+0000] {dagbag.py:588} INFO - Filling up the DagBag from /home/airflow/.local/lib/python3.12/site-packages/airflow/example_dags/example_nested_branch_dag.py
[2024-12-21T21:12:19.892+0000] {processor.py:925} INFO - DAG(s) 'example_nested_branch_dag' retrieved from /home/airflow/.local/lib/python3.12/site-packages/airflow/example_dags/example_nested_branch_dag.py
[2024-12-21T21:12:19.948+0000] {logging_mixin.py:190} INFO - [2024-12-21T21:12:19.947+0000] {dag.py:3239} INFO - Sync 1 DAGs
[2024-12-21T21:12:20.011+0000] {logging_mixin.py:190} INFO - [2024-12-21T21:12:20.010+0000] {dag.py:4180} INFO - Setting next_dagrun for example_nested_branch_dag to 2024-12-20 00:00:00+00:00, run_after=2024-12-21 00:00:00+00:00
[2024-12-21T21:12:20.076+0000] {processor.py:208} INFO - Processing /home/airflow/.local/lib/python3.12/site-packages/airflow/example_dags/example_nested_branch_dag.py took 0.226 seconds
[2024-12-21T21:12:50.363+0000] {processor.py:186} INFO - Started process (PID=1170) to work on /home/airflow/.local/lib/python3.12/site-packages/airflow/example_dags/example_nested_branch_dag.py
[2024-12-21T21:12:50.365+0000] {processor.py:914} INFO - Processing file /home/airflow/.local/lib/python3.12/site-packages/airflow/example_dags/example_nested_branch_dag.py for tasks to queue
[2024-12-21T21:12:50.373+0000] {logging_mixin.py:190} INFO - [2024-12-21T21:12:50.372+0000] {dagbag.py:588} INFO - Filling up the DagBag from /home/airflow/.local/lib/python3.12/site-packages/airflow/example_dags/example_nested_branch_dag.py
[2024-12-21T21:12:50.406+0000] {processor.py:925} INFO - DAG(s) 'example_nested_branch_dag' retrieved from /home/airflow/.local/lib/python3.12/site-packages/airflow/example_dags/example_nested_branch_dag.py
[2024-12-21T21:12:50.452+0000] {logging_mixin.py:190} INFO - [2024-12-21T21:12:50.452+0000] {dag.py:3239} INFO - Sync 1 DAGs
[2024-12-21T21:12:50.511+0000] {logging_mixin.py:190} INFO - [2024-12-21T21:12:50.510+0000] {dag.py:4180} INFO - Setting next_dagrun for example_nested_branch_dag to 2024-12-20 00:00:00+00:00, run_after=2024-12-21 00:00:00+00:00
[2024-12-21T21:12:50.572+0000] {processor.py:208} INFO - Processing /home/airflow/.local/lib/python3.12/site-packages/airflow/example_dags/example_nested_branch_dag.py took 0.228 seconds
[2024-12-21T21:13:20.770+0000] {processor.py:186} INFO - Started process (PID=1463) to work on /home/airflow/.local/lib/python3.12/site-packages/airflow/example_dags/example_nested_branch_dag.py
[2024-12-21T21:13:20.772+0000] {processor.py:914} INFO - Processing file /home/airflow/.local/lib/python3.12/site-packages/airflow/example_dags/example_nested_branch_dag.py for tasks to queue
[2024-12-21T21:13:20.776+0000] {logging_mixin.py:190} INFO - [2024-12-21T21:13:20.776+0000] {dagbag.py:588} INFO - Filling up the DagBag from /home/airflow/.local/lib/python3.12/site-packages/airflow/example_dags/example_nested_branch_dag.py
[2024-12-21T21:13:20.796+0000] {processor.py:925} INFO - DAG(s) 'example_nested_branch_dag' retrieved from /home/airflow/.local/lib/python3.12/site-packages/airflow/example_dags/example_nested_branch_dag.py
[2024-12-21T21:13:20.836+0000] {logging_mixin.py:190} INFO - [2024-12-21T21:13:20.836+0000] {dag.py:3239} INFO - Sync 1 DAGs
[2024-12-21T21:13:20.887+0000] {logging_mixin.py:190} INFO - [2024-12-21T21:13:20.887+0000] {dag.py:4180} INFO - Setting next_dagrun for example_nested_branch_dag to 2024-12-20 00:00:00+00:00, run_after=2024-12-21 00:00:00+00:00
[2024-12-21T21:13:20.926+0000] {processor.py:208} INFO - Processing /home/airflow/.local/lib/python3.12/site-packages/airflow/example_dags/example_nested_branch_dag.py took 0.168 seconds
[2024-12-21T21:13:51.628+0000] {processor.py:186} INFO - Started process (PID=1759) to work on /home/airflow/.local/lib/python3.12/site-packages/airflow/example_dags/example_nested_branch_dag.py
[2024-12-21T21:13:51.630+0000] {processor.py:914} INFO - Processing file /home/airflow/.local/lib/python3.12/site-packages/airflow/example_dags/example_nested_branch_dag.py for tasks to queue
[2024-12-21T21:13:51.635+0000] {logging_mixin.py:190} INFO - [2024-12-21T21:13:51.634+0000] {dagbag.py:588} INFO - Filling up the DagBag from /home/airflow/.local/lib/python3.12/site-packages/airflow/example_dags/example_nested_branch_dag.py
[2024-12-21T21:13:51.670+0000] {processor.py:925} INFO - DAG(s) 'example_nested_branch_dag' retrieved from /home/airflow/.local/lib/python3.12/site-packages/airflow/example_dags/example_nested_branch_dag.py
[2024-12-21T21:13:51.759+0000] {logging_mixin.py:190} INFO - [2024-12-21T21:13:51.758+0000] {dag.py:3239} INFO - Sync 1 DAGs
[2024-12-21T21:13:51.819+0000] {logging_mixin.py:190} INFO - [2024-12-21T21:13:51.818+0000] {dag.py:4180} INFO - Setting next_dagrun for example_nested_branch_dag to 2024-12-20 00:00:00+00:00, run_after=2024-12-21 00:00:00+00:00
[2024-12-21T21:13:51.872+0000] {processor.py:208} INFO - Processing /home/airflow/.local/lib/python3.12/site-packages/airflow/example_dags/example_nested_branch_dag.py took 0.262 seconds
[2024-12-21T21:14:22.676+0000] {processor.py:186} INFO - Started process (PID=2055) to work on /home/airflow/.local/lib/python3.12/site-packages/airflow/example_dags/example_nested_branch_dag.py
[2024-12-21T21:14:22.681+0000] {processor.py:914} INFO - Processing file /home/airflow/.local/lib/python3.12/site-packages/airflow/example_dags/example_nested_branch_dag.py for tasks to queue
[2024-12-21T21:14:22.689+0000] {logging_mixin.py:190} INFO - [2024-12-21T21:14:22.689+0000] {dagbag.py:588} INFO - Filling up the DagBag from /home/airflow/.local/lib/python3.12/site-packages/airflow/example_dags/example_nested_branch_dag.py
[2024-12-21T21:14:22.742+0000] {processor.py:925} INFO - DAG(s) 'example_nested_branch_dag' retrieved from /home/airflow/.local/lib/python3.12/site-packages/airflow/example_dags/example_nested_branch_dag.py
[2024-12-21T21:14:22.796+0000] {logging_mixin.py:190} INFO - [2024-12-21T21:14:22.796+0000] {dag.py:3239} INFO - Sync 1 DAGs
[2024-12-21T21:14:22.860+0000] {logging_mixin.py:190} INFO - [2024-12-21T21:14:22.859+0000] {dag.py:4180} INFO - Setting next_dagrun for example_nested_branch_dag to 2024-12-20 00:00:00+00:00, run_after=2024-12-21 00:00:00+00:00
[2024-12-21T21:14:22.908+0000] {processor.py:208} INFO - Processing /home/airflow/.local/lib/python3.12/site-packages/airflow/example_dags/example_nested_branch_dag.py took 0.258 seconds
[2024-12-21T21:14:53.194+0000] {processor.py:186} INFO - Started process (PID=2351) to work on /home/airflow/.local/lib/python3.12/site-packages/airflow/example_dags/example_nested_branch_dag.py
[2024-12-21T21:14:53.196+0000] {processor.py:914} INFO - Processing file /home/airflow/.local/lib/python3.12/site-packages/airflow/example_dags/example_nested_branch_dag.py for tasks to queue
[2024-12-21T21:14:53.201+0000] {logging_mixin.py:190} INFO - [2024-12-21T21:14:53.200+0000] {dagbag.py:588} INFO - Filling up the DagBag from /home/airflow/.local/lib/python3.12/site-packages/airflow/example_dags/example_nested_branch_dag.py
[2024-12-21T21:14:53.223+0000] {processor.py:925} INFO - DAG(s) 'example_nested_branch_dag' retrieved from /home/airflow/.local/lib/python3.12/site-packages/airflow/example_dags/example_nested_branch_dag.py
[2024-12-21T21:14:53.271+0000] {logging_mixin.py:190} INFO - [2024-12-21T21:14:53.270+0000] {dag.py:3239} INFO - Sync 1 DAGs
[2024-12-21T21:14:53.329+0000] {logging_mixin.py:190} INFO - [2024-12-21T21:14:53.329+0000] {dag.py:4180} INFO - Setting next_dagrun for example_nested_branch_dag to 2024-12-20 00:00:00+00:00, run_after=2024-12-21 00:00:00+00:00
[2024-12-21T21:14:53.370+0000] {processor.py:208} INFO - Processing /home/airflow/.local/lib/python3.12/site-packages/airflow/example_dags/example_nested_branch_dag.py took 0.188 seconds
[2024-12-21T21:15:23.613+0000] {processor.py:186} INFO - Started process (PID=2647) to work on /home/airflow/.local/lib/python3.12/site-packages/airflow/example_dags/example_nested_branch_dag.py
[2024-12-21T21:15:23.615+0000] {processor.py:914} INFO - Processing file /home/airflow/.local/lib/python3.12/site-packages/airflow/example_dags/example_nested_branch_dag.py for tasks to queue
[2024-12-21T21:15:23.620+0000] {logging_mixin.py:190} INFO - [2024-12-21T21:15:23.619+0000] {dagbag.py:588} INFO - Filling up the DagBag from /home/airflow/.local/lib/python3.12/site-packages/airflow/example_dags/example_nested_branch_dag.py
[2024-12-21T21:15:23.642+0000] {processor.py:925} INFO - DAG(s) 'example_nested_branch_dag' retrieved from /home/airflow/.local/lib/python3.12/site-packages/airflow/example_dags/example_nested_branch_dag.py
[2024-12-21T21:15:23.687+0000] {logging_mixin.py:190} INFO - [2024-12-21T21:15:23.687+0000] {dag.py:3239} INFO - Sync 1 DAGs
[2024-12-21T21:15:23.744+0000] {logging_mixin.py:190} INFO - [2024-12-21T21:15:23.743+0000] {dag.py:4180} INFO - Setting next_dagrun for example_nested_branch_dag to 2024-12-20 00:00:00+00:00, run_after=2024-12-21 00:00:00+00:00
[2024-12-21T21:15:23.787+0000] {processor.py:208} INFO - Processing /home/airflow/.local/lib/python3.12/site-packages/airflow/example_dags/example_nested_branch_dag.py took 0.184 seconds
[2024-12-21T21:15:54.363+0000] {processor.py:186} INFO - Started process (PID=2943) to work on /home/airflow/.local/lib/python3.12/site-packages/airflow/example_dags/example_nested_branch_dag.py
[2024-12-21T21:15:54.366+0000] {processor.py:914} INFO - Processing file /home/airflow/.local/lib/python3.12/site-packages/airflow/example_dags/example_nested_branch_dag.py for tasks to queue
[2024-12-21T21:15:54.375+0000] {logging_mixin.py:190} INFO - [2024-12-21T21:15:54.374+0000] {dagbag.py:588} INFO - Filling up the DagBag from /home/airflow/.local/lib/python3.12/site-packages/airflow/example_dags/example_nested_branch_dag.py
[2024-12-21T21:15:54.427+0000] {processor.py:925} INFO - DAG(s) 'example_nested_branch_dag' retrieved from /home/airflow/.local/lib/python3.12/site-packages/airflow/example_dags/example_nested_branch_dag.py
[2024-12-21T21:15:54.513+0000] {logging_mixin.py:190} INFO - [2024-12-21T21:15:54.512+0000] {dag.py:3239} INFO - Sync 1 DAGs
[2024-12-21T21:15:54.637+0000] {logging_mixin.py:190} INFO - [2024-12-21T21:15:54.635+0000] {dag.py:4180} INFO - Setting next_dagrun for example_nested_branch_dag to 2024-12-20 00:00:00+00:00, run_after=2024-12-21 00:00:00+00:00
[2024-12-21T21:15:54.723+0000] {processor.py:208} INFO - Processing /home/airflow/.local/lib/python3.12/site-packages/airflow/example_dags/example_nested_branch_dag.py took 0.397 seconds
[2024-12-21T21:16:25.095+0000] {processor.py:186} INFO - Started process (PID=3239) to work on /home/airflow/.local/lib/python3.12/site-packages/airflow/example_dags/example_nested_branch_dag.py
[2024-12-21T21:16:25.097+0000] {processor.py:914} INFO - Processing file /home/airflow/.local/lib/python3.12/site-packages/airflow/example_dags/example_nested_branch_dag.py for tasks to queue
[2024-12-21T21:16:25.102+0000] {logging_mixin.py:190} INFO - [2024-12-21T21:16:25.101+0000] {dagbag.py:588} INFO - Filling up the DagBag from /home/airflow/.local/lib/python3.12/site-packages/airflow/example_dags/example_nested_branch_dag.py
[2024-12-21T21:16:25.127+0000] {processor.py:925} INFO - DAG(s) 'example_nested_branch_dag' retrieved from /home/airflow/.local/lib/python3.12/site-packages/airflow/example_dags/example_nested_branch_dag.py
[2024-12-21T21:16:25.176+0000] {logging_mixin.py:190} INFO - [2024-12-21T21:16:25.175+0000] {dag.py:3239} INFO - Sync 1 DAGs
[2024-12-21T21:16:25.236+0000] {logging_mixin.py:190} INFO - [2024-12-21T21:16:25.235+0000] {dag.py:4180} INFO - Setting next_dagrun for example_nested_branch_dag to 2024-12-20 00:00:00+00:00, run_after=2024-12-21 00:00:00+00:00
[2024-12-21T21:16:25.289+0000] {processor.py:208} INFO - Processing /home/airflow/.local/lib/python3.12/site-packages/airflow/example_dags/example_nested_branch_dag.py took 0.207 seconds
[2024-12-21T21:16:55.771+0000] {processor.py:186} INFO - Started process (PID=3545) to work on /home/airflow/.local/lib/python3.12/site-packages/airflow/example_dags/example_nested_branch_dag.py
[2024-12-21T21:16:55.773+0000] {processor.py:914} INFO - Processing file /home/airflow/.local/lib/python3.12/site-packages/airflow/example_dags/example_nested_branch_dag.py for tasks to queue
[2024-12-21T21:16:55.778+0000] {logging_mixin.py:190} INFO - [2024-12-21T21:16:55.778+0000] {dagbag.py:588} INFO - Filling up the DagBag from /home/airflow/.local/lib/python3.12/site-packages/airflow/example_dags/example_nested_branch_dag.py
[2024-12-21T21:16:55.807+0000] {processor.py:925} INFO - DAG(s) 'example_nested_branch_dag' retrieved from /home/airflow/.local/lib/python3.12/site-packages/airflow/example_dags/example_nested_branch_dag.py
[2024-12-21T21:16:55.885+0000] {logging_mixin.py:190} INFO - [2024-12-21T21:16:55.885+0000] {dag.py:3239} INFO - Sync 1 DAGs
[2024-12-21T21:16:55.980+0000] {logging_mixin.py:190} INFO - [2024-12-21T21:16:55.979+0000] {dag.py:4180} INFO - Setting next_dagrun for example_nested_branch_dag to 2024-12-20 00:00:00+00:00, run_after=2024-12-21 00:00:00+00:00
[2024-12-21T21:16:56.032+0000] {processor.py:208} INFO - Processing /home/airflow/.local/lib/python3.12/site-packages/airflow/example_dags/example_nested_branch_dag.py took 0.274 seconds
[2024-12-21T21:17:26.391+0000] {processor.py:186} INFO - Started process (PID=3841) to work on /home/airflow/.local/lib/python3.12/site-packages/airflow/example_dags/example_nested_branch_dag.py
[2024-12-21T21:17:26.393+0000] {processor.py:914} INFO - Processing file /home/airflow/.local/lib/python3.12/site-packages/airflow/example_dags/example_nested_branch_dag.py for tasks to queue
[2024-12-21T21:17:26.397+0000] {logging_mixin.py:190} INFO - [2024-12-21T21:17:26.397+0000] {dagbag.py:588} INFO - Filling up the DagBag from /home/airflow/.local/lib/python3.12/site-packages/airflow/example_dags/example_nested_branch_dag.py
[2024-12-21T21:17:26.417+0000] {processor.py:925} INFO - DAG(s) 'example_nested_branch_dag' retrieved from /home/airflow/.local/lib/python3.12/site-packages/airflow/example_dags/example_nested_branch_dag.py
[2024-12-21T21:17:26.464+0000] {logging_mixin.py:190} INFO - [2024-12-21T21:17:26.464+0000] {dag.py:3239} INFO - Sync 1 DAGs
[2024-12-21T21:17:26.523+0000] {logging_mixin.py:190} INFO - [2024-12-21T21:17:26.522+0000] {dag.py:4180} INFO - Setting next_dagrun for example_nested_branch_dag to 2024-12-20 00:00:00+00:00, run_after=2024-12-21 00:00:00+00:00
[2024-12-21T21:17:26.560+0000] {processor.py:208} INFO - Processing /home/airflow/.local/lib/python3.12/site-packages/airflow/example_dags/example_nested_branch_dag.py took 0.183 seconds
[2024-12-21T21:17:56.997+0000] {processor.py:186} INFO - Started process (PID=4137) to work on /home/airflow/.local/lib/python3.12/site-packages/airflow/example_dags/example_nested_branch_dag.py
[2024-12-21T21:17:57.000+0000] {processor.py:914} INFO - Processing file /home/airflow/.local/lib/python3.12/site-packages/airflow/example_dags/example_nested_branch_dag.py for tasks to queue
[2024-12-21T21:17:57.006+0000] {logging_mixin.py:190} INFO - [2024-12-21T21:17:57.005+0000] {dagbag.py:588} INFO - Filling up the DagBag from /home/airflow/.local/lib/python3.12/site-packages/airflow/example_dags/example_nested_branch_dag.py
[2024-12-21T21:17:57.043+0000] {processor.py:925} INFO - DAG(s) 'example_nested_branch_dag' retrieved from /home/airflow/.local/lib/python3.12/site-packages/airflow/example_dags/example_nested_branch_dag.py
[2024-12-21T21:17:57.102+0000] {logging_mixin.py:190} INFO - [2024-12-21T21:17:57.101+0000] {dag.py:3239} INFO - Sync 1 DAGs
[2024-12-21T21:17:57.163+0000] {logging_mixin.py:190} INFO - [2024-12-21T21:17:57.162+0000] {dag.py:4180} INFO - Setting next_dagrun for example_nested_branch_dag to 2024-12-20 00:00:00+00:00, run_after=2024-12-21 00:00:00+00:00
[2024-12-21T21:17:57.232+0000] {processor.py:208} INFO - Processing /home/airflow/.local/lib/python3.12/site-packages/airflow/example_dags/example_nested_branch_dag.py took 0.251 seconds
[2024-12-21T21:18:27.652+0000] {processor.py:186} INFO - Started process (PID=4428) to work on /home/airflow/.local/lib/python3.12/site-packages/airflow/example_dags/example_nested_branch_dag.py
[2024-12-21T21:18:27.654+0000] {processor.py:914} INFO - Processing file /home/airflow/.local/lib/python3.12/site-packages/airflow/example_dags/example_nested_branch_dag.py for tasks to queue
[2024-12-21T21:18:27.660+0000] {logging_mixin.py:190} INFO - [2024-12-21T21:18:27.659+0000] {dagbag.py:588} INFO - Filling up the DagBag from /home/airflow/.local/lib/python3.12/site-packages/airflow/example_dags/example_nested_branch_dag.py
[2024-12-21T21:18:27.689+0000] {processor.py:925} INFO - DAG(s) 'example_nested_branch_dag' retrieved from /home/airflow/.local/lib/python3.12/site-packages/airflow/example_dags/example_nested_branch_dag.py
[2024-12-21T21:18:27.743+0000] {logging_mixin.py:190} INFO - [2024-12-21T21:18:27.742+0000] {dag.py:3239} INFO - Sync 1 DAGs
[2024-12-21T21:18:27.814+0000] {logging_mixin.py:190} INFO - [2024-12-21T21:18:27.814+0000] {dag.py:4180} INFO - Setting next_dagrun for example_nested_branch_dag to 2024-12-20 00:00:00+00:00, run_after=2024-12-21 00:00:00+00:00
[2024-12-21T21:18:27.862+0000] {processor.py:208} INFO - Processing /home/airflow/.local/lib/python3.12/site-packages/airflow/example_dags/example_nested_branch_dag.py took 0.225 seconds
[2024-12-21T21:18:59.554+0000] {processor.py:186} INFO - Started process (PID=4722) to work on /home/airflow/.local/lib/python3.12/site-packages/airflow/example_dags/example_nested_branch_dag.py
[2024-12-21T21:18:59.556+0000] {processor.py:914} INFO - Processing file /home/airflow/.local/lib/python3.12/site-packages/airflow/example_dags/example_nested_branch_dag.py for tasks to queue
[2024-12-21T21:18:59.562+0000] {logging_mixin.py:190} INFO - [2024-12-21T21:18:59.561+0000] {dagbag.py:588} INFO - Filling up the DagBag from /home/airflow/.local/lib/python3.12/site-packages/airflow/example_dags/example_nested_branch_dag.py
[2024-12-21T21:18:59.587+0000] {processor.py:925} INFO - DAG(s) 'example_nested_branch_dag' retrieved from /home/airflow/.local/lib/python3.12/site-packages/airflow/example_dags/example_nested_branch_dag.py
[2024-12-21T21:18:59.630+0000] {logging_mixin.py:190} INFO - [2024-12-21T21:18:59.629+0000] {dag.py:3239} INFO - Sync 1 DAGs
[2024-12-21T21:18:59.681+0000] {logging_mixin.py:190} INFO - [2024-12-21T21:18:59.681+0000] {dag.py:4180} INFO - Setting next_dagrun for example_nested_branch_dag to 2024-12-20 00:00:00+00:00, run_after=2024-12-21 00:00:00+00:00
[2024-12-21T21:18:59.722+0000] {processor.py:208} INFO - Processing /home/airflow/.local/lib/python3.12/site-packages/airflow/example_dags/example_nested_branch_dag.py took 0.182 seconds
[2024-12-21T21:19:30.025+0000] {processor.py:186} INFO - Started process (PID=5003) to work on /home/airflow/.local/lib/python3.12/site-packages/airflow/example_dags/example_nested_branch_dag.py
[2024-12-21T21:19:30.028+0000] {processor.py:914} INFO - Processing file /home/airflow/.local/lib/python3.12/site-packages/airflow/example_dags/example_nested_branch_dag.py for tasks to queue
[2024-12-21T21:19:30.034+0000] {logging_mixin.py:190} INFO - [2024-12-21T21:19:30.034+0000] {dagbag.py:588} INFO - Filling up the DagBag from /home/airflow/.local/lib/python3.12/site-packages/airflow/example_dags/example_nested_branch_dag.py
[2024-12-21T21:19:30.067+0000] {processor.py:925} INFO - DAG(s) 'example_nested_branch_dag' retrieved from /home/airflow/.local/lib/python3.12/site-packages/airflow/example_dags/example_nested_branch_dag.py
[2024-12-21T21:19:30.116+0000] {logging_mixin.py:190} INFO - [2024-12-21T21:19:30.116+0000] {dag.py:3239} INFO - Sync 1 DAGs
[2024-12-21T21:19:30.181+0000] {logging_mixin.py:190} INFO - [2024-12-21T21:19:30.180+0000] {dag.py:4180} INFO - Setting next_dagrun for example_nested_branch_dag to 2024-12-20 00:00:00+00:00, run_after=2024-12-21 00:00:00+00:00
[2024-12-21T21:19:30.232+0000] {processor.py:208} INFO - Processing /home/airflow/.local/lib/python3.12/site-packages/airflow/example_dags/example_nested_branch_dag.py took 0.223 seconds
[2024-12-21T21:20:00.554+0000] {processor.py:186} INFO - Started process (PID=5268) to work on /home/airflow/.local/lib/python3.12/site-packages/airflow/example_dags/example_nested_branch_dag.py
[2024-12-21T21:20:00.556+0000] {processor.py:914} INFO - Processing file /home/airflow/.local/lib/python3.12/site-packages/airflow/example_dags/example_nested_branch_dag.py for tasks to queue
[2024-12-21T21:20:00.562+0000] {logging_mixin.py:190} INFO - [2024-12-21T21:20:00.561+0000] {dagbag.py:588} INFO - Filling up the DagBag from /home/airflow/.local/lib/python3.12/site-packages/airflow/example_dags/example_nested_branch_dag.py
[2024-12-21T21:20:00.589+0000] {processor.py:925} INFO - DAG(s) 'example_nested_branch_dag' retrieved from /home/airflow/.local/lib/python3.12/site-packages/airflow/example_dags/example_nested_branch_dag.py
[2024-12-21T21:20:00.634+0000] {logging_mixin.py:190} INFO - [2024-12-21T21:20:00.634+0000] {dag.py:3239} INFO - Sync 1 DAGs
[2024-12-21T21:20:00.687+0000] {logging_mixin.py:190} INFO - [2024-12-21T21:20:00.687+0000] {dag.py:4180} INFO - Setting next_dagrun for example_nested_branch_dag to 2024-12-20 00:00:00+00:00, run_after=2024-12-21 00:00:00+00:00
[2024-12-21T21:20:00.751+0000] {processor.py:208} INFO - Processing /home/airflow/.local/lib/python3.12/site-packages/airflow/example_dags/example_nested_branch_dag.py took 0.213 seconds
[2024-12-21T21:20:31.568+0000] {processor.py:186} INFO - Started process (PID=5559) to work on /home/airflow/.local/lib/python3.12/site-packages/airflow/example_dags/example_nested_branch_dag.py
[2024-12-21T21:20:31.570+0000] {processor.py:914} INFO - Processing file /home/airflow/.local/lib/python3.12/site-packages/airflow/example_dags/example_nested_branch_dag.py for tasks to queue
[2024-12-21T21:20:31.575+0000] {logging_mixin.py:190} INFO - [2024-12-21T21:20:31.574+0000] {dagbag.py:588} INFO - Filling up the DagBag from /home/airflow/.local/lib/python3.12/site-packages/airflow/example_dags/example_nested_branch_dag.py
[2024-12-21T21:20:31.604+0000] {processor.py:925} INFO - DAG(s) 'example_nested_branch_dag' retrieved from /home/airflow/.local/lib/python3.12/site-packages/airflow/example_dags/example_nested_branch_dag.py
[2024-12-21T21:20:31.656+0000] {logging_mixin.py:190} INFO - [2024-12-21T21:20:31.655+0000] {dag.py:3239} INFO - Sync 1 DAGs
[2024-12-21T21:20:31.716+0000] {logging_mixin.py:190} INFO - [2024-12-21T21:20:31.715+0000] {dag.py:4180} INFO - Setting next_dagrun for example_nested_branch_dag to 2024-12-20 00:00:00+00:00, run_after=2024-12-21 00:00:00+00:00
[2024-12-21T21:20:31.758+0000] {processor.py:208} INFO - Processing /home/airflow/.local/lib/python3.12/site-packages/airflow/example_dags/example_nested_branch_dag.py took 0.204 seconds
[2024-12-21T21:21:02.272+0000] {processor.py:186} INFO - Started process (PID=5856) to work on /home/airflow/.local/lib/python3.12/site-packages/airflow/example_dags/example_nested_branch_dag.py
[2024-12-21T21:21:02.274+0000] {processor.py:914} INFO - Processing file /home/airflow/.local/lib/python3.12/site-packages/airflow/example_dags/example_nested_branch_dag.py for tasks to queue
[2024-12-21T21:21:02.279+0000] {logging_mixin.py:190} INFO - [2024-12-21T21:21:02.279+0000] {dagbag.py:588} INFO - Filling up the DagBag from /home/airflow/.local/lib/python3.12/site-packages/airflow/example_dags/example_nested_branch_dag.py
[2024-12-21T21:21:02.307+0000] {processor.py:925} INFO - DAG(s) 'example_nested_branch_dag' retrieved from /home/airflow/.local/lib/python3.12/site-packages/airflow/example_dags/example_nested_branch_dag.py
[2024-12-21T21:21:02.350+0000] {logging_mixin.py:190} INFO - [2024-12-21T21:21:02.349+0000] {dag.py:3239} INFO - Sync 1 DAGs
[2024-12-21T21:21:02.409+0000] {logging_mixin.py:190} INFO - [2024-12-21T21:21:02.408+0000] {dag.py:4180} INFO - Setting next_dagrun for example_nested_branch_dag to 2024-12-20 00:00:00+00:00, run_after=2024-12-21 00:00:00+00:00
[2024-12-21T21:21:02.472+0000] {processor.py:208} INFO - Processing /home/airflow/.local/lib/python3.12/site-packages/airflow/example_dags/example_nested_branch_dag.py took 0.210 seconds
[2024-12-21T21:21:34.902+0000] {processor.py:186} INFO - Started process (PID=6152) to work on /home/airflow/.local/lib/python3.12/site-packages/airflow/example_dags/example_nested_branch_dag.py
[2024-12-21T21:21:34.904+0000] {processor.py:914} INFO - Processing file /home/airflow/.local/lib/python3.12/site-packages/airflow/example_dags/example_nested_branch_dag.py for tasks to queue
[2024-12-21T21:21:34.909+0000] {logging_mixin.py:190} INFO - [2024-12-21T21:21:34.909+0000] {dagbag.py:588} INFO - Filling up the DagBag from /home/airflow/.local/lib/python3.12/site-packages/airflow/example_dags/example_nested_branch_dag.py
[2024-12-21T21:21:34.956+0000] {processor.py:925} INFO - DAG(s) 'example_nested_branch_dag' retrieved from /home/airflow/.local/lib/python3.12/site-packages/airflow/example_dags/example_nested_branch_dag.py
[2024-12-21T21:21:35.070+0000] {logging_mixin.py:190} INFO - [2024-12-21T21:21:35.070+0000] {dag.py:3239} INFO - Sync 1 DAGs
[2024-12-21T21:21:35.176+0000] {logging_mixin.py:190} INFO - [2024-12-21T21:21:35.175+0000] {dag.py:4180} INFO - Setting next_dagrun for example_nested_branch_dag to 2024-12-20 00:00:00+00:00, run_after=2024-12-21 00:00:00+00:00
[2024-12-21T21:21:35.238+0000] {processor.py:208} INFO - Processing /home/airflow/.local/lib/python3.12/site-packages/airflow/example_dags/example_nested_branch_dag.py took 0.349 seconds
[2024-12-21T21:22:05.629+0000] {processor.py:186} INFO - Started process (PID=6443) to work on /home/airflow/.local/lib/python3.12/site-packages/airflow/example_dags/example_nested_branch_dag.py
[2024-12-21T21:22:05.632+0000] {processor.py:914} INFO - Processing file /home/airflow/.local/lib/python3.12/site-packages/airflow/example_dags/example_nested_branch_dag.py for tasks to queue
[2024-12-21T21:22:05.636+0000] {logging_mixin.py:190} INFO - [2024-12-21T21:22:05.636+0000] {dagbag.py:588} INFO - Filling up the DagBag from /home/airflow/.local/lib/python3.12/site-packages/airflow/example_dags/example_nested_branch_dag.py
[2024-12-21T21:22:05.656+0000] {processor.py:925} INFO - DAG(s) 'example_nested_branch_dag' retrieved from /home/airflow/.local/lib/python3.12/site-packages/airflow/example_dags/example_nested_branch_dag.py
[2024-12-21T21:22:05.701+0000] {logging_mixin.py:190} INFO - [2024-12-21T21:22:05.700+0000] {dag.py:3239} INFO - Sync 1 DAGs
[2024-12-21T21:22:05.753+0000] {logging_mixin.py:190} INFO - [2024-12-21T21:22:05.752+0000] {dag.py:4180} INFO - Setting next_dagrun for example_nested_branch_dag to 2024-12-20 00:00:00+00:00, run_after=2024-12-21 00:00:00+00:00
[2024-12-21T21:22:05.796+0000] {processor.py:208} INFO - Processing /home/airflow/.local/lib/python3.12/site-packages/airflow/example_dags/example_nested_branch_dag.py took 0.177 seconds
[2024-12-21T21:22:36.445+0000] {processor.py:186} INFO - Started process (PID=6714) to work on /home/airflow/.local/lib/python3.12/site-packages/airflow/example_dags/example_nested_branch_dag.py
[2024-12-21T21:22:36.447+0000] {processor.py:914} INFO - Processing file /home/airflow/.local/lib/python3.12/site-packages/airflow/example_dags/example_nested_branch_dag.py for tasks to queue
[2024-12-21T21:22:36.451+0000] {logging_mixin.py:190} INFO - [2024-12-21T21:22:36.450+0000] {dagbag.py:588} INFO - Filling up the DagBag from /home/airflow/.local/lib/python3.12/site-packages/airflow/example_dags/example_nested_branch_dag.py
[2024-12-21T21:22:36.472+0000] {processor.py:925} INFO - DAG(s) 'example_nested_branch_dag' retrieved from /home/airflow/.local/lib/python3.12/site-packages/airflow/example_dags/example_nested_branch_dag.py
[2024-12-21T21:22:36.520+0000] {logging_mixin.py:190} INFO - [2024-12-21T21:22:36.520+0000] {dag.py:3239} INFO - Sync 1 DAGs
[2024-12-21T21:22:36.581+0000] {logging_mixin.py:190} INFO - [2024-12-21T21:22:36.581+0000] {dag.py:4180} INFO - Setting next_dagrun for example_nested_branch_dag to 2024-12-20 00:00:00+00:00, run_after=2024-12-21 00:00:00+00:00
[2024-12-21T21:22:36.633+0000] {processor.py:208} INFO - Processing /home/airflow/.local/lib/python3.12/site-packages/airflow/example_dags/example_nested_branch_dag.py took 0.199 seconds
[2024-12-21T21:23:07.959+0000] {processor.py:186} INFO - Started process (PID=7006) to work on /home/airflow/.local/lib/python3.12/site-packages/airflow/example_dags/example_nested_branch_dag.py
[2024-12-21T21:23:07.961+0000] {processor.py:914} INFO - Processing file /home/airflow/.local/lib/python3.12/site-packages/airflow/example_dags/example_nested_branch_dag.py for tasks to queue
[2024-12-21T21:23:07.965+0000] {logging_mixin.py:190} INFO - [2024-12-21T21:23:07.964+0000] {dagbag.py:588} INFO - Filling up the DagBag from /home/airflow/.local/lib/python3.12/site-packages/airflow/example_dags/example_nested_branch_dag.py
[2024-12-21T21:23:07.986+0000] {processor.py:925} INFO - DAG(s) 'example_nested_branch_dag' retrieved from /home/airflow/.local/lib/python3.12/site-packages/airflow/example_dags/example_nested_branch_dag.py
[2024-12-21T21:23:08.029+0000] {logging_mixin.py:190} INFO - [2024-12-21T21:23:08.029+0000] {dag.py:3239} INFO - Sync 1 DAGs
[2024-12-21T21:23:08.081+0000] {logging_mixin.py:190} INFO - [2024-12-21T21:23:08.080+0000] {dag.py:4180} INFO - Setting next_dagrun for example_nested_branch_dag to 2024-12-20 00:00:00+00:00, run_after=2024-12-21 00:00:00+00:00
[2024-12-21T21:23:08.123+0000] {processor.py:208} INFO - Processing /home/airflow/.local/lib/python3.12/site-packages/airflow/example_dags/example_nested_branch_dag.py took 0.176 seconds
[2024-12-21T21:23:38.836+0000] {processor.py:186} INFO - Started process (PID=7302) to work on /home/airflow/.local/lib/python3.12/site-packages/airflow/example_dags/example_nested_branch_dag.py
[2024-12-21T21:23:38.838+0000] {processor.py:914} INFO - Processing file /home/airflow/.local/lib/python3.12/site-packages/airflow/example_dags/example_nested_branch_dag.py for tasks to queue
[2024-12-21T21:23:38.843+0000] {logging_mixin.py:190} INFO - [2024-12-21T21:23:38.842+0000] {dagbag.py:588} INFO - Filling up the DagBag from /home/airflow/.local/lib/python3.12/site-packages/airflow/example_dags/example_nested_branch_dag.py
[2024-12-21T21:23:38.869+0000] {processor.py:925} INFO - DAG(s) 'example_nested_branch_dag' retrieved from /home/airflow/.local/lib/python3.12/site-packages/airflow/example_dags/example_nested_branch_dag.py
[2024-12-21T21:23:38.917+0000] {logging_mixin.py:190} INFO - [2024-12-21T21:23:38.916+0000] {dag.py:3239} INFO - Sync 1 DAGs
[2024-12-21T21:23:38.977+0000] {logging_mixin.py:190} INFO - [2024-12-21T21:23:38.976+0000] {dag.py:4180} INFO - Setting next_dagrun for example_nested_branch_dag to 2024-12-20 00:00:00+00:00, run_after=2024-12-21 00:00:00+00:00
[2024-12-21T21:23:39.016+0000] {processor.py:208} INFO - Processing /home/airflow/.local/lib/python3.12/site-packages/airflow/example_dags/example_nested_branch_dag.py took 0.191 seconds
[2024-12-21T21:24:09.388+0000] {processor.py:186} INFO - Started process (PID=7593) to work on /home/airflow/.local/lib/python3.12/site-packages/airflow/example_dags/example_nested_branch_dag.py
[2024-12-21T21:24:09.390+0000] {processor.py:914} INFO - Processing file /home/airflow/.local/lib/python3.12/site-packages/airflow/example_dags/example_nested_branch_dag.py for tasks to queue
[2024-12-21T21:24:09.394+0000] {logging_mixin.py:190} INFO - [2024-12-21T21:24:09.393+0000] {dagbag.py:588} INFO - Filling up the DagBag from /home/airflow/.local/lib/python3.12/site-packages/airflow/example_dags/example_nested_branch_dag.py
[2024-12-21T21:24:09.417+0000] {processor.py:925} INFO - DAG(s) 'example_nested_branch_dag' retrieved from /home/airflow/.local/lib/python3.12/site-packages/airflow/example_dags/example_nested_branch_dag.py
[2024-12-21T21:24:09.468+0000] {logging_mixin.py:190} INFO - [2024-12-21T21:24:09.467+0000] {dag.py:3239} INFO - Sync 1 DAGs
[2024-12-21T21:24:09.519+0000] {logging_mixin.py:190} INFO - [2024-12-21T21:24:09.518+0000] {dag.py:4180} INFO - Setting next_dagrun for example_nested_branch_dag to 2024-12-20 00:00:00+00:00, run_after=2024-12-21 00:00:00+00:00
[2024-12-21T21:24:09.584+0000] {processor.py:208} INFO - Processing /home/airflow/.local/lib/python3.12/site-packages/airflow/example_dags/example_nested_branch_dag.py took 0.207 seconds
[2024-12-21T21:26:30.836+0000] {processor.py:186} INFO - Started process (PID=286) to work on /home/airflow/.local/lib/python3.12/site-packages/airflow/example_dags/example_nested_branch_dag.py
[2024-12-21T21:26:30.839+0000] {processor.py:914} INFO - Processing file /home/airflow/.local/lib/python3.12/site-packages/airflow/example_dags/example_nested_branch_dag.py for tasks to queue
[2024-12-21T21:26:30.843+0000] {logging_mixin.py:190} INFO - [2024-12-21T21:26:30.843+0000] {dagbag.py:588} INFO - Filling up the DagBag from /home/airflow/.local/lib/python3.12/site-packages/airflow/example_dags/example_nested_branch_dag.py
[2024-12-21T21:26:30.870+0000] {processor.py:925} INFO - DAG(s) 'example_nested_branch_dag' retrieved from /home/airflow/.local/lib/python3.12/site-packages/airflow/example_dags/example_nested_branch_dag.py
[2024-12-21T21:26:30.933+0000] {logging_mixin.py:190} INFO - [2024-12-21T21:26:30.932+0000] {dag.py:3239} INFO - Sync 1 DAGs
[2024-12-21T21:26:30.995+0000] {logging_mixin.py:190} INFO - [2024-12-21T21:26:30.994+0000] {dag.py:4180} INFO - Setting next_dagrun for example_nested_branch_dag to 2024-12-20 00:00:00+00:00, run_after=2024-12-21 00:00:00+00:00
[2024-12-21T21:26:31.047+0000] {processor.py:208} INFO - Processing /home/airflow/.local/lib/python3.12/site-packages/airflow/example_dags/example_nested_branch_dag.py took 0.224 seconds
[2024-12-21T21:27:02.686+0000] {processor.py:186} INFO - Started process (PID=582) to work on /home/airflow/.local/lib/python3.12/site-packages/airflow/example_dags/example_nested_branch_dag.py
[2024-12-21T21:27:02.688+0000] {processor.py:914} INFO - Processing file /home/airflow/.local/lib/python3.12/site-packages/airflow/example_dags/example_nested_branch_dag.py for tasks to queue
[2024-12-21T21:27:02.692+0000] {logging_mixin.py:190} INFO - [2024-12-21T21:27:02.691+0000] {dagbag.py:588} INFO - Filling up the DagBag from /home/airflow/.local/lib/python3.12/site-packages/airflow/example_dags/example_nested_branch_dag.py
[2024-12-21T21:27:02.720+0000] {processor.py:925} INFO - DAG(s) 'example_nested_branch_dag' retrieved from /home/airflow/.local/lib/python3.12/site-packages/airflow/example_dags/example_nested_branch_dag.py
[2024-12-21T21:27:02.768+0000] {logging_mixin.py:190} INFO - [2024-12-21T21:27:02.767+0000] {dag.py:3239} INFO - Sync 1 DAGs
[2024-12-21T21:27:02.817+0000] {logging_mixin.py:190} INFO - [2024-12-21T21:27:02.817+0000] {dag.py:4180} INFO - Setting next_dagrun for example_nested_branch_dag to 2024-12-20 00:00:00+00:00, run_after=2024-12-21 00:00:00+00:00
[2024-12-21T21:27:02.857+0000] {processor.py:208} INFO - Processing /home/airflow/.local/lib/python3.12/site-packages/airflow/example_dags/example_nested_branch_dag.py took 0.185 seconds
[2024-12-21T21:27:34.809+0000] {processor.py:186} INFO - Started process (PID=878) to work on /home/airflow/.local/lib/python3.12/site-packages/airflow/example_dags/example_nested_branch_dag.py
[2024-12-21T21:27:34.810+0000] {processor.py:914} INFO - Processing file /home/airflow/.local/lib/python3.12/site-packages/airflow/example_dags/example_nested_branch_dag.py for tasks to queue
[2024-12-21T21:27:34.815+0000] {logging_mixin.py:190} INFO - [2024-12-21T21:27:34.815+0000] {dagbag.py:588} INFO - Filling up the DagBag from /home/airflow/.local/lib/python3.12/site-packages/airflow/example_dags/example_nested_branch_dag.py
[2024-12-21T21:27:34.838+0000] {processor.py:925} INFO - DAG(s) 'example_nested_branch_dag' retrieved from /home/airflow/.local/lib/python3.12/site-packages/airflow/example_dags/example_nested_branch_dag.py
[2024-12-21T21:27:34.891+0000] {logging_mixin.py:190} INFO - [2024-12-21T21:27:34.891+0000] {dag.py:3239} INFO - Sync 1 DAGs
[2024-12-21T21:27:34.951+0000] {logging_mixin.py:190} INFO - [2024-12-21T21:27:34.951+0000] {dag.py:4180} INFO - Setting next_dagrun for example_nested_branch_dag to 2024-12-20 00:00:00+00:00, run_after=2024-12-21 00:00:00+00:00
[2024-12-21T21:27:34.994+0000] {processor.py:208} INFO - Processing /home/airflow/.local/lib/python3.12/site-packages/airflow/example_dags/example_nested_branch_dag.py took 0.196 seconds
[2024-12-21T21:28:06.674+0000] {processor.py:186} INFO - Started process (PID=1174) to work on /home/airflow/.local/lib/python3.12/site-packages/airflow/example_dags/example_nested_branch_dag.py
[2024-12-21T21:28:06.677+0000] {processor.py:914} INFO - Processing file /home/airflow/.local/lib/python3.12/site-packages/airflow/example_dags/example_nested_branch_dag.py for tasks to queue
[2024-12-21T21:28:06.682+0000] {logging_mixin.py:190} INFO - [2024-12-21T21:28:06.681+0000] {dagbag.py:588} INFO - Filling up the DagBag from /home/airflow/.local/lib/python3.12/site-packages/airflow/example_dags/example_nested_branch_dag.py
[2024-12-21T21:28:06.704+0000] {processor.py:925} INFO - DAG(s) 'example_nested_branch_dag' retrieved from /home/airflow/.local/lib/python3.12/site-packages/airflow/example_dags/example_nested_branch_dag.py
[2024-12-21T21:28:06.746+0000] {logging_mixin.py:190} INFO - [2024-12-21T21:28:06.746+0000] {dag.py:3239} INFO - Sync 1 DAGs
[2024-12-21T21:28:06.795+0000] {logging_mixin.py:190} INFO - [2024-12-21T21:28:06.795+0000] {dag.py:4180} INFO - Setting next_dagrun for example_nested_branch_dag to 2024-12-20 00:00:00+00:00, run_after=2024-12-21 00:00:00+00:00
[2024-12-21T21:28:06.836+0000] {processor.py:208} INFO - Processing /home/airflow/.local/lib/python3.12/site-packages/airflow/example_dags/example_nested_branch_dag.py took 0.182 seconds
[2024-12-21T21:28:38.170+0000] {processor.py:186} INFO - Started process (PID=1470) to work on /home/airflow/.local/lib/python3.12/site-packages/airflow/example_dags/example_nested_branch_dag.py
[2024-12-21T21:28:38.172+0000] {processor.py:914} INFO - Processing file /home/airflow/.local/lib/python3.12/site-packages/airflow/example_dags/example_nested_branch_dag.py for tasks to queue
[2024-12-21T21:28:38.176+0000] {logging_mixin.py:190} INFO - [2024-12-21T21:28:38.175+0000] {dagbag.py:588} INFO - Filling up the DagBag from /home/airflow/.local/lib/python3.12/site-packages/airflow/example_dags/example_nested_branch_dag.py
[2024-12-21T21:28:38.198+0000] {processor.py:925} INFO - DAG(s) 'example_nested_branch_dag' retrieved from /home/airflow/.local/lib/python3.12/site-packages/airflow/example_dags/example_nested_branch_dag.py
[2024-12-21T21:28:38.256+0000] {logging_mixin.py:190} INFO - [2024-12-21T21:28:38.255+0000] {dag.py:3239} INFO - Sync 1 DAGs
[2024-12-21T21:28:38.315+0000] {logging_mixin.py:190} INFO - [2024-12-21T21:28:38.315+0000] {dag.py:4180} INFO - Setting next_dagrun for example_nested_branch_dag to 2024-12-20 00:00:00+00:00, run_after=2024-12-21 00:00:00+00:00
[2024-12-21T21:28:38.365+0000] {processor.py:208} INFO - Processing /home/airflow/.local/lib/python3.12/site-packages/airflow/example_dags/example_nested_branch_dag.py took 0.205 seconds
[2024-12-21T21:29:08.514+0000] {processor.py:186} INFO - Started process (PID=1761) to work on /home/airflow/.local/lib/python3.12/site-packages/airflow/example_dags/example_nested_branch_dag.py
[2024-12-21T21:29:08.516+0000] {processor.py:914} INFO - Processing file /home/airflow/.local/lib/python3.12/site-packages/airflow/example_dags/example_nested_branch_dag.py for tasks to queue
[2024-12-21T21:29:08.520+0000] {logging_mixin.py:190} INFO - [2024-12-21T21:29:08.520+0000] {dagbag.py:588} INFO - Filling up the DagBag from /home/airflow/.local/lib/python3.12/site-packages/airflow/example_dags/example_nested_branch_dag.py
[2024-12-21T21:29:08.547+0000] {processor.py:925} INFO - DAG(s) 'example_nested_branch_dag' retrieved from /home/airflow/.local/lib/python3.12/site-packages/airflow/example_dags/example_nested_branch_dag.py
[2024-12-21T21:29:08.593+0000] {logging_mixin.py:190} INFO - [2024-12-21T21:29:08.592+0000] {dag.py:3239} INFO - Sync 1 DAGs
[2024-12-21T21:29:08.642+0000] {logging_mixin.py:190} INFO - [2024-12-21T21:29:08.641+0000] {dag.py:4180} INFO - Setting next_dagrun for example_nested_branch_dag to 2024-12-20 00:00:00+00:00, run_after=2024-12-21 00:00:00+00:00
[2024-12-21T21:29:08.684+0000] {processor.py:208} INFO - Processing /home/airflow/.local/lib/python3.12/site-packages/airflow/example_dags/example_nested_branch_dag.py took 0.182 seconds
[2024-12-21T21:29:38.902+0000] {processor.py:186} INFO - Started process (PID=2055) to work on /home/airflow/.local/lib/python3.12/site-packages/airflow/example_dags/example_nested_branch_dag.py
[2024-12-21T21:29:38.904+0000] {processor.py:914} INFO - Processing file /home/airflow/.local/lib/python3.12/site-packages/airflow/example_dags/example_nested_branch_dag.py for tasks to queue
[2024-12-21T21:29:38.908+0000] {logging_mixin.py:190} INFO - [2024-12-21T21:29:38.908+0000] {dagbag.py:588} INFO - Filling up the DagBag from /home/airflow/.local/lib/python3.12/site-packages/airflow/example_dags/example_nested_branch_dag.py
[2024-12-21T21:29:38.930+0000] {processor.py:925} INFO - DAG(s) 'example_nested_branch_dag' retrieved from /home/airflow/.local/lib/python3.12/site-packages/airflow/example_dags/example_nested_branch_dag.py
[2024-12-21T21:29:38.976+0000] {logging_mixin.py:190} INFO - [2024-12-21T21:29:38.975+0000] {dag.py:3239} INFO - Sync 1 DAGs
[2024-12-21T21:29:39.024+0000] {logging_mixin.py:190} INFO - [2024-12-21T21:29:39.024+0000] {dag.py:4180} INFO - Setting next_dagrun for example_nested_branch_dag to 2024-12-20 00:00:00+00:00, run_after=2024-12-21 00:00:00+00:00
[2024-12-21T21:29:39.061+0000] {processor.py:208} INFO - Processing /home/airflow/.local/lib/python3.12/site-packages/airflow/example_dags/example_nested_branch_dag.py took 0.169 seconds
[2024-12-21T21:30:09.172+0000] {processor.py:186} INFO - Started process (PID=2349) to work on /home/airflow/.local/lib/python3.12/site-packages/airflow/example_dags/example_nested_branch_dag.py
[2024-12-21T21:30:09.175+0000] {processor.py:914} INFO - Processing file /home/airflow/.local/lib/python3.12/site-packages/airflow/example_dags/example_nested_branch_dag.py for tasks to queue
[2024-12-21T21:30:09.180+0000] {logging_mixin.py:190} INFO - [2024-12-21T21:30:09.180+0000] {dagbag.py:588} INFO - Filling up the DagBag from /home/airflow/.local/lib/python3.12/site-packages/airflow/example_dags/example_nested_branch_dag.py
[2024-12-21T21:30:09.203+0000] {processor.py:925} INFO - DAG(s) 'example_nested_branch_dag' retrieved from /home/airflow/.local/lib/python3.12/site-packages/airflow/example_dags/example_nested_branch_dag.py
[2024-12-21T21:30:09.243+0000] {logging_mixin.py:190} INFO - [2024-12-21T21:30:09.243+0000] {dag.py:3239} INFO - Sync 1 DAGs
[2024-12-21T21:30:09.296+0000] {logging_mixin.py:190} INFO - [2024-12-21T21:30:09.296+0000] {dag.py:4180} INFO - Setting next_dagrun for example_nested_branch_dag to 2024-12-20 00:00:00+00:00, run_after=2024-12-21 00:00:00+00:00
[2024-12-21T21:30:09.330+0000] {processor.py:208} INFO - Processing /home/airflow/.local/lib/python3.12/site-packages/airflow/example_dags/example_nested_branch_dag.py took 0.171 seconds
[2024-12-21T21:30:39.837+0000] {processor.py:186} INFO - Started process (PID=2645) to work on /home/airflow/.local/lib/python3.12/site-packages/airflow/example_dags/example_nested_branch_dag.py
[2024-12-21T21:30:39.839+0000] {processor.py:914} INFO - Processing file /home/airflow/.local/lib/python3.12/site-packages/airflow/example_dags/example_nested_branch_dag.py for tasks to queue
[2024-12-21T21:30:39.843+0000] {logging_mixin.py:190} INFO - [2024-12-21T21:30:39.842+0000] {dagbag.py:588} INFO - Filling up the DagBag from /home/airflow/.local/lib/python3.12/site-packages/airflow/example_dags/example_nested_branch_dag.py
[2024-12-21T21:30:39.867+0000] {processor.py:925} INFO - DAG(s) 'example_nested_branch_dag' retrieved from /home/airflow/.local/lib/python3.12/site-packages/airflow/example_dags/example_nested_branch_dag.py
[2024-12-21T21:30:39.918+0000] {logging_mixin.py:190} INFO - [2024-12-21T21:30:39.917+0000] {dag.py:3239} INFO - Sync 1 DAGs
[2024-12-21T21:30:39.981+0000] {logging_mixin.py:190} INFO - [2024-12-21T21:30:39.981+0000] {dag.py:4180} INFO - Setting next_dagrun for example_nested_branch_dag to 2024-12-20 00:00:00+00:00, run_after=2024-12-21 00:00:00+00:00
[2024-12-21T21:30:40.024+0000] {processor.py:208} INFO - Processing /home/airflow/.local/lib/python3.12/site-packages/airflow/example_dags/example_nested_branch_dag.py took 0.199 seconds
[2024-12-21T21:31:10.198+0000] {processor.py:186} INFO - Started process (PID=2941) to work on /home/airflow/.local/lib/python3.12/site-packages/airflow/example_dags/example_nested_branch_dag.py
[2024-12-21T21:31:10.200+0000] {processor.py:914} INFO - Processing file /home/airflow/.local/lib/python3.12/site-packages/airflow/example_dags/example_nested_branch_dag.py for tasks to queue
[2024-12-21T21:31:10.204+0000] {logging_mixin.py:190} INFO - [2024-12-21T21:31:10.203+0000] {dagbag.py:588} INFO - Filling up the DagBag from /home/airflow/.local/lib/python3.12/site-packages/airflow/example_dags/example_nested_branch_dag.py
[2024-12-21T21:31:10.231+0000] {processor.py:925} INFO - DAG(s) 'example_nested_branch_dag' retrieved from /home/airflow/.local/lib/python3.12/site-packages/airflow/example_dags/example_nested_branch_dag.py
[2024-12-21T21:31:10.270+0000] {logging_mixin.py:190} INFO - [2024-12-21T21:31:10.269+0000] {dag.py:3239} INFO - Sync 1 DAGs
[2024-12-21T21:31:10.317+0000] {logging_mixin.py:190} INFO - [2024-12-21T21:31:10.316+0000] {dag.py:4180} INFO - Setting next_dagrun for example_nested_branch_dag to 2024-12-20 00:00:00+00:00, run_after=2024-12-21 00:00:00+00:00
[2024-12-21T21:31:10.355+0000] {processor.py:208} INFO - Processing /home/airflow/.local/lib/python3.12/site-packages/airflow/example_dags/example_nested_branch_dag.py took 0.167 seconds
[2024-12-21T21:31:40.881+0000] {processor.py:186} INFO - Started process (PID=3238) to work on /home/airflow/.local/lib/python3.12/site-packages/airflow/example_dags/example_nested_branch_dag.py
[2024-12-21T21:31:40.883+0000] {processor.py:914} INFO - Processing file /home/airflow/.local/lib/python3.12/site-packages/airflow/example_dags/example_nested_branch_dag.py for tasks to queue
[2024-12-21T21:31:40.887+0000] {logging_mixin.py:190} INFO - [2024-12-21T21:31:40.887+0000] {dagbag.py:588} INFO - Filling up the DagBag from /home/airflow/.local/lib/python3.12/site-packages/airflow/example_dags/example_nested_branch_dag.py
[2024-12-21T21:31:40.911+0000] {processor.py:925} INFO - DAG(s) 'example_nested_branch_dag' retrieved from /home/airflow/.local/lib/python3.12/site-packages/airflow/example_dags/example_nested_branch_dag.py
[2024-12-21T21:31:40.982+0000] {logging_mixin.py:190} INFO - [2024-12-21T21:31:40.981+0000] {dag.py:3239} INFO - Sync 1 DAGs
[2024-12-21T21:31:41.046+0000] {logging_mixin.py:190} INFO - [2024-12-21T21:31:41.045+0000] {dag.py:4180} INFO - Setting next_dagrun for example_nested_branch_dag to 2024-12-20 00:00:00+00:00, run_after=2024-12-21 00:00:00+00:00
[2024-12-21T21:31:41.086+0000] {processor.py:208} INFO - Processing /home/airflow/.local/lib/python3.12/site-packages/airflow/example_dags/example_nested_branch_dag.py took 0.218 seconds
[2024-12-21T21:32:11.318+0000] {processor.py:186} INFO - Started process (PID=3534) to work on /home/airflow/.local/lib/python3.12/site-packages/airflow/example_dags/example_nested_branch_dag.py
[2024-12-21T21:32:11.320+0000] {processor.py:914} INFO - Processing file /home/airflow/.local/lib/python3.12/site-packages/airflow/example_dags/example_nested_branch_dag.py for tasks to queue
[2024-12-21T21:32:11.325+0000] {logging_mixin.py:190} INFO - [2024-12-21T21:32:11.325+0000] {dagbag.py:588} INFO - Filling up the DagBag from /home/airflow/.local/lib/python3.12/site-packages/airflow/example_dags/example_nested_branch_dag.py
[2024-12-21T21:32:11.351+0000] {processor.py:925} INFO - DAG(s) 'example_nested_branch_dag' retrieved from /home/airflow/.local/lib/python3.12/site-packages/airflow/example_dags/example_nested_branch_dag.py
[2024-12-21T21:32:11.392+0000] {logging_mixin.py:190} INFO - [2024-12-21T21:32:11.391+0000] {dag.py:3239} INFO - Sync 1 DAGs
[2024-12-21T21:32:11.451+0000] {logging_mixin.py:190} INFO - [2024-12-21T21:32:11.450+0000] {dag.py:4180} INFO - Setting next_dagrun for example_nested_branch_dag to 2024-12-20 00:00:00+00:00, run_after=2024-12-21 00:00:00+00:00
[2024-12-21T21:32:11.513+0000] {processor.py:208} INFO - Processing /home/airflow/.local/lib/python3.12/site-packages/airflow/example_dags/example_nested_branch_dag.py took 0.208 seconds
[2024-12-21T21:32:41.659+0000] {processor.py:186} INFO - Started process (PID=3830) to work on /home/airflow/.local/lib/python3.12/site-packages/airflow/example_dags/example_nested_branch_dag.py
[2024-12-21T21:32:41.661+0000] {processor.py:914} INFO - Processing file /home/airflow/.local/lib/python3.12/site-packages/airflow/example_dags/example_nested_branch_dag.py for tasks to queue
[2024-12-21T21:32:41.665+0000] {logging_mixin.py:190} INFO - [2024-12-21T21:32:41.664+0000] {dagbag.py:588} INFO - Filling up the DagBag from /home/airflow/.local/lib/python3.12/site-packages/airflow/example_dags/example_nested_branch_dag.py
[2024-12-21T21:32:41.689+0000] {processor.py:925} INFO - DAG(s) 'example_nested_branch_dag' retrieved from /home/airflow/.local/lib/python3.12/site-packages/airflow/example_dags/example_nested_branch_dag.py
[2024-12-21T21:32:41.740+0000] {logging_mixin.py:190} INFO - [2024-12-21T21:32:41.739+0000] {dag.py:3239} INFO - Sync 1 DAGs
[2024-12-21T21:32:41.795+0000] {logging_mixin.py:190} INFO - [2024-12-21T21:32:41.795+0000] {dag.py:4180} INFO - Setting next_dagrun for example_nested_branch_dag to 2024-12-20 00:00:00+00:00, run_after=2024-12-21 00:00:00+00:00
[2024-12-21T21:32:41.839+0000] {processor.py:208} INFO - Processing /home/airflow/.local/lib/python3.12/site-packages/airflow/example_dags/example_nested_branch_dag.py took 0.191 seconds
[2024-12-21T21:33:12.116+0000] {processor.py:186} INFO - Started process (PID=4126) to work on /home/airflow/.local/lib/python3.12/site-packages/airflow/example_dags/example_nested_branch_dag.py
[2024-12-21T21:33:12.118+0000] {processor.py:914} INFO - Processing file /home/airflow/.local/lib/python3.12/site-packages/airflow/example_dags/example_nested_branch_dag.py for tasks to queue
[2024-12-21T21:33:12.122+0000] {logging_mixin.py:190} INFO - [2024-12-21T21:33:12.121+0000] {dagbag.py:588} INFO - Filling up the DagBag from /home/airflow/.local/lib/python3.12/site-packages/airflow/example_dags/example_nested_branch_dag.py
[2024-12-21T21:33:12.149+0000] {processor.py:925} INFO - DAG(s) 'example_nested_branch_dag' retrieved from /home/airflow/.local/lib/python3.12/site-packages/airflow/example_dags/example_nested_branch_dag.py
[2024-12-21T21:33:12.195+0000] {logging_mixin.py:190} INFO - [2024-12-21T21:33:12.194+0000] {dag.py:3239} INFO - Sync 1 DAGs
[2024-12-21T21:33:12.245+0000] {logging_mixin.py:190} INFO - [2024-12-21T21:33:12.245+0000] {dag.py:4180} INFO - Setting next_dagrun for example_nested_branch_dag to 2024-12-20 00:00:00+00:00, run_after=2024-12-21 00:00:00+00:00
[2024-12-21T21:33:12.306+0000] {processor.py:208} INFO - Processing /home/airflow/.local/lib/python3.12/site-packages/airflow/example_dags/example_nested_branch_dag.py took 0.204 seconds
[2024-12-21T21:33:42.538+0000] {processor.py:186} INFO - Started process (PID=4422) to work on /home/airflow/.local/lib/python3.12/site-packages/airflow/example_dags/example_nested_branch_dag.py
[2024-12-21T21:33:42.540+0000] {processor.py:914} INFO - Processing file /home/airflow/.local/lib/python3.12/site-packages/airflow/example_dags/example_nested_branch_dag.py for tasks to queue
[2024-12-21T21:33:42.545+0000] {logging_mixin.py:190} INFO - [2024-12-21T21:33:42.544+0000] {dagbag.py:588} INFO - Filling up the DagBag from /home/airflow/.local/lib/python3.12/site-packages/airflow/example_dags/example_nested_branch_dag.py
[2024-12-21T21:33:42.572+0000] {processor.py:925} INFO - DAG(s) 'example_nested_branch_dag' retrieved from /home/airflow/.local/lib/python3.12/site-packages/airflow/example_dags/example_nested_branch_dag.py
[2024-12-21T21:33:42.621+0000] {logging_mixin.py:190} INFO - [2024-12-21T21:33:42.620+0000] {dag.py:3239} INFO - Sync 1 DAGs
[2024-12-21T21:33:42.679+0000] {logging_mixin.py:190} INFO - [2024-12-21T21:33:42.679+0000] {dag.py:4180} INFO - Setting next_dagrun for example_nested_branch_dag to 2024-12-20 00:00:00+00:00, run_after=2024-12-21 00:00:00+00:00
[2024-12-21T21:33:42.720+0000] {processor.py:208} INFO - Processing /home/airflow/.local/lib/python3.12/site-packages/airflow/example_dags/example_nested_branch_dag.py took 0.195 seconds
[2024-12-21T21:34:13.488+0000] {processor.py:186} INFO - Started process (PID=4718) to work on /home/airflow/.local/lib/python3.12/site-packages/airflow/example_dags/example_nested_branch_dag.py
[2024-12-21T21:34:13.490+0000] {processor.py:914} INFO - Processing file /home/airflow/.local/lib/python3.12/site-packages/airflow/example_dags/example_nested_branch_dag.py for tasks to queue
[2024-12-21T21:34:13.494+0000] {logging_mixin.py:190} INFO - [2024-12-21T21:34:13.493+0000] {dagbag.py:588} INFO - Filling up the DagBag from /home/airflow/.local/lib/python3.12/site-packages/airflow/example_dags/example_nested_branch_dag.py
[2024-12-21T21:34:13.515+0000] {processor.py:925} INFO - DAG(s) 'example_nested_branch_dag' retrieved from /home/airflow/.local/lib/python3.12/site-packages/airflow/example_dags/example_nested_branch_dag.py
[2024-12-21T21:34:13.564+0000] {logging_mixin.py:190} INFO - [2024-12-21T21:34:13.563+0000] {dag.py:3239} INFO - Sync 1 DAGs
[2024-12-21T21:34:13.619+0000] {logging_mixin.py:190} INFO - [2024-12-21T21:34:13.619+0000] {dag.py:4180} INFO - Setting next_dagrun for example_nested_branch_dag to 2024-12-20 00:00:00+00:00, run_after=2024-12-21 00:00:00+00:00
[2024-12-21T21:34:13.673+0000] {processor.py:208} INFO - Processing /home/airflow/.local/lib/python3.12/site-packages/airflow/example_dags/example_nested_branch_dag.py took 0.196 seconds
[2024-12-21T21:34:44.008+0000] {processor.py:186} INFO - Started process (PID=5015) to work on /home/airflow/.local/lib/python3.12/site-packages/airflow/example_dags/example_nested_branch_dag.py
[2024-12-21T21:34:44.010+0000] {processor.py:914} INFO - Processing file /home/airflow/.local/lib/python3.12/site-packages/airflow/example_dags/example_nested_branch_dag.py for tasks to queue
[2024-12-21T21:34:44.015+0000] {logging_mixin.py:190} INFO - [2024-12-21T21:34:44.015+0000] {dagbag.py:588} INFO - Filling up the DagBag from /home/airflow/.local/lib/python3.12/site-packages/airflow/example_dags/example_nested_branch_dag.py
[2024-12-21T21:34:44.040+0000] {processor.py:925} INFO - DAG(s) 'example_nested_branch_dag' retrieved from /home/airflow/.local/lib/python3.12/site-packages/airflow/example_dags/example_nested_branch_dag.py
[2024-12-21T21:34:44.091+0000] {logging_mixin.py:190} INFO - [2024-12-21T21:34:44.090+0000] {dag.py:3239} INFO - Sync 1 DAGs
[2024-12-21T21:34:44.147+0000] {logging_mixin.py:190} INFO - [2024-12-21T21:34:44.147+0000] {dag.py:4180} INFO - Setting next_dagrun for example_nested_branch_dag to 2024-12-20 00:00:00+00:00, run_after=2024-12-21 00:00:00+00:00
[2024-12-21T21:34:44.189+0000] {processor.py:208} INFO - Processing /home/airflow/.local/lib/python3.12/site-packages/airflow/example_dags/example_nested_branch_dag.py took 0.193 seconds
[2024-12-21T21:35:14.617+0000] {processor.py:186} INFO - Started process (PID=5311) to work on /home/airflow/.local/lib/python3.12/site-packages/airflow/example_dags/example_nested_branch_dag.py
[2024-12-21T21:35:14.619+0000] {processor.py:914} INFO - Processing file /home/airflow/.local/lib/python3.12/site-packages/airflow/example_dags/example_nested_branch_dag.py for tasks to queue
[2024-12-21T21:35:14.623+0000] {logging_mixin.py:190} INFO - [2024-12-21T21:35:14.623+0000] {dagbag.py:588} INFO - Filling up the DagBag from /home/airflow/.local/lib/python3.12/site-packages/airflow/example_dags/example_nested_branch_dag.py
[2024-12-21T21:35:14.643+0000] {processor.py:925} INFO - DAG(s) 'example_nested_branch_dag' retrieved from /home/airflow/.local/lib/python3.12/site-packages/airflow/example_dags/example_nested_branch_dag.py
[2024-12-21T21:35:14.689+0000] {logging_mixin.py:190} INFO - [2024-12-21T21:35:14.688+0000] {dag.py:3239} INFO - Sync 1 DAGs
[2024-12-21T21:35:14.743+0000] {logging_mixin.py:190} INFO - [2024-12-21T21:35:14.743+0000] {dag.py:4180} INFO - Setting next_dagrun for example_nested_branch_dag to 2024-12-20 00:00:00+00:00, run_after=2024-12-21 00:00:00+00:00
[2024-12-21T21:35:14.783+0000] {processor.py:208} INFO - Processing /home/airflow/.local/lib/python3.12/site-packages/airflow/example_dags/example_nested_branch_dag.py took 0.177 seconds
[2024-12-21T21:35:44.949+0000] {processor.py:186} INFO - Started process (PID=5607) to work on /home/airflow/.local/lib/python3.12/site-packages/airflow/example_dags/example_nested_branch_dag.py
[2024-12-21T21:35:44.951+0000] {processor.py:914} INFO - Processing file /home/airflow/.local/lib/python3.12/site-packages/airflow/example_dags/example_nested_branch_dag.py for tasks to queue
[2024-12-21T21:35:44.956+0000] {logging_mixin.py:190} INFO - [2024-12-21T21:35:44.955+0000] {dagbag.py:588} INFO - Filling up the DagBag from /home/airflow/.local/lib/python3.12/site-packages/airflow/example_dags/example_nested_branch_dag.py
[2024-12-21T21:35:44.976+0000] {processor.py:925} INFO - DAG(s) 'example_nested_branch_dag' retrieved from /home/airflow/.local/lib/python3.12/site-packages/airflow/example_dags/example_nested_branch_dag.py
[2024-12-21T21:35:45.018+0000] {logging_mixin.py:190} INFO - [2024-12-21T21:35:45.018+0000] {dag.py:3239} INFO - Sync 1 DAGs
[2024-12-21T21:35:45.066+0000] {logging_mixin.py:190} INFO - [2024-12-21T21:35:45.065+0000] {dag.py:4180} INFO - Setting next_dagrun for example_nested_branch_dag to 2024-12-20 00:00:00+00:00, run_after=2024-12-21 00:00:00+00:00
[2024-12-21T21:35:45.129+0000] {processor.py:208} INFO - Processing /home/airflow/.local/lib/python3.12/site-packages/airflow/example_dags/example_nested_branch_dag.py took 0.190 seconds
[2024-12-21T21:36:15.462+0000] {processor.py:186} INFO - Started process (PID=5903) to work on /home/airflow/.local/lib/python3.12/site-packages/airflow/example_dags/example_nested_branch_dag.py
[2024-12-21T21:36:15.464+0000] {processor.py:914} INFO - Processing file /home/airflow/.local/lib/python3.12/site-packages/airflow/example_dags/example_nested_branch_dag.py for tasks to queue
[2024-12-21T21:36:15.469+0000] {logging_mixin.py:190} INFO - [2024-12-21T21:36:15.468+0000] {dagbag.py:588} INFO - Filling up the DagBag from /home/airflow/.local/lib/python3.12/site-packages/airflow/example_dags/example_nested_branch_dag.py
[2024-12-21T21:36:15.491+0000] {processor.py:925} INFO - DAG(s) 'example_nested_branch_dag' retrieved from /home/airflow/.local/lib/python3.12/site-packages/airflow/example_dags/example_nested_branch_dag.py
[2024-12-21T21:36:15.535+0000] {logging_mixin.py:190} INFO - [2024-12-21T21:36:15.535+0000] {dag.py:3239} INFO - Sync 1 DAGs
[2024-12-21T21:36:15.588+0000] {logging_mixin.py:190} INFO - [2024-12-21T21:36:15.587+0000] {dag.py:4180} INFO - Setting next_dagrun for example_nested_branch_dag to 2024-12-20 00:00:00+00:00, run_after=2024-12-21 00:00:00+00:00
[2024-12-21T21:36:15.630+0000] {processor.py:208} INFO - Processing /home/airflow/.local/lib/python3.12/site-packages/airflow/example_dags/example_nested_branch_dag.py took 0.179 seconds
[2024-12-21T21:36:46.675+0000] {processor.py:186} INFO - Started process (PID=6199) to work on /home/airflow/.local/lib/python3.12/site-packages/airflow/example_dags/example_nested_branch_dag.py
[2024-12-21T21:36:46.677+0000] {processor.py:914} INFO - Processing file /home/airflow/.local/lib/python3.12/site-packages/airflow/example_dags/example_nested_branch_dag.py for tasks to queue
[2024-12-21T21:36:46.682+0000] {logging_mixin.py:190} INFO - [2024-12-21T21:36:46.681+0000] {dagbag.py:588} INFO - Filling up the DagBag from /home/airflow/.local/lib/python3.12/site-packages/airflow/example_dags/example_nested_branch_dag.py
[2024-12-21T21:36:46.704+0000] {processor.py:925} INFO - DAG(s) 'example_nested_branch_dag' retrieved from /home/airflow/.local/lib/python3.12/site-packages/airflow/example_dags/example_nested_branch_dag.py
[2024-12-21T21:36:46.751+0000] {logging_mixin.py:190} INFO - [2024-12-21T21:36:46.750+0000] {dag.py:3239} INFO - Sync 1 DAGs
[2024-12-21T21:36:46.809+0000] {logging_mixin.py:190} INFO - [2024-12-21T21:36:46.809+0000] {dag.py:4180} INFO - Setting next_dagrun for example_nested_branch_dag to 2024-12-20 00:00:00+00:00, run_after=2024-12-21 00:00:00+00:00
[2024-12-21T21:36:46.878+0000] {processor.py:208} INFO - Processing /home/airflow/.local/lib/python3.12/site-packages/airflow/example_dags/example_nested_branch_dag.py took 0.213 seconds
[2024-12-21T21:37:17.200+0000] {processor.py:186} INFO - Started process (PID=6495) to work on /home/airflow/.local/lib/python3.12/site-packages/airflow/example_dags/example_nested_branch_dag.py
[2024-12-21T21:37:17.202+0000] {processor.py:914} INFO - Processing file /home/airflow/.local/lib/python3.12/site-packages/airflow/example_dags/example_nested_branch_dag.py for tasks to queue
[2024-12-21T21:37:17.207+0000] {logging_mixin.py:190} INFO - [2024-12-21T21:37:17.206+0000] {dagbag.py:588} INFO - Filling up the DagBag from /home/airflow/.local/lib/python3.12/site-packages/airflow/example_dags/example_nested_branch_dag.py
[2024-12-21T21:37:17.235+0000] {processor.py:925} INFO - DAG(s) 'example_nested_branch_dag' retrieved from /home/airflow/.local/lib/python3.12/site-packages/airflow/example_dags/example_nested_branch_dag.py
[2024-12-21T21:37:17.275+0000] {logging_mixin.py:190} INFO - [2024-12-21T21:37:17.275+0000] {dag.py:3239} INFO - Sync 1 DAGs
[2024-12-21T21:37:17.322+0000] {logging_mixin.py:190} INFO - [2024-12-21T21:37:17.322+0000] {dag.py:4180} INFO - Setting next_dagrun for example_nested_branch_dag to 2024-12-20 00:00:00+00:00, run_after=2024-12-21 00:00:00+00:00
[2024-12-21T21:37:17.366+0000] {processor.py:208} INFO - Processing /home/airflow/.local/lib/python3.12/site-packages/airflow/example_dags/example_nested_branch_dag.py took 0.176 seconds
[2024-12-21T21:37:48.954+0000] {processor.py:186} INFO - Started process (PID=6791) to work on /home/airflow/.local/lib/python3.12/site-packages/airflow/example_dags/example_nested_branch_dag.py
[2024-12-21T21:37:48.956+0000] {processor.py:914} INFO - Processing file /home/airflow/.local/lib/python3.12/site-packages/airflow/example_dags/example_nested_branch_dag.py for tasks to queue
[2024-12-21T21:37:48.960+0000] {logging_mixin.py:190} INFO - [2024-12-21T21:37:48.960+0000] {dagbag.py:588} INFO - Filling up the DagBag from /home/airflow/.local/lib/python3.12/site-packages/airflow/example_dags/example_nested_branch_dag.py
[2024-12-21T21:37:48.982+0000] {processor.py:925} INFO - DAG(s) 'example_nested_branch_dag' retrieved from /home/airflow/.local/lib/python3.12/site-packages/airflow/example_dags/example_nested_branch_dag.py
[2024-12-21T21:37:49.032+0000] {logging_mixin.py:190} INFO - [2024-12-21T21:37:49.031+0000] {dag.py:3239} INFO - Sync 1 DAGs
[2024-12-21T21:37:49.094+0000] {logging_mixin.py:190} INFO - [2024-12-21T21:37:49.093+0000] {dag.py:4180} INFO - Setting next_dagrun for example_nested_branch_dag to 2024-12-20 00:00:00+00:00, run_after=2024-12-21 00:00:00+00:00
[2024-12-21T21:37:49.148+0000] {processor.py:208} INFO - Processing /home/airflow/.local/lib/python3.12/site-packages/airflow/example_dags/example_nested_branch_dag.py took 0.205 seconds
[2024-12-21T21:38:19.840+0000] {processor.py:186} INFO - Started process (PID=7067) to work on /home/airflow/.local/lib/python3.12/site-packages/airflow/example_dags/example_nested_branch_dag.py
[2024-12-21T21:38:19.842+0000] {processor.py:914} INFO - Processing file /home/airflow/.local/lib/python3.12/site-packages/airflow/example_dags/example_nested_branch_dag.py for tasks to queue
[2024-12-21T21:38:19.847+0000] {logging_mixin.py:190} INFO - [2024-12-21T21:38:19.846+0000] {dagbag.py:588} INFO - Filling up the DagBag from /home/airflow/.local/lib/python3.12/site-packages/airflow/example_dags/example_nested_branch_dag.py
[2024-12-21T21:38:19.879+0000] {processor.py:925} INFO - DAG(s) 'example_nested_branch_dag' retrieved from /home/airflow/.local/lib/python3.12/site-packages/airflow/example_dags/example_nested_branch_dag.py
[2024-12-21T21:38:19.940+0000] {logging_mixin.py:190} INFO - [2024-12-21T21:38:19.939+0000] {dag.py:3239} INFO - Sync 1 DAGs
[2024-12-21T21:38:20.023+0000] {logging_mixin.py:190} INFO - [2024-12-21T21:38:20.022+0000] {dag.py:4180} INFO - Setting next_dagrun for example_nested_branch_dag to 2024-12-20 00:00:00+00:00, run_after=2024-12-21 00:00:00+00:00
[2024-12-21T21:38:20.072+0000] {processor.py:208} INFO - Processing /home/airflow/.local/lib/python3.12/site-packages/airflow/example_dags/example_nested_branch_dag.py took 0.247 seconds
[2024-12-21T21:38:51.691+0000] {processor.py:186} INFO - Started process (PID=7363) to work on /home/airflow/.local/lib/python3.12/site-packages/airflow/example_dags/example_nested_branch_dag.py
[2024-12-21T21:38:51.695+0000] {processor.py:914} INFO - Processing file /home/airflow/.local/lib/python3.12/site-packages/airflow/example_dags/example_nested_branch_dag.py for tasks to queue
[2024-12-21T21:38:51.702+0000] {logging_mixin.py:190} INFO - [2024-12-21T21:38:51.701+0000] {dagbag.py:588} INFO - Filling up the DagBag from /home/airflow/.local/lib/python3.12/site-packages/airflow/example_dags/example_nested_branch_dag.py
[2024-12-21T21:38:51.736+0000] {processor.py:925} INFO - DAG(s) 'example_nested_branch_dag' retrieved from /home/airflow/.local/lib/python3.12/site-packages/airflow/example_dags/example_nested_branch_dag.py
[2024-12-21T21:38:51.809+0000] {logging_mixin.py:190} INFO - [2024-12-21T21:38:51.809+0000] {dag.py:3239} INFO - Sync 1 DAGs
[2024-12-21T21:38:51.890+0000] {logging_mixin.py:190} INFO - [2024-12-21T21:38:51.889+0000] {dag.py:4180} INFO - Setting next_dagrun for example_nested_branch_dag to 2024-12-20 00:00:00+00:00, run_after=2024-12-21 00:00:00+00:00
[2024-12-21T21:38:51.983+0000] {processor.py:208} INFO - Processing /home/airflow/.local/lib/python3.12/site-packages/airflow/example_dags/example_nested_branch_dag.py took 0.315 seconds
[2024-12-21T21:39:23.010+0000] {processor.py:186} INFO - Started process (PID=7654) to work on /home/airflow/.local/lib/python3.12/site-packages/airflow/example_dags/example_nested_branch_dag.py
[2024-12-21T21:39:23.013+0000] {processor.py:914} INFO - Processing file /home/airflow/.local/lib/python3.12/site-packages/airflow/example_dags/example_nested_branch_dag.py for tasks to queue
[2024-12-21T21:39:23.019+0000] {logging_mixin.py:190} INFO - [2024-12-21T21:39:23.018+0000] {dagbag.py:588} INFO - Filling up the DagBag from /home/airflow/.local/lib/python3.12/site-packages/airflow/example_dags/example_nested_branch_dag.py
[2024-12-21T21:39:23.053+0000] {processor.py:925} INFO - DAG(s) 'example_nested_branch_dag' retrieved from /home/airflow/.local/lib/python3.12/site-packages/airflow/example_dags/example_nested_branch_dag.py
[2024-12-21T21:39:23.112+0000] {logging_mixin.py:190} INFO - [2024-12-21T21:39:23.112+0000] {dag.py:3239} INFO - Sync 1 DAGs
[2024-12-21T21:39:23.178+0000] {logging_mixin.py:190} INFO - [2024-12-21T21:39:23.177+0000] {dag.py:4180} INFO - Setting next_dagrun for example_nested_branch_dag to 2024-12-20 00:00:00+00:00, run_after=2024-12-21 00:00:00+00:00
[2024-12-21T21:39:23.249+0000] {processor.py:208} INFO - Processing /home/airflow/.local/lib/python3.12/site-packages/airflow/example_dags/example_nested_branch_dag.py took 0.252 seconds
[2024-12-21T21:39:53.793+0000] {processor.py:186} INFO - Started process (PID=7950) to work on /home/airflow/.local/lib/python3.12/site-packages/airflow/example_dags/example_nested_branch_dag.py
[2024-12-21T21:39:53.796+0000] {processor.py:914} INFO - Processing file /home/airflow/.local/lib/python3.12/site-packages/airflow/example_dags/example_nested_branch_dag.py for tasks to queue
[2024-12-21T21:39:53.800+0000] {logging_mixin.py:190} INFO - [2024-12-21T21:39:53.799+0000] {dagbag.py:588} INFO - Filling up the DagBag from /home/airflow/.local/lib/python3.12/site-packages/airflow/example_dags/example_nested_branch_dag.py
[2024-12-21T21:39:53.824+0000] {processor.py:925} INFO - DAG(s) 'example_nested_branch_dag' retrieved from /home/airflow/.local/lib/python3.12/site-packages/airflow/example_dags/example_nested_branch_dag.py
[2024-12-21T21:39:53.908+0000] {logging_mixin.py:190} INFO - [2024-12-21T21:39:53.908+0000] {dag.py:3239} INFO - Sync 1 DAGs
[2024-12-21T21:39:53.977+0000] {logging_mixin.py:190} INFO - [2024-12-21T21:39:53.977+0000] {dag.py:4180} INFO - Setting next_dagrun for example_nested_branch_dag to 2024-12-20 00:00:00+00:00, run_after=2024-12-21 00:00:00+00:00
[2024-12-21T21:39:54.048+0000] {processor.py:208} INFO - Processing /home/airflow/.local/lib/python3.12/site-packages/airflow/example_dags/example_nested_branch_dag.py took 0.270 seconds
[2024-12-21T21:40:25.257+0000] {processor.py:186} INFO - Started process (PID=8241) to work on /home/airflow/.local/lib/python3.12/site-packages/airflow/example_dags/example_nested_branch_dag.py
[2024-12-21T21:40:25.260+0000] {processor.py:914} INFO - Processing file /home/airflow/.local/lib/python3.12/site-packages/airflow/example_dags/example_nested_branch_dag.py for tasks to queue
[2024-12-21T21:40:25.269+0000] {logging_mixin.py:190} INFO - [2024-12-21T21:40:25.268+0000] {dagbag.py:588} INFO - Filling up the DagBag from /home/airflow/.local/lib/python3.12/site-packages/airflow/example_dags/example_nested_branch_dag.py
[2024-12-21T21:40:25.306+0000] {processor.py:925} INFO - DAG(s) 'example_nested_branch_dag' retrieved from /home/airflow/.local/lib/python3.12/site-packages/airflow/example_dags/example_nested_branch_dag.py
[2024-12-21T21:40:25.368+0000] {logging_mixin.py:190} INFO - [2024-12-21T21:40:25.367+0000] {dag.py:3239} INFO - Sync 1 DAGs
[2024-12-21T21:40:25.432+0000] {logging_mixin.py:190} INFO - [2024-12-21T21:40:25.432+0000] {dag.py:4180} INFO - Setting next_dagrun for example_nested_branch_dag to 2024-12-20 00:00:00+00:00, run_after=2024-12-21 00:00:00+00:00
[2024-12-21T21:40:25.512+0000] {processor.py:208} INFO - Processing /home/airflow/.local/lib/python3.12/site-packages/airflow/example_dags/example_nested_branch_dag.py took 0.275 seconds
