[2024-12-21T21:11:16.295+0000] {processor.py:186} INFO - Started process (PID=272) to work on /home/airflow/.local/lib/python3.12/site-packages/airflow/example_dags/example_task_group.py
[2024-12-21T21:11:16.298+0000] {processor.py:914} INFO - Processing file /home/airflow/.local/lib/python3.12/site-packages/airflow/example_dags/example_task_group.py for tasks to queue
[2024-12-21T21:11:16.302+0000] {logging_mixin.py:190} INFO - [2024-12-21T21:11:16.301+0000] {dagbag.py:588} INFO - Filling up the DagBag from /home/airflow/.local/lib/python3.12/site-packages/airflow/example_dags/example_task_group.py
[2024-12-21T21:11:16.325+0000] {processor.py:925} INFO - DAG(s) 'example_task_group' retrieved from /home/airflow/.local/lib/python3.12/site-packages/airflow/example_dags/example_task_group.py
[2024-12-21T21:11:16.594+0000] {logging_mixin.py:190} INFO - [2024-12-21T21:11:16.593+0000] {override.py:1911} INFO - Created Permission View: can delete on DAG:example_task_group
[2024-12-21T21:11:16.617+0000] {logging_mixin.py:190} INFO - [2024-12-21T21:11:16.616+0000] {override.py:1911} INFO - Created Permission View: can edit on DAG:example_task_group
[2024-12-21T21:11:16.632+0000] {logging_mixin.py:190} INFO - [2024-12-21T21:11:16.632+0000] {override.py:1911} INFO - Created Permission View: can read on DAG:example_task_group
[2024-12-21T21:11:16.649+0000] {logging_mixin.py:190} INFO - [2024-12-21T21:11:16.648+0000] {override.py:1911} INFO - Created Permission View: can delete on DAG Run:example_task_group
[2024-12-21T21:11:16.664+0000] {logging_mixin.py:190} INFO - [2024-12-21T21:11:16.663+0000] {override.py:1911} INFO - Created Permission View: can read on DAG Run:example_task_group
[2024-12-21T21:11:16.678+0000] {logging_mixin.py:190} INFO - [2024-12-21T21:11:16.677+0000] {override.py:1911} INFO - Created Permission View: can create on DAG Run:example_task_group
[2024-12-21T21:11:16.693+0000] {logging_mixin.py:190} INFO - [2024-12-21T21:11:16.693+0000] {override.py:1911} INFO - Created Permission View: menu access on DAG Run:example_task_group
[2024-12-21T21:11:16.695+0000] {logging_mixin.py:190} INFO - [2024-12-21T21:11:16.695+0000] {dag.py:3239} INFO - Sync 1 DAGs
[2024-12-21T21:11:16.747+0000] {logging_mixin.py:190} INFO - [2024-12-21T21:11:16.746+0000] {dag.py:3262} INFO - Creating ORM DAG for example_task_group
[2024-12-21T21:11:16.754+0000] {logging_mixin.py:190} INFO - [2024-12-21T21:11:16.753+0000] {dag.py:4180} INFO - Setting next_dagrun for example_task_group to None, run_after=None
[2024-12-21T21:11:16.801+0000] {processor.py:208} INFO - Processing /home/airflow/.local/lib/python3.12/site-packages/airflow/example_dags/example_task_group.py took 0.520 seconds
[2024-12-21T21:11:47.680+0000] {processor.py:186} INFO - Started process (PID=568) to work on /home/airflow/.local/lib/python3.12/site-packages/airflow/example_dags/example_task_group.py
[2024-12-21T21:11:47.683+0000] {processor.py:914} INFO - Processing file /home/airflow/.local/lib/python3.12/site-packages/airflow/example_dags/example_task_group.py for tasks to queue
[2024-12-21T21:11:47.688+0000] {logging_mixin.py:190} INFO - [2024-12-21T21:11:47.687+0000] {dagbag.py:588} INFO - Filling up the DagBag from /home/airflow/.local/lib/python3.12/site-packages/airflow/example_dags/example_task_group.py
[2024-12-21T21:11:47.715+0000] {processor.py:925} INFO - DAG(s) 'example_task_group' retrieved from /home/airflow/.local/lib/python3.12/site-packages/airflow/example_dags/example_task_group.py
[2024-12-21T21:11:47.806+0000] {logging_mixin.py:190} INFO - [2024-12-21T21:11:47.806+0000] {dag.py:3239} INFO - Sync 1 DAGs
[2024-12-21T21:11:47.840+0000] {logging_mixin.py:190} INFO - [2024-12-21T21:11:47.839+0000] {dag.py:4180} INFO - Setting next_dagrun for example_task_group to None, run_after=None
[2024-12-21T21:11:47.882+0000] {processor.py:208} INFO - Processing /home/airflow/.local/lib/python3.12/site-packages/airflow/example_dags/example_task_group.py took 0.215 seconds
[2024-12-21T21:12:18.348+0000] {processor.py:186} INFO - Started process (PID=859) to work on /home/airflow/.local/lib/python3.12/site-packages/airflow/example_dags/example_task_group.py
[2024-12-21T21:12:18.350+0000] {processor.py:914} INFO - Processing file /home/airflow/.local/lib/python3.12/site-packages/airflow/example_dags/example_task_group.py for tasks to queue
[2024-12-21T21:12:18.354+0000] {logging_mixin.py:190} INFO - [2024-12-21T21:12:18.354+0000] {dagbag.py:588} INFO - Filling up the DagBag from /home/airflow/.local/lib/python3.12/site-packages/airflow/example_dags/example_task_group.py
[2024-12-21T21:12:18.370+0000] {processor.py:925} INFO - DAG(s) 'example_task_group' retrieved from /home/airflow/.local/lib/python3.12/site-packages/airflow/example_dags/example_task_group.py
[2024-12-21T21:12:18.419+0000] {logging_mixin.py:190} INFO - [2024-12-21T21:12:18.418+0000] {dag.py:3239} INFO - Sync 1 DAGs
[2024-12-21T21:12:18.456+0000] {logging_mixin.py:190} INFO - [2024-12-21T21:12:18.455+0000] {dag.py:4180} INFO - Setting next_dagrun for example_task_group to None, run_after=None
[2024-12-21T21:12:18.497+0000] {processor.py:208} INFO - Processing /home/airflow/.local/lib/python3.12/site-packages/airflow/example_dags/example_task_group.py took 0.160 seconds
[2024-12-21T21:12:48.795+0000] {processor.py:186} INFO - Started process (PID=1150) to work on /home/airflow/.local/lib/python3.12/site-packages/airflow/example_dags/example_task_group.py
[2024-12-21T21:12:48.797+0000] {processor.py:914} INFO - Processing file /home/airflow/.local/lib/python3.12/site-packages/airflow/example_dags/example_task_group.py for tasks to queue
[2024-12-21T21:12:48.801+0000] {logging_mixin.py:190} INFO - [2024-12-21T21:12:48.801+0000] {dagbag.py:588} INFO - Filling up the DagBag from /home/airflow/.local/lib/python3.12/site-packages/airflow/example_dags/example_task_group.py
[2024-12-21T21:12:48.819+0000] {processor.py:925} INFO - DAG(s) 'example_task_group' retrieved from /home/airflow/.local/lib/python3.12/site-packages/airflow/example_dags/example_task_group.py
[2024-12-21T21:12:48.865+0000] {logging_mixin.py:190} INFO - [2024-12-21T21:12:48.864+0000] {dag.py:3239} INFO - Sync 1 DAGs
[2024-12-21T21:12:48.898+0000] {logging_mixin.py:190} INFO - [2024-12-21T21:12:48.898+0000] {dag.py:4180} INFO - Setting next_dagrun for example_task_group to None, run_after=None
[2024-12-21T21:12:48.954+0000] {processor.py:208} INFO - Processing /home/airflow/.local/lib/python3.12/site-packages/airflow/example_dags/example_task_group.py took 0.171 seconds
[2024-12-21T21:13:19.143+0000] {processor.py:186} INFO - Started process (PID=1446) to work on /home/airflow/.local/lib/python3.12/site-packages/airflow/example_dags/example_task_group.py
[2024-12-21T21:13:19.145+0000] {processor.py:914} INFO - Processing file /home/airflow/.local/lib/python3.12/site-packages/airflow/example_dags/example_task_group.py for tasks to queue
[2024-12-21T21:13:19.150+0000] {logging_mixin.py:190} INFO - [2024-12-21T21:13:19.149+0000] {dagbag.py:588} INFO - Filling up the DagBag from /home/airflow/.local/lib/python3.12/site-packages/airflow/example_dags/example_task_group.py
[2024-12-21T21:13:19.170+0000] {processor.py:925} INFO - DAG(s) 'example_task_group' retrieved from /home/airflow/.local/lib/python3.12/site-packages/airflow/example_dags/example_task_group.py
[2024-12-21T21:13:19.216+0000] {logging_mixin.py:190} INFO - [2024-12-21T21:13:19.215+0000] {dag.py:3239} INFO - Sync 1 DAGs
[2024-12-21T21:13:19.253+0000] {logging_mixin.py:190} INFO - [2024-12-21T21:13:19.252+0000] {dag.py:4180} INFO - Setting next_dagrun for example_task_group to None, run_after=None
[2024-12-21T21:13:19.318+0000] {processor.py:208} INFO - Processing /home/airflow/.local/lib/python3.12/site-packages/airflow/example_dags/example_task_group.py took 0.188 seconds
[2024-12-21T21:13:50.107+0000] {processor.py:186} INFO - Started process (PID=1742) to work on /home/airflow/.local/lib/python3.12/site-packages/airflow/example_dags/example_task_group.py
[2024-12-21T21:13:50.109+0000] {processor.py:914} INFO - Processing file /home/airflow/.local/lib/python3.12/site-packages/airflow/example_dags/example_task_group.py for tasks to queue
[2024-12-21T21:13:50.113+0000] {logging_mixin.py:190} INFO - [2024-12-21T21:13:50.113+0000] {dagbag.py:588} INFO - Filling up the DagBag from /home/airflow/.local/lib/python3.12/site-packages/airflow/example_dags/example_task_group.py
[2024-12-21T21:13:50.129+0000] {processor.py:925} INFO - DAG(s) 'example_task_group' retrieved from /home/airflow/.local/lib/python3.12/site-packages/airflow/example_dags/example_task_group.py
[2024-12-21T21:13:50.170+0000] {logging_mixin.py:190} INFO - [2024-12-21T21:13:50.169+0000] {dag.py:3239} INFO - Sync 1 DAGs
[2024-12-21T21:13:50.197+0000] {logging_mixin.py:190} INFO - [2024-12-21T21:13:50.197+0000] {dag.py:4180} INFO - Setting next_dagrun for example_task_group to None, run_after=None
[2024-12-21T21:13:50.254+0000] {processor.py:208} INFO - Processing /home/airflow/.local/lib/python3.12/site-packages/airflow/example_dags/example_task_group.py took 0.158 seconds
[2024-12-21T21:14:21.088+0000] {processor.py:186} INFO - Started process (PID=2038) to work on /home/airflow/.local/lib/python3.12/site-packages/airflow/example_dags/example_task_group.py
[2024-12-21T21:14:21.090+0000] {processor.py:914} INFO - Processing file /home/airflow/.local/lib/python3.12/site-packages/airflow/example_dags/example_task_group.py for tasks to queue
[2024-12-21T21:14:21.095+0000] {logging_mixin.py:190} INFO - [2024-12-21T21:14:21.094+0000] {dagbag.py:588} INFO - Filling up the DagBag from /home/airflow/.local/lib/python3.12/site-packages/airflow/example_dags/example_task_group.py
[2024-12-21T21:14:21.112+0000] {processor.py:925} INFO - DAG(s) 'example_task_group' retrieved from /home/airflow/.local/lib/python3.12/site-packages/airflow/example_dags/example_task_group.py
[2024-12-21T21:14:21.159+0000] {logging_mixin.py:190} INFO - [2024-12-21T21:14:21.159+0000] {dag.py:3239} INFO - Sync 1 DAGs
[2024-12-21T21:14:21.199+0000] {logging_mixin.py:190} INFO - [2024-12-21T21:14:21.199+0000] {dag.py:4180} INFO - Setting next_dagrun for example_task_group to None, run_after=None
[2024-12-21T21:14:21.244+0000] {processor.py:208} INFO - Processing /home/airflow/.local/lib/python3.12/site-packages/airflow/example_dags/example_task_group.py took 0.166 seconds
[2024-12-21T21:14:51.387+0000] {processor.py:186} INFO - Started process (PID=2334) to work on /home/airflow/.local/lib/python3.12/site-packages/airflow/example_dags/example_task_group.py
[2024-12-21T21:14:51.389+0000] {processor.py:914} INFO - Processing file /home/airflow/.local/lib/python3.12/site-packages/airflow/example_dags/example_task_group.py for tasks to queue
[2024-12-21T21:14:51.393+0000] {logging_mixin.py:190} INFO - [2024-12-21T21:14:51.393+0000] {dagbag.py:588} INFO - Filling up the DagBag from /home/airflow/.local/lib/python3.12/site-packages/airflow/example_dags/example_task_group.py
[2024-12-21T21:14:51.414+0000] {processor.py:925} INFO - DAG(s) 'example_task_group' retrieved from /home/airflow/.local/lib/python3.12/site-packages/airflow/example_dags/example_task_group.py
[2024-12-21T21:14:51.466+0000] {logging_mixin.py:190} INFO - [2024-12-21T21:14:51.465+0000] {dag.py:3239} INFO - Sync 1 DAGs
[2024-12-21T21:14:51.497+0000] {logging_mixin.py:190} INFO - [2024-12-21T21:14:51.497+0000] {dag.py:4180} INFO - Setting next_dagrun for example_task_group to None, run_after=None
[2024-12-21T21:14:51.547+0000] {processor.py:208} INFO - Processing /home/airflow/.local/lib/python3.12/site-packages/airflow/example_dags/example_task_group.py took 0.171 seconds
[2024-12-21T21:15:21.690+0000] {processor.py:186} INFO - Started process (PID=2630) to work on /home/airflow/.local/lib/python3.12/site-packages/airflow/example_dags/example_task_group.py
[2024-12-21T21:15:21.692+0000] {processor.py:914} INFO - Processing file /home/airflow/.local/lib/python3.12/site-packages/airflow/example_dags/example_task_group.py for tasks to queue
[2024-12-21T21:15:21.696+0000] {logging_mixin.py:190} INFO - [2024-12-21T21:15:21.696+0000] {dagbag.py:588} INFO - Filling up the DagBag from /home/airflow/.local/lib/python3.12/site-packages/airflow/example_dags/example_task_group.py
[2024-12-21T21:15:21.714+0000] {processor.py:925} INFO - DAG(s) 'example_task_group' retrieved from /home/airflow/.local/lib/python3.12/site-packages/airflow/example_dags/example_task_group.py
[2024-12-21T21:15:21.768+0000] {logging_mixin.py:190} INFO - [2024-12-21T21:15:21.767+0000] {dag.py:3239} INFO - Sync 1 DAGs
[2024-12-21T21:15:21.806+0000] {logging_mixin.py:190} INFO - [2024-12-21T21:15:21.805+0000] {dag.py:4180} INFO - Setting next_dagrun for example_task_group to None, run_after=None
[2024-12-21T21:15:21.863+0000] {processor.py:208} INFO - Processing /home/airflow/.local/lib/python3.12/site-packages/airflow/example_dags/example_task_group.py took 0.186 seconds
[2024-12-21T21:15:52.569+0000] {processor.py:186} INFO - Started process (PID=2926) to work on /home/airflow/.local/lib/python3.12/site-packages/airflow/example_dags/example_task_group.py
[2024-12-21T21:15:52.572+0000] {processor.py:914} INFO - Processing file /home/airflow/.local/lib/python3.12/site-packages/airflow/example_dags/example_task_group.py for tasks to queue
[2024-12-21T21:15:52.578+0000] {logging_mixin.py:190} INFO - [2024-12-21T21:15:52.577+0000] {dagbag.py:588} INFO - Filling up the DagBag from /home/airflow/.local/lib/python3.12/site-packages/airflow/example_dags/example_task_group.py
[2024-12-21T21:15:52.606+0000] {processor.py:925} INFO - DAG(s) 'example_task_group' retrieved from /home/airflow/.local/lib/python3.12/site-packages/airflow/example_dags/example_task_group.py
[2024-12-21T21:15:52.671+0000] {logging_mixin.py:190} INFO - [2024-12-21T21:15:52.670+0000] {dag.py:3239} INFO - Sync 1 DAGs
[2024-12-21T21:15:52.725+0000] {logging_mixin.py:190} INFO - [2024-12-21T21:15:52.724+0000] {dag.py:4180} INFO - Setting next_dagrun for example_task_group to None, run_after=None
[2024-12-21T21:15:52.792+0000] {processor.py:208} INFO - Processing /home/airflow/.local/lib/python3.12/site-packages/airflow/example_dags/example_task_group.py took 0.243 seconds
[2024-12-21T21:16:23.161+0000] {processor.py:186} INFO - Started process (PID=3222) to work on /home/airflow/.local/lib/python3.12/site-packages/airflow/example_dags/example_task_group.py
[2024-12-21T21:16:23.163+0000] {processor.py:914} INFO - Processing file /home/airflow/.local/lib/python3.12/site-packages/airflow/example_dags/example_task_group.py for tasks to queue
[2024-12-21T21:16:23.169+0000] {logging_mixin.py:190} INFO - [2024-12-21T21:16:23.169+0000] {dagbag.py:588} INFO - Filling up the DagBag from /home/airflow/.local/lib/python3.12/site-packages/airflow/example_dags/example_task_group.py
[2024-12-21T21:16:23.186+0000] {processor.py:925} INFO - DAG(s) 'example_task_group' retrieved from /home/airflow/.local/lib/python3.12/site-packages/airflow/example_dags/example_task_group.py
[2024-12-21T21:16:23.235+0000] {logging_mixin.py:190} INFO - [2024-12-21T21:16:23.234+0000] {dag.py:3239} INFO - Sync 1 DAGs
[2024-12-21T21:16:23.267+0000] {logging_mixin.py:190} INFO - [2024-12-21T21:16:23.266+0000] {dag.py:4180} INFO - Setting next_dagrun for example_task_group to None, run_after=None
[2024-12-21T21:16:23.329+0000] {processor.py:208} INFO - Processing /home/airflow/.local/lib/python3.12/site-packages/airflow/example_dags/example_task_group.py took 0.180 seconds
[2024-12-21T21:16:53.842+0000] {processor.py:186} INFO - Started process (PID=3517) to work on /home/airflow/.local/lib/python3.12/site-packages/airflow/example_dags/example_task_group.py
[2024-12-21T21:16:53.847+0000] {processor.py:914} INFO - Processing file /home/airflow/.local/lib/python3.12/site-packages/airflow/example_dags/example_task_group.py for tasks to queue
[2024-12-21T21:16:53.857+0000] {logging_mixin.py:190} INFO - [2024-12-21T21:16:53.856+0000] {dagbag.py:588} INFO - Filling up the DagBag from /home/airflow/.local/lib/python3.12/site-packages/airflow/example_dags/example_task_group.py
[2024-12-21T21:16:53.889+0000] {processor.py:925} INFO - DAG(s) 'example_task_group' retrieved from /home/airflow/.local/lib/python3.12/site-packages/airflow/example_dags/example_task_group.py
[2024-12-21T21:16:53.947+0000] {logging_mixin.py:190} INFO - [2024-12-21T21:16:53.946+0000] {dag.py:3239} INFO - Sync 1 DAGs
[2024-12-21T21:16:53.976+0000] {logging_mixin.py:190} INFO - [2024-12-21T21:16:53.976+0000] {dag.py:4180} INFO - Setting next_dagrun for example_task_group to None, run_after=None
[2024-12-21T21:16:54.020+0000] {processor.py:208} INFO - Processing /home/airflow/.local/lib/python3.12/site-packages/airflow/example_dags/example_task_group.py took 0.201 seconds
[2024-12-21T21:17:24.564+0000] {processor.py:186} INFO - Started process (PID=3813) to work on /home/airflow/.local/lib/python3.12/site-packages/airflow/example_dags/example_task_group.py
[2024-12-21T21:17:24.566+0000] {processor.py:914} INFO - Processing file /home/airflow/.local/lib/python3.12/site-packages/airflow/example_dags/example_task_group.py for tasks to queue
[2024-12-21T21:17:24.570+0000] {logging_mixin.py:190} INFO - [2024-12-21T21:17:24.570+0000] {dagbag.py:588} INFO - Filling up the DagBag from /home/airflow/.local/lib/python3.12/site-packages/airflow/example_dags/example_task_group.py
[2024-12-21T21:17:24.589+0000] {processor.py:925} INFO - DAG(s) 'example_task_group' retrieved from /home/airflow/.local/lib/python3.12/site-packages/airflow/example_dags/example_task_group.py
[2024-12-21T21:17:24.670+0000] {logging_mixin.py:190} INFO - [2024-12-21T21:17:24.669+0000] {dag.py:3239} INFO - Sync 1 DAGs
[2024-12-21T21:17:24.698+0000] {logging_mixin.py:190} INFO - [2024-12-21T21:17:24.697+0000] {dag.py:4180} INFO - Setting next_dagrun for example_task_group to None, run_after=None
[2024-12-21T21:17:24.736+0000] {processor.py:208} INFO - Processing /home/airflow/.local/lib/python3.12/site-packages/airflow/example_dags/example_task_group.py took 0.184 seconds
[2024-12-21T21:17:55.023+0000] {processor.py:186} INFO - Started process (PID=4109) to work on /home/airflow/.local/lib/python3.12/site-packages/airflow/example_dags/example_task_group.py
[2024-12-21T21:17:55.026+0000] {processor.py:914} INFO - Processing file /home/airflow/.local/lib/python3.12/site-packages/airflow/example_dags/example_task_group.py for tasks to queue
[2024-12-21T21:17:55.030+0000] {logging_mixin.py:190} INFO - [2024-12-21T21:17:55.030+0000] {dagbag.py:588} INFO - Filling up the DagBag from /home/airflow/.local/lib/python3.12/site-packages/airflow/example_dags/example_task_group.py
[2024-12-21T21:17:55.053+0000] {processor.py:925} INFO - DAG(s) 'example_task_group' retrieved from /home/airflow/.local/lib/python3.12/site-packages/airflow/example_dags/example_task_group.py
[2024-12-21T21:17:55.110+0000] {logging_mixin.py:190} INFO - [2024-12-21T21:17:55.109+0000] {dag.py:3239} INFO - Sync 1 DAGs
[2024-12-21T21:17:55.148+0000] {logging_mixin.py:190} INFO - [2024-12-21T21:17:55.147+0000] {dag.py:4180} INFO - Setting next_dagrun for example_task_group to None, run_after=None
[2024-12-21T21:17:55.198+0000] {processor.py:208} INFO - Processing /home/airflow/.local/lib/python3.12/site-packages/airflow/example_dags/example_task_group.py took 0.191 seconds
[2024-12-21T21:18:26.929+0000] {processor.py:186} INFO - Started process (PID=4413) to work on /home/airflow/.local/lib/python3.12/site-packages/airflow/example_dags/example_task_group.py
[2024-12-21T21:18:26.932+0000] {processor.py:914} INFO - Processing file /home/airflow/.local/lib/python3.12/site-packages/airflow/example_dags/example_task_group.py for tasks to queue
[2024-12-21T21:18:26.937+0000] {logging_mixin.py:190} INFO - [2024-12-21T21:18:26.936+0000] {dagbag.py:588} INFO - Filling up the DagBag from /home/airflow/.local/lib/python3.12/site-packages/airflow/example_dags/example_task_group.py
[2024-12-21T21:18:26.955+0000] {processor.py:925} INFO - DAG(s) 'example_task_group' retrieved from /home/airflow/.local/lib/python3.12/site-packages/airflow/example_dags/example_task_group.py
[2024-12-21T21:18:27.009+0000] {logging_mixin.py:190} INFO - [2024-12-21T21:18:27.008+0000] {dag.py:3239} INFO - Sync 1 DAGs
[2024-12-21T21:18:27.073+0000] {logging_mixin.py:190} INFO - [2024-12-21T21:18:27.072+0000] {dag.py:4180} INFO - Setting next_dagrun for example_task_group to None, run_after=None
[2024-12-21T21:18:27.117+0000] {processor.py:208} INFO - Processing /home/airflow/.local/lib/python3.12/site-packages/airflow/example_dags/example_task_group.py took 0.207 seconds
[2024-12-21T21:18:57.303+0000] {processor.py:186} INFO - Started process (PID=4647) to work on /home/airflow/.local/lib/python3.12/site-packages/airflow/example_dags/example_task_group.py
[2024-12-21T21:18:57.305+0000] {processor.py:914} INFO - Processing file /home/airflow/.local/lib/python3.12/site-packages/airflow/example_dags/example_task_group.py for tasks to queue
[2024-12-21T21:18:57.311+0000] {logging_mixin.py:190} INFO - [2024-12-21T21:18:57.310+0000] {dagbag.py:588} INFO - Filling up the DagBag from /home/airflow/.local/lib/python3.12/site-packages/airflow/example_dags/example_task_group.py
[2024-12-21T21:18:57.330+0000] {processor.py:925} INFO - DAG(s) 'example_task_group' retrieved from /home/airflow/.local/lib/python3.12/site-packages/airflow/example_dags/example_task_group.py
[2024-12-21T21:18:57.382+0000] {logging_mixin.py:190} INFO - [2024-12-21T21:18:57.381+0000] {dag.py:3239} INFO - Sync 1 DAGs
[2024-12-21T21:18:57.463+0000] {logging_mixin.py:190} INFO - [2024-12-21T21:18:57.463+0000] {dag.py:4180} INFO - Setting next_dagrun for example_task_group to None, run_after=None
[2024-12-21T21:18:57.523+0000] {processor.py:208} INFO - Processing /home/airflow/.local/lib/python3.12/site-packages/airflow/example_dags/example_task_group.py took 0.232 seconds
[2024-12-21T21:19:28.617+0000] {processor.py:186} INFO - Started process (PID=4943) to work on /home/airflow/.local/lib/python3.12/site-packages/airflow/example_dags/example_task_group.py
[2024-12-21T21:19:28.619+0000] {processor.py:914} INFO - Processing file /home/airflow/.local/lib/python3.12/site-packages/airflow/example_dags/example_task_group.py for tasks to queue
[2024-12-21T21:19:28.624+0000] {logging_mixin.py:190} INFO - [2024-12-21T21:19:28.623+0000] {dagbag.py:588} INFO - Filling up the DagBag from /home/airflow/.local/lib/python3.12/site-packages/airflow/example_dags/example_task_group.py
[2024-12-21T21:19:28.640+0000] {processor.py:925} INFO - DAG(s) 'example_task_group' retrieved from /home/airflow/.local/lib/python3.12/site-packages/airflow/example_dags/example_task_group.py
[2024-12-21T21:19:28.682+0000] {logging_mixin.py:190} INFO - [2024-12-21T21:19:28.681+0000] {dag.py:3239} INFO - Sync 1 DAGs
[2024-12-21T21:19:28.714+0000] {logging_mixin.py:190} INFO - [2024-12-21T21:19:28.713+0000] {dag.py:4180} INFO - Setting next_dagrun for example_task_group to None, run_after=None
[2024-12-21T21:19:28.752+0000] {processor.py:208} INFO - Processing /home/airflow/.local/lib/python3.12/site-packages/airflow/example_dags/example_task_group.py took 0.148 seconds
[2024-12-21T21:19:59.007+0000] {processor.py:186} INFO - Started process (PID=5238) to work on /home/airflow/.local/lib/python3.12/site-packages/airflow/example_dags/example_task_group.py
[2024-12-21T21:19:59.009+0000] {processor.py:914} INFO - Processing file /home/airflow/.local/lib/python3.12/site-packages/airflow/example_dags/example_task_group.py for tasks to queue
[2024-12-21T21:19:59.014+0000] {logging_mixin.py:190} INFO - [2024-12-21T21:19:59.013+0000] {dagbag.py:588} INFO - Filling up the DagBag from /home/airflow/.local/lib/python3.12/site-packages/airflow/example_dags/example_task_group.py
[2024-12-21T21:19:59.029+0000] {processor.py:925} INFO - DAG(s) 'example_task_group' retrieved from /home/airflow/.local/lib/python3.12/site-packages/airflow/example_dags/example_task_group.py
[2024-12-21T21:19:59.073+0000] {logging_mixin.py:190} INFO - [2024-12-21T21:19:59.072+0000] {dag.py:3239} INFO - Sync 1 DAGs
[2024-12-21T21:19:59.103+0000] {logging_mixin.py:190} INFO - [2024-12-21T21:19:59.103+0000] {dag.py:4180} INFO - Setting next_dagrun for example_task_group to None, run_after=None
[2024-12-21T21:19:59.167+0000] {processor.py:208} INFO - Processing /home/airflow/.local/lib/python3.12/site-packages/airflow/example_dags/example_task_group.py took 0.171 seconds
[2024-12-21T21:20:30.352+0000] {processor.py:186} INFO - Started process (PID=5529) to work on /home/airflow/.local/lib/python3.12/site-packages/airflow/example_dags/example_task_group.py
[2024-12-21T21:20:30.355+0000] {processor.py:914} INFO - Processing file /home/airflow/.local/lib/python3.12/site-packages/airflow/example_dags/example_task_group.py for tasks to queue
[2024-12-21T21:20:30.361+0000] {logging_mixin.py:190} INFO - [2024-12-21T21:20:30.360+0000] {dagbag.py:588} INFO - Filling up the DagBag from /home/airflow/.local/lib/python3.12/site-packages/airflow/example_dags/example_task_group.py
[2024-12-21T21:20:30.387+0000] {processor.py:925} INFO - DAG(s) 'example_task_group' retrieved from /home/airflow/.local/lib/python3.12/site-packages/airflow/example_dags/example_task_group.py
[2024-12-21T21:20:30.465+0000] {logging_mixin.py:190} INFO - [2024-12-21T21:20:30.462+0000] {dag.py:3239} INFO - Sync 1 DAGs
[2024-12-21T21:20:30.543+0000] {logging_mixin.py:190} INFO - [2024-12-21T21:20:30.543+0000] {dag.py:4180} INFO - Setting next_dagrun for example_task_group to None, run_after=None
[2024-12-21T21:20:30.607+0000] {processor.py:208} INFO - Processing /home/airflow/.local/lib/python3.12/site-packages/airflow/example_dags/example_task_group.py took 0.273 seconds
[2024-12-21T21:21:00.714+0000] {processor.py:186} INFO - Started process (PID=5821) to work on /home/airflow/.local/lib/python3.12/site-packages/airflow/example_dags/example_task_group.py
[2024-12-21T21:21:00.716+0000] {processor.py:914} INFO - Processing file /home/airflow/.local/lib/python3.12/site-packages/airflow/example_dags/example_task_group.py for tasks to queue
[2024-12-21T21:21:00.720+0000] {logging_mixin.py:190} INFO - [2024-12-21T21:21:00.720+0000] {dagbag.py:588} INFO - Filling up the DagBag from /home/airflow/.local/lib/python3.12/site-packages/airflow/example_dags/example_task_group.py
[2024-12-21T21:21:00.736+0000] {processor.py:925} INFO - DAG(s) 'example_task_group' retrieved from /home/airflow/.local/lib/python3.12/site-packages/airflow/example_dags/example_task_group.py
[2024-12-21T21:21:00.779+0000] {logging_mixin.py:190} INFO - [2024-12-21T21:21:00.778+0000] {dag.py:3239} INFO - Sync 1 DAGs
[2024-12-21T21:21:00.809+0000] {logging_mixin.py:190} INFO - [2024-12-21T21:21:00.808+0000] {dag.py:4180} INFO - Setting next_dagrun for example_task_group to None, run_after=None
[2024-12-21T21:21:00.848+0000] {processor.py:208} INFO - Processing /home/airflow/.local/lib/python3.12/site-packages/airflow/example_dags/example_task_group.py took 0.145 seconds
[2024-12-21T21:21:32.555+0000] {processor.py:186} INFO - Started process (PID=6107) to work on /home/airflow/.local/lib/python3.12/site-packages/airflow/example_dags/example_task_group.py
[2024-12-21T21:21:32.557+0000] {processor.py:914} INFO - Processing file /home/airflow/.local/lib/python3.12/site-packages/airflow/example_dags/example_task_group.py for tasks to queue
[2024-12-21T21:21:32.562+0000] {logging_mixin.py:190} INFO - [2024-12-21T21:21:32.561+0000] {dagbag.py:588} INFO - Filling up the DagBag from /home/airflow/.local/lib/python3.12/site-packages/airflow/example_dags/example_task_group.py
[2024-12-21T21:21:32.583+0000] {processor.py:925} INFO - DAG(s) 'example_task_group' retrieved from /home/airflow/.local/lib/python3.12/site-packages/airflow/example_dags/example_task_group.py
[2024-12-21T21:21:32.641+0000] {logging_mixin.py:190} INFO - [2024-12-21T21:21:32.641+0000] {dag.py:3239} INFO - Sync 1 DAGs
[2024-12-21T21:21:32.700+0000] {logging_mixin.py:190} INFO - [2024-12-21T21:21:32.699+0000] {dag.py:4180} INFO - Setting next_dagrun for example_task_group to None, run_after=None
[2024-12-21T21:21:32.750+0000] {processor.py:208} INFO - Processing /home/airflow/.local/lib/python3.12/site-packages/airflow/example_dags/example_task_group.py took 0.212 seconds
[2024-12-21T21:22:03.118+0000] {processor.py:186} INFO - Started process (PID=6393) to work on /home/airflow/.local/lib/python3.12/site-packages/airflow/example_dags/example_task_group.py
[2024-12-21T21:22:03.120+0000] {processor.py:914} INFO - Processing file /home/airflow/.local/lib/python3.12/site-packages/airflow/example_dags/example_task_group.py for tasks to queue
[2024-12-21T21:22:03.125+0000] {logging_mixin.py:190} INFO - [2024-12-21T21:22:03.125+0000] {dagbag.py:588} INFO - Filling up the DagBag from /home/airflow/.local/lib/python3.12/site-packages/airflow/example_dags/example_task_group.py
[2024-12-21T21:22:03.141+0000] {processor.py:925} INFO - DAG(s) 'example_task_group' retrieved from /home/airflow/.local/lib/python3.12/site-packages/airflow/example_dags/example_task_group.py
[2024-12-21T21:22:03.184+0000] {logging_mixin.py:190} INFO - [2024-12-21T21:22:03.183+0000] {dag.py:3239} INFO - Sync 1 DAGs
[2024-12-21T21:22:03.216+0000] {logging_mixin.py:190} INFO - [2024-12-21T21:22:03.215+0000] {dag.py:4180} INFO - Setting next_dagrun for example_task_group to None, run_after=None
[2024-12-21T21:22:03.256+0000] {processor.py:208} INFO - Processing /home/airflow/.local/lib/python3.12/site-packages/airflow/example_dags/example_task_group.py took 0.150 seconds
[2024-12-21T21:22:34.811+0000] {processor.py:186} INFO - Started process (PID=6676) to work on /home/airflow/.local/lib/python3.12/site-packages/airflow/example_dags/example_task_group.py
[2024-12-21T21:22:34.814+0000] {processor.py:914} INFO - Processing file /home/airflow/.local/lib/python3.12/site-packages/airflow/example_dags/example_task_group.py for tasks to queue
[2024-12-21T21:22:34.827+0000] {logging_mixin.py:190} INFO - [2024-12-21T21:22:34.822+0000] {dagbag.py:588} INFO - Filling up the DagBag from /home/airflow/.local/lib/python3.12/site-packages/airflow/example_dags/example_task_group.py
[2024-12-21T21:22:34.862+0000] {processor.py:925} INFO - DAG(s) 'example_task_group' retrieved from /home/airflow/.local/lib/python3.12/site-packages/airflow/example_dags/example_task_group.py
[2024-12-21T21:22:34.936+0000] {logging_mixin.py:190} INFO - [2024-12-21T21:22:34.933+0000] {dag.py:3239} INFO - Sync 1 DAGs
[2024-12-21T21:22:34.989+0000] {logging_mixin.py:190} INFO - [2024-12-21T21:22:34.988+0000] {dag.py:4180} INFO - Setting next_dagrun for example_task_group to None, run_after=None
[2024-12-21T21:22:35.062+0000] {processor.py:208} INFO - Processing /home/airflow/.local/lib/python3.12/site-packages/airflow/example_dags/example_task_group.py took 0.269 seconds
[2024-12-21T21:23:06.284+0000] {processor.py:186} INFO - Started process (PID=6971) to work on /home/airflow/.local/lib/python3.12/site-packages/airflow/example_dags/example_task_group.py
[2024-12-21T21:23:06.286+0000] {processor.py:914} INFO - Processing file /home/airflow/.local/lib/python3.12/site-packages/airflow/example_dags/example_task_group.py for tasks to queue
[2024-12-21T21:23:06.292+0000] {logging_mixin.py:190} INFO - [2024-12-21T21:23:06.291+0000] {dagbag.py:588} INFO - Filling up the DagBag from /home/airflow/.local/lib/python3.12/site-packages/airflow/example_dags/example_task_group.py
[2024-12-21T21:23:06.314+0000] {processor.py:925} INFO - DAG(s) 'example_task_group' retrieved from /home/airflow/.local/lib/python3.12/site-packages/airflow/example_dags/example_task_group.py
[2024-12-21T21:23:06.366+0000] {logging_mixin.py:190} INFO - [2024-12-21T21:23:06.366+0000] {dag.py:3239} INFO - Sync 1 DAGs
[2024-12-21T21:23:06.398+0000] {logging_mixin.py:190} INFO - [2024-12-21T21:23:06.398+0000] {dag.py:4180} INFO - Setting next_dagrun for example_task_group to None, run_after=None
[2024-12-21T21:23:06.437+0000] {processor.py:208} INFO - Processing /home/airflow/.local/lib/python3.12/site-packages/airflow/example_dags/example_task_group.py took 0.169 seconds
[2024-12-21T21:23:36.701+0000] {processor.py:186} INFO - Started process (PID=7257) to work on /home/airflow/.local/lib/python3.12/site-packages/airflow/example_dags/example_task_group.py
[2024-12-21T21:23:36.703+0000] {processor.py:914} INFO - Processing file /home/airflow/.local/lib/python3.12/site-packages/airflow/example_dags/example_task_group.py for tasks to queue
[2024-12-21T21:23:36.707+0000] {logging_mixin.py:190} INFO - [2024-12-21T21:23:36.707+0000] {dagbag.py:588} INFO - Filling up the DagBag from /home/airflow/.local/lib/python3.12/site-packages/airflow/example_dags/example_task_group.py
[2024-12-21T21:23:36.723+0000] {processor.py:925} INFO - DAG(s) 'example_task_group' retrieved from /home/airflow/.local/lib/python3.12/site-packages/airflow/example_dags/example_task_group.py
[2024-12-21T21:23:36.767+0000] {logging_mixin.py:190} INFO - [2024-12-21T21:23:36.767+0000] {dag.py:3239} INFO - Sync 1 DAGs
[2024-12-21T21:23:36.796+0000] {logging_mixin.py:190} INFO - [2024-12-21T21:23:36.796+0000] {dag.py:4180} INFO - Setting next_dagrun for example_task_group to None, run_after=None
[2024-12-21T21:23:36.837+0000] {processor.py:208} INFO - Processing /home/airflow/.local/lib/python3.12/site-packages/airflow/example_dags/example_task_group.py took 0.146 seconds
[2024-12-21T21:24:07.078+0000] {processor.py:186} INFO - Started process (PID=7550) to work on /home/airflow/.local/lib/python3.12/site-packages/airflow/example_dags/example_task_group.py
[2024-12-21T21:24:07.081+0000] {processor.py:914} INFO - Processing file /home/airflow/.local/lib/python3.12/site-packages/airflow/example_dags/example_task_group.py for tasks to queue
[2024-12-21T21:24:07.088+0000] {logging_mixin.py:190} INFO - [2024-12-21T21:24:07.087+0000] {dagbag.py:588} INFO - Filling up the DagBag from /home/airflow/.local/lib/python3.12/site-packages/airflow/example_dags/example_task_group.py
[2024-12-21T21:24:07.106+0000] {processor.py:925} INFO - DAG(s) 'example_task_group' retrieved from /home/airflow/.local/lib/python3.12/site-packages/airflow/example_dags/example_task_group.py
[2024-12-21T21:24:07.155+0000] {logging_mixin.py:190} INFO - [2024-12-21T21:24:07.155+0000] {dag.py:3239} INFO - Sync 1 DAGs
[2024-12-21T21:24:07.184+0000] {logging_mixin.py:190} INFO - [2024-12-21T21:24:07.184+0000] {dag.py:4180} INFO - Setting next_dagrun for example_task_group to None, run_after=None
[2024-12-21T21:24:07.252+0000] {processor.py:208} INFO - Processing /home/airflow/.local/lib/python3.12/site-packages/airflow/example_dags/example_task_group.py took 0.187 seconds
[2024-12-21T21:26:30.350+0000] {processor.py:186} INFO - Started process (PID=271) to work on /home/airflow/.local/lib/python3.12/site-packages/airflow/example_dags/example_task_group.py
[2024-12-21T21:26:30.352+0000] {processor.py:914} INFO - Processing file /home/airflow/.local/lib/python3.12/site-packages/airflow/example_dags/example_task_group.py for tasks to queue
[2024-12-21T21:26:30.357+0000] {logging_mixin.py:190} INFO - [2024-12-21T21:26:30.356+0000] {dagbag.py:588} INFO - Filling up the DagBag from /home/airflow/.local/lib/python3.12/site-packages/airflow/example_dags/example_task_group.py
[2024-12-21T21:26:30.374+0000] {processor.py:925} INFO - DAG(s) 'example_task_group' retrieved from /home/airflow/.local/lib/python3.12/site-packages/airflow/example_dags/example_task_group.py
[2024-12-21T21:26:30.435+0000] {logging_mixin.py:190} INFO - [2024-12-21T21:26:30.434+0000] {dag.py:3239} INFO - Sync 1 DAGs
[2024-12-21T21:26:30.480+0000] {logging_mixin.py:190} INFO - [2024-12-21T21:26:30.479+0000] {dag.py:4180} INFO - Setting next_dagrun for example_task_group to None, run_after=None
[2024-12-21T21:26:30.551+0000] {processor.py:208} INFO - Processing /home/airflow/.local/lib/python3.12/site-packages/airflow/example_dags/example_task_group.py took 0.211 seconds
[2024-12-21T21:27:02.121+0000] {processor.py:186} INFO - Started process (PID=567) to work on /home/airflow/.local/lib/python3.12/site-packages/airflow/example_dags/example_task_group.py
[2024-12-21T21:27:02.123+0000] {processor.py:914} INFO - Processing file /home/airflow/.local/lib/python3.12/site-packages/airflow/example_dags/example_task_group.py for tasks to queue
[2024-12-21T21:27:02.128+0000] {logging_mixin.py:190} INFO - [2024-12-21T21:27:02.127+0000] {dagbag.py:588} INFO - Filling up the DagBag from /home/airflow/.local/lib/python3.12/site-packages/airflow/example_dags/example_task_group.py
[2024-12-21T21:27:02.146+0000] {processor.py:925} INFO - DAG(s) 'example_task_group' retrieved from /home/airflow/.local/lib/python3.12/site-packages/airflow/example_dags/example_task_group.py
[2024-12-21T21:27:02.193+0000] {logging_mixin.py:190} INFO - [2024-12-21T21:27:02.192+0000] {dag.py:3239} INFO - Sync 1 DAGs
[2024-12-21T21:27:02.224+0000] {logging_mixin.py:190} INFO - [2024-12-21T21:27:02.224+0000] {dag.py:4180} INFO - Setting next_dagrun for example_task_group to None, run_after=None
[2024-12-21T21:27:02.263+0000] {processor.py:208} INFO - Processing /home/airflow/.local/lib/python3.12/site-packages/airflow/example_dags/example_task_group.py took 0.155 seconds
[2024-12-21T21:27:32.444+0000] {processor.py:186} INFO - Started process (PID=858) to work on /home/airflow/.local/lib/python3.12/site-packages/airflow/example_dags/example_task_group.py
[2024-12-21T21:27:32.447+0000] {processor.py:914} INFO - Processing file /home/airflow/.local/lib/python3.12/site-packages/airflow/example_dags/example_task_group.py for tasks to queue
[2024-12-21T21:27:32.454+0000] {logging_mixin.py:190} INFO - [2024-12-21T21:27:32.453+0000] {dagbag.py:588} INFO - Filling up the DagBag from /home/airflow/.local/lib/python3.12/site-packages/airflow/example_dags/example_task_group.py
[2024-12-21T21:27:32.476+0000] {processor.py:925} INFO - DAG(s) 'example_task_group' retrieved from /home/airflow/.local/lib/python3.12/site-packages/airflow/example_dags/example_task_group.py
[2024-12-21T21:27:32.535+0000] {logging_mixin.py:190} INFO - [2024-12-21T21:27:32.535+0000] {dag.py:3239} INFO - Sync 1 DAGs
[2024-12-21T21:27:32.574+0000] {logging_mixin.py:190} INFO - [2024-12-21T21:27:32.573+0000] {dag.py:4180} INFO - Setting next_dagrun for example_task_group to None, run_after=None
[2024-12-21T21:27:32.632+0000] {processor.py:208} INFO - Processing /home/airflow/.local/lib/python3.12/site-packages/airflow/example_dags/example_task_group.py took 0.202 seconds
[2024-12-21T21:28:02.766+0000] {processor.py:186} INFO - Started process (PID=1151) to work on /home/airflow/.local/lib/python3.12/site-packages/airflow/example_dags/example_task_group.py
[2024-12-21T21:28:02.768+0000] {processor.py:914} INFO - Processing file /home/airflow/.local/lib/python3.12/site-packages/airflow/example_dags/example_task_group.py for tasks to queue
[2024-12-21T21:28:02.773+0000] {logging_mixin.py:190} INFO - [2024-12-21T21:28:02.772+0000] {dagbag.py:588} INFO - Filling up the DagBag from /home/airflow/.local/lib/python3.12/site-packages/airflow/example_dags/example_task_group.py
[2024-12-21T21:28:02.788+0000] {processor.py:925} INFO - DAG(s) 'example_task_group' retrieved from /home/airflow/.local/lib/python3.12/site-packages/airflow/example_dags/example_task_group.py
[2024-12-21T21:28:02.834+0000] {logging_mixin.py:190} INFO - [2024-12-21T21:28:02.833+0000] {dag.py:3239} INFO - Sync 1 DAGs
[2024-12-21T21:28:02.865+0000] {logging_mixin.py:190} INFO - [2024-12-21T21:28:02.864+0000] {dag.py:4180} INFO - Setting next_dagrun for example_task_group to None, run_after=None
[2024-12-21T21:28:02.903+0000] {processor.py:208} INFO - Processing /home/airflow/.local/lib/python3.12/site-packages/airflow/example_dags/example_task_group.py took 0.148 seconds
[2024-12-21T21:28:33.219+0000] {processor.py:186} INFO - Started process (PID=1447) to work on /home/airflow/.local/lib/python3.12/site-packages/airflow/example_dags/example_task_group.py
[2024-12-21T21:28:33.221+0000] {processor.py:914} INFO - Processing file /home/airflow/.local/lib/python3.12/site-packages/airflow/example_dags/example_task_group.py for tasks to queue
[2024-12-21T21:28:33.226+0000] {logging_mixin.py:190} INFO - [2024-12-21T21:28:33.225+0000] {dagbag.py:588} INFO - Filling up the DagBag from /home/airflow/.local/lib/python3.12/site-packages/airflow/example_dags/example_task_group.py
[2024-12-21T21:28:33.241+0000] {processor.py:925} INFO - DAG(s) 'example_task_group' retrieved from /home/airflow/.local/lib/python3.12/site-packages/airflow/example_dags/example_task_group.py
[2024-12-21T21:28:33.285+0000] {logging_mixin.py:190} INFO - [2024-12-21T21:28:33.285+0000] {dag.py:3239} INFO - Sync 1 DAGs
[2024-12-21T21:28:33.318+0000] {logging_mixin.py:190} INFO - [2024-12-21T21:28:33.318+0000] {dag.py:4180} INFO - Setting next_dagrun for example_task_group to None, run_after=None
[2024-12-21T21:28:33.357+0000] {processor.py:208} INFO - Processing /home/airflow/.local/lib/python3.12/site-packages/airflow/example_dags/example_task_group.py took 0.148 seconds
[2024-12-21T21:29:03.656+0000] {processor.py:186} INFO - Started process (PID=1741) to work on /home/airflow/.local/lib/python3.12/site-packages/airflow/example_dags/example_task_group.py
[2024-12-21T21:29:03.658+0000] {processor.py:914} INFO - Processing file /home/airflow/.local/lib/python3.12/site-packages/airflow/example_dags/example_task_group.py for tasks to queue
[2024-12-21T21:29:03.663+0000] {logging_mixin.py:190} INFO - [2024-12-21T21:29:03.662+0000] {dagbag.py:588} INFO - Filling up the DagBag from /home/airflow/.local/lib/python3.12/site-packages/airflow/example_dags/example_task_group.py
[2024-12-21T21:29:03.681+0000] {processor.py:925} INFO - DAG(s) 'example_task_group' retrieved from /home/airflow/.local/lib/python3.12/site-packages/airflow/example_dags/example_task_group.py
[2024-12-21T21:29:03.733+0000] {logging_mixin.py:190} INFO - [2024-12-21T21:29:03.732+0000] {dag.py:3239} INFO - Sync 1 DAGs
[2024-12-21T21:29:03.768+0000] {logging_mixin.py:190} INFO - [2024-12-21T21:29:03.768+0000] {dag.py:4180} INFO - Setting next_dagrun for example_task_group to None, run_after=None
[2024-12-21T21:29:03.812+0000] {processor.py:208} INFO - Processing /home/airflow/.local/lib/python3.12/site-packages/airflow/example_dags/example_task_group.py took 0.168 seconds
[2024-12-21T21:29:34.317+0000] {processor.py:186} INFO - Started process (PID=2038) to work on /home/airflow/.local/lib/python3.12/site-packages/airflow/example_dags/example_task_group.py
[2024-12-21T21:29:34.318+0000] {processor.py:914} INFO - Processing file /home/airflow/.local/lib/python3.12/site-packages/airflow/example_dags/example_task_group.py for tasks to queue
[2024-12-21T21:29:34.324+0000] {logging_mixin.py:190} INFO - [2024-12-21T21:29:34.323+0000] {dagbag.py:588} INFO - Filling up the DagBag from /home/airflow/.local/lib/python3.12/site-packages/airflow/example_dags/example_task_group.py
[2024-12-21T21:29:34.343+0000] {processor.py:925} INFO - DAG(s) 'example_task_group' retrieved from /home/airflow/.local/lib/python3.12/site-packages/airflow/example_dags/example_task_group.py
[2024-12-21T21:29:34.387+0000] {logging_mixin.py:190} INFO - [2024-12-21T21:29:34.386+0000] {dag.py:3239} INFO - Sync 1 DAGs
[2024-12-21T21:29:34.417+0000] {logging_mixin.py:190} INFO - [2024-12-21T21:29:34.417+0000] {dag.py:4180} INFO - Setting next_dagrun for example_task_group to None, run_after=None
[2024-12-21T21:29:34.453+0000] {processor.py:208} INFO - Processing /home/airflow/.local/lib/python3.12/site-packages/airflow/example_dags/example_task_group.py took 0.147 seconds
[2024-12-21T21:30:04.879+0000] {processor.py:186} INFO - Started process (PID=2334) to work on /home/airflow/.local/lib/python3.12/site-packages/airflow/example_dags/example_task_group.py
[2024-12-21T21:30:04.881+0000] {processor.py:914} INFO - Processing file /home/airflow/.local/lib/python3.12/site-packages/airflow/example_dags/example_task_group.py for tasks to queue
[2024-12-21T21:30:04.886+0000] {logging_mixin.py:190} INFO - [2024-12-21T21:30:04.886+0000] {dagbag.py:588} INFO - Filling up the DagBag from /home/airflow/.local/lib/python3.12/site-packages/airflow/example_dags/example_task_group.py
[2024-12-21T21:30:04.907+0000] {processor.py:925} INFO - DAG(s) 'example_task_group' retrieved from /home/airflow/.local/lib/python3.12/site-packages/airflow/example_dags/example_task_group.py
[2024-12-21T21:30:04.949+0000] {logging_mixin.py:190} INFO - [2024-12-21T21:30:04.949+0000] {dag.py:3239} INFO - Sync 1 DAGs
[2024-12-21T21:30:04.980+0000] {logging_mixin.py:190} INFO - [2024-12-21T21:30:04.980+0000] {dag.py:4180} INFO - Setting next_dagrun for example_task_group to None, run_after=None
[2024-12-21T21:30:05.025+0000] {processor.py:208} INFO - Processing /home/airflow/.local/lib/python3.12/site-packages/airflow/example_dags/example_task_group.py took 0.160 seconds
[2024-12-21T21:30:35.531+0000] {processor.py:186} INFO - Started process (PID=2630) to work on /home/airflow/.local/lib/python3.12/site-packages/airflow/example_dags/example_task_group.py
[2024-12-21T21:30:35.532+0000] {processor.py:914} INFO - Processing file /home/airflow/.local/lib/python3.12/site-packages/airflow/example_dags/example_task_group.py for tasks to queue
[2024-12-21T21:30:35.537+0000] {logging_mixin.py:190} INFO - [2024-12-21T21:30:35.537+0000] {dagbag.py:588} INFO - Filling up the DagBag from /home/airflow/.local/lib/python3.12/site-packages/airflow/example_dags/example_task_group.py
[2024-12-21T21:30:35.551+0000] {processor.py:925} INFO - DAG(s) 'example_task_group' retrieved from /home/airflow/.local/lib/python3.12/site-packages/airflow/example_dags/example_task_group.py
[2024-12-21T21:30:35.593+0000] {logging_mixin.py:190} INFO - [2024-12-21T21:30:35.593+0000] {dag.py:3239} INFO - Sync 1 DAGs
[2024-12-21T21:30:35.625+0000] {logging_mixin.py:190} INFO - [2024-12-21T21:30:35.624+0000] {dag.py:4180} INFO - Setting next_dagrun for example_task_group to None, run_after=None
[2024-12-21T21:30:35.680+0000] {processor.py:208} INFO - Processing /home/airflow/.local/lib/python3.12/site-packages/airflow/example_dags/example_task_group.py took 0.163 seconds
[2024-12-21T21:31:05.888+0000] {processor.py:186} INFO - Started process (PID=2926) to work on /home/airflow/.local/lib/python3.12/site-packages/airflow/example_dags/example_task_group.py
[2024-12-21T21:31:05.890+0000] {processor.py:914} INFO - Processing file /home/airflow/.local/lib/python3.12/site-packages/airflow/example_dags/example_task_group.py for tasks to queue
[2024-12-21T21:31:05.894+0000] {logging_mixin.py:190} INFO - [2024-12-21T21:31:05.894+0000] {dagbag.py:588} INFO - Filling up the DagBag from /home/airflow/.local/lib/python3.12/site-packages/airflow/example_dags/example_task_group.py
[2024-12-21T21:31:05.909+0000] {processor.py:925} INFO - DAG(s) 'example_task_group' retrieved from /home/airflow/.local/lib/python3.12/site-packages/airflow/example_dags/example_task_group.py
[2024-12-21T21:31:05.967+0000] {logging_mixin.py:190} INFO - [2024-12-21T21:31:05.966+0000] {dag.py:3239} INFO - Sync 1 DAGs
[2024-12-21T21:31:06.003+0000] {logging_mixin.py:190} INFO - [2024-12-21T21:31:06.003+0000] {dag.py:4180} INFO - Setting next_dagrun for example_task_group to None, run_after=None
[2024-12-21T21:31:06.039+0000] {processor.py:208} INFO - Processing /home/airflow/.local/lib/python3.12/site-packages/airflow/example_dags/example_task_group.py took 0.164 seconds
[2024-12-21T21:31:36.558+0000] {processor.py:186} INFO - Started process (PID=3223) to work on /home/airflow/.local/lib/python3.12/site-packages/airflow/example_dags/example_task_group.py
[2024-12-21T21:31:36.560+0000] {processor.py:914} INFO - Processing file /home/airflow/.local/lib/python3.12/site-packages/airflow/example_dags/example_task_group.py for tasks to queue
[2024-12-21T21:31:36.567+0000] {logging_mixin.py:190} INFO - [2024-12-21T21:31:36.564+0000] {dagbag.py:588} INFO - Filling up the DagBag from /home/airflow/.local/lib/python3.12/site-packages/airflow/example_dags/example_task_group.py
[2024-12-21T21:31:36.588+0000] {processor.py:925} INFO - DAG(s) 'example_task_group' retrieved from /home/airflow/.local/lib/python3.12/site-packages/airflow/example_dags/example_task_group.py
[2024-12-21T21:31:36.635+0000] {logging_mixin.py:190} INFO - [2024-12-21T21:31:36.635+0000] {dag.py:3239} INFO - Sync 1 DAGs
[2024-12-21T21:31:36.670+0000] {logging_mixin.py:190} INFO - [2024-12-21T21:31:36.670+0000] {dag.py:4180} INFO - Setting next_dagrun for example_task_group to None, run_after=None
[2024-12-21T21:31:36.711+0000] {processor.py:208} INFO - Processing /home/airflow/.local/lib/python3.12/site-packages/airflow/example_dags/example_task_group.py took 0.169 seconds
[2024-12-21T21:32:07.013+0000] {processor.py:186} INFO - Started process (PID=3519) to work on /home/airflow/.local/lib/python3.12/site-packages/airflow/example_dags/example_task_group.py
[2024-12-21T21:32:07.014+0000] {processor.py:914} INFO - Processing file /home/airflow/.local/lib/python3.12/site-packages/airflow/example_dags/example_task_group.py for tasks to queue
[2024-12-21T21:32:07.019+0000] {logging_mixin.py:190} INFO - [2024-12-21T21:32:07.019+0000] {dagbag.py:588} INFO - Filling up the DagBag from /home/airflow/.local/lib/python3.12/site-packages/airflow/example_dags/example_task_group.py
[2024-12-21T21:32:07.036+0000] {processor.py:925} INFO - DAG(s) 'example_task_group' retrieved from /home/airflow/.local/lib/python3.12/site-packages/airflow/example_dags/example_task_group.py
[2024-12-21T21:32:07.081+0000] {logging_mixin.py:190} INFO - [2024-12-21T21:32:07.080+0000] {dag.py:3239} INFO - Sync 1 DAGs
[2024-12-21T21:32:07.114+0000] {logging_mixin.py:190} INFO - [2024-12-21T21:32:07.114+0000] {dag.py:4180} INFO - Setting next_dagrun for example_task_group to None, run_after=None
[2024-12-21T21:32:07.151+0000] {processor.py:208} INFO - Processing /home/airflow/.local/lib/python3.12/site-packages/airflow/example_dags/example_task_group.py took 0.148 seconds
[2024-12-21T21:32:37.378+0000] {processor.py:186} INFO - Started process (PID=3815) to work on /home/airflow/.local/lib/python3.12/site-packages/airflow/example_dags/example_task_group.py
[2024-12-21T21:32:37.380+0000] {processor.py:914} INFO - Processing file /home/airflow/.local/lib/python3.12/site-packages/airflow/example_dags/example_task_group.py for tasks to queue
[2024-12-21T21:32:37.384+0000] {logging_mixin.py:190} INFO - [2024-12-21T21:32:37.384+0000] {dagbag.py:588} INFO - Filling up the DagBag from /home/airflow/.local/lib/python3.12/site-packages/airflow/example_dags/example_task_group.py
[2024-12-21T21:32:37.400+0000] {processor.py:925} INFO - DAG(s) 'example_task_group' retrieved from /home/airflow/.local/lib/python3.12/site-packages/airflow/example_dags/example_task_group.py
[2024-12-21T21:32:37.443+0000] {logging_mixin.py:190} INFO - [2024-12-21T21:32:37.443+0000] {dag.py:3239} INFO - Sync 1 DAGs
[2024-12-21T21:32:37.479+0000] {logging_mixin.py:190} INFO - [2024-12-21T21:32:37.479+0000] {dag.py:4180} INFO - Setting next_dagrun for example_task_group to None, run_after=None
[2024-12-21T21:32:37.516+0000] {processor.py:208} INFO - Processing /home/airflow/.local/lib/python3.12/site-packages/airflow/example_dags/example_task_group.py took 0.147 seconds
[2024-12-21T21:33:07.788+0000] {processor.py:186} INFO - Started process (PID=4111) to work on /home/airflow/.local/lib/python3.12/site-packages/airflow/example_dags/example_task_group.py
[2024-12-21T21:33:07.789+0000] {processor.py:914} INFO - Processing file /home/airflow/.local/lib/python3.12/site-packages/airflow/example_dags/example_task_group.py for tasks to queue
[2024-12-21T21:33:07.793+0000] {logging_mixin.py:190} INFO - [2024-12-21T21:33:07.793+0000] {dagbag.py:588} INFO - Filling up the DagBag from /home/airflow/.local/lib/python3.12/site-packages/airflow/example_dags/example_task_group.py
[2024-12-21T21:33:07.808+0000] {processor.py:925} INFO - DAG(s) 'example_task_group' retrieved from /home/airflow/.local/lib/python3.12/site-packages/airflow/example_dags/example_task_group.py
[2024-12-21T21:33:07.851+0000] {logging_mixin.py:190} INFO - [2024-12-21T21:33:07.851+0000] {dag.py:3239} INFO - Sync 1 DAGs
[2024-12-21T21:33:07.877+0000] {logging_mixin.py:190} INFO - [2024-12-21T21:33:07.877+0000] {dag.py:4180} INFO - Setting next_dagrun for example_task_group to None, run_after=None
[2024-12-21T21:33:07.936+0000] {processor.py:208} INFO - Processing /home/airflow/.local/lib/python3.12/site-packages/airflow/example_dags/example_task_group.py took 0.159 seconds
[2024-12-21T21:33:38.238+0000] {processor.py:186} INFO - Started process (PID=4407) to work on /home/airflow/.local/lib/python3.12/site-packages/airflow/example_dags/example_task_group.py
[2024-12-21T21:33:38.241+0000] {processor.py:914} INFO - Processing file /home/airflow/.local/lib/python3.12/site-packages/airflow/example_dags/example_task_group.py for tasks to queue
[2024-12-21T21:33:38.247+0000] {logging_mixin.py:190} INFO - [2024-12-21T21:33:38.246+0000] {dagbag.py:588} INFO - Filling up the DagBag from /home/airflow/.local/lib/python3.12/site-packages/airflow/example_dags/example_task_group.py
[2024-12-21T21:33:38.268+0000] {processor.py:925} INFO - DAG(s) 'example_task_group' retrieved from /home/airflow/.local/lib/python3.12/site-packages/airflow/example_dags/example_task_group.py
[2024-12-21T21:33:38.315+0000] {logging_mixin.py:190} INFO - [2024-12-21T21:33:38.314+0000] {dag.py:3239} INFO - Sync 1 DAGs
[2024-12-21T21:33:38.344+0000] {logging_mixin.py:190} INFO - [2024-12-21T21:33:38.343+0000] {dag.py:4180} INFO - Setting next_dagrun for example_task_group to None, run_after=None
[2024-12-21T21:33:38.382+0000] {processor.py:208} INFO - Processing /home/airflow/.local/lib/python3.12/site-packages/airflow/example_dags/example_task_group.py took 0.160 seconds
[2024-12-21T21:34:09.164+0000] {processor.py:186} INFO - Started process (PID=4703) to work on /home/airflow/.local/lib/python3.12/site-packages/airflow/example_dags/example_task_group.py
[2024-12-21T21:34:09.166+0000] {processor.py:914} INFO - Processing file /home/airflow/.local/lib/python3.12/site-packages/airflow/example_dags/example_task_group.py for tasks to queue
[2024-12-21T21:34:09.171+0000] {logging_mixin.py:190} INFO - [2024-12-21T21:34:09.169+0000] {dagbag.py:588} INFO - Filling up the DagBag from /home/airflow/.local/lib/python3.12/site-packages/airflow/example_dags/example_task_group.py
[2024-12-21T21:34:09.187+0000] {processor.py:925} INFO - DAG(s) 'example_task_group' retrieved from /home/airflow/.local/lib/python3.12/site-packages/airflow/example_dags/example_task_group.py
[2024-12-21T21:34:09.235+0000] {logging_mixin.py:190} INFO - [2024-12-21T21:34:09.235+0000] {dag.py:3239} INFO - Sync 1 DAGs
[2024-12-21T21:34:09.275+0000] {logging_mixin.py:190} INFO - [2024-12-21T21:34:09.275+0000] {dag.py:4180} INFO - Setting next_dagrun for example_task_group to None, run_after=None
[2024-12-21T21:34:09.330+0000] {processor.py:208} INFO - Processing /home/airflow/.local/lib/python3.12/site-packages/airflow/example_dags/example_task_group.py took 0.178 seconds
[2024-12-21T21:34:39.694+0000] {processor.py:186} INFO - Started process (PID=5000) to work on /home/airflow/.local/lib/python3.12/site-packages/airflow/example_dags/example_task_group.py
[2024-12-21T21:34:39.700+0000] {processor.py:914} INFO - Processing file /home/airflow/.local/lib/python3.12/site-packages/airflow/example_dags/example_task_group.py for tasks to queue
[2024-12-21T21:34:39.707+0000] {logging_mixin.py:190} INFO - [2024-12-21T21:34:39.705+0000] {dagbag.py:588} INFO - Filling up the DagBag from /home/airflow/.local/lib/python3.12/site-packages/airflow/example_dags/example_task_group.py
[2024-12-21T21:34:39.727+0000] {processor.py:925} INFO - DAG(s) 'example_task_group' retrieved from /home/airflow/.local/lib/python3.12/site-packages/airflow/example_dags/example_task_group.py
[2024-12-21T21:34:39.775+0000] {logging_mixin.py:190} INFO - [2024-12-21T21:34:39.774+0000] {dag.py:3239} INFO - Sync 1 DAGs
[2024-12-21T21:34:39.807+0000] {logging_mixin.py:190} INFO - [2024-12-21T21:34:39.806+0000] {dag.py:4180} INFO - Setting next_dagrun for example_task_group to None, run_after=None
[2024-12-21T21:34:39.844+0000] {processor.py:208} INFO - Processing /home/airflow/.local/lib/python3.12/site-packages/airflow/example_dags/example_task_group.py took 0.161 seconds
[2024-12-21T21:35:10.294+0000] {processor.py:186} INFO - Started process (PID=5296) to work on /home/airflow/.local/lib/python3.12/site-packages/airflow/example_dags/example_task_group.py
[2024-12-21T21:35:10.296+0000] {processor.py:914} INFO - Processing file /home/airflow/.local/lib/python3.12/site-packages/airflow/example_dags/example_task_group.py for tasks to queue
[2024-12-21T21:35:10.301+0000] {logging_mixin.py:190} INFO - [2024-12-21T21:35:10.301+0000] {dagbag.py:588} INFO - Filling up the DagBag from /home/airflow/.local/lib/python3.12/site-packages/airflow/example_dags/example_task_group.py
[2024-12-21T21:35:10.321+0000] {processor.py:925} INFO - DAG(s) 'example_task_group' retrieved from /home/airflow/.local/lib/python3.12/site-packages/airflow/example_dags/example_task_group.py
[2024-12-21T21:35:10.379+0000] {logging_mixin.py:190} INFO - [2024-12-21T21:35:10.378+0000] {dag.py:3239} INFO - Sync 1 DAGs
[2024-12-21T21:35:10.411+0000] {logging_mixin.py:190} INFO - [2024-12-21T21:35:10.411+0000] {dag.py:4180} INFO - Setting next_dagrun for example_task_group to None, run_after=None
[2024-12-21T21:35:10.476+0000] {processor.py:208} INFO - Processing /home/airflow/.local/lib/python3.12/site-packages/airflow/example_dags/example_task_group.py took 0.197 seconds
[2024-12-21T21:35:42.361+0000] {processor.py:186} INFO - Started process (PID=5582) to work on /home/airflow/.local/lib/python3.12/site-packages/airflow/example_dags/example_task_group.py
[2024-12-21T21:35:42.363+0000] {processor.py:914} INFO - Processing file /home/airflow/.local/lib/python3.12/site-packages/airflow/example_dags/example_task_group.py for tasks to queue
[2024-12-21T21:35:42.367+0000] {logging_mixin.py:190} INFO - [2024-12-21T21:35:42.367+0000] {dagbag.py:588} INFO - Filling up the DagBag from /home/airflow/.local/lib/python3.12/site-packages/airflow/example_dags/example_task_group.py
[2024-12-21T21:35:42.384+0000] {processor.py:925} INFO - DAG(s) 'example_task_group' retrieved from /home/airflow/.local/lib/python3.12/site-packages/airflow/example_dags/example_task_group.py
[2024-12-21T21:35:42.433+0000] {logging_mixin.py:190} INFO - [2024-12-21T21:35:42.433+0000] {dag.py:3239} INFO - Sync 1 DAGs
[2024-12-21T21:35:42.460+0000] {logging_mixin.py:190} INFO - [2024-12-21T21:35:42.460+0000] {dag.py:4180} INFO - Setting next_dagrun for example_task_group to None, run_after=None
[2024-12-21T21:35:42.520+0000] {processor.py:208} INFO - Processing /home/airflow/.local/lib/python3.12/site-packages/airflow/example_dags/example_task_group.py took 0.168 seconds
[2024-12-21T21:36:14.017+0000] {processor.py:186} INFO - Started process (PID=5880) to work on /home/airflow/.local/lib/python3.12/site-packages/airflow/example_dags/example_task_group.py
[2024-12-21T21:36:14.019+0000] {processor.py:914} INFO - Processing file /home/airflow/.local/lib/python3.12/site-packages/airflow/example_dags/example_task_group.py for tasks to queue
[2024-12-21T21:36:14.024+0000] {logging_mixin.py:190} INFO - [2024-12-21T21:36:14.023+0000] {dagbag.py:588} INFO - Filling up the DagBag from /home/airflow/.local/lib/python3.12/site-packages/airflow/example_dags/example_task_group.py
[2024-12-21T21:36:14.040+0000] {processor.py:925} INFO - DAG(s) 'example_task_group' retrieved from /home/airflow/.local/lib/python3.12/site-packages/airflow/example_dags/example_task_group.py
[2024-12-21T21:36:14.085+0000] {logging_mixin.py:190} INFO - [2024-12-21T21:36:14.084+0000] {dag.py:3239} INFO - Sync 1 DAGs
[2024-12-21T21:36:14.121+0000] {logging_mixin.py:190} INFO - [2024-12-21T21:36:14.121+0000] {dag.py:4180} INFO - Setting next_dagrun for example_task_group to None, run_after=None
[2024-12-21T21:36:14.187+0000] {processor.py:208} INFO - Processing /home/airflow/.local/lib/python3.12/site-packages/airflow/example_dags/example_task_group.py took 0.187 seconds
[2024-12-21T21:36:45.278+0000] {processor.py:186} INFO - Started process (PID=6174) to work on /home/airflow/.local/lib/python3.12/site-packages/airflow/example_dags/example_task_group.py
[2024-12-21T21:36:45.281+0000] {processor.py:914} INFO - Processing file /home/airflow/.local/lib/python3.12/site-packages/airflow/example_dags/example_task_group.py for tasks to queue
[2024-12-21T21:36:45.286+0000] {logging_mixin.py:190} INFO - [2024-12-21T21:36:45.285+0000] {dagbag.py:588} INFO - Filling up the DagBag from /home/airflow/.local/lib/python3.12/site-packages/airflow/example_dags/example_task_group.py
[2024-12-21T21:36:45.306+0000] {processor.py:925} INFO - DAG(s) 'example_task_group' retrieved from /home/airflow/.local/lib/python3.12/site-packages/airflow/example_dags/example_task_group.py
[2024-12-21T21:36:45.357+0000] {logging_mixin.py:190} INFO - [2024-12-21T21:36:45.356+0000] {dag.py:3239} INFO - Sync 1 DAGs
[2024-12-21T21:36:45.392+0000] {logging_mixin.py:190} INFO - [2024-12-21T21:36:45.392+0000] {dag.py:4180} INFO - Setting next_dagrun for example_task_group to None, run_after=None
[2024-12-21T21:36:45.453+0000] {processor.py:208} INFO - Processing /home/airflow/.local/lib/python3.12/site-packages/airflow/example_dags/example_task_group.py took 0.186 seconds
[2024-12-21T21:37:16.720+0000] {processor.py:186} INFO - Started process (PID=6467) to work on /home/airflow/.local/lib/python3.12/site-packages/airflow/example_dags/example_task_group.py
[2024-12-21T21:37:16.722+0000] {processor.py:914} INFO - Processing file /home/airflow/.local/lib/python3.12/site-packages/airflow/example_dags/example_task_group.py for tasks to queue
[2024-12-21T21:37:16.727+0000] {logging_mixin.py:190} INFO - [2024-12-21T21:37:16.726+0000] {dagbag.py:588} INFO - Filling up the DagBag from /home/airflow/.local/lib/python3.12/site-packages/airflow/example_dags/example_task_group.py
[2024-12-21T21:37:16.747+0000] {processor.py:925} INFO - DAG(s) 'example_task_group' retrieved from /home/airflow/.local/lib/python3.12/site-packages/airflow/example_dags/example_task_group.py
[2024-12-21T21:37:16.790+0000] {logging_mixin.py:190} INFO - [2024-12-21T21:37:16.790+0000] {dag.py:3239} INFO - Sync 1 DAGs
[2024-12-21T21:37:16.819+0000] {logging_mixin.py:190} INFO - [2024-12-21T21:37:16.819+0000] {dag.py:4180} INFO - Setting next_dagrun for example_task_group to None, run_after=None
[2024-12-21T21:37:16.881+0000] {processor.py:208} INFO - Processing /home/airflow/.local/lib/python3.12/site-packages/airflow/example_dags/example_task_group.py took 0.172 seconds
[2024-12-21T21:37:47.992+0000] {processor.py:186} INFO - Started process (PID=6761) to work on /home/airflow/.local/lib/python3.12/site-packages/airflow/example_dags/example_task_group.py
[2024-12-21T21:37:47.994+0000] {processor.py:914} INFO - Processing file /home/airflow/.local/lib/python3.12/site-packages/airflow/example_dags/example_task_group.py for tasks to queue
[2024-12-21T21:37:47.998+0000] {logging_mixin.py:190} INFO - [2024-12-21T21:37:47.998+0000] {dagbag.py:588} INFO - Filling up the DagBag from /home/airflow/.local/lib/python3.12/site-packages/airflow/example_dags/example_task_group.py
[2024-12-21T21:37:48.021+0000] {processor.py:925} INFO - DAG(s) 'example_task_group' retrieved from /home/airflow/.local/lib/python3.12/site-packages/airflow/example_dags/example_task_group.py
[2024-12-21T21:37:48.071+0000] {logging_mixin.py:190} INFO - [2024-12-21T21:37:48.071+0000] {dag.py:3239} INFO - Sync 1 DAGs
[2024-12-21T21:37:48.108+0000] {logging_mixin.py:190} INFO - [2024-12-21T21:37:48.108+0000] {dag.py:4180} INFO - Setting next_dagrun for example_task_group to None, run_after=None
[2024-12-21T21:37:48.156+0000] {processor.py:208} INFO - Processing /home/airflow/.local/lib/python3.12/site-packages/airflow/example_dags/example_task_group.py took 0.178 seconds
[2024-12-21T21:38:19.271+0000] {processor.py:186} INFO - Started process (PID=7052) to work on /home/airflow/.local/lib/python3.12/site-packages/airflow/example_dags/example_task_group.py
[2024-12-21T21:38:19.273+0000] {processor.py:914} INFO - Processing file /home/airflow/.local/lib/python3.12/site-packages/airflow/example_dags/example_task_group.py for tasks to queue
[2024-12-21T21:38:19.277+0000] {logging_mixin.py:190} INFO - [2024-12-21T21:38:19.277+0000] {dagbag.py:588} INFO - Filling up the DagBag from /home/airflow/.local/lib/python3.12/site-packages/airflow/example_dags/example_task_group.py
[2024-12-21T21:38:19.294+0000] {processor.py:925} INFO - DAG(s) 'example_task_group' retrieved from /home/airflow/.local/lib/python3.12/site-packages/airflow/example_dags/example_task_group.py
[2024-12-21T21:38:19.349+0000] {logging_mixin.py:190} INFO - [2024-12-21T21:38:19.349+0000] {dag.py:3239} INFO - Sync 1 DAGs
[2024-12-21T21:38:19.382+0000] {logging_mixin.py:190} INFO - [2024-12-21T21:38:19.381+0000] {dag.py:4180} INFO - Setting next_dagrun for example_task_group to None, run_after=None
[2024-12-21T21:38:19.452+0000] {processor.py:208} INFO - Processing /home/airflow/.local/lib/python3.12/site-packages/airflow/example_dags/example_task_group.py took 0.195 seconds
[2024-12-21T21:38:50.585+0000] {processor.py:186} INFO - Started process (PID=7345) to work on /home/airflow/.local/lib/python3.12/site-packages/airflow/example_dags/example_task_group.py
[2024-12-21T21:38:50.587+0000] {processor.py:914} INFO - Processing file /home/airflow/.local/lib/python3.12/site-packages/airflow/example_dags/example_task_group.py for tasks to queue
[2024-12-21T21:38:50.594+0000] {logging_mixin.py:190} INFO - [2024-12-21T21:38:50.593+0000] {dagbag.py:588} INFO - Filling up the DagBag from /home/airflow/.local/lib/python3.12/site-packages/airflow/example_dags/example_task_group.py
[2024-12-21T21:38:50.618+0000] {processor.py:925} INFO - DAG(s) 'example_task_group' retrieved from /home/airflow/.local/lib/python3.12/site-packages/airflow/example_dags/example_task_group.py
[2024-12-21T21:38:50.684+0000] {logging_mixin.py:190} INFO - [2024-12-21T21:38:50.684+0000] {dag.py:3239} INFO - Sync 1 DAGs
[2024-12-21T21:38:50.733+0000] {logging_mixin.py:190} INFO - [2024-12-21T21:38:50.732+0000] {dag.py:4180} INFO - Setting next_dagrun for example_task_group to None, run_after=None
[2024-12-21T21:38:50.823+0000] {processor.py:208} INFO - Processing /home/airflow/.local/lib/python3.12/site-packages/airflow/example_dags/example_task_group.py took 0.255 seconds
[2024-12-21T21:39:22.242+0000] {processor.py:186} INFO - Started process (PID=7639) to work on /home/airflow/.local/lib/python3.12/site-packages/airflow/example_dags/example_task_group.py
[2024-12-21T21:39:22.244+0000] {processor.py:914} INFO - Processing file /home/airflow/.local/lib/python3.12/site-packages/airflow/example_dags/example_task_group.py for tasks to queue
[2024-12-21T21:39:22.250+0000] {logging_mixin.py:190} INFO - [2024-12-21T21:39:22.249+0000] {dagbag.py:588} INFO - Filling up the DagBag from /home/airflow/.local/lib/python3.12/site-packages/airflow/example_dags/example_task_group.py
[2024-12-21T21:39:22.271+0000] {processor.py:925} INFO - DAG(s) 'example_task_group' retrieved from /home/airflow/.local/lib/python3.12/site-packages/airflow/example_dags/example_task_group.py
[2024-12-21T21:39:22.320+0000] {logging_mixin.py:190} INFO - [2024-12-21T21:39:22.319+0000] {dag.py:3239} INFO - Sync 1 DAGs
[2024-12-21T21:39:22.353+0000] {logging_mixin.py:190} INFO - [2024-12-21T21:39:22.352+0000] {dag.py:4180} INFO - Setting next_dagrun for example_task_group to None, run_after=None
[2024-12-21T21:39:22.402+0000] {processor.py:208} INFO - Processing /home/airflow/.local/lib/python3.12/site-packages/airflow/example_dags/example_task_group.py took 0.174 seconds
[2024-12-21T21:39:52.930+0000] {processor.py:186} INFO - Started process (PID=7930) to work on /home/airflow/.local/lib/python3.12/site-packages/airflow/example_dags/example_task_group.py
[2024-12-21T21:39:52.932+0000] {processor.py:914} INFO - Processing file /home/airflow/.local/lib/python3.12/site-packages/airflow/example_dags/example_task_group.py for tasks to queue
[2024-12-21T21:39:52.938+0000] {logging_mixin.py:190} INFO - [2024-12-21T21:39:52.937+0000] {dagbag.py:588} INFO - Filling up the DagBag from /home/airflow/.local/lib/python3.12/site-packages/airflow/example_dags/example_task_group.py
[2024-12-21T21:39:52.959+0000] {processor.py:925} INFO - DAG(s) 'example_task_group' retrieved from /home/airflow/.local/lib/python3.12/site-packages/airflow/example_dags/example_task_group.py
[2024-12-21T21:39:53.007+0000] {logging_mixin.py:190} INFO - [2024-12-21T21:39:53.006+0000] {dag.py:3239} INFO - Sync 1 DAGs
[2024-12-21T21:39:53.040+0000] {logging_mixin.py:190} INFO - [2024-12-21T21:39:53.040+0000] {dag.py:4180} INFO - Setting next_dagrun for example_task_group to None, run_after=None
[2024-12-21T21:39:53.108+0000] {processor.py:208} INFO - Processing /home/airflow/.local/lib/python3.12/site-packages/airflow/example_dags/example_task_group.py took 0.188 seconds
[2024-12-21T21:40:23.224+0000] {processor.py:186} INFO - Started process (PID=8221) to work on /home/airflow/.local/lib/python3.12/site-packages/airflow/example_dags/example_task_group.py
[2024-12-21T21:40:23.226+0000] {processor.py:914} INFO - Processing file /home/airflow/.local/lib/python3.12/site-packages/airflow/example_dags/example_task_group.py for tasks to queue
[2024-12-21T21:40:23.231+0000] {logging_mixin.py:190} INFO - [2024-12-21T21:40:23.231+0000] {dagbag.py:588} INFO - Filling up the DagBag from /home/airflow/.local/lib/python3.12/site-packages/airflow/example_dags/example_task_group.py
[2024-12-21T21:40:23.249+0000] {processor.py:925} INFO - DAG(s) 'example_task_group' retrieved from /home/airflow/.local/lib/python3.12/site-packages/airflow/example_dags/example_task_group.py
[2024-12-21T21:40:23.297+0000] {logging_mixin.py:190} INFO - [2024-12-21T21:40:23.297+0000] {dag.py:3239} INFO - Sync 1 DAGs
[2024-12-21T21:40:23.339+0000] {logging_mixin.py:190} INFO - [2024-12-21T21:40:23.338+0000] {dag.py:4180} INFO - Setting next_dagrun for example_task_group to None, run_after=None
[2024-12-21T21:40:23.397+0000] {processor.py:208} INFO - Processing /home/airflow/.local/lib/python3.12/site-packages/airflow/example_dags/example_task_group.py took 0.186 seconds
