[2024-12-21T21:11:25.532+0000] {processor.py:186} INFO - Started process (PID=393) to work on /home/airflow/.local/lib/python3.12/site-packages/airflow/example_dags/example_dag_decorator.py
[2024-12-21T21:11:25.534+0000] {processor.py:914} INFO - Processing file /home/airflow/.local/lib/python3.12/site-packages/airflow/example_dags/example_dag_decorator.py for tasks to queue
[2024-12-21T21:11:25.540+0000] {logging_mixin.py:190} INFO - [2024-12-21T21:11:25.539+0000] {dagbag.py:588} INFO - Filling up the DagBag from /home/airflow/.local/lib/python3.12/site-packages/airflow/example_dags/example_dag_decorator.py
[2024-12-21T21:11:25.570+0000] {processor.py:925} INFO - DAG(s) 'example_dag_decorator' retrieved from /home/airflow/.local/lib/python3.12/site-packages/airflow/example_dags/example_dag_decorator.py
[2024-12-21T21:11:25.839+0000] {logging_mixin.py:190} INFO - [2024-12-21T21:11:25.837+0000] {override.py:1911} INFO - Created Permission View: can delete on DAG:example_dag_decorator
[2024-12-21T21:11:25.860+0000] {logging_mixin.py:190} INFO - [2024-12-21T21:11:25.860+0000] {override.py:1911} INFO - Created Permission View: can edit on DAG:example_dag_decorator
[2024-12-21T21:11:25.875+0000] {logging_mixin.py:190} INFO - [2024-12-21T21:11:25.874+0000] {override.py:1911} INFO - Created Permission View: can read on DAG:example_dag_decorator
[2024-12-21T21:11:25.891+0000] {logging_mixin.py:190} INFO - [2024-12-21T21:11:25.890+0000] {override.py:1911} INFO - Created Permission View: can delete on DAG Run:example_dag_decorator
[2024-12-21T21:11:25.907+0000] {logging_mixin.py:190} INFO - [2024-12-21T21:11:25.906+0000] {override.py:1911} INFO - Created Permission View: can read on DAG Run:example_dag_decorator
[2024-12-21T21:11:25.922+0000] {logging_mixin.py:190} INFO - [2024-12-21T21:11:25.921+0000] {override.py:1911} INFO - Created Permission View: can create on DAG Run:example_dag_decorator
[2024-12-21T21:11:25.937+0000] {logging_mixin.py:190} INFO - [2024-12-21T21:11:25.936+0000] {override.py:1911} INFO - Created Permission View: menu access on DAG Run:example_dag_decorator
[2024-12-21T21:11:25.938+0000] {logging_mixin.py:190} INFO - [2024-12-21T21:11:25.938+0000] {dag.py:3239} INFO - Sync 1 DAGs
[2024-12-21T21:11:25.972+0000] {logging_mixin.py:190} INFO - [2024-12-21T21:11:25.971+0000] {dag.py:3262} INFO - Creating ORM DAG for example_dag_decorator
[2024-12-21T21:11:25.974+0000] {logging_mixin.py:190} INFO - [2024-12-21T21:11:25.974+0000] {dag.py:4180} INFO - Setting next_dagrun for example_dag_decorator to None, run_after=None
[2024-12-21T21:11:26.010+0000] {processor.py:208} INFO - Processing /home/airflow/.local/lib/python3.12/site-packages/airflow/example_dags/example_dag_decorator.py took 0.495 seconds
[2024-12-21T21:11:56.766+0000] {processor.py:186} INFO - Started process (PID=689) to work on /home/airflow/.local/lib/python3.12/site-packages/airflow/example_dags/example_dag_decorator.py
[2024-12-21T21:11:56.767+0000] {processor.py:914} INFO - Processing file /home/airflow/.local/lib/python3.12/site-packages/airflow/example_dags/example_dag_decorator.py for tasks to queue
[2024-12-21T21:11:56.773+0000] {logging_mixin.py:190} INFO - [2024-12-21T21:11:56.772+0000] {dagbag.py:588} INFO - Filling up the DagBag from /home/airflow/.local/lib/python3.12/site-packages/airflow/example_dags/example_dag_decorator.py
[2024-12-21T21:11:56.797+0000] {processor.py:925} INFO - DAG(s) 'example_dag_decorator' retrieved from /home/airflow/.local/lib/python3.12/site-packages/airflow/example_dags/example_dag_decorator.py
[2024-12-21T21:11:57.044+0000] {logging_mixin.py:190} INFO - [2024-12-21T21:11:57.043+0000] {dag.py:3239} INFO - Sync 1 DAGs
[2024-12-21T21:11:57.073+0000] {logging_mixin.py:190} INFO - [2024-12-21T21:11:57.072+0000] {dag.py:4180} INFO - Setting next_dagrun for example_dag_decorator to None, run_after=None
[2024-12-21T21:11:57.121+0000] {processor.py:208} INFO - Processing /home/airflow/.local/lib/python3.12/site-packages/airflow/example_dags/example_dag_decorator.py took 0.366 seconds
[2024-12-21T21:12:29.232+0000] {processor.py:186} INFO - Started process (PID=987) to work on /home/airflow/.local/lib/python3.12/site-packages/airflow/example_dags/example_dag_decorator.py
[2024-12-21T21:12:29.234+0000] {processor.py:914} INFO - Processing file /home/airflow/.local/lib/python3.12/site-packages/airflow/example_dags/example_dag_decorator.py for tasks to queue
[2024-12-21T21:12:29.238+0000] {logging_mixin.py:190} INFO - [2024-12-21T21:12:29.238+0000] {dagbag.py:588} INFO - Filling up the DagBag from /home/airflow/.local/lib/python3.12/site-packages/airflow/example_dags/example_dag_decorator.py
[2024-12-21T21:12:29.261+0000] {processor.py:925} INFO - DAG(s) 'example_dag_decorator' retrieved from /home/airflow/.local/lib/python3.12/site-packages/airflow/example_dags/example_dag_decorator.py
[2024-12-21T21:12:29.531+0000] {logging_mixin.py:190} INFO - [2024-12-21T21:12:29.531+0000] {dag.py:3239} INFO - Sync 1 DAGs
[2024-12-21T21:12:29.556+0000] {logging_mixin.py:190} INFO - [2024-12-21T21:12:29.555+0000] {dag.py:4180} INFO - Setting next_dagrun for example_dag_decorator to None, run_after=None
[2024-12-21T21:12:29.600+0000] {processor.py:208} INFO - Processing /home/airflow/.local/lib/python3.12/site-packages/airflow/example_dags/example_dag_decorator.py took 0.385 seconds
[2024-12-21T21:13:00.606+0000] {processor.py:186} INFO - Started process (PID=1283) to work on /home/airflow/.local/lib/python3.12/site-packages/airflow/example_dags/example_dag_decorator.py
[2024-12-21T21:13:00.608+0000] {processor.py:914} INFO - Processing file /home/airflow/.local/lib/python3.12/site-packages/airflow/example_dags/example_dag_decorator.py for tasks to queue
[2024-12-21T21:13:00.613+0000] {logging_mixin.py:190} INFO - [2024-12-21T21:13:00.613+0000] {dagbag.py:588} INFO - Filling up the DagBag from /home/airflow/.local/lib/python3.12/site-packages/airflow/example_dags/example_dag_decorator.py
[2024-12-21T21:13:00.642+0000] {processor.py:925} INFO - DAG(s) 'example_dag_decorator' retrieved from /home/airflow/.local/lib/python3.12/site-packages/airflow/example_dags/example_dag_decorator.py
[2024-12-21T21:13:00.942+0000] {logging_mixin.py:190} INFO - [2024-12-21T21:13:00.941+0000] {dag.py:3239} INFO - Sync 1 DAGs
[2024-12-21T21:13:00.979+0000] {logging_mixin.py:190} INFO - [2024-12-21T21:13:00.979+0000] {dag.py:4180} INFO - Setting next_dagrun for example_dag_decorator to None, run_after=None
[2024-12-21T21:13:01.024+0000] {processor.py:208} INFO - Processing /home/airflow/.local/lib/python3.12/site-packages/airflow/example_dags/example_dag_decorator.py took 0.432 seconds
[2024-12-21T21:13:32.629+0000] {processor.py:186} INFO - Started process (PID=1577) to work on /home/airflow/.local/lib/python3.12/site-packages/airflow/example_dags/example_dag_decorator.py
[2024-12-21T21:13:32.631+0000] {processor.py:914} INFO - Processing file /home/airflow/.local/lib/python3.12/site-packages/airflow/example_dags/example_dag_decorator.py for tasks to queue
[2024-12-21T21:13:32.635+0000] {logging_mixin.py:190} INFO - [2024-12-21T21:13:32.635+0000] {dagbag.py:588} INFO - Filling up the DagBag from /home/airflow/.local/lib/python3.12/site-packages/airflow/example_dags/example_dag_decorator.py
[2024-12-21T21:13:32.661+0000] {processor.py:925} INFO - DAG(s) 'example_dag_decorator' retrieved from /home/airflow/.local/lib/python3.12/site-packages/airflow/example_dags/example_dag_decorator.py
[2024-12-21T21:13:32.948+0000] {logging_mixin.py:190} INFO - [2024-12-21T21:13:32.947+0000] {dag.py:3239} INFO - Sync 1 DAGs
[2024-12-21T21:13:32.986+0000] {logging_mixin.py:190} INFO - [2024-12-21T21:13:32.985+0000] {dag.py:4180} INFO - Setting next_dagrun for example_dag_decorator to None, run_after=None
[2024-12-21T21:13:33.031+0000] {processor.py:208} INFO - Processing /home/airflow/.local/lib/python3.12/site-packages/airflow/example_dags/example_dag_decorator.py took 0.416 seconds
[2024-12-21T21:14:04.597+0000] {processor.py:186} INFO - Started process (PID=1873) to work on /home/airflow/.local/lib/python3.12/site-packages/airflow/example_dags/example_dag_decorator.py
[2024-12-21T21:14:04.599+0000] {processor.py:914} INFO - Processing file /home/airflow/.local/lib/python3.12/site-packages/airflow/example_dags/example_dag_decorator.py for tasks to queue
[2024-12-21T21:14:04.605+0000] {logging_mixin.py:190} INFO - [2024-12-21T21:14:04.604+0000] {dagbag.py:588} INFO - Filling up the DagBag from /home/airflow/.local/lib/python3.12/site-packages/airflow/example_dags/example_dag_decorator.py
[2024-12-21T21:14:04.630+0000] {processor.py:925} INFO - DAG(s) 'example_dag_decorator' retrieved from /home/airflow/.local/lib/python3.12/site-packages/airflow/example_dags/example_dag_decorator.py
[2024-12-21T21:14:04.897+0000] {logging_mixin.py:190} INFO - [2024-12-21T21:14:04.897+0000] {dag.py:3239} INFO - Sync 1 DAGs
[2024-12-21T21:14:04.928+0000] {logging_mixin.py:190} INFO - [2024-12-21T21:14:04.928+0000] {dag.py:4180} INFO - Setting next_dagrun for example_dag_decorator to None, run_after=None
[2024-12-21T21:14:04.989+0000] {processor.py:208} INFO - Processing /home/airflow/.local/lib/python3.12/site-packages/airflow/example_dags/example_dag_decorator.py took 0.404 seconds
[2024-12-21T21:14:36.326+0000] {processor.py:186} INFO - Started process (PID=2169) to work on /home/airflow/.local/lib/python3.12/site-packages/airflow/example_dags/example_dag_decorator.py
[2024-12-21T21:14:36.328+0000] {processor.py:914} INFO - Processing file /home/airflow/.local/lib/python3.12/site-packages/airflow/example_dags/example_dag_decorator.py for tasks to queue
[2024-12-21T21:14:36.333+0000] {logging_mixin.py:190} INFO - [2024-12-21T21:14:36.333+0000] {dagbag.py:588} INFO - Filling up the DagBag from /home/airflow/.local/lib/python3.12/site-packages/airflow/example_dags/example_dag_decorator.py
[2024-12-21T21:14:36.358+0000] {processor.py:925} INFO - DAG(s) 'example_dag_decorator' retrieved from /home/airflow/.local/lib/python3.12/site-packages/airflow/example_dags/example_dag_decorator.py
[2024-12-21T21:14:36.610+0000] {logging_mixin.py:190} INFO - [2024-12-21T21:14:36.609+0000] {dag.py:3239} INFO - Sync 1 DAGs
[2024-12-21T21:14:36.640+0000] {logging_mixin.py:190} INFO - [2024-12-21T21:14:36.639+0000] {dag.py:4180} INFO - Setting next_dagrun for example_dag_decorator to None, run_after=None
[2024-12-21T21:14:36.681+0000] {processor.py:208} INFO - Processing /home/airflow/.local/lib/python3.12/site-packages/airflow/example_dags/example_dag_decorator.py took 0.368 seconds
[2024-12-21T21:15:08.852+0000] {processor.py:186} INFO - Started process (PID=2467) to work on /home/airflow/.local/lib/python3.12/site-packages/airflow/example_dags/example_dag_decorator.py
[2024-12-21T21:15:08.854+0000] {processor.py:914} INFO - Processing file /home/airflow/.local/lib/python3.12/site-packages/airflow/example_dags/example_dag_decorator.py for tasks to queue
[2024-12-21T21:15:08.859+0000] {logging_mixin.py:190} INFO - [2024-12-21T21:15:08.858+0000] {dagbag.py:588} INFO - Filling up the DagBag from /home/airflow/.local/lib/python3.12/site-packages/airflow/example_dags/example_dag_decorator.py
[2024-12-21T21:15:08.884+0000] {processor.py:925} INFO - DAG(s) 'example_dag_decorator' retrieved from /home/airflow/.local/lib/python3.12/site-packages/airflow/example_dags/example_dag_decorator.py
[2024-12-21T21:15:09.127+0000] {logging_mixin.py:190} INFO - [2024-12-21T21:15:09.126+0000] {dag.py:3239} INFO - Sync 1 DAGs
[2024-12-21T21:15:09.153+0000] {logging_mixin.py:190} INFO - [2024-12-21T21:15:09.152+0000] {dag.py:4180} INFO - Setting next_dagrun for example_dag_decorator to None, run_after=None
[2024-12-21T21:15:09.217+0000] {processor.py:208} INFO - Processing /home/airflow/.local/lib/python3.12/site-packages/airflow/example_dags/example_dag_decorator.py took 0.378 seconds
[2024-12-21T21:15:40.258+0000] {processor.py:186} INFO - Started process (PID=2761) to work on /home/airflow/.local/lib/python3.12/site-packages/airflow/example_dags/example_dag_decorator.py
[2024-12-21T21:15:40.260+0000] {processor.py:914} INFO - Processing file /home/airflow/.local/lib/python3.12/site-packages/airflow/example_dags/example_dag_decorator.py for tasks to queue
[2024-12-21T21:15:40.264+0000] {logging_mixin.py:190} INFO - [2024-12-21T21:15:40.264+0000] {dagbag.py:588} INFO - Filling up the DagBag from /home/airflow/.local/lib/python3.12/site-packages/airflow/example_dags/example_dag_decorator.py
[2024-12-21T21:15:40.290+0000] {processor.py:925} INFO - DAG(s) 'example_dag_decorator' retrieved from /home/airflow/.local/lib/python3.12/site-packages/airflow/example_dags/example_dag_decorator.py
[2024-12-21T21:15:40.568+0000] {logging_mixin.py:190} INFO - [2024-12-21T21:15:40.567+0000] {dag.py:3239} INFO - Sync 1 DAGs
[2024-12-21T21:15:40.608+0000] {logging_mixin.py:190} INFO - [2024-12-21T21:15:40.607+0000] {dag.py:4180} INFO - Setting next_dagrun for example_dag_decorator to None, run_after=None
[2024-12-21T21:15:40.653+0000] {processor.py:208} INFO - Processing /home/airflow/.local/lib/python3.12/site-packages/airflow/example_dags/example_dag_decorator.py took 0.406 seconds
[2024-12-21T21:16:13.256+0000] {processor.py:186} INFO - Started process (PID=3057) to work on /home/airflow/.local/lib/python3.12/site-packages/airflow/example_dags/example_dag_decorator.py
[2024-12-21T21:16:13.259+0000] {processor.py:914} INFO - Processing file /home/airflow/.local/lib/python3.12/site-packages/airflow/example_dags/example_dag_decorator.py for tasks to queue
[2024-12-21T21:16:13.265+0000] {logging_mixin.py:190} INFO - [2024-12-21T21:16:13.264+0000] {dagbag.py:588} INFO - Filling up the DagBag from /home/airflow/.local/lib/python3.12/site-packages/airflow/example_dags/example_dag_decorator.py
[2024-12-21T21:16:13.298+0000] {processor.py:925} INFO - DAG(s) 'example_dag_decorator' retrieved from /home/airflow/.local/lib/python3.12/site-packages/airflow/example_dags/example_dag_decorator.py
[2024-12-21T21:16:13.604+0000] {logging_mixin.py:190} INFO - [2024-12-21T21:16:13.604+0000] {dag.py:3239} INFO - Sync 1 DAGs
[2024-12-21T21:16:13.643+0000] {logging_mixin.py:190} INFO - [2024-12-21T21:16:13.642+0000] {dag.py:4180} INFO - Setting next_dagrun for example_dag_decorator to None, run_after=None
[2024-12-21T21:16:13.695+0000] {processor.py:208} INFO - Processing /home/airflow/.local/lib/python3.12/site-packages/airflow/example_dags/example_dag_decorator.py took 0.453 seconds
[2024-12-21T21:16:45.678+0000] {processor.py:186} INFO - Started process (PID=3354) to work on /home/airflow/.local/lib/python3.12/site-packages/airflow/example_dags/example_dag_decorator.py
[2024-12-21T21:16:45.680+0000] {processor.py:914} INFO - Processing file /home/airflow/.local/lib/python3.12/site-packages/airflow/example_dags/example_dag_decorator.py for tasks to queue
[2024-12-21T21:16:45.686+0000] {logging_mixin.py:190} INFO - [2024-12-21T21:16:45.685+0000] {dagbag.py:588} INFO - Filling up the DagBag from /home/airflow/.local/lib/python3.12/site-packages/airflow/example_dags/example_dag_decorator.py
[2024-12-21T21:16:45.719+0000] {processor.py:925} INFO - DAG(s) 'example_dag_decorator' retrieved from /home/airflow/.local/lib/python3.12/site-packages/airflow/example_dags/example_dag_decorator.py
[2024-12-21T21:16:46.027+0000] {logging_mixin.py:190} INFO - [2024-12-21T21:16:46.026+0000] {dag.py:3239} INFO - Sync 1 DAGs
[2024-12-21T21:16:46.063+0000] {logging_mixin.py:190} INFO - [2024-12-21T21:16:46.062+0000] {dag.py:4180} INFO - Setting next_dagrun for example_dag_decorator to None, run_after=None
[2024-12-21T21:16:46.120+0000] {processor.py:208} INFO - Processing /home/airflow/.local/lib/python3.12/site-packages/airflow/example_dags/example_dag_decorator.py took 0.456 seconds
[2024-12-21T21:17:17.382+0000] {processor.py:186} INFO - Started process (PID=3653) to work on /home/airflow/.local/lib/python3.12/site-packages/airflow/example_dags/example_dag_decorator.py
[2024-12-21T21:17:17.384+0000] {processor.py:914} INFO - Processing file /home/airflow/.local/lib/python3.12/site-packages/airflow/example_dags/example_dag_decorator.py for tasks to queue
[2024-12-21T21:17:17.391+0000] {logging_mixin.py:190} INFO - [2024-12-21T21:17:17.390+0000] {dagbag.py:588} INFO - Filling up the DagBag from /home/airflow/.local/lib/python3.12/site-packages/airflow/example_dags/example_dag_decorator.py
[2024-12-21T21:17:17.423+0000] {processor.py:925} INFO - DAG(s) 'example_dag_decorator' retrieved from /home/airflow/.local/lib/python3.12/site-packages/airflow/example_dags/example_dag_decorator.py
[2024-12-21T21:17:17.678+0000] {logging_mixin.py:190} INFO - [2024-12-21T21:17:17.678+0000] {dag.py:3239} INFO - Sync 1 DAGs
[2024-12-21T21:17:17.705+0000] {logging_mixin.py:190} INFO - [2024-12-21T21:17:17.704+0000] {dag.py:4180} INFO - Setting next_dagrun for example_dag_decorator to None, run_after=None
[2024-12-21T21:17:17.742+0000] {processor.py:208} INFO - Processing /home/airflow/.local/lib/python3.12/site-packages/airflow/example_dags/example_dag_decorator.py took 0.386 seconds
[2024-12-21T21:17:49.474+0000] {processor.py:186} INFO - Started process (PID=3949) to work on /home/airflow/.local/lib/python3.12/site-packages/airflow/example_dags/example_dag_decorator.py
[2024-12-21T21:17:49.477+0000] {processor.py:914} INFO - Processing file /home/airflow/.local/lib/python3.12/site-packages/airflow/example_dags/example_dag_decorator.py for tasks to queue
[2024-12-21T21:17:49.484+0000] {logging_mixin.py:190} INFO - [2024-12-21T21:17:49.484+0000] {dagbag.py:588} INFO - Filling up the DagBag from /home/airflow/.local/lib/python3.12/site-packages/airflow/example_dags/example_dag_decorator.py
[2024-12-21T21:17:49.520+0000] {processor.py:925} INFO - DAG(s) 'example_dag_decorator' retrieved from /home/airflow/.local/lib/python3.12/site-packages/airflow/example_dags/example_dag_decorator.py
[2024-12-21T21:17:49.855+0000] {logging_mixin.py:190} INFO - [2024-12-21T21:17:49.854+0000] {dag.py:3239} INFO - Sync 1 DAGs
[2024-12-21T21:17:49.886+0000] {logging_mixin.py:190} INFO - [2024-12-21T21:17:49.885+0000] {dag.py:4180} INFO - Setting next_dagrun for example_dag_decorator to None, run_after=None
[2024-12-21T21:17:49.962+0000] {processor.py:208} INFO - Processing /home/airflow/.local/lib/python3.12/site-packages/airflow/example_dags/example_dag_decorator.py took 0.506 seconds
[2024-12-21T21:18:21.471+0000] {processor.py:186} INFO - Started process (PID=4255) to work on /home/airflow/.local/lib/python3.12/site-packages/airflow/example_dags/example_dag_decorator.py
[2024-12-21T21:18:21.473+0000] {processor.py:914} INFO - Processing file /home/airflow/.local/lib/python3.12/site-packages/airflow/example_dags/example_dag_decorator.py for tasks to queue
[2024-12-21T21:18:21.478+0000] {logging_mixin.py:190} INFO - [2024-12-21T21:18:21.478+0000] {dagbag.py:588} INFO - Filling up the DagBag from /home/airflow/.local/lib/python3.12/site-packages/airflow/example_dags/example_dag_decorator.py
[2024-12-21T21:18:21.504+0000] {processor.py:925} INFO - DAG(s) 'example_dag_decorator' retrieved from /home/airflow/.local/lib/python3.12/site-packages/airflow/example_dags/example_dag_decorator.py
[2024-12-21T21:18:21.756+0000] {logging_mixin.py:190} INFO - [2024-12-21T21:18:21.756+0000] {dag.py:3239} INFO - Sync 1 DAGs
[2024-12-21T21:18:21.786+0000] {logging_mixin.py:190} INFO - [2024-12-21T21:18:21.786+0000] {dag.py:4180} INFO - Setting next_dagrun for example_dag_decorator to None, run_after=None
[2024-12-21T21:18:21.854+0000] {processor.py:208} INFO - Processing /home/airflow/.local/lib/python3.12/site-packages/airflow/example_dags/example_dag_decorator.py took 0.395 seconds
[2024-12-21T21:18:53.225+0000] {processor.py:186} INFO - Started process (PID=4556) to work on /home/airflow/.local/lib/python3.12/site-packages/airflow/example_dags/example_dag_decorator.py
[2024-12-21T21:18:53.228+0000] {processor.py:914} INFO - Processing file /home/airflow/.local/lib/python3.12/site-packages/airflow/example_dags/example_dag_decorator.py for tasks to queue
[2024-12-21T21:18:53.233+0000] {logging_mixin.py:190} INFO - [2024-12-21T21:18:53.232+0000] {dagbag.py:588} INFO - Filling up the DagBag from /home/airflow/.local/lib/python3.12/site-packages/airflow/example_dags/example_dag_decorator.py
[2024-12-21T21:18:53.260+0000] {processor.py:925} INFO - DAG(s) 'example_dag_decorator' retrieved from /home/airflow/.local/lib/python3.12/site-packages/airflow/example_dags/example_dag_decorator.py
[2024-12-21T21:18:53.613+0000] {logging_mixin.py:190} INFO - [2024-12-21T21:18:53.612+0000] {dag.py:3239} INFO - Sync 1 DAGs
[2024-12-21T21:18:53.655+0000] {logging_mixin.py:190} INFO - [2024-12-21T21:18:53.654+0000] {dag.py:4180} INFO - Setting next_dagrun for example_dag_decorator to None, run_after=None
[2024-12-21T21:18:53.704+0000] {processor.py:208} INFO - Processing /home/airflow/.local/lib/python3.12/site-packages/airflow/example_dags/example_dag_decorator.py took 0.493 seconds
[2024-12-21T21:19:24.627+0000] {processor.py:186} INFO - Started process (PID=4857) to work on /home/airflow/.local/lib/python3.12/site-packages/airflow/example_dags/example_dag_decorator.py
[2024-12-21T21:19:24.630+0000] {processor.py:914} INFO - Processing file /home/airflow/.local/lib/python3.12/site-packages/airflow/example_dags/example_dag_decorator.py for tasks to queue
[2024-12-21T21:19:24.634+0000] {logging_mixin.py:190} INFO - [2024-12-21T21:19:24.633+0000] {dagbag.py:588} INFO - Filling up the DagBag from /home/airflow/.local/lib/python3.12/site-packages/airflow/example_dags/example_dag_decorator.py
[2024-12-21T21:19:24.657+0000] {processor.py:925} INFO - DAG(s) 'example_dag_decorator' retrieved from /home/airflow/.local/lib/python3.12/site-packages/airflow/example_dags/example_dag_decorator.py
[2024-12-21T21:19:24.943+0000] {logging_mixin.py:190} INFO - [2024-12-21T21:19:24.942+0000] {dag.py:3239} INFO - Sync 1 DAGs
[2024-12-21T21:19:24.995+0000] {logging_mixin.py:190} INFO - [2024-12-21T21:19:24.994+0000] {dag.py:4180} INFO - Setting next_dagrun for example_dag_decorator to None, run_after=None
[2024-12-21T21:19:25.065+0000] {processor.py:208} INFO - Processing /home/airflow/.local/lib/python3.12/site-packages/airflow/example_dags/example_dag_decorator.py took 0.451 seconds
[2024-12-21T21:19:55.858+0000] {processor.py:186} INFO - Started process (PID=5150) to work on /home/airflow/.local/lib/python3.12/site-packages/airflow/example_dags/example_dag_decorator.py
[2024-12-21T21:19:55.860+0000] {processor.py:914} INFO - Processing file /home/airflow/.local/lib/python3.12/site-packages/airflow/example_dags/example_dag_decorator.py for tasks to queue
[2024-12-21T21:19:55.865+0000] {logging_mixin.py:190} INFO - [2024-12-21T21:19:55.864+0000] {dagbag.py:588} INFO - Filling up the DagBag from /home/airflow/.local/lib/python3.12/site-packages/airflow/example_dags/example_dag_decorator.py
[2024-12-21T21:19:55.889+0000] {processor.py:925} INFO - DAG(s) 'example_dag_decorator' retrieved from /home/airflow/.local/lib/python3.12/site-packages/airflow/example_dags/example_dag_decorator.py
[2024-12-21T21:19:56.176+0000] {logging_mixin.py:190} INFO - [2024-12-21T21:19:56.176+0000] {dag.py:3239} INFO - Sync 1 DAGs
[2024-12-21T21:19:56.205+0000] {logging_mixin.py:190} INFO - [2024-12-21T21:19:56.204+0000] {dag.py:4180} INFO - Setting next_dagrun for example_dag_decorator to None, run_after=None
[2024-12-21T21:19:56.253+0000] {processor.py:208} INFO - Processing /home/airflow/.local/lib/python3.12/site-packages/airflow/example_dags/example_dag_decorator.py took 0.407 seconds
[2024-12-21T21:20:26.512+0000] {processor.py:186} INFO - Started process (PID=5445) to work on /home/airflow/.local/lib/python3.12/site-packages/airflow/example_dags/example_dag_decorator.py
[2024-12-21T21:20:26.525+0000] {processor.py:914} INFO - Processing file /home/airflow/.local/lib/python3.12/site-packages/airflow/example_dags/example_dag_decorator.py for tasks to queue
[2024-12-21T21:20:26.532+0000] {logging_mixin.py:190} INFO - [2024-12-21T21:20:26.531+0000] {dagbag.py:588} INFO - Filling up the DagBag from /home/airflow/.local/lib/python3.12/site-packages/airflow/example_dags/example_dag_decorator.py
[2024-12-21T21:20:26.594+0000] {processor.py:925} INFO - DAG(s) 'example_dag_decorator' retrieved from /home/airflow/.local/lib/python3.12/site-packages/airflow/example_dags/example_dag_decorator.py
[2024-12-21T21:20:27.063+0000] {logging_mixin.py:190} INFO - [2024-12-21T21:20:27.062+0000] {dag.py:3239} INFO - Sync 1 DAGs
[2024-12-21T21:20:27.093+0000] {logging_mixin.py:190} INFO - [2024-12-21T21:20:27.093+0000] {dag.py:4180} INFO - Setting next_dagrun for example_dag_decorator to None, run_after=None
[2024-12-21T21:20:27.168+0000] {processor.py:208} INFO - Processing /home/airflow/.local/lib/python3.12/site-packages/airflow/example_dags/example_dag_decorator.py took 0.675 seconds
[2024-12-21T21:20:57.367+0000] {processor.py:186} INFO - Started process (PID=5746) to work on /home/airflow/.local/lib/python3.12/site-packages/airflow/example_dags/example_dag_decorator.py
[2024-12-21T21:20:57.369+0000] {processor.py:914} INFO - Processing file /home/airflow/.local/lib/python3.12/site-packages/airflow/example_dags/example_dag_decorator.py for tasks to queue
[2024-12-21T21:20:57.375+0000] {logging_mixin.py:190} INFO - [2024-12-21T21:20:57.374+0000] {dagbag.py:588} INFO - Filling up the DagBag from /home/airflow/.local/lib/python3.12/site-packages/airflow/example_dags/example_dag_decorator.py
[2024-12-21T21:20:57.403+0000] {processor.py:925} INFO - DAG(s) 'example_dag_decorator' retrieved from /home/airflow/.local/lib/python3.12/site-packages/airflow/example_dags/example_dag_decorator.py
[2024-12-21T21:20:57.661+0000] {logging_mixin.py:190} INFO - [2024-12-21T21:20:57.661+0000] {dag.py:3239} INFO - Sync 1 DAGs
[2024-12-21T21:20:57.687+0000] {logging_mixin.py:190} INFO - [2024-12-21T21:20:57.686+0000] {dag.py:4180} INFO - Setting next_dagrun for example_dag_decorator to None, run_after=None
[2024-12-21T21:20:57.733+0000] {processor.py:208} INFO - Processing /home/airflow/.local/lib/python3.12/site-packages/airflow/example_dags/example_dag_decorator.py took 0.381 seconds
[2024-12-21T21:21:29.371+0000] {processor.py:186} INFO - Started process (PID=6042) to work on /home/airflow/.local/lib/python3.12/site-packages/airflow/example_dags/example_dag_decorator.py
[2024-12-21T21:21:29.373+0000] {processor.py:914} INFO - Processing file /home/airflow/.local/lib/python3.12/site-packages/airflow/example_dags/example_dag_decorator.py for tasks to queue
[2024-12-21T21:21:29.378+0000] {logging_mixin.py:190} INFO - [2024-12-21T21:21:29.377+0000] {dagbag.py:588} INFO - Filling up the DagBag from /home/airflow/.local/lib/python3.12/site-packages/airflow/example_dags/example_dag_decorator.py
[2024-12-21T21:21:29.401+0000] {processor.py:925} INFO - DAG(s) 'example_dag_decorator' retrieved from /home/airflow/.local/lib/python3.12/site-packages/airflow/example_dags/example_dag_decorator.py
[2024-12-21T21:21:29.820+0000] {logging_mixin.py:190} INFO - [2024-12-21T21:21:29.819+0000] {dag.py:3239} INFO - Sync 1 DAGs
[2024-12-21T21:21:29.855+0000] {logging_mixin.py:190} INFO - [2024-12-21T21:21:29.854+0000] {dag.py:4180} INFO - Setting next_dagrun for example_dag_decorator to None, run_after=None
[2024-12-21T21:21:29.941+0000] {processor.py:208} INFO - Processing /home/airflow/.local/lib/python3.12/site-packages/airflow/example_dags/example_dag_decorator.py took 0.582 seconds
[2024-12-21T21:22:00.143+0000] {processor.py:186} INFO - Started process (PID=6333) to work on /home/airflow/.local/lib/python3.12/site-packages/airflow/example_dags/example_dag_decorator.py
[2024-12-21T21:22:00.145+0000] {processor.py:914} INFO - Processing file /home/airflow/.local/lib/python3.12/site-packages/airflow/example_dags/example_dag_decorator.py for tasks to queue
[2024-12-21T21:22:00.150+0000] {logging_mixin.py:190} INFO - [2024-12-21T21:22:00.149+0000] {dagbag.py:588} INFO - Filling up the DagBag from /home/airflow/.local/lib/python3.12/site-packages/airflow/example_dags/example_dag_decorator.py
[2024-12-21T21:22:00.175+0000] {processor.py:925} INFO - DAG(s) 'example_dag_decorator' retrieved from /home/airflow/.local/lib/python3.12/site-packages/airflow/example_dags/example_dag_decorator.py
[2024-12-21T21:22:00.229+0000] {logging_mixin.py:190} INFO - [2024-12-21T21:22:00.228+0000] {dag.py:3239} INFO - Sync 1 DAGs
[2024-12-21T21:22:00.268+0000] {logging_mixin.py:190} INFO - [2024-12-21T21:22:00.267+0000] {dag.py:4180} INFO - Setting next_dagrun for example_dag_decorator to None, run_after=None
[2024-12-21T21:22:00.311+0000] {processor.py:208} INFO - Processing /home/airflow/.local/lib/python3.12/site-packages/airflow/example_dags/example_dag_decorator.py took 0.182 seconds
[2024-12-21T21:22:30.451+0000] {processor.py:186} INFO - Started process (PID=6624) to work on /home/airflow/.local/lib/python3.12/site-packages/airflow/example_dags/example_dag_decorator.py
[2024-12-21T21:22:30.454+0000] {processor.py:914} INFO - Processing file /home/airflow/.local/lib/python3.12/site-packages/airflow/example_dags/example_dag_decorator.py for tasks to queue
[2024-12-21T21:22:30.462+0000] {logging_mixin.py:190} INFO - [2024-12-21T21:22:30.461+0000] {dagbag.py:588} INFO - Filling up the DagBag from /home/airflow/.local/lib/python3.12/site-packages/airflow/example_dags/example_dag_decorator.py
[2024-12-21T21:22:30.496+0000] {processor.py:925} INFO - DAG(s) 'example_dag_decorator' retrieved from /home/airflow/.local/lib/python3.12/site-packages/airflow/example_dags/example_dag_decorator.py
[2024-12-21T21:22:30.801+0000] {logging_mixin.py:190} INFO - [2024-12-21T21:22:30.800+0000] {dag.py:3239} INFO - Sync 1 DAGs
[2024-12-21T21:22:30.829+0000] {logging_mixin.py:190} INFO - [2024-12-21T21:22:30.828+0000] {dag.py:4180} INFO - Setting next_dagrun for example_dag_decorator to None, run_after=None
[2024-12-21T21:22:30.880+0000] {processor.py:208} INFO - Processing /home/airflow/.local/lib/python3.12/site-packages/airflow/example_dags/example_dag_decorator.py took 0.447 seconds
[2024-12-21T21:23:01.859+0000] {processor.py:186} INFO - Started process (PID=6921) to work on /home/airflow/.local/lib/python3.12/site-packages/airflow/example_dags/example_dag_decorator.py
[2024-12-21T21:23:01.861+0000] {processor.py:914} INFO - Processing file /home/airflow/.local/lib/python3.12/site-packages/airflow/example_dags/example_dag_decorator.py for tasks to queue
[2024-12-21T21:23:01.867+0000] {logging_mixin.py:190} INFO - [2024-12-21T21:23:01.866+0000] {dagbag.py:588} INFO - Filling up the DagBag from /home/airflow/.local/lib/python3.12/site-packages/airflow/example_dags/example_dag_decorator.py
[2024-12-21T21:23:01.890+0000] {processor.py:925} INFO - DAG(s) 'example_dag_decorator' retrieved from /home/airflow/.local/lib/python3.12/site-packages/airflow/example_dags/example_dag_decorator.py
[2024-12-21T21:23:02.151+0000] {logging_mixin.py:190} INFO - [2024-12-21T21:23:02.150+0000] {dag.py:3239} INFO - Sync 1 DAGs
[2024-12-21T21:23:02.211+0000] {logging_mixin.py:190} INFO - [2024-12-21T21:23:02.210+0000] {dag.py:4180} INFO - Setting next_dagrun for example_dag_decorator to None, run_after=None
[2024-12-21T21:23:02.323+0000] {processor.py:208} INFO - Processing /home/airflow/.local/lib/python3.12/site-packages/airflow/example_dags/example_dag_decorator.py took 0.477 seconds
[2024-12-21T21:23:33.491+0000] {processor.py:186} INFO - Started process (PID=7227) to work on /home/airflow/.local/lib/python3.12/site-packages/airflow/example_dags/example_dag_decorator.py
[2024-12-21T21:23:33.493+0000] {processor.py:914} INFO - Processing file /home/airflow/.local/lib/python3.12/site-packages/airflow/example_dags/example_dag_decorator.py for tasks to queue
[2024-12-21T21:23:33.499+0000] {logging_mixin.py:190} INFO - [2024-12-21T21:23:33.498+0000] {dagbag.py:588} INFO - Filling up the DagBag from /home/airflow/.local/lib/python3.12/site-packages/airflow/example_dags/example_dag_decorator.py
[2024-12-21T21:23:33.521+0000] {processor.py:925} INFO - DAG(s) 'example_dag_decorator' retrieved from /home/airflow/.local/lib/python3.12/site-packages/airflow/example_dags/example_dag_decorator.py
[2024-12-21T21:23:33.783+0000] {logging_mixin.py:190} INFO - [2024-12-21T21:23:33.783+0000] {dag.py:3239} INFO - Sync 1 DAGs
[2024-12-21T21:23:33.809+0000] {logging_mixin.py:190} INFO - [2024-12-21T21:23:33.809+0000] {dag.py:4180} INFO - Setting next_dagrun for example_dag_decorator to None, run_after=None
[2024-12-21T21:23:33.873+0000] {processor.py:208} INFO - Processing /home/airflow/.local/lib/python3.12/site-packages/airflow/example_dags/example_dag_decorator.py took 0.395 seconds
[2024-12-21T21:24:04.913+0000] {processor.py:186} INFO - Started process (PID=7520) to work on /home/airflow/.local/lib/python3.12/site-packages/airflow/example_dags/example_dag_decorator.py
[2024-12-21T21:24:04.915+0000] {processor.py:914} INFO - Processing file /home/airflow/.local/lib/python3.12/site-packages/airflow/example_dags/example_dag_decorator.py for tasks to queue
[2024-12-21T21:24:04.921+0000] {logging_mixin.py:190} INFO - [2024-12-21T21:24:04.921+0000] {dagbag.py:588} INFO - Filling up the DagBag from /home/airflow/.local/lib/python3.12/site-packages/airflow/example_dags/example_dag_decorator.py
[2024-12-21T21:24:04.944+0000] {processor.py:925} INFO - DAG(s) 'example_dag_decorator' retrieved from /home/airflow/.local/lib/python3.12/site-packages/airflow/example_dags/example_dag_decorator.py
[2024-12-21T21:24:05.209+0000] {logging_mixin.py:190} INFO - [2024-12-21T21:24:05.209+0000] {dag.py:3239} INFO - Sync 1 DAGs
[2024-12-21T21:24:05.237+0000] {logging_mixin.py:190} INFO - [2024-12-21T21:24:05.237+0000] {dag.py:4180} INFO - Setting next_dagrun for example_dag_decorator to None, run_after=None
[2024-12-21T21:24:05.275+0000] {processor.py:208} INFO - Processing /home/airflow/.local/lib/python3.12/site-packages/airflow/example_dags/example_dag_decorator.py took 0.375 seconds
[2024-12-21T21:26:37.198+0000] {processor.py:186} INFO - Started process (PID=386) to work on /home/airflow/.local/lib/python3.12/site-packages/airflow/example_dags/example_dag_decorator.py
[2024-12-21T21:26:37.199+0000] {processor.py:914} INFO - Processing file /home/airflow/.local/lib/python3.12/site-packages/airflow/example_dags/example_dag_decorator.py for tasks to queue
[2024-12-21T21:26:37.205+0000] {logging_mixin.py:190} INFO - [2024-12-21T21:26:37.204+0000] {dagbag.py:588} INFO - Filling up the DagBag from /home/airflow/.local/lib/python3.12/site-packages/airflow/example_dags/example_dag_decorator.py
[2024-12-21T21:26:37.232+0000] {processor.py:925} INFO - DAG(s) 'example_dag_decorator' retrieved from /home/airflow/.local/lib/python3.12/site-packages/airflow/example_dags/example_dag_decorator.py
[2024-12-21T21:26:37.504+0000] {logging_mixin.py:190} INFO - [2024-12-21T21:26:37.503+0000] {dag.py:3239} INFO - Sync 1 DAGs
[2024-12-21T21:26:37.536+0000] {logging_mixin.py:190} INFO - [2024-12-21T21:26:37.536+0000] {dag.py:4180} INFO - Setting next_dagrun for example_dag_decorator to None, run_after=None
[2024-12-21T21:26:37.579+0000] {processor.py:208} INFO - Processing /home/airflow/.local/lib/python3.12/site-packages/airflow/example_dags/example_dag_decorator.py took 0.395 seconds
[2024-12-21T21:27:08.993+0000] {processor.py:186} INFO - Started process (PID=682) to work on /home/airflow/.local/lib/python3.12/site-packages/airflow/example_dags/example_dag_decorator.py
[2024-12-21T21:27:08.996+0000] {processor.py:914} INFO - Processing file /home/airflow/.local/lib/python3.12/site-packages/airflow/example_dags/example_dag_decorator.py for tasks to queue
[2024-12-21T21:27:09.001+0000] {logging_mixin.py:190} INFO - [2024-12-21T21:27:09.000+0000] {dagbag.py:588} INFO - Filling up the DagBag from /home/airflow/.local/lib/python3.12/site-packages/airflow/example_dags/example_dag_decorator.py
[2024-12-21T21:27:09.027+0000] {processor.py:925} INFO - DAG(s) 'example_dag_decorator' retrieved from /home/airflow/.local/lib/python3.12/site-packages/airflow/example_dags/example_dag_decorator.py
[2024-12-21T21:27:09.080+0000] {logging_mixin.py:190} INFO - [2024-12-21T21:27:09.079+0000] {dag.py:3239} INFO - Sync 1 DAGs
[2024-12-21T21:27:09.112+0000] {logging_mixin.py:190} INFO - [2024-12-21T21:27:09.112+0000] {dag.py:4180} INFO - Setting next_dagrun for example_dag_decorator to None, run_after=None
[2024-12-21T21:27:09.157+0000] {processor.py:208} INFO - Processing /home/airflow/.local/lib/python3.12/site-packages/airflow/example_dags/example_dag_decorator.py took 0.176 seconds
[2024-12-21T21:27:40.957+0000] {processor.py:186} INFO - Started process (PID=978) to work on /home/airflow/.local/lib/python3.12/site-packages/airflow/example_dags/example_dag_decorator.py
[2024-12-21T21:27:40.959+0000] {processor.py:914} INFO - Processing file /home/airflow/.local/lib/python3.12/site-packages/airflow/example_dags/example_dag_decorator.py for tasks to queue
[2024-12-21T21:27:40.963+0000] {logging_mixin.py:190} INFO - [2024-12-21T21:27:40.963+0000] {dagbag.py:588} INFO - Filling up the DagBag from /home/airflow/.local/lib/python3.12/site-packages/airflow/example_dags/example_dag_decorator.py
[2024-12-21T21:27:40.987+0000] {processor.py:925} INFO - DAG(s) 'example_dag_decorator' retrieved from /home/airflow/.local/lib/python3.12/site-packages/airflow/example_dags/example_dag_decorator.py
[2024-12-21T21:27:41.273+0000] {logging_mixin.py:190} INFO - [2024-12-21T21:27:41.273+0000] {dag.py:3239} INFO - Sync 1 DAGs
[2024-12-21T21:27:41.300+0000] {logging_mixin.py:190} INFO - [2024-12-21T21:27:41.299+0000] {dag.py:4180} INFO - Setting next_dagrun for example_dag_decorator to None, run_after=None
[2024-12-21T21:27:41.340+0000] {processor.py:208} INFO - Processing /home/airflow/.local/lib/python3.12/site-packages/airflow/example_dags/example_dag_decorator.py took 0.394 seconds
[2024-12-21T21:28:12.667+0000] {processor.py:186} INFO - Started process (PID=1274) to work on /home/airflow/.local/lib/python3.12/site-packages/airflow/example_dags/example_dag_decorator.py
[2024-12-21T21:28:12.670+0000] {processor.py:914} INFO - Processing file /home/airflow/.local/lib/python3.12/site-packages/airflow/example_dags/example_dag_decorator.py for tasks to queue
[2024-12-21T21:28:12.676+0000] {logging_mixin.py:190} INFO - [2024-12-21T21:28:12.675+0000] {dagbag.py:588} INFO - Filling up the DagBag from /home/airflow/.local/lib/python3.12/site-packages/airflow/example_dags/example_dag_decorator.py
[2024-12-21T21:28:12.699+0000] {processor.py:925} INFO - DAG(s) 'example_dag_decorator' retrieved from /home/airflow/.local/lib/python3.12/site-packages/airflow/example_dags/example_dag_decorator.py
[2024-12-21T21:28:12.987+0000] {logging_mixin.py:190} INFO - [2024-12-21T21:28:12.986+0000] {dag.py:3239} INFO - Sync 1 DAGs
[2024-12-21T21:28:13.020+0000] {logging_mixin.py:190} INFO - [2024-12-21T21:28:13.020+0000] {dag.py:4180} INFO - Setting next_dagrun for example_dag_decorator to None, run_after=None
[2024-12-21T21:28:13.068+0000] {processor.py:208} INFO - Processing /home/airflow/.local/lib/python3.12/site-packages/airflow/example_dags/example_dag_decorator.py took 0.412 seconds
[2024-12-21T21:28:44.635+0000] {processor.py:186} INFO - Started process (PID=1572) to work on /home/airflow/.local/lib/python3.12/site-packages/airflow/example_dags/example_dag_decorator.py
[2024-12-21T21:28:44.637+0000] {processor.py:914} INFO - Processing file /home/airflow/.local/lib/python3.12/site-packages/airflow/example_dags/example_dag_decorator.py for tasks to queue
[2024-12-21T21:28:44.643+0000] {logging_mixin.py:190} INFO - [2024-12-21T21:28:44.642+0000] {dagbag.py:588} INFO - Filling up the DagBag from /home/airflow/.local/lib/python3.12/site-packages/airflow/example_dags/example_dag_decorator.py
[2024-12-21T21:28:44.668+0000] {processor.py:925} INFO - DAG(s) 'example_dag_decorator' retrieved from /home/airflow/.local/lib/python3.12/site-packages/airflow/example_dags/example_dag_decorator.py
[2024-12-21T21:28:44.944+0000] {logging_mixin.py:190} INFO - [2024-12-21T21:28:44.943+0000] {dag.py:3239} INFO - Sync 1 DAGs
[2024-12-21T21:28:44.985+0000] {logging_mixin.py:190} INFO - [2024-12-21T21:28:44.984+0000] {dag.py:4180} INFO - Setting next_dagrun for example_dag_decorator to None, run_after=None
[2024-12-21T21:28:45.029+0000] {processor.py:208} INFO - Processing /home/airflow/.local/lib/python3.12/site-packages/airflow/example_dags/example_dag_decorator.py took 0.405 seconds
[2024-12-21T21:29:16.141+0000] {processor.py:186} INFO - Started process (PID=1866) to work on /home/airflow/.local/lib/python3.12/site-packages/airflow/example_dags/example_dag_decorator.py
[2024-12-21T21:29:16.143+0000] {processor.py:914} INFO - Processing file /home/airflow/.local/lib/python3.12/site-packages/airflow/example_dags/example_dag_decorator.py for tasks to queue
[2024-12-21T21:29:16.149+0000] {logging_mixin.py:190} INFO - [2024-12-21T21:29:16.148+0000] {dagbag.py:588} INFO - Filling up the DagBag from /home/airflow/.local/lib/python3.12/site-packages/airflow/example_dags/example_dag_decorator.py
[2024-12-21T21:29:16.171+0000] {processor.py:925} INFO - DAG(s) 'example_dag_decorator' retrieved from /home/airflow/.local/lib/python3.12/site-packages/airflow/example_dags/example_dag_decorator.py
[2024-12-21T21:29:16.448+0000] {logging_mixin.py:190} INFO - [2024-12-21T21:29:16.448+0000] {dag.py:3239} INFO - Sync 1 DAGs
[2024-12-21T21:29:16.475+0000] {logging_mixin.py:190} INFO - [2024-12-21T21:29:16.474+0000] {dag.py:4180} INFO - Setting next_dagrun for example_dag_decorator to None, run_after=None
[2024-12-21T21:29:16.512+0000] {processor.py:208} INFO - Processing /home/airflow/.local/lib/python3.12/site-packages/airflow/example_dags/example_dag_decorator.py took 0.385 seconds
[2024-12-21T21:29:48.028+0000] {processor.py:186} INFO - Started process (PID=2163) to work on /home/airflow/.local/lib/python3.12/site-packages/airflow/example_dags/example_dag_decorator.py
[2024-12-21T21:29:48.030+0000] {processor.py:914} INFO - Processing file /home/airflow/.local/lib/python3.12/site-packages/airflow/example_dags/example_dag_decorator.py for tasks to queue
[2024-12-21T21:29:48.036+0000] {logging_mixin.py:190} INFO - [2024-12-21T21:29:48.034+0000] {dagbag.py:588} INFO - Filling up the DagBag from /home/airflow/.local/lib/python3.12/site-packages/airflow/example_dags/example_dag_decorator.py
[2024-12-21T21:29:48.064+0000] {processor.py:925} INFO - DAG(s) 'example_dag_decorator' retrieved from /home/airflow/.local/lib/python3.12/site-packages/airflow/example_dags/example_dag_decorator.py
[2024-12-21T21:29:48.364+0000] {logging_mixin.py:190} INFO - [2024-12-21T21:29:48.364+0000] {dag.py:3239} INFO - Sync 1 DAGs
[2024-12-21T21:29:48.388+0000] {logging_mixin.py:190} INFO - [2024-12-21T21:29:48.388+0000] {dag.py:4180} INFO - Setting next_dagrun for example_dag_decorator to None, run_after=None
[2024-12-21T21:29:48.434+0000] {processor.py:208} INFO - Processing /home/airflow/.local/lib/python3.12/site-packages/airflow/example_dags/example_dag_decorator.py took 0.416 seconds
[2024-12-21T21:30:19.673+0000] {processor.py:186} INFO - Started process (PID=2459) to work on /home/airflow/.local/lib/python3.12/site-packages/airflow/example_dags/example_dag_decorator.py
[2024-12-21T21:30:19.674+0000] {processor.py:914} INFO - Processing file /home/airflow/.local/lib/python3.12/site-packages/airflow/example_dags/example_dag_decorator.py for tasks to queue
[2024-12-21T21:30:19.678+0000] {logging_mixin.py:190} INFO - [2024-12-21T21:30:19.678+0000] {dagbag.py:588} INFO - Filling up the DagBag from /home/airflow/.local/lib/python3.12/site-packages/airflow/example_dags/example_dag_decorator.py
[2024-12-21T21:30:19.700+0000] {processor.py:925} INFO - DAG(s) 'example_dag_decorator' retrieved from /home/airflow/.local/lib/python3.12/site-packages/airflow/example_dags/example_dag_decorator.py
[2024-12-21T21:30:19.952+0000] {logging_mixin.py:190} INFO - [2024-12-21T21:30:19.951+0000] {dag.py:3239} INFO - Sync 1 DAGs
[2024-12-21T21:30:19.980+0000] {logging_mixin.py:190} INFO - [2024-12-21T21:30:19.980+0000] {dag.py:4180} INFO - Setting next_dagrun for example_dag_decorator to None, run_after=None
[2024-12-21T21:30:20.026+0000] {processor.py:208} INFO - Processing /home/airflow/.local/lib/python3.12/site-packages/airflow/example_dags/example_dag_decorator.py took 0.366 seconds
[2024-12-21T21:30:51.516+0000] {processor.py:186} INFO - Started process (PID=2755) to work on /home/airflow/.local/lib/python3.12/site-packages/airflow/example_dags/example_dag_decorator.py
[2024-12-21T21:30:51.518+0000] {processor.py:914} INFO - Processing file /home/airflow/.local/lib/python3.12/site-packages/airflow/example_dags/example_dag_decorator.py for tasks to queue
[2024-12-21T21:30:51.522+0000] {logging_mixin.py:190} INFO - [2024-12-21T21:30:51.521+0000] {dagbag.py:588} INFO - Filling up the DagBag from /home/airflow/.local/lib/python3.12/site-packages/airflow/example_dags/example_dag_decorator.py
[2024-12-21T21:30:51.543+0000] {processor.py:925} INFO - DAG(s) 'example_dag_decorator' retrieved from /home/airflow/.local/lib/python3.12/site-packages/airflow/example_dags/example_dag_decorator.py
[2024-12-21T21:30:51.588+0000] {logging_mixin.py:190} INFO - [2024-12-21T21:30:51.588+0000] {dag.py:3239} INFO - Sync 1 DAGs
[2024-12-21T21:30:51.620+0000] {logging_mixin.py:190} INFO - [2024-12-21T21:30:51.620+0000] {dag.py:4180} INFO - Setting next_dagrun for example_dag_decorator to None, run_after=None
[2024-12-21T21:30:51.659+0000] {processor.py:208} INFO - Processing /home/airflow/.local/lib/python3.12/site-packages/airflow/example_dags/example_dag_decorator.py took 0.155 seconds
[2024-12-21T21:31:23.162+0000] {processor.py:186} INFO - Started process (PID=3051) to work on /home/airflow/.local/lib/python3.12/site-packages/airflow/example_dags/example_dag_decorator.py
[2024-12-21T21:31:23.163+0000] {processor.py:914} INFO - Processing file /home/airflow/.local/lib/python3.12/site-packages/airflow/example_dags/example_dag_decorator.py for tasks to queue
[2024-12-21T21:31:23.167+0000] {logging_mixin.py:190} INFO - [2024-12-21T21:31:23.167+0000] {dagbag.py:588} INFO - Filling up the DagBag from /home/airflow/.local/lib/python3.12/site-packages/airflow/example_dags/example_dag_decorator.py
[2024-12-21T21:31:23.188+0000] {processor.py:925} INFO - DAG(s) 'example_dag_decorator' retrieved from /home/airflow/.local/lib/python3.12/site-packages/airflow/example_dags/example_dag_decorator.py
[2024-12-21T21:31:23.475+0000] {logging_mixin.py:190} INFO - [2024-12-21T21:31:23.475+0000] {dag.py:3239} INFO - Sync 1 DAGs
[2024-12-21T21:31:23.514+0000] {logging_mixin.py:190} INFO - [2024-12-21T21:31:23.514+0000] {dag.py:4180} INFO - Setting next_dagrun for example_dag_decorator to None, run_after=None
[2024-12-21T21:31:23.580+0000] {processor.py:208} INFO - Processing /home/airflow/.local/lib/python3.12/site-packages/airflow/example_dags/example_dag_decorator.py took 0.430 seconds
[2024-12-21T21:31:55.367+0000] {processor.py:186} INFO - Started process (PID=3348) to work on /home/airflow/.local/lib/python3.12/site-packages/airflow/example_dags/example_dag_decorator.py
[2024-12-21T21:31:55.369+0000] {processor.py:914} INFO - Processing file /home/airflow/.local/lib/python3.12/site-packages/airflow/example_dags/example_dag_decorator.py for tasks to queue
[2024-12-21T21:31:55.374+0000] {logging_mixin.py:190} INFO - [2024-12-21T21:31:55.373+0000] {dagbag.py:588} INFO - Filling up the DagBag from /home/airflow/.local/lib/python3.12/site-packages/airflow/example_dags/example_dag_decorator.py
[2024-12-21T21:31:55.398+0000] {processor.py:925} INFO - DAG(s) 'example_dag_decorator' retrieved from /home/airflow/.local/lib/python3.12/site-packages/airflow/example_dags/example_dag_decorator.py
[2024-12-21T21:31:55.695+0000] {logging_mixin.py:190} INFO - [2024-12-21T21:31:55.694+0000] {dag.py:3239} INFO - Sync 1 DAGs
[2024-12-21T21:31:55.724+0000] {logging_mixin.py:190} INFO - [2024-12-21T21:31:55.723+0000] {dag.py:4180} INFO - Setting next_dagrun for example_dag_decorator to None, run_after=None
[2024-12-21T21:31:55.770+0000] {processor.py:208} INFO - Processing /home/airflow/.local/lib/python3.12/site-packages/airflow/example_dags/example_dag_decorator.py took 0.413 seconds
[2024-12-21T21:32:27.213+0000] {processor.py:186} INFO - Started process (PID=3644) to work on /home/airflow/.local/lib/python3.12/site-packages/airflow/example_dags/example_dag_decorator.py
[2024-12-21T21:32:27.215+0000] {processor.py:914} INFO - Processing file /home/airflow/.local/lib/python3.12/site-packages/airflow/example_dags/example_dag_decorator.py for tasks to queue
[2024-12-21T21:32:27.220+0000] {logging_mixin.py:190} INFO - [2024-12-21T21:32:27.219+0000] {dagbag.py:588} INFO - Filling up the DagBag from /home/airflow/.local/lib/python3.12/site-packages/airflow/example_dags/example_dag_decorator.py
[2024-12-21T21:32:27.240+0000] {processor.py:925} INFO - DAG(s) 'example_dag_decorator' retrieved from /home/airflow/.local/lib/python3.12/site-packages/airflow/example_dags/example_dag_decorator.py
[2024-12-21T21:32:27.526+0000] {logging_mixin.py:190} INFO - [2024-12-21T21:32:27.525+0000] {dag.py:3239} INFO - Sync 1 DAGs
[2024-12-21T21:32:27.553+0000] {logging_mixin.py:190} INFO - [2024-12-21T21:32:27.553+0000] {dag.py:4180} INFO - Setting next_dagrun for example_dag_decorator to None, run_after=None
[2024-12-21T21:32:27.618+0000] {processor.py:208} INFO - Processing /home/airflow/.local/lib/python3.12/site-packages/airflow/example_dags/example_dag_decorator.py took 0.415 seconds
[2024-12-21T21:32:57.984+0000] {processor.py:186} INFO - Started process (PID=3935) to work on /home/airflow/.local/lib/python3.12/site-packages/airflow/example_dags/example_dag_decorator.py
[2024-12-21T21:32:57.985+0000] {processor.py:914} INFO - Processing file /home/airflow/.local/lib/python3.12/site-packages/airflow/example_dags/example_dag_decorator.py for tasks to queue
[2024-12-21T21:32:57.990+0000] {logging_mixin.py:190} INFO - [2024-12-21T21:32:57.990+0000] {dagbag.py:588} INFO - Filling up the DagBag from /home/airflow/.local/lib/python3.12/site-packages/airflow/example_dags/example_dag_decorator.py
[2024-12-21T21:32:58.013+0000] {processor.py:925} INFO - DAG(s) 'example_dag_decorator' retrieved from /home/airflow/.local/lib/python3.12/site-packages/airflow/example_dags/example_dag_decorator.py
[2024-12-21T21:32:58.269+0000] {logging_mixin.py:190} INFO - [2024-12-21T21:32:58.268+0000] {dag.py:3239} INFO - Sync 1 DAGs
[2024-12-21T21:32:58.299+0000] {logging_mixin.py:190} INFO - [2024-12-21T21:32:58.298+0000] {dag.py:4180} INFO - Setting next_dagrun for example_dag_decorator to None, run_after=None
[2024-12-21T21:32:58.367+0000] {processor.py:208} INFO - Processing /home/airflow/.local/lib/python3.12/site-packages/airflow/example_dags/example_dag_decorator.py took 0.393 seconds
[2024-12-21T21:33:28.726+0000] {processor.py:186} INFO - Started process (PID=4226) to work on /home/airflow/.local/lib/python3.12/site-packages/airflow/example_dags/example_dag_decorator.py
[2024-12-21T21:33:28.728+0000] {processor.py:914} INFO - Processing file /home/airflow/.local/lib/python3.12/site-packages/airflow/example_dags/example_dag_decorator.py for tasks to queue
[2024-12-21T21:33:28.732+0000] {logging_mixin.py:190} INFO - [2024-12-21T21:33:28.732+0000] {dagbag.py:588} INFO - Filling up the DagBag from /home/airflow/.local/lib/python3.12/site-packages/airflow/example_dags/example_dag_decorator.py
[2024-12-21T21:33:28.757+0000] {processor.py:925} INFO - DAG(s) 'example_dag_decorator' retrieved from /home/airflow/.local/lib/python3.12/site-packages/airflow/example_dags/example_dag_decorator.py
[2024-12-21T21:33:28.985+0000] {logging_mixin.py:190} INFO - [2024-12-21T21:33:28.985+0000] {dag.py:3239} INFO - Sync 1 DAGs
[2024-12-21T21:33:29.016+0000] {logging_mixin.py:190} INFO - [2024-12-21T21:33:29.015+0000] {dag.py:4180} INFO - Setting next_dagrun for example_dag_decorator to None, run_after=None
[2024-12-21T21:33:29.086+0000] {processor.py:208} INFO - Processing /home/airflow/.local/lib/python3.12/site-packages/airflow/example_dags/example_dag_decorator.py took 0.369 seconds
[2024-12-21T21:33:59.491+0000] {processor.py:186} INFO - Started process (PID=4519) to work on /home/airflow/.local/lib/python3.12/site-packages/airflow/example_dags/example_dag_decorator.py
[2024-12-21T21:33:59.493+0000] {processor.py:914} INFO - Processing file /home/airflow/.local/lib/python3.12/site-packages/airflow/example_dags/example_dag_decorator.py for tasks to queue
[2024-12-21T21:33:59.498+0000] {logging_mixin.py:190} INFO - [2024-12-21T21:33:59.497+0000] {dagbag.py:588} INFO - Filling up the DagBag from /home/airflow/.local/lib/python3.12/site-packages/airflow/example_dags/example_dag_decorator.py
[2024-12-21T21:33:59.524+0000] {processor.py:925} INFO - DAG(s) 'example_dag_decorator' retrieved from /home/airflow/.local/lib/python3.12/site-packages/airflow/example_dags/example_dag_decorator.py
[2024-12-21T21:33:59.575+0000] {logging_mixin.py:190} INFO - [2024-12-21T21:33:59.574+0000] {dag.py:3239} INFO - Sync 1 DAGs
[2024-12-21T21:33:59.603+0000] {logging_mixin.py:190} INFO - [2024-12-21T21:33:59.603+0000] {dag.py:4180} INFO - Setting next_dagrun for example_dag_decorator to None, run_after=None
[2024-12-21T21:33:59.643+0000] {processor.py:208} INFO - Processing /home/airflow/.local/lib/python3.12/site-packages/airflow/example_dags/example_dag_decorator.py took 0.164 seconds
[2024-12-21T21:34:29.802+0000] {processor.py:186} INFO - Started process (PID=4813) to work on /home/airflow/.local/lib/python3.12/site-packages/airflow/example_dags/example_dag_decorator.py
[2024-12-21T21:34:29.804+0000] {processor.py:914} INFO - Processing file /home/airflow/.local/lib/python3.12/site-packages/airflow/example_dags/example_dag_decorator.py for tasks to queue
[2024-12-21T21:34:29.810+0000] {logging_mixin.py:190} INFO - [2024-12-21T21:34:29.809+0000] {dagbag.py:588} INFO - Filling up the DagBag from /home/airflow/.local/lib/python3.12/site-packages/airflow/example_dags/example_dag_decorator.py
[2024-12-21T21:34:29.841+0000] {processor.py:925} INFO - DAG(s) 'example_dag_decorator' retrieved from /home/airflow/.local/lib/python3.12/site-packages/airflow/example_dags/example_dag_decorator.py
[2024-12-21T21:34:30.188+0000] {logging_mixin.py:190} INFO - [2024-12-21T21:34:30.187+0000] {dag.py:3239} INFO - Sync 1 DAGs
[2024-12-21T21:34:30.212+0000] {logging_mixin.py:190} INFO - [2024-12-21T21:34:30.211+0000] {dag.py:4180} INFO - Setting next_dagrun for example_dag_decorator to None, run_after=None
[2024-12-21T21:34:30.279+0000] {processor.py:208} INFO - Processing /home/airflow/.local/lib/python3.12/site-packages/airflow/example_dags/example_dag_decorator.py took 0.493 seconds
[2024-12-21T21:35:00.586+0000] {processor.py:186} INFO - Started process (PID=5111) to work on /home/airflow/.local/lib/python3.12/site-packages/airflow/example_dags/example_dag_decorator.py
[2024-12-21T21:35:00.588+0000] {processor.py:914} INFO - Processing file /home/airflow/.local/lib/python3.12/site-packages/airflow/example_dags/example_dag_decorator.py for tasks to queue
[2024-12-21T21:35:00.593+0000] {logging_mixin.py:190} INFO - [2024-12-21T21:35:00.593+0000] {dagbag.py:588} INFO - Filling up the DagBag from /home/airflow/.local/lib/python3.12/site-packages/airflow/example_dags/example_dag_decorator.py
[2024-12-21T21:35:00.616+0000] {processor.py:925} INFO - DAG(s) 'example_dag_decorator' retrieved from /home/airflow/.local/lib/python3.12/site-packages/airflow/example_dags/example_dag_decorator.py
[2024-12-21T21:35:00.857+0000] {logging_mixin.py:190} INFO - [2024-12-21T21:35:00.856+0000] {dag.py:3239} INFO - Sync 1 DAGs
[2024-12-21T21:35:00.887+0000] {logging_mixin.py:190} INFO - [2024-12-21T21:35:00.886+0000] {dag.py:4180} INFO - Setting next_dagrun for example_dag_decorator to None, run_after=None
[2024-12-21T21:35:00.928+0000] {processor.py:208} INFO - Processing /home/airflow/.local/lib/python3.12/site-packages/airflow/example_dags/example_dag_decorator.py took 0.354 seconds
[2024-12-21T21:35:31.172+0000] {processor.py:186} INFO - Started process (PID=5412) to work on /home/airflow/.local/lib/python3.12/site-packages/airflow/example_dags/example_dag_decorator.py
[2024-12-21T21:35:31.174+0000] {processor.py:914} INFO - Processing file /home/airflow/.local/lib/python3.12/site-packages/airflow/example_dags/example_dag_decorator.py for tasks to queue
[2024-12-21T21:35:31.180+0000] {logging_mixin.py:190} INFO - [2024-12-21T21:35:31.179+0000] {dagbag.py:588} INFO - Filling up the DagBag from /home/airflow/.local/lib/python3.12/site-packages/airflow/example_dags/example_dag_decorator.py
[2024-12-21T21:35:31.209+0000] {processor.py:925} INFO - DAG(s) 'example_dag_decorator' retrieved from /home/airflow/.local/lib/python3.12/site-packages/airflow/example_dags/example_dag_decorator.py
[2024-12-21T21:35:31.461+0000] {logging_mixin.py:190} INFO - [2024-12-21T21:35:31.460+0000] {dag.py:3239} INFO - Sync 1 DAGs
[2024-12-21T21:35:31.493+0000] {logging_mixin.py:190} INFO - [2024-12-21T21:35:31.493+0000] {dag.py:4180} INFO - Setting next_dagrun for example_dag_decorator to None, run_after=None
[2024-12-21T21:35:31.538+0000] {processor.py:208} INFO - Processing /home/airflow/.local/lib/python3.12/site-packages/airflow/example_dags/example_dag_decorator.py took 0.377 seconds
[2024-12-21T21:36:01.713+0000] {processor.py:186} INFO - Started process (PID=5705) to work on /home/airflow/.local/lib/python3.12/site-packages/airflow/example_dags/example_dag_decorator.py
[2024-12-21T21:36:01.715+0000] {processor.py:914} INFO - Processing file /home/airflow/.local/lib/python3.12/site-packages/airflow/example_dags/example_dag_decorator.py for tasks to queue
[2024-12-21T21:36:01.721+0000] {logging_mixin.py:190} INFO - [2024-12-21T21:36:01.720+0000] {dagbag.py:588} INFO - Filling up the DagBag from /home/airflow/.local/lib/python3.12/site-packages/airflow/example_dags/example_dag_decorator.py
[2024-12-21T21:36:01.742+0000] {processor.py:925} INFO - DAG(s) 'example_dag_decorator' retrieved from /home/airflow/.local/lib/python3.12/site-packages/airflow/example_dags/example_dag_decorator.py
[2024-12-21T21:36:01.997+0000] {logging_mixin.py:190} INFO - [2024-12-21T21:36:01.997+0000] {dag.py:3239} INFO - Sync 1 DAGs
[2024-12-21T21:36:02.028+0000] {logging_mixin.py:190} INFO - [2024-12-21T21:36:02.027+0000] {dag.py:4180} INFO - Setting next_dagrun for example_dag_decorator to None, run_after=None
[2024-12-21T21:36:02.070+0000] {processor.py:208} INFO - Processing /home/airflow/.local/lib/python3.12/site-packages/airflow/example_dags/example_dag_decorator.py took 0.369 seconds
[2024-12-21T21:36:32.248+0000] {processor.py:186} INFO - Started process (PID=5996) to work on /home/airflow/.local/lib/python3.12/site-packages/airflow/example_dags/example_dag_decorator.py
[2024-12-21T21:36:32.250+0000] {processor.py:914} INFO - Processing file /home/airflow/.local/lib/python3.12/site-packages/airflow/example_dags/example_dag_decorator.py for tasks to queue
[2024-12-21T21:36:32.254+0000] {logging_mixin.py:190} INFO - [2024-12-21T21:36:32.254+0000] {dagbag.py:588} INFO - Filling up the DagBag from /home/airflow/.local/lib/python3.12/site-packages/airflow/example_dags/example_dag_decorator.py
[2024-12-21T21:36:32.277+0000] {processor.py:925} INFO - DAG(s) 'example_dag_decorator' retrieved from /home/airflow/.local/lib/python3.12/site-packages/airflow/example_dags/example_dag_decorator.py
[2024-12-21T21:36:32.533+0000] {logging_mixin.py:190} INFO - [2024-12-21T21:36:32.531+0000] {dag.py:3239} INFO - Sync 1 DAGs
[2024-12-21T21:36:32.570+0000] {logging_mixin.py:190} INFO - [2024-12-21T21:36:32.570+0000] {dag.py:4180} INFO - Setting next_dagrun for example_dag_decorator to None, run_after=None
[2024-12-21T21:36:32.634+0000] {processor.py:208} INFO - Processing /home/airflow/.local/lib/python3.12/site-packages/airflow/example_dags/example_dag_decorator.py took 0.397 seconds
[2024-12-21T21:37:02.767+0000] {processor.py:186} INFO - Started process (PID=6297) to work on /home/airflow/.local/lib/python3.12/site-packages/airflow/example_dags/example_dag_decorator.py
[2024-12-21T21:37:02.769+0000] {processor.py:914} INFO - Processing file /home/airflow/.local/lib/python3.12/site-packages/airflow/example_dags/example_dag_decorator.py for tasks to queue
[2024-12-21T21:37:02.774+0000] {logging_mixin.py:190} INFO - [2024-12-21T21:37:02.773+0000] {dagbag.py:588} INFO - Filling up the DagBag from /home/airflow/.local/lib/python3.12/site-packages/airflow/example_dags/example_dag_decorator.py
[2024-12-21T21:37:02.799+0000] {processor.py:925} INFO - DAG(s) 'example_dag_decorator' retrieved from /home/airflow/.local/lib/python3.12/site-packages/airflow/example_dags/example_dag_decorator.py
[2024-12-21T21:37:03.074+0000] {logging_mixin.py:190} INFO - [2024-12-21T21:37:03.073+0000] {dag.py:3239} INFO - Sync 1 DAGs
[2024-12-21T21:37:03.106+0000] {logging_mixin.py:190} INFO - [2024-12-21T21:37:03.105+0000] {dag.py:4180} INFO - Setting next_dagrun for example_dag_decorator to None, run_after=None
[2024-12-21T21:37:03.177+0000] {processor.py:208} INFO - Processing /home/airflow/.local/lib/python3.12/site-packages/airflow/example_dags/example_dag_decorator.py took 0.422 seconds
[2024-12-21T21:37:34.166+0000] {processor.py:186} INFO - Started process (PID=6593) to work on /home/airflow/.local/lib/python3.12/site-packages/airflow/example_dags/example_dag_decorator.py
[2024-12-21T21:37:34.167+0000] {processor.py:914} INFO - Processing file /home/airflow/.local/lib/python3.12/site-packages/airflow/example_dags/example_dag_decorator.py for tasks to queue
[2024-12-21T21:37:34.172+0000] {logging_mixin.py:190} INFO - [2024-12-21T21:37:34.170+0000] {dagbag.py:588} INFO - Filling up the DagBag from /home/airflow/.local/lib/python3.12/site-packages/airflow/example_dags/example_dag_decorator.py
[2024-12-21T21:37:34.192+0000] {processor.py:925} INFO - DAG(s) 'example_dag_decorator' retrieved from /home/airflow/.local/lib/python3.12/site-packages/airflow/example_dags/example_dag_decorator.py
[2024-12-21T21:37:34.436+0000] {logging_mixin.py:190} INFO - [2024-12-21T21:37:34.436+0000] {dag.py:3239} INFO - Sync 1 DAGs
[2024-12-21T21:37:34.467+0000] {logging_mixin.py:190} INFO - [2024-12-21T21:37:34.466+0000] {dag.py:4180} INFO - Setting next_dagrun for example_dag_decorator to None, run_after=None
[2024-12-21T21:37:34.528+0000] {processor.py:208} INFO - Processing /home/airflow/.local/lib/python3.12/site-packages/airflow/example_dags/example_dag_decorator.py took 0.373 seconds
[2024-12-21T21:38:04.780+0000] {processor.py:186} INFO - Started process (PID=6889) to work on /home/airflow/.local/lib/python3.12/site-packages/airflow/example_dags/example_dag_decorator.py
[2024-12-21T21:38:04.782+0000] {processor.py:914} INFO - Processing file /home/airflow/.local/lib/python3.12/site-packages/airflow/example_dags/example_dag_decorator.py for tasks to queue
[2024-12-21T21:38:04.790+0000] {logging_mixin.py:190} INFO - [2024-12-21T21:38:04.788+0000] {dagbag.py:588} INFO - Filling up the DagBag from /home/airflow/.local/lib/python3.12/site-packages/airflow/example_dags/example_dag_decorator.py
[2024-12-21T21:38:04.821+0000] {processor.py:925} INFO - DAG(s) 'example_dag_decorator' retrieved from /home/airflow/.local/lib/python3.12/site-packages/airflow/example_dags/example_dag_decorator.py
[2024-12-21T21:38:05.139+0000] {logging_mixin.py:190} INFO - [2024-12-21T21:38:05.138+0000] {dag.py:3239} INFO - Sync 1 DAGs
[2024-12-21T21:38:05.181+0000] {logging_mixin.py:190} INFO - [2024-12-21T21:38:05.180+0000] {dag.py:4180} INFO - Setting next_dagrun for example_dag_decorator to None, run_after=None
[2024-12-21T21:38:05.264+0000] {processor.py:208} INFO - Processing /home/airflow/.local/lib/python3.12/site-packages/airflow/example_dags/example_dag_decorator.py took 0.497 seconds
[2024-12-21T21:38:35.747+0000] {processor.py:186} INFO - Started process (PID=7185) to work on /home/airflow/.local/lib/python3.12/site-packages/airflow/example_dags/example_dag_decorator.py
[2024-12-21T21:38:35.750+0000] {processor.py:914} INFO - Processing file /home/airflow/.local/lib/python3.12/site-packages/airflow/example_dags/example_dag_decorator.py for tasks to queue
[2024-12-21T21:38:35.757+0000] {logging_mixin.py:190} INFO - [2024-12-21T21:38:35.754+0000] {dagbag.py:588} INFO - Filling up the DagBag from /home/airflow/.local/lib/python3.12/site-packages/airflow/example_dags/example_dag_decorator.py
[2024-12-21T21:38:35.792+0000] {processor.py:925} INFO - DAG(s) 'example_dag_decorator' retrieved from /home/airflow/.local/lib/python3.12/site-packages/airflow/example_dags/example_dag_decorator.py
[2024-12-21T21:38:36.123+0000] {logging_mixin.py:190} INFO - [2024-12-21T21:38:36.123+0000] {dag.py:3239} INFO - Sync 1 DAGs
[2024-12-21T21:38:36.165+0000] {logging_mixin.py:190} INFO - [2024-12-21T21:38:36.164+0000] {dag.py:4180} INFO - Setting next_dagrun for example_dag_decorator to None, run_after=None
[2024-12-21T21:38:36.235+0000] {processor.py:208} INFO - Processing /home/airflow/.local/lib/python3.12/site-packages/airflow/example_dags/example_dag_decorator.py took 0.506 seconds
[2024-12-21T21:39:06.579+0000] {processor.py:186} INFO - Started process (PID=7486) to work on /home/airflow/.local/lib/python3.12/site-packages/airflow/example_dags/example_dag_decorator.py
[2024-12-21T21:39:06.581+0000] {processor.py:914} INFO - Processing file /home/airflow/.local/lib/python3.12/site-packages/airflow/example_dags/example_dag_decorator.py for tasks to queue
[2024-12-21T21:39:06.586+0000] {logging_mixin.py:190} INFO - [2024-12-21T21:39:06.585+0000] {dagbag.py:588} INFO - Filling up the DagBag from /home/airflow/.local/lib/python3.12/site-packages/airflow/example_dags/example_dag_decorator.py
[2024-12-21T21:39:06.613+0000] {processor.py:925} INFO - DAG(s) 'example_dag_decorator' retrieved from /home/airflow/.local/lib/python3.12/site-packages/airflow/example_dags/example_dag_decorator.py
[2024-12-21T21:39:06.867+0000] {logging_mixin.py:190} INFO - [2024-12-21T21:39:06.867+0000] {dag.py:3239} INFO - Sync 1 DAGs
[2024-12-21T21:39:06.897+0000] {logging_mixin.py:190} INFO - [2024-12-21T21:39:06.896+0000] {dag.py:4180} INFO - Setting next_dagrun for example_dag_decorator to None, run_after=None
[2024-12-21T21:39:06.972+0000] {processor.py:208} INFO - Processing /home/airflow/.local/lib/python3.12/site-packages/airflow/example_dags/example_dag_decorator.py took 0.407 seconds
[2024-12-21T21:39:37.196+0000] {processor.py:186} INFO - Started process (PID=7782) to work on /home/airflow/.local/lib/python3.12/site-packages/airflow/example_dags/example_dag_decorator.py
[2024-12-21T21:39:37.200+0000] {processor.py:914} INFO - Processing file /home/airflow/.local/lib/python3.12/site-packages/airflow/example_dags/example_dag_decorator.py for tasks to queue
[2024-12-21T21:39:37.208+0000] {logging_mixin.py:190} INFO - [2024-12-21T21:39:37.207+0000] {dagbag.py:588} INFO - Filling up the DagBag from /home/airflow/.local/lib/python3.12/site-packages/airflow/example_dags/example_dag_decorator.py
[2024-12-21T21:39:37.237+0000] {processor.py:925} INFO - DAG(s) 'example_dag_decorator' retrieved from /home/airflow/.local/lib/python3.12/site-packages/airflow/example_dags/example_dag_decorator.py
[2024-12-21T21:39:37.626+0000] {logging_mixin.py:190} INFO - [2024-12-21T21:39:37.625+0000] {dag.py:3239} INFO - Sync 1 DAGs
[2024-12-21T21:39:37.664+0000] {logging_mixin.py:190} INFO - [2024-12-21T21:39:37.663+0000] {dag.py:4180} INFO - Setting next_dagrun for example_dag_decorator to None, run_after=None
[2024-12-21T21:39:37.753+0000] {processor.py:208} INFO - Processing /home/airflow/.local/lib/python3.12/site-packages/airflow/example_dags/example_dag_decorator.py took 0.575 seconds
[2024-12-21T21:40:08.284+0000] {processor.py:186} INFO - Started process (PID=8078) to work on /home/airflow/.local/lib/python3.12/site-packages/airflow/example_dags/example_dag_decorator.py
[2024-12-21T21:40:08.287+0000] {processor.py:914} INFO - Processing file /home/airflow/.local/lib/python3.12/site-packages/airflow/example_dags/example_dag_decorator.py for tasks to queue
[2024-12-21T21:40:08.295+0000] {logging_mixin.py:190} INFO - [2024-12-21T21:40:08.294+0000] {dagbag.py:588} INFO - Filling up the DagBag from /home/airflow/.local/lib/python3.12/site-packages/airflow/example_dags/example_dag_decorator.py
[2024-12-21T21:40:08.336+0000] {processor.py:925} INFO - DAG(s) 'example_dag_decorator' retrieved from /home/airflow/.local/lib/python3.12/site-packages/airflow/example_dags/example_dag_decorator.py
[2024-12-21T21:40:08.735+0000] {logging_mixin.py:190} INFO - [2024-12-21T21:40:08.733+0000] {dag.py:3239} INFO - Sync 1 DAGs
[2024-12-21T21:40:08.779+0000] {logging_mixin.py:190} INFO - [2024-12-21T21:40:08.778+0000] {dag.py:4180} INFO - Setting next_dagrun for example_dag_decorator to None, run_after=None
[2024-12-21T21:40:08.837+0000] {processor.py:208} INFO - Processing /home/airflow/.local/lib/python3.12/site-packages/airflow/example_dags/example_dag_decorator.py took 0.572 seconds
