[2024-12-21T21:11:10.584+0000] {processor.py:186} INFO - Started process (PID=247) to work on /home/airflow/.local/lib/python3.12/site-packages/airflow/example_dags/example_latest_only_with_trigger.py
[2024-12-21T21:11:10.587+0000] {processor.py:914} INFO - Processing file /home/airflow/.local/lib/python3.12/site-packages/airflow/example_dags/example_latest_only_with_trigger.py for tasks to queue
[2024-12-21T21:11:10.592+0000] {logging_mixin.py:190} INFO - [2024-12-21T21:11:10.591+0000] {dagbag.py:588} INFO - Filling up the DagBag from /home/airflow/.local/lib/python3.12/site-packages/airflow/example_dags/example_latest_only_with_trigger.py
[2024-12-21T21:11:10.616+0000] {processor.py:925} INFO - DAG(s) 'latest_only_with_trigger' retrieved from /home/airflow/.local/lib/python3.12/site-packages/airflow/example_dags/example_latest_only_with_trigger.py
[2024-12-21T21:11:10.862+0000] {logging_mixin.py:190} INFO - [2024-12-21T21:11:10.860+0000] {override.py:1911} INFO - Created Permission View: can delete on DAG:latest_only_with_trigger
[2024-12-21T21:11:10.883+0000] {logging_mixin.py:190} INFO - [2024-12-21T21:11:10.882+0000] {override.py:1911} INFO - Created Permission View: can edit on DAG:latest_only_with_trigger
[2024-12-21T21:11:10.898+0000] {logging_mixin.py:190} INFO - [2024-12-21T21:11:10.897+0000] {override.py:1911} INFO - Created Permission View: can read on DAG:latest_only_with_trigger
[2024-12-21T21:11:10.914+0000] {logging_mixin.py:190} INFO - [2024-12-21T21:11:10.913+0000] {override.py:1911} INFO - Created Permission View: can delete on DAG Run:latest_only_with_trigger
[2024-12-21T21:11:10.929+0000] {logging_mixin.py:190} INFO - [2024-12-21T21:11:10.928+0000] {override.py:1911} INFO - Created Permission View: can read on DAG Run:latest_only_with_trigger
[2024-12-21T21:11:10.945+0000] {logging_mixin.py:190} INFO - [2024-12-21T21:11:10.945+0000] {override.py:1911} INFO - Created Permission View: can create on DAG Run:latest_only_with_trigger
[2024-12-21T21:11:10.962+0000] {logging_mixin.py:190} INFO - [2024-12-21T21:11:10.961+0000] {override.py:1911} INFO - Created Permission View: menu access on DAG Run:latest_only_with_trigger
[2024-12-21T21:11:10.964+0000] {logging_mixin.py:190} INFO - [2024-12-21T21:11:10.963+0000] {dag.py:3239} INFO - Sync 1 DAGs
[2024-12-21T21:11:10.997+0000] {logging_mixin.py:190} INFO - [2024-12-21T21:11:10.996+0000] {dag.py:3262} INFO - Creating ORM DAG for latest_only_with_trigger
[2024-12-21T21:11:11.019+0000] {logging_mixin.py:190} INFO - [2024-12-21T21:11:11.018+0000] {dag.py:4180} INFO - Setting next_dagrun for latest_only_with_trigger to 2024-12-21 16:00:00+00:00, run_after=2024-12-21 20:00:00+00:00
[2024-12-21T21:11:11.058+0000] {processor.py:208} INFO - Processing /home/airflow/.local/lib/python3.12/site-packages/airflow/example_dags/example_latest_only_with_trigger.py took 0.485 seconds
[2024-12-21T21:11:41.542+0000] {processor.py:186} INFO - Started process (PID=545) to work on /home/airflow/.local/lib/python3.12/site-packages/airflow/example_dags/example_latest_only_with_trigger.py
[2024-12-21T21:11:41.543+0000] {processor.py:914} INFO - Processing file /home/airflow/.local/lib/python3.12/site-packages/airflow/example_dags/example_latest_only_with_trigger.py for tasks to queue
[2024-12-21T21:11:41.548+0000] {logging_mixin.py:190} INFO - [2024-12-21T21:11:41.547+0000] {dagbag.py:588} INFO - Filling up the DagBag from /home/airflow/.local/lib/python3.12/site-packages/airflow/example_dags/example_latest_only_with_trigger.py
[2024-12-21T21:11:41.562+0000] {processor.py:925} INFO - DAG(s) 'latest_only_with_trigger' retrieved from /home/airflow/.local/lib/python3.12/site-packages/airflow/example_dags/example_latest_only_with_trigger.py
[2024-12-21T21:11:41.604+0000] {logging_mixin.py:190} INFO - [2024-12-21T21:11:41.603+0000] {dag.py:3239} INFO - Sync 1 DAGs
[2024-12-21T21:11:41.660+0000] {logging_mixin.py:190} INFO - [2024-12-21T21:11:41.660+0000] {dag.py:4180} INFO - Setting next_dagrun for latest_only_with_trigger to 2024-12-21 16:00:00+00:00, run_after=2024-12-21 20:00:00+00:00
[2024-12-21T21:11:41.698+0000] {processor.py:208} INFO - Processing /home/airflow/.local/lib/python3.12/site-packages/airflow/example_dags/example_latest_only_with_trigger.py took 0.168 seconds
[2024-12-21T21:12:11.800+0000] {processor.py:186} INFO - Started process (PID=841) to work on /home/airflow/.local/lib/python3.12/site-packages/airflow/example_dags/example_latest_only_with_trigger.py
[2024-12-21T21:12:11.801+0000] {processor.py:914} INFO - Processing file /home/airflow/.local/lib/python3.12/site-packages/airflow/example_dags/example_latest_only_with_trigger.py for tasks to queue
[2024-12-21T21:12:11.805+0000] {logging_mixin.py:190} INFO - [2024-12-21T21:12:11.805+0000] {dagbag.py:588} INFO - Filling up the DagBag from /home/airflow/.local/lib/python3.12/site-packages/airflow/example_dags/example_latest_only_with_trigger.py
[2024-12-21T21:12:11.820+0000] {processor.py:925} INFO - DAG(s) 'latest_only_with_trigger' retrieved from /home/airflow/.local/lib/python3.12/site-packages/airflow/example_dags/example_latest_only_with_trigger.py
[2024-12-21T21:12:11.861+0000] {logging_mixin.py:190} INFO - [2024-12-21T21:12:11.860+0000] {dag.py:3239} INFO - Sync 1 DAGs
[2024-12-21T21:12:11.907+0000] {logging_mixin.py:190} INFO - [2024-12-21T21:12:11.906+0000] {dag.py:4180} INFO - Setting next_dagrun for latest_only_with_trigger to 2024-12-21 16:00:00+00:00, run_after=2024-12-21 20:00:00+00:00
[2024-12-21T21:12:11.944+0000] {processor.py:208} INFO - Processing /home/airflow/.local/lib/python3.12/site-packages/airflow/example_dags/example_latest_only_with_trigger.py took 0.155 seconds
[2024-12-21T21:12:42.468+0000] {processor.py:186} INFO - Started process (PID=1137) to work on /home/airflow/.local/lib/python3.12/site-packages/airflow/example_dags/example_latest_only_with_trigger.py
[2024-12-21T21:12:42.470+0000] {processor.py:914} INFO - Processing file /home/airflow/.local/lib/python3.12/site-packages/airflow/example_dags/example_latest_only_with_trigger.py for tasks to queue
[2024-12-21T21:12:42.475+0000] {logging_mixin.py:190} INFO - [2024-12-21T21:12:42.475+0000] {dagbag.py:588} INFO - Filling up the DagBag from /home/airflow/.local/lib/python3.12/site-packages/airflow/example_dags/example_latest_only_with_trigger.py
[2024-12-21T21:12:42.490+0000] {processor.py:925} INFO - DAG(s) 'latest_only_with_trigger' retrieved from /home/airflow/.local/lib/python3.12/site-packages/airflow/example_dags/example_latest_only_with_trigger.py
[2024-12-21T21:12:42.531+0000] {logging_mixin.py:190} INFO - [2024-12-21T21:12:42.531+0000] {dag.py:3239} INFO - Sync 1 DAGs
[2024-12-21T21:12:42.579+0000] {logging_mixin.py:190} INFO - [2024-12-21T21:12:42.579+0000] {dag.py:4180} INFO - Setting next_dagrun for latest_only_with_trigger to 2024-12-21 16:00:00+00:00, run_after=2024-12-21 20:00:00+00:00
[2024-12-21T21:12:42.620+0000] {processor.py:208} INFO - Processing /home/airflow/.local/lib/python3.12/site-packages/airflow/example_dags/example_latest_only_with_trigger.py took 0.162 seconds
[2024-12-21T21:13:12.795+0000] {processor.py:186} INFO - Started process (PID=1431) to work on /home/airflow/.local/lib/python3.12/site-packages/airflow/example_dags/example_latest_only_with_trigger.py
[2024-12-21T21:13:12.797+0000] {processor.py:914} INFO - Processing file /home/airflow/.local/lib/python3.12/site-packages/airflow/example_dags/example_latest_only_with_trigger.py for tasks to queue
[2024-12-21T21:13:12.802+0000] {logging_mixin.py:190} INFO - [2024-12-21T21:13:12.801+0000] {dagbag.py:588} INFO - Filling up the DagBag from /home/airflow/.local/lib/python3.12/site-packages/airflow/example_dags/example_latest_only_with_trigger.py
[2024-12-21T21:13:12.817+0000] {processor.py:925} INFO - DAG(s) 'latest_only_with_trigger' retrieved from /home/airflow/.local/lib/python3.12/site-packages/airflow/example_dags/example_latest_only_with_trigger.py
[2024-12-21T21:13:12.863+0000] {logging_mixin.py:190} INFO - [2024-12-21T21:13:12.863+0000] {dag.py:3239} INFO - Sync 1 DAGs
[2024-12-21T21:13:12.921+0000] {logging_mixin.py:190} INFO - [2024-12-21T21:13:12.921+0000] {dag.py:4180} INFO - Setting next_dagrun for latest_only_with_trigger to 2024-12-21 16:00:00+00:00, run_after=2024-12-21 20:00:00+00:00
[2024-12-21T21:13:12.961+0000] {processor.py:208} INFO - Processing /home/airflow/.local/lib/python3.12/site-packages/airflow/example_dags/example_latest_only_with_trigger.py took 0.179 seconds
[2024-12-21T21:13:43.757+0000] {processor.py:186} INFO - Started process (PID=1729) to work on /home/airflow/.local/lib/python3.12/site-packages/airflow/example_dags/example_latest_only_with_trigger.py
[2024-12-21T21:13:43.760+0000] {processor.py:914} INFO - Processing file /home/airflow/.local/lib/python3.12/site-packages/airflow/example_dags/example_latest_only_with_trigger.py for tasks to queue
[2024-12-21T21:13:43.764+0000] {logging_mixin.py:190} INFO - [2024-12-21T21:13:43.764+0000] {dagbag.py:588} INFO - Filling up the DagBag from /home/airflow/.local/lib/python3.12/site-packages/airflow/example_dags/example_latest_only_with_trigger.py
[2024-12-21T21:13:43.779+0000] {processor.py:925} INFO - DAG(s) 'latest_only_with_trigger' retrieved from /home/airflow/.local/lib/python3.12/site-packages/airflow/example_dags/example_latest_only_with_trigger.py
[2024-12-21T21:13:43.822+0000] {logging_mixin.py:190} INFO - [2024-12-21T21:13:43.822+0000] {dag.py:3239} INFO - Sync 1 DAGs
[2024-12-21T21:13:43.869+0000] {logging_mixin.py:190} INFO - [2024-12-21T21:13:43.868+0000] {dag.py:4180} INFO - Setting next_dagrun for latest_only_with_trigger to 2024-12-21 16:00:00+00:00, run_after=2024-12-21 20:00:00+00:00
[2024-12-21T21:13:43.930+0000] {processor.py:208} INFO - Processing /home/airflow/.local/lib/python3.12/site-packages/airflow/example_dags/example_latest_only_with_trigger.py took 0.185 seconds
[2024-12-21T21:14:14.747+0000] {processor.py:186} INFO - Started process (PID=2025) to work on /home/airflow/.local/lib/python3.12/site-packages/airflow/example_dags/example_latest_only_with_trigger.py
[2024-12-21T21:14:14.749+0000] {processor.py:914} INFO - Processing file /home/airflow/.local/lib/python3.12/site-packages/airflow/example_dags/example_latest_only_with_trigger.py for tasks to queue
[2024-12-21T21:14:14.753+0000] {logging_mixin.py:190} INFO - [2024-12-21T21:14:14.753+0000] {dagbag.py:588} INFO - Filling up the DagBag from /home/airflow/.local/lib/python3.12/site-packages/airflow/example_dags/example_latest_only_with_trigger.py
[2024-12-21T21:14:14.768+0000] {processor.py:925} INFO - DAG(s) 'latest_only_with_trigger' retrieved from /home/airflow/.local/lib/python3.12/site-packages/airflow/example_dags/example_latest_only_with_trigger.py
[2024-12-21T21:14:14.813+0000] {logging_mixin.py:190} INFO - [2024-12-21T21:14:14.812+0000] {dag.py:3239} INFO - Sync 1 DAGs
[2024-12-21T21:14:14.877+0000] {logging_mixin.py:190} INFO - [2024-12-21T21:14:14.876+0000] {dag.py:4180} INFO - Setting next_dagrun for latest_only_with_trigger to 2024-12-21 16:00:00+00:00, run_after=2024-12-21 20:00:00+00:00
[2024-12-21T21:14:14.919+0000] {processor.py:208} INFO - Processing /home/airflow/.local/lib/python3.12/site-packages/airflow/example_dags/example_latest_only_with_trigger.py took 0.184 seconds
[2024-12-21T21:14:45.075+0000] {processor.py:186} INFO - Started process (PID=2321) to work on /home/airflow/.local/lib/python3.12/site-packages/airflow/example_dags/example_latest_only_with_trigger.py
[2024-12-21T21:14:45.077+0000] {processor.py:914} INFO - Processing file /home/airflow/.local/lib/python3.12/site-packages/airflow/example_dags/example_latest_only_with_trigger.py for tasks to queue
[2024-12-21T21:14:45.081+0000] {logging_mixin.py:190} INFO - [2024-12-21T21:14:45.080+0000] {dagbag.py:588} INFO - Filling up the DagBag from /home/airflow/.local/lib/python3.12/site-packages/airflow/example_dags/example_latest_only_with_trigger.py
[2024-12-21T21:14:45.098+0000] {processor.py:925} INFO - DAG(s) 'latest_only_with_trigger' retrieved from /home/airflow/.local/lib/python3.12/site-packages/airflow/example_dags/example_latest_only_with_trigger.py
[2024-12-21T21:14:45.137+0000] {logging_mixin.py:190} INFO - [2024-12-21T21:14:45.136+0000] {dag.py:3239} INFO - Sync 1 DAGs
[2024-12-21T21:14:45.184+0000] {logging_mixin.py:190} INFO - [2024-12-21T21:14:45.184+0000] {dag.py:4180} INFO - Setting next_dagrun for latest_only_with_trigger to 2024-12-21 16:00:00+00:00, run_after=2024-12-21 20:00:00+00:00
[2024-12-21T21:14:45.221+0000] {processor.py:208} INFO - Processing /home/airflow/.local/lib/python3.12/site-packages/airflow/example_dags/example_latest_only_with_trigger.py took 0.158 seconds
[2024-12-21T21:15:15.334+0000] {processor.py:186} INFO - Started process (PID=2615) to work on /home/airflow/.local/lib/python3.12/site-packages/airflow/example_dags/example_latest_only_with_trigger.py
[2024-12-21T21:15:15.336+0000] {processor.py:914} INFO - Processing file /home/airflow/.local/lib/python3.12/site-packages/airflow/example_dags/example_latest_only_with_trigger.py for tasks to queue
[2024-12-21T21:15:15.340+0000] {logging_mixin.py:190} INFO - [2024-12-21T21:15:15.340+0000] {dagbag.py:588} INFO - Filling up the DagBag from /home/airflow/.local/lib/python3.12/site-packages/airflow/example_dags/example_latest_only_with_trigger.py
[2024-12-21T21:15:15.359+0000] {processor.py:925} INFO - DAG(s) 'latest_only_with_trigger' retrieved from /home/airflow/.local/lib/python3.12/site-packages/airflow/example_dags/example_latest_only_with_trigger.py
[2024-12-21T21:15:15.406+0000] {logging_mixin.py:190} INFO - [2024-12-21T21:15:15.405+0000] {dag.py:3239} INFO - Sync 1 DAGs
[2024-12-21T21:15:15.460+0000] {logging_mixin.py:190} INFO - [2024-12-21T21:15:15.460+0000] {dag.py:4180} INFO - Setting next_dagrun for latest_only_with_trigger to 2024-12-21 16:00:00+00:00, run_after=2024-12-21 20:00:00+00:00
[2024-12-21T21:15:15.507+0000] {processor.py:208} INFO - Processing /home/airflow/.local/lib/python3.12/site-packages/airflow/example_dags/example_latest_only_with_trigger.py took 0.184 seconds
[2024-12-21T21:15:46.145+0000] {processor.py:186} INFO - Started process (PID=2911) to work on /home/airflow/.local/lib/python3.12/site-packages/airflow/example_dags/example_latest_only_with_trigger.py
[2024-12-21T21:15:46.147+0000] {processor.py:914} INFO - Processing file /home/airflow/.local/lib/python3.12/site-packages/airflow/example_dags/example_latest_only_with_trigger.py for tasks to queue
[2024-12-21T21:15:46.154+0000] {logging_mixin.py:190} INFO - [2024-12-21T21:15:46.153+0000] {dagbag.py:588} INFO - Filling up the DagBag from /home/airflow/.local/lib/python3.12/site-packages/airflow/example_dags/example_latest_only_with_trigger.py
[2024-12-21T21:15:46.173+0000] {processor.py:925} INFO - DAG(s) 'latest_only_with_trigger' retrieved from /home/airflow/.local/lib/python3.12/site-packages/airflow/example_dags/example_latest_only_with_trigger.py
[2024-12-21T21:15:46.221+0000] {logging_mixin.py:190} INFO - [2024-12-21T21:15:46.220+0000] {dag.py:3239} INFO - Sync 1 DAGs
[2024-12-21T21:15:46.290+0000] {logging_mixin.py:190} INFO - [2024-12-21T21:15:46.290+0000] {dag.py:4180} INFO - Setting next_dagrun for latest_only_with_trigger to 2024-12-21 16:00:00+00:00, run_after=2024-12-21 20:00:00+00:00
[2024-12-21T21:15:46.347+0000] {processor.py:208} INFO - Processing /home/airflow/.local/lib/python3.12/site-packages/airflow/example_dags/example_latest_only_with_trigger.py took 0.218 seconds
[2024-12-21T21:16:18.225+0000] {processor.py:186} INFO - Started process (PID=3209) to work on /home/airflow/.local/lib/python3.12/site-packages/airflow/example_dags/example_latest_only_with_trigger.py
[2024-12-21T21:16:18.228+0000] {processor.py:914} INFO - Processing file /home/airflow/.local/lib/python3.12/site-packages/airflow/example_dags/example_latest_only_with_trigger.py for tasks to queue
[2024-12-21T21:16:18.235+0000] {logging_mixin.py:190} INFO - [2024-12-21T21:16:18.234+0000] {dagbag.py:588} INFO - Filling up the DagBag from /home/airflow/.local/lib/python3.12/site-packages/airflow/example_dags/example_latest_only_with_trigger.py
[2024-12-21T21:16:18.259+0000] {processor.py:925} INFO - DAG(s) 'latest_only_with_trigger' retrieved from /home/airflow/.local/lib/python3.12/site-packages/airflow/example_dags/example_latest_only_with_trigger.py
[2024-12-21T21:16:18.326+0000] {logging_mixin.py:190} INFO - [2024-12-21T21:16:18.325+0000] {dag.py:3239} INFO - Sync 1 DAGs
[2024-12-21T21:16:18.400+0000] {logging_mixin.py:190} INFO - [2024-12-21T21:16:18.399+0000] {dag.py:4180} INFO - Setting next_dagrun for latest_only_with_trigger to 2024-12-21 16:00:00+00:00, run_after=2024-12-21 20:00:00+00:00
[2024-12-21T21:16:18.462+0000] {processor.py:208} INFO - Processing /home/airflow/.local/lib/python3.12/site-packages/airflow/example_dags/example_latest_only_with_trigger.py took 0.256 seconds
[2024-12-21T21:16:50.503+0000] {processor.py:186} INFO - Started process (PID=3504) to work on /home/airflow/.local/lib/python3.12/site-packages/airflow/example_dags/example_latest_only_with_trigger.py
[2024-12-21T21:16:50.506+0000] {processor.py:914} INFO - Processing file /home/airflow/.local/lib/python3.12/site-packages/airflow/example_dags/example_latest_only_with_trigger.py for tasks to queue
[2024-12-21T21:16:50.511+0000] {logging_mixin.py:190} INFO - [2024-12-21T21:16:50.510+0000] {dagbag.py:588} INFO - Filling up the DagBag from /home/airflow/.local/lib/python3.12/site-packages/airflow/example_dags/example_latest_only_with_trigger.py
[2024-12-21T21:16:50.530+0000] {processor.py:925} INFO - DAG(s) 'latest_only_with_trigger' retrieved from /home/airflow/.local/lib/python3.12/site-packages/airflow/example_dags/example_latest_only_with_trigger.py
[2024-12-21T21:16:50.574+0000] {logging_mixin.py:190} INFO - [2024-12-21T21:16:50.573+0000] {dag.py:3239} INFO - Sync 1 DAGs
[2024-12-21T21:16:50.625+0000] {logging_mixin.py:190} INFO - [2024-12-21T21:16:50.624+0000] {dag.py:4180} INFO - Setting next_dagrun for latest_only_with_trigger to 2024-12-21 16:00:00+00:00, run_after=2024-12-21 20:00:00+00:00
[2024-12-21T21:16:50.670+0000] {processor.py:208} INFO - Processing /home/airflow/.local/lib/python3.12/site-packages/airflow/example_dags/example_latest_only_with_trigger.py took 0.179 seconds
[2024-12-21T21:17:21.253+0000] {processor.py:186} INFO - Started process (PID=3800) to work on /home/airflow/.local/lib/python3.12/site-packages/airflow/example_dags/example_latest_only_with_trigger.py
[2024-12-21T21:17:21.255+0000] {processor.py:914} INFO - Processing file /home/airflow/.local/lib/python3.12/site-packages/airflow/example_dags/example_latest_only_with_trigger.py for tasks to queue
[2024-12-21T21:17:21.260+0000] {logging_mixin.py:190} INFO - [2024-12-21T21:17:21.259+0000] {dagbag.py:588} INFO - Filling up the DagBag from /home/airflow/.local/lib/python3.12/site-packages/airflow/example_dags/example_latest_only_with_trigger.py
[2024-12-21T21:17:21.276+0000] {processor.py:925} INFO - DAG(s) 'latest_only_with_trigger' retrieved from /home/airflow/.local/lib/python3.12/site-packages/airflow/example_dags/example_latest_only_with_trigger.py
[2024-12-21T21:17:21.318+0000] {logging_mixin.py:190} INFO - [2024-12-21T21:17:21.317+0000] {dag.py:3239} INFO - Sync 1 DAGs
[2024-12-21T21:17:21.364+0000] {logging_mixin.py:190} INFO - [2024-12-21T21:17:21.364+0000] {dag.py:4180} INFO - Setting next_dagrun for latest_only_with_trigger to 2024-12-21 16:00:00+00:00, run_after=2024-12-21 20:00:00+00:00
[2024-12-21T21:17:21.424+0000] {processor.py:208} INFO - Processing /home/airflow/.local/lib/python3.12/site-packages/airflow/example_dags/example_latest_only_with_trigger.py took 0.184 seconds
[2024-12-21T21:17:52.972+0000] {processor.py:186} INFO - Started process (PID=4039) to work on /home/airflow/.local/lib/python3.12/site-packages/airflow/example_dags/example_latest_only_with_trigger.py
[2024-12-21T21:17:52.974+0000] {processor.py:914} INFO - Processing file /home/airflow/.local/lib/python3.12/site-packages/airflow/example_dags/example_latest_only_with_trigger.py for tasks to queue
[2024-12-21T21:17:52.979+0000] {logging_mixin.py:190} INFO - [2024-12-21T21:17:52.978+0000] {dagbag.py:588} INFO - Filling up the DagBag from /home/airflow/.local/lib/python3.12/site-packages/airflow/example_dags/example_latest_only_with_trigger.py
[2024-12-21T21:17:52.994+0000] {processor.py:925} INFO - DAG(s) 'latest_only_with_trigger' retrieved from /home/airflow/.local/lib/python3.12/site-packages/airflow/example_dags/example_latest_only_with_trigger.py
[2024-12-21T21:17:53.040+0000] {logging_mixin.py:190} INFO - [2024-12-21T21:17:53.039+0000] {dag.py:3239} INFO - Sync 1 DAGs
[2024-12-21T21:17:53.096+0000] {logging_mixin.py:190} INFO - [2024-12-21T21:17:53.095+0000] {dag.py:4180} INFO - Setting next_dagrun for latest_only_with_trigger to 2024-12-21 16:00:00+00:00, run_after=2024-12-21 20:00:00+00:00
[2024-12-21T21:17:53.164+0000] {processor.py:208} INFO - Processing /home/airflow/.local/lib/python3.12/site-packages/airflow/example_dags/example_latest_only_with_trigger.py took 0.208 seconds
[2024-12-21T21:18:24.006+0000] {processor.py:186} INFO - Started process (PID=4315) to work on /home/airflow/.local/lib/python3.12/site-packages/airflow/example_dags/example_latest_only_with_trigger.py
[2024-12-21T21:18:24.008+0000] {processor.py:914} INFO - Processing file /home/airflow/.local/lib/python3.12/site-packages/airflow/example_dags/example_latest_only_with_trigger.py for tasks to queue
[2024-12-21T21:18:24.014+0000] {logging_mixin.py:190} INFO - [2024-12-21T21:18:24.014+0000] {dagbag.py:588} INFO - Filling up the DagBag from /home/airflow/.local/lib/python3.12/site-packages/airflow/example_dags/example_latest_only_with_trigger.py
[2024-12-21T21:18:24.033+0000] {processor.py:925} INFO - DAG(s) 'latest_only_with_trigger' retrieved from /home/airflow/.local/lib/python3.12/site-packages/airflow/example_dags/example_latest_only_with_trigger.py
[2024-12-21T21:18:24.086+0000] {logging_mixin.py:190} INFO - [2024-12-21T21:18:24.085+0000] {dag.py:3239} INFO - Sync 1 DAGs
[2024-12-21T21:18:24.157+0000] {logging_mixin.py:190} INFO - [2024-12-21T21:18:24.156+0000] {dag.py:4180} INFO - Setting next_dagrun for latest_only_with_trigger to 2024-12-21 16:00:00+00:00, run_after=2024-12-21 20:00:00+00:00
[2024-12-21T21:18:24.208+0000] {processor.py:208} INFO - Processing /home/airflow/.local/lib/python3.12/site-packages/airflow/example_dags/example_latest_only_with_trigger.py took 0.219 seconds
[2024-12-21T21:18:55.550+0000] {processor.py:186} INFO - Started process (PID=4601) to work on /home/airflow/.local/lib/python3.12/site-packages/airflow/example_dags/example_latest_only_with_trigger.py
[2024-12-21T21:18:55.552+0000] {processor.py:914} INFO - Processing file /home/airflow/.local/lib/python3.12/site-packages/airflow/example_dags/example_latest_only_with_trigger.py for tasks to queue
[2024-12-21T21:18:55.556+0000] {logging_mixin.py:190} INFO - [2024-12-21T21:18:55.555+0000] {dagbag.py:588} INFO - Filling up the DagBag from /home/airflow/.local/lib/python3.12/site-packages/airflow/example_dags/example_latest_only_with_trigger.py
[2024-12-21T21:18:55.574+0000] {processor.py:925} INFO - DAG(s) 'latest_only_with_trigger' retrieved from /home/airflow/.local/lib/python3.12/site-packages/airflow/example_dags/example_latest_only_with_trigger.py
[2024-12-21T21:18:55.625+0000] {logging_mixin.py:190} INFO - [2024-12-21T21:18:55.625+0000] {dag.py:3239} INFO - Sync 1 DAGs
[2024-12-21T21:18:55.689+0000] {logging_mixin.py:190} INFO - [2024-12-21T21:18:55.688+0000] {dag.py:4180} INFO - Setting next_dagrun for latest_only_with_trigger to 2024-12-21 16:00:00+00:00, run_after=2024-12-21 20:00:00+00:00
[2024-12-21T21:18:55.742+0000] {processor.py:208} INFO - Processing /home/airflow/.local/lib/python3.12/site-packages/airflow/example_dags/example_latest_only_with_trigger.py took 0.206 seconds
[2024-12-21T21:19:26.688+0000] {processor.py:186} INFO - Started process (PID=4900) to work on /home/airflow/.local/lib/python3.12/site-packages/airflow/example_dags/example_latest_only_with_trigger.py
[2024-12-21T21:19:26.690+0000] {processor.py:914} INFO - Processing file /home/airflow/.local/lib/python3.12/site-packages/airflow/example_dags/example_latest_only_with_trigger.py for tasks to queue
[2024-12-21T21:19:26.695+0000] {logging_mixin.py:190} INFO - [2024-12-21T21:19:26.694+0000] {dagbag.py:588} INFO - Filling up the DagBag from /home/airflow/.local/lib/python3.12/site-packages/airflow/example_dags/example_latest_only_with_trigger.py
[2024-12-21T21:19:26.715+0000] {processor.py:925} INFO - DAG(s) 'latest_only_with_trigger' retrieved from /home/airflow/.local/lib/python3.12/site-packages/airflow/example_dags/example_latest_only_with_trigger.py
[2024-12-21T21:19:26.766+0000] {logging_mixin.py:190} INFO - [2024-12-21T21:19:26.766+0000] {dag.py:3239} INFO - Sync 1 DAGs
[2024-12-21T21:19:26.814+0000] {logging_mixin.py:190} INFO - [2024-12-21T21:19:26.813+0000] {dag.py:4180} INFO - Setting next_dagrun for latest_only_with_trigger to 2024-12-21 16:00:00+00:00, run_after=2024-12-21 20:00:00+00:00
[2024-12-21T21:19:26.851+0000] {processor.py:208} INFO - Processing /home/airflow/.local/lib/python3.12/site-packages/airflow/example_dags/example_latest_only_with_trigger.py took 0.176 seconds
[2024-12-21T21:19:57.570+0000] {processor.py:186} INFO - Started process (PID=5193) to work on /home/airflow/.local/lib/python3.12/site-packages/airflow/example_dags/example_latest_only_with_trigger.py
[2024-12-21T21:19:57.572+0000] {processor.py:914} INFO - Processing file /home/airflow/.local/lib/python3.12/site-packages/airflow/example_dags/example_latest_only_with_trigger.py for tasks to queue
[2024-12-21T21:19:57.576+0000] {logging_mixin.py:190} INFO - [2024-12-21T21:19:57.575+0000] {dagbag.py:588} INFO - Filling up the DagBag from /home/airflow/.local/lib/python3.12/site-packages/airflow/example_dags/example_latest_only_with_trigger.py
[2024-12-21T21:19:57.590+0000] {processor.py:925} INFO - DAG(s) 'latest_only_with_trigger' retrieved from /home/airflow/.local/lib/python3.12/site-packages/airflow/example_dags/example_latest_only_with_trigger.py
[2024-12-21T21:19:57.631+0000] {logging_mixin.py:190} INFO - [2024-12-21T21:19:57.631+0000] {dag.py:3239} INFO - Sync 1 DAGs
[2024-12-21T21:19:57.687+0000] {logging_mixin.py:190} INFO - [2024-12-21T21:19:57.687+0000] {dag.py:4180} INFO - Setting next_dagrun for latest_only_with_trigger to 2024-12-21 16:00:00+00:00, run_after=2024-12-21 20:00:00+00:00
[2024-12-21T21:19:57.748+0000] {processor.py:208} INFO - Processing /home/airflow/.local/lib/python3.12/site-packages/airflow/example_dags/example_latest_only_with_trigger.py took 0.189 seconds
[2024-12-21T21:20:27.949+0000] {processor.py:186} INFO - Started process (PID=5486) to work on /home/airflow/.local/lib/python3.12/site-packages/airflow/example_dags/example_latest_only_with_trigger.py
[2024-12-21T21:20:27.951+0000] {processor.py:914} INFO - Processing file /home/airflow/.local/lib/python3.12/site-packages/airflow/example_dags/example_latest_only_with_trigger.py for tasks to queue
[2024-12-21T21:20:27.957+0000] {logging_mixin.py:190} INFO - [2024-12-21T21:20:27.956+0000] {dagbag.py:588} INFO - Filling up the DagBag from /home/airflow/.local/lib/python3.12/site-packages/airflow/example_dags/example_latest_only_with_trigger.py
[2024-12-21T21:20:27.978+0000] {processor.py:925} INFO - DAG(s) 'latest_only_with_trigger' retrieved from /home/airflow/.local/lib/python3.12/site-packages/airflow/example_dags/example_latest_only_with_trigger.py
[2024-12-21T21:20:28.038+0000] {logging_mixin.py:190} INFO - [2024-12-21T21:20:28.038+0000] {dag.py:3239} INFO - Sync 1 DAGs
[2024-12-21T21:20:28.103+0000] {logging_mixin.py:190} INFO - [2024-12-21T21:20:28.102+0000] {dag.py:4180} INFO - Setting next_dagrun for latest_only_with_trigger to 2024-12-21 16:00:00+00:00, run_after=2024-12-21 20:00:00+00:00
[2024-12-21T21:20:28.173+0000] {processor.py:208} INFO - Processing /home/airflow/.local/lib/python3.12/site-packages/airflow/example_dags/example_latest_only_with_trigger.py took 0.239 seconds
[2024-12-21T21:20:58.619+0000] {processor.py:186} INFO - Started process (PID=5771) to work on /home/airflow/.local/lib/python3.12/site-packages/airflow/example_dags/example_latest_only_with_trigger.py
[2024-12-21T21:20:58.622+0000] {processor.py:914} INFO - Processing file /home/airflow/.local/lib/python3.12/site-packages/airflow/example_dags/example_latest_only_with_trigger.py for tasks to queue
[2024-12-21T21:20:58.628+0000] {logging_mixin.py:190} INFO - [2024-12-21T21:20:58.627+0000] {dagbag.py:588} INFO - Filling up the DagBag from /home/airflow/.local/lib/python3.12/site-packages/airflow/example_dags/example_latest_only_with_trigger.py
[2024-12-21T21:20:58.651+0000] {processor.py:925} INFO - DAG(s) 'latest_only_with_trigger' retrieved from /home/airflow/.local/lib/python3.12/site-packages/airflow/example_dags/example_latest_only_with_trigger.py
[2024-12-21T21:20:58.698+0000] {logging_mixin.py:190} INFO - [2024-12-21T21:20:58.697+0000] {dag.py:3239} INFO - Sync 1 DAGs
[2024-12-21T21:20:58.756+0000] {logging_mixin.py:190} INFO - [2024-12-21T21:20:58.755+0000] {dag.py:4180} INFO - Setting next_dagrun for latest_only_with_trigger to 2024-12-21 16:00:00+00:00, run_after=2024-12-21 20:00:00+00:00
[2024-12-21T21:20:58.809+0000] {processor.py:208} INFO - Processing /home/airflow/.local/lib/python3.12/site-packages/airflow/example_dags/example_latest_only_with_trigger.py took 0.204 seconds
[2024-12-21T21:21:31.146+0000] {processor.py:186} INFO - Started process (PID=6069) to work on /home/airflow/.local/lib/python3.12/site-packages/airflow/example_dags/example_latest_only_with_trigger.py
[2024-12-21T21:21:31.148+0000] {processor.py:914} INFO - Processing file /home/airflow/.local/lib/python3.12/site-packages/airflow/example_dags/example_latest_only_with_trigger.py for tasks to queue
[2024-12-21T21:21:31.154+0000] {logging_mixin.py:190} INFO - [2024-12-21T21:21:31.153+0000] {dagbag.py:588} INFO - Filling up the DagBag from /home/airflow/.local/lib/python3.12/site-packages/airflow/example_dags/example_latest_only_with_trigger.py
[2024-12-21T21:21:31.177+0000] {processor.py:925} INFO - DAG(s) 'latest_only_with_trigger' retrieved from /home/airflow/.local/lib/python3.12/site-packages/airflow/example_dags/example_latest_only_with_trigger.py
[2024-12-21T21:21:31.241+0000] {logging_mixin.py:190} INFO - [2024-12-21T21:21:31.240+0000] {dag.py:3239} INFO - Sync 1 DAGs
[2024-12-21T21:21:31.294+0000] {logging_mixin.py:190} INFO - [2024-12-21T21:21:31.293+0000] {dag.py:4180} INFO - Setting next_dagrun for latest_only_with_trigger to 2024-12-21 16:00:00+00:00, run_after=2024-12-21 20:00:00+00:00
[2024-12-21T21:21:31.367+0000] {processor.py:208} INFO - Processing /home/airflow/.local/lib/python3.12/site-packages/airflow/example_dags/example_latest_only_with_trigger.py took 0.236 seconds
[2024-12-21T21:22:02.336+0000] {processor.py:186} INFO - Started process (PID=6363) to work on /home/airflow/.local/lib/python3.12/site-packages/airflow/example_dags/example_latest_only_with_trigger.py
[2024-12-21T21:22:02.338+0000] {processor.py:914} INFO - Processing file /home/airflow/.local/lib/python3.12/site-packages/airflow/example_dags/example_latest_only_with_trigger.py for tasks to queue
[2024-12-21T21:22:02.344+0000] {logging_mixin.py:190} INFO - [2024-12-21T21:22:02.343+0000] {dagbag.py:588} INFO - Filling up the DagBag from /home/airflow/.local/lib/python3.12/site-packages/airflow/example_dags/example_latest_only_with_trigger.py
[2024-12-21T21:22:02.359+0000] {processor.py:925} INFO - DAG(s) 'latest_only_with_trigger' retrieved from /home/airflow/.local/lib/python3.12/site-packages/airflow/example_dags/example_latest_only_with_trigger.py
[2024-12-21T21:22:02.409+0000] {logging_mixin.py:190} INFO - [2024-12-21T21:22:02.408+0000] {dag.py:3239} INFO - Sync 1 DAGs
[2024-12-21T21:22:02.466+0000] {logging_mixin.py:190} INFO - [2024-12-21T21:22:02.465+0000] {dag.py:4180} INFO - Setting next_dagrun for latest_only_with_trigger to 2024-12-21 16:00:00+00:00, run_after=2024-12-21 20:00:00+00:00
[2024-12-21T21:22:02.518+0000] {processor.py:208} INFO - Processing /home/airflow/.local/lib/python3.12/site-packages/airflow/example_dags/example_latest_only_with_trigger.py took 0.193 seconds
[2024-12-21T21:22:34.117+0000] {processor.py:186} INFO - Started process (PID=6659) to work on /home/airflow/.local/lib/python3.12/site-packages/airflow/example_dags/example_latest_only_with_trigger.py
[2024-12-21T21:22:34.119+0000] {processor.py:914} INFO - Processing file /home/airflow/.local/lib/python3.12/site-packages/airflow/example_dags/example_latest_only_with_trigger.py for tasks to queue
[2024-12-21T21:22:34.124+0000] {logging_mixin.py:190} INFO - [2024-12-21T21:22:34.123+0000] {dagbag.py:588} INFO - Filling up the DagBag from /home/airflow/.local/lib/python3.12/site-packages/airflow/example_dags/example_latest_only_with_trigger.py
[2024-12-21T21:22:34.138+0000] {processor.py:925} INFO - DAG(s) 'latest_only_with_trigger' retrieved from /home/airflow/.local/lib/python3.12/site-packages/airflow/example_dags/example_latest_only_with_trigger.py
[2024-12-21T21:22:34.188+0000] {logging_mixin.py:190} INFO - [2024-12-21T21:22:34.188+0000] {dag.py:3239} INFO - Sync 1 DAGs
[2024-12-21T21:22:34.254+0000] {logging_mixin.py:190} INFO - [2024-12-21T21:22:34.253+0000] {dag.py:4180} INFO - Setting next_dagrun for latest_only_with_trigger to 2024-12-21 16:00:00+00:00, run_after=2024-12-21 20:00:00+00:00
[2024-12-21T21:22:34.304+0000] {processor.py:208} INFO - Processing /home/airflow/.local/lib/python3.12/site-packages/airflow/example_dags/example_latest_only_with_trigger.py took 0.199 seconds
[2024-12-21T21:23:04.892+0000] {processor.py:186} INFO - Started process (PID=6946) to work on /home/airflow/.local/lib/python3.12/site-packages/airflow/example_dags/example_latest_only_with_trigger.py
[2024-12-21T21:23:04.894+0000] {processor.py:914} INFO - Processing file /home/airflow/.local/lib/python3.12/site-packages/airflow/example_dags/example_latest_only_with_trigger.py for tasks to queue
[2024-12-21T21:23:04.901+0000] {logging_mixin.py:190} INFO - [2024-12-21T21:23:04.900+0000] {dagbag.py:588} INFO - Filling up the DagBag from /home/airflow/.local/lib/python3.12/site-packages/airflow/example_dags/example_latest_only_with_trigger.py
[2024-12-21T21:23:04.920+0000] {processor.py:925} INFO - DAG(s) 'latest_only_with_trigger' retrieved from /home/airflow/.local/lib/python3.12/site-packages/airflow/example_dags/example_latest_only_with_trigger.py
[2024-12-21T21:23:04.980+0000] {logging_mixin.py:190} INFO - [2024-12-21T21:23:04.979+0000] {dag.py:3239} INFO - Sync 1 DAGs
[2024-12-21T21:23:05.046+0000] {logging_mixin.py:190} INFO - [2024-12-21T21:23:05.046+0000] {dag.py:4180} INFO - Setting next_dagrun for latest_only_with_trigger to 2024-12-21 16:00:00+00:00, run_after=2024-12-21 20:00:00+00:00
[2024-12-21T21:23:05.094+0000] {processor.py:208} INFO - Processing /home/airflow/.local/lib/python3.12/site-packages/airflow/example_dags/example_latest_only_with_trigger.py took 0.217 seconds
[2024-12-21T21:23:36.012+0000] {processor.py:186} INFO - Started process (PID=7239) to work on /home/airflow/.local/lib/python3.12/site-packages/airflow/example_dags/example_latest_only_with_trigger.py
[2024-12-21T21:23:36.015+0000] {processor.py:914} INFO - Processing file /home/airflow/.local/lib/python3.12/site-packages/airflow/example_dags/example_latest_only_with_trigger.py for tasks to queue
[2024-12-21T21:23:36.022+0000] {logging_mixin.py:190} INFO - [2024-12-21T21:23:36.021+0000] {dagbag.py:588} INFO - Filling up the DagBag from /home/airflow/.local/lib/python3.12/site-packages/airflow/example_dags/example_latest_only_with_trigger.py
[2024-12-21T21:23:36.036+0000] {processor.py:925} INFO - DAG(s) 'latest_only_with_trigger' retrieved from /home/airflow/.local/lib/python3.12/site-packages/airflow/example_dags/example_latest_only_with_trigger.py
[2024-12-21T21:23:36.079+0000] {logging_mixin.py:190} INFO - [2024-12-21T21:23:36.079+0000] {dag.py:3239} INFO - Sync 1 DAGs
[2024-12-21T21:23:36.127+0000] {logging_mixin.py:190} INFO - [2024-12-21T21:23:36.127+0000] {dag.py:4180} INFO - Setting next_dagrun for latest_only_with_trigger to 2024-12-21 16:00:00+00:00, run_after=2024-12-21 20:00:00+00:00
[2024-12-21T21:23:36.175+0000] {processor.py:208} INFO - Processing /home/airflow/.local/lib/python3.12/site-packages/airflow/example_dags/example_latest_only_with_trigger.py took 0.178 seconds
[2024-12-21T21:24:06.371+0000] {processor.py:186} INFO - Started process (PID=7533) to work on /home/airflow/.local/lib/python3.12/site-packages/airflow/example_dags/example_latest_only_with_trigger.py
[2024-12-21T21:24:06.374+0000] {processor.py:914} INFO - Processing file /home/airflow/.local/lib/python3.12/site-packages/airflow/example_dags/example_latest_only_with_trigger.py for tasks to queue
[2024-12-21T21:24:06.379+0000] {logging_mixin.py:190} INFO - [2024-12-21T21:24:06.379+0000] {dagbag.py:588} INFO - Filling up the DagBag from /home/airflow/.local/lib/python3.12/site-packages/airflow/example_dags/example_latest_only_with_trigger.py
[2024-12-21T21:24:06.392+0000] {processor.py:925} INFO - DAG(s) 'latest_only_with_trigger' retrieved from /home/airflow/.local/lib/python3.12/site-packages/airflow/example_dags/example_latest_only_with_trigger.py
[2024-12-21T21:24:06.434+0000] {logging_mixin.py:190} INFO - [2024-12-21T21:24:06.434+0000] {dag.py:3239} INFO - Sync 1 DAGs
[2024-12-21T21:24:06.492+0000] {logging_mixin.py:190} INFO - [2024-12-21T21:24:06.491+0000] {dag.py:4180} INFO - Setting next_dagrun for latest_only_with_trigger to 2024-12-21 16:00:00+00:00, run_after=2024-12-21 20:00:00+00:00
[2024-12-21T21:24:06.531+0000] {processor.py:208} INFO - Processing /home/airflow/.local/lib/python3.12/site-packages/airflow/example_dags/example_latest_only_with_trigger.py took 0.170 seconds
[2024-12-21T21:26:28.148+0000] {processor.py:186} INFO - Started process (PID=240) to work on /home/airflow/.local/lib/python3.12/site-packages/airflow/example_dags/example_latest_only_with_trigger.py
[2024-12-21T21:26:28.150+0000] {processor.py:914} INFO - Processing file /home/airflow/.local/lib/python3.12/site-packages/airflow/example_dags/example_latest_only_with_trigger.py for tasks to queue
[2024-12-21T21:26:28.154+0000] {logging_mixin.py:190} INFO - [2024-12-21T21:26:28.153+0000] {dagbag.py:588} INFO - Filling up the DagBag from /home/airflow/.local/lib/python3.12/site-packages/airflow/example_dags/example_latest_only_with_trigger.py
[2024-12-21T21:26:28.175+0000] {processor.py:925} INFO - DAG(s) 'latest_only_with_trigger' retrieved from /home/airflow/.local/lib/python3.12/site-packages/airflow/example_dags/example_latest_only_with_trigger.py
[2024-12-21T21:26:28.230+0000] {logging_mixin.py:190} INFO - [2024-12-21T21:26:28.230+0000] {dag.py:3239} INFO - Sync 1 DAGs
[2024-12-21T21:26:28.277+0000] {logging_mixin.py:190} INFO - [2024-12-21T21:26:28.277+0000] {dag.py:4180} INFO - Setting next_dagrun for latest_only_with_trigger to 2024-12-21 16:00:00+00:00, run_after=2024-12-21 20:00:00+00:00
[2024-12-21T21:26:28.316+0000] {processor.py:208} INFO - Processing /home/airflow/.local/lib/python3.12/site-packages/airflow/example_dags/example_latest_only_with_trigger.py took 0.178 seconds
[2024-12-21T21:26:58.621+0000] {processor.py:186} INFO - Started process (PID=536) to work on /home/airflow/.local/lib/python3.12/site-packages/airflow/example_dags/example_latest_only_with_trigger.py
[2024-12-21T21:26:58.623+0000] {processor.py:914} INFO - Processing file /home/airflow/.local/lib/python3.12/site-packages/airflow/example_dags/example_latest_only_with_trigger.py for tasks to queue
[2024-12-21T21:26:58.627+0000] {logging_mixin.py:190} INFO - [2024-12-21T21:26:58.626+0000] {dagbag.py:588} INFO - Filling up the DagBag from /home/airflow/.local/lib/python3.12/site-packages/airflow/example_dags/example_latest_only_with_trigger.py
[2024-12-21T21:26:58.643+0000] {processor.py:925} INFO - DAG(s) 'latest_only_with_trigger' retrieved from /home/airflow/.local/lib/python3.12/site-packages/airflow/example_dags/example_latest_only_with_trigger.py
[2024-12-21T21:26:58.684+0000] {logging_mixin.py:190} INFO - [2024-12-21T21:26:58.684+0000] {dag.py:3239} INFO - Sync 1 DAGs
[2024-12-21T21:26:58.736+0000] {logging_mixin.py:190} INFO - [2024-12-21T21:26:58.735+0000] {dag.py:4180} INFO - Setting next_dagrun for latest_only_with_trigger to 2024-12-21 16:00:00+00:00, run_after=2024-12-21 20:00:00+00:00
[2024-12-21T21:26:58.779+0000] {processor.py:208} INFO - Processing /home/airflow/.local/lib/python3.12/site-packages/airflow/example_dags/example_latest_only_with_trigger.py took 0.173 seconds
[2024-12-21T21:27:29.495+0000] {processor.py:186} INFO - Started process (PID=838) to work on /home/airflow/.local/lib/python3.12/site-packages/airflow/example_dags/example_latest_only_with_trigger.py
[2024-12-21T21:27:29.497+0000] {processor.py:914} INFO - Processing file /home/airflow/.local/lib/python3.12/site-packages/airflow/example_dags/example_latest_only_with_trigger.py for tasks to queue
[2024-12-21T21:27:29.502+0000] {logging_mixin.py:190} INFO - [2024-12-21T21:27:29.501+0000] {dagbag.py:588} INFO - Filling up the DagBag from /home/airflow/.local/lib/python3.12/site-packages/airflow/example_dags/example_latest_only_with_trigger.py
[2024-12-21T21:27:29.521+0000] {processor.py:925} INFO - DAG(s) 'latest_only_with_trigger' retrieved from /home/airflow/.local/lib/python3.12/site-packages/airflow/example_dags/example_latest_only_with_trigger.py
[2024-12-21T21:27:29.565+0000] {logging_mixin.py:190} INFO - [2024-12-21T21:27:29.564+0000] {dag.py:3239} INFO - Sync 1 DAGs
[2024-12-21T21:27:29.617+0000] {logging_mixin.py:190} INFO - [2024-12-21T21:27:29.617+0000] {dag.py:4180} INFO - Setting next_dagrun for latest_only_with_trigger to 2024-12-21 16:00:00+00:00, run_after=2024-12-21 20:00:00+00:00
[2024-12-21T21:27:29.667+0000] {processor.py:208} INFO - Processing /home/airflow/.local/lib/python3.12/site-packages/airflow/example_dags/example_latest_only_with_trigger.py took 0.189 seconds
[2024-12-21T21:27:59.889+0000] {processor.py:186} INFO - Started process (PID=1136) to work on /home/airflow/.local/lib/python3.12/site-packages/airflow/example_dags/example_latest_only_with_trigger.py
[2024-12-21T21:27:59.891+0000] {processor.py:914} INFO - Processing file /home/airflow/.local/lib/python3.12/site-packages/airflow/example_dags/example_latest_only_with_trigger.py for tasks to queue
[2024-12-21T21:27:59.896+0000] {logging_mixin.py:190} INFO - [2024-12-21T21:27:59.895+0000] {dagbag.py:588} INFO - Filling up the DagBag from /home/airflow/.local/lib/python3.12/site-packages/airflow/example_dags/example_latest_only_with_trigger.py
[2024-12-21T21:27:59.915+0000] {processor.py:925} INFO - DAG(s) 'latest_only_with_trigger' retrieved from /home/airflow/.local/lib/python3.12/site-packages/airflow/example_dags/example_latest_only_with_trigger.py
[2024-12-21T21:27:59.957+0000] {logging_mixin.py:190} INFO - [2024-12-21T21:27:59.957+0000] {dag.py:3239} INFO - Sync 1 DAGs
[2024-12-21T21:28:00.007+0000] {logging_mixin.py:190} INFO - [2024-12-21T21:28:00.007+0000] {dag.py:4180} INFO - Setting next_dagrun for latest_only_with_trigger to 2024-12-21 16:00:00+00:00, run_after=2024-12-21 20:00:00+00:00
[2024-12-21T21:28:00.050+0000] {processor.py:208} INFO - Processing /home/airflow/.local/lib/python3.12/site-packages/airflow/example_dags/example_latest_only_with_trigger.py took 0.174 seconds
[2024-12-21T21:28:30.466+0000] {processor.py:186} INFO - Started process (PID=1430) to work on /home/airflow/.local/lib/python3.12/site-packages/airflow/example_dags/example_latest_only_with_trigger.py
[2024-12-21T21:28:30.468+0000] {processor.py:914} INFO - Processing file /home/airflow/.local/lib/python3.12/site-packages/airflow/example_dags/example_latest_only_with_trigger.py for tasks to queue
[2024-12-21T21:28:30.472+0000] {logging_mixin.py:190} INFO - [2024-12-21T21:28:30.471+0000] {dagbag.py:588} INFO - Filling up the DagBag from /home/airflow/.local/lib/python3.12/site-packages/airflow/example_dags/example_latest_only_with_trigger.py
[2024-12-21T21:28:30.486+0000] {processor.py:925} INFO - DAG(s) 'latest_only_with_trigger' retrieved from /home/airflow/.local/lib/python3.12/site-packages/airflow/example_dags/example_latest_only_with_trigger.py
[2024-12-21T21:28:30.528+0000] {logging_mixin.py:190} INFO - [2024-12-21T21:28:30.527+0000] {dag.py:3239} INFO - Sync 1 DAGs
[2024-12-21T21:28:30.577+0000] {logging_mixin.py:190} INFO - [2024-12-21T21:28:30.577+0000] {dag.py:4180} INFO - Setting next_dagrun for latest_only_with_trigger to 2024-12-21 16:00:00+00:00, run_after=2024-12-21 20:00:00+00:00
[2024-12-21T21:28:30.617+0000] {processor.py:208} INFO - Processing /home/airflow/.local/lib/python3.12/site-packages/airflow/example_dags/example_latest_only_with_trigger.py took 0.160 seconds
[2024-12-21T21:29:01.367+0000] {processor.py:186} INFO - Started process (PID=1726) to work on /home/airflow/.local/lib/python3.12/site-packages/airflow/example_dags/example_latest_only_with_trigger.py
[2024-12-21T21:29:01.369+0000] {processor.py:914} INFO - Processing file /home/airflow/.local/lib/python3.12/site-packages/airflow/example_dags/example_latest_only_with_trigger.py for tasks to queue
[2024-12-21T21:29:01.373+0000] {logging_mixin.py:190} INFO - [2024-12-21T21:29:01.372+0000] {dagbag.py:588} INFO - Filling up the DagBag from /home/airflow/.local/lib/python3.12/site-packages/airflow/example_dags/example_latest_only_with_trigger.py
[2024-12-21T21:29:01.386+0000] {processor.py:925} INFO - DAG(s) 'latest_only_with_trigger' retrieved from /home/airflow/.local/lib/python3.12/site-packages/airflow/example_dags/example_latest_only_with_trigger.py
[2024-12-21T21:29:01.427+0000] {logging_mixin.py:190} INFO - [2024-12-21T21:29:01.426+0000] {dag.py:3239} INFO - Sync 1 DAGs
[2024-12-21T21:29:01.478+0000] {logging_mixin.py:190} INFO - [2024-12-21T21:29:01.478+0000] {dag.py:4180} INFO - Setting next_dagrun for latest_only_with_trigger to 2024-12-21 16:00:00+00:00, run_after=2024-12-21 20:00:00+00:00
[2024-12-21T21:29:01.517+0000] {processor.py:208} INFO - Processing /home/airflow/.local/lib/python3.12/site-packages/airflow/example_dags/example_latest_only_with_trigger.py took 0.160 seconds
[2024-12-21T21:29:32.005+0000] {processor.py:186} INFO - Started process (PID=2023) to work on /home/airflow/.local/lib/python3.12/site-packages/airflow/example_dags/example_latest_only_with_trigger.py
[2024-12-21T21:29:32.007+0000] {processor.py:914} INFO - Processing file /home/airflow/.local/lib/python3.12/site-packages/airflow/example_dags/example_latest_only_with_trigger.py for tasks to queue
[2024-12-21T21:29:32.012+0000] {logging_mixin.py:190} INFO - [2024-12-21T21:29:32.011+0000] {dagbag.py:588} INFO - Filling up the DagBag from /home/airflow/.local/lib/python3.12/site-packages/airflow/example_dags/example_latest_only_with_trigger.py
[2024-12-21T21:29:32.030+0000] {processor.py:925} INFO - DAG(s) 'latest_only_with_trigger' retrieved from /home/airflow/.local/lib/python3.12/site-packages/airflow/example_dags/example_latest_only_with_trigger.py
[2024-12-21T21:29:32.081+0000] {logging_mixin.py:190} INFO - [2024-12-21T21:29:32.080+0000] {dag.py:3239} INFO - Sync 1 DAGs
[2024-12-21T21:29:32.137+0000] {logging_mixin.py:190} INFO - [2024-12-21T21:29:32.136+0000] {dag.py:4180} INFO - Setting next_dagrun for latest_only_with_trigger to 2024-12-21 16:00:00+00:00, run_after=2024-12-21 20:00:00+00:00
[2024-12-21T21:29:32.182+0000] {processor.py:208} INFO - Processing /home/airflow/.local/lib/python3.12/site-packages/airflow/example_dags/example_latest_only_with_trigger.py took 0.186 seconds
[2024-12-21T21:30:02.591+0000] {processor.py:186} INFO - Started process (PID=2319) to work on /home/airflow/.local/lib/python3.12/site-packages/airflow/example_dags/example_latest_only_with_trigger.py
[2024-12-21T21:30:02.592+0000] {processor.py:914} INFO - Processing file /home/airflow/.local/lib/python3.12/site-packages/airflow/example_dags/example_latest_only_with_trigger.py for tasks to queue
[2024-12-21T21:30:02.596+0000] {logging_mixin.py:190} INFO - [2024-12-21T21:30:02.595+0000] {dagbag.py:588} INFO - Filling up the DagBag from /home/airflow/.local/lib/python3.12/site-packages/airflow/example_dags/example_latest_only_with_trigger.py
[2024-12-21T21:30:02.610+0000] {processor.py:925} INFO - DAG(s) 'latest_only_with_trigger' retrieved from /home/airflow/.local/lib/python3.12/site-packages/airflow/example_dags/example_latest_only_with_trigger.py
[2024-12-21T21:30:02.655+0000] {logging_mixin.py:190} INFO - [2024-12-21T21:30:02.655+0000] {dag.py:3239} INFO - Sync 1 DAGs
[2024-12-21T21:30:02.709+0000] {logging_mixin.py:190} INFO - [2024-12-21T21:30:02.709+0000] {dag.py:4180} INFO - Setting next_dagrun for latest_only_with_trigger to 2024-12-21 16:00:00+00:00, run_after=2024-12-21 20:00:00+00:00
[2024-12-21T21:30:02.751+0000] {processor.py:208} INFO - Processing /home/airflow/.local/lib/python3.12/site-packages/airflow/example_dags/example_latest_only_with_trigger.py took 0.172 seconds
[2024-12-21T21:30:33.228+0000] {processor.py:186} INFO - Started process (PID=2615) to work on /home/airflow/.local/lib/python3.12/site-packages/airflow/example_dags/example_latest_only_with_trigger.py
[2024-12-21T21:30:33.230+0000] {processor.py:914} INFO - Processing file /home/airflow/.local/lib/python3.12/site-packages/airflow/example_dags/example_latest_only_with_trigger.py for tasks to queue
[2024-12-21T21:30:33.234+0000] {logging_mixin.py:190} INFO - [2024-12-21T21:30:33.234+0000] {dagbag.py:588} INFO - Filling up the DagBag from /home/airflow/.local/lib/python3.12/site-packages/airflow/example_dags/example_latest_only_with_trigger.py
[2024-12-21T21:30:33.249+0000] {processor.py:925} INFO - DAG(s) 'latest_only_with_trigger' retrieved from /home/airflow/.local/lib/python3.12/site-packages/airflow/example_dags/example_latest_only_with_trigger.py
[2024-12-21T21:30:33.289+0000] {logging_mixin.py:190} INFO - [2024-12-21T21:30:33.289+0000] {dag.py:3239} INFO - Sync 1 DAGs
[2024-12-21T21:30:33.346+0000] {logging_mixin.py:190} INFO - [2024-12-21T21:30:33.346+0000] {dag.py:4180} INFO - Setting next_dagrun for latest_only_with_trigger to 2024-12-21 16:00:00+00:00, run_after=2024-12-21 20:00:00+00:00
[2024-12-21T21:30:33.393+0000] {processor.py:208} INFO - Processing /home/airflow/.local/lib/python3.12/site-packages/airflow/example_dags/example_latest_only_with_trigger.py took 0.176 seconds
[2024-12-21T21:31:03.549+0000] {processor.py:186} INFO - Started process (PID=2911) to work on /home/airflow/.local/lib/python3.12/site-packages/airflow/example_dags/example_latest_only_with_trigger.py
[2024-12-21T21:31:03.551+0000] {processor.py:914} INFO - Processing file /home/airflow/.local/lib/python3.12/site-packages/airflow/example_dags/example_latest_only_with_trigger.py for tasks to queue
[2024-12-21T21:31:03.556+0000] {logging_mixin.py:190} INFO - [2024-12-21T21:31:03.555+0000] {dagbag.py:588} INFO - Filling up the DagBag from /home/airflow/.local/lib/python3.12/site-packages/airflow/example_dags/example_latest_only_with_trigger.py
[2024-12-21T21:31:03.572+0000] {processor.py:925} INFO - DAG(s) 'latest_only_with_trigger' retrieved from /home/airflow/.local/lib/python3.12/site-packages/airflow/example_dags/example_latest_only_with_trigger.py
[2024-12-21T21:31:03.622+0000] {logging_mixin.py:190} INFO - [2024-12-21T21:31:03.621+0000] {dag.py:3239} INFO - Sync 1 DAGs
[2024-12-21T21:31:03.681+0000] {logging_mixin.py:190} INFO - [2024-12-21T21:31:03.681+0000] {dag.py:4180} INFO - Setting next_dagrun for latest_only_with_trigger to 2024-12-21 16:00:00+00:00, run_after=2024-12-21 20:00:00+00:00
[2024-12-21T21:31:03.720+0000] {processor.py:208} INFO - Processing /home/airflow/.local/lib/python3.12/site-packages/airflow/example_dags/example_latest_only_with_trigger.py took 0.182 seconds
[2024-12-21T21:31:34.204+0000] {processor.py:186} INFO - Started process (PID=3208) to work on /home/airflow/.local/lib/python3.12/site-packages/airflow/example_dags/example_latest_only_with_trigger.py
[2024-12-21T21:31:34.206+0000] {processor.py:914} INFO - Processing file /home/airflow/.local/lib/python3.12/site-packages/airflow/example_dags/example_latest_only_with_trigger.py for tasks to queue
[2024-12-21T21:31:34.210+0000] {logging_mixin.py:190} INFO - [2024-12-21T21:31:34.209+0000] {dagbag.py:588} INFO - Filling up the DagBag from /home/airflow/.local/lib/python3.12/site-packages/airflow/example_dags/example_latest_only_with_trigger.py
[2024-12-21T21:31:34.225+0000] {processor.py:925} INFO - DAG(s) 'latest_only_with_trigger' retrieved from /home/airflow/.local/lib/python3.12/site-packages/airflow/example_dags/example_latest_only_with_trigger.py
[2024-12-21T21:31:34.263+0000] {logging_mixin.py:190} INFO - [2024-12-21T21:31:34.263+0000] {dag.py:3239} INFO - Sync 1 DAGs
[2024-12-21T21:31:34.314+0000] {logging_mixin.py:190} INFO - [2024-12-21T21:31:34.313+0000] {dag.py:4180} INFO - Setting next_dagrun for latest_only_with_trigger to 2024-12-21 16:00:00+00:00, run_after=2024-12-21 20:00:00+00:00
[2024-12-21T21:31:34.378+0000] {processor.py:208} INFO - Processing /home/airflow/.local/lib/python3.12/site-packages/airflow/example_dags/example_latest_only_with_trigger.py took 0.189 seconds
[2024-12-21T21:32:04.724+0000] {processor.py:186} INFO - Started process (PID=3504) to work on /home/airflow/.local/lib/python3.12/site-packages/airflow/example_dags/example_latest_only_with_trigger.py
[2024-12-21T21:32:04.726+0000] {processor.py:914} INFO - Processing file /home/airflow/.local/lib/python3.12/site-packages/airflow/example_dags/example_latest_only_with_trigger.py for tasks to queue
[2024-12-21T21:32:04.731+0000] {logging_mixin.py:190} INFO - [2024-12-21T21:32:04.730+0000] {dagbag.py:588} INFO - Filling up the DagBag from /home/airflow/.local/lib/python3.12/site-packages/airflow/example_dags/example_latest_only_with_trigger.py
[2024-12-21T21:32:04.744+0000] {processor.py:925} INFO - DAG(s) 'latest_only_with_trigger' retrieved from /home/airflow/.local/lib/python3.12/site-packages/airflow/example_dags/example_latest_only_with_trigger.py
[2024-12-21T21:32:04.791+0000] {logging_mixin.py:190} INFO - [2024-12-21T21:32:04.790+0000] {dag.py:3239} INFO - Sync 1 DAGs
[2024-12-21T21:32:04.848+0000] {logging_mixin.py:190} INFO - [2024-12-21T21:32:04.847+0000] {dag.py:4180} INFO - Setting next_dagrun for latest_only_with_trigger to 2024-12-21 16:00:00+00:00, run_after=2024-12-21 20:00:00+00:00
[2024-12-21T21:32:04.889+0000] {processor.py:208} INFO - Processing /home/airflow/.local/lib/python3.12/site-packages/airflow/example_dags/example_latest_only_with_trigger.py took 0.174 seconds
[2024-12-21T21:32:35.102+0000] {processor.py:186} INFO - Started process (PID=3800) to work on /home/airflow/.local/lib/python3.12/site-packages/airflow/example_dags/example_latest_only_with_trigger.py
[2024-12-21T21:32:35.104+0000] {processor.py:914} INFO - Processing file /home/airflow/.local/lib/python3.12/site-packages/airflow/example_dags/example_latest_only_with_trigger.py for tasks to queue
[2024-12-21T21:32:35.108+0000] {logging_mixin.py:190} INFO - [2024-12-21T21:32:35.107+0000] {dagbag.py:588} INFO - Filling up the DagBag from /home/airflow/.local/lib/python3.12/site-packages/airflow/example_dags/example_latest_only_with_trigger.py
[2024-12-21T21:32:35.121+0000] {processor.py:925} INFO - DAG(s) 'latest_only_with_trigger' retrieved from /home/airflow/.local/lib/python3.12/site-packages/airflow/example_dags/example_latest_only_with_trigger.py
[2024-12-21T21:32:35.158+0000] {logging_mixin.py:190} INFO - [2024-12-21T21:32:35.158+0000] {dag.py:3239} INFO - Sync 1 DAGs
[2024-12-21T21:32:35.208+0000] {logging_mixin.py:190} INFO - [2024-12-21T21:32:35.208+0000] {dag.py:4180} INFO - Setting next_dagrun for latest_only_with_trigger to 2024-12-21 16:00:00+00:00, run_after=2024-12-21 20:00:00+00:00
[2024-12-21T21:32:35.247+0000] {processor.py:208} INFO - Processing /home/airflow/.local/lib/python3.12/site-packages/airflow/example_dags/example_latest_only_with_trigger.py took 0.155 seconds
[2024-12-21T21:33:06.180+0000] {processor.py:186} INFO - Started process (PID=4096) to work on /home/airflow/.local/lib/python3.12/site-packages/airflow/example_dags/example_latest_only_with_trigger.py
[2024-12-21T21:33:06.182+0000] {processor.py:914} INFO - Processing file /home/airflow/.local/lib/python3.12/site-packages/airflow/example_dags/example_latest_only_with_trigger.py for tasks to queue
[2024-12-21T21:33:06.186+0000] {logging_mixin.py:190} INFO - [2024-12-21T21:33:06.186+0000] {dagbag.py:588} INFO - Filling up the DagBag from /home/airflow/.local/lib/python3.12/site-packages/airflow/example_dags/example_latest_only_with_trigger.py
[2024-12-21T21:33:06.204+0000] {processor.py:925} INFO - DAG(s) 'latest_only_with_trigger' retrieved from /home/airflow/.local/lib/python3.12/site-packages/airflow/example_dags/example_latest_only_with_trigger.py
[2024-12-21T21:33:06.244+0000] {logging_mixin.py:190} INFO - [2024-12-21T21:33:06.244+0000] {dag.py:3239} INFO - Sync 1 DAGs
[2024-12-21T21:33:06.298+0000] {logging_mixin.py:190} INFO - [2024-12-21T21:33:06.297+0000] {dag.py:4180} INFO - Setting next_dagrun for latest_only_with_trigger to 2024-12-21 16:00:00+00:00, run_after=2024-12-21 20:00:00+00:00
[2024-12-21T21:33:06.344+0000] {processor.py:208} INFO - Processing /home/airflow/.local/lib/python3.12/site-packages/airflow/example_dags/example_latest_only_with_trigger.py took 0.174 seconds
[2024-12-21T21:33:36.971+0000] {processor.py:186} INFO - Started process (PID=4392) to work on /home/airflow/.local/lib/python3.12/site-packages/airflow/example_dags/example_latest_only_with_trigger.py
[2024-12-21T21:33:36.974+0000] {processor.py:914} INFO - Processing file /home/airflow/.local/lib/python3.12/site-packages/airflow/example_dags/example_latest_only_with_trigger.py for tasks to queue
[2024-12-21T21:33:36.979+0000] {logging_mixin.py:190} INFO - [2024-12-21T21:33:36.978+0000] {dagbag.py:588} INFO - Filling up the DagBag from /home/airflow/.local/lib/python3.12/site-packages/airflow/example_dags/example_latest_only_with_trigger.py
[2024-12-21T21:33:36.992+0000] {processor.py:925} INFO - DAG(s) 'latest_only_with_trigger' retrieved from /home/airflow/.local/lib/python3.12/site-packages/airflow/example_dags/example_latest_only_with_trigger.py
[2024-12-21T21:33:37.032+0000] {logging_mixin.py:190} INFO - [2024-12-21T21:33:37.031+0000] {dag.py:3239} INFO - Sync 1 DAGs
[2024-12-21T21:33:37.087+0000] {logging_mixin.py:190} INFO - [2024-12-21T21:33:37.087+0000] {dag.py:4180} INFO - Setting next_dagrun for latest_only_with_trigger to 2024-12-21 16:00:00+00:00, run_after=2024-12-21 20:00:00+00:00
[2024-12-21T21:33:37.126+0000] {processor.py:208} INFO - Processing /home/airflow/.local/lib/python3.12/site-packages/airflow/example_dags/example_latest_only_with_trigger.py took 0.173 seconds
[2024-12-21T21:34:07.883+0000] {processor.py:186} INFO - Started process (PID=4688) to work on /home/airflow/.local/lib/python3.12/site-packages/airflow/example_dags/example_latest_only_with_trigger.py
[2024-12-21T21:34:07.885+0000] {processor.py:914} INFO - Processing file /home/airflow/.local/lib/python3.12/site-packages/airflow/example_dags/example_latest_only_with_trigger.py for tasks to queue
[2024-12-21T21:34:07.889+0000] {logging_mixin.py:190} INFO - [2024-12-21T21:34:07.888+0000] {dagbag.py:588} INFO - Filling up the DagBag from /home/airflow/.local/lib/python3.12/site-packages/airflow/example_dags/example_latest_only_with_trigger.py
[2024-12-21T21:34:07.902+0000] {processor.py:925} INFO - DAG(s) 'latest_only_with_trigger' retrieved from /home/airflow/.local/lib/python3.12/site-packages/airflow/example_dags/example_latest_only_with_trigger.py
[2024-12-21T21:34:07.941+0000] {logging_mixin.py:190} INFO - [2024-12-21T21:34:07.941+0000] {dag.py:3239} INFO - Sync 1 DAGs
[2024-12-21T21:34:07.993+0000] {logging_mixin.py:190} INFO - [2024-12-21T21:34:07.993+0000] {dag.py:4180} INFO - Setting next_dagrun for latest_only_with_trigger to 2024-12-21 16:00:00+00:00, run_after=2024-12-21 20:00:00+00:00
[2024-12-21T21:34:08.046+0000] {processor.py:208} INFO - Processing /home/airflow/.local/lib/python3.12/site-packages/airflow/example_dags/example_latest_only_with_trigger.py took 0.175 seconds
[2024-12-21T21:34:38.404+0000] {processor.py:186} INFO - Started process (PID=4985) to work on /home/airflow/.local/lib/python3.12/site-packages/airflow/example_dags/example_latest_only_with_trigger.py
[2024-12-21T21:34:38.406+0000] {processor.py:914} INFO - Processing file /home/airflow/.local/lib/python3.12/site-packages/airflow/example_dags/example_latest_only_with_trigger.py for tasks to queue
[2024-12-21T21:34:38.411+0000] {logging_mixin.py:190} INFO - [2024-12-21T21:34:38.410+0000] {dagbag.py:588} INFO - Filling up the DagBag from /home/airflow/.local/lib/python3.12/site-packages/airflow/example_dags/example_latest_only_with_trigger.py
[2024-12-21T21:34:38.429+0000] {processor.py:925} INFO - DAG(s) 'latest_only_with_trigger' retrieved from /home/airflow/.local/lib/python3.12/site-packages/airflow/example_dags/example_latest_only_with_trigger.py
[2024-12-21T21:34:38.476+0000] {logging_mixin.py:190} INFO - [2024-12-21T21:34:38.475+0000] {dag.py:3239} INFO - Sync 1 DAGs
[2024-12-21T21:34:38.531+0000] {logging_mixin.py:190} INFO - [2024-12-21T21:34:38.531+0000] {dag.py:4180} INFO - Setting next_dagrun for latest_only_with_trigger to 2024-12-21 16:00:00+00:00, run_after=2024-12-21 20:00:00+00:00
[2024-12-21T21:34:38.573+0000] {processor.py:208} INFO - Processing /home/airflow/.local/lib/python3.12/site-packages/airflow/example_dags/example_latest_only_with_trigger.py took 0.179 seconds
[2024-12-21T21:35:09.824+0000] {processor.py:186} INFO - Started process (PID=5281) to work on /home/airflow/.local/lib/python3.12/site-packages/airflow/example_dags/example_latest_only_with_trigger.py
[2024-12-21T21:35:09.826+0000] {processor.py:914} INFO - Processing file /home/airflow/.local/lib/python3.12/site-packages/airflow/example_dags/example_latest_only_with_trigger.py for tasks to queue
[2024-12-21T21:35:09.830+0000] {logging_mixin.py:190} INFO - [2024-12-21T21:35:09.830+0000] {dagbag.py:588} INFO - Filling up the DagBag from /home/airflow/.local/lib/python3.12/site-packages/airflow/example_dags/example_latest_only_with_trigger.py
[2024-12-21T21:35:09.845+0000] {processor.py:925} INFO - DAG(s) 'latest_only_with_trigger' retrieved from /home/airflow/.local/lib/python3.12/site-packages/airflow/example_dags/example_latest_only_with_trigger.py
[2024-12-21T21:35:09.887+0000] {logging_mixin.py:190} INFO - [2024-12-21T21:35:09.887+0000] {dag.py:3239} INFO - Sync 1 DAGs
[2024-12-21T21:35:09.936+0000] {logging_mixin.py:190} INFO - [2024-12-21T21:35:09.935+0000] {dag.py:4180} INFO - Setting next_dagrun for latest_only_with_trigger to 2024-12-21 16:00:00+00:00, run_after=2024-12-21 20:00:00+00:00
[2024-12-21T21:35:09.976+0000] {processor.py:208} INFO - Processing /home/airflow/.local/lib/python3.12/site-packages/airflow/example_dags/example_latest_only_with_trigger.py took 0.166 seconds
[2024-12-21T21:35:41.666+0000] {processor.py:186} INFO - Started process (PID=5567) to work on /home/airflow/.local/lib/python3.12/site-packages/airflow/example_dags/example_latest_only_with_trigger.py
[2024-12-21T21:35:41.668+0000] {processor.py:914} INFO - Processing file /home/airflow/.local/lib/python3.12/site-packages/airflow/example_dags/example_latest_only_with_trigger.py for tasks to queue
[2024-12-21T21:35:41.672+0000] {logging_mixin.py:190} INFO - [2024-12-21T21:35:41.672+0000] {dagbag.py:588} INFO - Filling up the DagBag from /home/airflow/.local/lib/python3.12/site-packages/airflow/example_dags/example_latest_only_with_trigger.py
[2024-12-21T21:35:41.693+0000] {processor.py:925} INFO - DAG(s) 'latest_only_with_trigger' retrieved from /home/airflow/.local/lib/python3.12/site-packages/airflow/example_dags/example_latest_only_with_trigger.py
[2024-12-21T21:35:41.751+0000] {logging_mixin.py:190} INFO - [2024-12-21T21:35:41.750+0000] {dag.py:3239} INFO - Sync 1 DAGs
[2024-12-21T21:35:41.819+0000] {logging_mixin.py:190} INFO - [2024-12-21T21:35:41.819+0000] {dag.py:4180} INFO - Setting next_dagrun for latest_only_with_trigger to 2024-12-21 16:00:00+00:00, run_after=2024-12-21 20:00:00+00:00
[2024-12-21T21:35:41.872+0000] {processor.py:208} INFO - Processing /home/airflow/.local/lib/python3.12/site-packages/airflow/example_dags/example_latest_only_with_trigger.py took 0.223 seconds
[2024-12-21T21:36:13.488+0000] {processor.py:186} INFO - Started process (PID=5863) to work on /home/airflow/.local/lib/python3.12/site-packages/airflow/example_dags/example_latest_only_with_trigger.py
[2024-12-21T21:36:13.490+0000] {processor.py:914} INFO - Processing file /home/airflow/.local/lib/python3.12/site-packages/airflow/example_dags/example_latest_only_with_trigger.py for tasks to queue
[2024-12-21T21:36:13.495+0000] {logging_mixin.py:190} INFO - [2024-12-21T21:36:13.494+0000] {dagbag.py:588} INFO - Filling up the DagBag from /home/airflow/.local/lib/python3.12/site-packages/airflow/example_dags/example_latest_only_with_trigger.py
[2024-12-21T21:36:13.509+0000] {processor.py:925} INFO - DAG(s) 'latest_only_with_trigger' retrieved from /home/airflow/.local/lib/python3.12/site-packages/airflow/example_dags/example_latest_only_with_trigger.py
[2024-12-21T21:36:13.557+0000] {logging_mixin.py:190} INFO - [2024-12-21T21:36:13.557+0000] {dag.py:3239} INFO - Sync 1 DAGs
[2024-12-21T21:36:13.613+0000] {logging_mixin.py:190} INFO - [2024-12-21T21:36:13.613+0000] {dag.py:4180} INFO - Setting next_dagrun for latest_only_with_trigger to 2024-12-21 16:00:00+00:00, run_after=2024-12-21 20:00:00+00:00
[2024-12-21T21:36:13.667+0000] {processor.py:208} INFO - Processing /home/airflow/.local/lib/python3.12/site-packages/airflow/example_dags/example_latest_only_with_trigger.py took 0.191 seconds
[2024-12-21T21:36:44.836+0000] {processor.py:186} INFO - Started process (PID=6159) to work on /home/airflow/.local/lib/python3.12/site-packages/airflow/example_dags/example_latest_only_with_trigger.py
[2024-12-21T21:36:44.839+0000] {processor.py:914} INFO - Processing file /home/airflow/.local/lib/python3.12/site-packages/airflow/example_dags/example_latest_only_with_trigger.py for tasks to queue
[2024-12-21T21:36:44.843+0000] {logging_mixin.py:190} INFO - [2024-12-21T21:36:44.842+0000] {dagbag.py:588} INFO - Filling up the DagBag from /home/airflow/.local/lib/python3.12/site-packages/airflow/example_dags/example_latest_only_with_trigger.py
[2024-12-21T21:36:44.861+0000] {processor.py:925} INFO - DAG(s) 'latest_only_with_trigger' retrieved from /home/airflow/.local/lib/python3.12/site-packages/airflow/example_dags/example_latest_only_with_trigger.py
[2024-12-21T21:36:44.902+0000] {logging_mixin.py:190} INFO - [2024-12-21T21:36:44.901+0000] {dag.py:3239} INFO - Sync 1 DAGs
[2024-12-21T21:36:44.948+0000] {logging_mixin.py:190} INFO - [2024-12-21T21:36:44.948+0000] {dag.py:4180} INFO - Setting next_dagrun for latest_only_with_trigger to 2024-12-21 16:00:00+00:00, run_after=2024-12-21 20:00:00+00:00
[2024-12-21T21:36:44.987+0000] {processor.py:208} INFO - Processing /home/airflow/.local/lib/python3.12/site-packages/airflow/example_dags/example_latest_only_with_trigger.py took 0.164 seconds
[2024-12-21T21:37:16.322+0000] {processor.py:186} INFO - Started process (PID=6450) to work on /home/airflow/.local/lib/python3.12/site-packages/airflow/example_dags/example_latest_only_with_trigger.py
[2024-12-21T21:37:16.325+0000] {processor.py:914} INFO - Processing file /home/airflow/.local/lib/python3.12/site-packages/airflow/example_dags/example_latest_only_with_trigger.py for tasks to queue
[2024-12-21T21:37:16.329+0000] {logging_mixin.py:190} INFO - [2024-12-21T21:37:16.329+0000] {dagbag.py:588} INFO - Filling up the DagBag from /home/airflow/.local/lib/python3.12/site-packages/airflow/example_dags/example_latest_only_with_trigger.py
[2024-12-21T21:37:16.343+0000] {processor.py:925} INFO - DAG(s) 'latest_only_with_trigger' retrieved from /home/airflow/.local/lib/python3.12/site-packages/airflow/example_dags/example_latest_only_with_trigger.py
[2024-12-21T21:37:16.382+0000] {logging_mixin.py:190} INFO - [2024-12-21T21:37:16.381+0000] {dag.py:3239} INFO - Sync 1 DAGs
[2024-12-21T21:37:16.439+0000] {logging_mixin.py:190} INFO - [2024-12-21T21:37:16.438+0000] {dag.py:4180} INFO - Setting next_dagrun for latest_only_with_trigger to 2024-12-21 16:00:00+00:00, run_after=2024-12-21 20:00:00+00:00
[2024-12-21T21:37:16.475+0000] {processor.py:208} INFO - Processing /home/airflow/.local/lib/python3.12/site-packages/airflow/example_dags/example_latest_only_with_trigger.py took 0.162 seconds
[2024-12-21T21:37:46.795+0000] {processor.py:186} INFO - Started process (PID=6731) to work on /home/airflow/.local/lib/python3.12/site-packages/airflow/example_dags/example_latest_only_with_trigger.py
[2024-12-21T21:37:46.798+0000] {processor.py:914} INFO - Processing file /home/airflow/.local/lib/python3.12/site-packages/airflow/example_dags/example_latest_only_with_trigger.py for tasks to queue
[2024-12-21T21:37:46.803+0000] {logging_mixin.py:190} INFO - [2024-12-21T21:37:46.803+0000] {dagbag.py:588} INFO - Filling up the DagBag from /home/airflow/.local/lib/python3.12/site-packages/airflow/example_dags/example_latest_only_with_trigger.py
[2024-12-21T21:37:46.821+0000] {processor.py:925} INFO - DAG(s) 'latest_only_with_trigger' retrieved from /home/airflow/.local/lib/python3.12/site-packages/airflow/example_dags/example_latest_only_with_trigger.py
[2024-12-21T21:37:46.877+0000] {logging_mixin.py:190} INFO - [2024-12-21T21:37:46.876+0000] {dag.py:3239} INFO - Sync 1 DAGs
[2024-12-21T21:37:46.943+0000] {logging_mixin.py:190} INFO - [2024-12-21T21:37:46.943+0000] {dag.py:4180} INFO - Setting next_dagrun for latest_only_with_trigger to 2024-12-21 16:00:00+00:00, run_after=2024-12-21 20:00:00+00:00
[2024-12-21T21:37:46.992+0000] {processor.py:208} INFO - Processing /home/airflow/.local/lib/python3.12/site-packages/airflow/example_dags/example_latest_only_with_trigger.py took 0.210 seconds
[2024-12-21T21:38:17.552+0000] {processor.py:186} INFO - Started process (PID=7017) to work on /home/airflow/.local/lib/python3.12/site-packages/airflow/example_dags/example_latest_only_with_trigger.py
[2024-12-21T21:38:17.554+0000] {processor.py:914} INFO - Processing file /home/airflow/.local/lib/python3.12/site-packages/airflow/example_dags/example_latest_only_with_trigger.py for tasks to queue
[2024-12-21T21:38:17.560+0000] {logging_mixin.py:190} INFO - [2024-12-21T21:38:17.559+0000] {dagbag.py:588} INFO - Filling up the DagBag from /home/airflow/.local/lib/python3.12/site-packages/airflow/example_dags/example_latest_only_with_trigger.py
[2024-12-21T21:38:17.581+0000] {processor.py:925} INFO - DAG(s) 'latest_only_with_trigger' retrieved from /home/airflow/.local/lib/python3.12/site-packages/airflow/example_dags/example_latest_only_with_trigger.py
[2024-12-21T21:38:17.631+0000] {logging_mixin.py:190} INFO - [2024-12-21T21:38:17.630+0000] {dag.py:3239} INFO - Sync 1 DAGs
[2024-12-21T21:38:17.689+0000] {logging_mixin.py:190} INFO - [2024-12-21T21:38:17.688+0000] {dag.py:4180} INFO - Setting next_dagrun for latest_only_with_trigger to 2024-12-21 16:00:00+00:00, run_after=2024-12-21 20:00:00+00:00
[2024-12-21T21:38:17.735+0000] {processor.py:208} INFO - Processing /home/airflow/.local/lib/python3.12/site-packages/airflow/example_dags/example_latest_only_with_trigger.py took 0.199 seconds
[2024-12-21T21:38:48.733+0000] {processor.py:186} INFO - Started process (PID=7313) to work on /home/airflow/.local/lib/python3.12/site-packages/airflow/example_dags/example_latest_only_with_trigger.py
[2024-12-21T21:38:48.736+0000] {processor.py:914} INFO - Processing file /home/airflow/.local/lib/python3.12/site-packages/airflow/example_dags/example_latest_only_with_trigger.py for tasks to queue
[2024-12-21T21:38:48.741+0000] {logging_mixin.py:190} INFO - [2024-12-21T21:38:48.740+0000] {dagbag.py:588} INFO - Filling up the DagBag from /home/airflow/.local/lib/python3.12/site-packages/airflow/example_dags/example_latest_only_with_trigger.py
[2024-12-21T21:38:48.763+0000] {processor.py:925} INFO - DAG(s) 'latest_only_with_trigger' retrieved from /home/airflow/.local/lib/python3.12/site-packages/airflow/example_dags/example_latest_only_with_trigger.py
[2024-12-21T21:38:48.828+0000] {logging_mixin.py:190} INFO - [2024-12-21T21:38:48.827+0000] {dag.py:3239} INFO - Sync 1 DAGs
[2024-12-21T21:38:48.903+0000] {logging_mixin.py:190} INFO - [2024-12-21T21:38:48.902+0000] {dag.py:4180} INFO - Setting next_dagrun for latest_only_with_trigger to 2024-12-21 16:00:00+00:00, run_after=2024-12-21 20:00:00+00:00
[2024-12-21T21:38:48.955+0000] {processor.py:208} INFO - Processing /home/airflow/.local/lib/python3.12/site-packages/airflow/example_dags/example_latest_only_with_trigger.py took 0.237 seconds
[2024-12-21T21:39:19.259+0000] {processor.py:186} INFO - Started process (PID=7594) to work on /home/airflow/.local/lib/python3.12/site-packages/airflow/example_dags/example_latest_only_with_trigger.py
[2024-12-21T21:39:19.261+0000] {processor.py:914} INFO - Processing file /home/airflow/.local/lib/python3.12/site-packages/airflow/example_dags/example_latest_only_with_trigger.py for tasks to queue
[2024-12-21T21:39:19.269+0000] {logging_mixin.py:190} INFO - [2024-12-21T21:39:19.268+0000] {dagbag.py:588} INFO - Filling up the DagBag from /home/airflow/.local/lib/python3.12/site-packages/airflow/example_dags/example_latest_only_with_trigger.py
[2024-12-21T21:39:19.295+0000] {processor.py:925} INFO - DAG(s) 'latest_only_with_trigger' retrieved from /home/airflow/.local/lib/python3.12/site-packages/airflow/example_dags/example_latest_only_with_trigger.py
[2024-12-21T21:39:19.376+0000] {logging_mixin.py:190} INFO - [2024-12-21T21:39:19.375+0000] {dag.py:3239} INFO - Sync 1 DAGs
[2024-12-21T21:39:19.454+0000] {logging_mixin.py:190} INFO - [2024-12-21T21:39:19.453+0000] {dag.py:4180} INFO - Setting next_dagrun for latest_only_with_trigger to 2024-12-21 16:00:00+00:00, run_after=2024-12-21 20:00:00+00:00
[2024-12-21T21:39:19.516+0000] {processor.py:208} INFO - Processing /home/airflow/.local/lib/python3.12/site-packages/airflow/example_dags/example_latest_only_with_trigger.py took 0.278 seconds
[2024-12-21T21:39:49.662+0000] {processor.py:186} INFO - Started process (PID=7887) to work on /home/airflow/.local/lib/python3.12/site-packages/airflow/example_dags/example_latest_only_with_trigger.py
[2024-12-21T21:39:49.665+0000] {processor.py:914} INFO - Processing file /home/airflow/.local/lib/python3.12/site-packages/airflow/example_dags/example_latest_only_with_trigger.py for tasks to queue
[2024-12-21T21:39:49.671+0000] {logging_mixin.py:190} INFO - [2024-12-21T21:39:49.670+0000] {dagbag.py:588} INFO - Filling up the DagBag from /home/airflow/.local/lib/python3.12/site-packages/airflow/example_dags/example_latest_only_with_trigger.py
[2024-12-21T21:39:49.690+0000] {processor.py:925} INFO - DAG(s) 'latest_only_with_trigger' retrieved from /home/airflow/.local/lib/python3.12/site-packages/airflow/example_dags/example_latest_only_with_trigger.py
[2024-12-21T21:39:49.747+0000] {logging_mixin.py:190} INFO - [2024-12-21T21:39:49.746+0000] {dag.py:3239} INFO - Sync 1 DAGs
[2024-12-21T21:39:49.822+0000] {logging_mixin.py:190} INFO - [2024-12-21T21:39:49.821+0000] {dag.py:4180} INFO - Setting next_dagrun for latest_only_with_trigger to 2024-12-21 16:00:00+00:00, run_after=2024-12-21 20:00:00+00:00
[2024-12-21T21:39:49.902+0000] {processor.py:208} INFO - Processing /home/airflow/.local/lib/python3.12/site-packages/airflow/example_dags/example_latest_only_with_trigger.py took 0.254 seconds
[2024-12-21T21:40:20.072+0000] {processor.py:186} INFO - Started process (PID=8181) to work on /home/airflow/.local/lib/python3.12/site-packages/airflow/example_dags/example_latest_only_with_trigger.py
[2024-12-21T21:40:20.075+0000] {processor.py:914} INFO - Processing file /home/airflow/.local/lib/python3.12/site-packages/airflow/example_dags/example_latest_only_with_trigger.py for tasks to queue
[2024-12-21T21:40:20.081+0000] {logging_mixin.py:190} INFO - [2024-12-21T21:40:20.080+0000] {dagbag.py:588} INFO - Filling up the DagBag from /home/airflow/.local/lib/python3.12/site-packages/airflow/example_dags/example_latest_only_with_trigger.py
[2024-12-21T21:40:20.100+0000] {processor.py:925} INFO - DAG(s) 'latest_only_with_trigger' retrieved from /home/airflow/.local/lib/python3.12/site-packages/airflow/example_dags/example_latest_only_with_trigger.py
[2024-12-21T21:40:20.157+0000] {logging_mixin.py:190} INFO - [2024-12-21T21:40:20.156+0000] {dag.py:3239} INFO - Sync 1 DAGs
[2024-12-21T21:40:20.228+0000] {logging_mixin.py:190} INFO - [2024-12-21T21:40:20.227+0000] {dag.py:4180} INFO - Setting next_dagrun for latest_only_with_trigger to 2024-12-21 16:00:00+00:00, run_after=2024-12-21 20:00:00+00:00
[2024-12-21T21:40:20.283+0000] {processor.py:208} INFO - Processing /home/airflow/.local/lib/python3.12/site-packages/airflow/example_dags/example_latest_only_with_trigger.py took 0.226 seconds
