[2024-12-21T21:11:20.353+0000] {processor.py:186} INFO - Started process (PID=327) to work on /home/airflow/.local/lib/python3.12/site-packages/airflow/example_dags/example_xcom.py
[2024-12-21T21:11:20.354+0000] {processor.py:914} INFO - Processing file /home/airflow/.local/lib/python3.12/site-packages/airflow/example_dags/example_xcom.py for tasks to queue
[2024-12-21T21:11:20.359+0000] {logging_mixin.py:190} INFO - [2024-12-21T21:11:20.359+0000] {dagbag.py:588} INFO - Filling up the DagBag from /home/airflow/.local/lib/python3.12/site-packages/airflow/example_dags/example_xcom.py
[2024-12-21T21:11:20.383+0000] {processor.py:925} INFO - DAG(s) 'example_xcom' retrieved from /home/airflow/.local/lib/python3.12/site-packages/airflow/example_dags/example_xcom.py
[2024-12-21T21:11:20.628+0000] {logging_mixin.py:190} INFO - [2024-12-21T21:11:20.627+0000] {override.py:1911} INFO - Created Permission View: can delete on DAG:example_xcom
[2024-12-21T21:11:20.651+0000] {logging_mixin.py:190} INFO - [2024-12-21T21:11:20.650+0000] {override.py:1911} INFO - Created Permission View: can edit on DAG:example_xcom
[2024-12-21T21:11:20.667+0000] {logging_mixin.py:190} INFO - [2024-12-21T21:11:20.666+0000] {override.py:1911} INFO - Created Permission View: can read on DAG:example_xcom
[2024-12-21T21:11:20.683+0000] {logging_mixin.py:190} INFO - [2024-12-21T21:11:20.683+0000] {override.py:1911} INFO - Created Permission View: can delete on DAG Run:example_xcom
[2024-12-21T21:11:20.699+0000] {logging_mixin.py:190} INFO - [2024-12-21T21:11:20.698+0000] {override.py:1911} INFO - Created Permission View: can read on DAG Run:example_xcom
[2024-12-21T21:11:20.714+0000] {logging_mixin.py:190} INFO - [2024-12-21T21:11:20.713+0000] {override.py:1911} INFO - Created Permission View: can create on DAG Run:example_xcom
[2024-12-21T21:11:20.730+0000] {logging_mixin.py:190} INFO - [2024-12-21T21:11:20.730+0000] {override.py:1911} INFO - Created Permission View: menu access on DAG Run:example_xcom
[2024-12-21T21:11:20.732+0000] {logging_mixin.py:190} INFO - [2024-12-21T21:11:20.731+0000] {dag.py:3239} INFO - Sync 1 DAGs
[2024-12-21T21:11:20.757+0000] {logging_mixin.py:190} INFO - [2024-12-21T21:11:20.756+0000] {dag.py:3262} INFO - Creating ORM DAG for example_xcom
[2024-12-21T21:11:20.777+0000] {logging_mixin.py:190} INFO - [2024-12-21T21:11:20.776+0000] {dag.py:4180} INFO - Setting next_dagrun for example_xcom to 2021-01-01 00:00:00+00:00, run_after=2021-01-01 00:00:00+00:00
[2024-12-21T21:11:20.817+0000] {processor.py:208} INFO - Processing /home/airflow/.local/lib/python3.12/site-packages/airflow/example_dags/example_xcom.py took 0.476 seconds
[2024-12-21T21:11:51.428+0000] {processor.py:186} INFO - Started process (PID=623) to work on /home/airflow/.local/lib/python3.12/site-packages/airflow/example_dags/example_xcom.py
[2024-12-21T21:11:51.430+0000] {processor.py:914} INFO - Processing file /home/airflow/.local/lib/python3.12/site-packages/airflow/example_dags/example_xcom.py for tasks to queue
[2024-12-21T21:11:51.435+0000] {logging_mixin.py:190} INFO - [2024-12-21T21:11:51.434+0000] {dagbag.py:588} INFO - Filling up the DagBag from /home/airflow/.local/lib/python3.12/site-packages/airflow/example_dags/example_xcom.py
[2024-12-21T21:11:51.456+0000] {processor.py:925} INFO - DAG(s) 'example_xcom' retrieved from /home/airflow/.local/lib/python3.12/site-packages/airflow/example_dags/example_xcom.py
[2024-12-21T21:11:51.506+0000] {logging_mixin.py:190} INFO - [2024-12-21T21:11:51.505+0000] {dag.py:3239} INFO - Sync 1 DAGs
[2024-12-21T21:11:51.558+0000] {logging_mixin.py:190} INFO - [2024-12-21T21:11:51.558+0000] {dag.py:4180} INFO - Setting next_dagrun for example_xcom to 2021-01-01 00:00:00+00:00, run_after=2021-01-01 00:00:00+00:00
[2024-12-21T21:11:51.596+0000] {processor.py:208} INFO - Processing /home/airflow/.local/lib/python3.12/site-packages/airflow/example_dags/example_xcom.py took 0.181 seconds
[2024-12-21T21:12:22.296+0000] {processor.py:186} INFO - Started process (PID=919) to work on /home/airflow/.local/lib/python3.12/site-packages/airflow/example_dags/example_xcom.py
[2024-12-21T21:12:22.298+0000] {processor.py:914} INFO - Processing file /home/airflow/.local/lib/python3.12/site-packages/airflow/example_dags/example_xcom.py for tasks to queue
[2024-12-21T21:12:22.302+0000] {logging_mixin.py:190} INFO - [2024-12-21T21:12:22.301+0000] {dagbag.py:588} INFO - Filling up the DagBag from /home/airflow/.local/lib/python3.12/site-packages/airflow/example_dags/example_xcom.py
[2024-12-21T21:12:22.323+0000] {processor.py:925} INFO - DAG(s) 'example_xcom' retrieved from /home/airflow/.local/lib/python3.12/site-packages/airflow/example_dags/example_xcom.py
[2024-12-21T21:12:22.368+0000] {logging_mixin.py:190} INFO - [2024-12-21T21:12:22.368+0000] {dag.py:3239} INFO - Sync 1 DAGs
[2024-12-21T21:12:22.419+0000] {logging_mixin.py:190} INFO - [2024-12-21T21:12:22.418+0000] {dag.py:4180} INFO - Setting next_dagrun for example_xcom to 2021-01-01 00:00:00+00:00, run_after=2021-01-01 00:00:00+00:00
[2024-12-21T21:12:22.459+0000] {processor.py:208} INFO - Processing /home/airflow/.local/lib/python3.12/site-packages/airflow/example_dags/example_xcom.py took 0.175 seconds
[2024-12-21T21:12:53.025+0000] {processor.py:186} INFO - Started process (PID=1212) to work on /home/airflow/.local/lib/python3.12/site-packages/airflow/example_dags/example_xcom.py
[2024-12-21T21:12:53.027+0000] {processor.py:914} INFO - Processing file /home/airflow/.local/lib/python3.12/site-packages/airflow/example_dags/example_xcom.py for tasks to queue
[2024-12-21T21:12:53.031+0000] {logging_mixin.py:190} INFO - [2024-12-21T21:12:53.030+0000] {dagbag.py:588} INFO - Filling up the DagBag from /home/airflow/.local/lib/python3.12/site-packages/airflow/example_dags/example_xcom.py
[2024-12-21T21:12:53.051+0000] {processor.py:925} INFO - DAG(s) 'example_xcom' retrieved from /home/airflow/.local/lib/python3.12/site-packages/airflow/example_dags/example_xcom.py
[2024-12-21T21:12:53.098+0000] {logging_mixin.py:190} INFO - [2024-12-21T21:12:53.097+0000] {dag.py:3239} INFO - Sync 1 DAGs
[2024-12-21T21:12:53.150+0000] {logging_mixin.py:190} INFO - [2024-12-21T21:12:53.149+0000] {dag.py:4180} INFO - Setting next_dagrun for example_xcom to 2021-01-01 00:00:00+00:00, run_after=2021-01-01 00:00:00+00:00
[2024-12-21T21:12:53.191+0000] {processor.py:208} INFO - Processing /home/airflow/.local/lib/python3.12/site-packages/airflow/example_dags/example_xcom.py took 0.177 seconds
[2024-12-21T21:13:24.489+0000] {processor.py:186} INFO - Started process (PID=1506) to work on /home/airflow/.local/lib/python3.12/site-packages/airflow/example_dags/example_xcom.py
[2024-12-21T21:13:24.491+0000] {processor.py:914} INFO - Processing file /home/airflow/.local/lib/python3.12/site-packages/airflow/example_dags/example_xcom.py for tasks to queue
[2024-12-21T21:13:24.496+0000] {logging_mixin.py:190} INFO - [2024-12-21T21:13:24.495+0000] {dagbag.py:588} INFO - Filling up the DagBag from /home/airflow/.local/lib/python3.12/site-packages/airflow/example_dags/example_xcom.py
[2024-12-21T21:13:24.514+0000] {processor.py:925} INFO - DAG(s) 'example_xcom' retrieved from /home/airflow/.local/lib/python3.12/site-packages/airflow/example_dags/example_xcom.py
[2024-12-21T21:13:24.558+0000] {logging_mixin.py:190} INFO - [2024-12-21T21:13:24.558+0000] {dag.py:3239} INFO - Sync 1 DAGs
[2024-12-21T21:13:24.606+0000] {logging_mixin.py:190} INFO - [2024-12-21T21:13:24.605+0000] {dag.py:4180} INFO - Setting next_dagrun for example_xcom to 2021-01-01 00:00:00+00:00, run_after=2021-01-01 00:00:00+00:00
[2024-12-21T21:13:24.645+0000] {processor.py:208} INFO - Processing /home/airflow/.local/lib/python3.12/site-packages/airflow/example_dags/example_xcom.py took 0.168 seconds
[2024-12-21T21:13:54.808+0000] {processor.py:186} INFO - Started process (PID=1797) to work on /home/airflow/.local/lib/python3.12/site-packages/airflow/example_dags/example_xcom.py
[2024-12-21T21:13:54.811+0000] {processor.py:914} INFO - Processing file /home/airflow/.local/lib/python3.12/site-packages/airflow/example_dags/example_xcom.py for tasks to queue
[2024-12-21T21:13:54.816+0000] {logging_mixin.py:190} INFO - [2024-12-21T21:13:54.815+0000] {dagbag.py:588} INFO - Filling up the DagBag from /home/airflow/.local/lib/python3.12/site-packages/airflow/example_dags/example_xcom.py
[2024-12-21T21:13:54.839+0000] {processor.py:925} INFO - DAG(s) 'example_xcom' retrieved from /home/airflow/.local/lib/python3.12/site-packages/airflow/example_dags/example_xcom.py
[2024-12-21T21:13:54.881+0000] {logging_mixin.py:190} INFO - [2024-12-21T21:13:54.881+0000] {dag.py:3239} INFO - Sync 1 DAGs
[2024-12-21T21:13:54.966+0000] {logging_mixin.py:190} INFO - [2024-12-21T21:13:54.964+0000] {dag.py:4180} INFO - Setting next_dagrun for example_xcom to 2021-01-01 00:00:00+00:00, run_after=2021-01-01 00:00:00+00:00
[2024-12-21T21:13:55.018+0000] {processor.py:208} INFO - Processing /home/airflow/.local/lib/python3.12/site-packages/airflow/example_dags/example_xcom.py took 0.226 seconds
[2024-12-21T21:14:25.348+0000] {processor.py:186} INFO - Started process (PID=2096) to work on /home/airflow/.local/lib/python3.12/site-packages/airflow/example_dags/example_xcom.py
[2024-12-21T21:14:25.350+0000] {processor.py:914} INFO - Processing file /home/airflow/.local/lib/python3.12/site-packages/airflow/example_dags/example_xcom.py for tasks to queue
[2024-12-21T21:14:25.355+0000] {logging_mixin.py:190} INFO - [2024-12-21T21:14:25.354+0000] {dagbag.py:588} INFO - Filling up the DagBag from /home/airflow/.local/lib/python3.12/site-packages/airflow/example_dags/example_xcom.py
[2024-12-21T21:14:25.384+0000] {processor.py:925} INFO - DAG(s) 'example_xcom' retrieved from /home/airflow/.local/lib/python3.12/site-packages/airflow/example_dags/example_xcom.py
[2024-12-21T21:14:25.428+0000] {logging_mixin.py:190} INFO - [2024-12-21T21:14:25.427+0000] {dag.py:3239} INFO - Sync 1 DAGs
[2024-12-21T21:14:25.478+0000] {logging_mixin.py:190} INFO - [2024-12-21T21:14:25.477+0000] {dag.py:4180} INFO - Setting next_dagrun for example_xcom to 2021-01-01 00:00:00+00:00, run_after=2021-01-01 00:00:00+00:00
[2024-12-21T21:14:25.540+0000] {processor.py:208} INFO - Processing /home/airflow/.local/lib/python3.12/site-packages/airflow/example_dags/example_xcom.py took 0.203 seconds
[2024-12-21T21:14:55.747+0000] {processor.py:186} INFO - Started process (PID=2392) to work on /home/airflow/.local/lib/python3.12/site-packages/airflow/example_dags/example_xcom.py
[2024-12-21T21:14:55.749+0000] {processor.py:914} INFO - Processing file /home/airflow/.local/lib/python3.12/site-packages/airflow/example_dags/example_xcom.py for tasks to queue
[2024-12-21T21:14:55.754+0000] {logging_mixin.py:190} INFO - [2024-12-21T21:14:55.753+0000] {dagbag.py:588} INFO - Filling up the DagBag from /home/airflow/.local/lib/python3.12/site-packages/airflow/example_dags/example_xcom.py
[2024-12-21T21:14:55.772+0000] {processor.py:925} INFO - DAG(s) 'example_xcom' retrieved from /home/airflow/.local/lib/python3.12/site-packages/airflow/example_dags/example_xcom.py
[2024-12-21T21:14:55.818+0000] {logging_mixin.py:190} INFO - [2024-12-21T21:14:55.817+0000] {dag.py:3239} INFO - Sync 1 DAGs
[2024-12-21T21:14:55.871+0000] {logging_mixin.py:190} INFO - [2024-12-21T21:14:55.871+0000] {dag.py:4180} INFO - Setting next_dagrun for example_xcom to 2021-01-01 00:00:00+00:00, run_after=2021-01-01 00:00:00+00:00
[2024-12-21T21:14:55.935+0000] {processor.py:208} INFO - Processing /home/airflow/.local/lib/python3.12/site-packages/airflow/example_dags/example_xcom.py took 0.199 seconds
[2024-12-21T21:15:26.116+0000] {processor.py:186} INFO - Started process (PID=2688) to work on /home/airflow/.local/lib/python3.12/site-packages/airflow/example_dags/example_xcom.py
[2024-12-21T21:15:26.118+0000] {processor.py:914} INFO - Processing file /home/airflow/.local/lib/python3.12/site-packages/airflow/example_dags/example_xcom.py for tasks to queue
[2024-12-21T21:15:26.123+0000] {logging_mixin.py:190} INFO - [2024-12-21T21:15:26.122+0000] {dagbag.py:588} INFO - Filling up the DagBag from /home/airflow/.local/lib/python3.12/site-packages/airflow/example_dags/example_xcom.py
[2024-12-21T21:15:26.142+0000] {processor.py:925} INFO - DAG(s) 'example_xcom' retrieved from /home/airflow/.local/lib/python3.12/site-packages/airflow/example_dags/example_xcom.py
[2024-12-21T21:15:26.194+0000] {logging_mixin.py:190} INFO - [2024-12-21T21:15:26.194+0000] {dag.py:3239} INFO - Sync 1 DAGs
[2024-12-21T21:15:26.250+0000] {logging_mixin.py:190} INFO - [2024-12-21T21:15:26.249+0000] {dag.py:4180} INFO - Setting next_dagrun for example_xcom to 2021-01-01 00:00:00+00:00, run_after=2021-01-01 00:00:00+00:00
[2024-12-21T21:15:26.290+0000] {processor.py:208} INFO - Processing /home/airflow/.local/lib/python3.12/site-packages/airflow/example_dags/example_xcom.py took 0.188 seconds
[2024-12-21T21:15:56.661+0000] {processor.py:186} INFO - Started process (PID=2984) to work on /home/airflow/.local/lib/python3.12/site-packages/airflow/example_dags/example_xcom.py
[2024-12-21T21:15:56.664+0000] {processor.py:914} INFO - Processing file /home/airflow/.local/lib/python3.12/site-packages/airflow/example_dags/example_xcom.py for tasks to queue
[2024-12-21T21:15:56.671+0000] {logging_mixin.py:190} INFO - [2024-12-21T21:15:56.670+0000] {dagbag.py:588} INFO - Filling up the DagBag from /home/airflow/.local/lib/python3.12/site-packages/airflow/example_dags/example_xcom.py
[2024-12-21T21:15:56.697+0000] {processor.py:925} INFO - DAG(s) 'example_xcom' retrieved from /home/airflow/.local/lib/python3.12/site-packages/airflow/example_dags/example_xcom.py
[2024-12-21T21:15:56.766+0000] {logging_mixin.py:190} INFO - [2024-12-21T21:15:56.765+0000] {dag.py:3239} INFO - Sync 1 DAGs
[2024-12-21T21:15:56.854+0000] {logging_mixin.py:190} INFO - [2024-12-21T21:15:56.853+0000] {dag.py:4180} INFO - Setting next_dagrun for example_xcom to 2021-01-01 00:00:00+00:00, run_after=2021-01-01 00:00:00+00:00
[2024-12-21T21:15:56.937+0000] {processor.py:208} INFO - Processing /home/airflow/.local/lib/python3.12/site-packages/airflow/example_dags/example_xcom.py took 0.295 seconds
[2024-12-21T21:16:27.744+0000] {processor.py:186} INFO - Started process (PID=3279) to work on /home/airflow/.local/lib/python3.12/site-packages/airflow/example_dags/example_xcom.py
[2024-12-21T21:16:27.746+0000] {processor.py:914} INFO - Processing file /home/airflow/.local/lib/python3.12/site-packages/airflow/example_dags/example_xcom.py for tasks to queue
[2024-12-21T21:16:27.751+0000] {logging_mixin.py:190} INFO - [2024-12-21T21:16:27.750+0000] {dagbag.py:588} INFO - Filling up the DagBag from /home/airflow/.local/lib/python3.12/site-packages/airflow/example_dags/example_xcom.py
[2024-12-21T21:16:27.769+0000] {processor.py:925} INFO - DAG(s) 'example_xcom' retrieved from /home/airflow/.local/lib/python3.12/site-packages/airflow/example_dags/example_xcom.py
[2024-12-21T21:16:27.811+0000] {logging_mixin.py:190} INFO - [2024-12-21T21:16:27.811+0000] {dag.py:3239} INFO - Sync 1 DAGs
[2024-12-21T21:16:27.866+0000] {logging_mixin.py:190} INFO - [2024-12-21T21:16:27.865+0000] {dag.py:4180} INFO - Setting next_dagrun for example_xcom to 2021-01-01 00:00:00+00:00, run_after=2021-01-01 00:00:00+00:00
[2024-12-21T21:16:27.909+0000] {processor.py:208} INFO - Processing /home/airflow/.local/lib/python3.12/site-packages/airflow/example_dags/example_xcom.py took 0.176 seconds
[2024-12-21T21:16:58.685+0000] {processor.py:186} INFO - Started process (PID=3575) to work on /home/airflow/.local/lib/python3.12/site-packages/airflow/example_dags/example_xcom.py
[2024-12-21T21:16:58.688+0000] {processor.py:914} INFO - Processing file /home/airflow/.local/lib/python3.12/site-packages/airflow/example_dags/example_xcom.py for tasks to queue
[2024-12-21T21:16:58.696+0000] {logging_mixin.py:190} INFO - [2024-12-21T21:16:58.695+0000] {dagbag.py:588} INFO - Filling up the DagBag from /home/airflow/.local/lib/python3.12/site-packages/airflow/example_dags/example_xcom.py
[2024-12-21T21:16:58.722+0000] {processor.py:925} INFO - DAG(s) 'example_xcom' retrieved from /home/airflow/.local/lib/python3.12/site-packages/airflow/example_dags/example_xcom.py
[2024-12-21T21:16:58.784+0000] {logging_mixin.py:190} INFO - [2024-12-21T21:16:58.783+0000] {dag.py:3239} INFO - Sync 1 DAGs
[2024-12-21T21:16:58.892+0000] {logging_mixin.py:190} INFO - [2024-12-21T21:16:58.890+0000] {dag.py:4180} INFO - Setting next_dagrun for example_xcom to 2021-01-01 00:00:00+00:00, run_after=2021-01-01 00:00:00+00:00
[2024-12-21T21:16:58.950+0000] {processor.py:208} INFO - Processing /home/airflow/.local/lib/python3.12/site-packages/airflow/example_dags/example_xcom.py took 0.286 seconds
[2024-12-21T21:17:29.385+0000] {processor.py:186} INFO - Started process (PID=3871) to work on /home/airflow/.local/lib/python3.12/site-packages/airflow/example_dags/example_xcom.py
[2024-12-21T21:17:29.386+0000] {processor.py:914} INFO - Processing file /home/airflow/.local/lib/python3.12/site-packages/airflow/example_dags/example_xcom.py for tasks to queue
[2024-12-21T21:17:29.390+0000] {logging_mixin.py:190} INFO - [2024-12-21T21:17:29.389+0000] {dagbag.py:588} INFO - Filling up the DagBag from /home/airflow/.local/lib/python3.12/site-packages/airflow/example_dags/example_xcom.py
[2024-12-21T21:17:29.408+0000] {processor.py:925} INFO - DAG(s) 'example_xcom' retrieved from /home/airflow/.local/lib/python3.12/site-packages/airflow/example_dags/example_xcom.py
[2024-12-21T21:17:29.451+0000] {logging_mixin.py:190} INFO - [2024-12-21T21:17:29.451+0000] {dag.py:3239} INFO - Sync 1 DAGs
[2024-12-21T21:17:29.496+0000] {logging_mixin.py:190} INFO - [2024-12-21T21:17:29.496+0000] {dag.py:4180} INFO - Setting next_dagrun for example_xcom to 2021-01-01 00:00:00+00:00, run_after=2021-01-01 00:00:00+00:00
[2024-12-21T21:17:29.559+0000] {processor.py:208} INFO - Processing /home/airflow/.local/lib/python3.12/site-packages/airflow/example_dags/example_xcom.py took 0.185 seconds
[2024-12-21T21:18:00.118+0000] {processor.py:186} INFO - Started process (PID=4167) to work on /home/airflow/.local/lib/python3.12/site-packages/airflow/example_dags/example_xcom.py
[2024-12-21T21:18:00.121+0000] {processor.py:914} INFO - Processing file /home/airflow/.local/lib/python3.12/site-packages/airflow/example_dags/example_xcom.py for tasks to queue
[2024-12-21T21:18:00.128+0000] {logging_mixin.py:190} INFO - [2024-12-21T21:18:00.128+0000] {dagbag.py:588} INFO - Filling up the DagBag from /home/airflow/.local/lib/python3.12/site-packages/airflow/example_dags/example_xcom.py
[2024-12-21T21:18:00.156+0000] {processor.py:925} INFO - DAG(s) 'example_xcom' retrieved from /home/airflow/.local/lib/python3.12/site-packages/airflow/example_dags/example_xcom.py
[2024-12-21T21:18:00.209+0000] {logging_mixin.py:190} INFO - [2024-12-21T21:18:00.209+0000] {dag.py:3239} INFO - Sync 1 DAGs
[2024-12-21T21:18:00.274+0000] {logging_mixin.py:190} INFO - [2024-12-21T21:18:00.273+0000] {dag.py:4180} INFO - Setting next_dagrun for example_xcom to 2021-01-01 00:00:00+00:00, run_after=2021-01-01 00:00:00+00:00
[2024-12-21T21:18:00.342+0000] {processor.py:208} INFO - Processing /home/airflow/.local/lib/python3.12/site-packages/airflow/example_dags/example_xcom.py took 0.239 seconds
[2024-12-21T21:18:30.656+0000] {processor.py:186} INFO - Started process (PID=4463) to work on /home/airflow/.local/lib/python3.12/site-packages/airflow/example_dags/example_xcom.py
[2024-12-21T21:18:30.658+0000] {processor.py:914} INFO - Processing file /home/airflow/.local/lib/python3.12/site-packages/airflow/example_dags/example_xcom.py for tasks to queue
[2024-12-21T21:18:30.664+0000] {logging_mixin.py:190} INFO - [2024-12-21T21:18:30.663+0000] {dagbag.py:588} INFO - Filling up the DagBag from /home/airflow/.local/lib/python3.12/site-packages/airflow/example_dags/example_xcom.py
[2024-12-21T21:18:30.688+0000] {processor.py:925} INFO - DAG(s) 'example_xcom' retrieved from /home/airflow/.local/lib/python3.12/site-packages/airflow/example_dags/example_xcom.py
[2024-12-21T21:18:30.733+0000] {logging_mixin.py:190} INFO - [2024-12-21T21:18:30.733+0000] {dag.py:3239} INFO - Sync 1 DAGs
[2024-12-21T21:18:30.780+0000] {logging_mixin.py:190} INFO - [2024-12-21T21:18:30.779+0000] {dag.py:4180} INFO - Setting next_dagrun for example_xcom to 2021-01-01 00:00:00+00:00, run_after=2021-01-01 00:00:00+00:00
[2024-12-21T21:18:30.863+0000] {processor.py:208} INFO - Processing /home/airflow/.local/lib/python3.12/site-packages/airflow/example_dags/example_xcom.py took 0.223 seconds
[2024-12-21T21:19:01.774+0000] {processor.py:186} INFO - Started process (PID=4759) to work on /home/airflow/.local/lib/python3.12/site-packages/airflow/example_dags/example_xcom.py
[2024-12-21T21:19:01.777+0000] {processor.py:914} INFO - Processing file /home/airflow/.local/lib/python3.12/site-packages/airflow/example_dags/example_xcom.py for tasks to queue
[2024-12-21T21:19:01.785+0000] {logging_mixin.py:190} INFO - [2024-12-21T21:19:01.784+0000] {dagbag.py:588} INFO - Filling up the DagBag from /home/airflow/.local/lib/python3.12/site-packages/airflow/example_dags/example_xcom.py
[2024-12-21T21:19:01.811+0000] {processor.py:925} INFO - DAG(s) 'example_xcom' retrieved from /home/airflow/.local/lib/python3.12/site-packages/airflow/example_dags/example_xcom.py
[2024-12-21T21:19:01.885+0000] {logging_mixin.py:190} INFO - [2024-12-21T21:19:01.884+0000] {dag.py:3239} INFO - Sync 1 DAGs
[2024-12-21T21:19:01.966+0000] {logging_mixin.py:190} INFO - [2024-12-21T21:19:01.965+0000] {dag.py:4180} INFO - Setting next_dagrun for example_xcom to 2021-01-01 00:00:00+00:00, run_after=2021-01-01 00:00:00+00:00
[2024-12-21T21:19:02.019+0000] {processor.py:208} INFO - Processing /home/airflow/.local/lib/python3.12/site-packages/airflow/example_dags/example_xcom.py took 0.261 seconds
[2024-12-21T21:19:32.295+0000] {processor.py:186} INFO - Started process (PID=5055) to work on /home/airflow/.local/lib/python3.12/site-packages/airflow/example_dags/example_xcom.py
[2024-12-21T21:19:32.297+0000] {processor.py:914} INFO - Processing file /home/airflow/.local/lib/python3.12/site-packages/airflow/example_dags/example_xcom.py for tasks to queue
[2024-12-21T21:19:32.301+0000] {logging_mixin.py:190} INFO - [2024-12-21T21:19:32.301+0000] {dagbag.py:588} INFO - Filling up the DagBag from /home/airflow/.local/lib/python3.12/site-packages/airflow/example_dags/example_xcom.py
[2024-12-21T21:19:32.320+0000] {processor.py:925} INFO - DAG(s) 'example_xcom' retrieved from /home/airflow/.local/lib/python3.12/site-packages/airflow/example_dags/example_xcom.py
[2024-12-21T21:19:32.368+0000] {logging_mixin.py:190} INFO - [2024-12-21T21:19:32.367+0000] {dag.py:3239} INFO - Sync 1 DAGs
[2024-12-21T21:19:32.417+0000] {logging_mixin.py:190} INFO - [2024-12-21T21:19:32.417+0000] {dag.py:4180} INFO - Setting next_dagrun for example_xcom to 2021-01-01 00:00:00+00:00, run_after=2021-01-01 00:00:00+00:00
[2024-12-21T21:19:32.461+0000] {processor.py:208} INFO - Processing /home/airflow/.local/lib/python3.12/site-packages/airflow/example_dags/example_xcom.py took 0.179 seconds
[2024-12-21T21:20:03.183+0000] {processor.py:186} INFO - Started process (PID=5350) to work on /home/airflow/.local/lib/python3.12/site-packages/airflow/example_dags/example_xcom.py
[2024-12-21T21:20:03.185+0000] {processor.py:914} INFO - Processing file /home/airflow/.local/lib/python3.12/site-packages/airflow/example_dags/example_xcom.py for tasks to queue
[2024-12-21T21:20:03.191+0000] {logging_mixin.py:190} INFO - [2024-12-21T21:20:03.190+0000] {dagbag.py:588} INFO - Filling up the DagBag from /home/airflow/.local/lib/python3.12/site-packages/airflow/example_dags/example_xcom.py
[2024-12-21T21:20:03.212+0000] {processor.py:925} INFO - DAG(s) 'example_xcom' retrieved from /home/airflow/.local/lib/python3.12/site-packages/airflow/example_dags/example_xcom.py
[2024-12-21T21:20:03.261+0000] {logging_mixin.py:190} INFO - [2024-12-21T21:20:03.260+0000] {dag.py:3239} INFO - Sync 1 DAGs
[2024-12-21T21:20:03.313+0000] {logging_mixin.py:190} INFO - [2024-12-21T21:20:03.312+0000] {dag.py:4180} INFO - Setting next_dagrun for example_xcom to 2021-01-01 00:00:00+00:00, run_after=2021-01-01 00:00:00+00:00
[2024-12-21T21:20:03.378+0000] {processor.py:208} INFO - Processing /home/airflow/.local/lib/python3.12/site-packages/airflow/example_dags/example_xcom.py took 0.220 seconds
[2024-12-21T21:20:34.718+0000] {processor.py:186} INFO - Started process (PID=5619) to work on /home/airflow/.local/lib/python3.12/site-packages/airflow/example_dags/example_xcom.py
[2024-12-21T21:20:34.720+0000] {processor.py:914} INFO - Processing file /home/airflow/.local/lib/python3.12/site-packages/airflow/example_dags/example_xcom.py for tasks to queue
[2024-12-21T21:20:34.725+0000] {logging_mixin.py:190} INFO - [2024-12-21T21:20:34.724+0000] {dagbag.py:588} INFO - Filling up the DagBag from /home/airflow/.local/lib/python3.12/site-packages/airflow/example_dags/example_xcom.py
[2024-12-21T21:20:34.747+0000] {processor.py:925} INFO - DAG(s) 'example_xcom' retrieved from /home/airflow/.local/lib/python3.12/site-packages/airflow/example_dags/example_xcom.py
[2024-12-21T21:20:34.802+0000] {logging_mixin.py:190} INFO - [2024-12-21T21:20:34.801+0000] {dag.py:3239} INFO - Sync 1 DAGs
[2024-12-21T21:20:34.867+0000] {logging_mixin.py:190} INFO - [2024-12-21T21:20:34.866+0000] {dag.py:4180} INFO - Setting next_dagrun for example_xcom to 2021-01-01 00:00:00+00:00, run_after=2021-01-01 00:00:00+00:00
[2024-12-21T21:20:34.916+0000] {processor.py:208} INFO - Processing /home/airflow/.local/lib/python3.12/site-packages/airflow/example_dags/example_xcom.py took 0.213 seconds
[2024-12-21T21:21:05.710+0000] {processor.py:186} INFO - Started process (PID=5916) to work on /home/airflow/.local/lib/python3.12/site-packages/airflow/example_dags/example_xcom.py
[2024-12-21T21:21:05.713+0000] {processor.py:914} INFO - Processing file /home/airflow/.local/lib/python3.12/site-packages/airflow/example_dags/example_xcom.py for tasks to queue
[2024-12-21T21:21:05.717+0000] {logging_mixin.py:190} INFO - [2024-12-21T21:21:05.716+0000] {dagbag.py:588} INFO - Filling up the DagBag from /home/airflow/.local/lib/python3.12/site-packages/airflow/example_dags/example_xcom.py
[2024-12-21T21:21:05.738+0000] {processor.py:925} INFO - DAG(s) 'example_xcom' retrieved from /home/airflow/.local/lib/python3.12/site-packages/airflow/example_dags/example_xcom.py
[2024-12-21T21:21:05.782+0000] {logging_mixin.py:190} INFO - [2024-12-21T21:21:05.781+0000] {dag.py:3239} INFO - Sync 1 DAGs
[2024-12-21T21:21:05.833+0000] {logging_mixin.py:190} INFO - [2024-12-21T21:21:05.832+0000] {dag.py:4180} INFO - Setting next_dagrun for example_xcom to 2021-01-01 00:00:00+00:00, run_after=2021-01-01 00:00:00+00:00
[2024-12-21T21:21:05.873+0000] {processor.py:208} INFO - Processing /home/airflow/.local/lib/python3.12/site-packages/airflow/example_dags/example_xcom.py took 0.175 seconds
[2024-12-21T21:21:36.958+0000] {processor.py:186} INFO - Started process (PID=6207) to work on /home/airflow/.local/lib/python3.12/site-packages/airflow/example_dags/example_xcom.py
[2024-12-21T21:21:36.960+0000] {processor.py:914} INFO - Processing file /home/airflow/.local/lib/python3.12/site-packages/airflow/example_dags/example_xcom.py for tasks to queue
[2024-12-21T21:21:36.967+0000] {logging_mixin.py:190} INFO - [2024-12-21T21:21:36.966+0000] {dagbag.py:588} INFO - Filling up the DagBag from /home/airflow/.local/lib/python3.12/site-packages/airflow/example_dags/example_xcom.py
[2024-12-21T21:21:36.994+0000] {processor.py:925} INFO - DAG(s) 'example_xcom' retrieved from /home/airflow/.local/lib/python3.12/site-packages/airflow/example_dags/example_xcom.py
[2024-12-21T21:21:37.054+0000] {logging_mixin.py:190} INFO - [2024-12-21T21:21:37.053+0000] {dag.py:3239} INFO - Sync 1 DAGs
[2024-12-21T21:21:37.117+0000] {logging_mixin.py:190} INFO - [2024-12-21T21:21:37.116+0000] {dag.py:4180} INFO - Setting next_dagrun for example_xcom to 2021-01-01 00:00:00+00:00, run_after=2021-01-01 00:00:00+00:00
[2024-12-21T21:21:37.181+0000] {processor.py:208} INFO - Processing /home/airflow/.local/lib/python3.12/site-packages/airflow/example_dags/example_xcom.py took 0.240 seconds
[2024-12-21T21:22:08.436+0000] {processor.py:186} INFO - Started process (PID=6505) to work on /home/airflow/.local/lib/python3.12/site-packages/airflow/example_dags/example_xcom.py
[2024-12-21T21:22:08.438+0000] {processor.py:914} INFO - Processing file /home/airflow/.local/lib/python3.12/site-packages/airflow/example_dags/example_xcom.py for tasks to queue
[2024-12-21T21:22:08.443+0000] {logging_mixin.py:190} INFO - [2024-12-21T21:22:08.442+0000] {dagbag.py:588} INFO - Filling up the DagBag from /home/airflow/.local/lib/python3.12/site-packages/airflow/example_dags/example_xcom.py
[2024-12-21T21:22:08.464+0000] {processor.py:925} INFO - DAG(s) 'example_xcom' retrieved from /home/airflow/.local/lib/python3.12/site-packages/airflow/example_dags/example_xcom.py
[2024-12-21T21:22:08.512+0000] {logging_mixin.py:190} INFO - [2024-12-21T21:22:08.511+0000] {dag.py:3239} INFO - Sync 1 DAGs
[2024-12-21T21:22:08.561+0000] {logging_mixin.py:190} INFO - [2024-12-21T21:22:08.560+0000] {dag.py:4180} INFO - Setting next_dagrun for example_xcom to 2021-01-01 00:00:00+00:00, run_after=2021-01-01 00:00:00+00:00
[2024-12-21T21:22:08.602+0000] {processor.py:208} INFO - Processing /home/airflow/.local/lib/python3.12/site-packages/airflow/example_dags/example_xcom.py took 0.178 seconds
[2024-12-21T21:22:39.589+0000] {processor.py:186} INFO - Started process (PID=6799) to work on /home/airflow/.local/lib/python3.12/site-packages/airflow/example_dags/example_xcom.py
[2024-12-21T21:22:39.591+0000] {processor.py:914} INFO - Processing file /home/airflow/.local/lib/python3.12/site-packages/airflow/example_dags/example_xcom.py for tasks to queue
[2024-12-21T21:22:39.595+0000] {logging_mixin.py:190} INFO - [2024-12-21T21:22:39.595+0000] {dagbag.py:588} INFO - Filling up the DagBag from /home/airflow/.local/lib/python3.12/site-packages/airflow/example_dags/example_xcom.py
[2024-12-21T21:22:39.613+0000] {processor.py:925} INFO - DAG(s) 'example_xcom' retrieved from /home/airflow/.local/lib/python3.12/site-packages/airflow/example_dags/example_xcom.py
[2024-12-21T21:22:39.658+0000] {logging_mixin.py:190} INFO - [2024-12-21T21:22:39.658+0000] {dag.py:3239} INFO - Sync 1 DAGs
[2024-12-21T21:22:39.706+0000] {logging_mixin.py:190} INFO - [2024-12-21T21:22:39.706+0000] {dag.py:4180} INFO - Setting next_dagrun for example_xcom to 2021-01-01 00:00:00+00:00, run_after=2021-01-01 00:00:00+00:00
[2024-12-21T21:22:39.744+0000] {processor.py:208} INFO - Processing /home/airflow/.local/lib/python3.12/site-packages/airflow/example_dags/example_xcom.py took 0.166 seconds
[2024-12-21T21:23:10.740+0000] {processor.py:186} INFO - Started process (PID=7096) to work on /home/airflow/.local/lib/python3.12/site-packages/airflow/example_dags/example_xcom.py
[2024-12-21T21:23:10.742+0000] {processor.py:914} INFO - Processing file /home/airflow/.local/lib/python3.12/site-packages/airflow/example_dags/example_xcom.py for tasks to queue
[2024-12-21T21:23:10.747+0000] {logging_mixin.py:190} INFO - [2024-12-21T21:23:10.746+0000] {dagbag.py:588} INFO - Filling up the DagBag from /home/airflow/.local/lib/python3.12/site-packages/airflow/example_dags/example_xcom.py
[2024-12-21T21:23:10.771+0000] {processor.py:925} INFO - DAG(s) 'example_xcom' retrieved from /home/airflow/.local/lib/python3.12/site-packages/airflow/example_dags/example_xcom.py
[2024-12-21T21:23:10.816+0000] {logging_mixin.py:190} INFO - [2024-12-21T21:23:10.816+0000] {dag.py:3239} INFO - Sync 1 DAGs
[2024-12-21T21:23:10.871+0000] {logging_mixin.py:190} INFO - [2024-12-21T21:23:10.870+0000] {dag.py:4180} INFO - Setting next_dagrun for example_xcom to 2021-01-01 00:00:00+00:00, run_after=2021-01-01 00:00:00+00:00
[2024-12-21T21:23:10.911+0000] {processor.py:208} INFO - Processing /home/airflow/.local/lib/python3.12/site-packages/airflow/example_dags/example_xcom.py took 0.188 seconds
[2024-12-21T21:23:41.597+0000] {processor.py:186} INFO - Started process (PID=7382) to work on /home/airflow/.local/lib/python3.12/site-packages/airflow/example_dags/example_xcom.py
[2024-12-21T21:23:41.600+0000] {processor.py:914} INFO - Processing file /home/airflow/.local/lib/python3.12/site-packages/airflow/example_dags/example_xcom.py for tasks to queue
[2024-12-21T21:23:41.606+0000] {logging_mixin.py:190} INFO - [2024-12-21T21:23:41.605+0000] {dagbag.py:588} INFO - Filling up the DagBag from /home/airflow/.local/lib/python3.12/site-packages/airflow/example_dags/example_xcom.py
[2024-12-21T21:23:41.625+0000] {processor.py:925} INFO - DAG(s) 'example_xcom' retrieved from /home/airflow/.local/lib/python3.12/site-packages/airflow/example_dags/example_xcom.py
[2024-12-21T21:23:41.675+0000] {logging_mixin.py:190} INFO - [2024-12-21T21:23:41.675+0000] {dag.py:3239} INFO - Sync 1 DAGs
[2024-12-21T21:23:41.734+0000] {logging_mixin.py:190} INFO - [2024-12-21T21:23:41.734+0000] {dag.py:4180} INFO - Setting next_dagrun for example_xcom to 2021-01-01 00:00:00+00:00, run_after=2021-01-01 00:00:00+00:00
[2024-12-21T21:23:41.777+0000] {processor.py:208} INFO - Processing /home/airflow/.local/lib/python3.12/site-packages/airflow/example_dags/example_xcom.py took 0.191 seconds
[2024-12-21T21:24:12.762+0000] {processor.py:186} INFO - Started process (PID=7680) to work on /home/airflow/.local/lib/python3.12/site-packages/airflow/example_dags/example_xcom.py
[2024-12-21T21:24:12.764+0000] {processor.py:914} INFO - Processing file /home/airflow/.local/lib/python3.12/site-packages/airflow/example_dags/example_xcom.py for tasks to queue
[2024-12-21T21:24:12.769+0000] {logging_mixin.py:190} INFO - [2024-12-21T21:24:12.769+0000] {dagbag.py:588} INFO - Filling up the DagBag from /home/airflow/.local/lib/python3.12/site-packages/airflow/example_dags/example_xcom.py
[2024-12-21T21:24:12.792+0000] {processor.py:925} INFO - DAG(s) 'example_xcom' retrieved from /home/airflow/.local/lib/python3.12/site-packages/airflow/example_dags/example_xcom.py
[2024-12-21T21:24:12.841+0000] {logging_mixin.py:190} INFO - [2024-12-21T21:24:12.840+0000] {dag.py:3239} INFO - Sync 1 DAGs
[2024-12-21T21:24:12.900+0000] {logging_mixin.py:190} INFO - [2024-12-21T21:24:12.900+0000] {dag.py:4180} INFO - Setting next_dagrun for example_xcom to 2021-01-01 00:00:00+00:00, run_after=2021-01-01 00:00:00+00:00
[2024-12-21T21:24:12.961+0000] {processor.py:208} INFO - Processing /home/airflow/.local/lib/python3.12/site-packages/airflow/example_dags/example_xcom.py took 0.211 seconds
[2024-12-21T21:26:33.184+0000] {processor.py:186} INFO - Started process (PID=326) to work on /home/airflow/.local/lib/python3.12/site-packages/airflow/example_dags/example_xcom.py
[2024-12-21T21:26:33.186+0000] {processor.py:914} INFO - Processing file /home/airflow/.local/lib/python3.12/site-packages/airflow/example_dags/example_xcom.py for tasks to queue
[2024-12-21T21:26:33.191+0000] {logging_mixin.py:190} INFO - [2024-12-21T21:26:33.190+0000] {dagbag.py:588} INFO - Filling up the DagBag from /home/airflow/.local/lib/python3.12/site-packages/airflow/example_dags/example_xcom.py
[2024-12-21T21:26:33.217+0000] {processor.py:925} INFO - DAG(s) 'example_xcom' retrieved from /home/airflow/.local/lib/python3.12/site-packages/airflow/example_dags/example_xcom.py
[2024-12-21T21:26:33.301+0000] {logging_mixin.py:190} INFO - [2024-12-21T21:26:33.300+0000] {dag.py:3239} INFO - Sync 1 DAGs
[2024-12-21T21:26:33.368+0000] {logging_mixin.py:190} INFO - [2024-12-21T21:26:33.368+0000] {dag.py:4180} INFO - Setting next_dagrun for example_xcom to 2021-01-01 00:00:00+00:00, run_after=2021-01-01 00:00:00+00:00
[2024-12-21T21:26:33.429+0000] {processor.py:208} INFO - Processing /home/airflow/.local/lib/python3.12/site-packages/airflow/example_dags/example_xcom.py took 0.256 seconds
[2024-12-21T21:27:03.648+0000] {processor.py:186} INFO - Started process (PID=617) to work on /home/airflow/.local/lib/python3.12/site-packages/airflow/example_dags/example_xcom.py
[2024-12-21T21:27:03.651+0000] {processor.py:914} INFO - Processing file /home/airflow/.local/lib/python3.12/site-packages/airflow/example_dags/example_xcom.py for tasks to queue
[2024-12-21T21:27:03.656+0000] {logging_mixin.py:190} INFO - [2024-12-21T21:27:03.655+0000] {dagbag.py:588} INFO - Filling up the DagBag from /home/airflow/.local/lib/python3.12/site-packages/airflow/example_dags/example_xcom.py
[2024-12-21T21:27:03.675+0000] {processor.py:925} INFO - DAG(s) 'example_xcom' retrieved from /home/airflow/.local/lib/python3.12/site-packages/airflow/example_dags/example_xcom.py
[2024-12-21T21:27:03.718+0000] {logging_mixin.py:190} INFO - [2024-12-21T21:27:03.718+0000] {dag.py:3239} INFO - Sync 1 DAGs
[2024-12-21T21:27:03.764+0000] {logging_mixin.py:190} INFO - [2024-12-21T21:27:03.764+0000] {dag.py:4180} INFO - Setting next_dagrun for example_xcom to 2021-01-01 00:00:00+00:00, run_after=2021-01-01 00:00:00+00:00
[2024-12-21T21:27:03.826+0000] {processor.py:208} INFO - Processing /home/airflow/.local/lib/python3.12/site-packages/airflow/example_dags/example_xcom.py took 0.190 seconds
[2024-12-21T21:27:35.991+0000] {processor.py:186} INFO - Started process (PID=915) to work on /home/airflow/.local/lib/python3.12/site-packages/airflow/example_dags/example_xcom.py
[2024-12-21T21:27:35.993+0000] {processor.py:914} INFO - Processing file /home/airflow/.local/lib/python3.12/site-packages/airflow/example_dags/example_xcom.py for tasks to queue
[2024-12-21T21:27:35.998+0000] {logging_mixin.py:190} INFO - [2024-12-21T21:27:35.997+0000] {dagbag.py:588} INFO - Filling up the DagBag from /home/airflow/.local/lib/python3.12/site-packages/airflow/example_dags/example_xcom.py
[2024-12-21T21:27:36.020+0000] {processor.py:925} INFO - DAG(s) 'example_xcom' retrieved from /home/airflow/.local/lib/python3.12/site-packages/airflow/example_dags/example_xcom.py
[2024-12-21T21:27:36.068+0000] {logging_mixin.py:190} INFO - [2024-12-21T21:27:36.067+0000] {dag.py:3239} INFO - Sync 1 DAGs
[2024-12-21T21:27:36.122+0000] {logging_mixin.py:190} INFO - [2024-12-21T21:27:36.122+0000] {dag.py:4180} INFO - Setting next_dagrun for example_xcom to 2021-01-01 00:00:00+00:00, run_after=2021-01-01 00:00:00+00:00
[2024-12-21T21:27:36.168+0000] {processor.py:208} INFO - Processing /home/airflow/.local/lib/python3.12/site-packages/airflow/example_dags/example_xcom.py took 0.191 seconds
[2024-12-21T21:28:07.519+0000] {processor.py:186} INFO - Started process (PID=1209) to work on /home/airflow/.local/lib/python3.12/site-packages/airflow/example_dags/example_xcom.py
[2024-12-21T21:28:07.521+0000] {processor.py:914} INFO - Processing file /home/airflow/.local/lib/python3.12/site-packages/airflow/example_dags/example_xcom.py for tasks to queue
[2024-12-21T21:28:07.525+0000] {logging_mixin.py:190} INFO - [2024-12-21T21:28:07.525+0000] {dagbag.py:588} INFO - Filling up the DagBag from /home/airflow/.local/lib/python3.12/site-packages/airflow/example_dags/example_xcom.py
[2024-12-21T21:28:07.546+0000] {processor.py:925} INFO - DAG(s) 'example_xcom' retrieved from /home/airflow/.local/lib/python3.12/site-packages/airflow/example_dags/example_xcom.py
[2024-12-21T21:28:07.594+0000] {logging_mixin.py:190} INFO - [2024-12-21T21:28:07.594+0000] {dag.py:3239} INFO - Sync 1 DAGs
[2024-12-21T21:28:07.652+0000] {logging_mixin.py:190} INFO - [2024-12-21T21:28:07.651+0000] {dag.py:4180} INFO - Setting next_dagrun for example_xcom to 2021-01-01 00:00:00+00:00, run_after=2021-01-01 00:00:00+00:00
[2024-12-21T21:28:07.703+0000] {processor.py:208} INFO - Processing /home/airflow/.local/lib/python3.12/site-packages/airflow/example_dags/example_xcom.py took 0.195 seconds
[2024-12-21T21:28:39.740+0000] {processor.py:186} INFO - Started process (PID=1507) to work on /home/airflow/.local/lib/python3.12/site-packages/airflow/example_dags/example_xcom.py
[2024-12-21T21:28:39.742+0000] {processor.py:914} INFO - Processing file /home/airflow/.local/lib/python3.12/site-packages/airflow/example_dags/example_xcom.py for tasks to queue
[2024-12-21T21:28:39.748+0000] {logging_mixin.py:190} INFO - [2024-12-21T21:28:39.747+0000] {dagbag.py:588} INFO - Filling up the DagBag from /home/airflow/.local/lib/python3.12/site-packages/airflow/example_dags/example_xcom.py
[2024-12-21T21:28:39.770+0000] {processor.py:925} INFO - DAG(s) 'example_xcom' retrieved from /home/airflow/.local/lib/python3.12/site-packages/airflow/example_dags/example_xcom.py
[2024-12-21T21:28:39.811+0000] {logging_mixin.py:190} INFO - [2024-12-21T21:28:39.810+0000] {dag.py:3239} INFO - Sync 1 DAGs
[2024-12-21T21:28:39.860+0000] {logging_mixin.py:190} INFO - [2024-12-21T21:28:39.859+0000] {dag.py:4180} INFO - Setting next_dagrun for example_xcom to 2021-01-01 00:00:00+00:00, run_after=2021-01-01 00:00:00+00:00
[2024-12-21T21:28:39.898+0000] {processor.py:208} INFO - Processing /home/airflow/.local/lib/python3.12/site-packages/airflow/example_dags/example_xcom.py took 0.172 seconds
[2024-12-21T21:29:10.579+0000] {processor.py:186} INFO - Started process (PID=1801) to work on /home/airflow/.local/lib/python3.12/site-packages/airflow/example_dags/example_xcom.py
[2024-12-21T21:29:10.581+0000] {processor.py:914} INFO - Processing file /home/airflow/.local/lib/python3.12/site-packages/airflow/example_dags/example_xcom.py for tasks to queue
[2024-12-21T21:29:10.587+0000] {logging_mixin.py:190} INFO - [2024-12-21T21:29:10.586+0000] {dagbag.py:588} INFO - Filling up the DagBag from /home/airflow/.local/lib/python3.12/site-packages/airflow/example_dags/example_xcom.py
[2024-12-21T21:29:10.609+0000] {processor.py:925} INFO - DAG(s) 'example_xcom' retrieved from /home/airflow/.local/lib/python3.12/site-packages/airflow/example_dags/example_xcom.py
[2024-12-21T21:29:10.660+0000] {logging_mixin.py:190} INFO - [2024-12-21T21:29:10.659+0000] {dag.py:3239} INFO - Sync 1 DAGs
[2024-12-21T21:29:10.716+0000] {logging_mixin.py:190} INFO - [2024-12-21T21:29:10.716+0000] {dag.py:4180} INFO - Setting next_dagrun for example_xcom to 2021-01-01 00:00:00+00:00, run_after=2021-01-01 00:00:00+00:00
[2024-12-21T21:29:10.758+0000] {processor.py:208} INFO - Processing /home/airflow/.local/lib/python3.12/site-packages/airflow/example_dags/example_xcom.py took 0.191 seconds
[2024-12-21T21:29:41.437+0000] {processor.py:186} INFO - Started process (PID=2098) to work on /home/airflow/.local/lib/python3.12/site-packages/airflow/example_dags/example_xcom.py
[2024-12-21T21:29:41.439+0000] {processor.py:914} INFO - Processing file /home/airflow/.local/lib/python3.12/site-packages/airflow/example_dags/example_xcom.py for tasks to queue
[2024-12-21T21:29:41.443+0000] {logging_mixin.py:190} INFO - [2024-12-21T21:29:41.443+0000] {dagbag.py:588} INFO - Filling up the DagBag from /home/airflow/.local/lib/python3.12/site-packages/airflow/example_dags/example_xcom.py
[2024-12-21T21:29:41.460+0000] {processor.py:925} INFO - DAG(s) 'example_xcom' retrieved from /home/airflow/.local/lib/python3.12/site-packages/airflow/example_dags/example_xcom.py
[2024-12-21T21:29:41.505+0000] {logging_mixin.py:190} INFO - [2024-12-21T21:29:41.505+0000] {dag.py:3239} INFO - Sync 1 DAGs
[2024-12-21T21:29:41.561+0000] {logging_mixin.py:190} INFO - [2024-12-21T21:29:41.561+0000] {dag.py:4180} INFO - Setting next_dagrun for example_xcom to 2021-01-01 00:00:00+00:00, run_after=2021-01-01 00:00:00+00:00
[2024-12-21T21:29:41.598+0000] {processor.py:208} INFO - Processing /home/airflow/.local/lib/python3.12/site-packages/airflow/example_dags/example_xcom.py took 0.171 seconds
[2024-12-21T21:30:11.860+0000] {processor.py:186} INFO - Started process (PID=2389) to work on /home/airflow/.local/lib/python3.12/site-packages/airflow/example_dags/example_xcom.py
[2024-12-21T21:30:11.862+0000] {processor.py:914} INFO - Processing file /home/airflow/.local/lib/python3.12/site-packages/airflow/example_dags/example_xcom.py for tasks to queue
[2024-12-21T21:30:11.867+0000] {logging_mixin.py:190} INFO - [2024-12-21T21:30:11.866+0000] {dagbag.py:588} INFO - Filling up the DagBag from /home/airflow/.local/lib/python3.12/site-packages/airflow/example_dags/example_xcom.py
[2024-12-21T21:30:11.887+0000] {processor.py:925} INFO - DAG(s) 'example_xcom' retrieved from /home/airflow/.local/lib/python3.12/site-packages/airflow/example_dags/example_xcom.py
[2024-12-21T21:30:11.930+0000] {logging_mixin.py:190} INFO - [2024-12-21T21:30:11.930+0000] {dag.py:3239} INFO - Sync 1 DAGs
[2024-12-21T21:30:11.984+0000] {logging_mixin.py:190} INFO - [2024-12-21T21:30:11.983+0000] {dag.py:4180} INFO - Setting next_dagrun for example_xcom to 2021-01-01 00:00:00+00:00, run_after=2021-01-01 00:00:00+00:00
[2024-12-21T21:30:12.028+0000] {processor.py:208} INFO - Processing /home/airflow/.local/lib/python3.12/site-packages/airflow/example_dags/example_xcom.py took 0.178 seconds
[2024-12-21T21:30:42.243+0000] {processor.py:186} INFO - Started process (PID=2682) to work on /home/airflow/.local/lib/python3.12/site-packages/airflow/example_dags/example_xcom.py
[2024-12-21T21:30:42.245+0000] {processor.py:914} INFO - Processing file /home/airflow/.local/lib/python3.12/site-packages/airflow/example_dags/example_xcom.py for tasks to queue
[2024-12-21T21:30:42.249+0000] {logging_mixin.py:190} INFO - [2024-12-21T21:30:42.248+0000] {dagbag.py:588} INFO - Filling up the DagBag from /home/airflow/.local/lib/python3.12/site-packages/airflow/example_dags/example_xcom.py
[2024-12-21T21:30:42.267+0000] {processor.py:925} INFO - DAG(s) 'example_xcom' retrieved from /home/airflow/.local/lib/python3.12/site-packages/airflow/example_dags/example_xcom.py
[2024-12-21T21:30:42.317+0000] {logging_mixin.py:190} INFO - [2024-12-21T21:30:42.316+0000] {dag.py:3239} INFO - Sync 1 DAGs
[2024-12-21T21:30:42.363+0000] {logging_mixin.py:190} INFO - [2024-12-21T21:30:42.363+0000] {dag.py:4180} INFO - Setting next_dagrun for example_xcom to 2021-01-01 00:00:00+00:00, run_after=2021-01-01 00:00:00+00:00
[2024-12-21T21:30:42.403+0000] {processor.py:208} INFO - Processing /home/airflow/.local/lib/python3.12/site-packages/airflow/example_dags/example_xcom.py took 0.170 seconds
[2024-12-21T21:31:12.551+0000] {processor.py:186} INFO - Started process (PID=2978) to work on /home/airflow/.local/lib/python3.12/site-packages/airflow/example_dags/example_xcom.py
[2024-12-21T21:31:12.553+0000] {processor.py:914} INFO - Processing file /home/airflow/.local/lib/python3.12/site-packages/airflow/example_dags/example_xcom.py for tasks to queue
[2024-12-21T21:31:12.557+0000] {logging_mixin.py:190} INFO - [2024-12-21T21:31:12.556+0000] {dagbag.py:588} INFO - Filling up the DagBag from /home/airflow/.local/lib/python3.12/site-packages/airflow/example_dags/example_xcom.py
[2024-12-21T21:31:12.575+0000] {processor.py:925} INFO - DAG(s) 'example_xcom' retrieved from /home/airflow/.local/lib/python3.12/site-packages/airflow/example_dags/example_xcom.py
[2024-12-21T21:31:12.617+0000] {logging_mixin.py:190} INFO - [2024-12-21T21:31:12.616+0000] {dag.py:3239} INFO - Sync 1 DAGs
[2024-12-21T21:31:12.673+0000] {logging_mixin.py:190} INFO - [2024-12-21T21:31:12.672+0000] {dag.py:4180} INFO - Setting next_dagrun for example_xcom to 2021-01-01 00:00:00+00:00, run_after=2021-01-01 00:00:00+00:00
[2024-12-21T21:31:12.711+0000] {processor.py:208} INFO - Processing /home/airflow/.local/lib/python3.12/site-packages/airflow/example_dags/example_xcom.py took 0.170 seconds
[2024-12-21T21:31:42.821+0000] {processor.py:186} INFO - Started process (PID=3273) to work on /home/airflow/.local/lib/python3.12/site-packages/airflow/example_dags/example_xcom.py
[2024-12-21T21:31:42.823+0000] {processor.py:914} INFO - Processing file /home/airflow/.local/lib/python3.12/site-packages/airflow/example_dags/example_xcom.py for tasks to queue
[2024-12-21T21:31:42.828+0000] {logging_mixin.py:190} INFO - [2024-12-21T21:31:42.827+0000] {dagbag.py:588} INFO - Filling up the DagBag from /home/airflow/.local/lib/python3.12/site-packages/airflow/example_dags/example_xcom.py
[2024-12-21T21:31:42.848+0000] {processor.py:925} INFO - DAG(s) 'example_xcom' retrieved from /home/airflow/.local/lib/python3.12/site-packages/airflow/example_dags/example_xcom.py
[2024-12-21T21:31:42.893+0000] {logging_mixin.py:190} INFO - [2024-12-21T21:31:42.893+0000] {dag.py:3239} INFO - Sync 1 DAGs
[2024-12-21T21:31:42.945+0000] {logging_mixin.py:190} INFO - [2024-12-21T21:31:42.945+0000] {dag.py:4180} INFO - Setting next_dagrun for example_xcom to 2021-01-01 00:00:00+00:00, run_after=2021-01-01 00:00:00+00:00
[2024-12-21T21:31:42.985+0000] {processor.py:208} INFO - Processing /home/airflow/.local/lib/python3.12/site-packages/airflow/example_dags/example_xcom.py took 0.175 seconds
[2024-12-21T21:32:13.435+0000] {processor.py:186} INFO - Started process (PID=3571) to work on /home/airflow/.local/lib/python3.12/site-packages/airflow/example_dags/example_xcom.py
[2024-12-21T21:32:13.437+0000] {processor.py:914} INFO - Processing file /home/airflow/.local/lib/python3.12/site-packages/airflow/example_dags/example_xcom.py for tasks to queue
[2024-12-21T21:32:13.441+0000] {logging_mixin.py:190} INFO - [2024-12-21T21:32:13.440+0000] {dagbag.py:588} INFO - Filling up the DagBag from /home/airflow/.local/lib/python3.12/site-packages/airflow/example_dags/example_xcom.py
[2024-12-21T21:32:13.457+0000] {processor.py:925} INFO - DAG(s) 'example_xcom' retrieved from /home/airflow/.local/lib/python3.12/site-packages/airflow/example_dags/example_xcom.py
[2024-12-21T21:32:13.500+0000] {logging_mixin.py:190} INFO - [2024-12-21T21:32:13.499+0000] {dag.py:3239} INFO - Sync 1 DAGs
[2024-12-21T21:32:13.550+0000] {logging_mixin.py:190} INFO - [2024-12-21T21:32:13.550+0000] {dag.py:4180} INFO - Setting next_dagrun for example_xcom to 2021-01-01 00:00:00+00:00, run_after=2021-01-01 00:00:00+00:00
[2024-12-21T21:32:13.612+0000] {processor.py:208} INFO - Processing /home/airflow/.local/lib/python3.12/site-packages/airflow/example_dags/example_xcom.py took 0.188 seconds
[2024-12-21T21:32:43.800+0000] {processor.py:186} INFO - Started process (PID=3865) to work on /home/airflow/.local/lib/python3.12/site-packages/airflow/example_dags/example_xcom.py
[2024-12-21T21:32:43.802+0000] {processor.py:914} INFO - Processing file /home/airflow/.local/lib/python3.12/site-packages/airflow/example_dags/example_xcom.py for tasks to queue
[2024-12-21T21:32:43.806+0000] {logging_mixin.py:190} INFO - [2024-12-21T21:32:43.805+0000] {dagbag.py:588} INFO - Filling up the DagBag from /home/airflow/.local/lib/python3.12/site-packages/airflow/example_dags/example_xcom.py
[2024-12-21T21:32:43.831+0000] {processor.py:925} INFO - DAG(s) 'example_xcom' retrieved from /home/airflow/.local/lib/python3.12/site-packages/airflow/example_dags/example_xcom.py
[2024-12-21T21:32:43.881+0000] {logging_mixin.py:190} INFO - [2024-12-21T21:32:43.880+0000] {dag.py:3239} INFO - Sync 1 DAGs
[2024-12-21T21:32:43.928+0000] {logging_mixin.py:190} INFO - [2024-12-21T21:32:43.927+0000] {dag.py:4180} INFO - Setting next_dagrun for example_xcom to 2021-01-01 00:00:00+00:00, run_after=2021-01-01 00:00:00+00:00
[2024-12-21T21:32:43.969+0000] {processor.py:208} INFO - Processing /home/airflow/.local/lib/python3.12/site-packages/airflow/example_dags/example_xcom.py took 0.180 seconds
[2024-12-21T21:33:14.089+0000] {processor.py:186} INFO - Started process (PID=4158) to work on /home/airflow/.local/lib/python3.12/site-packages/airflow/example_dags/example_xcom.py
[2024-12-21T21:33:14.091+0000] {processor.py:914} INFO - Processing file /home/airflow/.local/lib/python3.12/site-packages/airflow/example_dags/example_xcom.py for tasks to queue
[2024-12-21T21:33:14.097+0000] {logging_mixin.py:190} INFO - [2024-12-21T21:33:14.096+0000] {dagbag.py:588} INFO - Filling up the DagBag from /home/airflow/.local/lib/python3.12/site-packages/airflow/example_dags/example_xcom.py
[2024-12-21T21:33:14.118+0000] {processor.py:925} INFO - DAG(s) 'example_xcom' retrieved from /home/airflow/.local/lib/python3.12/site-packages/airflow/example_dags/example_xcom.py
[2024-12-21T21:33:14.172+0000] {logging_mixin.py:190} INFO - [2024-12-21T21:33:14.172+0000] {dag.py:3239} INFO - Sync 1 DAGs
[2024-12-21T21:33:14.216+0000] {logging_mixin.py:190} INFO - [2024-12-21T21:33:14.216+0000] {dag.py:4180} INFO - Setting next_dagrun for example_xcom to 2021-01-01 00:00:00+00:00, run_after=2021-01-01 00:00:00+00:00
[2024-12-21T21:33:14.250+0000] {processor.py:208} INFO - Processing /home/airflow/.local/lib/python3.12/site-packages/airflow/example_dags/example_xcom.py took 0.175 seconds
[2024-12-21T21:33:44.396+0000] {processor.py:186} INFO - Started process (PID=4454) to work on /home/airflow/.local/lib/python3.12/site-packages/airflow/example_dags/example_xcom.py
[2024-12-21T21:33:44.398+0000] {processor.py:914} INFO - Processing file /home/airflow/.local/lib/python3.12/site-packages/airflow/example_dags/example_xcom.py for tasks to queue
[2024-12-21T21:33:44.402+0000] {logging_mixin.py:190} INFO - [2024-12-21T21:33:44.401+0000] {dagbag.py:588} INFO - Filling up the DagBag from /home/airflow/.local/lib/python3.12/site-packages/airflow/example_dags/example_xcom.py
[2024-12-21T21:33:44.419+0000] {processor.py:925} INFO - DAG(s) 'example_xcom' retrieved from /home/airflow/.local/lib/python3.12/site-packages/airflow/example_dags/example_xcom.py
[2024-12-21T21:33:44.459+0000] {logging_mixin.py:190} INFO - [2024-12-21T21:33:44.458+0000] {dag.py:3239} INFO - Sync 1 DAGs
[2024-12-21T21:33:44.504+0000] {logging_mixin.py:190} INFO - [2024-12-21T21:33:44.503+0000] {dag.py:4180} INFO - Setting next_dagrun for example_xcom to 2021-01-01 00:00:00+00:00, run_after=2021-01-01 00:00:00+00:00
[2024-12-21T21:33:44.565+0000] {processor.py:208} INFO - Processing /home/airflow/.local/lib/python3.12/site-packages/airflow/example_dags/example_xcom.py took 0.179 seconds
[2024-12-21T21:34:15.400+0000] {processor.py:186} INFO - Started process (PID=4750) to work on /home/airflow/.local/lib/python3.12/site-packages/airflow/example_dags/example_xcom.py
[2024-12-21T21:34:15.402+0000] {processor.py:914} INFO - Processing file /home/airflow/.local/lib/python3.12/site-packages/airflow/example_dags/example_xcom.py for tasks to queue
[2024-12-21T21:34:15.407+0000] {logging_mixin.py:190} INFO - [2024-12-21T21:34:15.406+0000] {dagbag.py:588} INFO - Filling up the DagBag from /home/airflow/.local/lib/python3.12/site-packages/airflow/example_dags/example_xcom.py
[2024-12-21T21:34:15.426+0000] {processor.py:925} INFO - DAG(s) 'example_xcom' retrieved from /home/airflow/.local/lib/python3.12/site-packages/airflow/example_dags/example_xcom.py
[2024-12-21T21:34:15.471+0000] {logging_mixin.py:190} INFO - [2024-12-21T21:34:15.471+0000] {dag.py:3239} INFO - Sync 1 DAGs
[2024-12-21T21:34:15.521+0000] {logging_mixin.py:190} INFO - [2024-12-21T21:34:15.520+0000] {dag.py:4180} INFO - Setting next_dagrun for example_xcom to 2021-01-01 00:00:00+00:00, run_after=2021-01-01 00:00:00+00:00
[2024-12-21T21:34:15.561+0000] {processor.py:208} INFO - Processing /home/airflow/.local/lib/python3.12/site-packages/airflow/example_dags/example_xcom.py took 0.171 seconds
[2024-12-21T21:34:46.268+0000] {processor.py:186} INFO - Started process (PID=5050) to work on /home/airflow/.local/lib/python3.12/site-packages/airflow/example_dags/example_xcom.py
[2024-12-21T21:34:46.270+0000] {processor.py:914} INFO - Processing file /home/airflow/.local/lib/python3.12/site-packages/airflow/example_dags/example_xcom.py for tasks to queue
[2024-12-21T21:34:46.275+0000] {logging_mixin.py:190} INFO - [2024-12-21T21:34:46.274+0000] {dagbag.py:588} INFO - Filling up the DagBag from /home/airflow/.local/lib/python3.12/site-packages/airflow/example_dags/example_xcom.py
[2024-12-21T21:34:46.292+0000] {processor.py:925} INFO - DAG(s) 'example_xcom' retrieved from /home/airflow/.local/lib/python3.12/site-packages/airflow/example_dags/example_xcom.py
[2024-12-21T21:34:46.337+0000] {logging_mixin.py:190} INFO - [2024-12-21T21:34:46.337+0000] {dag.py:3239} INFO - Sync 1 DAGs
[2024-12-21T21:34:46.386+0000] {logging_mixin.py:190} INFO - [2024-12-21T21:34:46.386+0000] {dag.py:4180} INFO - Setting next_dagrun for example_xcom to 2021-01-01 00:00:00+00:00, run_after=2021-01-01 00:00:00+00:00
[2024-12-21T21:34:46.425+0000] {processor.py:208} INFO - Processing /home/airflow/.local/lib/python3.12/site-packages/airflow/example_dags/example_xcom.py took 0.166 seconds
[2024-12-21T21:35:16.532+0000] {processor.py:186} INFO - Started process (PID=5341) to work on /home/airflow/.local/lib/python3.12/site-packages/airflow/example_dags/example_xcom.py
[2024-12-21T21:35:16.534+0000] {processor.py:914} INFO - Processing file /home/airflow/.local/lib/python3.12/site-packages/airflow/example_dags/example_xcom.py for tasks to queue
[2024-12-21T21:35:16.538+0000] {logging_mixin.py:190} INFO - [2024-12-21T21:35:16.537+0000] {dagbag.py:588} INFO - Filling up the DagBag from /home/airflow/.local/lib/python3.12/site-packages/airflow/example_dags/example_xcom.py
[2024-12-21T21:35:16.556+0000] {processor.py:925} INFO - DAG(s) 'example_xcom' retrieved from /home/airflow/.local/lib/python3.12/site-packages/airflow/example_dags/example_xcom.py
[2024-12-21T21:35:16.604+0000] {logging_mixin.py:190} INFO - [2024-12-21T21:35:16.604+0000] {dag.py:3239} INFO - Sync 1 DAGs
[2024-12-21T21:35:16.659+0000] {logging_mixin.py:190} INFO - [2024-12-21T21:35:16.659+0000] {dag.py:4180} INFO - Setting next_dagrun for example_xcom to 2021-01-01 00:00:00+00:00, run_after=2021-01-01 00:00:00+00:00
[2024-12-21T21:35:16.721+0000] {processor.py:208} INFO - Processing /home/airflow/.local/lib/python3.12/site-packages/airflow/example_dags/example_xcom.py took 0.200 seconds
[2024-12-21T21:35:48.061+0000] {processor.py:186} INFO - Started process (PID=5644) to work on /home/airflow/.local/lib/python3.12/site-packages/airflow/example_dags/example_xcom.py
[2024-12-21T21:35:48.063+0000] {processor.py:914} INFO - Processing file /home/airflow/.local/lib/python3.12/site-packages/airflow/example_dags/example_xcom.py for tasks to queue
[2024-12-21T21:35:48.068+0000] {logging_mixin.py:190} INFO - [2024-12-21T21:35:48.067+0000] {dagbag.py:588} INFO - Filling up the DagBag from /home/airflow/.local/lib/python3.12/site-packages/airflow/example_dags/example_xcom.py
[2024-12-21T21:35:48.103+0000] {processor.py:925} INFO - DAG(s) 'example_xcom' retrieved from /home/airflow/.local/lib/python3.12/site-packages/airflow/example_dags/example_xcom.py
[2024-12-21T21:35:48.151+0000] {logging_mixin.py:190} INFO - [2024-12-21T21:35:48.150+0000] {dag.py:3239} INFO - Sync 1 DAGs
[2024-12-21T21:35:48.198+0000] {logging_mixin.py:190} INFO - [2024-12-21T21:35:48.198+0000] {dag.py:4180} INFO - Setting next_dagrun for example_xcom to 2021-01-01 00:00:00+00:00, run_after=2021-01-01 00:00:00+00:00
[2024-12-21T21:35:48.235+0000] {processor.py:208} INFO - Processing /home/airflow/.local/lib/python3.12/site-packages/airflow/example_dags/example_xcom.py took 0.187 seconds
[2024-12-21T21:36:18.417+0000] {processor.py:186} INFO - Started process (PID=5940) to work on /home/airflow/.local/lib/python3.12/site-packages/airflow/example_dags/example_xcom.py
[2024-12-21T21:36:18.419+0000] {processor.py:914} INFO - Processing file /home/airflow/.local/lib/python3.12/site-packages/airflow/example_dags/example_xcom.py for tasks to queue
[2024-12-21T21:36:18.423+0000] {logging_mixin.py:190} INFO - [2024-12-21T21:36:18.422+0000] {dagbag.py:588} INFO - Filling up the DagBag from /home/airflow/.local/lib/python3.12/site-packages/airflow/example_dags/example_xcom.py
[2024-12-21T21:36:18.441+0000] {processor.py:925} INFO - DAG(s) 'example_xcom' retrieved from /home/airflow/.local/lib/python3.12/site-packages/airflow/example_dags/example_xcom.py
[2024-12-21T21:36:18.488+0000] {logging_mixin.py:190} INFO - [2024-12-21T21:36:18.488+0000] {dag.py:3239} INFO - Sync 1 DAGs
[2024-12-21T21:36:18.541+0000] {logging_mixin.py:190} INFO - [2024-12-21T21:36:18.540+0000] {dag.py:4180} INFO - Setting next_dagrun for example_xcom to 2021-01-01 00:00:00+00:00, run_after=2021-01-01 00:00:00+00:00
[2024-12-21T21:36:18.605+0000] {processor.py:208} INFO - Processing /home/airflow/.local/lib/python3.12/site-packages/airflow/example_dags/example_xcom.py took 0.199 seconds
[2024-12-21T21:36:48.787+0000] {processor.py:186} INFO - Started process (PID=6236) to work on /home/airflow/.local/lib/python3.12/site-packages/airflow/example_dags/example_xcom.py
[2024-12-21T21:36:48.789+0000] {processor.py:914} INFO - Processing file /home/airflow/.local/lib/python3.12/site-packages/airflow/example_dags/example_xcom.py for tasks to queue
[2024-12-21T21:36:48.794+0000] {logging_mixin.py:190} INFO - [2024-12-21T21:36:48.793+0000] {dagbag.py:588} INFO - Filling up the DagBag from /home/airflow/.local/lib/python3.12/site-packages/airflow/example_dags/example_xcom.py
[2024-12-21T21:36:48.811+0000] {processor.py:925} INFO - DAG(s) 'example_xcom' retrieved from /home/airflow/.local/lib/python3.12/site-packages/airflow/example_dags/example_xcom.py
[2024-12-21T21:36:48.861+0000] {logging_mixin.py:190} INFO - [2024-12-21T21:36:48.860+0000] {dag.py:3239} INFO - Sync 1 DAGs
[2024-12-21T21:36:48.914+0000] {logging_mixin.py:190} INFO - [2024-12-21T21:36:48.913+0000] {dag.py:4180} INFO - Setting next_dagrun for example_xcom to 2021-01-01 00:00:00+00:00, run_after=2021-01-01 00:00:00+00:00
[2024-12-21T21:36:48.976+0000] {processor.py:208} INFO - Processing /home/airflow/.local/lib/python3.12/site-packages/airflow/example_dags/example_xcom.py took 0.202 seconds
[2024-12-21T21:37:19.339+0000] {processor.py:186} INFO - Started process (PID=6532) to work on /home/airflow/.local/lib/python3.12/site-packages/airflow/example_dags/example_xcom.py
[2024-12-21T21:37:19.341+0000] {processor.py:914} INFO - Processing file /home/airflow/.local/lib/python3.12/site-packages/airflow/example_dags/example_xcom.py for tasks to queue
[2024-12-21T21:37:19.346+0000] {logging_mixin.py:190} INFO - [2024-12-21T21:37:19.345+0000] {dagbag.py:588} INFO - Filling up the DagBag from /home/airflow/.local/lib/python3.12/site-packages/airflow/example_dags/example_xcom.py
[2024-12-21T21:37:19.363+0000] {processor.py:925} INFO - DAG(s) 'example_xcom' retrieved from /home/airflow/.local/lib/python3.12/site-packages/airflow/example_dags/example_xcom.py
[2024-12-21T21:37:19.405+0000] {logging_mixin.py:190} INFO - [2024-12-21T21:37:19.404+0000] {dag.py:3239} INFO - Sync 1 DAGs
[2024-12-21T21:37:19.448+0000] {logging_mixin.py:190} INFO - [2024-12-21T21:37:19.447+0000] {dag.py:4180} INFO - Setting next_dagrun for example_xcom to 2021-01-01 00:00:00+00:00, run_after=2021-01-01 00:00:00+00:00
[2024-12-21T21:37:19.492+0000] {processor.py:208} INFO - Processing /home/airflow/.local/lib/python3.12/site-packages/airflow/example_dags/example_xcom.py took 0.163 seconds
[2024-12-21T21:37:50.012+0000] {processor.py:186} INFO - Started process (PID=6826) to work on /home/airflow/.local/lib/python3.12/site-packages/airflow/example_dags/example_xcom.py
[2024-12-21T21:37:50.014+0000] {processor.py:914} INFO - Processing file /home/airflow/.local/lib/python3.12/site-packages/airflow/example_dags/example_xcom.py for tasks to queue
[2024-12-21T21:37:50.018+0000] {logging_mixin.py:190} INFO - [2024-12-21T21:37:50.018+0000] {dagbag.py:588} INFO - Filling up the DagBag from /home/airflow/.local/lib/python3.12/site-packages/airflow/example_dags/example_xcom.py
[2024-12-21T21:37:50.040+0000] {processor.py:925} INFO - DAG(s) 'example_xcom' retrieved from /home/airflow/.local/lib/python3.12/site-packages/airflow/example_dags/example_xcom.py
[2024-12-21T21:37:50.089+0000] {logging_mixin.py:190} INFO - [2024-12-21T21:37:50.089+0000] {dag.py:3239} INFO - Sync 1 DAGs
[2024-12-21T21:37:50.143+0000] {logging_mixin.py:190} INFO - [2024-12-21T21:37:50.142+0000] {dag.py:4180} INFO - Setting next_dagrun for example_xcom to 2021-01-01 00:00:00+00:00, run_after=2021-01-01 00:00:00+00:00
[2024-12-21T21:37:50.184+0000] {processor.py:208} INFO - Processing /home/airflow/.local/lib/python3.12/site-packages/airflow/example_dags/example_xcom.py took 0.185 seconds
[2024-12-21T21:38:22.227+0000] {processor.py:186} INFO - Started process (PID=7124) to work on /home/airflow/.local/lib/python3.12/site-packages/airflow/example_dags/example_xcom.py
[2024-12-21T21:38:22.230+0000] {processor.py:914} INFO - Processing file /home/airflow/.local/lib/python3.12/site-packages/airflow/example_dags/example_xcom.py for tasks to queue
[2024-12-21T21:38:22.237+0000] {logging_mixin.py:190} INFO - [2024-12-21T21:38:22.236+0000] {dagbag.py:588} INFO - Filling up the DagBag from /home/airflow/.local/lib/python3.12/site-packages/airflow/example_dags/example_xcom.py
[2024-12-21T21:38:22.268+0000] {processor.py:925} INFO - DAG(s) 'example_xcom' retrieved from /home/airflow/.local/lib/python3.12/site-packages/airflow/example_dags/example_xcom.py
[2024-12-21T21:38:22.346+0000] {logging_mixin.py:190} INFO - [2024-12-21T21:38:22.345+0000] {dag.py:3239} INFO - Sync 1 DAGs
[2024-12-21T21:38:22.431+0000] {logging_mixin.py:190} INFO - [2024-12-21T21:38:22.429+0000] {dag.py:4180} INFO - Setting next_dagrun for example_xcom to 2021-01-01 00:00:00+00:00, run_after=2021-01-01 00:00:00+00:00
[2024-12-21T21:38:22.485+0000] {processor.py:208} INFO - Processing /home/airflow/.local/lib/python3.12/site-packages/airflow/example_dags/example_xcom.py took 0.275 seconds
[2024-12-21T21:38:53.786+0000] {processor.py:186} INFO - Started process (PID=7410) to work on /home/airflow/.local/lib/python3.12/site-packages/airflow/example_dags/example_xcom.py
[2024-12-21T21:38:53.788+0000] {processor.py:914} INFO - Processing file /home/airflow/.local/lib/python3.12/site-packages/airflow/example_dags/example_xcom.py for tasks to queue
[2024-12-21T21:38:53.795+0000] {logging_mixin.py:190} INFO - [2024-12-21T21:38:53.795+0000] {dagbag.py:588} INFO - Filling up the DagBag from /home/airflow/.local/lib/python3.12/site-packages/airflow/example_dags/example_xcom.py
[2024-12-21T21:38:53.817+0000] {processor.py:925} INFO - DAG(s) 'example_xcom' retrieved from /home/airflow/.local/lib/python3.12/site-packages/airflow/example_dags/example_xcom.py
[2024-12-21T21:38:53.880+0000] {logging_mixin.py:190} INFO - [2024-12-21T21:38:53.880+0000] {dag.py:3239} INFO - Sync 1 DAGs
[2024-12-21T21:38:53.939+0000] {logging_mixin.py:190} INFO - [2024-12-21T21:38:53.939+0000] {dag.py:4180} INFO - Setting next_dagrun for example_xcom to 2021-01-01 00:00:00+00:00, run_after=2021-01-01 00:00:00+00:00
[2024-12-21T21:38:53.976+0000] {processor.py:208} INFO - Processing /home/airflow/.local/lib/python3.12/site-packages/airflow/example_dags/example_xcom.py took 0.201 seconds
[2024-12-21T21:39:25.126+0000] {processor.py:186} INFO - Started process (PID=7704) to work on /home/airflow/.local/lib/python3.12/site-packages/airflow/example_dags/example_xcom.py
[2024-12-21T21:39:25.129+0000] {processor.py:914} INFO - Processing file /home/airflow/.local/lib/python3.12/site-packages/airflow/example_dags/example_xcom.py for tasks to queue
[2024-12-21T21:39:25.133+0000] {logging_mixin.py:190} INFO - [2024-12-21T21:39:25.133+0000] {dagbag.py:588} INFO - Filling up the DagBag from /home/airflow/.local/lib/python3.12/site-packages/airflow/example_dags/example_xcom.py
[2024-12-21T21:39:25.159+0000] {processor.py:925} INFO - DAG(s) 'example_xcom' retrieved from /home/airflow/.local/lib/python3.12/site-packages/airflow/example_dags/example_xcom.py
[2024-12-21T21:39:25.212+0000] {logging_mixin.py:190} INFO - [2024-12-21T21:39:25.211+0000] {dag.py:3239} INFO - Sync 1 DAGs
[2024-12-21T21:39:25.266+0000] {logging_mixin.py:190} INFO - [2024-12-21T21:39:25.265+0000] {dag.py:4180} INFO - Setting next_dagrun for example_xcom to 2021-01-01 00:00:00+00:00, run_after=2021-01-01 00:00:00+00:00
[2024-12-21T21:39:25.337+0000] {processor.py:208} INFO - Processing /home/airflow/.local/lib/python3.12/site-packages/airflow/example_dags/example_xcom.py took 0.227 seconds
[2024-12-21T21:39:55.936+0000] {processor.py:186} INFO - Started process (PID=7990) to work on /home/airflow/.local/lib/python3.12/site-packages/airflow/example_dags/example_xcom.py
[2024-12-21T21:39:55.939+0000] {processor.py:914} INFO - Processing file /home/airflow/.local/lib/python3.12/site-packages/airflow/example_dags/example_xcom.py for tasks to queue
[2024-12-21T21:39:55.945+0000] {logging_mixin.py:190} INFO - [2024-12-21T21:39:55.945+0000] {dagbag.py:588} INFO - Filling up the DagBag from /home/airflow/.local/lib/python3.12/site-packages/airflow/example_dags/example_xcom.py
[2024-12-21T21:39:55.968+0000] {processor.py:925} INFO - DAG(s) 'example_xcom' retrieved from /home/airflow/.local/lib/python3.12/site-packages/airflow/example_dags/example_xcom.py
[2024-12-21T21:39:56.033+0000] {logging_mixin.py:190} INFO - [2024-12-21T21:39:56.032+0000] {dag.py:3239} INFO - Sync 1 DAGs
[2024-12-21T21:39:56.107+0000] {logging_mixin.py:190} INFO - [2024-12-21T21:39:56.106+0000] {dag.py:4180} INFO - Setting next_dagrun for example_xcom to 2021-01-01 00:00:00+00:00, run_after=2021-01-01 00:00:00+00:00
[2024-12-21T21:39:56.171+0000] {processor.py:208} INFO - Processing /home/airflow/.local/lib/python3.12/site-packages/airflow/example_dags/example_xcom.py took 0.247 seconds
[2024-12-21T21:40:27.397+0000] {processor.py:186} INFO - Started process (PID=8286) to work on /home/airflow/.local/lib/python3.12/site-packages/airflow/example_dags/example_xcom.py
[2024-12-21T21:40:27.399+0000] {processor.py:914} INFO - Processing file /home/airflow/.local/lib/python3.12/site-packages/airflow/example_dags/example_xcom.py for tasks to queue
[2024-12-21T21:40:27.404+0000] {logging_mixin.py:190} INFO - [2024-12-21T21:40:27.403+0000] {dagbag.py:588} INFO - Filling up the DagBag from /home/airflow/.local/lib/python3.12/site-packages/airflow/example_dags/example_xcom.py
[2024-12-21T21:40:27.422+0000] {processor.py:925} INFO - DAG(s) 'example_xcom' retrieved from /home/airflow/.local/lib/python3.12/site-packages/airflow/example_dags/example_xcom.py
[2024-12-21T21:40:27.463+0000] {logging_mixin.py:190} INFO - [2024-12-21T21:40:27.463+0000] {dag.py:3239} INFO - Sync 1 DAGs
[2024-12-21T21:40:27.522+0000] {logging_mixin.py:190} INFO - [2024-12-21T21:40:27.521+0000] {dag.py:4180} INFO - Setting next_dagrun for example_xcom to 2021-01-01 00:00:00+00:00, run_after=2021-01-01 00:00:00+00:00
[2024-12-21T21:40:27.596+0000] {processor.py:208} INFO - Processing /home/airflow/.local/lib/python3.12/site-packages/airflow/example_dags/example_xcom.py took 0.211 seconds
