[2024-12-21T21:11:28.663+0000] {processor.py:186} INFO - Started process (PID=448) to work on /home/airflow/.local/lib/python3.12/site-packages/airflow/example_dags/example_skip_dag.py
[2024-12-21T21:11:28.666+0000] {processor.py:914} INFO - Processing file /home/airflow/.local/lib/python3.12/site-packages/airflow/example_dags/example_skip_dag.py for tasks to queue
[2024-12-21T21:11:28.673+0000] {logging_mixin.py:190} INFO - [2024-12-21T21:11:28.672+0000] {dagbag.py:588} INFO - Filling up the DagBag from /home/airflow/.local/lib/python3.12/site-packages/airflow/example_dags/example_skip_dag.py
[2024-12-21T21:11:28.695+0000] {processor.py:925} INFO - DAG(s) 'example_skip_dag' retrieved from /home/airflow/.local/lib/python3.12/site-packages/airflow/example_dags/example_skip_dag.py
[2024-12-21T21:11:28.986+0000] {logging_mixin.py:190} INFO - [2024-12-21T21:11:28.985+0000] {override.py:1911} INFO - Created Permission View: can delete on DAG:example_skip_dag
[2024-12-21T21:11:29.006+0000] {logging_mixin.py:190} INFO - [2024-12-21T21:11:29.005+0000] {override.py:1911} INFO - Created Permission View: can edit on DAG:example_skip_dag
[2024-12-21T21:11:29.024+0000] {logging_mixin.py:190} INFO - [2024-12-21T21:11:29.019+0000] {override.py:1911} INFO - Created Permission View: can read on DAG:example_skip_dag
[2024-12-21T21:11:29.047+0000] {logging_mixin.py:190} INFO - [2024-12-21T21:11:29.046+0000] {override.py:1911} INFO - Created Permission View: can delete on DAG Run:example_skip_dag
[2024-12-21T21:11:29.061+0000] {logging_mixin.py:190} INFO - [2024-12-21T21:11:29.060+0000] {override.py:1911} INFO - Created Permission View: can read on DAG Run:example_skip_dag
[2024-12-21T21:11:29.077+0000] {logging_mixin.py:190} INFO - [2024-12-21T21:11:29.077+0000] {override.py:1911} INFO - Created Permission View: can create on DAG Run:example_skip_dag
[2024-12-21T21:11:29.092+0000] {logging_mixin.py:190} INFO - [2024-12-21T21:11:29.091+0000] {override.py:1911} INFO - Created Permission View: menu access on DAG Run:example_skip_dag
[2024-12-21T21:11:29.093+0000] {logging_mixin.py:190} INFO - [2024-12-21T21:11:29.093+0000] {dag.py:3239} INFO - Sync 1 DAGs
[2024-12-21T21:11:29.123+0000] {logging_mixin.py:190} INFO - [2024-12-21T21:11:29.123+0000] {dag.py:3262} INFO - Creating ORM DAG for example_skip_dag
[2024-12-21T21:11:29.143+0000] {logging_mixin.py:190} INFO - [2024-12-21T21:11:29.142+0000] {dag.py:4180} INFO - Setting next_dagrun for example_skip_dag to 2024-12-20 00:00:00+00:00, run_after=2024-12-21 00:00:00+00:00
[2024-12-21T21:11:29.186+0000] {processor.py:208} INFO - Processing /home/airflow/.local/lib/python3.12/site-packages/airflow/example_dags/example_skip_dag.py took 0.537 seconds
[2024-12-21T21:11:59.678+0000] {processor.py:186} INFO - Started process (PID=744) to work on /home/airflow/.local/lib/python3.12/site-packages/airflow/example_dags/example_skip_dag.py
[2024-12-21T21:11:59.680+0000] {processor.py:914} INFO - Processing file /home/airflow/.local/lib/python3.12/site-packages/airflow/example_dags/example_skip_dag.py for tasks to queue
[2024-12-21T21:11:59.684+0000] {logging_mixin.py:190} INFO - [2024-12-21T21:11:59.683+0000] {dagbag.py:588} INFO - Filling up the DagBag from /home/airflow/.local/lib/python3.12/site-packages/airflow/example_dags/example_skip_dag.py
[2024-12-21T21:11:59.699+0000] {processor.py:925} INFO - DAG(s) 'example_skip_dag' retrieved from /home/airflow/.local/lib/python3.12/site-packages/airflow/example_dags/example_skip_dag.py
[2024-12-21T21:11:59.744+0000] {logging_mixin.py:190} INFO - [2024-12-21T21:11:59.743+0000] {dag.py:3239} INFO - Sync 1 DAGs
[2024-12-21T21:11:59.797+0000] {logging_mixin.py:190} INFO - [2024-12-21T21:11:59.797+0000] {dag.py:4180} INFO - Setting next_dagrun for example_skip_dag to 2024-12-20 00:00:00+00:00, run_after=2024-12-21 00:00:00+00:00
[2024-12-21T21:11:59.834+0000] {processor.py:208} INFO - Processing /home/airflow/.local/lib/python3.12/site-packages/airflow/example_dags/example_skip_dag.py took 0.169 seconds
[2024-12-21T21:12:31.077+0000] {processor.py:186} INFO - Started process (PID=1042) to work on /home/airflow/.local/lib/python3.12/site-packages/airflow/example_dags/example_skip_dag.py
[2024-12-21T21:12:31.079+0000] {processor.py:914} INFO - Processing file /home/airflow/.local/lib/python3.12/site-packages/airflow/example_dags/example_skip_dag.py for tasks to queue
[2024-12-21T21:12:31.083+0000] {logging_mixin.py:190} INFO - [2024-12-21T21:12:31.083+0000] {dagbag.py:588} INFO - Filling up the DagBag from /home/airflow/.local/lib/python3.12/site-packages/airflow/example_dags/example_skip_dag.py
[2024-12-21T21:12:31.099+0000] {processor.py:925} INFO - DAG(s) 'example_skip_dag' retrieved from /home/airflow/.local/lib/python3.12/site-packages/airflow/example_dags/example_skip_dag.py
[2024-12-21T21:12:31.146+0000] {logging_mixin.py:190} INFO - [2024-12-21T21:12:31.146+0000] {dag.py:3239} INFO - Sync 1 DAGs
[2024-12-21T21:12:31.199+0000] {logging_mixin.py:190} INFO - [2024-12-21T21:12:31.199+0000] {dag.py:4180} INFO - Setting next_dagrun for example_skip_dag to 2024-12-20 00:00:00+00:00, run_after=2024-12-21 00:00:00+00:00
[2024-12-21T21:12:31.239+0000] {processor.py:208} INFO - Processing /home/airflow/.local/lib/python3.12/site-packages/airflow/example_dags/example_skip_dag.py took 0.172 seconds
[2024-12-21T21:13:02.525+0000] {processor.py:186} INFO - Started process (PID=1338) to work on /home/airflow/.local/lib/python3.12/site-packages/airflow/example_dags/example_skip_dag.py
[2024-12-21T21:13:02.527+0000] {processor.py:914} INFO - Processing file /home/airflow/.local/lib/python3.12/site-packages/airflow/example_dags/example_skip_dag.py for tasks to queue
[2024-12-21T21:13:02.532+0000] {logging_mixin.py:190} INFO - [2024-12-21T21:13:02.531+0000] {dagbag.py:588} INFO - Filling up the DagBag from /home/airflow/.local/lib/python3.12/site-packages/airflow/example_dags/example_skip_dag.py
[2024-12-21T21:13:02.548+0000] {processor.py:925} INFO - DAG(s) 'example_skip_dag' retrieved from /home/airflow/.local/lib/python3.12/site-packages/airflow/example_dags/example_skip_dag.py
[2024-12-21T21:13:02.592+0000] {logging_mixin.py:190} INFO - [2024-12-21T21:13:02.592+0000] {dag.py:3239} INFO - Sync 1 DAGs
[2024-12-21T21:13:02.639+0000] {logging_mixin.py:190} INFO - [2024-12-21T21:13:02.639+0000] {dag.py:4180} INFO - Setting next_dagrun for example_skip_dag to 2024-12-20 00:00:00+00:00, run_after=2024-12-21 00:00:00+00:00
[2024-12-21T21:13:02.685+0000] {processor.py:208} INFO - Processing /home/airflow/.local/lib/python3.12/site-packages/airflow/example_dags/example_skip_dag.py took 0.171 seconds
[2024-12-21T21:13:34.127+0000] {processor.py:186} INFO - Started process (PID=1632) to work on /home/airflow/.local/lib/python3.12/site-packages/airflow/example_dags/example_skip_dag.py
[2024-12-21T21:13:34.129+0000] {processor.py:914} INFO - Processing file /home/airflow/.local/lib/python3.12/site-packages/airflow/example_dags/example_skip_dag.py for tasks to queue
[2024-12-21T21:13:34.133+0000] {logging_mixin.py:190} INFO - [2024-12-21T21:13:34.133+0000] {dagbag.py:588} INFO - Filling up the DagBag from /home/airflow/.local/lib/python3.12/site-packages/airflow/example_dags/example_skip_dag.py
[2024-12-21T21:13:34.152+0000] {processor.py:925} INFO - DAG(s) 'example_skip_dag' retrieved from /home/airflow/.local/lib/python3.12/site-packages/airflow/example_dags/example_skip_dag.py
[2024-12-21T21:13:34.206+0000] {logging_mixin.py:190} INFO - [2024-12-21T21:13:34.205+0000] {dag.py:3239} INFO - Sync 1 DAGs
[2024-12-21T21:13:34.262+0000] {logging_mixin.py:190} INFO - [2024-12-21T21:13:34.262+0000] {dag.py:4180} INFO - Setting next_dagrun for example_skip_dag to 2024-12-20 00:00:00+00:00, run_after=2024-12-21 00:00:00+00:00
[2024-12-21T21:13:34.328+0000] {processor.py:208} INFO - Processing /home/airflow/.local/lib/python3.12/site-packages/airflow/example_dags/example_skip_dag.py took 0.213 seconds
[2024-12-21T21:14:06.266+0000] {processor.py:186} INFO - Started process (PID=1928) to work on /home/airflow/.local/lib/python3.12/site-packages/airflow/example_dags/example_skip_dag.py
[2024-12-21T21:14:06.268+0000] {processor.py:914} INFO - Processing file /home/airflow/.local/lib/python3.12/site-packages/airflow/example_dags/example_skip_dag.py for tasks to queue
[2024-12-21T21:14:06.273+0000] {logging_mixin.py:190} INFO - [2024-12-21T21:14:06.272+0000] {dagbag.py:588} INFO - Filling up the DagBag from /home/airflow/.local/lib/python3.12/site-packages/airflow/example_dags/example_skip_dag.py
[2024-12-21T21:14:06.292+0000] {processor.py:925} INFO - DAG(s) 'example_skip_dag' retrieved from /home/airflow/.local/lib/python3.12/site-packages/airflow/example_dags/example_skip_dag.py
[2024-12-21T21:14:06.344+0000] {logging_mixin.py:190} INFO - [2024-12-21T21:14:06.343+0000] {dag.py:3239} INFO - Sync 1 DAGs
[2024-12-21T21:14:06.401+0000] {logging_mixin.py:190} INFO - [2024-12-21T21:14:06.401+0000] {dag.py:4180} INFO - Setting next_dagrun for example_skip_dag to 2024-12-20 00:00:00+00:00, run_after=2024-12-21 00:00:00+00:00
[2024-12-21T21:14:06.438+0000] {processor.py:208} INFO - Processing /home/airflow/.local/lib/python3.12/site-packages/airflow/example_dags/example_skip_dag.py took 0.182 seconds
[2024-12-21T21:14:37.839+0000] {processor.py:186} INFO - Started process (PID=2224) to work on /home/airflow/.local/lib/python3.12/site-packages/airflow/example_dags/example_skip_dag.py
[2024-12-21T21:14:37.841+0000] {processor.py:914} INFO - Processing file /home/airflow/.local/lib/python3.12/site-packages/airflow/example_dags/example_skip_dag.py for tasks to queue
[2024-12-21T21:14:37.846+0000] {logging_mixin.py:190} INFO - [2024-12-21T21:14:37.845+0000] {dagbag.py:588} INFO - Filling up the DagBag from /home/airflow/.local/lib/python3.12/site-packages/airflow/example_dags/example_skip_dag.py
[2024-12-21T21:14:37.865+0000] {processor.py:925} INFO - DAG(s) 'example_skip_dag' retrieved from /home/airflow/.local/lib/python3.12/site-packages/airflow/example_dags/example_skip_dag.py
[2024-12-21T21:14:37.911+0000] {logging_mixin.py:190} INFO - [2024-12-21T21:14:37.911+0000] {dag.py:3239} INFO - Sync 1 DAGs
[2024-12-21T21:14:37.967+0000] {logging_mixin.py:190} INFO - [2024-12-21T21:14:37.966+0000] {dag.py:4180} INFO - Setting next_dagrun for example_skip_dag to 2024-12-20 00:00:00+00:00, run_after=2024-12-21 00:00:00+00:00
[2024-12-21T21:14:38.007+0000] {processor.py:208} INFO - Processing /home/airflow/.local/lib/python3.12/site-packages/airflow/example_dags/example_skip_dag.py took 0.182 seconds
[2024-12-21T21:15:10.701+0000] {processor.py:186} INFO - Started process (PID=2520) to work on /home/airflow/.local/lib/python3.12/site-packages/airflow/example_dags/example_skip_dag.py
[2024-12-21T21:15:10.703+0000] {processor.py:914} INFO - Processing file /home/airflow/.local/lib/python3.12/site-packages/airflow/example_dags/example_skip_dag.py for tasks to queue
[2024-12-21T21:15:10.707+0000] {logging_mixin.py:190} INFO - [2024-12-21T21:15:10.707+0000] {dagbag.py:588} INFO - Filling up the DagBag from /home/airflow/.local/lib/python3.12/site-packages/airflow/example_dags/example_skip_dag.py
[2024-12-21T21:15:10.725+0000] {processor.py:925} INFO - DAG(s) 'example_skip_dag' retrieved from /home/airflow/.local/lib/python3.12/site-packages/airflow/example_dags/example_skip_dag.py
[2024-12-21T21:15:10.770+0000] {logging_mixin.py:190} INFO - [2024-12-21T21:15:10.770+0000] {dag.py:3239} INFO - Sync 1 DAGs
[2024-12-21T21:15:10.818+0000] {logging_mixin.py:190} INFO - [2024-12-21T21:15:10.817+0000] {dag.py:4180} INFO - Setting next_dagrun for example_skip_dag to 2024-12-20 00:00:00+00:00, run_after=2024-12-21 00:00:00+00:00
[2024-12-21T21:15:10.881+0000] {processor.py:208} INFO - Processing /home/airflow/.local/lib/python3.12/site-packages/airflow/example_dags/example_skip_dag.py took 0.191 seconds
[2024-12-21T21:15:41.854+0000] {processor.py:186} INFO - Started process (PID=2816) to work on /home/airflow/.local/lib/python3.12/site-packages/airflow/example_dags/example_skip_dag.py
[2024-12-21T21:15:41.856+0000] {processor.py:914} INFO - Processing file /home/airflow/.local/lib/python3.12/site-packages/airflow/example_dags/example_skip_dag.py for tasks to queue
[2024-12-21T21:15:41.861+0000] {logging_mixin.py:190} INFO - [2024-12-21T21:15:41.860+0000] {dagbag.py:588} INFO - Filling up the DagBag from /home/airflow/.local/lib/python3.12/site-packages/airflow/example_dags/example_skip_dag.py
[2024-12-21T21:15:41.876+0000] {processor.py:925} INFO - DAG(s) 'example_skip_dag' retrieved from /home/airflow/.local/lib/python3.12/site-packages/airflow/example_dags/example_skip_dag.py
[2024-12-21T21:15:41.921+0000] {logging_mixin.py:190} INFO - [2024-12-21T21:15:41.921+0000] {dag.py:3239} INFO - Sync 1 DAGs
[2024-12-21T21:15:41.977+0000] {logging_mixin.py:190} INFO - [2024-12-21T21:15:41.977+0000] {dag.py:4180} INFO - Setting next_dagrun for example_skip_dag to 2024-12-20 00:00:00+00:00, run_after=2024-12-21 00:00:00+00:00
[2024-12-21T21:15:42.016+0000] {processor.py:208} INFO - Processing /home/airflow/.local/lib/python3.12/site-packages/airflow/example_dags/example_skip_dag.py took 0.173 seconds
[2024-12-21T21:16:15.060+0000] {processor.py:186} INFO - Started process (PID=3112) to work on /home/airflow/.local/lib/python3.12/site-packages/airflow/example_dags/example_skip_dag.py
[2024-12-21T21:16:15.062+0000] {processor.py:914} INFO - Processing file /home/airflow/.local/lib/python3.12/site-packages/airflow/example_dags/example_skip_dag.py for tasks to queue
[2024-12-21T21:16:15.068+0000] {logging_mixin.py:190} INFO - [2024-12-21T21:16:15.067+0000] {dagbag.py:588} INFO - Filling up the DagBag from /home/airflow/.local/lib/python3.12/site-packages/airflow/example_dags/example_skip_dag.py
[2024-12-21T21:16:15.089+0000] {processor.py:925} INFO - DAG(s) 'example_skip_dag' retrieved from /home/airflow/.local/lib/python3.12/site-packages/airflow/example_dags/example_skip_dag.py
[2024-12-21T21:16:15.144+0000] {logging_mixin.py:190} INFO - [2024-12-21T21:16:15.143+0000] {dag.py:3239} INFO - Sync 1 DAGs
[2024-12-21T21:16:15.208+0000] {logging_mixin.py:190} INFO - [2024-12-21T21:16:15.207+0000] {dag.py:4180} INFO - Setting next_dagrun for example_skip_dag to 2024-12-20 00:00:00+00:00, run_after=2024-12-21 00:00:00+00:00
[2024-12-21T21:16:15.261+0000] {processor.py:208} INFO - Processing /home/airflow/.local/lib/python3.12/site-packages/airflow/example_dags/example_skip_dag.py took 0.214 seconds
[2024-12-21T21:16:47.584+0000] {processor.py:186} INFO - Started process (PID=3407) to work on /home/airflow/.local/lib/python3.12/site-packages/airflow/example_dags/example_skip_dag.py
[2024-12-21T21:16:47.587+0000] {processor.py:914} INFO - Processing file /home/airflow/.local/lib/python3.12/site-packages/airflow/example_dags/example_skip_dag.py for tasks to queue
[2024-12-21T21:16:47.595+0000] {logging_mixin.py:190} INFO - [2024-12-21T21:16:47.594+0000] {dagbag.py:588} INFO - Filling up the DagBag from /home/airflow/.local/lib/python3.12/site-packages/airflow/example_dags/example_skip_dag.py
[2024-12-21T21:16:47.619+0000] {processor.py:925} INFO - DAG(s) 'example_skip_dag' retrieved from /home/airflow/.local/lib/python3.12/site-packages/airflow/example_dags/example_skip_dag.py
[2024-12-21T21:16:47.682+0000] {logging_mixin.py:190} INFO - [2024-12-21T21:16:47.681+0000] {dag.py:3239} INFO - Sync 1 DAGs
[2024-12-21T21:16:47.746+0000] {logging_mixin.py:190} INFO - [2024-12-21T21:16:47.745+0000] {dag.py:4180} INFO - Setting next_dagrun for example_skip_dag to 2024-12-20 00:00:00+00:00, run_after=2024-12-21 00:00:00+00:00
[2024-12-21T21:16:47.796+0000] {processor.py:208} INFO - Processing /home/airflow/.local/lib/python3.12/site-packages/airflow/example_dags/example_skip_dag.py took 0.230 seconds
[2024-12-21T21:17:19.519+0000] {processor.py:186} INFO - Started process (PID=3728) to work on /home/airflow/.local/lib/python3.12/site-packages/airflow/example_dags/example_skip_dag.py
[2024-12-21T21:17:19.522+0000] {processor.py:914} INFO - Processing file /home/airflow/.local/lib/python3.12/site-packages/airflow/example_dags/example_skip_dag.py for tasks to queue
[2024-12-21T21:17:19.527+0000] {logging_mixin.py:190} INFO - [2024-12-21T21:17:19.526+0000] {dagbag.py:588} INFO - Filling up the DagBag from /home/airflow/.local/lib/python3.12/site-packages/airflow/example_dags/example_skip_dag.py
[2024-12-21T21:17:19.543+0000] {processor.py:925} INFO - DAG(s) 'example_skip_dag' retrieved from /home/airflow/.local/lib/python3.12/site-packages/airflow/example_dags/example_skip_dag.py
[2024-12-21T21:17:19.597+0000] {logging_mixin.py:190} INFO - [2024-12-21T21:17:19.597+0000] {dag.py:3239} INFO - Sync 1 DAGs
[2024-12-21T21:17:19.655+0000] {logging_mixin.py:190} INFO - [2024-12-21T21:17:19.654+0000] {dag.py:4180} INFO - Setting next_dagrun for example_skip_dag to 2024-12-20 00:00:00+00:00, run_after=2024-12-21 00:00:00+00:00
[2024-12-21T21:17:19.690+0000] {processor.py:208} INFO - Processing /home/airflow/.local/lib/python3.12/site-packages/airflow/example_dags/example_skip_dag.py took 0.183 seconds
[2024-12-21T21:17:52.266+0000] {processor.py:186} INFO - Started process (PID=4024) to work on /home/airflow/.local/lib/python3.12/site-packages/airflow/example_dags/example_skip_dag.py
[2024-12-21T21:17:52.268+0000] {processor.py:914} INFO - Processing file /home/airflow/.local/lib/python3.12/site-packages/airflow/example_dags/example_skip_dag.py for tasks to queue
[2024-12-21T21:17:52.275+0000] {logging_mixin.py:190} INFO - [2024-12-21T21:17:52.274+0000] {dagbag.py:588} INFO - Filling up the DagBag from /home/airflow/.local/lib/python3.12/site-packages/airflow/example_dags/example_skip_dag.py
[2024-12-21T21:17:52.292+0000] {processor.py:925} INFO - DAG(s) 'example_skip_dag' retrieved from /home/airflow/.local/lib/python3.12/site-packages/airflow/example_dags/example_skip_dag.py
[2024-12-21T21:17:52.376+0000] {logging_mixin.py:190} INFO - [2024-12-21T21:17:52.375+0000] {dag.py:3239} INFO - Sync 1 DAGs
[2024-12-21T21:17:52.497+0000] {logging_mixin.py:190} INFO - [2024-12-21T21:17:52.497+0000] {dag.py:4180} INFO - Setting next_dagrun for example_skip_dag to 2024-12-20 00:00:00+00:00, run_after=2024-12-21 00:00:00+00:00
[2024-12-21T21:17:52.546+0000] {processor.py:208} INFO - Processing /home/airflow/.local/lib/python3.12/site-packages/airflow/example_dags/example_skip_dag.py took 0.293 seconds
[2024-12-21T21:18:24.936+0000] {processor.py:186} INFO - Started process (PID=4340) to work on /home/airflow/.local/lib/python3.12/site-packages/airflow/example_dags/example_skip_dag.py
[2024-12-21T21:18:24.938+0000] {processor.py:914} INFO - Processing file /home/airflow/.local/lib/python3.12/site-packages/airflow/example_dags/example_skip_dag.py for tasks to queue
[2024-12-21T21:18:24.945+0000] {logging_mixin.py:190} INFO - [2024-12-21T21:18:24.944+0000] {dagbag.py:588} INFO - Filling up the DagBag from /home/airflow/.local/lib/python3.12/site-packages/airflow/example_dags/example_skip_dag.py
[2024-12-21T21:18:24.966+0000] {processor.py:925} INFO - DAG(s) 'example_skip_dag' retrieved from /home/airflow/.local/lib/python3.12/site-packages/airflow/example_dags/example_skip_dag.py
[2024-12-21T21:18:25.026+0000] {logging_mixin.py:190} INFO - [2024-12-21T21:18:25.025+0000] {dag.py:3239} INFO - Sync 1 DAGs
[2024-12-21T21:18:25.093+0000] {logging_mixin.py:190} INFO - [2024-12-21T21:18:25.092+0000] {dag.py:4180} INFO - Setting next_dagrun for example_skip_dag to 2024-12-20 00:00:00+00:00, run_after=2024-12-21 00:00:00+00:00
[2024-12-21T21:18:25.166+0000] {processor.py:208} INFO - Processing /home/airflow/.local/lib/python3.12/site-packages/airflow/example_dags/example_skip_dag.py took 0.247 seconds
[2024-12-21T21:18:57.910+0000] {processor.py:186} INFO - Started process (PID=4659) to work on /home/airflow/.local/lib/python3.12/site-packages/airflow/example_dags/example_skip_dag.py
[2024-12-21T21:18:57.912+0000] {processor.py:914} INFO - Processing file /home/airflow/.local/lib/python3.12/site-packages/airflow/example_dags/example_skip_dag.py for tasks to queue
[2024-12-21T21:18:57.917+0000] {logging_mixin.py:190} INFO - [2024-12-21T21:18:57.916+0000] {dagbag.py:588} INFO - Filling up the DagBag from /home/airflow/.local/lib/python3.12/site-packages/airflow/example_dags/example_skip_dag.py
[2024-12-21T21:18:57.932+0000] {processor.py:925} INFO - DAG(s) 'example_skip_dag' retrieved from /home/airflow/.local/lib/python3.12/site-packages/airflow/example_dags/example_skip_dag.py
[2024-12-21T21:18:57.979+0000] {logging_mixin.py:190} INFO - [2024-12-21T21:18:57.979+0000] {dag.py:3239} INFO - Sync 1 DAGs
[2024-12-21T21:18:58.033+0000] {logging_mixin.py:190} INFO - [2024-12-21T21:18:58.033+0000] {dag.py:4180} INFO - Setting next_dagrun for example_skip_dag to 2024-12-20 00:00:00+00:00, run_after=2024-12-21 00:00:00+00:00
[2024-12-21T21:18:58.080+0000] {processor.py:208} INFO - Processing /home/airflow/.local/lib/python3.12/site-packages/airflow/example_dags/example_skip_dag.py took 0.182 seconds
[2024-12-21T21:19:28.841+0000] {processor.py:186} INFO - Started process (PID=4953) to work on /home/airflow/.local/lib/python3.12/site-packages/airflow/example_dags/example_skip_dag.py
[2024-12-21T21:19:28.844+0000] {processor.py:914} INFO - Processing file /home/airflow/.local/lib/python3.12/site-packages/airflow/example_dags/example_skip_dag.py for tasks to queue
[2024-12-21T21:19:28.849+0000] {logging_mixin.py:190} INFO - [2024-12-21T21:19:28.848+0000] {dagbag.py:588} INFO - Filling up the DagBag from /home/airflow/.local/lib/python3.12/site-packages/airflow/example_dags/example_skip_dag.py
[2024-12-21T21:19:28.865+0000] {processor.py:925} INFO - DAG(s) 'example_skip_dag' retrieved from /home/airflow/.local/lib/python3.12/site-packages/airflow/example_dags/example_skip_dag.py
[2024-12-21T21:19:28.914+0000] {logging_mixin.py:190} INFO - [2024-12-21T21:19:28.913+0000] {dag.py:3239} INFO - Sync 1 DAGs
[2024-12-21T21:19:28.963+0000] {logging_mixin.py:190} INFO - [2024-12-21T21:19:28.962+0000] {dag.py:4180} INFO - Setting next_dagrun for example_skip_dag to 2024-12-20 00:00:00+00:00, run_after=2024-12-21 00:00:00+00:00
[2024-12-21T21:19:29.003+0000] {processor.py:208} INFO - Processing /home/airflow/.local/lib/python3.12/site-packages/airflow/example_dags/example_skip_dag.py took 0.177 seconds
[2024-12-21T21:19:59.519+0000] {processor.py:186} INFO - Started process (PID=5248) to work on /home/airflow/.local/lib/python3.12/site-packages/airflow/example_dags/example_skip_dag.py
[2024-12-21T21:19:59.521+0000] {processor.py:914} INFO - Processing file /home/airflow/.local/lib/python3.12/site-packages/airflow/example_dags/example_skip_dag.py for tasks to queue
[2024-12-21T21:19:59.526+0000] {logging_mixin.py:190} INFO - [2024-12-21T21:19:59.526+0000] {dagbag.py:588} INFO - Filling up the DagBag from /home/airflow/.local/lib/python3.12/site-packages/airflow/example_dags/example_skip_dag.py
[2024-12-21T21:19:59.546+0000] {processor.py:925} INFO - DAG(s) 'example_skip_dag' retrieved from /home/airflow/.local/lib/python3.12/site-packages/airflow/example_dags/example_skip_dag.py
[2024-12-21T21:19:59.593+0000] {logging_mixin.py:190} INFO - [2024-12-21T21:19:59.592+0000] {dag.py:3239} INFO - Sync 1 DAGs
[2024-12-21T21:19:59.647+0000] {logging_mixin.py:190} INFO - [2024-12-21T21:19:59.646+0000] {dag.py:4180} INFO - Setting next_dagrun for example_skip_dag to 2024-12-20 00:00:00+00:00, run_after=2024-12-21 00:00:00+00:00
[2024-12-21T21:19:59.712+0000] {processor.py:208} INFO - Processing /home/airflow/.local/lib/python3.12/site-packages/airflow/example_dags/example_skip_dag.py took 0.208 seconds
[2024-12-21T21:20:30.707+0000] {processor.py:186} INFO - Started process (PID=5539) to work on /home/airflow/.local/lib/python3.12/site-packages/airflow/example_dags/example_skip_dag.py
[2024-12-21T21:20:30.709+0000] {processor.py:914} INFO - Processing file /home/airflow/.local/lib/python3.12/site-packages/airflow/example_dags/example_skip_dag.py for tasks to queue
[2024-12-21T21:20:30.714+0000] {logging_mixin.py:190} INFO - [2024-12-21T21:20:30.714+0000] {dagbag.py:588} INFO - Filling up the DagBag from /home/airflow/.local/lib/python3.12/site-packages/airflow/example_dags/example_skip_dag.py
[2024-12-21T21:20:30.733+0000] {processor.py:925} INFO - DAG(s) 'example_skip_dag' retrieved from /home/airflow/.local/lib/python3.12/site-packages/airflow/example_dags/example_skip_dag.py
[2024-12-21T21:20:30.786+0000] {logging_mixin.py:190} INFO - [2024-12-21T21:20:30.785+0000] {dag.py:3239} INFO - Sync 1 DAGs
[2024-12-21T21:20:30.858+0000] {logging_mixin.py:190} INFO - [2024-12-21T21:20:30.857+0000] {dag.py:4180} INFO - Setting next_dagrun for example_skip_dag to 2024-12-20 00:00:00+00:00, run_after=2024-12-21 00:00:00+00:00
[2024-12-21T21:20:30.919+0000] {processor.py:208} INFO - Processing /home/airflow/.local/lib/python3.12/site-packages/airflow/example_dags/example_skip_dag.py took 0.228 seconds
[2024-12-21T21:21:01.517+0000] {processor.py:186} INFO - Started process (PID=5836) to work on /home/airflow/.local/lib/python3.12/site-packages/airflow/example_dags/example_skip_dag.py
[2024-12-21T21:21:01.519+0000] {processor.py:914} INFO - Processing file /home/airflow/.local/lib/python3.12/site-packages/airflow/example_dags/example_skip_dag.py for tasks to queue
[2024-12-21T21:21:01.524+0000] {logging_mixin.py:190} INFO - [2024-12-21T21:21:01.523+0000] {dagbag.py:588} INFO - Filling up the DagBag from /home/airflow/.local/lib/python3.12/site-packages/airflow/example_dags/example_skip_dag.py
[2024-12-21T21:21:01.539+0000] {processor.py:925} INFO - DAG(s) 'example_skip_dag' retrieved from /home/airflow/.local/lib/python3.12/site-packages/airflow/example_dags/example_skip_dag.py
[2024-12-21T21:21:01.585+0000] {logging_mixin.py:190} INFO - [2024-12-21T21:21:01.584+0000] {dag.py:3239} INFO - Sync 1 DAGs
[2024-12-21T21:21:01.637+0000] {logging_mixin.py:190} INFO - [2024-12-21T21:21:01.636+0000] {dag.py:4180} INFO - Setting next_dagrun for example_skip_dag to 2024-12-20 00:00:00+00:00, run_after=2024-12-21 00:00:00+00:00
[2024-12-21T21:21:01.678+0000] {processor.py:208} INFO - Processing /home/airflow/.local/lib/python3.12/site-packages/airflow/example_dags/example_skip_dag.py took 0.175 seconds
[2024-12-21T21:21:33.695+0000] {processor.py:186} INFO - Started process (PID=6132) to work on /home/airflow/.local/lib/python3.12/site-packages/airflow/example_dags/example_skip_dag.py
[2024-12-21T21:21:33.698+0000] {processor.py:914} INFO - Processing file /home/airflow/.local/lib/python3.12/site-packages/airflow/example_dags/example_skip_dag.py for tasks to queue
[2024-12-21T21:21:33.703+0000] {logging_mixin.py:190} INFO - [2024-12-21T21:21:33.703+0000] {dagbag.py:588} INFO - Filling up the DagBag from /home/airflow/.local/lib/python3.12/site-packages/airflow/example_dags/example_skip_dag.py
[2024-12-21T21:21:33.720+0000] {processor.py:925} INFO - DAG(s) 'example_skip_dag' retrieved from /home/airflow/.local/lib/python3.12/site-packages/airflow/example_dags/example_skip_dag.py
[2024-12-21T21:21:33.772+0000] {logging_mixin.py:190} INFO - [2024-12-21T21:21:33.771+0000] {dag.py:3239} INFO - Sync 1 DAGs
[2024-12-21T21:21:33.845+0000] {logging_mixin.py:190} INFO - [2024-12-21T21:21:33.845+0000] {dag.py:4180} INFO - Setting next_dagrun for example_skip_dag to 2024-12-20 00:00:00+00:00, run_after=2024-12-21 00:00:00+00:00
[2024-12-21T21:21:33.892+0000] {processor.py:208} INFO - Processing /home/airflow/.local/lib/python3.12/site-packages/airflow/example_dags/example_skip_dag.py took 0.214 seconds
[2024-12-21T21:22:04.242+0000] {processor.py:186} INFO - Started process (PID=6423) to work on /home/airflow/.local/lib/python3.12/site-packages/airflow/example_dags/example_skip_dag.py
[2024-12-21T21:22:04.244+0000] {processor.py:914} INFO - Processing file /home/airflow/.local/lib/python3.12/site-packages/airflow/example_dags/example_skip_dag.py for tasks to queue
[2024-12-21T21:22:04.251+0000] {logging_mixin.py:190} INFO - [2024-12-21T21:22:04.250+0000] {dagbag.py:588} INFO - Filling up the DagBag from /home/airflow/.local/lib/python3.12/site-packages/airflow/example_dags/example_skip_dag.py
[2024-12-21T21:22:04.275+0000] {processor.py:925} INFO - DAG(s) 'example_skip_dag' retrieved from /home/airflow/.local/lib/python3.12/site-packages/airflow/example_dags/example_skip_dag.py
[2024-12-21T21:22:04.326+0000] {logging_mixin.py:190} INFO - [2024-12-21T21:22:04.326+0000] {dag.py:3239} INFO - Sync 1 DAGs
[2024-12-21T21:22:04.393+0000] {logging_mixin.py:190} INFO - [2024-12-21T21:22:04.393+0000] {dag.py:4180} INFO - Setting next_dagrun for example_skip_dag to 2024-12-20 00:00:00+00:00, run_after=2024-12-21 00:00:00+00:00
[2024-12-21T21:22:04.442+0000] {processor.py:208} INFO - Processing /home/airflow/.local/lib/python3.12/site-packages/airflow/example_dags/example_skip_dag.py took 0.222 seconds
[2024-12-21T21:22:37.208+0000] {processor.py:186} INFO - Started process (PID=6735) to work on /home/airflow/.local/lib/python3.12/site-packages/airflow/example_dags/example_skip_dag.py
[2024-12-21T21:22:37.210+0000] {processor.py:914} INFO - Processing file /home/airflow/.local/lib/python3.12/site-packages/airflow/example_dags/example_skip_dag.py for tasks to queue
[2024-12-21T21:22:37.214+0000] {logging_mixin.py:190} INFO - [2024-12-21T21:22:37.214+0000] {dagbag.py:588} INFO - Filling up the DagBag from /home/airflow/.local/lib/python3.12/site-packages/airflow/example_dags/example_skip_dag.py
[2024-12-21T21:22:37.229+0000] {processor.py:925} INFO - DAG(s) 'example_skip_dag' retrieved from /home/airflow/.local/lib/python3.12/site-packages/airflow/example_dags/example_skip_dag.py
[2024-12-21T21:22:37.270+0000] {logging_mixin.py:190} INFO - [2024-12-21T21:22:37.270+0000] {dag.py:3239} INFO - Sync 1 DAGs
[2024-12-21T21:22:37.329+0000] {logging_mixin.py:190} INFO - [2024-12-21T21:22:37.329+0000] {dag.py:4180} INFO - Setting next_dagrun for example_skip_dag to 2024-12-20 00:00:00+00:00, run_after=2024-12-21 00:00:00+00:00
[2024-12-21T21:22:37.366+0000] {processor.py:208} INFO - Processing /home/airflow/.local/lib/python3.12/site-packages/airflow/example_dags/example_skip_dag.py took 0.169 seconds
[2024-12-21T21:23:08.554+0000] {processor.py:186} INFO - Started process (PID=7031) to work on /home/airflow/.local/lib/python3.12/site-packages/airflow/example_dags/example_skip_dag.py
[2024-12-21T21:23:08.556+0000] {processor.py:914} INFO - Processing file /home/airflow/.local/lib/python3.12/site-packages/airflow/example_dags/example_skip_dag.py for tasks to queue
[2024-12-21T21:23:08.562+0000] {logging_mixin.py:190} INFO - [2024-12-21T21:23:08.561+0000] {dagbag.py:588} INFO - Filling up the DagBag from /home/airflow/.local/lib/python3.12/site-packages/airflow/example_dags/example_skip_dag.py
[2024-12-21T21:23:08.580+0000] {processor.py:925} INFO - DAG(s) 'example_skip_dag' retrieved from /home/airflow/.local/lib/python3.12/site-packages/airflow/example_dags/example_skip_dag.py
[2024-12-21T21:23:08.623+0000] {logging_mixin.py:190} INFO - [2024-12-21T21:23:08.623+0000] {dag.py:3239} INFO - Sync 1 DAGs
[2024-12-21T21:23:08.672+0000] {logging_mixin.py:190} INFO - [2024-12-21T21:23:08.671+0000] {dag.py:4180} INFO - Setting next_dagrun for example_skip_dag to 2024-12-20 00:00:00+00:00, run_after=2024-12-21 00:00:00+00:00
[2024-12-21T21:23:08.714+0000] {processor.py:208} INFO - Processing /home/airflow/.local/lib/python3.12/site-packages/airflow/example_dags/example_skip_dag.py took 0.172 seconds
[2024-12-21T21:23:40.258+0000] {processor.py:186} INFO - Started process (PID=7334) to work on /home/airflow/.local/lib/python3.12/site-packages/airflow/example_dags/example_skip_dag.py
[2024-12-21T21:23:40.260+0000] {processor.py:914} INFO - Processing file /home/airflow/.local/lib/python3.12/site-packages/airflow/example_dags/example_skip_dag.py for tasks to queue
[2024-12-21T21:23:40.265+0000] {logging_mixin.py:190} INFO - [2024-12-21T21:23:40.264+0000] {dagbag.py:588} INFO - Filling up the DagBag from /home/airflow/.local/lib/python3.12/site-packages/airflow/example_dags/example_skip_dag.py
[2024-12-21T21:23:40.283+0000] {processor.py:925} INFO - DAG(s) 'example_skip_dag' retrieved from /home/airflow/.local/lib/python3.12/site-packages/airflow/example_dags/example_skip_dag.py
[2024-12-21T21:23:40.331+0000] {logging_mixin.py:190} INFO - [2024-12-21T21:23:40.330+0000] {dag.py:3239} INFO - Sync 1 DAGs
[2024-12-21T21:23:40.389+0000] {logging_mixin.py:190} INFO - [2024-12-21T21:23:40.388+0000] {dag.py:4180} INFO - Setting next_dagrun for example_skip_dag to 2024-12-20 00:00:00+00:00, run_after=2024-12-21 00:00:00+00:00
[2024-12-21T21:23:40.436+0000] {processor.py:208} INFO - Processing /home/airflow/.local/lib/python3.12/site-packages/airflow/example_dags/example_skip_dag.py took 0.192 seconds
[2024-12-21T21:24:11.128+0000] {processor.py:186} INFO - Started process (PID=7628) to work on /home/airflow/.local/lib/python3.12/site-packages/airflow/example_dags/example_skip_dag.py
[2024-12-21T21:24:11.130+0000] {processor.py:914} INFO - Processing file /home/airflow/.local/lib/python3.12/site-packages/airflow/example_dags/example_skip_dag.py for tasks to queue
[2024-12-21T21:24:11.134+0000] {logging_mixin.py:190} INFO - [2024-12-21T21:24:11.133+0000] {dagbag.py:588} INFO - Filling up the DagBag from /home/airflow/.local/lib/python3.12/site-packages/airflow/example_dags/example_skip_dag.py
[2024-12-21T21:24:11.152+0000] {processor.py:925} INFO - DAG(s) 'example_skip_dag' retrieved from /home/airflow/.local/lib/python3.12/site-packages/airflow/example_dags/example_skip_dag.py
[2024-12-21T21:24:11.200+0000] {logging_mixin.py:190} INFO - [2024-12-21T21:24:11.199+0000] {dag.py:3239} INFO - Sync 1 DAGs
[2024-12-21T21:24:11.249+0000] {logging_mixin.py:190} INFO - [2024-12-21T21:24:11.248+0000] {dag.py:4180} INFO - Setting next_dagrun for example_skip_dag to 2024-12-20 00:00:00+00:00, run_after=2024-12-21 00:00:00+00:00
[2024-12-21T21:24:11.309+0000] {processor.py:208} INFO - Processing /home/airflow/.local/lib/python3.12/site-packages/airflow/example_dags/example_skip_dag.py took 0.194 seconds
[2024-12-21T21:26:38.898+0000] {processor.py:186} INFO - Started process (PID=441) to work on /home/airflow/.local/lib/python3.12/site-packages/airflow/example_dags/example_skip_dag.py
[2024-12-21T21:26:38.900+0000] {processor.py:914} INFO - Processing file /home/airflow/.local/lib/python3.12/site-packages/airflow/example_dags/example_skip_dag.py for tasks to queue
[2024-12-21T21:26:38.905+0000] {logging_mixin.py:190} INFO - [2024-12-21T21:26:38.904+0000] {dagbag.py:588} INFO - Filling up the DagBag from /home/airflow/.local/lib/python3.12/site-packages/airflow/example_dags/example_skip_dag.py
[2024-12-21T21:26:38.922+0000] {processor.py:925} INFO - DAG(s) 'example_skip_dag' retrieved from /home/airflow/.local/lib/python3.12/site-packages/airflow/example_dags/example_skip_dag.py
[2024-12-21T21:26:38.970+0000] {logging_mixin.py:190} INFO - [2024-12-21T21:26:38.969+0000] {dag.py:3239} INFO - Sync 1 DAGs
[2024-12-21T21:26:39.021+0000] {logging_mixin.py:190} INFO - [2024-12-21T21:26:39.021+0000] {dag.py:4180} INFO - Setting next_dagrun for example_skip_dag to 2024-12-20 00:00:00+00:00, run_after=2024-12-21 00:00:00+00:00
[2024-12-21T21:26:39.062+0000] {processor.py:208} INFO - Processing /home/airflow/.local/lib/python3.12/site-packages/airflow/example_dags/example_skip_dag.py took 0.179 seconds
[2024-12-21T21:27:10.829+0000] {processor.py:186} INFO - Started process (PID=737) to work on /home/airflow/.local/lib/python3.12/site-packages/airflow/example_dags/example_skip_dag.py
[2024-12-21T21:27:10.831+0000] {processor.py:914} INFO - Processing file /home/airflow/.local/lib/python3.12/site-packages/airflow/example_dags/example_skip_dag.py for tasks to queue
[2024-12-21T21:27:10.836+0000] {logging_mixin.py:190} INFO - [2024-12-21T21:27:10.835+0000] {dagbag.py:588} INFO - Filling up the DagBag from /home/airflow/.local/lib/python3.12/site-packages/airflow/example_dags/example_skip_dag.py
[2024-12-21T21:27:10.856+0000] {processor.py:925} INFO - DAG(s) 'example_skip_dag' retrieved from /home/airflow/.local/lib/python3.12/site-packages/airflow/example_dags/example_skip_dag.py
[2024-12-21T21:27:10.906+0000] {logging_mixin.py:190} INFO - [2024-12-21T21:27:10.905+0000] {dag.py:3239} INFO - Sync 1 DAGs
[2024-12-21T21:27:10.965+0000] {logging_mixin.py:190} INFO - [2024-12-21T21:27:10.964+0000] {dag.py:4180} INFO - Setting next_dagrun for example_skip_dag to 2024-12-20 00:00:00+00:00, run_after=2024-12-21 00:00:00+00:00
[2024-12-21T21:27:11.012+0000] {processor.py:208} INFO - Processing /home/airflow/.local/lib/python3.12/site-packages/airflow/example_dags/example_skip_dag.py took 0.194 seconds
[2024-12-21T21:27:42.463+0000] {processor.py:186} INFO - Started process (PID=1033) to work on /home/airflow/.local/lib/python3.12/site-packages/airflow/example_dags/example_skip_dag.py
[2024-12-21T21:27:42.465+0000] {processor.py:914} INFO - Processing file /home/airflow/.local/lib/python3.12/site-packages/airflow/example_dags/example_skip_dag.py for tasks to queue
[2024-12-21T21:27:42.469+0000] {logging_mixin.py:190} INFO - [2024-12-21T21:27:42.468+0000] {dagbag.py:588} INFO - Filling up the DagBag from /home/airflow/.local/lib/python3.12/site-packages/airflow/example_dags/example_skip_dag.py
[2024-12-21T21:27:42.484+0000] {processor.py:925} INFO - DAG(s) 'example_skip_dag' retrieved from /home/airflow/.local/lib/python3.12/site-packages/airflow/example_dags/example_skip_dag.py
[2024-12-21T21:27:42.525+0000] {logging_mixin.py:190} INFO - [2024-12-21T21:27:42.525+0000] {dag.py:3239} INFO - Sync 1 DAGs
[2024-12-21T21:27:42.574+0000] {logging_mixin.py:190} INFO - [2024-12-21T21:27:42.574+0000] {dag.py:4180} INFO - Setting next_dagrun for example_skip_dag to 2024-12-20 00:00:00+00:00, run_after=2024-12-21 00:00:00+00:00
[2024-12-21T21:27:42.614+0000] {processor.py:208} INFO - Processing /home/airflow/.local/lib/python3.12/site-packages/airflow/example_dags/example_skip_dag.py took 0.162 seconds
[2024-12-21T21:28:14.349+0000] {processor.py:186} INFO - Started process (PID=1329) to work on /home/airflow/.local/lib/python3.12/site-packages/airflow/example_dags/example_skip_dag.py
[2024-12-21T21:28:14.352+0000] {processor.py:914} INFO - Processing file /home/airflow/.local/lib/python3.12/site-packages/airflow/example_dags/example_skip_dag.py for tasks to queue
[2024-12-21T21:28:14.357+0000] {logging_mixin.py:190} INFO - [2024-12-21T21:28:14.356+0000] {dagbag.py:588} INFO - Filling up the DagBag from /home/airflow/.local/lib/python3.12/site-packages/airflow/example_dags/example_skip_dag.py
[2024-12-21T21:28:14.374+0000] {processor.py:925} INFO - DAG(s) 'example_skip_dag' retrieved from /home/airflow/.local/lib/python3.12/site-packages/airflow/example_dags/example_skip_dag.py
[2024-12-21T21:28:14.421+0000] {logging_mixin.py:190} INFO - [2024-12-21T21:28:14.421+0000] {dag.py:3239} INFO - Sync 1 DAGs
[2024-12-21T21:28:14.474+0000] {logging_mixin.py:190} INFO - [2024-12-21T21:28:14.473+0000] {dag.py:4180} INFO - Setting next_dagrun for example_skip_dag to 2024-12-20 00:00:00+00:00, run_after=2024-12-21 00:00:00+00:00
[2024-12-21T21:28:14.516+0000] {processor.py:208} INFO - Processing /home/airflow/.local/lib/python3.12/site-packages/airflow/example_dags/example_skip_dag.py took 0.178 seconds
[2024-12-21T21:28:46.170+0000] {processor.py:186} INFO - Started process (PID=1625) to work on /home/airflow/.local/lib/python3.12/site-packages/airflow/example_dags/example_skip_dag.py
[2024-12-21T21:28:46.171+0000] {processor.py:914} INFO - Processing file /home/airflow/.local/lib/python3.12/site-packages/airflow/example_dags/example_skip_dag.py for tasks to queue
[2024-12-21T21:28:46.175+0000] {logging_mixin.py:190} INFO - [2024-12-21T21:28:46.175+0000] {dagbag.py:588} INFO - Filling up the DagBag from /home/airflow/.local/lib/python3.12/site-packages/airflow/example_dags/example_skip_dag.py
[2024-12-21T21:28:46.191+0000] {processor.py:925} INFO - DAG(s) 'example_skip_dag' retrieved from /home/airflow/.local/lib/python3.12/site-packages/airflow/example_dags/example_skip_dag.py
[2024-12-21T21:28:46.236+0000] {logging_mixin.py:190} INFO - [2024-12-21T21:28:46.235+0000] {dag.py:3239} INFO - Sync 1 DAGs
[2024-12-21T21:28:46.290+0000] {logging_mixin.py:190} INFO - [2024-12-21T21:28:46.290+0000] {dag.py:4180} INFO - Setting next_dagrun for example_skip_dag to 2024-12-20 00:00:00+00:00, run_after=2024-12-21 00:00:00+00:00
[2024-12-21T21:28:46.330+0000] {processor.py:208} INFO - Processing /home/airflow/.local/lib/python3.12/site-packages/airflow/example_dags/example_skip_dag.py took 0.173 seconds
[2024-12-21T21:29:17.874+0000] {processor.py:186} INFO - Started process (PID=1921) to work on /home/airflow/.local/lib/python3.12/site-packages/airflow/example_dags/example_skip_dag.py
[2024-12-21T21:29:17.876+0000] {processor.py:914} INFO - Processing file /home/airflow/.local/lib/python3.12/site-packages/airflow/example_dags/example_skip_dag.py for tasks to queue
[2024-12-21T21:29:17.880+0000] {logging_mixin.py:190} INFO - [2024-12-21T21:29:17.880+0000] {dagbag.py:588} INFO - Filling up the DagBag from /home/airflow/.local/lib/python3.12/site-packages/airflow/example_dags/example_skip_dag.py
[2024-12-21T21:29:17.896+0000] {processor.py:925} INFO - DAG(s) 'example_skip_dag' retrieved from /home/airflow/.local/lib/python3.12/site-packages/airflow/example_dags/example_skip_dag.py
[2024-12-21T21:29:17.941+0000] {logging_mixin.py:190} INFO - [2024-12-21T21:29:17.941+0000] {dag.py:3239} INFO - Sync 1 DAGs
[2024-12-21T21:29:17.994+0000] {logging_mixin.py:190} INFO - [2024-12-21T21:29:17.994+0000] {dag.py:4180} INFO - Setting next_dagrun for example_skip_dag to 2024-12-20 00:00:00+00:00, run_after=2024-12-21 00:00:00+00:00
[2024-12-21T21:29:18.034+0000] {processor.py:208} INFO - Processing /home/airflow/.local/lib/python3.12/site-packages/airflow/example_dags/example_skip_dag.py took 0.172 seconds
[2024-12-21T21:29:49.501+0000] {processor.py:186} INFO - Started process (PID=2218) to work on /home/airflow/.local/lib/python3.12/site-packages/airflow/example_dags/example_skip_dag.py
[2024-12-21T21:29:49.503+0000] {processor.py:914} INFO - Processing file /home/airflow/.local/lib/python3.12/site-packages/airflow/example_dags/example_skip_dag.py for tasks to queue
[2024-12-21T21:29:49.507+0000] {logging_mixin.py:190} INFO - [2024-12-21T21:29:49.507+0000] {dagbag.py:588} INFO - Filling up the DagBag from /home/airflow/.local/lib/python3.12/site-packages/airflow/example_dags/example_skip_dag.py
[2024-12-21T21:29:49.521+0000] {processor.py:925} INFO - DAG(s) 'example_skip_dag' retrieved from /home/airflow/.local/lib/python3.12/site-packages/airflow/example_dags/example_skip_dag.py
[2024-12-21T21:29:49.565+0000] {logging_mixin.py:190} INFO - [2024-12-21T21:29:49.564+0000] {dag.py:3239} INFO - Sync 1 DAGs
[2024-12-21T21:29:49.616+0000] {logging_mixin.py:190} INFO - [2024-12-21T21:29:49.616+0000] {dag.py:4180} INFO - Setting next_dagrun for example_skip_dag to 2024-12-20 00:00:00+00:00, run_after=2024-12-21 00:00:00+00:00
[2024-12-21T21:29:49.667+0000] {processor.py:208} INFO - Processing /home/airflow/.local/lib/python3.12/site-packages/airflow/example_dags/example_skip_dag.py took 0.178 seconds
[2024-12-21T21:30:21.126+0000] {processor.py:186} INFO - Started process (PID=2514) to work on /home/airflow/.local/lib/python3.12/site-packages/airflow/example_dags/example_skip_dag.py
[2024-12-21T21:30:21.129+0000] {processor.py:914} INFO - Processing file /home/airflow/.local/lib/python3.12/site-packages/airflow/example_dags/example_skip_dag.py for tasks to queue
[2024-12-21T21:30:21.133+0000] {logging_mixin.py:190} INFO - [2024-12-21T21:30:21.132+0000] {dagbag.py:588} INFO - Filling up the DagBag from /home/airflow/.local/lib/python3.12/site-packages/airflow/example_dags/example_skip_dag.py
[2024-12-21T21:30:21.150+0000] {processor.py:925} INFO - DAG(s) 'example_skip_dag' retrieved from /home/airflow/.local/lib/python3.12/site-packages/airflow/example_dags/example_skip_dag.py
[2024-12-21T21:30:21.196+0000] {logging_mixin.py:190} INFO - [2024-12-21T21:30:21.196+0000] {dag.py:3239} INFO - Sync 1 DAGs
[2024-12-21T21:30:21.252+0000] {logging_mixin.py:190} INFO - [2024-12-21T21:30:21.251+0000] {dag.py:4180} INFO - Setting next_dagrun for example_skip_dag to 2024-12-20 00:00:00+00:00, run_after=2024-12-21 00:00:00+00:00
[2024-12-21T21:30:21.293+0000] {processor.py:208} INFO - Processing /home/airflow/.local/lib/python3.12/site-packages/airflow/example_dags/example_skip_dag.py took 0.178 seconds
[2024-12-21T21:30:53.290+0000] {processor.py:186} INFO - Started process (PID=2812) to work on /home/airflow/.local/lib/python3.12/site-packages/airflow/example_dags/example_skip_dag.py
[2024-12-21T21:30:53.292+0000] {processor.py:914} INFO - Processing file /home/airflow/.local/lib/python3.12/site-packages/airflow/example_dags/example_skip_dag.py for tasks to queue
[2024-12-21T21:30:53.296+0000] {logging_mixin.py:190} INFO - [2024-12-21T21:30:53.295+0000] {dagbag.py:588} INFO - Filling up the DagBag from /home/airflow/.local/lib/python3.12/site-packages/airflow/example_dags/example_skip_dag.py
[2024-12-21T21:30:53.314+0000] {processor.py:925} INFO - DAG(s) 'example_skip_dag' retrieved from /home/airflow/.local/lib/python3.12/site-packages/airflow/example_dags/example_skip_dag.py
[2024-12-21T21:30:53.361+0000] {logging_mixin.py:190} INFO - [2024-12-21T21:30:53.360+0000] {dag.py:3239} INFO - Sync 1 DAGs
[2024-12-21T21:30:53.420+0000] {logging_mixin.py:190} INFO - [2024-12-21T21:30:53.419+0000] {dag.py:4180} INFO - Setting next_dagrun for example_skip_dag to 2024-12-20 00:00:00+00:00, run_after=2024-12-21 00:00:00+00:00
[2024-12-21T21:30:53.464+0000] {processor.py:208} INFO - Processing /home/airflow/.local/lib/python3.12/site-packages/airflow/example_dags/example_skip_dag.py took 0.184 seconds
[2024-12-21T21:31:24.770+0000] {processor.py:186} INFO - Started process (PID=3106) to work on /home/airflow/.local/lib/python3.12/site-packages/airflow/example_dags/example_skip_dag.py
[2024-12-21T21:31:24.772+0000] {processor.py:914} INFO - Processing file /home/airflow/.local/lib/python3.12/site-packages/airflow/example_dags/example_skip_dag.py for tasks to queue
[2024-12-21T21:31:24.776+0000] {logging_mixin.py:190} INFO - [2024-12-21T21:31:24.776+0000] {dagbag.py:588} INFO - Filling up the DagBag from /home/airflow/.local/lib/python3.12/site-packages/airflow/example_dags/example_skip_dag.py
[2024-12-21T21:31:24.791+0000] {processor.py:925} INFO - DAG(s) 'example_skip_dag' retrieved from /home/airflow/.local/lib/python3.12/site-packages/airflow/example_dags/example_skip_dag.py
[2024-12-21T21:31:24.832+0000] {logging_mixin.py:190} INFO - [2024-12-21T21:31:24.831+0000] {dag.py:3239} INFO - Sync 1 DAGs
[2024-12-21T21:31:24.887+0000] {logging_mixin.py:190} INFO - [2024-12-21T21:31:24.887+0000] {dag.py:4180} INFO - Setting next_dagrun for example_skip_dag to 2024-12-20 00:00:00+00:00, run_after=2024-12-21 00:00:00+00:00
[2024-12-21T21:31:24.928+0000] {processor.py:208} INFO - Processing /home/airflow/.local/lib/python3.12/site-packages/airflow/example_dags/example_skip_dag.py took 0.169 seconds
[2024-12-21T21:31:57.439+0000] {processor.py:186} INFO - Started process (PID=3405) to work on /home/airflow/.local/lib/python3.12/site-packages/airflow/example_dags/example_skip_dag.py
[2024-12-21T21:31:57.441+0000] {processor.py:914} INFO - Processing file /home/airflow/.local/lib/python3.12/site-packages/airflow/example_dags/example_skip_dag.py for tasks to queue
[2024-12-21T21:31:57.445+0000] {logging_mixin.py:190} INFO - [2024-12-21T21:31:57.444+0000] {dagbag.py:588} INFO - Filling up the DagBag from /home/airflow/.local/lib/python3.12/site-packages/airflow/example_dags/example_skip_dag.py
[2024-12-21T21:31:57.460+0000] {processor.py:925} INFO - DAG(s) 'example_skip_dag' retrieved from /home/airflow/.local/lib/python3.12/site-packages/airflow/example_dags/example_skip_dag.py
[2024-12-21T21:31:57.507+0000] {logging_mixin.py:190} INFO - [2024-12-21T21:31:57.507+0000] {dag.py:3239} INFO - Sync 1 DAGs
[2024-12-21T21:31:57.558+0000] {logging_mixin.py:190} INFO - [2024-12-21T21:31:57.558+0000] {dag.py:4180} INFO - Setting next_dagrun for example_skip_dag to 2024-12-20 00:00:00+00:00, run_after=2024-12-21 00:00:00+00:00
[2024-12-21T21:31:57.619+0000] {processor.py:208} INFO - Processing /home/airflow/.local/lib/python3.12/site-packages/airflow/example_dags/example_skip_dag.py took 0.193 seconds
[2024-12-21T21:32:29.486+0000] {processor.py:186} INFO - Started process (PID=3699) to work on /home/airflow/.local/lib/python3.12/site-packages/airflow/example_dags/example_skip_dag.py
[2024-12-21T21:32:29.487+0000] {processor.py:914} INFO - Processing file /home/airflow/.local/lib/python3.12/site-packages/airflow/example_dags/example_skip_dag.py for tasks to queue
[2024-12-21T21:32:29.491+0000] {logging_mixin.py:190} INFO - [2024-12-21T21:32:29.491+0000] {dagbag.py:588} INFO - Filling up the DagBag from /home/airflow/.local/lib/python3.12/site-packages/airflow/example_dags/example_skip_dag.py
[2024-12-21T21:32:29.506+0000] {processor.py:925} INFO - DAG(s) 'example_skip_dag' retrieved from /home/airflow/.local/lib/python3.12/site-packages/airflow/example_dags/example_skip_dag.py
[2024-12-21T21:32:29.553+0000] {logging_mixin.py:190} INFO - [2024-12-21T21:32:29.552+0000] {dag.py:3239} INFO - Sync 1 DAGs
[2024-12-21T21:32:29.611+0000] {logging_mixin.py:190} INFO - [2024-12-21T21:32:29.611+0000] {dag.py:4180} INFO - Setting next_dagrun for example_skip_dag to 2024-12-20 00:00:00+00:00, run_after=2024-12-21 00:00:00+00:00
[2024-12-21T21:32:29.681+0000] {processor.py:208} INFO - Processing /home/airflow/.local/lib/python3.12/site-packages/airflow/example_dags/example_skip_dag.py took 0.206 seconds
[2024-12-21T21:33:01.077+0000] {processor.py:186} INFO - Started process (PID=4003) to work on /home/airflow/.local/lib/python3.12/site-packages/airflow/example_dags/example_skip_dag.py
[2024-12-21T21:33:01.079+0000] {processor.py:914} INFO - Processing file /home/airflow/.local/lib/python3.12/site-packages/airflow/example_dags/example_skip_dag.py for tasks to queue
[2024-12-21T21:33:01.083+0000] {logging_mixin.py:190} INFO - [2024-12-21T21:33:01.082+0000] {dagbag.py:588} INFO - Filling up the DagBag from /home/airflow/.local/lib/python3.12/site-packages/airflow/example_dags/example_skip_dag.py
[2024-12-21T21:33:01.097+0000] {processor.py:925} INFO - DAG(s) 'example_skip_dag' retrieved from /home/airflow/.local/lib/python3.12/site-packages/airflow/example_dags/example_skip_dag.py
[2024-12-21T21:33:01.139+0000] {logging_mixin.py:190} INFO - [2024-12-21T21:33:01.139+0000] {dag.py:3239} INFO - Sync 1 DAGs
[2024-12-21T21:33:01.191+0000] {logging_mixin.py:190} INFO - [2024-12-21T21:33:01.190+0000] {dag.py:4180} INFO - Setting next_dagrun for example_skip_dag to 2024-12-20 00:00:00+00:00, run_after=2024-12-21 00:00:00+00:00
[2024-12-21T21:33:01.232+0000] {processor.py:208} INFO - Processing /home/airflow/.local/lib/python3.12/site-packages/airflow/example_dags/example_skip_dag.py took 0.165 seconds
[2024-12-21T21:33:32.686+0000] {processor.py:186} INFO - Started process (PID=4297) to work on /home/airflow/.local/lib/python3.12/site-packages/airflow/example_dags/example_skip_dag.py
[2024-12-21T21:33:32.688+0000] {processor.py:914} INFO - Processing file /home/airflow/.local/lib/python3.12/site-packages/airflow/example_dags/example_skip_dag.py for tasks to queue
[2024-12-21T21:33:32.692+0000] {logging_mixin.py:190} INFO - [2024-12-21T21:33:32.691+0000] {dagbag.py:588} INFO - Filling up the DagBag from /home/airflow/.local/lib/python3.12/site-packages/airflow/example_dags/example_skip_dag.py
[2024-12-21T21:33:32.711+0000] {processor.py:925} INFO - DAG(s) 'example_skip_dag' retrieved from /home/airflow/.local/lib/python3.12/site-packages/airflow/example_dags/example_skip_dag.py
[2024-12-21T21:33:32.767+0000] {logging_mixin.py:190} INFO - [2024-12-21T21:33:32.766+0000] {dag.py:3239} INFO - Sync 1 DAGs
[2024-12-21T21:33:32.837+0000] {logging_mixin.py:190} INFO - [2024-12-21T21:33:32.836+0000] {dag.py:4180} INFO - Setting next_dagrun for example_skip_dag to 2024-12-20 00:00:00+00:00, run_after=2024-12-21 00:00:00+00:00
[2024-12-21T21:33:32.877+0000] {processor.py:208} INFO - Processing /home/airflow/.local/lib/python3.12/site-packages/airflow/example_dags/example_skip_dag.py took 0.202 seconds
[2024-12-21T21:34:04.784+0000] {processor.py:186} INFO - Started process (PID=4595) to work on /home/airflow/.local/lib/python3.12/site-packages/airflow/example_dags/example_skip_dag.py
[2024-12-21T21:34:04.787+0000] {processor.py:914} INFO - Processing file /home/airflow/.local/lib/python3.12/site-packages/airflow/example_dags/example_skip_dag.py for tasks to queue
[2024-12-21T21:34:04.791+0000] {logging_mixin.py:190} INFO - [2024-12-21T21:34:04.791+0000] {dagbag.py:588} INFO - Filling up the DagBag from /home/airflow/.local/lib/python3.12/site-packages/airflow/example_dags/example_skip_dag.py
[2024-12-21T21:34:04.808+0000] {processor.py:925} INFO - DAG(s) 'example_skip_dag' retrieved from /home/airflow/.local/lib/python3.12/site-packages/airflow/example_dags/example_skip_dag.py
[2024-12-21T21:34:04.859+0000] {logging_mixin.py:190} INFO - [2024-12-21T21:34:04.859+0000] {dag.py:3239} INFO - Sync 1 DAGs
[2024-12-21T21:34:04.912+0000] {logging_mixin.py:190} INFO - [2024-12-21T21:34:04.912+0000] {dag.py:4180} INFO - Setting next_dagrun for example_skip_dag to 2024-12-20 00:00:00+00:00, run_after=2024-12-21 00:00:00+00:00
[2024-12-21T21:34:04.971+0000] {processor.py:208} INFO - Processing /home/airflow/.local/lib/python3.12/site-packages/airflow/example_dags/example_skip_dag.py took 0.199 seconds
[2024-12-21T21:34:35.981+0000] {processor.py:186} INFO - Started process (PID=4890) to work on /home/airflow/.local/lib/python3.12/site-packages/airflow/example_dags/example_skip_dag.py
[2024-12-21T21:34:35.983+0000] {processor.py:914} INFO - Processing file /home/airflow/.local/lib/python3.12/site-packages/airflow/example_dags/example_skip_dag.py for tasks to queue
[2024-12-21T21:34:35.989+0000] {logging_mixin.py:190} INFO - [2024-12-21T21:34:35.988+0000] {dagbag.py:588} INFO - Filling up the DagBag from /home/airflow/.local/lib/python3.12/site-packages/airflow/example_dags/example_skip_dag.py
[2024-12-21T21:34:36.010+0000] {processor.py:925} INFO - DAG(s) 'example_skip_dag' retrieved from /home/airflow/.local/lib/python3.12/site-packages/airflow/example_dags/example_skip_dag.py
[2024-12-21T21:34:36.065+0000] {logging_mixin.py:190} INFO - [2024-12-21T21:34:36.064+0000] {dag.py:3239} INFO - Sync 1 DAGs
[2024-12-21T21:34:36.117+0000] {logging_mixin.py:190} INFO - [2024-12-21T21:34:36.116+0000] {dag.py:4180} INFO - Setting next_dagrun for example_skip_dag to 2024-12-20 00:00:00+00:00, run_after=2024-12-21 00:00:00+00:00
[2024-12-21T21:34:36.161+0000] {processor.py:208} INFO - Processing /home/airflow/.local/lib/python3.12/site-packages/airflow/example_dags/example_skip_dag.py took 0.193 seconds
[2024-12-21T21:35:07.796+0000] {processor.py:186} INFO - Started process (PID=5188) to work on /home/airflow/.local/lib/python3.12/site-packages/airflow/example_dags/example_skip_dag.py
[2024-12-21T21:35:07.798+0000] {processor.py:914} INFO - Processing file /home/airflow/.local/lib/python3.12/site-packages/airflow/example_dags/example_skip_dag.py for tasks to queue
[2024-12-21T21:35:07.802+0000] {logging_mixin.py:190} INFO - [2024-12-21T21:35:07.801+0000] {dagbag.py:588} INFO - Filling up the DagBag from /home/airflow/.local/lib/python3.12/site-packages/airflow/example_dags/example_skip_dag.py
[2024-12-21T21:35:07.820+0000] {processor.py:925} INFO - DAG(s) 'example_skip_dag' retrieved from /home/airflow/.local/lib/python3.12/site-packages/airflow/example_dags/example_skip_dag.py
[2024-12-21T21:35:07.869+0000] {logging_mixin.py:190} INFO - [2024-12-21T21:35:07.868+0000] {dag.py:3239} INFO - Sync 1 DAGs
[2024-12-21T21:35:07.923+0000] {logging_mixin.py:190} INFO - [2024-12-21T21:35:07.923+0000] {dag.py:4180} INFO - Setting next_dagrun for example_skip_dag to 2024-12-20 00:00:00+00:00, run_after=2024-12-21 00:00:00+00:00
[2024-12-21T21:35:07.964+0000] {processor.py:208} INFO - Processing /home/airflow/.local/lib/python3.12/site-packages/airflow/example_dags/example_skip_dag.py took 0.181 seconds
[2024-12-21T21:35:39.358+0000] {processor.py:186} INFO - Started process (PID=5482) to work on /home/airflow/.local/lib/python3.12/site-packages/airflow/example_dags/example_skip_dag.py
[2024-12-21T21:35:39.360+0000] {processor.py:914} INFO - Processing file /home/airflow/.local/lib/python3.12/site-packages/airflow/example_dags/example_skip_dag.py for tasks to queue
[2024-12-21T21:35:39.364+0000] {logging_mixin.py:190} INFO - [2024-12-21T21:35:39.364+0000] {dagbag.py:588} INFO - Filling up the DagBag from /home/airflow/.local/lib/python3.12/site-packages/airflow/example_dags/example_skip_dag.py
[2024-12-21T21:35:39.383+0000] {processor.py:925} INFO - DAG(s) 'example_skip_dag' retrieved from /home/airflow/.local/lib/python3.12/site-packages/airflow/example_dags/example_skip_dag.py
[2024-12-21T21:35:39.428+0000] {logging_mixin.py:190} INFO - [2024-12-21T21:35:39.427+0000] {dag.py:3239} INFO - Sync 1 DAGs
[2024-12-21T21:35:39.480+0000] {logging_mixin.py:190} INFO - [2024-12-21T21:35:39.480+0000] {dag.py:4180} INFO - Setting next_dagrun for example_skip_dag to 2024-12-20 00:00:00+00:00, run_after=2024-12-21 00:00:00+00:00
[2024-12-21T21:35:39.545+0000] {processor.py:208} INFO - Processing /home/airflow/.local/lib/python3.12/site-packages/airflow/example_dags/example_skip_dag.py took 0.200 seconds
[2024-12-21T21:36:09.985+0000] {processor.py:186} INFO - Started process (PID=5773) to work on /home/airflow/.local/lib/python3.12/site-packages/airflow/example_dags/example_skip_dag.py
[2024-12-21T21:36:09.987+0000] {processor.py:914} INFO - Processing file /home/airflow/.local/lib/python3.12/site-packages/airflow/example_dags/example_skip_dag.py for tasks to queue
[2024-12-21T21:36:09.992+0000] {logging_mixin.py:190} INFO - [2024-12-21T21:36:09.991+0000] {dagbag.py:588} INFO - Filling up the DagBag from /home/airflow/.local/lib/python3.12/site-packages/airflow/example_dags/example_skip_dag.py
[2024-12-21T21:36:10.007+0000] {processor.py:925} INFO - DAG(s) 'example_skip_dag' retrieved from /home/airflow/.local/lib/python3.12/site-packages/airflow/example_dags/example_skip_dag.py
[2024-12-21T21:36:10.056+0000] {logging_mixin.py:190} INFO - [2024-12-21T21:36:10.055+0000] {dag.py:3239} INFO - Sync 1 DAGs
[2024-12-21T21:36:10.109+0000] {logging_mixin.py:190} INFO - [2024-12-21T21:36:10.109+0000] {dag.py:4180} INFO - Setting next_dagrun for example_skip_dag to 2024-12-20 00:00:00+00:00, run_after=2024-12-21 00:00:00+00:00
[2024-12-21T21:36:10.151+0000] {processor.py:208} INFO - Processing /home/airflow/.local/lib/python3.12/site-packages/airflow/example_dags/example_skip_dag.py took 0.177 seconds
[2024-12-21T21:36:40.427+0000] {processor.py:186} INFO - Started process (PID=6064) to work on /home/airflow/.local/lib/python3.12/site-packages/airflow/example_dags/example_skip_dag.py
[2024-12-21T21:36:40.428+0000] {processor.py:914} INFO - Processing file /home/airflow/.local/lib/python3.12/site-packages/airflow/example_dags/example_skip_dag.py for tasks to queue
[2024-12-21T21:36:40.434+0000] {logging_mixin.py:190} INFO - [2024-12-21T21:36:40.433+0000] {dagbag.py:588} INFO - Filling up the DagBag from /home/airflow/.local/lib/python3.12/site-packages/airflow/example_dags/example_skip_dag.py
[2024-12-21T21:36:40.450+0000] {processor.py:925} INFO - DAG(s) 'example_skip_dag' retrieved from /home/airflow/.local/lib/python3.12/site-packages/airflow/example_dags/example_skip_dag.py
[2024-12-21T21:36:40.503+0000] {logging_mixin.py:190} INFO - [2024-12-21T21:36:40.503+0000] {dag.py:3239} INFO - Sync 1 DAGs
[2024-12-21T21:36:40.564+0000] {logging_mixin.py:190} INFO - [2024-12-21T21:36:40.564+0000] {dag.py:4180} INFO - Setting next_dagrun for example_skip_dag to 2024-12-20 00:00:00+00:00, run_after=2024-12-21 00:00:00+00:00
[2024-12-21T21:36:40.612+0000] {processor.py:208} INFO - Processing /home/airflow/.local/lib/python3.12/site-packages/airflow/example_dags/example_skip_dag.py took 0.195 seconds
[2024-12-21T21:37:10.784+0000] {processor.py:186} INFO - Started process (PID=6355) to work on /home/airflow/.local/lib/python3.12/site-packages/airflow/example_dags/example_skip_dag.py
[2024-12-21T21:37:10.786+0000] {processor.py:914} INFO - Processing file /home/airflow/.local/lib/python3.12/site-packages/airflow/example_dags/example_skip_dag.py for tasks to queue
[2024-12-21T21:37:10.790+0000] {logging_mixin.py:190} INFO - [2024-12-21T21:37:10.790+0000] {dagbag.py:588} INFO - Filling up the DagBag from /home/airflow/.local/lib/python3.12/site-packages/airflow/example_dags/example_skip_dag.py
[2024-12-21T21:37:10.805+0000] {processor.py:925} INFO - DAG(s) 'example_skip_dag' retrieved from /home/airflow/.local/lib/python3.12/site-packages/airflow/example_dags/example_skip_dag.py
[2024-12-21T21:37:10.856+0000] {logging_mixin.py:190} INFO - [2024-12-21T21:37:10.856+0000] {dag.py:3239} INFO - Sync 1 DAGs
[2024-12-21T21:37:10.920+0000] {logging_mixin.py:190} INFO - [2024-12-21T21:37:10.920+0000] {dag.py:4180} INFO - Setting next_dagrun for example_skip_dag to 2024-12-20 00:00:00+00:00, run_after=2024-12-21 00:00:00+00:00
[2024-12-21T21:37:10.963+0000] {processor.py:208} INFO - Processing /home/airflow/.local/lib/python3.12/site-packages/airflow/example_dags/example_skip_dag.py took 0.190 seconds
[2024-12-21T21:37:41.450+0000] {processor.py:186} INFO - Started process (PID=6656) to work on /home/airflow/.local/lib/python3.12/site-packages/airflow/example_dags/example_skip_dag.py
[2024-12-21T21:37:41.452+0000] {processor.py:914} INFO - Processing file /home/airflow/.local/lib/python3.12/site-packages/airflow/example_dags/example_skip_dag.py for tasks to queue
[2024-12-21T21:37:41.460+0000] {logging_mixin.py:190} INFO - [2024-12-21T21:37:41.459+0000] {dagbag.py:588} INFO - Filling up the DagBag from /home/airflow/.local/lib/python3.12/site-packages/airflow/example_dags/example_skip_dag.py
[2024-12-21T21:37:41.477+0000] {processor.py:925} INFO - DAG(s) 'example_skip_dag' retrieved from /home/airflow/.local/lib/python3.12/site-packages/airflow/example_dags/example_skip_dag.py
[2024-12-21T21:37:41.536+0000] {logging_mixin.py:190} INFO - [2024-12-21T21:37:41.535+0000] {dag.py:3239} INFO - Sync 1 DAGs
[2024-12-21T21:37:41.592+0000] {logging_mixin.py:190} INFO - [2024-12-21T21:37:41.591+0000] {dag.py:4180} INFO - Setting next_dagrun for example_skip_dag to 2024-12-20 00:00:00+00:00, run_after=2024-12-21 00:00:00+00:00
[2024-12-21T21:37:41.631+0000] {processor.py:208} INFO - Processing /home/airflow/.local/lib/python3.12/site-packages/airflow/example_dags/example_skip_dag.py took 0.193 seconds
[2024-12-21T21:38:12.030+0000] {processor.py:186} INFO - Started process (PID=6949) to work on /home/airflow/.local/lib/python3.12/site-packages/airflow/example_dags/example_skip_dag.py
[2024-12-21T21:38:12.032+0000] {processor.py:914} INFO - Processing file /home/airflow/.local/lib/python3.12/site-packages/airflow/example_dags/example_skip_dag.py for tasks to queue
[2024-12-21T21:38:12.037+0000] {logging_mixin.py:190} INFO - [2024-12-21T21:38:12.036+0000] {dagbag.py:588} INFO - Filling up the DagBag from /home/airflow/.local/lib/python3.12/site-packages/airflow/example_dags/example_skip_dag.py
[2024-12-21T21:38:12.053+0000] {processor.py:925} INFO - DAG(s) 'example_skip_dag' retrieved from /home/airflow/.local/lib/python3.12/site-packages/airflow/example_dags/example_skip_dag.py
[2024-12-21T21:38:12.106+0000] {logging_mixin.py:190} INFO - [2024-12-21T21:38:12.105+0000] {dag.py:3239} INFO - Sync 1 DAGs
[2024-12-21T21:38:12.183+0000] {logging_mixin.py:190} INFO - [2024-12-21T21:38:12.183+0000] {dag.py:4180} INFO - Setting next_dagrun for example_skip_dag to 2024-12-20 00:00:00+00:00, run_after=2024-12-21 00:00:00+00:00
[2024-12-21T21:38:12.233+0000] {processor.py:208} INFO - Processing /home/airflow/.local/lib/python3.12/site-packages/airflow/example_dags/example_skip_dag.py took 0.216 seconds
[2024-12-21T21:38:44.032+0000] {processor.py:186} INFO - Started process (PID=7253) to work on /home/airflow/.local/lib/python3.12/site-packages/airflow/example_dags/example_skip_dag.py
[2024-12-21T21:38:44.035+0000] {processor.py:914} INFO - Processing file /home/airflow/.local/lib/python3.12/site-packages/airflow/example_dags/example_skip_dag.py for tasks to queue
[2024-12-21T21:38:44.041+0000] {logging_mixin.py:190} INFO - [2024-12-21T21:38:44.041+0000] {dagbag.py:588} INFO - Filling up the DagBag from /home/airflow/.local/lib/python3.12/site-packages/airflow/example_dags/example_skip_dag.py
[2024-12-21T21:38:44.067+0000] {processor.py:925} INFO - DAG(s) 'example_skip_dag' retrieved from /home/airflow/.local/lib/python3.12/site-packages/airflow/example_dags/example_skip_dag.py
[2024-12-21T21:38:44.133+0000] {logging_mixin.py:190} INFO - [2024-12-21T21:38:44.133+0000] {dag.py:3239} INFO - Sync 1 DAGs
[2024-12-21T21:38:44.217+0000] {logging_mixin.py:190} INFO - [2024-12-21T21:38:44.216+0000] {dag.py:4180} INFO - Setting next_dagrun for example_skip_dag to 2024-12-20 00:00:00+00:00, run_after=2024-12-21 00:00:00+00:00
[2024-12-21T21:38:44.298+0000] {processor.py:208} INFO - Processing /home/airflow/.local/lib/python3.12/site-packages/airflow/example_dags/example_skip_dag.py took 0.283 seconds
[2024-12-21T21:39:14.509+0000] {processor.py:186} INFO - Started process (PID=7546) to work on /home/airflow/.local/lib/python3.12/site-packages/airflow/example_dags/example_skip_dag.py
[2024-12-21T21:39:14.511+0000] {processor.py:914} INFO - Processing file /home/airflow/.local/lib/python3.12/site-packages/airflow/example_dags/example_skip_dag.py for tasks to queue
[2024-12-21T21:39:14.516+0000] {logging_mixin.py:190} INFO - [2024-12-21T21:39:14.515+0000] {dagbag.py:588} INFO - Filling up the DagBag from /home/airflow/.local/lib/python3.12/site-packages/airflow/example_dags/example_skip_dag.py
[2024-12-21T21:39:14.533+0000] {processor.py:925} INFO - DAG(s) 'example_skip_dag' retrieved from /home/airflow/.local/lib/python3.12/site-packages/airflow/example_dags/example_skip_dag.py
[2024-12-21T21:39:14.577+0000] {logging_mixin.py:190} INFO - [2024-12-21T21:39:14.577+0000] {dag.py:3239} INFO - Sync 1 DAGs
[2024-12-21T21:39:14.631+0000] {logging_mixin.py:190} INFO - [2024-12-21T21:39:14.630+0000] {dag.py:4180} INFO - Setting next_dagrun for example_skip_dag to 2024-12-20 00:00:00+00:00, run_after=2024-12-21 00:00:00+00:00
[2024-12-21T21:39:14.673+0000] {processor.py:208} INFO - Processing /home/airflow/.local/lib/python3.12/site-packages/airflow/example_dags/example_skip_dag.py took 0.179 seconds
[2024-12-21T21:39:45.097+0000] {processor.py:186} INFO - Started process (PID=7842) to work on /home/airflow/.local/lib/python3.12/site-packages/airflow/example_dags/example_skip_dag.py
[2024-12-21T21:39:45.100+0000] {processor.py:914} INFO - Processing file /home/airflow/.local/lib/python3.12/site-packages/airflow/example_dags/example_skip_dag.py for tasks to queue
[2024-12-21T21:39:45.107+0000] {logging_mixin.py:190} INFO - [2024-12-21T21:39:45.106+0000] {dagbag.py:588} INFO - Filling up the DagBag from /home/airflow/.local/lib/python3.12/site-packages/airflow/example_dags/example_skip_dag.py
[2024-12-21T21:39:45.132+0000] {processor.py:925} INFO - DAG(s) 'example_skip_dag' retrieved from /home/airflow/.local/lib/python3.12/site-packages/airflow/example_dags/example_skip_dag.py
[2024-12-21T21:39:45.195+0000] {logging_mixin.py:190} INFO - [2024-12-21T21:39:45.194+0000] {dag.py:3239} INFO - Sync 1 DAGs
[2024-12-21T21:39:45.269+0000] {logging_mixin.py:190} INFO - [2024-12-21T21:39:45.268+0000] {dag.py:4180} INFO - Setting next_dagrun for example_skip_dag to 2024-12-20 00:00:00+00:00, run_after=2024-12-21 00:00:00+00:00
[2024-12-21T21:39:45.351+0000] {processor.py:208} INFO - Processing /home/airflow/.local/lib/python3.12/site-packages/airflow/example_dags/example_skip_dag.py took 0.272 seconds
[2024-12-21T21:40:15.595+0000] {processor.py:186} INFO - Started process (PID=8138) to work on /home/airflow/.local/lib/python3.12/site-packages/airflow/example_dags/example_skip_dag.py
[2024-12-21T21:40:15.597+0000] {processor.py:914} INFO - Processing file /home/airflow/.local/lib/python3.12/site-packages/airflow/example_dags/example_skip_dag.py for tasks to queue
[2024-12-21T21:40:15.601+0000] {logging_mixin.py:190} INFO - [2024-12-21T21:40:15.600+0000] {dagbag.py:588} INFO - Filling up the DagBag from /home/airflow/.local/lib/python3.12/site-packages/airflow/example_dags/example_skip_dag.py
[2024-12-21T21:40:15.618+0000] {processor.py:925} INFO - DAG(s) 'example_skip_dag' retrieved from /home/airflow/.local/lib/python3.12/site-packages/airflow/example_dags/example_skip_dag.py
[2024-12-21T21:40:15.670+0000] {logging_mixin.py:190} INFO - [2024-12-21T21:40:15.670+0000] {dag.py:3239} INFO - Sync 1 DAGs
[2024-12-21T21:40:15.721+0000] {logging_mixin.py:190} INFO - [2024-12-21T21:40:15.721+0000] {dag.py:4180} INFO - Setting next_dagrun for example_skip_dag to 2024-12-20 00:00:00+00:00, run_after=2024-12-21 00:00:00+00:00
[2024-12-21T21:40:15.762+0000] {processor.py:208} INFO - Processing /home/airflow/.local/lib/python3.12/site-packages/airflow/example_dags/example_skip_dag.py took 0.180 seconds
