[2024-12-21T21:11:24.969+0000] {processor.py:186} INFO - Started process (PID=383) to work on /home/airflow/.local/lib/python3.12/site-packages/airflow/example_dags/example_python_decorator.py
[2024-12-21T21:11:24.971+0000] {processor.py:914} INFO - Processing file /home/airflow/.local/lib/python3.12/site-packages/airflow/example_dags/example_python_decorator.py for tasks to queue
[2024-12-21T21:11:24.977+0000] {logging_mixin.py:190} INFO - [2024-12-21T21:11:24.976+0000] {dagbag.py:588} INFO - Filling up the DagBag from /home/airflow/.local/lib/python3.12/site-packages/airflow/example_dags/example_python_decorator.py
[2024-12-21T21:11:25.016+0000] {processor.py:925} INFO - DAG(s) 'example_python_decorator' retrieved from /home/airflow/.local/lib/python3.12/site-packages/airflow/example_dags/example_python_decorator.py
[2024-12-21T21:11:25.270+0000] {logging_mixin.py:190} INFO - [2024-12-21T21:11:25.268+0000] {override.py:1911} INFO - Created Permission View: can delete on DAG:example_python_decorator
[2024-12-21T21:11:25.292+0000] {logging_mixin.py:190} INFO - [2024-12-21T21:11:25.291+0000] {override.py:1911} INFO - Created Permission View: can edit on DAG:example_python_decorator
[2024-12-21T21:11:25.307+0000] {logging_mixin.py:190} INFO - [2024-12-21T21:11:25.307+0000] {override.py:1911} INFO - Created Permission View: can read on DAG:example_python_decorator
[2024-12-21T21:11:25.324+0000] {logging_mixin.py:190} INFO - [2024-12-21T21:11:25.323+0000] {override.py:1911} INFO - Created Permission View: can delete on DAG Run:example_python_decorator
[2024-12-21T21:11:25.338+0000] {logging_mixin.py:190} INFO - [2024-12-21T21:11:25.338+0000] {override.py:1911} INFO - Created Permission View: can read on DAG Run:example_python_decorator
[2024-12-21T21:11:25.355+0000] {logging_mixin.py:190} INFO - [2024-12-21T21:11:25.354+0000] {override.py:1911} INFO - Created Permission View: can create on DAG Run:example_python_decorator
[2024-12-21T21:11:25.370+0000] {logging_mixin.py:190} INFO - [2024-12-21T21:11:25.370+0000] {override.py:1911} INFO - Created Permission View: menu access on DAG Run:example_python_decorator
[2024-12-21T21:11:25.372+0000] {logging_mixin.py:190} INFO - [2024-12-21T21:11:25.371+0000] {dag.py:3239} INFO - Sync 1 DAGs
[2024-12-21T21:11:25.399+0000] {logging_mixin.py:190} INFO - [2024-12-21T21:11:25.399+0000] {dag.py:3262} INFO - Creating ORM DAG for example_python_decorator
[2024-12-21T21:11:25.401+0000] {logging_mixin.py:190} INFO - [2024-12-21T21:11:25.400+0000] {dag.py:4180} INFO - Setting next_dagrun for example_python_decorator to None, run_after=None
[2024-12-21T21:11:25.434+0000] {processor.py:208} INFO - Processing /home/airflow/.local/lib/python3.12/site-packages/airflow/example_dags/example_python_decorator.py took 0.477 seconds
[2024-12-21T21:11:56.252+0000] {processor.py:186} INFO - Started process (PID=679) to work on /home/airflow/.local/lib/python3.12/site-packages/airflow/example_dags/example_python_decorator.py
[2024-12-21T21:11:56.255+0000] {processor.py:914} INFO - Processing file /home/airflow/.local/lib/python3.12/site-packages/airflow/example_dags/example_python_decorator.py for tasks to queue
[2024-12-21T21:11:56.260+0000] {logging_mixin.py:190} INFO - [2024-12-21T21:11:56.259+0000] {dagbag.py:588} INFO - Filling up the DagBag from /home/airflow/.local/lib/python3.12/site-packages/airflow/example_dags/example_python_decorator.py
[2024-12-21T21:11:56.293+0000] {processor.py:925} INFO - DAG(s) 'example_python_decorator' retrieved from /home/airflow/.local/lib/python3.12/site-packages/airflow/example_dags/example_python_decorator.py
[2024-12-21T21:11:56.342+0000] {logging_mixin.py:190} INFO - [2024-12-21T21:11:56.342+0000] {dag.py:3239} INFO - Sync 1 DAGs
[2024-12-21T21:11:56.371+0000] {logging_mixin.py:190} INFO - [2024-12-21T21:11:56.370+0000] {dag.py:4180} INFO - Setting next_dagrun for example_python_decorator to None, run_after=None
[2024-12-21T21:11:56.414+0000] {processor.py:208} INFO - Processing /home/airflow/.local/lib/python3.12/site-packages/airflow/example_dags/example_python_decorator.py took 0.175 seconds
[2024-12-21T21:12:28.663+0000] {processor.py:186} INFO - Started process (PID=977) to work on /home/airflow/.local/lib/python3.12/site-packages/airflow/example_dags/example_python_decorator.py
[2024-12-21T21:12:28.665+0000] {processor.py:914} INFO - Processing file /home/airflow/.local/lib/python3.12/site-packages/airflow/example_dags/example_python_decorator.py for tasks to queue
[2024-12-21T21:12:28.671+0000] {logging_mixin.py:190} INFO - [2024-12-21T21:12:28.670+0000] {dagbag.py:588} INFO - Filling up the DagBag from /home/airflow/.local/lib/python3.12/site-packages/airflow/example_dags/example_python_decorator.py
[2024-12-21T21:12:28.701+0000] {processor.py:925} INFO - DAG(s) 'example_python_decorator' retrieved from /home/airflow/.local/lib/python3.12/site-packages/airflow/example_dags/example_python_decorator.py
[2024-12-21T21:12:28.753+0000] {logging_mixin.py:190} INFO - [2024-12-21T21:12:28.752+0000] {dag.py:3239} INFO - Sync 1 DAGs
[2024-12-21T21:12:28.785+0000] {logging_mixin.py:190} INFO - [2024-12-21T21:12:28.785+0000] {dag.py:4180} INFO - Setting next_dagrun for example_python_decorator to None, run_after=None
[2024-12-21T21:12:28.825+0000] {processor.py:208} INFO - Processing /home/airflow/.local/lib/python3.12/site-packages/airflow/example_dags/example_python_decorator.py took 0.176 seconds
[2024-12-21T21:13:00.334+0000] {processor.py:186} INFO - Started process (PID=1273) to work on /home/airflow/.local/lib/python3.12/site-packages/airflow/example_dags/example_python_decorator.py
[2024-12-21T21:13:00.336+0000] {processor.py:914} INFO - Processing file /home/airflow/.local/lib/python3.12/site-packages/airflow/example_dags/example_python_decorator.py for tasks to queue
[2024-12-21T21:13:00.344+0000] {logging_mixin.py:190} INFO - [2024-12-21T21:13:00.343+0000] {dagbag.py:588} INFO - Filling up the DagBag from /home/airflow/.local/lib/python3.12/site-packages/airflow/example_dags/example_python_decorator.py
[2024-12-21T21:13:00.379+0000] {processor.py:925} INFO - DAG(s) 'example_python_decorator' retrieved from /home/airflow/.local/lib/python3.12/site-packages/airflow/example_dags/example_python_decorator.py
[2024-12-21T21:13:00.436+0000] {logging_mixin.py:190} INFO - [2024-12-21T21:13:00.435+0000] {dag.py:3239} INFO - Sync 1 DAGs
[2024-12-21T21:13:00.477+0000] {logging_mixin.py:190} INFO - [2024-12-21T21:13:00.477+0000] {dag.py:4180} INFO - Setting next_dagrun for example_python_decorator to None, run_after=None
[2024-12-21T21:13:00.522+0000] {processor.py:208} INFO - Processing /home/airflow/.local/lib/python3.12/site-packages/airflow/example_dags/example_python_decorator.py took 0.202 seconds
[2024-12-21T21:13:32.375+0000] {processor.py:186} INFO - Started process (PID=1567) to work on /home/airflow/.local/lib/python3.12/site-packages/airflow/example_dags/example_python_decorator.py
[2024-12-21T21:13:32.378+0000] {processor.py:914} INFO - Processing file /home/airflow/.local/lib/python3.12/site-packages/airflow/example_dags/example_python_decorator.py for tasks to queue
[2024-12-21T21:13:32.382+0000] {logging_mixin.py:190} INFO - [2024-12-21T21:13:32.382+0000] {dagbag.py:588} INFO - Filling up the DagBag from /home/airflow/.local/lib/python3.12/site-packages/airflow/example_dags/example_python_decorator.py
[2024-12-21T21:13:32.412+0000] {processor.py:925} INFO - DAG(s) 'example_python_decorator' retrieved from /home/airflow/.local/lib/python3.12/site-packages/airflow/example_dags/example_python_decorator.py
[2024-12-21T21:13:32.459+0000] {logging_mixin.py:190} INFO - [2024-12-21T21:13:32.458+0000] {dag.py:3239} INFO - Sync 1 DAGs
[2024-12-21T21:13:32.496+0000] {logging_mixin.py:190} INFO - [2024-12-21T21:13:32.496+0000] {dag.py:4180} INFO - Setting next_dagrun for example_python_decorator to None, run_after=None
[2024-12-21T21:13:32.537+0000] {processor.py:208} INFO - Processing /home/airflow/.local/lib/python3.12/site-packages/airflow/example_dags/example_python_decorator.py took 0.172 seconds
[2024-12-21T21:14:04.318+0000] {processor.py:186} INFO - Started process (PID=1865) to work on /home/airflow/.local/lib/python3.12/site-packages/airflow/example_dags/example_python_decorator.py
[2024-12-21T21:14:04.320+0000] {processor.py:914} INFO - Processing file /home/airflow/.local/lib/python3.12/site-packages/airflow/example_dags/example_python_decorator.py for tasks to queue
[2024-12-21T21:14:04.325+0000] {logging_mixin.py:190} INFO - [2024-12-21T21:14:04.324+0000] {dagbag.py:588} INFO - Filling up the DagBag from /home/airflow/.local/lib/python3.12/site-packages/airflow/example_dags/example_python_decorator.py
[2024-12-21T21:14:04.354+0000] {processor.py:925} INFO - DAG(s) 'example_python_decorator' retrieved from /home/airflow/.local/lib/python3.12/site-packages/airflow/example_dags/example_python_decorator.py
[2024-12-21T21:14:04.399+0000] {logging_mixin.py:190} INFO - [2024-12-21T21:14:04.399+0000] {dag.py:3239} INFO - Sync 1 DAGs
[2024-12-21T21:14:04.428+0000] {logging_mixin.py:190} INFO - [2024-12-21T21:14:04.428+0000] {dag.py:4180} INFO - Setting next_dagrun for example_python_decorator to None, run_after=None
[2024-12-21T21:14:04.495+0000] {processor.py:208} INFO - Processing /home/airflow/.local/lib/python3.12/site-packages/airflow/example_dags/example_python_decorator.py took 0.187 seconds
[2024-12-21T21:14:35.840+0000] {processor.py:186} INFO - Started process (PID=2159) to work on /home/airflow/.local/lib/python3.12/site-packages/airflow/example_dags/example_python_decorator.py
[2024-12-21T21:14:35.842+0000] {processor.py:914} INFO - Processing file /home/airflow/.local/lib/python3.12/site-packages/airflow/example_dags/example_python_decorator.py for tasks to queue
[2024-12-21T21:14:35.846+0000] {logging_mixin.py:190} INFO - [2024-12-21T21:14:35.846+0000] {dagbag.py:588} INFO - Filling up the DagBag from /home/airflow/.local/lib/python3.12/site-packages/airflow/example_dags/example_python_decorator.py
[2024-12-21T21:14:35.876+0000] {processor.py:925} INFO - DAG(s) 'example_python_decorator' retrieved from /home/airflow/.local/lib/python3.12/site-packages/airflow/example_dags/example_python_decorator.py
[2024-12-21T21:14:35.928+0000] {logging_mixin.py:190} INFO - [2024-12-21T21:14:35.927+0000] {dag.py:3239} INFO - Sync 1 DAGs
[2024-12-21T21:14:35.958+0000] {logging_mixin.py:190} INFO - [2024-12-21T21:14:35.957+0000] {dag.py:4180} INFO - Setting next_dagrun for example_python_decorator to None, run_after=None
[2024-12-21T21:14:36.021+0000] {processor.py:208} INFO - Processing /home/airflow/.local/lib/python3.12/site-packages/airflow/example_dags/example_python_decorator.py took 0.195 seconds
[2024-12-21T21:15:08.180+0000] {processor.py:186} INFO - Started process (PID=2457) to work on /home/airflow/.local/lib/python3.12/site-packages/airflow/example_dags/example_python_decorator.py
[2024-12-21T21:15:08.182+0000] {processor.py:914} INFO - Processing file /home/airflow/.local/lib/python3.12/site-packages/airflow/example_dags/example_python_decorator.py for tasks to queue
[2024-12-21T21:15:08.187+0000] {logging_mixin.py:190} INFO - [2024-12-21T21:15:08.186+0000] {dagbag.py:588} INFO - Filling up the DagBag from /home/airflow/.local/lib/python3.12/site-packages/airflow/example_dags/example_python_decorator.py
[2024-12-21T21:15:08.226+0000] {processor.py:925} INFO - DAG(s) 'example_python_decorator' retrieved from /home/airflow/.local/lib/python3.12/site-packages/airflow/example_dags/example_python_decorator.py
[2024-12-21T21:15:08.276+0000] {logging_mixin.py:190} INFO - [2024-12-21T21:15:08.276+0000] {dag.py:3239} INFO - Sync 1 DAGs
[2024-12-21T21:15:08.308+0000] {logging_mixin.py:190} INFO - [2024-12-21T21:15:08.307+0000] {dag.py:4180} INFO - Setting next_dagrun for example_python_decorator to None, run_after=None
[2024-12-21T21:15:08.375+0000] {processor.py:208} INFO - Processing /home/airflow/.local/lib/python3.12/site-packages/airflow/example_dags/example_python_decorator.py took 0.207 seconds
[2024-12-21T21:15:40.011+0000] {processor.py:186} INFO - Started process (PID=2751) to work on /home/airflow/.local/lib/python3.12/site-packages/airflow/example_dags/example_python_decorator.py
[2024-12-21T21:15:40.013+0000] {processor.py:914} INFO - Processing file /home/airflow/.local/lib/python3.12/site-packages/airflow/example_dags/example_python_decorator.py for tasks to queue
[2024-12-21T21:15:40.018+0000] {logging_mixin.py:190} INFO - [2024-12-21T21:15:40.017+0000] {dagbag.py:588} INFO - Filling up the DagBag from /home/airflow/.local/lib/python3.12/site-packages/airflow/example_dags/example_python_decorator.py
[2024-12-21T21:15:40.046+0000] {processor.py:925} INFO - DAG(s) 'example_python_decorator' retrieved from /home/airflow/.local/lib/python3.12/site-packages/airflow/example_dags/example_python_decorator.py
[2024-12-21T21:15:40.099+0000] {logging_mixin.py:190} INFO - [2024-12-21T21:15:40.098+0000] {dag.py:3239} INFO - Sync 1 DAGs
[2024-12-21T21:15:40.139+0000] {logging_mixin.py:190} INFO - [2024-12-21T21:15:40.139+0000] {dag.py:4180} INFO - Setting next_dagrun for example_python_decorator to None, run_after=None
[2024-12-21T21:15:40.180+0000] {processor.py:208} INFO - Processing /home/airflow/.local/lib/python3.12/site-packages/airflow/example_dags/example_python_decorator.py took 0.179 seconds
[2024-12-21T21:16:12.888+0000] {processor.py:186} INFO - Started process (PID=3047) to work on /home/airflow/.local/lib/python3.12/site-packages/airflow/example_dags/example_python_decorator.py
[2024-12-21T21:16:12.891+0000] {processor.py:914} INFO - Processing file /home/airflow/.local/lib/python3.12/site-packages/airflow/example_dags/example_python_decorator.py for tasks to queue
[2024-12-21T21:16:12.897+0000] {logging_mixin.py:190} INFO - [2024-12-21T21:16:12.896+0000] {dagbag.py:588} INFO - Filling up the DagBag from /home/airflow/.local/lib/python3.12/site-packages/airflow/example_dags/example_python_decorator.py
[2024-12-21T21:16:12.941+0000] {processor.py:925} INFO - DAG(s) 'example_python_decorator' retrieved from /home/airflow/.local/lib/python3.12/site-packages/airflow/example_dags/example_python_decorator.py
[2024-12-21T21:16:13.012+0000] {logging_mixin.py:190} INFO - [2024-12-21T21:16:13.011+0000] {dag.py:3239} INFO - Sync 1 DAGs
[2024-12-21T21:16:13.063+0000] {logging_mixin.py:190} INFO - [2024-12-21T21:16:13.062+0000] {dag.py:4180} INFO - Setting next_dagrun for example_python_decorator to None, run_after=None
[2024-12-21T21:16:13.145+0000] {processor.py:208} INFO - Processing /home/airflow/.local/lib/python3.12/site-packages/airflow/example_dags/example_python_decorator.py took 0.272 seconds
[2024-12-21T21:16:44.942+0000] {processor.py:186} INFO - Started process (PID=3342) to work on /home/airflow/.local/lib/python3.12/site-packages/airflow/example_dags/example_python_decorator.py
[2024-12-21T21:16:44.949+0000] {processor.py:914} INFO - Processing file /home/airflow/.local/lib/python3.12/site-packages/airflow/example_dags/example_python_decorator.py for tasks to queue
[2024-12-21T21:16:44.958+0000] {logging_mixin.py:190} INFO - [2024-12-21T21:16:44.957+0000] {dagbag.py:588} INFO - Filling up the DagBag from /home/airflow/.local/lib/python3.12/site-packages/airflow/example_dags/example_python_decorator.py
[2024-12-21T21:16:45.023+0000] {processor.py:925} INFO - DAG(s) 'example_python_decorator' retrieved from /home/airflow/.local/lib/python3.12/site-packages/airflow/example_dags/example_python_decorator.py
[2024-12-21T21:16:45.087+0000] {logging_mixin.py:190} INFO - [2024-12-21T21:16:45.086+0000] {dag.py:3239} INFO - Sync 1 DAGs
[2024-12-21T21:16:45.149+0000] {logging_mixin.py:190} INFO - [2024-12-21T21:16:45.148+0000] {dag.py:4180} INFO - Setting next_dagrun for example_python_decorator to None, run_after=None
[2024-12-21T21:16:45.200+0000] {processor.py:208} INFO - Processing /home/airflow/.local/lib/python3.12/site-packages/airflow/example_dags/example_python_decorator.py took 0.283 seconds
[2024-12-21T21:17:15.592+0000] {processor.py:186} INFO - Started process (PID=3633) to work on /home/airflow/.local/lib/python3.12/site-packages/airflow/example_dags/example_python_decorator.py
[2024-12-21T21:17:15.594+0000] {processor.py:914} INFO - Processing file /home/airflow/.local/lib/python3.12/site-packages/airflow/example_dags/example_python_decorator.py for tasks to queue
[2024-12-21T21:17:15.598+0000] {logging_mixin.py:190} INFO - [2024-12-21T21:17:15.597+0000] {dagbag.py:588} INFO - Filling up the DagBag from /home/airflow/.local/lib/python3.12/site-packages/airflow/example_dags/example_python_decorator.py
[2024-12-21T21:17:15.628+0000] {processor.py:925} INFO - DAG(s) 'example_python_decorator' retrieved from /home/airflow/.local/lib/python3.12/site-packages/airflow/example_dags/example_python_decorator.py
[2024-12-21T21:17:15.693+0000] {logging_mixin.py:190} INFO - [2024-12-21T21:17:15.693+0000] {dag.py:3239} INFO - Sync 1 DAGs
[2024-12-21T21:17:15.720+0000] {logging_mixin.py:190} INFO - [2024-12-21T21:17:15.719+0000] {dag.py:4180} INFO - Setting next_dagrun for example_python_decorator to None, run_after=None
[2024-12-21T21:17:15.781+0000] {processor.py:208} INFO - Processing /home/airflow/.local/lib/python3.12/site-packages/airflow/example_dags/example_python_decorator.py took 0.204 seconds
[2024-12-21T21:17:46.333+0000] {processor.py:186} INFO - Started process (PID=3926) to work on /home/airflow/.local/lib/python3.12/site-packages/airflow/example_dags/example_python_decorator.py
[2024-12-21T21:17:46.337+0000] {processor.py:914} INFO - Processing file /home/airflow/.local/lib/python3.12/site-packages/airflow/example_dags/example_python_decorator.py for tasks to queue
[2024-12-21T21:17:46.345+0000] {logging_mixin.py:190} INFO - [2024-12-21T21:17:46.345+0000] {dagbag.py:588} INFO - Filling up the DagBag from /home/airflow/.local/lib/python3.12/site-packages/airflow/example_dags/example_python_decorator.py
[2024-12-21T21:17:46.378+0000] {processor.py:925} INFO - DAG(s) 'example_python_decorator' retrieved from /home/airflow/.local/lib/python3.12/site-packages/airflow/example_dags/example_python_decorator.py
[2024-12-21T21:17:46.428+0000] {logging_mixin.py:190} INFO - [2024-12-21T21:17:46.427+0000] {dag.py:3239} INFO - Sync 1 DAGs
[2024-12-21T21:17:46.466+0000] {logging_mixin.py:190} INFO - [2024-12-21T21:17:46.465+0000] {dag.py:4180} INFO - Setting next_dagrun for example_python_decorator to None, run_after=None
[2024-12-21T21:17:46.517+0000] {processor.py:208} INFO - Processing /home/airflow/.local/lib/python3.12/site-packages/airflow/example_dags/example_python_decorator.py took 0.213 seconds
[2024-12-21T21:18:17.118+0000] {processor.py:186} INFO - Started process (PID=4220) to work on /home/airflow/.local/lib/python3.12/site-packages/airflow/example_dags/example_python_decorator.py
[2024-12-21T21:18:17.120+0000] {processor.py:914} INFO - Processing file /home/airflow/.local/lib/python3.12/site-packages/airflow/example_dags/example_python_decorator.py for tasks to queue
[2024-12-21T21:18:17.125+0000] {logging_mixin.py:190} INFO - [2024-12-21T21:18:17.124+0000] {dagbag.py:588} INFO - Filling up the DagBag from /home/airflow/.local/lib/python3.12/site-packages/airflow/example_dags/example_python_decorator.py
[2024-12-21T21:18:17.156+0000] {processor.py:925} INFO - DAG(s) 'example_python_decorator' retrieved from /home/airflow/.local/lib/python3.12/site-packages/airflow/example_dags/example_python_decorator.py
[2024-12-21T21:18:17.207+0000] {logging_mixin.py:190} INFO - [2024-12-21T21:18:17.207+0000] {dag.py:3239} INFO - Sync 1 DAGs
[2024-12-21T21:18:17.248+0000] {logging_mixin.py:190} INFO - [2024-12-21T21:18:17.248+0000] {dag.py:4180} INFO - Setting next_dagrun for example_python_decorator to None, run_after=None
[2024-12-21T21:18:17.320+0000] {processor.py:208} INFO - Processing /home/airflow/.local/lib/python3.12/site-packages/airflow/example_dags/example_python_decorator.py took 0.214 seconds
[2024-12-21T21:18:47.583+0000] {processor.py:186} INFO - Started process (PID=4516) to work on /home/airflow/.local/lib/python3.12/site-packages/airflow/example_dags/example_python_decorator.py
[2024-12-21T21:18:47.585+0000] {processor.py:914} INFO - Processing file /home/airflow/.local/lib/python3.12/site-packages/airflow/example_dags/example_python_decorator.py for tasks to queue
[2024-12-21T21:18:47.590+0000] {logging_mixin.py:190} INFO - [2024-12-21T21:18:47.589+0000] {dagbag.py:588} INFO - Filling up the DagBag from /home/airflow/.local/lib/python3.12/site-packages/airflow/example_dags/example_python_decorator.py
[2024-12-21T21:18:47.624+0000] {processor.py:925} INFO - DAG(s) 'example_python_decorator' retrieved from /home/airflow/.local/lib/python3.12/site-packages/airflow/example_dags/example_python_decorator.py
[2024-12-21T21:18:47.684+0000] {logging_mixin.py:190} INFO - [2024-12-21T21:18:47.683+0000] {dag.py:3239} INFO - Sync 1 DAGs
[2024-12-21T21:18:47.730+0000] {logging_mixin.py:190} INFO - [2024-12-21T21:18:47.729+0000] {dag.py:4180} INFO - Setting next_dagrun for example_python_decorator to None, run_after=None
[2024-12-21T21:18:47.801+0000] {processor.py:208} INFO - Processing /home/airflow/.local/lib/python3.12/site-packages/airflow/example_dags/example_python_decorator.py took 0.231 seconds
[2024-12-21T21:19:17.904+0000] {processor.py:186} INFO - Started process (PID=4807) to work on /home/airflow/.local/lib/python3.12/site-packages/airflow/example_dags/example_python_decorator.py
[2024-12-21T21:19:17.906+0000] {processor.py:914} INFO - Processing file /home/airflow/.local/lib/python3.12/site-packages/airflow/example_dags/example_python_decorator.py for tasks to queue
[2024-12-21T21:19:17.911+0000] {logging_mixin.py:190} INFO - [2024-12-21T21:19:17.910+0000] {dagbag.py:588} INFO - Filling up the DagBag from /home/airflow/.local/lib/python3.12/site-packages/airflow/example_dags/example_python_decorator.py
[2024-12-21T21:19:17.956+0000] {processor.py:925} INFO - DAG(s) 'example_python_decorator' retrieved from /home/airflow/.local/lib/python3.12/site-packages/airflow/example_dags/example_python_decorator.py
[2024-12-21T21:19:18.006+0000] {logging_mixin.py:190} INFO - [2024-12-21T21:19:18.005+0000] {dag.py:3239} INFO - Sync 1 DAGs
[2024-12-21T21:19:18.045+0000] {logging_mixin.py:190} INFO - [2024-12-21T21:19:18.045+0000] {dag.py:4180} INFO - Setting next_dagrun for example_python_decorator to None, run_after=None
[2024-12-21T21:19:18.088+0000] {processor.py:208} INFO - Processing /home/airflow/.local/lib/python3.12/site-packages/airflow/example_dags/example_python_decorator.py took 0.198 seconds
[2024-12-21T21:19:48.597+0000] {processor.py:186} INFO - Started process (PID=5098) to work on /home/airflow/.local/lib/python3.12/site-packages/airflow/example_dags/example_python_decorator.py
[2024-12-21T21:19:48.601+0000] {processor.py:914} INFO - Processing file /home/airflow/.local/lib/python3.12/site-packages/airflow/example_dags/example_python_decorator.py for tasks to queue
[2024-12-21T21:19:48.608+0000] {logging_mixin.py:190} INFO - [2024-12-21T21:19:48.607+0000] {dagbag.py:588} INFO - Filling up the DagBag from /home/airflow/.local/lib/python3.12/site-packages/airflow/example_dags/example_python_decorator.py
[2024-12-21T21:19:48.681+0000] {processor.py:925} INFO - DAG(s) 'example_python_decorator' retrieved from /home/airflow/.local/lib/python3.12/site-packages/airflow/example_dags/example_python_decorator.py
[2024-12-21T21:19:48.727+0000] {logging_mixin.py:190} INFO - [2024-12-21T21:19:48.726+0000] {dag.py:3239} INFO - Sync 1 DAGs
[2024-12-21T21:19:48.761+0000] {logging_mixin.py:190} INFO - [2024-12-21T21:19:48.760+0000] {dag.py:4180} INFO - Setting next_dagrun for example_python_decorator to None, run_after=None
[2024-12-21T21:19:48.804+0000] {processor.py:208} INFO - Processing /home/airflow/.local/lib/python3.12/site-packages/airflow/example_dags/example_python_decorator.py took 0.237 seconds
[2024-12-21T21:20:19.527+0000] {processor.py:186} INFO - Started process (PID=5390) to work on /home/airflow/.local/lib/python3.12/site-packages/airflow/example_dags/example_python_decorator.py
[2024-12-21T21:20:19.529+0000] {processor.py:914} INFO - Processing file /home/airflow/.local/lib/python3.12/site-packages/airflow/example_dags/example_python_decorator.py for tasks to queue
[2024-12-21T21:20:19.535+0000] {logging_mixin.py:190} INFO - [2024-12-21T21:20:19.534+0000] {dagbag.py:588} INFO - Filling up the DagBag from /home/airflow/.local/lib/python3.12/site-packages/airflow/example_dags/example_python_decorator.py
[2024-12-21T21:20:19.566+0000] {processor.py:925} INFO - DAG(s) 'example_python_decorator' retrieved from /home/airflow/.local/lib/python3.12/site-packages/airflow/example_dags/example_python_decorator.py
[2024-12-21T21:20:19.615+0000] {logging_mixin.py:190} INFO - [2024-12-21T21:20:19.614+0000] {dag.py:3239} INFO - Sync 1 DAGs
[2024-12-21T21:20:19.648+0000] {logging_mixin.py:190} INFO - [2024-12-21T21:20:19.648+0000] {dag.py:4180} INFO - Setting next_dagrun for example_python_decorator to None, run_after=None
[2024-12-21T21:20:19.714+0000] {processor.py:208} INFO - Processing /home/airflow/.local/lib/python3.12/site-packages/airflow/example_dags/example_python_decorator.py took 0.199 seconds
[2024-12-21T21:20:49.874+0000] {processor.py:186} INFO - Started process (PID=5686) to work on /home/airflow/.local/lib/python3.12/site-packages/airflow/example_dags/example_python_decorator.py
[2024-12-21T21:20:49.876+0000] {processor.py:914} INFO - Processing file /home/airflow/.local/lib/python3.12/site-packages/airflow/example_dags/example_python_decorator.py for tasks to queue
[2024-12-21T21:20:49.881+0000] {logging_mixin.py:190} INFO - [2024-12-21T21:20:49.880+0000] {dagbag.py:588} INFO - Filling up the DagBag from /home/airflow/.local/lib/python3.12/site-packages/airflow/example_dags/example_python_decorator.py
[2024-12-21T21:20:49.909+0000] {processor.py:925} INFO - DAG(s) 'example_python_decorator' retrieved from /home/airflow/.local/lib/python3.12/site-packages/airflow/example_dags/example_python_decorator.py
[2024-12-21T21:20:49.955+0000] {logging_mixin.py:190} INFO - [2024-12-21T21:20:49.954+0000] {dag.py:3239} INFO - Sync 1 DAGs
[2024-12-21T21:20:49.982+0000] {logging_mixin.py:190} INFO - [2024-12-21T21:20:49.982+0000] {dag.py:4180} INFO - Setting next_dagrun for example_python_decorator to None, run_after=None
[2024-12-21T21:20:50.043+0000] {processor.py:208} INFO - Processing /home/airflow/.local/lib/python3.12/site-packages/airflow/example_dags/example_python_decorator.py took 0.180 seconds
[2024-12-21T21:21:21.090+0000] {processor.py:186} INFO - Started process (PID=5983) to work on /home/airflow/.local/lib/python3.12/site-packages/airflow/example_dags/example_python_decorator.py
[2024-12-21T21:21:21.092+0000] {processor.py:914} INFO - Processing file /home/airflow/.local/lib/python3.12/site-packages/airflow/example_dags/example_python_decorator.py for tasks to queue
[2024-12-21T21:21:21.098+0000] {logging_mixin.py:190} INFO - [2024-12-21T21:21:21.097+0000] {dagbag.py:588} INFO - Filling up the DagBag from /home/airflow/.local/lib/python3.12/site-packages/airflow/example_dags/example_python_decorator.py
[2024-12-21T21:21:21.139+0000] {processor.py:925} INFO - DAG(s) 'example_python_decorator' retrieved from /home/airflow/.local/lib/python3.12/site-packages/airflow/example_dags/example_python_decorator.py
[2024-12-21T21:21:21.194+0000] {logging_mixin.py:190} INFO - [2024-12-21T21:21:21.193+0000] {dag.py:3239} INFO - Sync 1 DAGs
[2024-12-21T21:21:21.233+0000] {logging_mixin.py:190} INFO - [2024-12-21T21:21:21.233+0000] {dag.py:4180} INFO - Setting next_dagrun for example_python_decorator to None, run_after=None
[2024-12-21T21:21:21.312+0000] {processor.py:208} INFO - Processing /home/airflow/.local/lib/python3.12/site-packages/airflow/example_dags/example_python_decorator.py took 0.239 seconds
[2024-12-21T21:21:51.696+0000] {processor.py:186} INFO - Started process (PID=6279) to work on /home/airflow/.local/lib/python3.12/site-packages/airflow/example_dags/example_python_decorator.py
[2024-12-21T21:21:51.723+0000] {processor.py:914} INFO - Processing file /home/airflow/.local/lib/python3.12/site-packages/airflow/example_dags/example_python_decorator.py for tasks to queue
[2024-12-21T21:21:51.728+0000] {logging_mixin.py:190} INFO - [2024-12-21T21:21:51.728+0000] {dagbag.py:588} INFO - Filling up the DagBag from /home/airflow/.local/lib/python3.12/site-packages/airflow/example_dags/example_python_decorator.py
[2024-12-21T21:21:51.763+0000] {processor.py:925} INFO - DAG(s) 'example_python_decorator' retrieved from /home/airflow/.local/lib/python3.12/site-packages/airflow/example_dags/example_python_decorator.py
[2024-12-21T21:21:51.817+0000] {logging_mixin.py:190} INFO - [2024-12-21T21:21:51.817+0000] {dag.py:3239} INFO - Sync 1 DAGs
[2024-12-21T21:21:51.853+0000] {logging_mixin.py:190} INFO - [2024-12-21T21:21:51.852+0000] {dag.py:4180} INFO - Setting next_dagrun for example_python_decorator to None, run_after=None
[2024-12-21T21:21:51.921+0000] {processor.py:208} INFO - Processing /home/airflow/.local/lib/python3.12/site-packages/airflow/example_dags/example_python_decorator.py took 0.237 seconds
[2024-12-21T21:22:22.064+0000] {processor.py:186} INFO - Started process (PID=6575) to work on /home/airflow/.local/lib/python3.12/site-packages/airflow/example_dags/example_python_decorator.py
[2024-12-21T21:22:22.066+0000] {processor.py:914} INFO - Processing file /home/airflow/.local/lib/python3.12/site-packages/airflow/example_dags/example_python_decorator.py for tasks to queue
[2024-12-21T21:22:22.071+0000] {logging_mixin.py:190} INFO - [2024-12-21T21:22:22.070+0000] {dagbag.py:588} INFO - Filling up the DagBag from /home/airflow/.local/lib/python3.12/site-packages/airflow/example_dags/example_python_decorator.py
[2024-12-21T21:22:22.101+0000] {processor.py:925} INFO - DAG(s) 'example_python_decorator' retrieved from /home/airflow/.local/lib/python3.12/site-packages/airflow/example_dags/example_python_decorator.py
[2024-12-21T21:22:22.144+0000] {logging_mixin.py:190} INFO - [2024-12-21T21:22:22.143+0000] {dag.py:3239} INFO - Sync 1 DAGs
[2024-12-21T21:22:22.172+0000] {logging_mixin.py:190} INFO - [2024-12-21T21:22:22.171+0000] {dag.py:4180} INFO - Setting next_dagrun for example_python_decorator to None, run_after=None
[2024-12-21T21:22:22.234+0000] {processor.py:208} INFO - Processing /home/airflow/.local/lib/python3.12/site-packages/airflow/example_dags/example_python_decorator.py took 0.181 seconds
[2024-12-21T21:22:52.478+0000] {processor.py:186} INFO - Started process (PID=6871) to work on /home/airflow/.local/lib/python3.12/site-packages/airflow/example_dags/example_python_decorator.py
[2024-12-21T21:22:52.505+0000] {processor.py:914} INFO - Processing file /home/airflow/.local/lib/python3.12/site-packages/airflow/example_dags/example_python_decorator.py for tasks to queue
[2024-12-21T21:22:52.510+0000] {logging_mixin.py:190} INFO - [2024-12-21T21:22:52.509+0000] {dagbag.py:588} INFO - Filling up the DagBag from /home/airflow/.local/lib/python3.12/site-packages/airflow/example_dags/example_python_decorator.py
[2024-12-21T21:22:52.542+0000] {processor.py:925} INFO - DAG(s) 'example_python_decorator' retrieved from /home/airflow/.local/lib/python3.12/site-packages/airflow/example_dags/example_python_decorator.py
[2024-12-21T21:22:52.589+0000] {logging_mixin.py:190} INFO - [2024-12-21T21:22:52.589+0000] {dag.py:3239} INFO - Sync 1 DAGs
[2024-12-21T21:22:52.625+0000] {logging_mixin.py:190} INFO - [2024-12-21T21:22:52.625+0000] {dag.py:4180} INFO - Setting next_dagrun for example_python_decorator to None, run_after=None
[2024-12-21T21:22:52.670+0000] {processor.py:208} INFO - Processing /home/airflow/.local/lib/python3.12/site-packages/airflow/example_dags/example_python_decorator.py took 0.206 seconds
[2024-12-21T21:23:23.064+0000] {processor.py:186} INFO - Started process (PID=7168) to work on /home/airflow/.local/lib/python3.12/site-packages/airflow/example_dags/example_python_decorator.py
[2024-12-21T21:23:23.067+0000] {processor.py:914} INFO - Processing file /home/airflow/.local/lib/python3.12/site-packages/airflow/example_dags/example_python_decorator.py for tasks to queue
[2024-12-21T21:23:23.071+0000] {logging_mixin.py:190} INFO - [2024-12-21T21:23:23.070+0000] {dagbag.py:588} INFO - Filling up the DagBag from /home/airflow/.local/lib/python3.12/site-packages/airflow/example_dags/example_python_decorator.py
[2024-12-21T21:23:23.099+0000] {processor.py:925} INFO - DAG(s) 'example_python_decorator' retrieved from /home/airflow/.local/lib/python3.12/site-packages/airflow/example_dags/example_python_decorator.py
[2024-12-21T21:23:23.143+0000] {logging_mixin.py:190} INFO - [2024-12-21T21:23:23.143+0000] {dag.py:3239} INFO - Sync 1 DAGs
[2024-12-21T21:23:23.172+0000] {logging_mixin.py:190} INFO - [2024-12-21T21:23:23.171+0000] {dag.py:4180} INFO - Setting next_dagrun for example_python_decorator to None, run_after=None
[2024-12-21T21:23:23.231+0000] {processor.py:208} INFO - Processing /home/airflow/.local/lib/python3.12/site-packages/airflow/example_dags/example_python_decorator.py took 0.178 seconds
[2024-12-21T21:23:53.527+0000] {processor.py:186} INFO - Started process (PID=7464) to work on /home/airflow/.local/lib/python3.12/site-packages/airflow/example_dags/example_python_decorator.py
[2024-12-21T21:23:53.529+0000] {processor.py:914} INFO - Processing file /home/airflow/.local/lib/python3.12/site-packages/airflow/example_dags/example_python_decorator.py for tasks to queue
[2024-12-21T21:23:53.533+0000] {logging_mixin.py:190} INFO - [2024-12-21T21:23:53.533+0000] {dagbag.py:588} INFO - Filling up the DagBag from /home/airflow/.local/lib/python3.12/site-packages/airflow/example_dags/example_python_decorator.py
[2024-12-21T21:23:53.562+0000] {processor.py:925} INFO - DAG(s) 'example_python_decorator' retrieved from /home/airflow/.local/lib/python3.12/site-packages/airflow/example_dags/example_python_decorator.py
[2024-12-21T21:23:53.612+0000] {logging_mixin.py:190} INFO - [2024-12-21T21:23:53.611+0000] {dag.py:3239} INFO - Sync 1 DAGs
[2024-12-21T21:23:53.643+0000] {logging_mixin.py:190} INFO - [2024-12-21T21:23:53.643+0000] {dag.py:4180} INFO - Setting next_dagrun for example_python_decorator to None, run_after=None
[2024-12-21T21:23:53.684+0000] {processor.py:208} INFO - Processing /home/airflow/.local/lib/python3.12/site-packages/airflow/example_dags/example_python_decorator.py took 0.169 seconds
[2024-12-21T21:24:23.831+0000] {processor.py:186} INFO - Started process (PID=7760) to work on /home/airflow/.local/lib/python3.12/site-packages/airflow/example_dags/example_python_decorator.py
[2024-12-21T21:24:23.833+0000] {processor.py:914} INFO - Processing file /home/airflow/.local/lib/python3.12/site-packages/airflow/example_dags/example_python_decorator.py for tasks to queue
[2024-12-21T21:24:23.837+0000] {logging_mixin.py:190} INFO - [2024-12-21T21:24:23.837+0000] {dagbag.py:588} INFO - Filling up the DagBag from /home/airflow/.local/lib/python3.12/site-packages/airflow/example_dags/example_python_decorator.py
[2024-12-21T21:24:23.873+0000] {processor.py:925} INFO - DAG(s) 'example_python_decorator' retrieved from /home/airflow/.local/lib/python3.12/site-packages/airflow/example_dags/example_python_decorator.py
[2024-12-21T21:24:23.999+0000] {logging_mixin.py:190} INFO - [2024-12-21T21:24:23.998+0000] {dag.py:3239} INFO - Sync 1 DAGs
[2024-12-21T21:24:24.078+0000] {logging_mixin.py:190} INFO - [2024-12-21T21:24:24.078+0000] {dag.py:4180} INFO - Setting next_dagrun for example_python_decorator to None, run_after=None
[2024-12-21T21:24:24.120+0000] {processor.py:208} INFO - Processing /home/airflow/.local/lib/python3.12/site-packages/airflow/example_dags/example_python_decorator.py took 0.299 seconds
[2024-12-21T21:26:36.782+0000] {processor.py:186} INFO - Started process (PID=376) to work on /home/airflow/.local/lib/python3.12/site-packages/airflow/example_dags/example_python_decorator.py
[2024-12-21T21:26:36.784+0000] {processor.py:914} INFO - Processing file /home/airflow/.local/lib/python3.12/site-packages/airflow/example_dags/example_python_decorator.py for tasks to queue
[2024-12-21T21:26:36.789+0000] {logging_mixin.py:190} INFO - [2024-12-21T21:26:36.788+0000] {dagbag.py:588} INFO - Filling up the DagBag from /home/airflow/.local/lib/python3.12/site-packages/airflow/example_dags/example_python_decorator.py
[2024-12-21T21:26:36.821+0000] {processor.py:925} INFO - DAG(s) 'example_python_decorator' retrieved from /home/airflow/.local/lib/python3.12/site-packages/airflow/example_dags/example_python_decorator.py
[2024-12-21T21:26:37.116+0000] {logging_mixin.py:190} INFO - [2024-12-21T21:26:37.115+0000] {dag.py:3239} INFO - Sync 1 DAGs
[2024-12-21T21:26:37.149+0000] {logging_mixin.py:190} INFO - [2024-12-21T21:26:37.148+0000] {dag.py:4180} INFO - Setting next_dagrun for example_python_decorator to None, run_after=None
[2024-12-21T21:26:37.196+0000] {processor.py:208} INFO - Processing /home/airflow/.local/lib/python3.12/site-packages/airflow/example_dags/example_python_decorator.py took 0.426 seconds
[2024-12-21T21:27:08.734+0000] {processor.py:186} INFO - Started process (PID=672) to work on /home/airflow/.local/lib/python3.12/site-packages/airflow/example_dags/example_python_decorator.py
[2024-12-21T21:27:08.736+0000] {processor.py:914} INFO - Processing file /home/airflow/.local/lib/python3.12/site-packages/airflow/example_dags/example_python_decorator.py for tasks to queue
[2024-12-21T21:27:08.741+0000] {logging_mixin.py:190} INFO - [2024-12-21T21:27:08.740+0000] {dagbag.py:588} INFO - Filling up the DagBag from /home/airflow/.local/lib/python3.12/site-packages/airflow/example_dags/example_python_decorator.py
[2024-12-21T21:27:08.777+0000] {processor.py:925} INFO - DAG(s) 'example_python_decorator' retrieved from /home/airflow/.local/lib/python3.12/site-packages/airflow/example_dags/example_python_decorator.py
[2024-12-21T21:27:08.826+0000] {logging_mixin.py:190} INFO - [2024-12-21T21:27:08.825+0000] {dag.py:3239} INFO - Sync 1 DAGs
[2024-12-21T21:27:08.857+0000] {logging_mixin.py:190} INFO - [2024-12-21T21:27:08.856+0000] {dag.py:4180} INFO - Setting next_dagrun for example_python_decorator to None, run_after=None
[2024-12-21T21:27:08.912+0000] {processor.py:208} INFO - Processing /home/airflow/.local/lib/python3.12/site-packages/airflow/example_dags/example_python_decorator.py took 0.192 seconds
[2024-12-21T21:27:40.732+0000] {processor.py:186} INFO - Started process (PID=968) to work on /home/airflow/.local/lib/python3.12/site-packages/airflow/example_dags/example_python_decorator.py
[2024-12-21T21:27:40.734+0000] {processor.py:914} INFO - Processing file /home/airflow/.local/lib/python3.12/site-packages/airflow/example_dags/example_python_decorator.py for tasks to queue
[2024-12-21T21:27:40.738+0000] {logging_mixin.py:190} INFO - [2024-12-21T21:27:40.737+0000] {dagbag.py:588} INFO - Filling up the DagBag from /home/airflow/.local/lib/python3.12/site-packages/airflow/example_dags/example_python_decorator.py
[2024-12-21T21:27:40.768+0000] {processor.py:925} INFO - DAG(s) 'example_python_decorator' retrieved from /home/airflow/.local/lib/python3.12/site-packages/airflow/example_dags/example_python_decorator.py
[2024-12-21T21:27:40.812+0000] {logging_mixin.py:190} INFO - [2024-12-21T21:27:40.811+0000] {dag.py:3239} INFO - Sync 1 DAGs
[2024-12-21T21:27:40.840+0000] {logging_mixin.py:190} INFO - [2024-12-21T21:27:40.839+0000] {dag.py:4180} INFO - Setting next_dagrun for example_python_decorator to None, run_after=None
[2024-12-21T21:27:40.878+0000] {processor.py:208} INFO - Processing /home/airflow/.local/lib/python3.12/site-packages/airflow/example_dags/example_python_decorator.py took 0.157 seconds
[2024-12-21T21:28:12.415+0000] {processor.py:186} INFO - Started process (PID=1264) to work on /home/airflow/.local/lib/python3.12/site-packages/airflow/example_dags/example_python_decorator.py
[2024-12-21T21:28:12.417+0000] {processor.py:914} INFO - Processing file /home/airflow/.local/lib/python3.12/site-packages/airflow/example_dags/example_python_decorator.py for tasks to queue
[2024-12-21T21:28:12.422+0000] {logging_mixin.py:190} INFO - [2024-12-21T21:28:12.421+0000] {dagbag.py:588} INFO - Filling up the DagBag from /home/airflow/.local/lib/python3.12/site-packages/airflow/example_dags/example_python_decorator.py
[2024-12-21T21:28:12.451+0000] {processor.py:925} INFO - DAG(s) 'example_python_decorator' retrieved from /home/airflow/.local/lib/python3.12/site-packages/airflow/example_dags/example_python_decorator.py
[2024-12-21T21:28:12.499+0000] {logging_mixin.py:190} INFO - [2024-12-21T21:28:12.498+0000] {dag.py:3239} INFO - Sync 1 DAGs
[2024-12-21T21:28:12.537+0000] {logging_mixin.py:190} INFO - [2024-12-21T21:28:12.537+0000] {dag.py:4180} INFO - Setting next_dagrun for example_python_decorator to None, run_after=None
[2024-12-21T21:28:12.585+0000] {processor.py:208} INFO - Processing /home/airflow/.local/lib/python3.12/site-packages/airflow/example_dags/example_python_decorator.py took 0.180 seconds
[2024-12-21T21:28:44.395+0000] {processor.py:186} INFO - Started process (PID=1562) to work on /home/airflow/.local/lib/python3.12/site-packages/airflow/example_dags/example_python_decorator.py
[2024-12-21T21:28:44.397+0000] {processor.py:914} INFO - Processing file /home/airflow/.local/lib/python3.12/site-packages/airflow/example_dags/example_python_decorator.py for tasks to queue
[2024-12-21T21:28:44.401+0000] {logging_mixin.py:190} INFO - [2024-12-21T21:28:44.400+0000] {dagbag.py:588} INFO - Filling up the DagBag from /home/airflow/.local/lib/python3.12/site-packages/airflow/example_dags/example_python_decorator.py
[2024-12-21T21:28:44.431+0000] {processor.py:925} INFO - DAG(s) 'example_python_decorator' retrieved from /home/airflow/.local/lib/python3.12/site-packages/airflow/example_dags/example_python_decorator.py
[2024-12-21T21:28:44.478+0000] {logging_mixin.py:190} INFO - [2024-12-21T21:28:44.478+0000] {dag.py:3239} INFO - Sync 1 DAGs
[2024-12-21T21:28:44.508+0000] {logging_mixin.py:190} INFO - [2024-12-21T21:28:44.508+0000] {dag.py:4180} INFO - Setting next_dagrun for example_python_decorator to None, run_after=None
[2024-12-21T21:28:44.545+0000] {processor.py:208} INFO - Processing /home/airflow/.local/lib/python3.12/site-packages/airflow/example_dags/example_python_decorator.py took 0.163 seconds
[2024-12-21T21:29:15.899+0000] {processor.py:186} INFO - Started process (PID=1856) to work on /home/airflow/.local/lib/python3.12/site-packages/airflow/example_dags/example_python_decorator.py
[2024-12-21T21:29:15.901+0000] {processor.py:914} INFO - Processing file /home/airflow/.local/lib/python3.12/site-packages/airflow/example_dags/example_python_decorator.py for tasks to queue
[2024-12-21T21:29:15.905+0000] {logging_mixin.py:190} INFO - [2024-12-21T21:29:15.904+0000] {dagbag.py:588} INFO - Filling up the DagBag from /home/airflow/.local/lib/python3.12/site-packages/airflow/example_dags/example_python_decorator.py
[2024-12-21T21:29:15.937+0000] {processor.py:925} INFO - DAG(s) 'example_python_decorator' retrieved from /home/airflow/.local/lib/python3.12/site-packages/airflow/example_dags/example_python_decorator.py
[2024-12-21T21:29:15.983+0000] {logging_mixin.py:190} INFO - [2024-12-21T21:29:15.982+0000] {dag.py:3239} INFO - Sync 1 DAGs
[2024-12-21T21:29:16.012+0000] {logging_mixin.py:190} INFO - [2024-12-21T21:29:16.011+0000] {dag.py:4180} INFO - Setting next_dagrun for example_python_decorator to None, run_after=None
[2024-12-21T21:29:16.052+0000] {processor.py:208} INFO - Processing /home/airflow/.local/lib/python3.12/site-packages/airflow/example_dags/example_python_decorator.py took 0.164 seconds
[2024-12-21T21:29:47.658+0000] {processor.py:186} INFO - Started process (PID=2153) to work on /home/airflow/.local/lib/python3.12/site-packages/airflow/example_dags/example_python_decorator.py
[2024-12-21T21:29:47.661+0000] {processor.py:914} INFO - Processing file /home/airflow/.local/lib/python3.12/site-packages/airflow/example_dags/example_python_decorator.py for tasks to queue
[2024-12-21T21:29:47.665+0000] {logging_mixin.py:190} INFO - [2024-12-21T21:29:47.665+0000] {dagbag.py:588} INFO - Filling up the DagBag from /home/airflow/.local/lib/python3.12/site-packages/airflow/example_dags/example_python_decorator.py
[2024-12-21T21:29:47.696+0000] {processor.py:925} INFO - DAG(s) 'example_python_decorator' retrieved from /home/airflow/.local/lib/python3.12/site-packages/airflow/example_dags/example_python_decorator.py
[2024-12-21T21:29:47.743+0000] {logging_mixin.py:190} INFO - [2024-12-21T21:29:47.742+0000] {dag.py:3239} INFO - Sync 1 DAGs
[2024-12-21T21:29:47.793+0000] {logging_mixin.py:190} INFO - [2024-12-21T21:29:47.792+0000] {dag.py:4180} INFO - Setting next_dagrun for example_python_decorator to None, run_after=None
[2024-12-21T21:29:47.831+0000] {processor.py:208} INFO - Processing /home/airflow/.local/lib/python3.12/site-packages/airflow/example_dags/example_python_decorator.py took 0.187 seconds
[2024-12-21T21:30:19.320+0000] {processor.py:186} INFO - Started process (PID=2449) to work on /home/airflow/.local/lib/python3.12/site-packages/airflow/example_dags/example_python_decorator.py
[2024-12-21T21:30:19.322+0000] {processor.py:914} INFO - Processing file /home/airflow/.local/lib/python3.12/site-packages/airflow/example_dags/example_python_decorator.py for tasks to queue
[2024-12-21T21:30:19.326+0000] {logging_mixin.py:190} INFO - [2024-12-21T21:30:19.325+0000] {dagbag.py:588} INFO - Filling up the DagBag from /home/airflow/.local/lib/python3.12/site-packages/airflow/example_dags/example_python_decorator.py
[2024-12-21T21:30:19.362+0000] {processor.py:925} INFO - DAG(s) 'example_python_decorator' retrieved from /home/airflow/.local/lib/python3.12/site-packages/airflow/example_dags/example_python_decorator.py
[2024-12-21T21:30:19.412+0000] {logging_mixin.py:190} INFO - [2024-12-21T21:30:19.411+0000] {dag.py:3239} INFO - Sync 1 DAGs
[2024-12-21T21:30:19.445+0000] {logging_mixin.py:190} INFO - [2024-12-21T21:30:19.444+0000] {dag.py:4180} INFO - Setting next_dagrun for example_python_decorator to None, run_after=None
[2024-12-21T21:30:19.485+0000] {processor.py:208} INFO - Processing /home/airflow/.local/lib/python3.12/site-packages/airflow/example_dags/example_python_decorator.py took 0.178 seconds
[2024-12-21T21:30:50.983+0000] {processor.py:186} INFO - Started process (PID=2745) to work on /home/airflow/.local/lib/python3.12/site-packages/airflow/example_dags/example_python_decorator.py
[2024-12-21T21:30:50.985+0000] {processor.py:914} INFO - Processing file /home/airflow/.local/lib/python3.12/site-packages/airflow/example_dags/example_python_decorator.py for tasks to queue
[2024-12-21T21:30:50.989+0000] {logging_mixin.py:190} INFO - [2024-12-21T21:30:50.989+0000] {dagbag.py:588} INFO - Filling up the DagBag from /home/airflow/.local/lib/python3.12/site-packages/airflow/example_dags/example_python_decorator.py
[2024-12-21T21:30:51.016+0000] {processor.py:925} INFO - DAG(s) 'example_python_decorator' retrieved from /home/airflow/.local/lib/python3.12/site-packages/airflow/example_dags/example_python_decorator.py
[2024-12-21T21:30:51.071+0000] {logging_mixin.py:190} INFO - [2024-12-21T21:30:51.071+0000] {dag.py:3239} INFO - Sync 1 DAGs
[2024-12-21T21:30:51.104+0000] {logging_mixin.py:190} INFO - [2024-12-21T21:30:51.103+0000] {dag.py:4180} INFO - Setting next_dagrun for example_python_decorator to None, run_after=None
[2024-12-21T21:30:51.148+0000] {processor.py:208} INFO - Processing /home/airflow/.local/lib/python3.12/site-packages/airflow/example_dags/example_python_decorator.py took 0.178 seconds
[2024-12-21T21:31:21.677+0000] {processor.py:186} INFO - Started process (PID=3036) to work on /home/airflow/.local/lib/python3.12/site-packages/airflow/example_dags/example_python_decorator.py
[2024-12-21T21:31:21.679+0000] {processor.py:914} INFO - Processing file /home/airflow/.local/lib/python3.12/site-packages/airflow/example_dags/example_python_decorator.py for tasks to queue
[2024-12-21T21:31:21.684+0000] {logging_mixin.py:190} INFO - [2024-12-21T21:31:21.683+0000] {dagbag.py:588} INFO - Filling up the DagBag from /home/airflow/.local/lib/python3.12/site-packages/airflow/example_dags/example_python_decorator.py
[2024-12-21T21:31:21.712+0000] {processor.py:925} INFO - DAG(s) 'example_python_decorator' retrieved from /home/airflow/.local/lib/python3.12/site-packages/airflow/example_dags/example_python_decorator.py
[2024-12-21T21:31:21.756+0000] {logging_mixin.py:190} INFO - [2024-12-21T21:31:21.756+0000] {dag.py:3239} INFO - Sync 1 DAGs
[2024-12-21T21:31:21.794+0000] {logging_mixin.py:190} INFO - [2024-12-21T21:31:21.793+0000] {dag.py:4180} INFO - Setting next_dagrun for example_python_decorator to None, run_after=None
[2024-12-21T21:31:21.832+0000] {processor.py:208} INFO - Processing /home/airflow/.local/lib/python3.12/site-packages/airflow/example_dags/example_python_decorator.py took 0.164 seconds
[2024-12-21T21:31:52.435+0000] {processor.py:186} INFO - Started process (PID=3328) to work on /home/airflow/.local/lib/python3.12/site-packages/airflow/example_dags/example_python_decorator.py
[2024-12-21T21:31:52.437+0000] {processor.py:914} INFO - Processing file /home/airflow/.local/lib/python3.12/site-packages/airflow/example_dags/example_python_decorator.py for tasks to queue
[2024-12-21T21:31:52.441+0000] {logging_mixin.py:190} INFO - [2024-12-21T21:31:52.440+0000] {dagbag.py:588} INFO - Filling up the DagBag from /home/airflow/.local/lib/python3.12/site-packages/airflow/example_dags/example_python_decorator.py
[2024-12-21T21:31:52.466+0000] {processor.py:925} INFO - DAG(s) 'example_python_decorator' retrieved from /home/airflow/.local/lib/python3.12/site-packages/airflow/example_dags/example_python_decorator.py
[2024-12-21T21:31:52.509+0000] {logging_mixin.py:190} INFO - [2024-12-21T21:31:52.509+0000] {dag.py:3239} INFO - Sync 1 DAGs
[2024-12-21T21:31:52.540+0000] {logging_mixin.py:190} INFO - [2024-12-21T21:31:52.539+0000] {dag.py:4180} INFO - Setting next_dagrun for example_python_decorator to None, run_after=None
[2024-12-21T21:31:52.607+0000] {processor.py:208} INFO - Processing /home/airflow/.local/lib/python3.12/site-packages/airflow/example_dags/example_python_decorator.py took 0.181 seconds
[2024-12-21T21:32:23.427+0000] {processor.py:186} INFO - Started process (PID=3621) to work on /home/airflow/.local/lib/python3.12/site-packages/airflow/example_dags/example_python_decorator.py
[2024-12-21T21:32:23.429+0000] {processor.py:914} INFO - Processing file /home/airflow/.local/lib/python3.12/site-packages/airflow/example_dags/example_python_decorator.py for tasks to queue
[2024-12-21T21:32:23.433+0000] {logging_mixin.py:190} INFO - [2024-12-21T21:32:23.432+0000] {dagbag.py:588} INFO - Filling up the DagBag from /home/airflow/.local/lib/python3.12/site-packages/airflow/example_dags/example_python_decorator.py
[2024-12-21T21:32:23.465+0000] {processor.py:925} INFO - DAG(s) 'example_python_decorator' retrieved from /home/airflow/.local/lib/python3.12/site-packages/airflow/example_dags/example_python_decorator.py
[2024-12-21T21:32:23.520+0000] {logging_mixin.py:190} INFO - [2024-12-21T21:32:23.520+0000] {dag.py:3239} INFO - Sync 1 DAGs
[2024-12-21T21:32:23.561+0000] {logging_mixin.py:190} INFO - [2024-12-21T21:32:23.560+0000] {dag.py:4180} INFO - Setting next_dagrun for example_python_decorator to None, run_after=None
[2024-12-21T21:32:23.601+0000] {processor.py:208} INFO - Processing /home/airflow/.local/lib/python3.12/site-packages/airflow/example_dags/example_python_decorator.py took 0.184 seconds
[2024-12-21T21:32:53.699+0000] {processor.py:186} INFO - Started process (PID=3915) to work on /home/airflow/.local/lib/python3.12/site-packages/airflow/example_dags/example_python_decorator.py
[2024-12-21T21:32:53.701+0000] {processor.py:914} INFO - Processing file /home/airflow/.local/lib/python3.12/site-packages/airflow/example_dags/example_python_decorator.py for tasks to queue
[2024-12-21T21:32:53.706+0000] {logging_mixin.py:190} INFO - [2024-12-21T21:32:53.705+0000] {dagbag.py:588} INFO - Filling up the DagBag from /home/airflow/.local/lib/python3.12/site-packages/airflow/example_dags/example_python_decorator.py
[2024-12-21T21:32:53.742+0000] {processor.py:925} INFO - DAG(s) 'example_python_decorator' retrieved from /home/airflow/.local/lib/python3.12/site-packages/airflow/example_dags/example_python_decorator.py
[2024-12-21T21:32:53.792+0000] {logging_mixin.py:190} INFO - [2024-12-21T21:32:53.791+0000] {dag.py:3239} INFO - Sync 1 DAGs
[2024-12-21T21:32:53.824+0000] {logging_mixin.py:190} INFO - [2024-12-21T21:32:53.823+0000] {dag.py:4180} INFO - Setting next_dagrun for example_python_decorator to None, run_after=None
[2024-12-21T21:32:53.892+0000] {processor.py:208} INFO - Processing /home/airflow/.local/lib/python3.12/site-packages/airflow/example_dags/example_python_decorator.py took 0.204 seconds
[2024-12-21T21:33:23.988+0000] {processor.py:186} INFO - Started process (PID=4206) to work on /home/airflow/.local/lib/python3.12/site-packages/airflow/example_dags/example_python_decorator.py
[2024-12-21T21:33:23.990+0000] {processor.py:914} INFO - Processing file /home/airflow/.local/lib/python3.12/site-packages/airflow/example_dags/example_python_decorator.py for tasks to queue
[2024-12-21T21:33:23.995+0000] {logging_mixin.py:190} INFO - [2024-12-21T21:33:23.994+0000] {dagbag.py:588} INFO - Filling up the DagBag from /home/airflow/.local/lib/python3.12/site-packages/airflow/example_dags/example_python_decorator.py
[2024-12-21T21:33:24.025+0000] {processor.py:925} INFO - DAG(s) 'example_python_decorator' retrieved from /home/airflow/.local/lib/python3.12/site-packages/airflow/example_dags/example_python_decorator.py
[2024-12-21T21:33:24.076+0000] {logging_mixin.py:190} INFO - [2024-12-21T21:33:24.075+0000] {dag.py:3239} INFO - Sync 1 DAGs
[2024-12-21T21:33:24.104+0000] {logging_mixin.py:190} INFO - [2024-12-21T21:33:24.104+0000] {dag.py:4180} INFO - Setting next_dagrun for example_python_decorator to None, run_after=None
[2024-12-21T21:33:24.166+0000] {processor.py:208} INFO - Processing /home/airflow/.local/lib/python3.12/site-packages/airflow/example_dags/example_python_decorator.py took 0.188 seconds
[2024-12-21T21:33:54.322+0000] {processor.py:186} INFO - Started process (PID=4499) to work on /home/airflow/.local/lib/python3.12/site-packages/airflow/example_dags/example_python_decorator.py
[2024-12-21T21:33:54.324+0000] {processor.py:914} INFO - Processing file /home/airflow/.local/lib/python3.12/site-packages/airflow/example_dags/example_python_decorator.py for tasks to queue
[2024-12-21T21:33:54.330+0000] {logging_mixin.py:190} INFO - [2024-12-21T21:33:54.329+0000] {dagbag.py:588} INFO - Filling up the DagBag from /home/airflow/.local/lib/python3.12/site-packages/airflow/example_dags/example_python_decorator.py
[2024-12-21T21:33:54.360+0000] {processor.py:925} INFO - DAG(s) 'example_python_decorator' retrieved from /home/airflow/.local/lib/python3.12/site-packages/airflow/example_dags/example_python_decorator.py
[2024-12-21T21:33:54.420+0000] {logging_mixin.py:190} INFO - [2024-12-21T21:33:54.420+0000] {dag.py:3239} INFO - Sync 1 DAGs
[2024-12-21T21:33:54.453+0000] {logging_mixin.py:190} INFO - [2024-12-21T21:33:54.453+0000] {dag.py:4180} INFO - Setting next_dagrun for example_python_decorator to None, run_after=None
[2024-12-21T21:33:54.498+0000] {processor.py:208} INFO - Processing /home/airflow/.local/lib/python3.12/site-packages/airflow/example_dags/example_python_decorator.py took 0.188 seconds
[2024-12-21T21:34:24.904+0000] {processor.py:186} INFO - Started process (PID=4795) to work on /home/airflow/.local/lib/python3.12/site-packages/airflow/example_dags/example_python_decorator.py
[2024-12-21T21:34:24.906+0000] {processor.py:914} INFO - Processing file /home/airflow/.local/lib/python3.12/site-packages/airflow/example_dags/example_python_decorator.py for tasks to queue
[2024-12-21T21:34:24.911+0000] {logging_mixin.py:190} INFO - [2024-12-21T21:34:24.910+0000] {dagbag.py:588} INFO - Filling up the DagBag from /home/airflow/.local/lib/python3.12/site-packages/airflow/example_dags/example_python_decorator.py
[2024-12-21T21:34:24.940+0000] {processor.py:925} INFO - DAG(s) 'example_python_decorator' retrieved from /home/airflow/.local/lib/python3.12/site-packages/airflow/example_dags/example_python_decorator.py
[2024-12-21T21:34:24.993+0000] {logging_mixin.py:190} INFO - [2024-12-21T21:34:24.993+0000] {dag.py:3239} INFO - Sync 1 DAGs
[2024-12-21T21:34:25.040+0000] {logging_mixin.py:190} INFO - [2024-12-21T21:34:25.039+0000] {dag.py:4180} INFO - Setting next_dagrun for example_python_decorator to None, run_after=None
[2024-12-21T21:34:25.105+0000] {processor.py:208} INFO - Processing /home/airflow/.local/lib/python3.12/site-packages/airflow/example_dags/example_python_decorator.py took 0.213 seconds
[2024-12-21T21:34:55.965+0000] {processor.py:186} INFO - Started process (PID=5092) to work on /home/airflow/.local/lib/python3.12/site-packages/airflow/example_dags/example_python_decorator.py
[2024-12-21T21:34:55.967+0000] {processor.py:914} INFO - Processing file /home/airflow/.local/lib/python3.12/site-packages/airflow/example_dags/example_python_decorator.py for tasks to queue
[2024-12-21T21:34:55.972+0000] {logging_mixin.py:190} INFO - [2024-12-21T21:34:55.971+0000] {dagbag.py:588} INFO - Filling up the DagBag from /home/airflow/.local/lib/python3.12/site-packages/airflow/example_dags/example_python_decorator.py
[2024-12-21T21:34:56.014+0000] {processor.py:925} INFO - DAG(s) 'example_python_decorator' retrieved from /home/airflow/.local/lib/python3.12/site-packages/airflow/example_dags/example_python_decorator.py
[2024-12-21T21:34:56.063+0000] {logging_mixin.py:190} INFO - [2024-12-21T21:34:56.062+0000] {dag.py:3239} INFO - Sync 1 DAGs
[2024-12-21T21:34:56.105+0000] {logging_mixin.py:190} INFO - [2024-12-21T21:34:56.104+0000] {dag.py:4180} INFO - Setting next_dagrun for example_python_decorator to None, run_after=None
[2024-12-21T21:34:56.146+0000] {processor.py:208} INFO - Processing /home/airflow/.local/lib/python3.12/site-packages/airflow/example_dags/example_python_decorator.py took 0.195 seconds
[2024-12-21T21:35:26.297+0000] {processor.py:186} INFO - Started process (PID=5388) to work on /home/airflow/.local/lib/python3.12/site-packages/airflow/example_dags/example_python_decorator.py
[2024-12-21T21:35:26.299+0000] {processor.py:914} INFO - Processing file /home/airflow/.local/lib/python3.12/site-packages/airflow/example_dags/example_python_decorator.py for tasks to queue
[2024-12-21T21:35:26.304+0000] {logging_mixin.py:190} INFO - [2024-12-21T21:35:26.303+0000] {dagbag.py:588} INFO - Filling up the DagBag from /home/airflow/.local/lib/python3.12/site-packages/airflow/example_dags/example_python_decorator.py
[2024-12-21T21:35:26.330+0000] {processor.py:925} INFO - DAG(s) 'example_python_decorator' retrieved from /home/airflow/.local/lib/python3.12/site-packages/airflow/example_dags/example_python_decorator.py
[2024-12-21T21:35:26.374+0000] {logging_mixin.py:190} INFO - [2024-12-21T21:35:26.374+0000] {dag.py:3239} INFO - Sync 1 DAGs
[2024-12-21T21:35:26.405+0000] {logging_mixin.py:190} INFO - [2024-12-21T21:35:26.405+0000] {dag.py:4180} INFO - Setting next_dagrun for example_python_decorator to None, run_after=None
[2024-12-21T21:35:26.466+0000] {processor.py:208} INFO - Processing /home/airflow/.local/lib/python3.12/site-packages/airflow/example_dags/example_python_decorator.py took 0.178 seconds
[2024-12-21T21:35:56.768+0000] {processor.py:186} INFO - Started process (PID=5684) to work on /home/airflow/.local/lib/python3.12/site-packages/airflow/example_dags/example_python_decorator.py
[2024-12-21T21:35:56.769+0000] {processor.py:914} INFO - Processing file /home/airflow/.local/lib/python3.12/site-packages/airflow/example_dags/example_python_decorator.py for tasks to queue
[2024-12-21T21:35:56.773+0000] {logging_mixin.py:190} INFO - [2024-12-21T21:35:56.773+0000] {dagbag.py:588} INFO - Filling up the DagBag from /home/airflow/.local/lib/python3.12/site-packages/airflow/example_dags/example_python_decorator.py
[2024-12-21T21:35:56.800+0000] {processor.py:925} INFO - DAG(s) 'example_python_decorator' retrieved from /home/airflow/.local/lib/python3.12/site-packages/airflow/example_dags/example_python_decorator.py
[2024-12-21T21:35:56.850+0000] {logging_mixin.py:190} INFO - [2024-12-21T21:35:56.849+0000] {dag.py:3239} INFO - Sync 1 DAGs
[2024-12-21T21:35:56.884+0000] {logging_mixin.py:190} INFO - [2024-12-21T21:35:56.884+0000] {dag.py:4180} INFO - Setting next_dagrun for example_python_decorator to None, run_after=None
[2024-12-21T21:35:56.958+0000] {processor.py:208} INFO - Processing /home/airflow/.local/lib/python3.12/site-packages/airflow/example_dags/example_python_decorator.py took 0.201 seconds
[2024-12-21T21:36:27.898+0000] {processor.py:186} INFO - Started process (PID=5980) to work on /home/airflow/.local/lib/python3.12/site-packages/airflow/example_dags/example_python_decorator.py
[2024-12-21T21:36:27.902+0000] {processor.py:914} INFO - Processing file /home/airflow/.local/lib/python3.12/site-packages/airflow/example_dags/example_python_decorator.py for tasks to queue
[2024-12-21T21:36:27.907+0000] {logging_mixin.py:190} INFO - [2024-12-21T21:36:27.906+0000] {dagbag.py:588} INFO - Filling up the DagBag from /home/airflow/.local/lib/python3.12/site-packages/airflow/example_dags/example_python_decorator.py
[2024-12-21T21:36:27.943+0000] {processor.py:925} INFO - DAG(s) 'example_python_decorator' retrieved from /home/airflow/.local/lib/python3.12/site-packages/airflow/example_dags/example_python_decorator.py
[2024-12-21T21:36:27.991+0000] {logging_mixin.py:190} INFO - [2024-12-21T21:36:27.991+0000] {dag.py:3239} INFO - Sync 1 DAGs
[2024-12-21T21:36:28.023+0000] {logging_mixin.py:190} INFO - [2024-12-21T21:36:28.022+0000] {dag.py:4180} INFO - Setting next_dagrun for example_python_decorator to None, run_after=None
[2024-12-21T21:36:28.059+0000] {processor.py:208} INFO - Processing /home/airflow/.local/lib/python3.12/site-packages/airflow/example_dags/example_python_decorator.py took 0.175 seconds
[2024-12-21T21:36:58.217+0000] {processor.py:186} INFO - Started process (PID=6276) to work on /home/airflow/.local/lib/python3.12/site-packages/airflow/example_dags/example_python_decorator.py
[2024-12-21T21:36:58.219+0000] {processor.py:914} INFO - Processing file /home/airflow/.local/lib/python3.12/site-packages/airflow/example_dags/example_python_decorator.py for tasks to queue
[2024-12-21T21:36:58.223+0000] {logging_mixin.py:190} INFO - [2024-12-21T21:36:58.222+0000] {dagbag.py:588} INFO - Filling up the DagBag from /home/airflow/.local/lib/python3.12/site-packages/airflow/example_dags/example_python_decorator.py
[2024-12-21T21:36:58.253+0000] {processor.py:925} INFO - DAG(s) 'example_python_decorator' retrieved from /home/airflow/.local/lib/python3.12/site-packages/airflow/example_dags/example_python_decorator.py
[2024-12-21T21:36:58.297+0000] {logging_mixin.py:190} INFO - [2024-12-21T21:36:58.297+0000] {dag.py:3239} INFO - Sync 1 DAGs
[2024-12-21T21:36:58.325+0000] {logging_mixin.py:190} INFO - [2024-12-21T21:36:58.324+0000] {dag.py:4180} INFO - Setting next_dagrun for example_python_decorator to None, run_after=None
[2024-12-21T21:36:58.362+0000] {processor.py:208} INFO - Processing /home/airflow/.local/lib/python3.12/site-packages/airflow/example_dags/example_python_decorator.py took 0.159 seconds
[2024-12-21T21:37:28.593+0000] {processor.py:186} INFO - Started process (PID=6572) to work on /home/airflow/.local/lib/python3.12/site-packages/airflow/example_dags/example_python_decorator.py
[2024-12-21T21:37:28.596+0000] {processor.py:914} INFO - Processing file /home/airflow/.local/lib/python3.12/site-packages/airflow/example_dags/example_python_decorator.py for tasks to queue
[2024-12-21T21:37:28.601+0000] {logging_mixin.py:190} INFO - [2024-12-21T21:37:28.600+0000] {dagbag.py:588} INFO - Filling up the DagBag from /home/airflow/.local/lib/python3.12/site-packages/airflow/example_dags/example_python_decorator.py
[2024-12-21T21:37:28.634+0000] {processor.py:925} INFO - DAG(s) 'example_python_decorator' retrieved from /home/airflow/.local/lib/python3.12/site-packages/airflow/example_dags/example_python_decorator.py
[2024-12-21T21:37:28.683+0000] {logging_mixin.py:190} INFO - [2024-12-21T21:37:28.682+0000] {dag.py:3239} INFO - Sync 1 DAGs
[2024-12-21T21:37:28.725+0000] {logging_mixin.py:190} INFO - [2024-12-21T21:37:28.725+0000] {dag.py:4180} INFO - Setting next_dagrun for example_python_decorator to None, run_after=None
[2024-12-21T21:37:28.773+0000] {processor.py:208} INFO - Processing /home/airflow/.local/lib/python3.12/site-packages/airflow/example_dags/example_python_decorator.py took 0.194 seconds
[2024-12-21T21:37:59.192+0000] {processor.py:186} INFO - Started process (PID=6868) to work on /home/airflow/.local/lib/python3.12/site-packages/airflow/example_dags/example_python_decorator.py
[2024-12-21T21:37:59.195+0000] {processor.py:914} INFO - Processing file /home/airflow/.local/lib/python3.12/site-packages/airflow/example_dags/example_python_decorator.py for tasks to queue
[2024-12-21T21:37:59.201+0000] {logging_mixin.py:190} INFO - [2024-12-21T21:37:59.200+0000] {dagbag.py:588} INFO - Filling up the DagBag from /home/airflow/.local/lib/python3.12/site-packages/airflow/example_dags/example_python_decorator.py
[2024-12-21T21:37:59.235+0000] {processor.py:925} INFO - DAG(s) 'example_python_decorator' retrieved from /home/airflow/.local/lib/python3.12/site-packages/airflow/example_dags/example_python_decorator.py
[2024-12-21T21:37:59.289+0000] {logging_mixin.py:190} INFO - [2024-12-21T21:37:59.288+0000] {dag.py:3239} INFO - Sync 1 DAGs
[2024-12-21T21:37:59.333+0000] {logging_mixin.py:190} INFO - [2024-12-21T21:37:59.332+0000] {dag.py:4180} INFO - Setting next_dagrun for example_python_decorator to None, run_after=None
[2024-12-21T21:37:59.383+0000] {processor.py:208} INFO - Processing /home/airflow/.local/lib/python3.12/site-packages/airflow/example_dags/example_python_decorator.py took 0.209 seconds
[2024-12-21T21:38:30.085+0000] {processor.py:186} INFO - Started process (PID=7164) to work on /home/airflow/.local/lib/python3.12/site-packages/airflow/example_dags/example_python_decorator.py
[2024-12-21T21:38:30.089+0000] {processor.py:914} INFO - Processing file /home/airflow/.local/lib/python3.12/site-packages/airflow/example_dags/example_python_decorator.py for tasks to queue
[2024-12-21T21:38:30.097+0000] {logging_mixin.py:190} INFO - [2024-12-21T21:38:30.096+0000] {dagbag.py:588} INFO - Filling up the DagBag from /home/airflow/.local/lib/python3.12/site-packages/airflow/example_dags/example_python_decorator.py
[2024-12-21T21:38:30.146+0000] {processor.py:925} INFO - DAG(s) 'example_python_decorator' retrieved from /home/airflow/.local/lib/python3.12/site-packages/airflow/example_dags/example_python_decorator.py
[2024-12-21T21:38:30.211+0000] {logging_mixin.py:190} INFO - [2024-12-21T21:38:30.210+0000] {dag.py:3239} INFO - Sync 1 DAGs
[2024-12-21T21:38:30.253+0000] {logging_mixin.py:190} INFO - [2024-12-21T21:38:30.253+0000] {dag.py:4180} INFO - Setting next_dagrun for example_python_decorator to None, run_after=None
[2024-12-21T21:38:30.308+0000] {processor.py:208} INFO - Processing /home/airflow/.local/lib/python3.12/site-packages/airflow/example_dags/example_python_decorator.py took 0.244 seconds
[2024-12-21T21:39:00.402+0000] {processor.py:186} INFO - Started process (PID=7460) to work on /home/airflow/.local/lib/python3.12/site-packages/airflow/example_dags/example_python_decorator.py
[2024-12-21T21:39:00.404+0000] {processor.py:914} INFO - Processing file /home/airflow/.local/lib/python3.12/site-packages/airflow/example_dags/example_python_decorator.py for tasks to queue
[2024-12-21T21:39:00.408+0000] {logging_mixin.py:190} INFO - [2024-12-21T21:39:00.407+0000] {dagbag.py:588} INFO - Filling up the DagBag from /home/airflow/.local/lib/python3.12/site-packages/airflow/example_dags/example_python_decorator.py
[2024-12-21T21:39:00.440+0000] {processor.py:925} INFO - DAG(s) 'example_python_decorator' retrieved from /home/airflow/.local/lib/python3.12/site-packages/airflow/example_dags/example_python_decorator.py
[2024-12-21T21:39:00.480+0000] {logging_mixin.py:190} INFO - [2024-12-21T21:39:00.480+0000] {dag.py:3239} INFO - Sync 1 DAGs
[2024-12-21T21:39:00.509+0000] {logging_mixin.py:190} INFO - [2024-12-21T21:39:00.509+0000] {dag.py:4180} INFO - Setting next_dagrun for example_python_decorator to None, run_after=None
[2024-12-21T21:39:00.552+0000] {processor.py:208} INFO - Processing /home/airflow/.local/lib/python3.12/site-packages/airflow/example_dags/example_python_decorator.py took 0.161 seconds
[2024-12-21T21:39:30.727+0000] {processor.py:186} INFO - Started process (PID=7756) to work on /home/airflow/.local/lib/python3.12/site-packages/airflow/example_dags/example_python_decorator.py
[2024-12-21T21:39:30.729+0000] {processor.py:914} INFO - Processing file /home/airflow/.local/lib/python3.12/site-packages/airflow/example_dags/example_python_decorator.py for tasks to queue
[2024-12-21T21:39:30.734+0000] {logging_mixin.py:190} INFO - [2024-12-21T21:39:30.733+0000] {dagbag.py:588} INFO - Filling up the DagBag from /home/airflow/.local/lib/python3.12/site-packages/airflow/example_dags/example_python_decorator.py
[2024-12-21T21:39:30.769+0000] {processor.py:925} INFO - DAG(s) 'example_python_decorator' retrieved from /home/airflow/.local/lib/python3.12/site-packages/airflow/example_dags/example_python_decorator.py
[2024-12-21T21:39:30.830+0000] {logging_mixin.py:190} INFO - [2024-12-21T21:39:30.829+0000] {dag.py:3239} INFO - Sync 1 DAGs
[2024-12-21T21:39:30.865+0000] {logging_mixin.py:190} INFO - [2024-12-21T21:39:30.864+0000] {dag.py:4180} INFO - Setting next_dagrun for example_python_decorator to None, run_after=None
[2024-12-21T21:39:30.952+0000] {processor.py:208} INFO - Processing /home/airflow/.local/lib/python3.12/site-packages/airflow/example_dags/example_python_decorator.py took 0.239 seconds
[2024-12-21T21:40:01.199+0000] {processor.py:186} INFO - Started process (PID=8058) to work on /home/airflow/.local/lib/python3.12/site-packages/airflow/example_dags/example_python_decorator.py
[2024-12-21T21:40:01.202+0000] {processor.py:914} INFO - Processing file /home/airflow/.local/lib/python3.12/site-packages/airflow/example_dags/example_python_decorator.py for tasks to queue
[2024-12-21T21:40:01.208+0000] {logging_mixin.py:190} INFO - [2024-12-21T21:40:01.207+0000] {dagbag.py:588} INFO - Filling up the DagBag from /home/airflow/.local/lib/python3.12/site-packages/airflow/example_dags/example_python_decorator.py
[2024-12-21T21:40:01.254+0000] {processor.py:925} INFO - DAG(s) 'example_python_decorator' retrieved from /home/airflow/.local/lib/python3.12/site-packages/airflow/example_dags/example_python_decorator.py
[2024-12-21T21:40:01.321+0000] {logging_mixin.py:190} INFO - [2024-12-21T21:40:01.320+0000] {dag.py:3239} INFO - Sync 1 DAGs
[2024-12-21T21:40:01.368+0000] {logging_mixin.py:190} INFO - [2024-12-21T21:40:01.367+0000] {dag.py:4180} INFO - Setting next_dagrun for example_python_decorator to None, run_after=None
[2024-12-21T21:40:01.441+0000] {processor.py:208} INFO - Processing /home/airflow/.local/lib/python3.12/site-packages/airflow/example_dags/example_python_decorator.py took 0.259 seconds
