[2024-12-21T21:11:22.243+0000] {processor.py:186} INFO - Started process (PID=362) to work on /home/airflow/.local/lib/python3.12/site-packages/airflow/example_dags/example_inlet_event_extra.py
[2024-12-21T21:11:22.245+0000] {processor.py:914} INFO - Processing file /home/airflow/.local/lib/python3.12/site-packages/airflow/example_dags/example_inlet_event_extra.py for tasks to queue
[2024-12-21T21:11:22.250+0000] {logging_mixin.py:190} INFO - [2024-12-21T21:11:22.249+0000] {dagbag.py:588} INFO - Filling up the DagBag from /home/airflow/.local/lib/python3.12/site-packages/airflow/example_dags/example_inlet_event_extra.py
[2024-12-21T21:11:23.631+0000] {processor.py:925} INFO - DAG(s) 'read_dataset_event', 'read_dataset_event_from_classic' retrieved from /home/airflow/.local/lib/python3.12/site-packages/airflow/example_dags/example_inlet_event_extra.py
[2024-12-21T21:11:23.884+0000] {logging_mixin.py:190} INFO - [2024-12-21T21:11:23.882+0000] {override.py:1911} INFO - Created Permission View: can delete on DAG:read_dataset_event
[2024-12-21T21:11:23.907+0000] {logging_mixin.py:190} INFO - [2024-12-21T21:11:23.906+0000] {override.py:1911} INFO - Created Permission View: can edit on DAG:read_dataset_event
[2024-12-21T21:11:23.924+0000] {logging_mixin.py:190} INFO - [2024-12-21T21:11:23.923+0000] {override.py:1911} INFO - Created Permission View: can read on DAG:read_dataset_event
[2024-12-21T21:11:23.943+0000] {logging_mixin.py:190} INFO - [2024-12-21T21:11:23.943+0000] {override.py:1911} INFO - Created Permission View: can delete on DAG Run:read_dataset_event
[2024-12-21T21:11:23.962+0000] {logging_mixin.py:190} INFO - [2024-12-21T21:11:23.961+0000] {override.py:1911} INFO - Created Permission View: can read on DAG Run:read_dataset_event
[2024-12-21T21:11:23.981+0000] {logging_mixin.py:190} INFO - [2024-12-21T21:11:23.980+0000] {override.py:1911} INFO - Created Permission View: can create on DAG Run:read_dataset_event
[2024-12-21T21:11:24.004+0000] {logging_mixin.py:190} INFO - [2024-12-21T21:11:24.004+0000] {override.py:1911} INFO - Created Permission View: menu access on DAG Run:read_dataset_event
[2024-12-21T21:11:24.055+0000] {logging_mixin.py:190} INFO - [2024-12-21T21:11:24.054+0000] {override.py:1911} INFO - Created Permission View: can delete on DAG:read_dataset_event_from_classic
[2024-12-21T21:11:24.077+0000] {logging_mixin.py:190} INFO - [2024-12-21T21:11:24.076+0000] {override.py:1911} INFO - Created Permission View: can edit on DAG:read_dataset_event_from_classic
[2024-12-21T21:11:24.098+0000] {logging_mixin.py:190} INFO - [2024-12-21T21:11:24.097+0000] {override.py:1911} INFO - Created Permission View: can read on DAG:read_dataset_event_from_classic
[2024-12-21T21:11:24.115+0000] {logging_mixin.py:190} INFO - [2024-12-21T21:11:24.115+0000] {override.py:1911} INFO - Created Permission View: can delete on DAG Run:read_dataset_event_from_classic
[2024-12-21T21:11:24.132+0000] {logging_mixin.py:190} INFO - [2024-12-21T21:11:24.132+0000] {override.py:1911} INFO - Created Permission View: can read on DAG Run:read_dataset_event_from_classic
[2024-12-21T21:11:24.149+0000] {logging_mixin.py:190} INFO - [2024-12-21T21:11:24.149+0000] {override.py:1911} INFO - Created Permission View: can create on DAG Run:read_dataset_event_from_classic
[2024-12-21T21:11:24.168+0000] {logging_mixin.py:190} INFO - [2024-12-21T21:11:24.167+0000] {override.py:1911} INFO - Created Permission View: menu access on DAG Run:read_dataset_event_from_classic
[2024-12-21T21:11:24.170+0000] {logging_mixin.py:190} INFO - [2024-12-21T21:11:24.169+0000] {dag.py:3239} INFO - Sync 2 DAGs
[2024-12-21T21:11:24.209+0000] {logging_mixin.py:190} INFO - [2024-12-21T21:11:24.207+0000] {dag.py:3262} INFO - Creating ORM DAG for read_dataset_event_from_classic
[2024-12-21T21:11:24.212+0000] {logging_mixin.py:190} INFO - [2024-12-21T21:11:24.211+0000] {dag.py:3262} INFO - Creating ORM DAG for read_dataset_event
[2024-12-21T21:11:24.249+0000] {logging_mixin.py:190} INFO - [2024-12-21T21:11:24.248+0000] {dag.py:4180} INFO - Setting next_dagrun for read_dataset_event to 2024-12-20 00:00:00+00:00, run_after=2024-12-21 00:00:00+00:00
[2024-12-21T21:11:24.253+0000] {logging_mixin.py:190} INFO - [2024-12-21T21:11:24.253+0000] {dag.py:4180} INFO - Setting next_dagrun for read_dataset_event_from_classic to 2024-12-20 00:00:00+00:00, run_after=2024-12-21 00:00:00+00:00
[2024-12-21T21:11:24.296+0000] {processor.py:208} INFO - Processing /home/airflow/.local/lib/python3.12/site-packages/airflow/example_dags/example_inlet_event_extra.py took 2.067 seconds
[2024-12-21T21:11:54.774+0000] {processor.py:186} INFO - Started process (PID=666) to work on /home/airflow/.local/lib/python3.12/site-packages/airflow/example_dags/example_inlet_event_extra.py
[2024-12-21T21:11:54.776+0000] {processor.py:914} INFO - Processing file /home/airflow/.local/lib/python3.12/site-packages/airflow/example_dags/example_inlet_event_extra.py for tasks to queue
[2024-12-21T21:11:54.781+0000] {logging_mixin.py:190} INFO - [2024-12-21T21:11:54.781+0000] {dagbag.py:588} INFO - Filling up the DagBag from /home/airflow/.local/lib/python3.12/site-packages/airflow/example_dags/example_inlet_event_extra.py
[2024-12-21T21:11:55.986+0000] {processor.py:925} INFO - DAG(s) 'read_dataset_event', 'read_dataset_event_from_classic' retrieved from /home/airflow/.local/lib/python3.12/site-packages/airflow/example_dags/example_inlet_event_extra.py
[2024-12-21T21:11:56.034+0000] {logging_mixin.py:190} INFO - [2024-12-21T21:11:56.033+0000] {dag.py:3239} INFO - Sync 2 DAGs
[2024-12-21T21:11:56.105+0000] {logging_mixin.py:190} INFO - [2024-12-21T21:11:56.104+0000] {dag.py:4180} INFO - Setting next_dagrun for read_dataset_event to 2024-12-20 00:00:00+00:00, run_after=2024-12-21 00:00:00+00:00
[2024-12-21T21:11:56.122+0000] {logging_mixin.py:190} INFO - [2024-12-21T21:11:56.121+0000] {dag.py:4180} INFO - Setting next_dagrun for read_dataset_event_from_classic to 2024-12-20 00:00:00+00:00, run_after=2024-12-21 00:00:00+00:00
[2024-12-21T21:11:56.154+0000] {processor.py:208} INFO - Processing /home/airflow/.local/lib/python3.12/site-packages/airflow/example_dags/example_inlet_event_extra.py took 1.397 seconds
[2024-12-21T21:12:27.003+0000] {processor.py:186} INFO - Started process (PID=967) to work on /home/airflow/.local/lib/python3.12/site-packages/airflow/example_dags/example_inlet_event_extra.py
[2024-12-21T21:12:27.005+0000] {processor.py:914} INFO - Processing file /home/airflow/.local/lib/python3.12/site-packages/airflow/example_dags/example_inlet_event_extra.py for tasks to queue
[2024-12-21T21:12:27.012+0000] {logging_mixin.py:190} INFO - [2024-12-21T21:12:27.011+0000] {dagbag.py:588} INFO - Filling up the DagBag from /home/airflow/.local/lib/python3.12/site-packages/airflow/example_dags/example_inlet_event_extra.py
[2024-12-21T21:12:28.401+0000] {processor.py:925} INFO - DAG(s) 'read_dataset_event_from_classic', 'read_dataset_event' retrieved from /home/airflow/.local/lib/python3.12/site-packages/airflow/example_dags/example_inlet_event_extra.py
[2024-12-21T21:12:28.447+0000] {logging_mixin.py:190} INFO - [2024-12-21T21:12:28.447+0000] {dag.py:3239} INFO - Sync 2 DAGs
[2024-12-21T21:12:28.499+0000] {logging_mixin.py:190} INFO - [2024-12-21T21:12:28.499+0000] {dag.py:4180} INFO - Setting next_dagrun for read_dataset_event to 2024-12-20 00:00:00+00:00, run_after=2024-12-21 00:00:00+00:00
[2024-12-21T21:12:28.510+0000] {logging_mixin.py:190} INFO - [2024-12-21T21:12:28.510+0000] {dag.py:4180} INFO - Setting next_dagrun for read_dataset_event_from_classic to 2024-12-20 00:00:00+00:00, run_after=2024-12-21 00:00:00+00:00
[2024-12-21T21:12:28.544+0000] {processor.py:208} INFO - Processing /home/airflow/.local/lib/python3.12/site-packages/airflow/example_dags/example_inlet_event_extra.py took 1.559 seconds
[2024-12-21T21:12:58.749+0000] {processor.py:186} INFO - Started process (PID=1263) to work on /home/airflow/.local/lib/python3.12/site-packages/airflow/example_dags/example_inlet_event_extra.py
[2024-12-21T21:12:58.751+0000] {processor.py:914} INFO - Processing file /home/airflow/.local/lib/python3.12/site-packages/airflow/example_dags/example_inlet_event_extra.py for tasks to queue
[2024-12-21T21:12:58.757+0000] {logging_mixin.py:190} INFO - [2024-12-21T21:12:58.756+0000] {dagbag.py:588} INFO - Filling up the DagBag from /home/airflow/.local/lib/python3.12/site-packages/airflow/example_dags/example_inlet_event_extra.py
[2024-12-21T21:13:00.058+0000] {processor.py:925} INFO - DAG(s) 'read_dataset_event_from_classic', 'read_dataset_event' retrieved from /home/airflow/.local/lib/python3.12/site-packages/airflow/example_dags/example_inlet_event_extra.py
[2024-12-21T21:13:00.112+0000] {logging_mixin.py:190} INFO - [2024-12-21T21:13:00.112+0000] {dag.py:3239} INFO - Sync 2 DAGs
[2024-12-21T21:13:00.173+0000] {logging_mixin.py:190} INFO - [2024-12-21T21:13:00.172+0000] {dag.py:4180} INFO - Setting next_dagrun for read_dataset_event to 2024-12-20 00:00:00+00:00, run_after=2024-12-21 00:00:00+00:00
[2024-12-21T21:13:00.185+0000] {logging_mixin.py:190} INFO - [2024-12-21T21:13:00.185+0000] {dag.py:4180} INFO - Setting next_dagrun for read_dataset_event_from_classic to 2024-12-20 00:00:00+00:00, run_after=2024-12-21 00:00:00+00:00
[2024-12-21T21:13:00.218+0000] {processor.py:208} INFO - Processing /home/airflow/.local/lib/python3.12/site-packages/airflow/example_dags/example_inlet_event_extra.py took 1.484 seconds
[2024-12-21T21:13:30.764+0000] {processor.py:186} INFO - Started process (PID=1559) to work on /home/airflow/.local/lib/python3.12/site-packages/airflow/example_dags/example_inlet_event_extra.py
[2024-12-21T21:13:30.766+0000] {processor.py:914} INFO - Processing file /home/airflow/.local/lib/python3.12/site-packages/airflow/example_dags/example_inlet_event_extra.py for tasks to queue
[2024-12-21T21:13:30.779+0000] {logging_mixin.py:190} INFO - [2024-12-21T21:13:30.778+0000] {dagbag.py:588} INFO - Filling up the DagBag from /home/airflow/.local/lib/python3.12/site-packages/airflow/example_dags/example_inlet_event_extra.py
[2024-12-21T21:13:32.117+0000] {processor.py:925} INFO - DAG(s) 'read_dataset_event', 'read_dataset_event_from_classic' retrieved from /home/airflow/.local/lib/python3.12/site-packages/airflow/example_dags/example_inlet_event_extra.py
[2024-12-21T21:13:32.159+0000] {logging_mixin.py:190} INFO - [2024-12-21T21:13:32.158+0000] {dag.py:3239} INFO - Sync 2 DAGs
[2024-12-21T21:13:32.207+0000] {logging_mixin.py:190} INFO - [2024-12-21T21:13:32.206+0000] {dag.py:4180} INFO - Setting next_dagrun for read_dataset_event to 2024-12-20 00:00:00+00:00, run_after=2024-12-21 00:00:00+00:00
[2024-12-21T21:13:32.219+0000] {logging_mixin.py:190} INFO - [2024-12-21T21:13:32.218+0000] {dag.py:4180} INFO - Setting next_dagrun for read_dataset_event_from_classic to 2024-12-20 00:00:00+00:00, run_after=2024-12-21 00:00:00+00:00
[2024-12-21T21:13:32.280+0000] {processor.py:208} INFO - Processing /home/airflow/.local/lib/python3.12/site-packages/airflow/example_dags/example_inlet_event_extra.py took 1.531 seconds
[2024-12-21T21:14:02.684+0000] {processor.py:186} INFO - Started process (PID=1855) to work on /home/airflow/.local/lib/python3.12/site-packages/airflow/example_dags/example_inlet_event_extra.py
[2024-12-21T21:14:02.686+0000] {processor.py:914} INFO - Processing file /home/airflow/.local/lib/python3.12/site-packages/airflow/example_dags/example_inlet_event_extra.py for tasks to queue
[2024-12-21T21:14:02.692+0000] {logging_mixin.py:190} INFO - [2024-12-21T21:14:02.691+0000] {dagbag.py:588} INFO - Filling up the DagBag from /home/airflow/.local/lib/python3.12/site-packages/airflow/example_dags/example_inlet_event_extra.py
[2024-12-21T21:14:04.022+0000] {processor.py:925} INFO - DAG(s) 'read_dataset_event_from_classic', 'read_dataset_event' retrieved from /home/airflow/.local/lib/python3.12/site-packages/airflow/example_dags/example_inlet_event_extra.py
[2024-12-21T21:14:04.064+0000] {logging_mixin.py:190} INFO - [2024-12-21T21:14:04.064+0000] {dag.py:3239} INFO - Sync 2 DAGs
[2024-12-21T21:14:04.123+0000] {logging_mixin.py:190} INFO - [2024-12-21T21:14:04.122+0000] {dag.py:4180} INFO - Setting next_dagrun for read_dataset_event to 2024-12-20 00:00:00+00:00, run_after=2024-12-21 00:00:00+00:00
[2024-12-21T21:14:04.138+0000] {logging_mixin.py:190} INFO - [2024-12-21T21:14:04.138+0000] {dag.py:4180} INFO - Setting next_dagrun for read_dataset_event_from_classic to 2024-12-20 00:00:00+00:00, run_after=2024-12-21 00:00:00+00:00
[2024-12-21T21:14:04.204+0000] {processor.py:208} INFO - Processing /home/airflow/.local/lib/python3.12/site-packages/airflow/example_dags/example_inlet_event_extra.py took 1.534 seconds
[2024-12-21T21:14:34.322+0000] {processor.py:186} INFO - Started process (PID=2151) to work on /home/airflow/.local/lib/python3.12/site-packages/airflow/example_dags/example_inlet_event_extra.py
[2024-12-21T21:14:34.324+0000] {processor.py:914} INFO - Processing file /home/airflow/.local/lib/python3.12/site-packages/airflow/example_dags/example_inlet_event_extra.py for tasks to queue
[2024-12-21T21:14:34.330+0000] {logging_mixin.py:190} INFO - [2024-12-21T21:14:34.330+0000] {dagbag.py:588} INFO - Filling up the DagBag from /home/airflow/.local/lib/python3.12/site-packages/airflow/example_dags/example_inlet_event_extra.py
[2024-12-21T21:14:35.563+0000] {processor.py:925} INFO - DAG(s) 'read_dataset_event_from_classic', 'read_dataset_event' retrieved from /home/airflow/.local/lib/python3.12/site-packages/airflow/example_dags/example_inlet_event_extra.py
[2024-12-21T21:14:35.608+0000] {logging_mixin.py:190} INFO - [2024-12-21T21:14:35.608+0000] {dag.py:3239} INFO - Sync 2 DAGs
[2024-12-21T21:14:35.666+0000] {logging_mixin.py:190} INFO - [2024-12-21T21:14:35.665+0000] {dag.py:4180} INFO - Setting next_dagrun for read_dataset_event to 2024-12-20 00:00:00+00:00, run_after=2024-12-21 00:00:00+00:00
[2024-12-21T21:14:35.679+0000] {logging_mixin.py:190} INFO - [2024-12-21T21:14:35.678+0000] {dag.py:4180} INFO - Setting next_dagrun for read_dataset_event_from_classic to 2024-12-20 00:00:00+00:00, run_after=2024-12-21 00:00:00+00:00
[2024-12-21T21:14:35.741+0000] {processor.py:208} INFO - Processing /home/airflow/.local/lib/python3.12/site-packages/airflow/example_dags/example_inlet_event_extra.py took 1.429 seconds
[2024-12-21T21:15:06.436+0000] {processor.py:186} INFO - Started process (PID=2447) to work on /home/airflow/.local/lib/python3.12/site-packages/airflow/example_dags/example_inlet_event_extra.py
[2024-12-21T21:15:06.438+0000] {processor.py:914} INFO - Processing file /home/airflow/.local/lib/python3.12/site-packages/airflow/example_dags/example_inlet_event_extra.py for tasks to queue
[2024-12-21T21:15:06.444+0000] {logging_mixin.py:190} INFO - [2024-12-21T21:15:06.444+0000] {dagbag.py:588} INFO - Filling up the DagBag from /home/airflow/.local/lib/python3.12/site-packages/airflow/example_dags/example_inlet_event_extra.py
[2024-12-21T21:15:07.772+0000] {processor.py:925} INFO - DAG(s) 'read_dataset_event', 'read_dataset_event_from_classic' retrieved from /home/airflow/.local/lib/python3.12/site-packages/airflow/example_dags/example_inlet_event_extra.py
[2024-12-21T21:15:07.817+0000] {logging_mixin.py:190} INFO - [2024-12-21T21:15:07.816+0000] {dag.py:3239} INFO - Sync 2 DAGs
[2024-12-21T21:15:07.884+0000] {logging_mixin.py:190} INFO - [2024-12-21T21:15:07.884+0000] {dag.py:4180} INFO - Setting next_dagrun for read_dataset_event to 2024-12-20 00:00:00+00:00, run_after=2024-12-21 00:00:00+00:00
[2024-12-21T21:15:07.899+0000] {logging_mixin.py:190} INFO - [2024-12-21T21:15:07.899+0000] {dag.py:4180} INFO - Setting next_dagrun for read_dataset_event_from_classic to 2024-12-20 00:00:00+00:00, run_after=2024-12-21 00:00:00+00:00
[2024-12-21T21:15:08.004+0000] {processor.py:208} INFO - Processing /home/airflow/.local/lib/python3.12/site-packages/airflow/example_dags/example_inlet_event_extra.py took 1.581 seconds
[2024-12-21T21:15:38.465+0000] {processor.py:186} INFO - Started process (PID=2743) to work on /home/airflow/.local/lib/python3.12/site-packages/airflow/example_dags/example_inlet_event_extra.py
[2024-12-21T21:15:38.467+0000] {processor.py:914} INFO - Processing file /home/airflow/.local/lib/python3.12/site-packages/airflow/example_dags/example_inlet_event_extra.py for tasks to queue
[2024-12-21T21:15:38.473+0000] {logging_mixin.py:190} INFO - [2024-12-21T21:15:38.473+0000] {dagbag.py:588} INFO - Filling up the DagBag from /home/airflow/.local/lib/python3.12/site-packages/airflow/example_dags/example_inlet_event_extra.py
[2024-12-21T21:15:39.762+0000] {processor.py:925} INFO - DAG(s) 'read_dataset_event', 'read_dataset_event_from_classic' retrieved from /home/airflow/.local/lib/python3.12/site-packages/airflow/example_dags/example_inlet_event_extra.py
[2024-12-21T21:15:39.811+0000] {logging_mixin.py:190} INFO - [2024-12-21T21:15:39.810+0000] {dag.py:3239} INFO - Sync 2 DAGs
[2024-12-21T21:15:39.864+0000] {logging_mixin.py:190} INFO - [2024-12-21T21:15:39.864+0000] {dag.py:4180} INFO - Setting next_dagrun for read_dataset_event to 2024-12-20 00:00:00+00:00, run_after=2024-12-21 00:00:00+00:00
[2024-12-21T21:15:39.875+0000] {logging_mixin.py:190} INFO - [2024-12-21T21:15:39.874+0000] {dag.py:4180} INFO - Setting next_dagrun for read_dataset_event_from_classic to 2024-12-20 00:00:00+00:00, run_after=2024-12-21 00:00:00+00:00
[2024-12-21T21:15:39.909+0000] {processor.py:208} INFO - Processing /home/airflow/.local/lib/python3.12/site-packages/airflow/example_dags/example_inlet_event_extra.py took 1.456 seconds
[2024-12-21T21:16:10.786+0000] {processor.py:186} INFO - Started process (PID=3039) to work on /home/airflow/.local/lib/python3.12/site-packages/airflow/example_dags/example_inlet_event_extra.py
[2024-12-21T21:16:10.789+0000] {processor.py:914} INFO - Processing file /home/airflow/.local/lib/python3.12/site-packages/airflow/example_dags/example_inlet_event_extra.py for tasks to queue
[2024-12-21T21:16:10.795+0000] {logging_mixin.py:190} INFO - [2024-12-21T21:16:10.794+0000] {dagbag.py:588} INFO - Filling up the DagBag from /home/airflow/.local/lib/python3.12/site-packages/airflow/example_dags/example_inlet_event_extra.py
[2024-12-21T21:16:12.503+0000] {processor.py:925} INFO - DAG(s) 'read_dataset_event', 'read_dataset_event_from_classic' retrieved from /home/airflow/.local/lib/python3.12/site-packages/airflow/example_dags/example_inlet_event_extra.py
[2024-12-21T21:16:12.574+0000] {logging_mixin.py:190} INFO - [2024-12-21T21:16:12.573+0000] {dag.py:3239} INFO - Sync 2 DAGs
[2024-12-21T21:16:12.661+0000] {logging_mixin.py:190} INFO - [2024-12-21T21:16:12.661+0000] {dag.py:4180} INFO - Setting next_dagrun for read_dataset_event to 2024-12-20 00:00:00+00:00, run_after=2024-12-21 00:00:00+00:00
[2024-12-21T21:16:12.680+0000] {logging_mixin.py:190} INFO - [2024-12-21T21:16:12.679+0000] {dag.py:4180} INFO - Setting next_dagrun for read_dataset_event_from_classic to 2024-12-20 00:00:00+00:00, run_after=2024-12-21 00:00:00+00:00
[2024-12-21T21:16:12.732+0000] {processor.py:208} INFO - Processing /home/airflow/.local/lib/python3.12/site-packages/airflow/example_dags/example_inlet_event_extra.py took 1.961 seconds
[2024-12-21T21:16:43.100+0000] {processor.py:186} INFO - Started process (PID=3334) to work on /home/airflow/.local/lib/python3.12/site-packages/airflow/example_dags/example_inlet_event_extra.py
[2024-12-21T21:16:43.102+0000] {processor.py:914} INFO - Processing file /home/airflow/.local/lib/python3.12/site-packages/airflow/example_dags/example_inlet_event_extra.py for tasks to queue
[2024-12-21T21:16:43.109+0000] {logging_mixin.py:190} INFO - [2024-12-21T21:16:43.108+0000] {dagbag.py:588} INFO - Filling up the DagBag from /home/airflow/.local/lib/python3.12/site-packages/airflow/example_dags/example_inlet_event_extra.py
[2024-12-21T21:16:44.632+0000] {processor.py:925} INFO - DAG(s) 'read_dataset_event_from_classic', 'read_dataset_event' retrieved from /home/airflow/.local/lib/python3.12/site-packages/airflow/example_dags/example_inlet_event_extra.py
[2024-12-21T21:16:44.686+0000] {logging_mixin.py:190} INFO - [2024-12-21T21:16:44.686+0000] {dag.py:3239} INFO - Sync 2 DAGs
[2024-12-21T21:16:44.757+0000] {logging_mixin.py:190} INFO - [2024-12-21T21:16:44.756+0000] {dag.py:4180} INFO - Setting next_dagrun for read_dataset_event to 2024-12-20 00:00:00+00:00, run_after=2024-12-21 00:00:00+00:00
[2024-12-21T21:16:44.770+0000] {logging_mixin.py:190} INFO - [2024-12-21T21:16:44.769+0000] {dag.py:4180} INFO - Setting next_dagrun for read_dataset_event_from_classic to 2024-12-20 00:00:00+00:00, run_after=2024-12-21 00:00:00+00:00
[2024-12-21T21:16:44.815+0000] {processor.py:208} INFO - Processing /home/airflow/.local/lib/python3.12/site-packages/airflow/example_dags/example_inlet_event_extra.py took 1.731 seconds
[2024-12-21T21:17:15.588+0000] {processor.py:186} INFO - Started process (PID=3630) to work on /home/airflow/.local/lib/python3.12/site-packages/airflow/example_dags/example_inlet_event_extra.py
[2024-12-21T21:17:15.590+0000] {processor.py:914} INFO - Processing file /home/airflow/.local/lib/python3.12/site-packages/airflow/example_dags/example_inlet_event_extra.py for tasks to queue
[2024-12-21T21:17:15.595+0000] {logging_mixin.py:190} INFO - [2024-12-21T21:17:15.595+0000] {dagbag.py:588} INFO - Filling up the DagBag from /home/airflow/.local/lib/python3.12/site-packages/airflow/example_dags/example_inlet_event_extra.py
[2024-12-21T21:17:16.904+0000] {processor.py:925} INFO - DAG(s) 'read_dataset_event', 'read_dataset_event_from_classic' retrieved from /home/airflow/.local/lib/python3.12/site-packages/airflow/example_dags/example_inlet_event_extra.py
[2024-12-21T21:17:16.945+0000] {logging_mixin.py:190} INFO - [2024-12-21T21:17:16.945+0000] {dag.py:3239} INFO - Sync 2 DAGs
[2024-12-21T21:17:16.997+0000] {logging_mixin.py:190} INFO - [2024-12-21T21:17:16.997+0000] {dag.py:4180} INFO - Setting next_dagrun for read_dataset_event to 2024-12-20 00:00:00+00:00, run_after=2024-12-21 00:00:00+00:00
[2024-12-21T21:17:17.008+0000] {logging_mixin.py:190} INFO - [2024-12-21T21:17:17.008+0000] {dag.py:4180} INFO - Setting next_dagrun for read_dataset_event_from_classic to 2024-12-20 00:00:00+00:00, run_after=2024-12-21 00:00:00+00:00
[2024-12-21T21:17:17.042+0000] {processor.py:208} INFO - Processing /home/airflow/.local/lib/python3.12/site-packages/airflow/example_dags/example_inlet_event_extra.py took 1.468 seconds
[2024-12-21T21:17:47.653+0000] {processor.py:186} INFO - Started process (PID=3936) to work on /home/airflow/.local/lib/python3.12/site-packages/airflow/example_dags/example_inlet_event_extra.py
[2024-12-21T21:17:47.655+0000] {processor.py:914} INFO - Processing file /home/airflow/.local/lib/python3.12/site-packages/airflow/example_dags/example_inlet_event_extra.py for tasks to queue
[2024-12-21T21:17:47.659+0000] {logging_mixin.py:190} INFO - [2024-12-21T21:17:47.659+0000] {dagbag.py:588} INFO - Filling up the DagBag from /home/airflow/.local/lib/python3.12/site-packages/airflow/example_dags/example_inlet_event_extra.py
[2024-12-21T21:17:49.172+0000] {processor.py:925} INFO - DAG(s) 'read_dataset_event_from_classic', 'read_dataset_event' retrieved from /home/airflow/.local/lib/python3.12/site-packages/airflow/example_dags/example_inlet_event_extra.py
[2024-12-21T21:17:49.228+0000] {logging_mixin.py:190} INFO - [2024-12-21T21:17:49.228+0000] {dag.py:3239} INFO - Sync 2 DAGs
[2024-12-21T21:17:49.295+0000] {logging_mixin.py:190} INFO - [2024-12-21T21:17:49.295+0000] {dag.py:4180} INFO - Setting next_dagrun for read_dataset_event to 2024-12-20 00:00:00+00:00, run_after=2024-12-21 00:00:00+00:00
[2024-12-21T21:17:49.307+0000] {logging_mixin.py:190} INFO - [2024-12-21T21:17:49.306+0000] {dag.py:4180} INFO - Setting next_dagrun for read_dataset_event_from_classic to 2024-12-20 00:00:00+00:00, run_after=2024-12-21 00:00:00+00:00
[2024-12-21T21:17:49.347+0000] {processor.py:208} INFO - Processing /home/airflow/.local/lib/python3.12/site-packages/airflow/example_dags/example_inlet_event_extra.py took 1.706 seconds
[2024-12-21T21:18:19.623+0000] {processor.py:186} INFO - Started process (PID=4237) to work on /home/airflow/.local/lib/python3.12/site-packages/airflow/example_dags/example_inlet_event_extra.py
[2024-12-21T21:18:19.625+0000] {processor.py:914} INFO - Processing file /home/airflow/.local/lib/python3.12/site-packages/airflow/example_dags/example_inlet_event_extra.py for tasks to queue
[2024-12-21T21:18:19.629+0000] {logging_mixin.py:190} INFO - [2024-12-21T21:18:19.628+0000] {dagbag.py:588} INFO - Filling up the DagBag from /home/airflow/.local/lib/python3.12/site-packages/airflow/example_dags/example_inlet_event_extra.py
[2024-12-21T21:18:21.163+0000] {processor.py:925} INFO - DAG(s) 'read_dataset_event', 'read_dataset_event_from_classic' retrieved from /home/airflow/.local/lib/python3.12/site-packages/airflow/example_dags/example_inlet_event_extra.py
[2024-12-21T21:18:21.215+0000] {logging_mixin.py:190} INFO - [2024-12-21T21:18:21.214+0000] {dag.py:3239} INFO - Sync 2 DAGs
[2024-12-21T21:18:21.275+0000] {logging_mixin.py:190} INFO - [2024-12-21T21:18:21.275+0000] {dag.py:4180} INFO - Setting next_dagrun for read_dataset_event to 2024-12-20 00:00:00+00:00, run_after=2024-12-21 00:00:00+00:00
[2024-12-21T21:18:21.287+0000] {logging_mixin.py:190} INFO - [2024-12-21T21:18:21.287+0000] {dag.py:4180} INFO - Setting next_dagrun for read_dataset_event_from_classic to 2024-12-20 00:00:00+00:00, run_after=2024-12-21 00:00:00+00:00
[2024-12-21T21:18:21.350+0000] {processor.py:208} INFO - Processing /home/airflow/.local/lib/python3.12/site-packages/airflow/example_dags/example_inlet_event_extra.py took 1.740 seconds
[2024-12-21T21:18:51.508+0000] {processor.py:186} INFO - Started process (PID=4541) to work on /home/airflow/.local/lib/python3.12/site-packages/airflow/example_dags/example_inlet_event_extra.py
[2024-12-21T21:18:51.511+0000] {processor.py:914} INFO - Processing file /home/airflow/.local/lib/python3.12/site-packages/airflow/example_dags/example_inlet_event_extra.py for tasks to queue
[2024-12-21T21:18:51.516+0000] {logging_mixin.py:190} INFO - [2024-12-21T21:18:51.515+0000] {dagbag.py:588} INFO - Filling up the DagBag from /home/airflow/.local/lib/python3.12/site-packages/airflow/example_dags/example_inlet_event_extra.py
[2024-12-21T21:18:53.352+0000] {processor.py:925} INFO - DAG(s) 'read_dataset_event_from_classic', 'read_dataset_event' retrieved from /home/airflow/.local/lib/python3.12/site-packages/airflow/example_dags/example_inlet_event_extra.py
[2024-12-21T21:18:53.428+0000] {logging_mixin.py:190} INFO - [2024-12-21T21:18:53.427+0000] {dag.py:3239} INFO - Sync 2 DAGs
[2024-12-21T21:18:53.514+0000] {logging_mixin.py:190} INFO - [2024-12-21T21:18:53.513+0000] {dag.py:4180} INFO - Setting next_dagrun for read_dataset_event to 2024-12-20 00:00:00+00:00, run_after=2024-12-21 00:00:00+00:00
[2024-12-21T21:18:53.531+0000] {logging_mixin.py:190} INFO - [2024-12-21T21:18:53.530+0000] {dag.py:4180} INFO - Setting next_dagrun for read_dataset_event_from_classic to 2024-12-20 00:00:00+00:00, run_after=2024-12-21 00:00:00+00:00
[2024-12-21T21:18:53.578+0000] {processor.py:208} INFO - Processing /home/airflow/.local/lib/python3.12/site-packages/airflow/example_dags/example_inlet_event_extra.py took 2.088 seconds
[2024-12-21T21:19:24.362+0000] {processor.py:186} INFO - Started process (PID=4852) to work on /home/airflow/.local/lib/python3.12/site-packages/airflow/example_dags/example_inlet_event_extra.py
[2024-12-21T21:19:24.364+0000] {processor.py:914} INFO - Processing file /home/airflow/.local/lib/python3.12/site-packages/airflow/example_dags/example_inlet_event_extra.py for tasks to queue
[2024-12-21T21:19:24.368+0000] {logging_mixin.py:190} INFO - [2024-12-21T21:19:24.368+0000] {dagbag.py:588} INFO - Filling up the DagBag from /home/airflow/.local/lib/python3.12/site-packages/airflow/example_dags/example_inlet_event_extra.py
[2024-12-21T21:19:25.745+0000] {processor.py:925} INFO - DAG(s) 'read_dataset_event', 'read_dataset_event_from_classic' retrieved from /home/airflow/.local/lib/python3.12/site-packages/airflow/example_dags/example_inlet_event_extra.py
[2024-12-21T21:19:25.792+0000] {logging_mixin.py:190} INFO - [2024-12-21T21:19:25.792+0000] {dag.py:3239} INFO - Sync 2 DAGs
[2024-12-21T21:19:25.846+0000] {logging_mixin.py:190} INFO - [2024-12-21T21:19:25.845+0000] {dag.py:4180} INFO - Setting next_dagrun for read_dataset_event to 2024-12-20 00:00:00+00:00, run_after=2024-12-21 00:00:00+00:00
[2024-12-21T21:19:25.858+0000] {logging_mixin.py:190} INFO - [2024-12-21T21:19:25.857+0000] {dag.py:4180} INFO - Setting next_dagrun for read_dataset_event_from_classic to 2024-12-20 00:00:00+00:00, run_after=2024-12-21 00:00:00+00:00
[2024-12-21T21:19:25.909+0000] {processor.py:208} INFO - Processing /home/airflow/.local/lib/python3.12/site-packages/airflow/example_dags/example_inlet_event_extra.py took 1.558 seconds
[2024-12-21T21:19:56.360+0000] {processor.py:186} INFO - Started process (PID=5163) to work on /home/airflow/.local/lib/python3.12/site-packages/airflow/example_dags/example_inlet_event_extra.py
[2024-12-21T21:19:56.361+0000] {processor.py:914} INFO - Processing file /home/airflow/.local/lib/python3.12/site-packages/airflow/example_dags/example_inlet_event_extra.py for tasks to queue
[2024-12-21T21:19:56.365+0000] {logging_mixin.py:190} INFO - [2024-12-21T21:19:56.365+0000] {dagbag.py:588} INFO - Filling up the DagBag from /home/airflow/.local/lib/python3.12/site-packages/airflow/example_dags/example_inlet_event_extra.py
[2024-12-21T21:19:57.747+0000] {processor.py:925} INFO - DAG(s) 'read_dataset_event_from_classic', 'read_dataset_event' retrieved from /home/airflow/.local/lib/python3.12/site-packages/airflow/example_dags/example_inlet_event_extra.py
[2024-12-21T21:19:57.798+0000] {logging_mixin.py:190} INFO - [2024-12-21T21:19:57.798+0000] {dag.py:3239} INFO - Sync 2 DAGs
[2024-12-21T21:19:57.857+0000] {logging_mixin.py:190} INFO - [2024-12-21T21:19:57.856+0000] {dag.py:4180} INFO - Setting next_dagrun for read_dataset_event to 2024-12-20 00:00:00+00:00, run_after=2024-12-21 00:00:00+00:00
[2024-12-21T21:19:57.867+0000] {logging_mixin.py:190} INFO - [2024-12-21T21:19:57.867+0000] {dag.py:4180} INFO - Setting next_dagrun for read_dataset_event_from_classic to 2024-12-20 00:00:00+00:00, run_after=2024-12-21 00:00:00+00:00
[2024-12-21T21:19:57.900+0000] {processor.py:208} INFO - Processing /home/airflow/.local/lib/python3.12/site-packages/airflow/example_dags/example_inlet_event_extra.py took 1.554 seconds
[2024-12-21T21:20:28.297+0000] {processor.py:186} INFO - Started process (PID=5494) to work on /home/airflow/.local/lib/python3.12/site-packages/airflow/example_dags/example_inlet_event_extra.py
[2024-12-21T21:20:28.299+0000] {processor.py:914} INFO - Processing file /home/airflow/.local/lib/python3.12/site-packages/airflow/example_dags/example_inlet_event_extra.py for tasks to queue
[2024-12-21T21:20:28.306+0000] {logging_mixin.py:190} INFO - [2024-12-21T21:20:28.304+0000] {dagbag.py:588} INFO - Filling up the DagBag from /home/airflow/.local/lib/python3.12/site-packages/airflow/example_dags/example_inlet_event_extra.py
[2024-12-21T21:20:30.006+0000] {processor.py:925} INFO - DAG(s) 'read_dataset_event', 'read_dataset_event_from_classic' retrieved from /home/airflow/.local/lib/python3.12/site-packages/airflow/example_dags/example_inlet_event_extra.py
[2024-12-21T21:20:30.064+0000] {logging_mixin.py:190} INFO - [2024-12-21T21:20:30.063+0000] {dag.py:3239} INFO - Sync 2 DAGs
[2024-12-21T21:20:30.137+0000] {logging_mixin.py:190} INFO - [2024-12-21T21:20:30.137+0000] {dag.py:4180} INFO - Setting next_dagrun for read_dataset_event to 2024-12-20 00:00:00+00:00, run_after=2024-12-21 00:00:00+00:00
[2024-12-21T21:20:30.155+0000] {logging_mixin.py:190} INFO - [2024-12-21T21:20:30.154+0000] {dag.py:4180} INFO - Setting next_dagrun for read_dataset_event_from_classic to 2024-12-20 00:00:00+00:00, run_after=2024-12-21 00:00:00+00:00
[2024-12-21T21:20:30.203+0000] {processor.py:208} INFO - Processing /home/airflow/.local/lib/python3.12/site-packages/airflow/example_dags/example_inlet_event_extra.py took 1.923 seconds
[2024-12-21T21:21:00.440+0000] {processor.py:186} INFO - Started process (PID=5813) to work on /home/airflow/.local/lib/python3.12/site-packages/airflow/example_dags/example_inlet_event_extra.py
[2024-12-21T21:21:00.443+0000] {processor.py:914} INFO - Processing file /home/airflow/.local/lib/python3.12/site-packages/airflow/example_dags/example_inlet_event_extra.py for tasks to queue
[2024-12-21T21:21:00.448+0000] {logging_mixin.py:190} INFO - [2024-12-21T21:21:00.448+0000] {dagbag.py:588} INFO - Filling up the DagBag from /home/airflow/.local/lib/python3.12/site-packages/airflow/example_dags/example_inlet_event_extra.py
[2024-12-21T21:21:01.719+0000] {processor.py:925} INFO - DAG(s) 'read_dataset_event_from_classic', 'read_dataset_event' retrieved from /home/airflow/.local/lib/python3.12/site-packages/airflow/example_dags/example_inlet_event_extra.py
[2024-12-21T21:21:01.766+0000] {logging_mixin.py:190} INFO - [2024-12-21T21:21:01.765+0000] {dag.py:3239} INFO - Sync 2 DAGs
[2024-12-21T21:21:01.814+0000] {logging_mixin.py:190} INFO - [2024-12-21T21:21:01.813+0000] {dag.py:4180} INFO - Setting next_dagrun for read_dataset_event to 2024-12-20 00:00:00+00:00, run_after=2024-12-21 00:00:00+00:00
[2024-12-21T21:21:01.828+0000] {logging_mixin.py:190} INFO - [2024-12-21T21:21:01.827+0000] {dag.py:4180} INFO - Setting next_dagrun for read_dataset_event_from_classic to 2024-12-20 00:00:00+00:00, run_after=2024-12-21 00:00:00+00:00
[2024-12-21T21:21:01.888+0000] {processor.py:208} INFO - Processing /home/airflow/.local/lib/python3.12/site-packages/airflow/example_dags/example_inlet_event_extra.py took 1.459 seconds
[2024-12-21T21:21:32.896+0000] {processor.py:186} INFO - Started process (PID=6117) to work on /home/airflow/.local/lib/python3.12/site-packages/airflow/example_dags/example_inlet_event_extra.py
[2024-12-21T21:21:32.898+0000] {processor.py:914} INFO - Processing file /home/airflow/.local/lib/python3.12/site-packages/airflow/example_dags/example_inlet_event_extra.py for tasks to queue
[2024-12-21T21:21:32.907+0000] {logging_mixin.py:190} INFO - [2024-12-21T21:21:32.905+0000] {dagbag.py:588} INFO - Filling up the DagBag from /home/airflow/.local/lib/python3.12/site-packages/airflow/example_dags/example_inlet_event_extra.py
[2024-12-21T21:21:34.481+0000] {processor.py:925} INFO - DAG(s) 'read_dataset_event', 'read_dataset_event_from_classic' retrieved from /home/airflow/.local/lib/python3.12/site-packages/airflow/example_dags/example_inlet_event_extra.py
[2024-12-21T21:21:34.539+0000] {logging_mixin.py:190} INFO - [2024-12-21T21:21:34.539+0000] {dag.py:3239} INFO - Sync 2 DAGs
[2024-12-21T21:21:34.622+0000] {logging_mixin.py:190} INFO - [2024-12-21T21:21:34.622+0000] {dag.py:4180} INFO - Setting next_dagrun for read_dataset_event to 2024-12-20 00:00:00+00:00, run_after=2024-12-21 00:00:00+00:00
[2024-12-21T21:21:34.655+0000] {logging_mixin.py:190} INFO - [2024-12-21T21:21:34.654+0000] {dag.py:4180} INFO - Setting next_dagrun for read_dataset_event_from_classic to 2024-12-20 00:00:00+00:00, run_after=2024-12-21 00:00:00+00:00
[2024-12-21T21:21:34.780+0000] {processor.py:208} INFO - Processing /home/airflow/.local/lib/python3.12/site-packages/airflow/example_dags/example_inlet_event_extra.py took 1.906 seconds
[2024-12-21T21:22:05.922+0000] {processor.py:186} INFO - Started process (PID=6453) to work on /home/airflow/.local/lib/python3.12/site-packages/airflow/example_dags/example_inlet_event_extra.py
[2024-12-21T21:22:05.924+0000] {processor.py:914} INFO - Processing file /home/airflow/.local/lib/python3.12/site-packages/airflow/example_dags/example_inlet_event_extra.py for tasks to queue
[2024-12-21T21:22:05.928+0000] {logging_mixin.py:190} INFO - [2024-12-21T21:22:05.927+0000] {dagbag.py:588} INFO - Filling up the DagBag from /home/airflow/.local/lib/python3.12/site-packages/airflow/example_dags/example_inlet_event_extra.py
[2024-12-21T21:22:07.318+0000] {processor.py:925} INFO - DAG(s) 'read_dataset_event_from_classic', 'read_dataset_event' retrieved from /home/airflow/.local/lib/python3.12/site-packages/airflow/example_dags/example_inlet_event_extra.py
[2024-12-21T21:22:07.363+0000] {logging_mixin.py:190} INFO - [2024-12-21T21:22:07.363+0000] {dag.py:3239} INFO - Sync 2 DAGs
[2024-12-21T21:22:07.418+0000] {logging_mixin.py:190} INFO - [2024-12-21T21:22:07.417+0000] {dag.py:4180} INFO - Setting next_dagrun for read_dataset_event to 2024-12-20 00:00:00+00:00, run_after=2024-12-21 00:00:00+00:00
[2024-12-21T21:22:07.430+0000] {logging_mixin.py:190} INFO - [2024-12-21T21:22:07.430+0000] {dag.py:4180} INFO - Setting next_dagrun for read_dataset_event_from_classic to 2024-12-20 00:00:00+00:00, run_after=2024-12-21 00:00:00+00:00
[2024-12-21T21:22:07.490+0000] {processor.py:208} INFO - Processing /home/airflow/.local/lib/python3.12/site-packages/airflow/example_dags/example_inlet_event_extra.py took 1.579 seconds
[2024-12-21T21:22:37.735+0000] {processor.py:186} INFO - Started process (PID=6759) to work on /home/airflow/.local/lib/python3.12/site-packages/airflow/example_dags/example_inlet_event_extra.py
[2024-12-21T21:22:37.737+0000] {processor.py:914} INFO - Processing file /home/airflow/.local/lib/python3.12/site-packages/airflow/example_dags/example_inlet_event_extra.py for tasks to queue
[2024-12-21T21:22:37.741+0000] {logging_mixin.py:190} INFO - [2024-12-21T21:22:37.740+0000] {dagbag.py:588} INFO - Filling up the DagBag from /home/airflow/.local/lib/python3.12/site-packages/airflow/example_dags/example_inlet_event_extra.py
[2024-12-21T21:22:39.063+0000] {processor.py:925} INFO - DAG(s) 'read_dataset_event_from_classic', 'read_dataset_event' retrieved from /home/airflow/.local/lib/python3.12/site-packages/airflow/example_dags/example_inlet_event_extra.py
[2024-12-21T21:22:39.111+0000] {logging_mixin.py:190} INFO - [2024-12-21T21:22:39.111+0000] {dag.py:3239} INFO - Sync 2 DAGs
[2024-12-21T21:22:39.177+0000] {logging_mixin.py:190} INFO - [2024-12-21T21:22:39.176+0000] {dag.py:4180} INFO - Setting next_dagrun for read_dataset_event to 2024-12-20 00:00:00+00:00, run_after=2024-12-21 00:00:00+00:00
[2024-12-21T21:22:39.191+0000] {logging_mixin.py:190} INFO - [2024-12-21T21:22:39.190+0000] {dag.py:4180} INFO - Setting next_dagrun for read_dataset_event_from_classic to 2024-12-20 00:00:00+00:00, run_after=2024-12-21 00:00:00+00:00
[2024-12-21T21:22:39.227+0000] {processor.py:208} INFO - Processing /home/airflow/.local/lib/python3.12/site-packages/airflow/example_dags/example_inlet_event_extra.py took 1.503 seconds
[2024-12-21T21:23:10.179+0000] {processor.py:186} INFO - Started process (PID=7086) to work on /home/airflow/.local/lib/python3.12/site-packages/airflow/example_dags/example_inlet_event_extra.py
[2024-12-21T21:23:10.181+0000] {processor.py:914} INFO - Processing file /home/airflow/.local/lib/python3.12/site-packages/airflow/example_dags/example_inlet_event_extra.py for tasks to queue
[2024-12-21T21:23:10.185+0000] {logging_mixin.py:190} INFO - [2024-12-21T21:23:10.185+0000] {dagbag.py:588} INFO - Filling up the DagBag from /home/airflow/.local/lib/python3.12/site-packages/airflow/example_dags/example_inlet_event_extra.py
[2024-12-21T21:23:11.555+0000] {processor.py:925} INFO - DAG(s) 'read_dataset_event_from_classic', 'read_dataset_event' retrieved from /home/airflow/.local/lib/python3.12/site-packages/airflow/example_dags/example_inlet_event_extra.py
[2024-12-21T21:23:11.600+0000] {logging_mixin.py:190} INFO - [2024-12-21T21:23:11.599+0000] {dag.py:3239} INFO - Sync 2 DAGs
[2024-12-21T21:23:11.649+0000] {logging_mixin.py:190} INFO - [2024-12-21T21:23:11.649+0000] {dag.py:4180} INFO - Setting next_dagrun for read_dataset_event to 2024-12-20 00:00:00+00:00, run_after=2024-12-21 00:00:00+00:00
[2024-12-21T21:23:11.660+0000] {logging_mixin.py:190} INFO - [2024-12-21T21:23:11.660+0000] {dag.py:4180} INFO - Setting next_dagrun for read_dataset_event_from_classic to 2024-12-20 00:00:00+00:00, run_after=2024-12-21 00:00:00+00:00
[2024-12-21T21:23:11.714+0000] {processor.py:208} INFO - Processing /home/airflow/.local/lib/python3.12/site-packages/airflow/example_dags/example_inlet_event_extra.py took 1.548 seconds
[2024-12-21T21:23:42.464+0000] {processor.py:186} INFO - Started process (PID=7407) to work on /home/airflow/.local/lib/python3.12/site-packages/airflow/example_dags/example_inlet_event_extra.py
[2024-12-21T21:23:42.465+0000] {processor.py:914} INFO - Processing file /home/airflow/.local/lib/python3.12/site-packages/airflow/example_dags/example_inlet_event_extra.py for tasks to queue
[2024-12-21T21:23:42.470+0000] {logging_mixin.py:190} INFO - [2024-12-21T21:23:42.469+0000] {dagbag.py:588} INFO - Filling up the DagBag from /home/airflow/.local/lib/python3.12/site-packages/airflow/example_dags/example_inlet_event_extra.py
[2024-12-21T21:23:43.850+0000] {processor.py:925} INFO - DAG(s) 'read_dataset_event', 'read_dataset_event_from_classic' retrieved from /home/airflow/.local/lib/python3.12/site-packages/airflow/example_dags/example_inlet_event_extra.py
[2024-12-21T21:23:43.901+0000] {logging_mixin.py:190} INFO - [2024-12-21T21:23:43.900+0000] {dag.py:3239} INFO - Sync 2 DAGs
[2024-12-21T21:23:43.960+0000] {logging_mixin.py:190} INFO - [2024-12-21T21:23:43.960+0000] {dag.py:4180} INFO - Setting next_dagrun for read_dataset_event to 2024-12-20 00:00:00+00:00, run_after=2024-12-21 00:00:00+00:00
[2024-12-21T21:23:43.972+0000] {logging_mixin.py:190} INFO - [2024-12-21T21:23:43.971+0000] {dag.py:4180} INFO - Setting next_dagrun for read_dataset_event_from_classic to 2024-12-20 00:00:00+00:00, run_after=2024-12-21 00:00:00+00:00
[2024-12-21T21:23:44.005+0000] {processor.py:208} INFO - Processing /home/airflow/.local/lib/python3.12/site-packages/airflow/example_dags/example_inlet_event_extra.py took 1.556 seconds
[2024-12-21T21:24:14.418+0000] {processor.py:186} INFO - Started process (PID=7720) to work on /home/airflow/.local/lib/python3.12/site-packages/airflow/example_dags/example_inlet_event_extra.py
[2024-12-21T21:24:14.420+0000] {processor.py:914} INFO - Processing file /home/airflow/.local/lib/python3.12/site-packages/airflow/example_dags/example_inlet_event_extra.py for tasks to queue
[2024-12-21T21:24:14.424+0000] {logging_mixin.py:190} INFO - [2024-12-21T21:24:14.424+0000] {dagbag.py:588} INFO - Filling up the DagBag from /home/airflow/.local/lib/python3.12/site-packages/airflow/example_dags/example_inlet_event_extra.py
[2024-12-21T21:24:15.705+0000] {processor.py:925} INFO - DAG(s) 'read_dataset_event_from_classic', 'read_dataset_event' retrieved from /home/airflow/.local/lib/python3.12/site-packages/airflow/example_dags/example_inlet_event_extra.py
[2024-12-21T21:24:15.754+0000] {logging_mixin.py:190} INFO - [2024-12-21T21:24:15.754+0000] {dag.py:3239} INFO - Sync 2 DAGs
[2024-12-21T21:24:15.810+0000] {logging_mixin.py:190} INFO - [2024-12-21T21:24:15.809+0000] {dag.py:4180} INFO - Setting next_dagrun for read_dataset_event to 2024-12-20 00:00:00+00:00, run_after=2024-12-21 00:00:00+00:00
[2024-12-21T21:24:15.821+0000] {logging_mixin.py:190} INFO - [2024-12-21T21:24:15.821+0000] {dag.py:4180} INFO - Setting next_dagrun for read_dataset_event_from_classic to 2024-12-20 00:00:00+00:00, run_after=2024-12-21 00:00:00+00:00
[2024-12-21T21:24:15.857+0000] {processor.py:208} INFO - Processing /home/airflow/.local/lib/python3.12/site-packages/airflow/example_dags/example_inlet_event_extra.py took 1.450 seconds
[2024-12-21T21:26:34.826+0000] {processor.py:186} INFO - Started process (PID=361) to work on /home/airflow/.local/lib/python3.12/site-packages/airflow/example_dags/example_inlet_event_extra.py
[2024-12-21T21:26:34.828+0000] {processor.py:914} INFO - Processing file /home/airflow/.local/lib/python3.12/site-packages/airflow/example_dags/example_inlet_event_extra.py for tasks to queue
[2024-12-21T21:26:34.833+0000] {logging_mixin.py:190} INFO - [2024-12-21T21:26:34.832+0000] {dagbag.py:588} INFO - Filling up the DagBag from /home/airflow/.local/lib/python3.12/site-packages/airflow/example_dags/example_inlet_event_extra.py
[2024-12-21T21:26:36.177+0000] {processor.py:925} INFO - DAG(s) 'read_dataset_event_from_classic', 'read_dataset_event' retrieved from /home/airflow/.local/lib/python3.12/site-packages/airflow/example_dags/example_inlet_event_extra.py
[2024-12-21T21:26:36.281+0000] {logging_mixin.py:190} INFO - [2024-12-21T21:26:36.281+0000] {dag.py:3239} INFO - Sync 2 DAGs
[2024-12-21T21:26:36.365+0000] {logging_mixin.py:190} INFO - [2024-12-21T21:26:36.365+0000] {dag.py:4180} INFO - Setting next_dagrun for read_dataset_event to 2024-12-20 00:00:00+00:00, run_after=2024-12-21 00:00:00+00:00
[2024-12-21T21:26:36.382+0000] {logging_mixin.py:190} INFO - [2024-12-21T21:26:36.382+0000] {dag.py:4180} INFO - Setting next_dagrun for read_dataset_event_from_classic to 2024-12-20 00:00:00+00:00, run_after=2024-12-21 00:00:00+00:00
[2024-12-21T21:26:36.429+0000] {processor.py:208} INFO - Processing /home/airflow/.local/lib/python3.12/site-packages/airflow/example_dags/example_inlet_event_extra.py took 1.615 seconds
[2024-12-21T21:27:07.071+0000] {processor.py:186} INFO - Started process (PID=659) to work on /home/airflow/.local/lib/python3.12/site-packages/airflow/example_dags/example_inlet_event_extra.py
[2024-12-21T21:27:07.073+0000] {processor.py:914} INFO - Processing file /home/airflow/.local/lib/python3.12/site-packages/airflow/example_dags/example_inlet_event_extra.py for tasks to queue
[2024-12-21T21:27:07.078+0000] {logging_mixin.py:190} INFO - [2024-12-21T21:27:07.077+0000] {dagbag.py:588} INFO - Filling up the DagBag from /home/airflow/.local/lib/python3.12/site-packages/airflow/example_dags/example_inlet_event_extra.py
[2024-12-21T21:27:08.354+0000] {processor.py:925} INFO - DAG(s) 'read_dataset_event_from_classic', 'read_dataset_event' retrieved from /home/airflow/.local/lib/python3.12/site-packages/airflow/example_dags/example_inlet_event_extra.py
[2024-12-21T21:27:08.404+0000] {logging_mixin.py:190} INFO - [2024-12-21T21:27:08.404+0000] {dag.py:3239} INFO - Sync 2 DAGs
[2024-12-21T21:27:08.486+0000] {logging_mixin.py:190} INFO - [2024-12-21T21:27:08.485+0000] {dag.py:4180} INFO - Setting next_dagrun for read_dataset_event to 2024-12-20 00:00:00+00:00, run_after=2024-12-21 00:00:00+00:00
[2024-12-21T21:27:08.498+0000] {logging_mixin.py:190} INFO - [2024-12-21T21:27:08.497+0000] {dag.py:4180} INFO - Setting next_dagrun for read_dataset_event_from_classic to 2024-12-20 00:00:00+00:00, run_after=2024-12-21 00:00:00+00:00
[2024-12-21T21:27:08.531+0000] {processor.py:208} INFO - Processing /home/airflow/.local/lib/python3.12/site-packages/airflow/example_dags/example_inlet_event_extra.py took 1.473 seconds
[2024-12-21T21:27:39.077+0000] {processor.py:186} INFO - Started process (PID=955) to work on /home/airflow/.local/lib/python3.12/site-packages/airflow/example_dags/example_inlet_event_extra.py
[2024-12-21T21:27:39.079+0000] {processor.py:914} INFO - Processing file /home/airflow/.local/lib/python3.12/site-packages/airflow/example_dags/example_inlet_event_extra.py for tasks to queue
[2024-12-21T21:27:39.083+0000] {logging_mixin.py:190} INFO - [2024-12-21T21:27:39.083+0000] {dagbag.py:588} INFO - Filling up the DagBag from /home/airflow/.local/lib/python3.12/site-packages/airflow/example_dags/example_inlet_event_extra.py
[2024-12-21T21:27:40.440+0000] {processor.py:925} INFO - DAG(s) 'read_dataset_event', 'read_dataset_event_from_classic' retrieved from /home/airflow/.local/lib/python3.12/site-packages/airflow/example_dags/example_inlet_event_extra.py
[2024-12-21T21:27:40.477+0000] {logging_mixin.py:190} INFO - [2024-12-21T21:27:40.476+0000] {dag.py:3239} INFO - Sync 2 DAGs
[2024-12-21T21:27:40.530+0000] {logging_mixin.py:190} INFO - [2024-12-21T21:27:40.529+0000] {dag.py:4180} INFO - Setting next_dagrun for read_dataset_event to 2024-12-20 00:00:00+00:00, run_after=2024-12-21 00:00:00+00:00
[2024-12-21T21:27:40.543+0000] {logging_mixin.py:190} INFO - [2024-12-21T21:27:40.543+0000] {dag.py:4180} INFO - Setting next_dagrun for read_dataset_event_from_classic to 2024-12-20 00:00:00+00:00, run_after=2024-12-21 00:00:00+00:00
[2024-12-21T21:27:40.577+0000] {processor.py:208} INFO - Processing /home/airflow/.local/lib/python3.12/site-packages/airflow/example_dags/example_inlet_event_extra.py took 1.513 seconds
[2024-12-21T21:28:10.807+0000] {processor.py:186} INFO - Started process (PID=1251) to work on /home/airflow/.local/lib/python3.12/site-packages/airflow/example_dags/example_inlet_event_extra.py
[2024-12-21T21:28:10.810+0000] {processor.py:914} INFO - Processing file /home/airflow/.local/lib/python3.12/site-packages/airflow/example_dags/example_inlet_event_extra.py for tasks to queue
[2024-12-21T21:28:10.814+0000] {logging_mixin.py:190} INFO - [2024-12-21T21:28:10.813+0000] {dagbag.py:588} INFO - Filling up the DagBag from /home/airflow/.local/lib/python3.12/site-packages/airflow/example_dags/example_inlet_event_extra.py
[2024-12-21T21:28:12.091+0000] {processor.py:925} INFO - DAG(s) 'read_dataset_event_from_classic', 'read_dataset_event' retrieved from /home/airflow/.local/lib/python3.12/site-packages/airflow/example_dags/example_inlet_event_extra.py
[2024-12-21T21:28:12.132+0000] {logging_mixin.py:190} INFO - [2024-12-21T21:28:12.131+0000] {dag.py:3239} INFO - Sync 2 DAGs
[2024-12-21T21:28:12.189+0000] {logging_mixin.py:190} INFO - [2024-12-21T21:28:12.188+0000] {dag.py:4180} INFO - Setting next_dagrun for read_dataset_event to 2024-12-20 00:00:00+00:00, run_after=2024-12-21 00:00:00+00:00
[2024-12-21T21:28:12.210+0000] {logging_mixin.py:190} INFO - [2024-12-21T21:28:12.209+0000] {dag.py:4180} INFO - Setting next_dagrun for read_dataset_event_from_classic to 2024-12-20 00:00:00+00:00, run_after=2024-12-21 00:00:00+00:00
[2024-12-21T21:28:12.252+0000] {processor.py:208} INFO - Processing /home/airflow/.local/lib/python3.12/site-packages/airflow/example_dags/example_inlet_event_extra.py took 1.456 seconds
[2024-12-21T21:28:42.651+0000] {processor.py:186} INFO - Started process (PID=1547) to work on /home/airflow/.local/lib/python3.12/site-packages/airflow/example_dags/example_inlet_event_extra.py
[2024-12-21T21:28:42.653+0000] {processor.py:914} INFO - Processing file /home/airflow/.local/lib/python3.12/site-packages/airflow/example_dags/example_inlet_event_extra.py for tasks to queue
[2024-12-21T21:28:42.657+0000] {logging_mixin.py:190} INFO - [2024-12-21T21:28:42.657+0000] {dagbag.py:588} INFO - Filling up the DagBag from /home/airflow/.local/lib/python3.12/site-packages/airflow/example_dags/example_inlet_event_extra.py
[2024-12-21T21:28:43.911+0000] {processor.py:925} INFO - DAG(s) 'read_dataset_event', 'read_dataset_event_from_classic' retrieved from /home/airflow/.local/lib/python3.12/site-packages/airflow/example_dags/example_inlet_event_extra.py
[2024-12-21T21:28:43.951+0000] {logging_mixin.py:190} INFO - [2024-12-21T21:28:43.950+0000] {dag.py:3239} INFO - Sync 2 DAGs
[2024-12-21T21:28:44.003+0000] {logging_mixin.py:190} INFO - [2024-12-21T21:28:44.003+0000] {dag.py:4180} INFO - Setting next_dagrun for read_dataset_event to 2024-12-20 00:00:00+00:00, run_after=2024-12-21 00:00:00+00:00
[2024-12-21T21:28:44.014+0000] {logging_mixin.py:190} INFO - [2024-12-21T21:28:44.014+0000] {dag.py:4180} INFO - Setting next_dagrun for read_dataset_event_from_classic to 2024-12-20 00:00:00+00:00, run_after=2024-12-21 00:00:00+00:00
[2024-12-21T21:28:44.050+0000] {processor.py:208} INFO - Processing /home/airflow/.local/lib/python3.12/site-packages/airflow/example_dags/example_inlet_event_extra.py took 1.410 seconds
[2024-12-21T21:29:14.240+0000] {processor.py:186} INFO - Started process (PID=1843) to work on /home/airflow/.local/lib/python3.12/site-packages/airflow/example_dags/example_inlet_event_extra.py
[2024-12-21T21:29:14.242+0000] {processor.py:914} INFO - Processing file /home/airflow/.local/lib/python3.12/site-packages/airflow/example_dags/example_inlet_event_extra.py for tasks to queue
[2024-12-21T21:29:14.248+0000] {logging_mixin.py:190} INFO - [2024-12-21T21:29:14.247+0000] {dagbag.py:588} INFO - Filling up the DagBag from /home/airflow/.local/lib/python3.12/site-packages/airflow/example_dags/example_inlet_event_extra.py
[2024-12-21T21:29:15.586+0000] {processor.py:925} INFO - DAG(s) 'read_dataset_event', 'read_dataset_event_from_classic' retrieved from /home/airflow/.local/lib/python3.12/site-packages/airflow/example_dags/example_inlet_event_extra.py
[2024-12-21T21:29:15.636+0000] {logging_mixin.py:190} INFO - [2024-12-21T21:29:15.635+0000] {dag.py:3239} INFO - Sync 2 DAGs
[2024-12-21T21:29:15.707+0000] {logging_mixin.py:190} INFO - [2024-12-21T21:29:15.706+0000] {dag.py:4180} INFO - Setting next_dagrun for read_dataset_event to 2024-12-20 00:00:00+00:00, run_after=2024-12-21 00:00:00+00:00
[2024-12-21T21:29:15.726+0000] {logging_mixin.py:190} INFO - [2024-12-21T21:29:15.725+0000] {dag.py:4180} INFO - Setting next_dagrun for read_dataset_event_from_classic to 2024-12-20 00:00:00+00:00, run_after=2024-12-21 00:00:00+00:00
[2024-12-21T21:29:15.766+0000] {processor.py:208} INFO - Processing /home/airflow/.local/lib/python3.12/site-packages/airflow/example_dags/example_inlet_event_extra.py took 1.537 seconds
[2024-12-21T21:29:45.989+0000] {processor.py:186} INFO - Started process (PID=2138) to work on /home/airflow/.local/lib/python3.12/site-packages/airflow/example_dags/example_inlet_event_extra.py
[2024-12-21T21:29:45.991+0000] {processor.py:914} INFO - Processing file /home/airflow/.local/lib/python3.12/site-packages/airflow/example_dags/example_inlet_event_extra.py for tasks to queue
[2024-12-21T21:29:45.996+0000] {logging_mixin.py:190} INFO - [2024-12-21T21:29:45.995+0000] {dagbag.py:588} INFO - Filling up the DagBag from /home/airflow/.local/lib/python3.12/site-packages/airflow/example_dags/example_inlet_event_extra.py
[2024-12-21T21:29:47.188+0000] {processor.py:925} INFO - DAG(s) 'read_dataset_event', 'read_dataset_event_from_classic' retrieved from /home/airflow/.local/lib/python3.12/site-packages/airflow/example_dags/example_inlet_event_extra.py
[2024-12-21T21:29:47.234+0000] {logging_mixin.py:190} INFO - [2024-12-21T21:29:47.234+0000] {dag.py:3239} INFO - Sync 2 DAGs
[2024-12-21T21:29:47.291+0000] {logging_mixin.py:190} INFO - [2024-12-21T21:29:47.290+0000] {dag.py:4180} INFO - Setting next_dagrun for read_dataset_event to 2024-12-20 00:00:00+00:00, run_after=2024-12-21 00:00:00+00:00
[2024-12-21T21:29:47.302+0000] {logging_mixin.py:190} INFO - [2024-12-21T21:29:47.302+0000] {dag.py:4180} INFO - Setting next_dagrun for read_dataset_event_from_classic to 2024-12-20 00:00:00+00:00, run_after=2024-12-21 00:00:00+00:00
[2024-12-21T21:29:47.343+0000] {processor.py:208} INFO - Processing /home/airflow/.local/lib/python3.12/site-packages/airflow/example_dags/example_inlet_event_extra.py took 1.364 seconds
[2024-12-21T21:30:17.610+0000] {processor.py:186} INFO - Started process (PID=2434) to work on /home/airflow/.local/lib/python3.12/site-packages/airflow/example_dags/example_inlet_event_extra.py
[2024-12-21T21:30:17.613+0000] {processor.py:914} INFO - Processing file /home/airflow/.local/lib/python3.12/site-packages/airflow/example_dags/example_inlet_event_extra.py for tasks to queue
[2024-12-21T21:30:17.618+0000] {logging_mixin.py:190} INFO - [2024-12-21T21:30:17.618+0000] {dagbag.py:588} INFO - Filling up the DagBag from /home/airflow/.local/lib/python3.12/site-packages/airflow/example_dags/example_inlet_event_extra.py
[2024-12-21T21:30:18.817+0000] {processor.py:925} INFO - DAG(s) 'read_dataset_event', 'read_dataset_event_from_classic' retrieved from /home/airflow/.local/lib/python3.12/site-packages/airflow/example_dags/example_inlet_event_extra.py
[2024-12-21T21:30:18.866+0000] {logging_mixin.py:190} INFO - [2024-12-21T21:30:18.865+0000] {dag.py:3239} INFO - Sync 2 DAGs
[2024-12-21T21:30:18.931+0000] {logging_mixin.py:190} INFO - [2024-12-21T21:30:18.930+0000] {dag.py:4180} INFO - Setting next_dagrun for read_dataset_event to 2024-12-20 00:00:00+00:00, run_after=2024-12-21 00:00:00+00:00
[2024-12-21T21:30:18.942+0000] {logging_mixin.py:190} INFO - [2024-12-21T21:30:18.941+0000] {dag.py:4180} INFO - Setting next_dagrun for read_dataset_event_from_classic to 2024-12-20 00:00:00+00:00, run_after=2024-12-21 00:00:00+00:00
[2024-12-21T21:30:18.980+0000] {processor.py:208} INFO - Processing /home/airflow/.local/lib/python3.12/site-packages/airflow/example_dags/example_inlet_event_extra.py took 1.391 seconds
[2024-12-21T21:30:49.413+0000] {processor.py:186} INFO - Started process (PID=2730) to work on /home/airflow/.local/lib/python3.12/site-packages/airflow/example_dags/example_inlet_event_extra.py
[2024-12-21T21:30:49.415+0000] {processor.py:914} INFO - Processing file /home/airflow/.local/lib/python3.12/site-packages/airflow/example_dags/example_inlet_event_extra.py for tasks to queue
[2024-12-21T21:30:49.419+0000] {logging_mixin.py:190} INFO - [2024-12-21T21:30:49.418+0000] {dagbag.py:588} INFO - Filling up the DagBag from /home/airflow/.local/lib/python3.12/site-packages/airflow/example_dags/example_inlet_event_extra.py
[2024-12-21T21:30:50.718+0000] {processor.py:925} INFO - DAG(s) 'read_dataset_event_from_classic', 'read_dataset_event' retrieved from /home/airflow/.local/lib/python3.12/site-packages/airflow/example_dags/example_inlet_event_extra.py
[2024-12-21T21:30:50.765+0000] {logging_mixin.py:190} INFO - [2024-12-21T21:30:50.764+0000] {dag.py:3239} INFO - Sync 2 DAGs
[2024-12-21T21:30:50.832+0000] {logging_mixin.py:190} INFO - [2024-12-21T21:30:50.832+0000] {dag.py:4180} INFO - Setting next_dagrun for read_dataset_event to 2024-12-20 00:00:00+00:00, run_after=2024-12-21 00:00:00+00:00
[2024-12-21T21:30:50.846+0000] {logging_mixin.py:190} INFO - [2024-12-21T21:30:50.846+0000] {dag.py:4180} INFO - Setting next_dagrun for read_dataset_event_from_classic to 2024-12-20 00:00:00+00:00, run_after=2024-12-21 00:00:00+00:00
[2024-12-21T21:30:50.880+0000] {processor.py:208} INFO - Processing /home/airflow/.local/lib/python3.12/site-packages/airflow/example_dags/example_inlet_event_extra.py took 1.479 seconds
[2024-12-21T21:31:21.389+0000] {processor.py:186} INFO - Started process (PID=3031) to work on /home/airflow/.local/lib/python3.12/site-packages/airflow/example_dags/example_inlet_event_extra.py
[2024-12-21T21:31:21.391+0000] {processor.py:914} INFO - Processing file /home/airflow/.local/lib/python3.12/site-packages/airflow/example_dags/example_inlet_event_extra.py for tasks to queue
[2024-12-21T21:31:21.396+0000] {logging_mixin.py:190} INFO - [2024-12-21T21:31:21.395+0000] {dagbag.py:588} INFO - Filling up the DagBag from /home/airflow/.local/lib/python3.12/site-packages/airflow/example_dags/example_inlet_event_extra.py
[2024-12-21T21:31:22.597+0000] {processor.py:925} INFO - DAG(s) 'read_dataset_event', 'read_dataset_event_from_classic' retrieved from /home/airflow/.local/lib/python3.12/site-packages/airflow/example_dags/example_inlet_event_extra.py
[2024-12-21T21:31:22.648+0000] {logging_mixin.py:190} INFO - [2024-12-21T21:31:22.647+0000] {dag.py:3239} INFO - Sync 2 DAGs
[2024-12-21T21:31:22.702+0000] {logging_mixin.py:190} INFO - [2024-12-21T21:31:22.701+0000] {dag.py:4180} INFO - Setting next_dagrun for read_dataset_event to 2024-12-20 00:00:00+00:00, run_after=2024-12-21 00:00:00+00:00
[2024-12-21T21:31:22.712+0000] {logging_mixin.py:190} INFO - [2024-12-21T21:31:22.712+0000] {dag.py:4180} INFO - Setting next_dagrun for read_dataset_event_from_classic to 2024-12-20 00:00:00+00:00, run_after=2024-12-21 00:00:00+00:00
[2024-12-21T21:31:22.773+0000] {processor.py:208} INFO - Processing /home/airflow/.local/lib/python3.12/site-packages/airflow/example_dags/example_inlet_event_extra.py took 1.397 seconds
[2024-12-21T21:31:53.579+0000] {processor.py:186} INFO - Started process (PID=3333) to work on /home/airflow/.local/lib/python3.12/site-packages/airflow/example_dags/example_inlet_event_extra.py
[2024-12-21T21:31:53.582+0000] {processor.py:914} INFO - Processing file /home/airflow/.local/lib/python3.12/site-packages/airflow/example_dags/example_inlet_event_extra.py for tasks to queue
[2024-12-21T21:31:53.586+0000] {logging_mixin.py:190} INFO - [2024-12-21T21:31:53.586+0000] {dagbag.py:588} INFO - Filling up the DagBag from /home/airflow/.local/lib/python3.12/site-packages/airflow/example_dags/example_inlet_event_extra.py
[2024-12-21T21:31:54.832+0000] {processor.py:925} INFO - DAG(s) 'read_dataset_event_from_classic', 'read_dataset_event' retrieved from /home/airflow/.local/lib/python3.12/site-packages/airflow/example_dags/example_inlet_event_extra.py
[2024-12-21T21:31:54.880+0000] {logging_mixin.py:190} INFO - [2024-12-21T21:31:54.880+0000] {dag.py:3239} INFO - Sync 2 DAGs
[2024-12-21T21:31:54.931+0000] {logging_mixin.py:190} INFO - [2024-12-21T21:31:54.931+0000] {dag.py:4180} INFO - Setting next_dagrun for read_dataset_event to 2024-12-20 00:00:00+00:00, run_after=2024-12-21 00:00:00+00:00
[2024-12-21T21:31:54.945+0000] {logging_mixin.py:190} INFO - [2024-12-21T21:31:54.944+0000] {dag.py:4180} INFO - Setting next_dagrun for read_dataset_event_from_classic to 2024-12-20 00:00:00+00:00, run_after=2024-12-21 00:00:00+00:00
[2024-12-21T21:31:55.006+0000] {processor.py:208} INFO - Processing /home/airflow/.local/lib/python3.12/site-packages/airflow/example_dags/example_inlet_event_extra.py took 1.439 seconds
[2024-12-21T21:32:25.644+0000] {processor.py:186} INFO - Started process (PID=3629) to work on /home/airflow/.local/lib/python3.12/site-packages/airflow/example_dags/example_inlet_event_extra.py
[2024-12-21T21:32:25.646+0000] {processor.py:914} INFO - Processing file /home/airflow/.local/lib/python3.12/site-packages/airflow/example_dags/example_inlet_event_extra.py for tasks to queue
[2024-12-21T21:32:25.651+0000] {logging_mixin.py:190} INFO - [2024-12-21T21:32:25.650+0000] {dagbag.py:588} INFO - Filling up the DagBag from /home/airflow/.local/lib/python3.12/site-packages/airflow/example_dags/example_inlet_event_extra.py
[2024-12-21T21:32:26.954+0000] {processor.py:925} INFO - DAG(s) 'read_dataset_event', 'read_dataset_event_from_classic' retrieved from /home/airflow/.local/lib/python3.12/site-packages/airflow/example_dags/example_inlet_event_extra.py
[2024-12-21T21:32:27.001+0000] {logging_mixin.py:190} INFO - [2024-12-21T21:32:27.000+0000] {dag.py:3239} INFO - Sync 2 DAGs
[2024-12-21T21:32:27.051+0000] {logging_mixin.py:190} INFO - [2024-12-21T21:32:27.051+0000] {dag.py:4180} INFO - Setting next_dagrun for read_dataset_event to 2024-12-20 00:00:00+00:00, run_after=2024-12-21 00:00:00+00:00
[2024-12-21T21:32:27.062+0000] {logging_mixin.py:190} INFO - [2024-12-21T21:32:27.062+0000] {dag.py:4180} INFO - Setting next_dagrun for read_dataset_event_from_classic to 2024-12-20 00:00:00+00:00, run_after=2024-12-21 00:00:00+00:00
[2024-12-21T21:32:27.115+0000] {processor.py:208} INFO - Processing /home/airflow/.local/lib/python3.12/site-packages/airflow/example_dags/example_inlet_event_extra.py took 1.485 seconds
[2024-12-21T21:32:57.297+0000] {processor.py:186} INFO - Started process (PID=3930) to work on /home/airflow/.local/lib/python3.12/site-packages/airflow/example_dags/example_inlet_event_extra.py
[2024-12-21T21:32:57.298+0000] {processor.py:914} INFO - Processing file /home/airflow/.local/lib/python3.12/site-packages/airflow/example_dags/example_inlet_event_extra.py for tasks to queue
[2024-12-21T21:32:57.305+0000] {logging_mixin.py:190} INFO - [2024-12-21T21:32:57.304+0000] {dagbag.py:588} INFO - Filling up the DagBag from /home/airflow/.local/lib/python3.12/site-packages/airflow/example_dags/example_inlet_event_extra.py
[2024-12-21T21:32:58.656+0000] {processor.py:925} INFO - DAG(s) 'read_dataset_event', 'read_dataset_event_from_classic' retrieved from /home/airflow/.local/lib/python3.12/site-packages/airflow/example_dags/example_inlet_event_extra.py
[2024-12-21T21:32:58.703+0000] {logging_mixin.py:190} INFO - [2024-12-21T21:32:58.703+0000] {dag.py:3239} INFO - Sync 2 DAGs
[2024-12-21T21:32:58.753+0000] {logging_mixin.py:190} INFO - [2024-12-21T21:32:58.752+0000] {dag.py:4180} INFO - Setting next_dagrun for read_dataset_event to 2024-12-20 00:00:00+00:00, run_after=2024-12-21 00:00:00+00:00
[2024-12-21T21:32:58.766+0000] {logging_mixin.py:190} INFO - [2024-12-21T21:32:58.766+0000] {dag.py:4180} INFO - Setting next_dagrun for read_dataset_event_from_classic to 2024-12-20 00:00:00+00:00, run_after=2024-12-21 00:00:00+00:00
[2024-12-21T21:32:58.806+0000] {processor.py:208} INFO - Processing /home/airflow/.local/lib/python3.12/site-packages/airflow/example_dags/example_inlet_event_extra.py took 1.520 seconds
[2024-12-21T21:33:29.393+0000] {processor.py:186} INFO - Started process (PID=4236) to work on /home/airflow/.local/lib/python3.12/site-packages/airflow/example_dags/example_inlet_event_extra.py
[2024-12-21T21:33:29.394+0000] {processor.py:914} INFO - Processing file /home/airflow/.local/lib/python3.12/site-packages/airflow/example_dags/example_inlet_event_extra.py for tasks to queue
[2024-12-21T21:33:29.399+0000] {logging_mixin.py:190} INFO - [2024-12-21T21:33:29.398+0000] {dagbag.py:588} INFO - Filling up the DagBag from /home/airflow/.local/lib/python3.12/site-packages/airflow/example_dags/example_inlet_event_extra.py
[2024-12-21T21:33:30.696+0000] {processor.py:925} INFO - DAG(s) 'read_dataset_event', 'read_dataset_event_from_classic' retrieved from /home/airflow/.local/lib/python3.12/site-packages/airflow/example_dags/example_inlet_event_extra.py
[2024-12-21T21:33:30.751+0000] {logging_mixin.py:190} INFO - [2024-12-21T21:33:30.751+0000] {dag.py:3239} INFO - Sync 2 DAGs
[2024-12-21T21:33:30.809+0000] {logging_mixin.py:190} INFO - [2024-12-21T21:33:30.808+0000] {dag.py:4180} INFO - Setting next_dagrun for read_dataset_event to 2024-12-20 00:00:00+00:00, run_after=2024-12-21 00:00:00+00:00
[2024-12-21T21:33:30.823+0000] {logging_mixin.py:190} INFO - [2024-12-21T21:33:30.822+0000] {dag.py:4180} INFO - Setting next_dagrun for read_dataset_event_from_classic to 2024-12-20 00:00:00+00:00, run_after=2024-12-21 00:00:00+00:00
[2024-12-21T21:33:30.882+0000] {processor.py:208} INFO - Processing /home/airflow/.local/lib/python3.12/site-packages/airflow/example_dags/example_inlet_event_extra.py took 1.501 seconds
[2024-12-21T21:34:01.747+0000] {processor.py:186} INFO - Started process (PID=4543) to work on /home/airflow/.local/lib/python3.12/site-packages/airflow/example_dags/example_inlet_event_extra.py
[2024-12-21T21:34:01.750+0000] {processor.py:914} INFO - Processing file /home/airflow/.local/lib/python3.12/site-packages/airflow/example_dags/example_inlet_event_extra.py for tasks to queue
[2024-12-21T21:34:01.758+0000] {logging_mixin.py:190} INFO - [2024-12-21T21:34:01.756+0000] {dagbag.py:588} INFO - Filling up the DagBag from /home/airflow/.local/lib/python3.12/site-packages/airflow/example_dags/example_inlet_event_extra.py
[2024-12-21T21:34:03.026+0000] {processor.py:925} INFO - DAG(s) 'read_dataset_event', 'read_dataset_event_from_classic' retrieved from /home/airflow/.local/lib/python3.12/site-packages/airflow/example_dags/example_inlet_event_extra.py
[2024-12-21T21:34:03.071+0000] {logging_mixin.py:190} INFO - [2024-12-21T21:34:03.071+0000] {dag.py:3239} INFO - Sync 2 DAGs
[2024-12-21T21:34:03.127+0000] {logging_mixin.py:190} INFO - [2024-12-21T21:34:03.127+0000] {dag.py:4180} INFO - Setting next_dagrun for read_dataset_event to 2024-12-20 00:00:00+00:00, run_after=2024-12-21 00:00:00+00:00
[2024-12-21T21:34:03.137+0000] {logging_mixin.py:190} INFO - [2024-12-21T21:34:03.137+0000] {dag.py:4180} INFO - Setting next_dagrun for read_dataset_event_from_classic to 2024-12-20 00:00:00+00:00, run_after=2024-12-21 00:00:00+00:00
[2024-12-21T21:34:03.199+0000] {processor.py:208} INFO - Processing /home/airflow/.local/lib/python3.12/site-packages/airflow/example_dags/example_inlet_event_extra.py took 1.464 seconds
[2024-12-21T21:34:33.754+0000] {processor.py:186} INFO - Started process (PID=4847) to work on /home/airflow/.local/lib/python3.12/site-packages/airflow/example_dags/example_inlet_event_extra.py
[2024-12-21T21:34:33.756+0000] {processor.py:914} INFO - Processing file /home/airflow/.local/lib/python3.12/site-packages/airflow/example_dags/example_inlet_event_extra.py for tasks to queue
[2024-12-21T21:34:33.762+0000] {logging_mixin.py:190} INFO - [2024-12-21T21:34:33.762+0000] {dagbag.py:588} INFO - Filling up the DagBag from /home/airflow/.local/lib/python3.12/site-packages/airflow/example_dags/example_inlet_event_extra.py
[2024-12-21T21:34:34.917+0000] {processor.py:925} INFO - DAG(s) 'read_dataset_event_from_classic', 'read_dataset_event' retrieved from /home/airflow/.local/lib/python3.12/site-packages/airflow/example_dags/example_inlet_event_extra.py
[2024-12-21T21:34:34.959+0000] {logging_mixin.py:190} INFO - [2024-12-21T21:34:34.958+0000] {dag.py:3239} INFO - Sync 2 DAGs
[2024-12-21T21:34:35.011+0000] {logging_mixin.py:190} INFO - [2024-12-21T21:34:35.010+0000] {dag.py:4180} INFO - Setting next_dagrun for read_dataset_event to 2024-12-20 00:00:00+00:00, run_after=2024-12-21 00:00:00+00:00
[2024-12-21T21:34:35.024+0000] {logging_mixin.py:190} INFO - [2024-12-21T21:34:35.023+0000] {dag.py:4180} INFO - Setting next_dagrun for read_dataset_event_from_classic to 2024-12-20 00:00:00+00:00, run_after=2024-12-21 00:00:00+00:00
[2024-12-21T21:34:35.085+0000] {processor.py:208} INFO - Processing /home/airflow/.local/lib/python3.12/site-packages/airflow/example_dags/example_inlet_event_extra.py took 1.346 seconds
[2024-12-21T21:35:05.297+0000] {processor.py:186} INFO - Started process (PID=5151) to work on /home/airflow/.local/lib/python3.12/site-packages/airflow/example_dags/example_inlet_event_extra.py
[2024-12-21T21:35:05.299+0000] {processor.py:914} INFO - Processing file /home/airflow/.local/lib/python3.12/site-packages/airflow/example_dags/example_inlet_event_extra.py for tasks to queue
[2024-12-21T21:35:05.304+0000] {logging_mixin.py:190} INFO - [2024-12-21T21:35:05.303+0000] {dagbag.py:588} INFO - Filling up the DagBag from /home/airflow/.local/lib/python3.12/site-packages/airflow/example_dags/example_inlet_event_extra.py
[2024-12-21T21:35:06.519+0000] {processor.py:925} INFO - DAG(s) 'read_dataset_event_from_classic', 'read_dataset_event' retrieved from /home/airflow/.local/lib/python3.12/site-packages/airflow/example_dags/example_inlet_event_extra.py
[2024-12-21T21:35:06.564+0000] {logging_mixin.py:190} INFO - [2024-12-21T21:35:06.563+0000] {dag.py:3239} INFO - Sync 2 DAGs
[2024-12-21T21:35:06.617+0000] {logging_mixin.py:190} INFO - [2024-12-21T21:35:06.617+0000] {dag.py:4180} INFO - Setting next_dagrun for read_dataset_event to 2024-12-20 00:00:00+00:00, run_after=2024-12-21 00:00:00+00:00
[2024-12-21T21:35:06.631+0000] {logging_mixin.py:190} INFO - [2024-12-21T21:35:06.630+0000] {dag.py:4180} INFO - Setting next_dagrun for read_dataset_event_from_classic to 2024-12-20 00:00:00+00:00, run_after=2024-12-21 00:00:00+00:00
[2024-12-21T21:35:06.668+0000] {processor.py:208} INFO - Processing /home/airflow/.local/lib/python3.12/site-packages/airflow/example_dags/example_inlet_event_extra.py took 1.381 seconds
[2024-12-21T21:35:37.279+0000] {processor.py:186} INFO - Started process (PID=5452) to work on /home/airflow/.local/lib/python3.12/site-packages/airflow/example_dags/example_inlet_event_extra.py
[2024-12-21T21:35:37.281+0000] {processor.py:914} INFO - Processing file /home/airflow/.local/lib/python3.12/site-packages/airflow/example_dags/example_inlet_event_extra.py for tasks to queue
[2024-12-21T21:35:37.285+0000] {logging_mixin.py:190} INFO - [2024-12-21T21:35:37.285+0000] {dagbag.py:588} INFO - Filling up the DagBag from /home/airflow/.local/lib/python3.12/site-packages/airflow/example_dags/example_inlet_event_extra.py
[2024-12-21T21:35:38.510+0000] {processor.py:925} INFO - DAG(s) 'read_dataset_event_from_classic', 'read_dataset_event' retrieved from /home/airflow/.local/lib/python3.12/site-packages/airflow/example_dags/example_inlet_event_extra.py
[2024-12-21T21:35:38.555+0000] {logging_mixin.py:190} INFO - [2024-12-21T21:35:38.554+0000] {dag.py:3239} INFO - Sync 2 DAGs
[2024-12-21T21:35:38.617+0000] {logging_mixin.py:190} INFO - [2024-12-21T21:35:38.617+0000] {dag.py:4180} INFO - Setting next_dagrun for read_dataset_event to 2024-12-20 00:00:00+00:00, run_after=2024-12-21 00:00:00+00:00
[2024-12-21T21:35:38.634+0000] {logging_mixin.py:190} INFO - [2024-12-21T21:35:38.633+0000] {dag.py:4180} INFO - Setting next_dagrun for read_dataset_event_from_classic to 2024-12-20 00:00:00+00:00, run_after=2024-12-21 00:00:00+00:00
[2024-12-21T21:35:38.695+0000] {processor.py:208} INFO - Processing /home/airflow/.local/lib/python3.12/site-packages/airflow/example_dags/example_inlet_event_extra.py took 1.426 seconds
[2024-12-21T21:36:09.300+0000] {processor.py:186} INFO - Started process (PID=5758) to work on /home/airflow/.local/lib/python3.12/site-packages/airflow/example_dags/example_inlet_event_extra.py
[2024-12-21T21:36:09.301+0000] {processor.py:914} INFO - Processing file /home/airflow/.local/lib/python3.12/site-packages/airflow/example_dags/example_inlet_event_extra.py for tasks to queue
[2024-12-21T21:36:09.307+0000] {logging_mixin.py:190} INFO - [2024-12-21T21:36:09.306+0000] {dagbag.py:588} INFO - Filling up the DagBag from /home/airflow/.local/lib/python3.12/site-packages/airflow/example_dags/example_inlet_event_extra.py
[2024-12-21T21:36:10.646+0000] {processor.py:925} INFO - DAG(s) 'read_dataset_event', 'read_dataset_event_from_classic' retrieved from /home/airflow/.local/lib/python3.12/site-packages/airflow/example_dags/example_inlet_event_extra.py
[2024-12-21T21:36:10.691+0000] {logging_mixin.py:190} INFO - [2024-12-21T21:36:10.691+0000] {dag.py:3239} INFO - Sync 2 DAGs
[2024-12-21T21:36:10.752+0000] {logging_mixin.py:190} INFO - [2024-12-21T21:36:10.752+0000] {dag.py:4180} INFO - Setting next_dagrun for read_dataset_event to 2024-12-20 00:00:00+00:00, run_after=2024-12-21 00:00:00+00:00
[2024-12-21T21:36:10.765+0000] {logging_mixin.py:190} INFO - [2024-12-21T21:36:10.764+0000] {dag.py:4180} INFO - Setting next_dagrun for read_dataset_event_from_classic to 2024-12-20 00:00:00+00:00, run_after=2024-12-21 00:00:00+00:00
[2024-12-21T21:36:10.801+0000] {processor.py:208} INFO - Processing /home/airflow/.local/lib/python3.12/site-packages/airflow/example_dags/example_inlet_event_extra.py took 1.514 seconds
[2024-12-21T21:36:41.319+0000] {processor.py:186} INFO - Started process (PID=6084) to work on /home/airflow/.local/lib/python3.12/site-packages/airflow/example_dags/example_inlet_event_extra.py
[2024-12-21T21:36:41.320+0000] {processor.py:914} INFO - Processing file /home/airflow/.local/lib/python3.12/site-packages/airflow/example_dags/example_inlet_event_extra.py for tasks to queue
[2024-12-21T21:36:41.325+0000] {logging_mixin.py:190} INFO - [2024-12-21T21:36:41.324+0000] {dagbag.py:588} INFO - Filling up the DagBag from /home/airflow/.local/lib/python3.12/site-packages/airflow/example_dags/example_inlet_event_extra.py
[2024-12-21T21:36:42.535+0000] {processor.py:925} INFO - DAG(s) 'read_dataset_event_from_classic', 'read_dataset_event' retrieved from /home/airflow/.local/lib/python3.12/site-packages/airflow/example_dags/example_inlet_event_extra.py
[2024-12-21T21:36:42.586+0000] {logging_mixin.py:190} INFO - [2024-12-21T21:36:42.586+0000] {dag.py:3239} INFO - Sync 2 DAGs
[2024-12-21T21:36:42.650+0000] {logging_mixin.py:190} INFO - [2024-12-21T21:36:42.650+0000] {dag.py:4180} INFO - Setting next_dagrun for read_dataset_event to 2024-12-20 00:00:00+00:00, run_after=2024-12-21 00:00:00+00:00
[2024-12-21T21:36:42.664+0000] {logging_mixin.py:190} INFO - [2024-12-21T21:36:42.663+0000] {dag.py:4180} INFO - Setting next_dagrun for read_dataset_event_from_classic to 2024-12-20 00:00:00+00:00, run_after=2024-12-21 00:00:00+00:00
[2024-12-21T21:36:42.724+0000] {processor.py:208} INFO - Processing /home/airflow/.local/lib/python3.12/site-packages/airflow/example_dags/example_inlet_event_extra.py took 1.415 seconds
[2024-12-21T21:37:13.306+0000] {processor.py:186} INFO - Started process (PID=6385) to work on /home/airflow/.local/lib/python3.12/site-packages/airflow/example_dags/example_inlet_event_extra.py
[2024-12-21T21:37:13.308+0000] {processor.py:914} INFO - Processing file /home/airflow/.local/lib/python3.12/site-packages/airflow/example_dags/example_inlet_event_extra.py for tasks to queue
[2024-12-21T21:37:13.313+0000] {logging_mixin.py:190} INFO - [2024-12-21T21:37:13.312+0000] {dagbag.py:588} INFO - Filling up the DagBag from /home/airflow/.local/lib/python3.12/site-packages/airflow/example_dags/example_inlet_event_extra.py
[2024-12-21T21:37:14.527+0000] {processor.py:925} INFO - DAG(s) 'read_dataset_event_from_classic', 'read_dataset_event' retrieved from /home/airflow/.local/lib/python3.12/site-packages/airflow/example_dags/example_inlet_event_extra.py
[2024-12-21T21:37:14.571+0000] {logging_mixin.py:190} INFO - [2024-12-21T21:37:14.571+0000] {dag.py:3239} INFO - Sync 2 DAGs
[2024-12-21T21:37:14.622+0000] {logging_mixin.py:190} INFO - [2024-12-21T21:37:14.622+0000] {dag.py:4180} INFO - Setting next_dagrun for read_dataset_event to 2024-12-20 00:00:00+00:00, run_after=2024-12-21 00:00:00+00:00
[2024-12-21T21:37:14.636+0000] {logging_mixin.py:190} INFO - [2024-12-21T21:37:14.635+0000] {dag.py:4180} INFO - Setting next_dagrun for read_dataset_event_from_classic to 2024-12-20 00:00:00+00:00, run_after=2024-12-21 00:00:00+00:00
[2024-12-21T21:37:14.674+0000] {processor.py:208} INFO - Processing /home/airflow/.local/lib/python3.12/site-packages/airflow/example_dags/example_inlet_event_extra.py took 1.380 seconds
[2024-12-21T21:37:45.213+0000] {processor.py:186} INFO - Started process (PID=6701) to work on /home/airflow/.local/lib/python3.12/site-packages/airflow/example_dags/example_inlet_event_extra.py
[2024-12-21T21:37:45.215+0000] {processor.py:914} INFO - Processing file /home/airflow/.local/lib/python3.12/site-packages/airflow/example_dags/example_inlet_event_extra.py for tasks to queue
[2024-12-21T21:37:45.219+0000] {logging_mixin.py:190} INFO - [2024-12-21T21:37:45.219+0000] {dagbag.py:588} INFO - Filling up the DagBag from /home/airflow/.local/lib/python3.12/site-packages/airflow/example_dags/example_inlet_event_extra.py
[2024-12-21T21:37:46.499+0000] {processor.py:925} INFO - DAG(s) 'read_dataset_event_from_classic', 'read_dataset_event' retrieved from /home/airflow/.local/lib/python3.12/site-packages/airflow/example_dags/example_inlet_event_extra.py
[2024-12-21T21:37:46.547+0000] {logging_mixin.py:190} INFO - [2024-12-21T21:37:46.546+0000] {dag.py:3239} INFO - Sync 2 DAGs
[2024-12-21T21:37:46.617+0000] {logging_mixin.py:190} INFO - [2024-12-21T21:37:46.617+0000] {dag.py:4180} INFO - Setting next_dagrun for read_dataset_event to 2024-12-20 00:00:00+00:00, run_after=2024-12-21 00:00:00+00:00
[2024-12-21T21:37:46.632+0000] {logging_mixin.py:190} INFO - [2024-12-21T21:37:46.631+0000] {dag.py:4180} INFO - Setting next_dagrun for read_dataset_event_from_classic to 2024-12-20 00:00:00+00:00, run_after=2024-12-21 00:00:00+00:00
[2024-12-21T21:37:46.678+0000] {processor.py:208} INFO - Processing /home/airflow/.local/lib/python3.12/site-packages/airflow/example_dags/example_inlet_event_extra.py took 1.476 seconds
[2024-12-21T21:38:17.692+0000] {processor.py:186} INFO - Started process (PID=7022) to work on /home/airflow/.local/lib/python3.12/site-packages/airflow/example_dags/example_inlet_event_extra.py
[2024-12-21T21:38:17.694+0000] {processor.py:914} INFO - Processing file /home/airflow/.local/lib/python3.12/site-packages/airflow/example_dags/example_inlet_event_extra.py for tasks to queue
[2024-12-21T21:38:17.699+0000] {logging_mixin.py:190} INFO - [2024-12-21T21:38:17.698+0000] {dagbag.py:588} INFO - Filling up the DagBag from /home/airflow/.local/lib/python3.12/site-packages/airflow/example_dags/example_inlet_event_extra.py
[2024-12-21T21:38:19.291+0000] {processor.py:925} INFO - DAG(s) 'read_dataset_event_from_classic', 'read_dataset_event' retrieved from /home/airflow/.local/lib/python3.12/site-packages/airflow/example_dags/example_inlet_event_extra.py
[2024-12-21T21:38:19.345+0000] {logging_mixin.py:190} INFO - [2024-12-21T21:38:19.344+0000] {dag.py:3239} INFO - Sync 2 DAGs
[2024-12-21T21:38:19.409+0000] {logging_mixin.py:190} INFO - [2024-12-21T21:38:19.408+0000] {dag.py:4180} INFO - Setting next_dagrun for read_dataset_event to 2024-12-20 00:00:00+00:00, run_after=2024-12-21 00:00:00+00:00
[2024-12-21T21:38:19.422+0000] {logging_mixin.py:190} INFO - [2024-12-21T21:38:19.421+0000] {dag.py:4180} INFO - Setting next_dagrun for read_dataset_event_from_classic to 2024-12-20 00:00:00+00:00, run_after=2024-12-21 00:00:00+00:00
[2024-12-21T21:38:19.462+0000] {processor.py:208} INFO - Processing /home/airflow/.local/lib/python3.12/site-packages/airflow/example_dags/example_inlet_event_extra.py took 1.782 seconds
[2024-12-21T21:38:50.591+0000] {processor.py:186} INFO - Started process (PID=7348) to work on /home/airflow/.local/lib/python3.12/site-packages/airflow/example_dags/example_inlet_event_extra.py
[2024-12-21T21:38:50.594+0000] {processor.py:914} INFO - Processing file /home/airflow/.local/lib/python3.12/site-packages/airflow/example_dags/example_inlet_event_extra.py for tasks to queue
[2024-12-21T21:38:50.601+0000] {logging_mixin.py:190} INFO - [2024-12-21T21:38:50.600+0000] {dagbag.py:588} INFO - Filling up the DagBag from /home/airflow/.local/lib/python3.12/site-packages/airflow/example_dags/example_inlet_event_extra.py
[2024-12-21T21:38:52.414+0000] {processor.py:925} INFO - DAG(s) 'read_dataset_event', 'read_dataset_event_from_classic' retrieved from /home/airflow/.local/lib/python3.12/site-packages/airflow/example_dags/example_inlet_event_extra.py
[2024-12-21T21:38:52.471+0000] {logging_mixin.py:190} INFO - [2024-12-21T21:38:52.471+0000] {dag.py:3239} INFO - Sync 2 DAGs
[2024-12-21T21:38:52.547+0000] {logging_mixin.py:190} INFO - [2024-12-21T21:38:52.546+0000] {dag.py:4180} INFO - Setting next_dagrun for read_dataset_event to 2024-12-20 00:00:00+00:00, run_after=2024-12-21 00:00:00+00:00
[2024-12-21T21:38:52.561+0000] {logging_mixin.py:190} INFO - [2024-12-21T21:38:52.561+0000] {dag.py:4180} INFO - Setting next_dagrun for read_dataset_event_from_classic to 2024-12-20 00:00:00+00:00, run_after=2024-12-21 00:00:00+00:00
[2024-12-21T21:38:52.609+0000] {processor.py:208} INFO - Processing /home/airflow/.local/lib/python3.12/site-packages/airflow/example_dags/example_inlet_event_extra.py took 2.036 seconds
[2024-12-21T21:39:23.489+0000] {processor.py:186} INFO - Started process (PID=7669) to work on /home/airflow/.local/lib/python3.12/site-packages/airflow/example_dags/example_inlet_event_extra.py
[2024-12-21T21:39:23.491+0000] {processor.py:914} INFO - Processing file /home/airflow/.local/lib/python3.12/site-packages/airflow/example_dags/example_inlet_event_extra.py for tasks to queue
[2024-12-21T21:39:23.496+0000] {logging_mixin.py:190} INFO - [2024-12-21T21:39:23.495+0000] {dagbag.py:588} INFO - Filling up the DagBag from /home/airflow/.local/lib/python3.12/site-packages/airflow/example_dags/example_inlet_event_extra.py
[2024-12-21T21:39:24.943+0000] {processor.py:925} INFO - DAG(s) 'read_dataset_event', 'read_dataset_event_from_classic' retrieved from /home/airflow/.local/lib/python3.12/site-packages/airflow/example_dags/example_inlet_event_extra.py
[2024-12-21T21:39:24.991+0000] {logging_mixin.py:190} INFO - [2024-12-21T21:39:24.991+0000] {dag.py:3239} INFO - Sync 2 DAGs
[2024-12-21T21:39:25.068+0000] {logging_mixin.py:190} INFO - [2024-12-21T21:39:25.068+0000] {dag.py:4180} INFO - Setting next_dagrun for read_dataset_event to 2024-12-20 00:00:00+00:00, run_after=2024-12-21 00:00:00+00:00
[2024-12-21T21:39:25.083+0000] {logging_mixin.py:190} INFO - [2024-12-21T21:39:25.082+0000] {dag.py:4180} INFO - Setting next_dagrun for read_dataset_event_from_classic to 2024-12-20 00:00:00+00:00, run_after=2024-12-21 00:00:00+00:00
[2024-12-21T21:39:25.133+0000] {processor.py:208} INFO - Processing /home/airflow/.local/lib/python3.12/site-packages/airflow/example_dags/example_inlet_event_extra.py took 1.658 seconds
[2024-12-21T21:39:56.635+0000] {processor.py:186} INFO - Started process (PID=8010) to work on /home/airflow/.local/lib/python3.12/site-packages/airflow/example_dags/example_inlet_event_extra.py
[2024-12-21T21:39:56.639+0000] {processor.py:914} INFO - Processing file /home/airflow/.local/lib/python3.12/site-packages/airflow/example_dags/example_inlet_event_extra.py for tasks to queue
[2024-12-21T21:39:56.646+0000] {logging_mixin.py:190} INFO - [2024-12-21T21:39:56.645+0000] {dagbag.py:588} INFO - Filling up the DagBag from /home/airflow/.local/lib/python3.12/site-packages/airflow/example_dags/example_inlet_event_extra.py
[2024-12-21T21:39:58.410+0000] {processor.py:925} INFO - DAG(s) 'read_dataset_event_from_classic', 'read_dataset_event' retrieved from /home/airflow/.local/lib/python3.12/site-packages/airflow/example_dags/example_inlet_event_extra.py
[2024-12-21T21:39:58.467+0000] {logging_mixin.py:190} INFO - [2024-12-21T21:39:58.466+0000] {dag.py:3239} INFO - Sync 2 DAGs
[2024-12-21T21:39:58.539+0000] {logging_mixin.py:190} INFO - [2024-12-21T21:39:58.538+0000] {dag.py:4180} INFO - Setting next_dagrun for read_dataset_event to 2024-12-20 00:00:00+00:00, run_after=2024-12-21 00:00:00+00:00
[2024-12-21T21:39:58.555+0000] {logging_mixin.py:190} INFO - [2024-12-21T21:39:58.554+0000] {dag.py:4180} INFO - Setting next_dagrun for read_dataset_event_from_classic to 2024-12-20 00:00:00+00:00, run_after=2024-12-21 00:00:00+00:00
[2024-12-21T21:39:58.605+0000] {processor.py:208} INFO - Processing /home/airflow/.local/lib/python3.12/site-packages/airflow/example_dags/example_inlet_event_extra.py took 1.989 seconds
