[2024-12-21T21:11:09.961+0000] {processor.py:186} INFO - Started process (PID=237) to work on /home/airflow/.local/lib/python3.12/site-packages/airflow/example_dags/example_display_name.py
[2024-12-21T21:11:09.963+0000] {processor.py:914} INFO - Processing file /home/airflow/.local/lib/python3.12/site-packages/airflow/example_dags/example_display_name.py for tasks to queue
[2024-12-21T21:11:09.968+0000] {logging_mixin.py:190} INFO - [2024-12-21T21:11:09.967+0000] {dagbag.py:588} INFO - Filling up the DagBag from /home/airflow/.local/lib/python3.12/site-packages/airflow/example_dags/example_display_name.py
[2024-12-21T21:11:09.988+0000] {processor.py:925} INFO - DAG(s) 'example_display_name' retrieved from /home/airflow/.local/lib/python3.12/site-packages/airflow/example_dags/example_display_name.py
[2024-12-21T21:11:10.318+0000] {logging_mixin.py:190} INFO - [2024-12-21T21:11:10.317+0000] {override.py:1911} INFO - Created Permission View: can delete on DAG:example_display_name
[2024-12-21T21:11:10.341+0000] {logging_mixin.py:190} INFO - [2024-12-21T21:11:10.340+0000] {override.py:1911} INFO - Created Permission View: can edit on DAG:example_display_name
[2024-12-21T21:11:10.358+0000] {logging_mixin.py:190} INFO - [2024-12-21T21:11:10.357+0000] {override.py:1911} INFO - Created Permission View: can read on DAG:example_display_name
[2024-12-21T21:11:10.375+0000] {logging_mixin.py:190} INFO - [2024-12-21T21:11:10.374+0000] {override.py:1911} INFO - Created Permission View: can delete on DAG Run:example_display_name
[2024-12-21T21:11:10.392+0000] {logging_mixin.py:190} INFO - [2024-12-21T21:11:10.391+0000] {override.py:1911} INFO - Created Permission View: can read on DAG Run:example_display_name
[2024-12-21T21:11:10.408+0000] {logging_mixin.py:190} INFO - [2024-12-21T21:11:10.407+0000] {override.py:1911} INFO - Created Permission View: can create on DAG Run:example_display_name
[2024-12-21T21:11:10.423+0000] {logging_mixin.py:190} INFO - [2024-12-21T21:11:10.423+0000] {override.py:1911} INFO - Created Permission View: menu access on DAG Run:example_display_name
[2024-12-21T21:11:10.425+0000] {logging_mixin.py:190} INFO - [2024-12-21T21:11:10.424+0000] {dag.py:3239} INFO - Sync 1 DAGs
[2024-12-21T21:11:10.456+0000] {logging_mixin.py:190} INFO - [2024-12-21T21:11:10.456+0000] {dag.py:3262} INFO - Creating ORM DAG for example_display_name
[2024-12-21T21:11:10.458+0000] {logging_mixin.py:190} INFO - [2024-12-21T21:11:10.458+0000] {dag.py:4180} INFO - Setting next_dagrun for example_display_name to None, run_after=None
[2024-12-21T21:11:10.493+0000] {processor.py:208} INFO - Processing /home/airflow/.local/lib/python3.12/site-packages/airflow/example_dags/example_display_name.py took 0.543 seconds
[2024-12-21T21:11:41.266+0000] {processor.py:186} INFO - Started process (PID=535) to work on /home/airflow/.local/lib/python3.12/site-packages/airflow/example_dags/example_display_name.py
[2024-12-21T21:11:41.270+0000] {processor.py:914} INFO - Processing file /home/airflow/.local/lib/python3.12/site-packages/airflow/example_dags/example_display_name.py for tasks to queue
[2024-12-21T21:11:41.282+0000] {logging_mixin.py:190} INFO - [2024-12-21T21:11:41.281+0000] {dagbag.py:588} INFO - Filling up the DagBag from /home/airflow/.local/lib/python3.12/site-packages/airflow/example_dags/example_display_name.py
[2024-12-21T21:11:41.309+0000] {processor.py:925} INFO - DAG(s) 'example_display_name' retrieved from /home/airflow/.local/lib/python3.12/site-packages/airflow/example_dags/example_display_name.py
[2024-12-21T21:11:41.362+0000] {logging_mixin.py:190} INFO - [2024-12-21T21:11:41.361+0000] {dag.py:3239} INFO - Sync 1 DAGs
[2024-12-21T21:11:41.404+0000] {logging_mixin.py:190} INFO - [2024-12-21T21:11:41.404+0000] {dag.py:4180} INFO - Setting next_dagrun for example_display_name to None, run_after=None
[2024-12-21T21:11:41.451+0000] {processor.py:208} INFO - Processing /home/airflow/.local/lib/python3.12/site-packages/airflow/example_dags/example_display_name.py took 0.206 seconds
[2024-12-21T21:12:11.587+0000] {processor.py:186} INFO - Started process (PID=831) to work on /home/airflow/.local/lib/python3.12/site-packages/airflow/example_dags/example_display_name.py
[2024-12-21T21:12:11.589+0000] {processor.py:914} INFO - Processing file /home/airflow/.local/lib/python3.12/site-packages/airflow/example_dags/example_display_name.py for tasks to queue
[2024-12-21T21:12:11.594+0000] {logging_mixin.py:190} INFO - [2024-12-21T21:12:11.593+0000] {dagbag.py:588} INFO - Filling up the DagBag from /home/airflow/.local/lib/python3.12/site-packages/airflow/example_dags/example_display_name.py
[2024-12-21T21:12:11.609+0000] {processor.py:925} INFO - DAG(s) 'example_display_name' retrieved from /home/airflow/.local/lib/python3.12/site-packages/airflow/example_dags/example_display_name.py
[2024-12-21T21:12:11.648+0000] {logging_mixin.py:190} INFO - [2024-12-21T21:12:11.648+0000] {dag.py:3239} INFO - Sync 1 DAGs
[2024-12-21T21:12:11.679+0000] {logging_mixin.py:190} INFO - [2024-12-21T21:12:11.679+0000] {dag.py:4180} INFO - Setting next_dagrun for example_display_name to None, run_after=None
[2024-12-21T21:12:11.717+0000] {processor.py:208} INFO - Processing /home/airflow/.local/lib/python3.12/site-packages/airflow/example_dags/example_display_name.py took 0.143 seconds
[2024-12-21T21:12:42.241+0000] {processor.py:186} INFO - Started process (PID=1127) to work on /home/airflow/.local/lib/python3.12/site-packages/airflow/example_dags/example_display_name.py
[2024-12-21T21:12:42.243+0000] {processor.py:914} INFO - Processing file /home/airflow/.local/lib/python3.12/site-packages/airflow/example_dags/example_display_name.py for tasks to queue
[2024-12-21T21:12:42.247+0000] {logging_mixin.py:190} INFO - [2024-12-21T21:12:42.247+0000] {dagbag.py:588} INFO - Filling up the DagBag from /home/airflow/.local/lib/python3.12/site-packages/airflow/example_dags/example_display_name.py
[2024-12-21T21:12:42.263+0000] {processor.py:925} INFO - DAG(s) 'example_display_name' retrieved from /home/airflow/.local/lib/python3.12/site-packages/airflow/example_dags/example_display_name.py
[2024-12-21T21:12:42.310+0000] {logging_mixin.py:190} INFO - [2024-12-21T21:12:42.310+0000] {dag.py:3239} INFO - Sync 1 DAGs
[2024-12-21T21:12:42.346+0000] {logging_mixin.py:190} INFO - [2024-12-21T21:12:42.345+0000] {dag.py:4180} INFO - Setting next_dagrun for example_display_name to None, run_after=None
[2024-12-21T21:12:42.382+0000] {processor.py:208} INFO - Processing /home/airflow/.local/lib/python3.12/site-packages/airflow/example_dags/example_display_name.py took 0.153 seconds
[2024-12-21T21:13:12.584+0000] {processor.py:186} INFO - Started process (PID=1423) to work on /home/airflow/.local/lib/python3.12/site-packages/airflow/example_dags/example_display_name.py
[2024-12-21T21:13:12.586+0000] {processor.py:914} INFO - Processing file /home/airflow/.local/lib/python3.12/site-packages/airflow/example_dags/example_display_name.py for tasks to queue
[2024-12-21T21:13:12.590+0000] {logging_mixin.py:190} INFO - [2024-12-21T21:13:12.590+0000] {dagbag.py:588} INFO - Filling up the DagBag from /home/airflow/.local/lib/python3.12/site-packages/airflow/example_dags/example_display_name.py
[2024-12-21T21:13:12.607+0000] {processor.py:925} INFO - DAG(s) 'example_display_name' retrieved from /home/airflow/.local/lib/python3.12/site-packages/airflow/example_dags/example_display_name.py
[2024-12-21T21:13:12.647+0000] {logging_mixin.py:190} INFO - [2024-12-21T21:13:12.646+0000] {dag.py:3239} INFO - Sync 1 DAGs
[2024-12-21T21:13:12.680+0000] {logging_mixin.py:190} INFO - [2024-12-21T21:13:12.679+0000] {dag.py:4180} INFO - Setting next_dagrun for example_display_name to None, run_after=None
[2024-12-21T21:13:12.717+0000] {processor.py:208} INFO - Processing /home/airflow/.local/lib/python3.12/site-packages/airflow/example_dags/example_display_name.py took 0.143 seconds
[2024-12-21T21:13:43.469+0000] {processor.py:186} INFO - Started process (PID=1719) to work on /home/airflow/.local/lib/python3.12/site-packages/airflow/example_dags/example_display_name.py
[2024-12-21T21:13:43.471+0000] {processor.py:914} INFO - Processing file /home/airflow/.local/lib/python3.12/site-packages/airflow/example_dags/example_display_name.py for tasks to queue
[2024-12-21T21:13:43.475+0000] {logging_mixin.py:190} INFO - [2024-12-21T21:13:43.474+0000] {dagbag.py:588} INFO - Filling up the DagBag from /home/airflow/.local/lib/python3.12/site-packages/airflow/example_dags/example_display_name.py
[2024-12-21T21:13:43.490+0000] {processor.py:925} INFO - DAG(s) 'example_display_name' retrieved from /home/airflow/.local/lib/python3.12/site-packages/airflow/example_dags/example_display_name.py
[2024-12-21T21:13:43.533+0000] {logging_mixin.py:190} INFO - [2024-12-21T21:13:43.532+0000] {dag.py:3239} INFO - Sync 1 DAGs
[2024-12-21T21:13:43.563+0000] {logging_mixin.py:190} INFO - [2024-12-21T21:13:43.563+0000] {dag.py:4180} INFO - Setting next_dagrun for example_display_name to None, run_after=None
[2024-12-21T21:13:43.624+0000] {processor.py:208} INFO - Processing /home/airflow/.local/lib/python3.12/site-packages/airflow/example_dags/example_display_name.py took 0.166 seconds
[2024-12-21T21:14:14.489+0000] {processor.py:186} INFO - Started process (PID=2015) to work on /home/airflow/.local/lib/python3.12/site-packages/airflow/example_dags/example_display_name.py
[2024-12-21T21:14:14.491+0000] {processor.py:914} INFO - Processing file /home/airflow/.local/lib/python3.12/site-packages/airflow/example_dags/example_display_name.py for tasks to queue
[2024-12-21T21:14:14.497+0000] {logging_mixin.py:190} INFO - [2024-12-21T21:14:14.496+0000] {dagbag.py:588} INFO - Filling up the DagBag from /home/airflow/.local/lib/python3.12/site-packages/airflow/example_dags/example_display_name.py
[2024-12-21T21:14:14.516+0000] {processor.py:925} INFO - DAG(s) 'example_display_name' retrieved from /home/airflow/.local/lib/python3.12/site-packages/airflow/example_dags/example_display_name.py
[2024-12-21T21:14:14.562+0000] {logging_mixin.py:190} INFO - [2024-12-21T21:14:14.561+0000] {dag.py:3239} INFO - Sync 1 DAGs
[2024-12-21T21:14:14.595+0000] {logging_mixin.py:190} INFO - [2024-12-21T21:14:14.594+0000] {dag.py:4180} INFO - Setting next_dagrun for example_display_name to None, run_after=None
[2024-12-21T21:14:14.660+0000] {processor.py:208} INFO - Processing /home/airflow/.local/lib/python3.12/site-packages/airflow/example_dags/example_display_name.py took 0.185 seconds
[2024-12-21T21:14:44.798+0000] {processor.py:186} INFO - Started process (PID=2311) to work on /home/airflow/.local/lib/python3.12/site-packages/airflow/example_dags/example_display_name.py
[2024-12-21T21:14:44.800+0000] {processor.py:914} INFO - Processing file /home/airflow/.local/lib/python3.12/site-packages/airflow/example_dags/example_display_name.py for tasks to queue
[2024-12-21T21:14:44.804+0000] {logging_mixin.py:190} INFO - [2024-12-21T21:14:44.804+0000] {dagbag.py:588} INFO - Filling up the DagBag from /home/airflow/.local/lib/python3.12/site-packages/airflow/example_dags/example_display_name.py
[2024-12-21T21:14:44.822+0000] {processor.py:925} INFO - DAG(s) 'example_display_name' retrieved from /home/airflow/.local/lib/python3.12/site-packages/airflow/example_dags/example_display_name.py
[2024-12-21T21:14:44.865+0000] {logging_mixin.py:190} INFO - [2024-12-21T21:14:44.865+0000] {dag.py:3239} INFO - Sync 1 DAGs
[2024-12-21T21:14:44.903+0000] {logging_mixin.py:190} INFO - [2024-12-21T21:14:44.903+0000] {dag.py:4180} INFO - Setting next_dagrun for example_display_name to None, run_after=None
[2024-12-21T21:14:44.982+0000] {processor.py:208} INFO - Processing /home/airflow/.local/lib/python3.12/site-packages/airflow/example_dags/example_display_name.py took 0.200 seconds
[2024-12-21T21:15:15.095+0000] {processor.py:186} INFO - Started process (PID=2607) to work on /home/airflow/.local/lib/python3.12/site-packages/airflow/example_dags/example_display_name.py
[2024-12-21T21:15:15.097+0000] {processor.py:914} INFO - Processing file /home/airflow/.local/lib/python3.12/site-packages/airflow/example_dags/example_display_name.py for tasks to queue
[2024-12-21T21:15:15.101+0000] {logging_mixin.py:190} INFO - [2024-12-21T21:15:15.100+0000] {dagbag.py:588} INFO - Filling up the DagBag from /home/airflow/.local/lib/python3.12/site-packages/airflow/example_dags/example_display_name.py
[2024-12-21T21:15:15.116+0000] {processor.py:925} INFO - DAG(s) 'example_display_name' retrieved from /home/airflow/.local/lib/python3.12/site-packages/airflow/example_dags/example_display_name.py
[2024-12-21T21:15:15.155+0000] {logging_mixin.py:190} INFO - [2024-12-21T21:15:15.155+0000] {dag.py:3239} INFO - Sync 1 DAGs
[2024-12-21T21:15:15.187+0000] {logging_mixin.py:190} INFO - [2024-12-21T21:15:15.186+0000] {dag.py:4180} INFO - Setting next_dagrun for example_display_name to None, run_after=None
[2024-12-21T21:15:15.253+0000] {processor.py:208} INFO - Processing /home/airflow/.local/lib/python3.12/site-packages/airflow/example_dags/example_display_name.py took 0.169 seconds
[2024-12-21T21:15:45.861+0000] {processor.py:186} INFO - Started process (PID=2903) to work on /home/airflow/.local/lib/python3.12/site-packages/airflow/example_dags/example_display_name.py
[2024-12-21T21:15:45.863+0000] {processor.py:914} INFO - Processing file /home/airflow/.local/lib/python3.12/site-packages/airflow/example_dags/example_display_name.py for tasks to queue
[2024-12-21T21:15:45.869+0000] {logging_mixin.py:190} INFO - [2024-12-21T21:15:45.869+0000] {dagbag.py:588} INFO - Filling up the DagBag from /home/airflow/.local/lib/python3.12/site-packages/airflow/example_dags/example_display_name.py
[2024-12-21T21:15:45.890+0000] {processor.py:925} INFO - DAG(s) 'example_display_name' retrieved from /home/airflow/.local/lib/python3.12/site-packages/airflow/example_dags/example_display_name.py
[2024-12-21T21:15:45.945+0000] {logging_mixin.py:190} INFO - [2024-12-21T21:15:45.945+0000] {dag.py:3239} INFO - Sync 1 DAGs
[2024-12-21T21:15:45.999+0000] {logging_mixin.py:190} INFO - [2024-12-21T21:15:45.998+0000] {dag.py:4180} INFO - Setting next_dagrun for example_display_name to None, run_after=None
[2024-12-21T21:15:46.049+0000] {processor.py:208} INFO - Processing /home/airflow/.local/lib/python3.12/site-packages/airflow/example_dags/example_display_name.py took 0.203 seconds
[2024-12-21T21:16:17.593+0000] {processor.py:186} INFO - Started process (PID=3197) to work on /home/airflow/.local/lib/python3.12/site-packages/airflow/example_dags/example_display_name.py
[2024-12-21T21:16:17.595+0000] {processor.py:914} INFO - Processing file /home/airflow/.local/lib/python3.12/site-packages/airflow/example_dags/example_display_name.py for tasks to queue
[2024-12-21T21:16:17.600+0000] {logging_mixin.py:190} INFO - [2024-12-21T21:16:17.599+0000] {dagbag.py:588} INFO - Filling up the DagBag from /home/airflow/.local/lib/python3.12/site-packages/airflow/example_dags/example_display_name.py
[2024-12-21T21:16:17.618+0000] {processor.py:925} INFO - DAG(s) 'example_display_name' retrieved from /home/airflow/.local/lib/python3.12/site-packages/airflow/example_dags/example_display_name.py
[2024-12-21T21:16:17.664+0000] {logging_mixin.py:190} INFO - [2024-12-21T21:16:17.663+0000] {dag.py:3239} INFO - Sync 1 DAGs
[2024-12-21T21:16:17.703+0000] {logging_mixin.py:190} INFO - [2024-12-21T21:16:17.702+0000] {dag.py:4180} INFO - Setting next_dagrun for example_display_name to None, run_after=None
[2024-12-21T21:16:17.753+0000] {processor.py:208} INFO - Processing /home/airflow/.local/lib/python3.12/site-packages/airflow/example_dags/example_display_name.py took 0.174 seconds
[2024-12-21T21:16:48.589+0000] {processor.py:186} INFO - Started process (PID=3442) to work on /home/airflow/.local/lib/python3.12/site-packages/airflow/example_dags/example_display_name.py
[2024-12-21T21:16:48.592+0000] {processor.py:914} INFO - Processing file /home/airflow/.local/lib/python3.12/site-packages/airflow/example_dags/example_display_name.py for tasks to queue
[2024-12-21T21:16:48.600+0000] {logging_mixin.py:190} INFO - [2024-12-21T21:16:48.599+0000] {dagbag.py:588} INFO - Filling up the DagBag from /home/airflow/.local/lib/python3.12/site-packages/airflow/example_dags/example_display_name.py
[2024-12-21T21:16:48.628+0000] {processor.py:925} INFO - DAG(s) 'example_display_name' retrieved from /home/airflow/.local/lib/python3.12/site-packages/airflow/example_dags/example_display_name.py
[2024-12-21T21:16:48.686+0000] {logging_mixin.py:190} INFO - [2024-12-21T21:16:48.685+0000] {dag.py:3239} INFO - Sync 1 DAGs
[2024-12-21T21:16:48.729+0000] {logging_mixin.py:190} INFO - [2024-12-21T21:16:48.728+0000] {dag.py:4180} INFO - Setting next_dagrun for example_display_name to None, run_after=None
[2024-12-21T21:16:48.786+0000] {processor.py:208} INFO - Processing /home/airflow/.local/lib/python3.12/site-packages/airflow/example_dags/example_display_name.py took 0.216 seconds
[2024-12-21T21:17:19.775+0000] {processor.py:186} INFO - Started process (PID=3738) to work on /home/airflow/.local/lib/python3.12/site-packages/airflow/example_dags/example_display_name.py
[2024-12-21T21:17:19.777+0000] {processor.py:914} INFO - Processing file /home/airflow/.local/lib/python3.12/site-packages/airflow/example_dags/example_display_name.py for tasks to queue
[2024-12-21T21:17:19.781+0000] {logging_mixin.py:190} INFO - [2024-12-21T21:17:19.780+0000] {dagbag.py:588} INFO - Filling up the DagBag from /home/airflow/.local/lib/python3.12/site-packages/airflow/example_dags/example_display_name.py
[2024-12-21T21:17:19.796+0000] {processor.py:925} INFO - DAG(s) 'example_display_name' retrieved from /home/airflow/.local/lib/python3.12/site-packages/airflow/example_dags/example_display_name.py
[2024-12-21T21:17:19.837+0000] {logging_mixin.py:190} INFO - [2024-12-21T21:17:19.837+0000] {dag.py:3239} INFO - Sync 1 DAGs
[2024-12-21T21:17:19.874+0000] {logging_mixin.py:190} INFO - [2024-12-21T21:17:19.873+0000] {dag.py:4180} INFO - Setting next_dagrun for example_display_name to None, run_after=None
[2024-12-21T21:17:19.926+0000] {processor.py:208} INFO - Processing /home/airflow/.local/lib/python3.12/site-packages/airflow/example_dags/example_display_name.py took 0.161 seconds
[2024-12-21T21:17:52.661+0000] {processor.py:186} INFO - Started process (PID=4031) to work on /home/airflow/.local/lib/python3.12/site-packages/airflow/example_dags/example_display_name.py
[2024-12-21T21:17:52.663+0000] {processor.py:914} INFO - Processing file /home/airflow/.local/lib/python3.12/site-packages/airflow/example_dags/example_display_name.py for tasks to queue
[2024-12-21T21:17:52.669+0000] {logging_mixin.py:190} INFO - [2024-12-21T21:17:52.669+0000] {dagbag.py:588} INFO - Filling up the DagBag from /home/airflow/.local/lib/python3.12/site-packages/airflow/example_dags/example_display_name.py
[2024-12-21T21:17:52.688+0000] {processor.py:925} INFO - DAG(s) 'example_display_name' retrieved from /home/airflow/.local/lib/python3.12/site-packages/airflow/example_dags/example_display_name.py
[2024-12-21T21:17:52.745+0000] {logging_mixin.py:190} INFO - [2024-12-21T21:17:52.744+0000] {dag.py:3239} INFO - Sync 1 DAGs
[2024-12-21T21:17:52.787+0000] {logging_mixin.py:190} INFO - [2024-12-21T21:17:52.786+0000] {dag.py:4180} INFO - Setting next_dagrun for example_display_name to None, run_after=None
[2024-12-21T21:17:52.838+0000] {processor.py:208} INFO - Processing /home/airflow/.local/lib/python3.12/site-packages/airflow/example_dags/example_display_name.py took 0.192 seconds
[2024-12-21T21:18:23.742+0000] {processor.py:186} INFO - Started process (PID=4305) to work on /home/airflow/.local/lib/python3.12/site-packages/airflow/example_dags/example_display_name.py
[2024-12-21T21:18:23.744+0000] {processor.py:914} INFO - Processing file /home/airflow/.local/lib/python3.12/site-packages/airflow/example_dags/example_display_name.py for tasks to queue
[2024-12-21T21:18:23.750+0000] {logging_mixin.py:190} INFO - [2024-12-21T21:18:23.749+0000] {dagbag.py:588} INFO - Filling up the DagBag from /home/airflow/.local/lib/python3.12/site-packages/airflow/example_dags/example_display_name.py
[2024-12-21T21:18:23.768+0000] {processor.py:925} INFO - DAG(s) 'example_display_name' retrieved from /home/airflow/.local/lib/python3.12/site-packages/airflow/example_dags/example_display_name.py
[2024-12-21T21:18:23.815+0000] {logging_mixin.py:190} INFO - [2024-12-21T21:18:23.814+0000] {dag.py:3239} INFO - Sync 1 DAGs
[2024-12-21T21:18:23.853+0000] {logging_mixin.py:190} INFO - [2024-12-21T21:18:23.853+0000] {dag.py:4180} INFO - Setting next_dagrun for example_display_name to None, run_after=None
[2024-12-21T21:18:23.904+0000] {processor.py:208} INFO - Processing /home/airflow/.local/lib/python3.12/site-packages/airflow/example_dags/example_display_name.py took 0.177 seconds
[2024-12-21T21:18:55.191+0000] {processor.py:186} INFO - Started process (PID=4591) to work on /home/airflow/.local/lib/python3.12/site-packages/airflow/example_dags/example_display_name.py
[2024-12-21T21:18:55.194+0000] {processor.py:914} INFO - Processing file /home/airflow/.local/lib/python3.12/site-packages/airflow/example_dags/example_display_name.py for tasks to queue
[2024-12-21T21:18:55.199+0000] {logging_mixin.py:190} INFO - [2024-12-21T21:18:55.198+0000] {dagbag.py:588} INFO - Filling up the DagBag from /home/airflow/.local/lib/python3.12/site-packages/airflow/example_dags/example_display_name.py
[2024-12-21T21:18:55.219+0000] {processor.py:925} INFO - DAG(s) 'example_display_name' retrieved from /home/airflow/.local/lib/python3.12/site-packages/airflow/example_dags/example_display_name.py
[2024-12-21T21:18:55.262+0000] {logging_mixin.py:190} INFO - [2024-12-21T21:18:55.261+0000] {dag.py:3239} INFO - Sync 1 DAGs
[2024-12-21T21:18:55.297+0000] {logging_mixin.py:190} INFO - [2024-12-21T21:18:55.296+0000] {dag.py:4180} INFO - Setting next_dagrun for example_display_name to None, run_after=None
[2024-12-21T21:18:55.363+0000] {processor.py:208} INFO - Processing /home/airflow/.local/lib/python3.12/site-packages/airflow/example_dags/example_display_name.py took 0.184 seconds
[2024-12-21T21:19:26.420+0000] {processor.py:186} INFO - Started process (PID=4890) to work on /home/airflow/.local/lib/python3.12/site-packages/airflow/example_dags/example_display_name.py
[2024-12-21T21:19:26.423+0000] {processor.py:914} INFO - Processing file /home/airflow/.local/lib/python3.12/site-packages/airflow/example_dags/example_display_name.py for tasks to queue
[2024-12-21T21:19:26.429+0000] {logging_mixin.py:190} INFO - [2024-12-21T21:19:26.428+0000] {dagbag.py:588} INFO - Filling up the DagBag from /home/airflow/.local/lib/python3.12/site-packages/airflow/example_dags/example_display_name.py
[2024-12-21T21:19:26.444+0000] {processor.py:925} INFO - DAG(s) 'example_display_name' retrieved from /home/airflow/.local/lib/python3.12/site-packages/airflow/example_dags/example_display_name.py
[2024-12-21T21:19:26.483+0000] {logging_mixin.py:190} INFO - [2024-12-21T21:19:26.482+0000] {dag.py:3239} INFO - Sync 1 DAGs
[2024-12-21T21:19:26.542+0000] {logging_mixin.py:190} INFO - [2024-12-21T21:19:26.539+0000] {dag.py:4180} INFO - Setting next_dagrun for example_display_name to None, run_after=None
[2024-12-21T21:19:26.590+0000] {processor.py:208} INFO - Processing /home/airflow/.local/lib/python3.12/site-packages/airflow/example_dags/example_display_name.py took 0.190 seconds
[2024-12-21T21:19:56.803+0000] {processor.py:186} INFO - Started process (PID=5178) to work on /home/airflow/.local/lib/python3.12/site-packages/airflow/example_dags/example_display_name.py
[2024-12-21T21:19:56.805+0000] {processor.py:914} INFO - Processing file /home/airflow/.local/lib/python3.12/site-packages/airflow/example_dags/example_display_name.py for tasks to queue
[2024-12-21T21:19:56.809+0000] {logging_mixin.py:190} INFO - [2024-12-21T21:19:56.808+0000] {dagbag.py:588} INFO - Filling up the DagBag from /home/airflow/.local/lib/python3.12/site-packages/airflow/example_dags/example_display_name.py
[2024-12-21T21:19:56.824+0000] {processor.py:925} INFO - DAG(s) 'example_display_name' retrieved from /home/airflow/.local/lib/python3.12/site-packages/airflow/example_dags/example_display_name.py
[2024-12-21T21:19:56.862+0000] {logging_mixin.py:190} INFO - [2024-12-21T21:19:56.861+0000] {dag.py:3239} INFO - Sync 1 DAGs
[2024-12-21T21:19:56.894+0000] {logging_mixin.py:190} INFO - [2024-12-21T21:19:56.893+0000] {dag.py:4180} INFO - Setting next_dagrun for example_display_name to None, run_after=None
[2024-12-21T21:19:56.935+0000] {processor.py:208} INFO - Processing /home/airflow/.local/lib/python3.12/site-packages/airflow/example_dags/example_display_name.py took 0.143 seconds
[2024-12-21T21:20:27.273+0000] {processor.py:186} INFO - Started process (PID=5464) to work on /home/airflow/.local/lib/python3.12/site-packages/airflow/example_dags/example_display_name.py
[2024-12-21T21:20:27.275+0000] {processor.py:914} INFO - Processing file /home/airflow/.local/lib/python3.12/site-packages/airflow/example_dags/example_display_name.py for tasks to queue
[2024-12-21T21:20:27.281+0000] {logging_mixin.py:190} INFO - [2024-12-21T21:20:27.280+0000] {dagbag.py:588} INFO - Filling up the DagBag from /home/airflow/.local/lib/python3.12/site-packages/airflow/example_dags/example_display_name.py
[2024-12-21T21:20:27.300+0000] {processor.py:925} INFO - DAG(s) 'example_display_name' retrieved from /home/airflow/.local/lib/python3.12/site-packages/airflow/example_dags/example_display_name.py
[2024-12-21T21:20:27.346+0000] {logging_mixin.py:190} INFO - [2024-12-21T21:20:27.345+0000] {dag.py:3239} INFO - Sync 1 DAGs
[2024-12-21T21:20:27.379+0000] {logging_mixin.py:190} INFO - [2024-12-21T21:20:27.378+0000] {dag.py:4180} INFO - Setting next_dagrun for example_display_name to None, run_after=None
[2024-12-21T21:20:27.424+0000] {processor.py:208} INFO - Processing /home/airflow/.local/lib/python3.12/site-packages/airflow/example_dags/example_display_name.py took 0.167 seconds
[2024-12-21T21:20:58.370+0000] {processor.py:186} INFO - Started process (PID=5763) to work on /home/airflow/.local/lib/python3.12/site-packages/airflow/example_dags/example_display_name.py
[2024-12-21T21:20:58.372+0000] {processor.py:914} INFO - Processing file /home/airflow/.local/lib/python3.12/site-packages/airflow/example_dags/example_display_name.py for tasks to queue
[2024-12-21T21:20:58.377+0000] {logging_mixin.py:190} INFO - [2024-12-21T21:20:58.376+0000] {dagbag.py:588} INFO - Filling up the DagBag from /home/airflow/.local/lib/python3.12/site-packages/airflow/example_dags/example_display_name.py
[2024-12-21T21:20:58.395+0000] {processor.py:925} INFO - DAG(s) 'example_display_name' retrieved from /home/airflow/.local/lib/python3.12/site-packages/airflow/example_dags/example_display_name.py
[2024-12-21T21:20:58.437+0000] {logging_mixin.py:190} INFO - [2024-12-21T21:20:58.436+0000] {dag.py:3239} INFO - Sync 1 DAGs
[2024-12-21T21:20:58.470+0000] {logging_mixin.py:190} INFO - [2024-12-21T21:20:58.470+0000] {dag.py:4180} INFO - Setting next_dagrun for example_display_name to None, run_after=None
[2024-12-21T21:20:58.518+0000] {processor.py:208} INFO - Processing /home/airflow/.local/lib/python3.12/site-packages/airflow/example_dags/example_display_name.py took 0.158 seconds
[2024-12-21T21:21:30.503+0000] {processor.py:186} INFO - Started process (PID=6057) to work on /home/airflow/.local/lib/python3.12/site-packages/airflow/example_dags/example_display_name.py
[2024-12-21T21:21:30.505+0000] {processor.py:914} INFO - Processing file /home/airflow/.local/lib/python3.12/site-packages/airflow/example_dags/example_display_name.py for tasks to queue
[2024-12-21T21:21:30.510+0000] {logging_mixin.py:190} INFO - [2024-12-21T21:21:30.510+0000] {dagbag.py:588} INFO - Filling up the DagBag from /home/airflow/.local/lib/python3.12/site-packages/airflow/example_dags/example_display_name.py
[2024-12-21T21:21:30.538+0000] {processor.py:925} INFO - DAG(s) 'example_display_name' retrieved from /home/airflow/.local/lib/python3.12/site-packages/airflow/example_dags/example_display_name.py
[2024-12-21T21:21:30.618+0000] {logging_mixin.py:190} INFO - [2024-12-21T21:21:30.616+0000] {dag.py:3239} INFO - Sync 1 DAGs
[2024-12-21T21:21:30.661+0000] {logging_mixin.py:190} INFO - [2024-12-21T21:21:30.660+0000] {dag.py:4180} INFO - Setting next_dagrun for example_display_name to None, run_after=None
[2024-12-21T21:21:30.701+0000] {processor.py:208} INFO - Processing /home/airflow/.local/lib/python3.12/site-packages/airflow/example_dags/example_display_name.py took 0.211 seconds
[2024-12-21T21:22:01.621+0000] {processor.py:186} INFO - Started process (PID=6348) to work on /home/airflow/.local/lib/python3.12/site-packages/airflow/example_dags/example_display_name.py
[2024-12-21T21:22:01.623+0000] {processor.py:914} INFO - Processing file /home/airflow/.local/lib/python3.12/site-packages/airflow/example_dags/example_display_name.py for tasks to queue
[2024-12-21T21:22:01.627+0000] {logging_mixin.py:190} INFO - [2024-12-21T21:22:01.626+0000] {dagbag.py:588} INFO - Filling up the DagBag from /home/airflow/.local/lib/python3.12/site-packages/airflow/example_dags/example_display_name.py
[2024-12-21T21:22:01.644+0000] {processor.py:925} INFO - DAG(s) 'example_display_name' retrieved from /home/airflow/.local/lib/python3.12/site-packages/airflow/example_dags/example_display_name.py
[2024-12-21T21:22:01.690+0000] {logging_mixin.py:190} INFO - [2024-12-21T21:22:01.689+0000] {dag.py:3239} INFO - Sync 1 DAGs
[2024-12-21T21:22:01.722+0000] {logging_mixin.py:190} INFO - [2024-12-21T21:22:01.721+0000] {dag.py:4180} INFO - Setting next_dagrun for example_display_name to None, run_after=None
[2024-12-21T21:22:01.769+0000] {processor.py:208} INFO - Processing /home/airflow/.local/lib/python3.12/site-packages/airflow/example_dags/example_display_name.py took 0.161 seconds
[2024-12-21T21:22:32.004+0000] {processor.py:186} INFO - Started process (PID=6636) to work on /home/airflow/.local/lib/python3.12/site-packages/airflow/example_dags/example_display_name.py
[2024-12-21T21:22:32.006+0000] {processor.py:914} INFO - Processing file /home/airflow/.local/lib/python3.12/site-packages/airflow/example_dags/example_display_name.py for tasks to queue
[2024-12-21T21:22:32.013+0000] {logging_mixin.py:190} INFO - [2024-12-21T21:22:32.012+0000] {dagbag.py:588} INFO - Filling up the DagBag from /home/airflow/.local/lib/python3.12/site-packages/airflow/example_dags/example_display_name.py
[2024-12-21T21:22:32.030+0000] {processor.py:925} INFO - DAG(s) 'example_display_name' retrieved from /home/airflow/.local/lib/python3.12/site-packages/airflow/example_dags/example_display_name.py
[2024-12-21T21:22:32.074+0000] {logging_mixin.py:190} INFO - [2024-12-21T21:22:32.074+0000] {dag.py:3239} INFO - Sync 1 DAGs
[2024-12-21T21:22:32.108+0000] {logging_mixin.py:190} INFO - [2024-12-21T21:22:32.108+0000] {dag.py:4180} INFO - Setting next_dagrun for example_display_name to None, run_after=None
[2024-12-21T21:22:32.171+0000] {processor.py:208} INFO - Processing /home/airflow/.local/lib/python3.12/site-packages/airflow/example_dags/example_display_name.py took 0.180 seconds
[2024-12-21T21:23:02.637+0000] {processor.py:186} INFO - Started process (PID=6931) to work on /home/airflow/.local/lib/python3.12/site-packages/airflow/example_dags/example_display_name.py
[2024-12-21T21:23:02.640+0000] {processor.py:914} INFO - Processing file /home/airflow/.local/lib/python3.12/site-packages/airflow/example_dags/example_display_name.py for tasks to queue
[2024-12-21T21:23:02.644+0000] {logging_mixin.py:190} INFO - [2024-12-21T21:23:02.643+0000] {dagbag.py:588} INFO - Filling up the DagBag from /home/airflow/.local/lib/python3.12/site-packages/airflow/example_dags/example_display_name.py
[2024-12-21T21:23:02.658+0000] {processor.py:925} INFO - DAG(s) 'example_display_name' retrieved from /home/airflow/.local/lib/python3.12/site-packages/airflow/example_dags/example_display_name.py
[2024-12-21T21:23:02.697+0000] {logging_mixin.py:190} INFO - [2024-12-21T21:23:02.696+0000] {dag.py:3239} INFO - Sync 1 DAGs
[2024-12-21T21:23:02.726+0000] {logging_mixin.py:190} INFO - [2024-12-21T21:23:02.726+0000] {dag.py:4180} INFO - Setting next_dagrun for example_display_name to None, run_after=None
[2024-12-21T21:23:02.768+0000] {processor.py:208} INFO - Processing /home/airflow/.local/lib/python3.12/site-packages/airflow/example_dags/example_display_name.py took 0.141 seconds
[2024-12-21T21:23:33.234+0000] {processor.py:186} INFO - Started process (PID=7214) to work on /home/airflow/.local/lib/python3.12/site-packages/airflow/example_dags/example_display_name.py
[2024-12-21T21:23:33.236+0000] {processor.py:914} INFO - Processing file /home/airflow/.local/lib/python3.12/site-packages/airflow/example_dags/example_display_name.py for tasks to queue
[2024-12-21T21:23:33.241+0000] {logging_mixin.py:190} INFO - [2024-12-21T21:23:33.240+0000] {dagbag.py:588} INFO - Filling up the DagBag from /home/airflow/.local/lib/python3.12/site-packages/airflow/example_dags/example_display_name.py
[2024-12-21T21:23:33.257+0000] {processor.py:925} INFO - DAG(s) 'example_display_name' retrieved from /home/airflow/.local/lib/python3.12/site-packages/airflow/example_dags/example_display_name.py
[2024-12-21T21:23:33.297+0000] {logging_mixin.py:190} INFO - [2024-12-21T21:23:33.296+0000] {dag.py:3239} INFO - Sync 1 DAGs
[2024-12-21T21:23:33.332+0000] {logging_mixin.py:190} INFO - [2024-12-21T21:23:33.331+0000] {dag.py:4180} INFO - Setting next_dagrun for example_display_name to None, run_after=None
[2024-12-21T21:23:33.374+0000] {processor.py:208} INFO - Processing /home/airflow/.local/lib/python3.12/site-packages/airflow/example_dags/example_display_name.py took 0.152 seconds
[2024-12-21T21:24:03.650+0000] {processor.py:186} INFO - Started process (PID=7510) to work on /home/airflow/.local/lib/python3.12/site-packages/airflow/example_dags/example_display_name.py
[2024-12-21T21:24:03.651+0000] {processor.py:914} INFO - Processing file /home/airflow/.local/lib/python3.12/site-packages/airflow/example_dags/example_display_name.py for tasks to queue
[2024-12-21T21:24:03.656+0000] {logging_mixin.py:190} INFO - [2024-12-21T21:24:03.656+0000] {dagbag.py:588} INFO - Filling up the DagBag from /home/airflow/.local/lib/python3.12/site-packages/airflow/example_dags/example_display_name.py
[2024-12-21T21:24:03.673+0000] {processor.py:925} INFO - DAG(s) 'example_display_name' retrieved from /home/airflow/.local/lib/python3.12/site-packages/airflow/example_dags/example_display_name.py
[2024-12-21T21:24:03.746+0000] {logging_mixin.py:190} INFO - [2024-12-21T21:24:03.745+0000] {dag.py:3239} INFO - Sync 1 DAGs
[2024-12-21T21:24:03.775+0000] {logging_mixin.py:190} INFO - [2024-12-21T21:24:03.775+0000] {dag.py:4180} INFO - Setting next_dagrun for example_display_name to None, run_after=None
[2024-12-21T21:24:03.815+0000] {processor.py:208} INFO - Processing /home/airflow/.local/lib/python3.12/site-packages/airflow/example_dags/example_display_name.py took 0.179 seconds
[2024-12-21T21:26:27.927+0000] {processor.py:186} INFO - Started process (PID=230) to work on /home/airflow/.local/lib/python3.12/site-packages/airflow/example_dags/example_display_name.py
[2024-12-21T21:26:27.929+0000] {processor.py:914} INFO - Processing file /home/airflow/.local/lib/python3.12/site-packages/airflow/example_dags/example_display_name.py for tasks to queue
[2024-12-21T21:26:27.933+0000] {logging_mixin.py:190} INFO - [2024-12-21T21:26:27.933+0000] {dagbag.py:588} INFO - Filling up the DagBag from /home/airflow/.local/lib/python3.12/site-packages/airflow/example_dags/example_display_name.py
[2024-12-21T21:26:27.948+0000] {processor.py:925} INFO - DAG(s) 'example_display_name' retrieved from /home/airflow/.local/lib/python3.12/site-packages/airflow/example_dags/example_display_name.py
[2024-12-21T21:26:27.996+0000] {logging_mixin.py:190} INFO - [2024-12-21T21:26:27.996+0000] {dag.py:3239} INFO - Sync 1 DAGs
[2024-12-21T21:26:28.031+0000] {logging_mixin.py:190} INFO - [2024-12-21T21:26:28.031+0000] {dag.py:4180} INFO - Setting next_dagrun for example_display_name to None, run_after=None
[2024-12-21T21:26:28.071+0000] {processor.py:208} INFO - Processing /home/airflow/.local/lib/python3.12/site-packages/airflow/example_dags/example_display_name.py took 0.155 seconds
[2024-12-21T21:26:58.396+0000] {processor.py:186} INFO - Started process (PID=526) to work on /home/airflow/.local/lib/python3.12/site-packages/airflow/example_dags/example_display_name.py
[2024-12-21T21:26:58.399+0000] {processor.py:914} INFO - Processing file /home/airflow/.local/lib/python3.12/site-packages/airflow/example_dags/example_display_name.py for tasks to queue
[2024-12-21T21:26:58.403+0000] {logging_mixin.py:190} INFO - [2024-12-21T21:26:58.403+0000] {dagbag.py:588} INFO - Filling up the DagBag from /home/airflow/.local/lib/python3.12/site-packages/airflow/example_dags/example_display_name.py
[2024-12-21T21:26:58.417+0000] {processor.py:925} INFO - DAG(s) 'example_display_name' retrieved from /home/airflow/.local/lib/python3.12/site-packages/airflow/example_dags/example_display_name.py
[2024-12-21T21:26:58.456+0000] {logging_mixin.py:190} INFO - [2024-12-21T21:26:58.456+0000] {dag.py:3239} INFO - Sync 1 DAGs
[2024-12-21T21:26:58.489+0000] {logging_mixin.py:190} INFO - [2024-12-21T21:26:58.488+0000] {dag.py:4180} INFO - Setting next_dagrun for example_display_name to None, run_after=None
[2024-12-21T21:26:58.532+0000] {processor.py:208} INFO - Processing /home/airflow/.local/lib/python3.12/site-packages/airflow/example_dags/example_display_name.py took 0.148 seconds
[2024-12-21T21:27:29.150+0000] {processor.py:186} INFO - Started process (PID=828) to work on /home/airflow/.local/lib/python3.12/site-packages/airflow/example_dags/example_display_name.py
[2024-12-21T21:27:29.152+0000] {processor.py:914} INFO - Processing file /home/airflow/.local/lib/python3.12/site-packages/airflow/example_dags/example_display_name.py for tasks to queue
[2024-12-21T21:27:29.157+0000] {logging_mixin.py:190} INFO - [2024-12-21T21:27:29.157+0000] {dagbag.py:588} INFO - Filling up the DagBag from /home/airflow/.local/lib/python3.12/site-packages/airflow/example_dags/example_display_name.py
[2024-12-21T21:27:29.176+0000] {processor.py:925} INFO - DAG(s) 'example_display_name' retrieved from /home/airflow/.local/lib/python3.12/site-packages/airflow/example_dags/example_display_name.py
[2024-12-21T21:27:29.234+0000] {logging_mixin.py:190} INFO - [2024-12-21T21:27:29.233+0000] {dag.py:3239} INFO - Sync 1 DAGs
[2024-12-21T21:27:29.289+0000] {logging_mixin.py:190} INFO - [2024-12-21T21:27:29.288+0000] {dag.py:4180} INFO - Setting next_dagrun for example_display_name to None, run_after=None
[2024-12-21T21:27:29.347+0000] {processor.py:208} INFO - Processing /home/airflow/.local/lib/python3.12/site-packages/airflow/example_dags/example_display_name.py took 0.210 seconds
[2024-12-21T21:27:59.684+0000] {processor.py:186} INFO - Started process (PID=1126) to work on /home/airflow/.local/lib/python3.12/site-packages/airflow/example_dags/example_display_name.py
[2024-12-21T21:27:59.686+0000] {processor.py:914} INFO - Processing file /home/airflow/.local/lib/python3.12/site-packages/airflow/example_dags/example_display_name.py for tasks to queue
[2024-12-21T21:27:59.690+0000] {logging_mixin.py:190} INFO - [2024-12-21T21:27:59.689+0000] {dagbag.py:588} INFO - Filling up the DagBag from /home/airflow/.local/lib/python3.12/site-packages/airflow/example_dags/example_display_name.py
[2024-12-21T21:27:59.704+0000] {processor.py:925} INFO - DAG(s) 'example_display_name' retrieved from /home/airflow/.local/lib/python3.12/site-packages/airflow/example_dags/example_display_name.py
[2024-12-21T21:27:59.741+0000] {logging_mixin.py:190} INFO - [2024-12-21T21:27:59.741+0000] {dag.py:3239} INFO - Sync 1 DAGs
[2024-12-21T21:27:59.773+0000] {logging_mixin.py:190} INFO - [2024-12-21T21:27:59.772+0000] {dag.py:4180} INFO - Setting next_dagrun for example_display_name to None, run_after=None
[2024-12-21T21:27:59.811+0000] {processor.py:208} INFO - Processing /home/airflow/.local/lib/python3.12/site-packages/airflow/example_dags/example_display_name.py took 0.139 seconds
[2024-12-21T21:28:30.258+0000] {processor.py:186} INFO - Started process (PID=1420) to work on /home/airflow/.local/lib/python3.12/site-packages/airflow/example_dags/example_display_name.py
[2024-12-21T21:28:30.260+0000] {processor.py:914} INFO - Processing file /home/airflow/.local/lib/python3.12/site-packages/airflow/example_dags/example_display_name.py for tasks to queue
[2024-12-21T21:28:30.264+0000] {logging_mixin.py:190} INFO - [2024-12-21T21:28:30.264+0000] {dagbag.py:588} INFO - Filling up the DagBag from /home/airflow/.local/lib/python3.12/site-packages/airflow/example_dags/example_display_name.py
[2024-12-21T21:28:30.279+0000] {processor.py:925} INFO - DAG(s) 'example_display_name' retrieved from /home/airflow/.local/lib/python3.12/site-packages/airflow/example_dags/example_display_name.py
[2024-12-21T21:28:30.317+0000] {logging_mixin.py:190} INFO - [2024-12-21T21:28:30.317+0000] {dag.py:3239} INFO - Sync 1 DAGs
[2024-12-21T21:28:30.353+0000] {logging_mixin.py:190} INFO - [2024-12-21T21:28:30.353+0000] {dag.py:4180} INFO - Setting next_dagrun for example_display_name to None, run_after=None
[2024-12-21T21:28:30.392+0000] {processor.py:208} INFO - Processing /home/airflow/.local/lib/python3.12/site-packages/airflow/example_dags/example_display_name.py took 0.144 seconds
[2024-12-21T21:29:01.154+0000] {processor.py:186} INFO - Started process (PID=1716) to work on /home/airflow/.local/lib/python3.12/site-packages/airflow/example_dags/example_display_name.py
[2024-12-21T21:29:01.157+0000] {processor.py:914} INFO - Processing file /home/airflow/.local/lib/python3.12/site-packages/airflow/example_dags/example_display_name.py for tasks to queue
[2024-12-21T21:29:01.162+0000] {logging_mixin.py:190} INFO - [2024-12-21T21:29:01.161+0000] {dagbag.py:588} INFO - Filling up the DagBag from /home/airflow/.local/lib/python3.12/site-packages/airflow/example_dags/example_display_name.py
[2024-12-21T21:29:01.175+0000] {processor.py:925} INFO - DAG(s) 'example_display_name' retrieved from /home/airflow/.local/lib/python3.12/site-packages/airflow/example_dags/example_display_name.py
[2024-12-21T21:29:01.220+0000] {logging_mixin.py:190} INFO - [2024-12-21T21:29:01.220+0000] {dag.py:3239} INFO - Sync 1 DAGs
[2024-12-21T21:29:01.255+0000] {logging_mixin.py:190} INFO - [2024-12-21T21:29:01.255+0000] {dag.py:4180} INFO - Setting next_dagrun for example_display_name to None, run_after=None
[2024-12-21T21:29:01.293+0000] {processor.py:208} INFO - Processing /home/airflow/.local/lib/python3.12/site-packages/airflow/example_dags/example_display_name.py took 0.148 seconds
[2024-12-21T21:29:31.790+0000] {processor.py:186} INFO - Started process (PID=2013) to work on /home/airflow/.local/lib/python3.12/site-packages/airflow/example_dags/example_display_name.py
[2024-12-21T21:29:31.792+0000] {processor.py:914} INFO - Processing file /home/airflow/.local/lib/python3.12/site-packages/airflow/example_dags/example_display_name.py for tasks to queue
[2024-12-21T21:29:31.797+0000] {logging_mixin.py:190} INFO - [2024-12-21T21:29:31.796+0000] {dagbag.py:588} INFO - Filling up the DagBag from /home/airflow/.local/lib/python3.12/site-packages/airflow/example_dags/example_display_name.py
[2024-12-21T21:29:31.814+0000] {processor.py:925} INFO - DAG(s) 'example_display_name' retrieved from /home/airflow/.local/lib/python3.12/site-packages/airflow/example_dags/example_display_name.py
[2024-12-21T21:29:31.854+0000] {logging_mixin.py:190} INFO - [2024-12-21T21:29:31.853+0000] {dag.py:3239} INFO - Sync 1 DAGs
[2024-12-21T21:29:31.890+0000] {logging_mixin.py:190} INFO - [2024-12-21T21:29:31.889+0000] {dag.py:4180} INFO - Setting next_dagrun for example_display_name to None, run_after=None
[2024-12-21T21:29:31.932+0000] {processor.py:208} INFO - Processing /home/airflow/.local/lib/python3.12/site-packages/airflow/example_dags/example_display_name.py took 0.156 seconds
[2024-12-21T21:30:02.379+0000] {processor.py:186} INFO - Started process (PID=2309) to work on /home/airflow/.local/lib/python3.12/site-packages/airflow/example_dags/example_display_name.py
[2024-12-21T21:30:02.381+0000] {processor.py:914} INFO - Processing file /home/airflow/.local/lib/python3.12/site-packages/airflow/example_dags/example_display_name.py for tasks to queue
[2024-12-21T21:30:02.385+0000] {logging_mixin.py:190} INFO - [2024-12-21T21:30:02.385+0000] {dagbag.py:588} INFO - Filling up the DagBag from /home/airflow/.local/lib/python3.12/site-packages/airflow/example_dags/example_display_name.py
[2024-12-21T21:30:02.398+0000] {processor.py:925} INFO - DAG(s) 'example_display_name' retrieved from /home/airflow/.local/lib/python3.12/site-packages/airflow/example_dags/example_display_name.py
[2024-12-21T21:30:02.436+0000] {logging_mixin.py:190} INFO - [2024-12-21T21:30:02.436+0000] {dag.py:3239} INFO - Sync 1 DAGs
[2024-12-21T21:30:02.473+0000] {logging_mixin.py:190} INFO - [2024-12-21T21:30:02.472+0000] {dag.py:4180} INFO - Setting next_dagrun for example_display_name to None, run_after=None
[2024-12-21T21:30:02.513+0000] {processor.py:208} INFO - Processing /home/airflow/.local/lib/python3.12/site-packages/airflow/example_dags/example_display_name.py took 0.145 seconds
[2024-12-21T21:30:33.008+0000] {processor.py:186} INFO - Started process (PID=2605) to work on /home/airflow/.local/lib/python3.12/site-packages/airflow/example_dags/example_display_name.py
[2024-12-21T21:30:33.010+0000] {processor.py:914} INFO - Processing file /home/airflow/.local/lib/python3.12/site-packages/airflow/example_dags/example_display_name.py for tasks to queue
[2024-12-21T21:30:33.015+0000] {logging_mixin.py:190} INFO - [2024-12-21T21:30:33.015+0000] {dagbag.py:588} INFO - Filling up the DagBag from /home/airflow/.local/lib/python3.12/site-packages/airflow/example_dags/example_display_name.py
[2024-12-21T21:30:33.032+0000] {processor.py:925} INFO - DAG(s) 'example_display_name' retrieved from /home/airflow/.local/lib/python3.12/site-packages/airflow/example_dags/example_display_name.py
[2024-12-21T21:30:33.071+0000] {logging_mixin.py:190} INFO - [2024-12-21T21:30:33.071+0000] {dag.py:3239} INFO - Sync 1 DAGs
[2024-12-21T21:30:33.102+0000] {logging_mixin.py:190} INFO - [2024-12-21T21:30:33.101+0000] {dag.py:4180} INFO - Setting next_dagrun for example_display_name to None, run_after=None
[2024-12-21T21:30:33.146+0000] {processor.py:208} INFO - Processing /home/airflow/.local/lib/python3.12/site-packages/airflow/example_dags/example_display_name.py took 0.150 seconds
[2024-12-21T21:31:03.332+0000] {processor.py:186} INFO - Started process (PID=2901) to work on /home/airflow/.local/lib/python3.12/site-packages/airflow/example_dags/example_display_name.py
[2024-12-21T21:31:03.334+0000] {processor.py:914} INFO - Processing file /home/airflow/.local/lib/python3.12/site-packages/airflow/example_dags/example_display_name.py for tasks to queue
[2024-12-21T21:31:03.338+0000] {logging_mixin.py:190} INFO - [2024-12-21T21:31:03.337+0000] {dagbag.py:588} INFO - Filling up the DagBag from /home/airflow/.local/lib/python3.12/site-packages/airflow/example_dags/example_display_name.py
[2024-12-21T21:31:03.352+0000] {processor.py:925} INFO - DAG(s) 'example_display_name' retrieved from /home/airflow/.local/lib/python3.12/site-packages/airflow/example_dags/example_display_name.py
[2024-12-21T21:31:03.394+0000] {logging_mixin.py:190} INFO - [2024-12-21T21:31:03.393+0000] {dag.py:3239} INFO - Sync 1 DAGs
[2024-12-21T21:31:03.430+0000] {logging_mixin.py:190} INFO - [2024-12-21T21:31:03.430+0000] {dag.py:4180} INFO - Setting next_dagrun for example_display_name to None, run_after=None
[2024-12-21T21:31:03.469+0000] {processor.py:208} INFO - Processing /home/airflow/.local/lib/python3.12/site-packages/airflow/example_dags/example_display_name.py took 0.148 seconds
[2024-12-21T21:31:33.928+0000] {processor.py:186} INFO - Started process (PID=3200) to work on /home/airflow/.local/lib/python3.12/site-packages/airflow/example_dags/example_display_name.py
[2024-12-21T21:31:33.930+0000] {processor.py:914} INFO - Processing file /home/airflow/.local/lib/python3.12/site-packages/airflow/example_dags/example_display_name.py for tasks to queue
[2024-12-21T21:31:33.934+0000] {logging_mixin.py:190} INFO - [2024-12-21T21:31:33.934+0000] {dagbag.py:588} INFO - Filling up the DagBag from /home/airflow/.local/lib/python3.12/site-packages/airflow/example_dags/example_display_name.py
[2024-12-21T21:31:33.950+0000] {processor.py:925} INFO - DAG(s) 'example_display_name' retrieved from /home/airflow/.local/lib/python3.12/site-packages/airflow/example_dags/example_display_name.py
[2024-12-21T21:31:33.993+0000] {logging_mixin.py:190} INFO - [2024-12-21T21:31:33.992+0000] {dag.py:3239} INFO - Sync 1 DAGs
[2024-12-21T21:31:34.034+0000] {logging_mixin.py:190} INFO - [2024-12-21T21:31:34.034+0000] {dag.py:4180} INFO - Setting next_dagrun for example_display_name to None, run_after=None
[2024-12-21T21:31:34.101+0000] {processor.py:208} INFO - Processing /home/airflow/.local/lib/python3.12/site-packages/airflow/example_dags/example_display_name.py took 0.184 seconds
[2024-12-21T21:32:04.510+0000] {processor.py:186} INFO - Started process (PID=3494) to work on /home/airflow/.local/lib/python3.12/site-packages/airflow/example_dags/example_display_name.py
[2024-12-21T21:32:04.512+0000] {processor.py:914} INFO - Processing file /home/airflow/.local/lib/python3.12/site-packages/airflow/example_dags/example_display_name.py for tasks to queue
[2024-12-21T21:32:04.516+0000] {logging_mixin.py:190} INFO - [2024-12-21T21:32:04.515+0000] {dagbag.py:588} INFO - Filling up the DagBag from /home/airflow/.local/lib/python3.12/site-packages/airflow/example_dags/example_display_name.py
[2024-12-21T21:32:04.532+0000] {processor.py:925} INFO - DAG(s) 'example_display_name' retrieved from /home/airflow/.local/lib/python3.12/site-packages/airflow/example_dags/example_display_name.py
[2024-12-21T21:32:04.573+0000] {logging_mixin.py:190} INFO - [2024-12-21T21:32:04.572+0000] {dag.py:3239} INFO - Sync 1 DAGs
[2024-12-21T21:32:04.602+0000] {logging_mixin.py:190} INFO - [2024-12-21T21:32:04.601+0000] {dag.py:4180} INFO - Setting next_dagrun for example_display_name to None, run_after=None
[2024-12-21T21:32:04.642+0000] {processor.py:208} INFO - Processing /home/airflow/.local/lib/python3.12/site-packages/airflow/example_dags/example_display_name.py took 0.144 seconds
[2024-12-21T21:32:34.887+0000] {processor.py:186} INFO - Started process (PID=3790) to work on /home/airflow/.local/lib/python3.12/site-packages/airflow/example_dags/example_display_name.py
[2024-12-21T21:32:34.889+0000] {processor.py:914} INFO - Processing file /home/airflow/.local/lib/python3.12/site-packages/airflow/example_dags/example_display_name.py for tasks to queue
[2024-12-21T21:32:34.893+0000] {logging_mixin.py:190} INFO - [2024-12-21T21:32:34.892+0000] {dagbag.py:588} INFO - Filling up the DagBag from /home/airflow/.local/lib/python3.12/site-packages/airflow/example_dags/example_display_name.py
[2024-12-21T21:32:34.909+0000] {processor.py:925} INFO - DAG(s) 'example_display_name' retrieved from /home/airflow/.local/lib/python3.12/site-packages/airflow/example_dags/example_display_name.py
[2024-12-21T21:32:34.946+0000] {logging_mixin.py:190} INFO - [2024-12-21T21:32:34.945+0000] {dag.py:3239} INFO - Sync 1 DAGs
[2024-12-21T21:32:34.978+0000] {logging_mixin.py:190} INFO - [2024-12-21T21:32:34.977+0000] {dag.py:4180} INFO - Setting next_dagrun for example_display_name to None, run_after=None
[2024-12-21T21:32:35.027+0000] {processor.py:208} INFO - Processing /home/airflow/.local/lib/python3.12/site-packages/airflow/example_dags/example_display_name.py took 0.152 seconds
[2024-12-21T21:33:05.965+0000] {processor.py:186} INFO - Started process (PID=4086) to work on /home/airflow/.local/lib/python3.12/site-packages/airflow/example_dags/example_display_name.py
[2024-12-21T21:33:05.967+0000] {processor.py:914} INFO - Processing file /home/airflow/.local/lib/python3.12/site-packages/airflow/example_dags/example_display_name.py for tasks to queue
[2024-12-21T21:33:05.971+0000] {logging_mixin.py:190} INFO - [2024-12-21T21:33:05.970+0000] {dagbag.py:588} INFO - Filling up the DagBag from /home/airflow/.local/lib/python3.12/site-packages/airflow/example_dags/example_display_name.py
[2024-12-21T21:33:05.985+0000] {processor.py:925} INFO - DAG(s) 'example_display_name' retrieved from /home/airflow/.local/lib/python3.12/site-packages/airflow/example_dags/example_display_name.py
[2024-12-21T21:33:06.024+0000] {logging_mixin.py:190} INFO - [2024-12-21T21:33:06.024+0000] {dag.py:3239} INFO - Sync 1 DAGs
[2024-12-21T21:33:06.058+0000] {logging_mixin.py:190} INFO - [2024-12-21T21:33:06.057+0000] {dag.py:4180} INFO - Setting next_dagrun for example_display_name to None, run_after=None
[2024-12-21T21:33:06.097+0000] {processor.py:208} INFO - Processing /home/airflow/.local/lib/python3.12/site-packages/airflow/example_dags/example_display_name.py took 0.143 seconds
[2024-12-21T21:33:36.743+0000] {processor.py:186} INFO - Started process (PID=4382) to work on /home/airflow/.local/lib/python3.12/site-packages/airflow/example_dags/example_display_name.py
[2024-12-21T21:33:36.745+0000] {processor.py:914} INFO - Processing file /home/airflow/.local/lib/python3.12/site-packages/airflow/example_dags/example_display_name.py for tasks to queue
[2024-12-21T21:33:36.750+0000] {logging_mixin.py:190} INFO - [2024-12-21T21:33:36.750+0000] {dagbag.py:588} INFO - Filling up the DagBag from /home/airflow/.local/lib/python3.12/site-packages/airflow/example_dags/example_display_name.py
[2024-12-21T21:33:36.767+0000] {processor.py:925} INFO - DAG(s) 'example_display_name' retrieved from /home/airflow/.local/lib/python3.12/site-packages/airflow/example_dags/example_display_name.py
[2024-12-21T21:33:36.807+0000] {logging_mixin.py:190} INFO - [2024-12-21T21:33:36.806+0000] {dag.py:3239} INFO - Sync 1 DAGs
[2024-12-21T21:33:36.841+0000] {logging_mixin.py:190} INFO - [2024-12-21T21:33:36.840+0000] {dag.py:4180} INFO - Setting next_dagrun for example_display_name to None, run_after=None
[2024-12-21T21:33:36.880+0000] {processor.py:208} INFO - Processing /home/airflow/.local/lib/python3.12/site-packages/airflow/example_dags/example_display_name.py took 0.148 seconds
[2024-12-21T21:34:07.667+0000] {processor.py:186} INFO - Started process (PID=4678) to work on /home/airflow/.local/lib/python3.12/site-packages/airflow/example_dags/example_display_name.py
[2024-12-21T21:34:07.669+0000] {processor.py:914} INFO - Processing file /home/airflow/.local/lib/python3.12/site-packages/airflow/example_dags/example_display_name.py for tasks to queue
[2024-12-21T21:34:07.673+0000] {logging_mixin.py:190} INFO - [2024-12-21T21:34:07.673+0000] {dagbag.py:588} INFO - Filling up the DagBag from /home/airflow/.local/lib/python3.12/site-packages/airflow/example_dags/example_display_name.py
[2024-12-21T21:34:07.687+0000] {processor.py:925} INFO - DAG(s) 'example_display_name' retrieved from /home/airflow/.local/lib/python3.12/site-packages/airflow/example_dags/example_display_name.py
[2024-12-21T21:34:07.725+0000] {logging_mixin.py:190} INFO - [2024-12-21T21:34:07.725+0000] {dag.py:3239} INFO - Sync 1 DAGs
[2024-12-21T21:34:07.756+0000] {logging_mixin.py:190} INFO - [2024-12-21T21:34:07.756+0000] {dag.py:4180} INFO - Setting next_dagrun for example_display_name to None, run_after=None
[2024-12-21T21:34:07.794+0000] {processor.py:208} INFO - Processing /home/airflow/.local/lib/python3.12/site-packages/airflow/example_dags/example_display_name.py took 0.136 seconds
[2024-12-21T21:34:38.195+0000] {processor.py:186} INFO - Started process (PID=4975) to work on /home/airflow/.local/lib/python3.12/site-packages/airflow/example_dags/example_display_name.py
[2024-12-21T21:34:38.196+0000] {processor.py:914} INFO - Processing file /home/airflow/.local/lib/python3.12/site-packages/airflow/example_dags/example_display_name.py for tasks to queue
[2024-12-21T21:34:38.200+0000] {logging_mixin.py:190} INFO - [2024-12-21T21:34:38.199+0000] {dagbag.py:588} INFO - Filling up the DagBag from /home/airflow/.local/lib/python3.12/site-packages/airflow/example_dags/example_display_name.py
[2024-12-21T21:34:38.216+0000] {processor.py:925} INFO - DAG(s) 'example_display_name' retrieved from /home/airflow/.local/lib/python3.12/site-packages/airflow/example_dags/example_display_name.py
[2024-12-21T21:34:38.254+0000] {logging_mixin.py:190} INFO - [2024-12-21T21:34:38.253+0000] {dag.py:3239} INFO - Sync 1 DAGs
[2024-12-21T21:34:38.282+0000] {logging_mixin.py:190} INFO - [2024-12-21T21:34:38.282+0000] {dag.py:4180} INFO - Setting next_dagrun for example_display_name to None, run_after=None
[2024-12-21T21:34:38.324+0000] {processor.py:208} INFO - Processing /home/airflow/.local/lib/python3.12/site-packages/airflow/example_dags/example_display_name.py took 0.139 seconds
[2024-12-21T21:35:09.059+0000] {processor.py:186} INFO - Started process (PID=5236) to work on /home/airflow/.local/lib/python3.12/site-packages/airflow/example_dags/example_display_name.py
[2024-12-21T21:35:09.061+0000] {processor.py:914} INFO - Processing file /home/airflow/.local/lib/python3.12/site-packages/airflow/example_dags/example_display_name.py for tasks to queue
[2024-12-21T21:35:09.065+0000] {logging_mixin.py:190} INFO - [2024-12-21T21:35:09.065+0000] {dagbag.py:588} INFO - Filling up the DagBag from /home/airflow/.local/lib/python3.12/site-packages/airflow/example_dags/example_display_name.py
[2024-12-21T21:35:09.081+0000] {processor.py:925} INFO - DAG(s) 'example_display_name' retrieved from /home/airflow/.local/lib/python3.12/site-packages/airflow/example_dags/example_display_name.py
[2024-12-21T21:35:09.119+0000] {logging_mixin.py:190} INFO - [2024-12-21T21:35:09.119+0000] {dag.py:3239} INFO - Sync 1 DAGs
[2024-12-21T21:35:09.151+0000] {logging_mixin.py:190} INFO - [2024-12-21T21:35:09.150+0000] {dag.py:4180} INFO - Setting next_dagrun for example_display_name to None, run_after=None
[2024-12-21T21:35:09.192+0000] {processor.py:208} INFO - Processing /home/airflow/.local/lib/python3.12/site-packages/airflow/example_dags/example_display_name.py took 0.144 seconds
[2024-12-21T21:35:40.425+0000] {processor.py:186} INFO - Started process (PID=5517) to work on /home/airflow/.local/lib/python3.12/site-packages/airflow/example_dags/example_display_name.py
[2024-12-21T21:35:40.427+0000] {processor.py:914} INFO - Processing file /home/airflow/.local/lib/python3.12/site-packages/airflow/example_dags/example_display_name.py for tasks to queue
[2024-12-21T21:35:40.433+0000] {logging_mixin.py:190} INFO - [2024-12-21T21:35:40.432+0000] {dagbag.py:588} INFO - Filling up the DagBag from /home/airflow/.local/lib/python3.12/site-packages/airflow/example_dags/example_display_name.py
[2024-12-21T21:35:40.451+0000] {processor.py:925} INFO - DAG(s) 'example_display_name' retrieved from /home/airflow/.local/lib/python3.12/site-packages/airflow/example_dags/example_display_name.py
[2024-12-21T21:35:40.494+0000] {logging_mixin.py:190} INFO - [2024-12-21T21:35:40.494+0000] {dag.py:3239} INFO - Sync 1 DAGs
[2024-12-21T21:35:40.529+0000] {logging_mixin.py:190} INFO - [2024-12-21T21:35:40.528+0000] {dag.py:4180} INFO - Setting next_dagrun for example_display_name to None, run_after=None
[2024-12-21T21:35:40.570+0000] {processor.py:208} INFO - Processing /home/airflow/.local/lib/python3.12/site-packages/airflow/example_dags/example_display_name.py took 0.156 seconds
[2024-12-21T21:36:12.423+0000] {processor.py:186} INFO - Started process (PID=5813) to work on /home/airflow/.local/lib/python3.12/site-packages/airflow/example_dags/example_display_name.py
[2024-12-21T21:36:12.425+0000] {processor.py:914} INFO - Processing file /home/airflow/.local/lib/python3.12/site-packages/airflow/example_dags/example_display_name.py for tasks to queue
[2024-12-21T21:36:12.429+0000] {logging_mixin.py:190} INFO - [2024-12-21T21:36:12.429+0000] {dagbag.py:588} INFO - Filling up the DagBag from /home/airflow/.local/lib/python3.12/site-packages/airflow/example_dags/example_display_name.py
[2024-12-21T21:36:12.443+0000] {processor.py:925} INFO - DAG(s) 'example_display_name' retrieved from /home/airflow/.local/lib/python3.12/site-packages/airflow/example_dags/example_display_name.py
[2024-12-21T21:36:12.487+0000] {logging_mixin.py:190} INFO - [2024-12-21T21:36:12.486+0000] {dag.py:3239} INFO - Sync 1 DAGs
[2024-12-21T21:36:12.523+0000] {logging_mixin.py:190} INFO - [2024-12-21T21:36:12.522+0000] {dag.py:4180} INFO - Setting next_dagrun for example_display_name to None, run_after=None
[2024-12-21T21:36:12.566+0000] {processor.py:208} INFO - Processing /home/airflow/.local/lib/python3.12/site-packages/airflow/example_dags/example_display_name.py took 0.154 seconds
[2024-12-21T21:36:43.109+0000] {processor.py:186} INFO - Started process (PID=6106) to work on /home/airflow/.local/lib/python3.12/site-packages/airflow/example_dags/example_display_name.py
[2024-12-21T21:36:43.112+0000] {processor.py:914} INFO - Processing file /home/airflow/.local/lib/python3.12/site-packages/airflow/example_dags/example_display_name.py for tasks to queue
[2024-12-21T21:36:43.118+0000] {logging_mixin.py:190} INFO - [2024-12-21T21:36:43.117+0000] {dagbag.py:588} INFO - Filling up the DagBag from /home/airflow/.local/lib/python3.12/site-packages/airflow/example_dags/example_display_name.py
[2024-12-21T21:36:43.138+0000] {processor.py:925} INFO - DAG(s) 'example_display_name' retrieved from /home/airflow/.local/lib/python3.12/site-packages/airflow/example_dags/example_display_name.py
[2024-12-21T21:36:43.181+0000] {logging_mixin.py:190} INFO - [2024-12-21T21:36:43.180+0000] {dag.py:3239} INFO - Sync 1 DAGs
[2024-12-21T21:36:43.213+0000] {logging_mixin.py:190} INFO - [2024-12-21T21:36:43.213+0000] {dag.py:4180} INFO - Setting next_dagrun for example_display_name to None, run_after=None
[2024-12-21T21:36:43.253+0000] {processor.py:208} INFO - Processing /home/airflow/.local/lib/python3.12/site-packages/airflow/example_dags/example_display_name.py took 0.157 seconds
[2024-12-21T21:37:14.273+0000] {processor.py:186} INFO - Started process (PID=6400) to work on /home/airflow/.local/lib/python3.12/site-packages/airflow/example_dags/example_display_name.py
[2024-12-21T21:37:14.275+0000] {processor.py:914} INFO - Processing file /home/airflow/.local/lib/python3.12/site-packages/airflow/example_dags/example_display_name.py for tasks to queue
[2024-12-21T21:37:14.279+0000] {logging_mixin.py:190} INFO - [2024-12-21T21:37:14.278+0000] {dagbag.py:588} INFO - Filling up the DagBag from /home/airflow/.local/lib/python3.12/site-packages/airflow/example_dags/example_display_name.py
[2024-12-21T21:37:14.293+0000] {processor.py:925} INFO - DAG(s) 'example_display_name' retrieved from /home/airflow/.local/lib/python3.12/site-packages/airflow/example_dags/example_display_name.py
[2024-12-21T21:37:14.335+0000] {logging_mixin.py:190} INFO - [2024-12-21T21:37:14.334+0000] {dag.py:3239} INFO - Sync 1 DAGs
[2024-12-21T21:37:14.368+0000] {logging_mixin.py:190} INFO - [2024-12-21T21:37:14.367+0000] {dag.py:4180} INFO - Setting next_dagrun for example_display_name to None, run_after=None
[2024-12-21T21:37:14.409+0000] {processor.py:208} INFO - Processing /home/airflow/.local/lib/python3.12/site-packages/airflow/example_dags/example_display_name.py took 0.150 seconds
[2024-12-21T21:37:44.745+0000] {processor.py:186} INFO - Started process (PID=6691) to work on /home/airflow/.local/lib/python3.12/site-packages/airflow/example_dags/example_display_name.py
[2024-12-21T21:37:44.746+0000] {processor.py:914} INFO - Processing file /home/airflow/.local/lib/python3.12/site-packages/airflow/example_dags/example_display_name.py for tasks to queue
[2024-12-21T21:37:44.750+0000] {logging_mixin.py:190} INFO - [2024-12-21T21:37:44.750+0000] {dagbag.py:588} INFO - Filling up the DagBag from /home/airflow/.local/lib/python3.12/site-packages/airflow/example_dags/example_display_name.py
[2024-12-21T21:37:44.764+0000] {processor.py:925} INFO - DAG(s) 'example_display_name' retrieved from /home/airflow/.local/lib/python3.12/site-packages/airflow/example_dags/example_display_name.py
[2024-12-21T21:37:44.803+0000] {logging_mixin.py:190} INFO - [2024-12-21T21:37:44.803+0000] {dag.py:3239} INFO - Sync 1 DAGs
[2024-12-21T21:37:44.834+0000] {logging_mixin.py:190} INFO - [2024-12-21T21:37:44.833+0000] {dag.py:4180} INFO - Setting next_dagrun for example_display_name to None, run_after=None
[2024-12-21T21:37:44.873+0000] {processor.py:208} INFO - Processing /home/airflow/.local/lib/python3.12/site-packages/airflow/example_dags/example_display_name.py took 0.140 seconds
[2024-12-21T21:38:15.219+0000] {processor.py:186} INFO - Started process (PID=6983) to work on /home/airflow/.local/lib/python3.12/site-packages/airflow/example_dags/example_display_name.py
[2024-12-21T21:38:15.222+0000] {processor.py:914} INFO - Processing file /home/airflow/.local/lib/python3.12/site-packages/airflow/example_dags/example_display_name.py for tasks to queue
[2024-12-21T21:38:15.228+0000] {logging_mixin.py:190} INFO - [2024-12-21T21:38:15.227+0000] {dagbag.py:588} INFO - Filling up the DagBag from /home/airflow/.local/lib/python3.12/site-packages/airflow/example_dags/example_display_name.py
[2024-12-21T21:38:15.251+0000] {processor.py:925} INFO - DAG(s) 'example_display_name' retrieved from /home/airflow/.local/lib/python3.12/site-packages/airflow/example_dags/example_display_name.py
[2024-12-21T21:38:15.302+0000] {logging_mixin.py:190} INFO - [2024-12-21T21:38:15.302+0000] {dag.py:3239} INFO - Sync 1 DAGs
[2024-12-21T21:38:15.341+0000] {logging_mixin.py:190} INFO - [2024-12-21T21:38:15.340+0000] {dag.py:4180} INFO - Setting next_dagrun for example_display_name to None, run_after=None
[2024-12-21T21:38:15.401+0000] {processor.py:208} INFO - Processing /home/airflow/.local/lib/python3.12/site-packages/airflow/example_dags/example_display_name.py took 0.196 seconds
[2024-12-21T21:38:46.990+0000] {processor.py:186} INFO - Started process (PID=7278) to work on /home/airflow/.local/lib/python3.12/site-packages/airflow/example_dags/example_display_name.py
[2024-12-21T21:38:46.993+0000] {processor.py:914} INFO - Processing file /home/airflow/.local/lib/python3.12/site-packages/airflow/example_dags/example_display_name.py for tasks to queue
[2024-12-21T21:38:46.998+0000] {logging_mixin.py:190} INFO - [2024-12-21T21:38:46.997+0000] {dagbag.py:588} INFO - Filling up the DagBag from /home/airflow/.local/lib/python3.12/site-packages/airflow/example_dags/example_display_name.py
[2024-12-21T21:38:47.016+0000] {processor.py:925} INFO - DAG(s) 'example_display_name' retrieved from /home/airflow/.local/lib/python3.12/site-packages/airflow/example_dags/example_display_name.py
[2024-12-21T21:38:47.067+0000] {logging_mixin.py:190} INFO - [2024-12-21T21:38:47.066+0000] {dag.py:3239} INFO - Sync 1 DAGs
[2024-12-21T21:38:47.107+0000] {logging_mixin.py:190} INFO - [2024-12-21T21:38:47.107+0000] {dag.py:4180} INFO - Setting next_dagrun for example_display_name to None, run_after=None
[2024-12-21T21:38:47.161+0000] {processor.py:208} INFO - Processing /home/airflow/.local/lib/python3.12/site-packages/airflow/example_dags/example_display_name.py took 0.187 seconds
[2024-12-21T21:39:17.545+0000] {processor.py:186} INFO - Started process (PID=7566) to work on /home/airflow/.local/lib/python3.12/site-packages/airflow/example_dags/example_display_name.py
[2024-12-21T21:39:17.547+0000] {processor.py:914} INFO - Processing file /home/airflow/.local/lib/python3.12/site-packages/airflow/example_dags/example_display_name.py for tasks to queue
[2024-12-21T21:39:17.554+0000] {logging_mixin.py:190} INFO - [2024-12-21T21:39:17.553+0000] {dagbag.py:588} INFO - Filling up the DagBag from /home/airflow/.local/lib/python3.12/site-packages/airflow/example_dags/example_display_name.py
[2024-12-21T21:39:17.578+0000] {processor.py:925} INFO - DAG(s) 'example_display_name' retrieved from /home/airflow/.local/lib/python3.12/site-packages/airflow/example_dags/example_display_name.py
[2024-12-21T21:39:17.651+0000] {logging_mixin.py:190} INFO - [2024-12-21T21:39:17.650+0000] {dag.py:3239} INFO - Sync 1 DAGs
[2024-12-21T21:39:17.695+0000] {logging_mixin.py:190} INFO - [2024-12-21T21:39:17.695+0000] {dag.py:4180} INFO - Setting next_dagrun for example_display_name to None, run_after=None
[2024-12-21T21:39:17.753+0000] {processor.py:208} INFO - Processing /home/airflow/.local/lib/python3.12/site-packages/airflow/example_dags/example_display_name.py took 0.228 seconds
[2024-12-21T21:39:47.870+0000] {processor.py:186} INFO - Started process (PID=7860) to work on /home/airflow/.local/lib/python3.12/site-packages/airflow/example_dags/example_display_name.py
[2024-12-21T21:39:47.873+0000] {processor.py:914} INFO - Processing file /home/airflow/.local/lib/python3.12/site-packages/airflow/example_dags/example_display_name.py for tasks to queue
[2024-12-21T21:39:47.879+0000] {logging_mixin.py:190} INFO - [2024-12-21T21:39:47.878+0000] {dagbag.py:588} INFO - Filling up the DagBag from /home/airflow/.local/lib/python3.12/site-packages/airflow/example_dags/example_display_name.py
[2024-12-21T21:39:47.898+0000] {processor.py:925} INFO - DAG(s) 'example_display_name' retrieved from /home/airflow/.local/lib/python3.12/site-packages/airflow/example_dags/example_display_name.py
[2024-12-21T21:39:47.956+0000] {logging_mixin.py:190} INFO - [2024-12-21T21:39:47.955+0000] {dag.py:3239} INFO - Sync 1 DAGs
[2024-12-21T21:39:48.002+0000] {logging_mixin.py:190} INFO - [2024-12-21T21:39:48.001+0000] {dag.py:4180} INFO - Setting next_dagrun for example_display_name to None, run_after=None
[2024-12-21T21:39:48.084+0000] {processor.py:208} INFO - Processing /home/airflow/.local/lib/python3.12/site-packages/airflow/example_dags/example_display_name.py took 0.230 seconds
[2024-12-21T21:40:18.281+0000] {processor.py:186} INFO - Started process (PID=8153) to work on /home/airflow/.local/lib/python3.12/site-packages/airflow/example_dags/example_display_name.py
[2024-12-21T21:40:18.283+0000] {processor.py:914} INFO - Processing file /home/airflow/.local/lib/python3.12/site-packages/airflow/example_dags/example_display_name.py for tasks to queue
[2024-12-21T21:40:18.289+0000] {logging_mixin.py:190} INFO - [2024-12-21T21:40:18.288+0000] {dagbag.py:588} INFO - Filling up the DagBag from /home/airflow/.local/lib/python3.12/site-packages/airflow/example_dags/example_display_name.py
[2024-12-21T21:40:18.310+0000] {processor.py:925} INFO - DAG(s) 'example_display_name' retrieved from /home/airflow/.local/lib/python3.12/site-packages/airflow/example_dags/example_display_name.py
[2024-12-21T21:40:18.380+0000] {logging_mixin.py:190} INFO - [2024-12-21T21:40:18.379+0000] {dag.py:3239} INFO - Sync 1 DAGs
[2024-12-21T21:40:18.426+0000] {logging_mixin.py:190} INFO - [2024-12-21T21:40:18.425+0000] {dag.py:4180} INFO - Setting next_dagrun for example_display_name to None, run_after=None
[2024-12-21T21:40:18.509+0000] {processor.py:208} INFO - Processing /home/airflow/.local/lib/python3.12/site-packages/airflow/example_dags/example_display_name.py took 0.245 seconds
