[2024-12-21T21:11:09.528+0000] {processor.py:186} INFO - Started process (PID=232) to work on /home/airflow/.local/lib/python3.12/site-packages/airflow/example_dags/example_sensors.py
[2024-12-21T21:11:09.530+0000] {processor.py:914} INFO - Processing file /home/airflow/.local/lib/python3.12/site-packages/airflow/example_dags/example_sensors.py for tasks to queue
[2024-12-21T21:11:09.534+0000] {logging_mixin.py:190} INFO - [2024-12-21T21:11:09.533+0000] {dagbag.py:588} INFO - Filling up the DagBag from /home/airflow/.local/lib/python3.12/site-packages/airflow/example_dags/example_sensors.py
[2024-12-21T21:11:09.568+0000] {processor.py:925} INFO - DAG(s) 'example_sensors' retrieved from /home/airflow/.local/lib/python3.12/site-packages/airflow/example_dags/example_sensors.py
[2024-12-21T21:11:09.844+0000] {logging_mixin.py:190} INFO - [2024-12-21T21:11:09.843+0000] {override.py:1911} INFO - Created Permission View: can delete on DAG:example_sensors
[2024-12-21T21:11:09.867+0000] {logging_mixin.py:190} INFO - [2024-12-21T21:11:09.867+0000] {override.py:1911} INFO - Created Permission View: can edit on DAG:example_sensors
[2024-12-21T21:11:09.883+0000] {logging_mixin.py:190} INFO - [2024-12-21T21:11:09.883+0000] {override.py:1911} INFO - Created Permission View: can read on DAG:example_sensors
[2024-12-21T21:11:09.901+0000] {logging_mixin.py:190} INFO - [2024-12-21T21:11:09.900+0000] {override.py:1911} INFO - Created Permission View: can delete on DAG Run:example_sensors
[2024-12-21T21:11:09.918+0000] {logging_mixin.py:190} INFO - [2024-12-21T21:11:09.917+0000] {override.py:1911} INFO - Created Permission View: can read on DAG Run:example_sensors
[2024-12-21T21:11:09.933+0000] {logging_mixin.py:190} INFO - [2024-12-21T21:11:09.933+0000] {override.py:1911} INFO - Created Permission View: can create on DAG Run:example_sensors
[2024-12-21T21:11:09.950+0000] {logging_mixin.py:190} INFO - [2024-12-21T21:11:09.949+0000] {override.py:1911} INFO - Created Permission View: menu access on DAG Run:example_sensors
[2024-12-21T21:11:09.951+0000] {logging_mixin.py:190} INFO - [2024-12-21T21:11:09.951+0000] {dag.py:3239} INFO - Sync 1 DAGs
[2024-12-21T21:11:09.987+0000] {logging_mixin.py:190} INFO - [2024-12-21T21:11:09.986+0000] {dag.py:3262} INFO - Creating ORM DAG for example_sensors
[2024-12-21T21:11:09.989+0000] {logging_mixin.py:190} INFO - [2024-12-21T21:11:09.988+0000] {dag.py:4180} INFO - Setting next_dagrun for example_sensors to None, run_after=None
[2024-12-21T21:11:10.027+0000] {processor.py:208} INFO - Processing /home/airflow/.local/lib/python3.12/site-packages/airflow/example_dags/example_sensors.py took 0.512 seconds
[2024-12-21T21:11:40.215+0000] {processor.py:186} INFO - Started process (PID=530) to work on /home/airflow/.local/lib/python3.12/site-packages/airflow/example_dags/example_sensors.py
[2024-12-21T21:11:40.217+0000] {processor.py:914} INFO - Processing file /home/airflow/.local/lib/python3.12/site-packages/airflow/example_dags/example_sensors.py for tasks to queue
[2024-12-21T21:11:40.221+0000] {logging_mixin.py:190} INFO - [2024-12-21T21:11:40.221+0000] {dagbag.py:588} INFO - Filling up the DagBag from /home/airflow/.local/lib/python3.12/site-packages/airflow/example_dags/example_sensors.py
[2024-12-21T21:11:40.243+0000] {processor.py:925} INFO - DAG(s) 'example_sensors' retrieved from /home/airflow/.local/lib/python3.12/site-packages/airflow/example_dags/example_sensors.py
[2024-12-21T21:11:40.312+0000] {logging_mixin.py:190} INFO - [2024-12-21T21:11:40.311+0000] {dag.py:3239} INFO - Sync 1 DAGs
[2024-12-21T21:11:40.352+0000] {logging_mixin.py:190} INFO - [2024-12-21T21:11:40.351+0000] {dag.py:4180} INFO - Setting next_dagrun for example_sensors to None, run_after=None
[2024-12-21T21:11:40.418+0000] {processor.py:208} INFO - Processing /home/airflow/.local/lib/python3.12/site-packages/airflow/example_dags/example_sensors.py took 0.216 seconds
[2024-12-21T21:12:10.556+0000] {processor.py:186} INFO - Started process (PID=826) to work on /home/airflow/.local/lib/python3.12/site-packages/airflow/example_dags/example_sensors.py
[2024-12-21T21:12:10.559+0000] {processor.py:914} INFO - Processing file /home/airflow/.local/lib/python3.12/site-packages/airflow/example_dags/example_sensors.py for tasks to queue
[2024-12-21T21:12:10.563+0000] {logging_mixin.py:190} INFO - [2024-12-21T21:12:10.562+0000] {dagbag.py:588} INFO - Filling up the DagBag from /home/airflow/.local/lib/python3.12/site-packages/airflow/example_dags/example_sensors.py
[2024-12-21T21:12:10.584+0000] {processor.py:925} INFO - DAG(s) 'example_sensors' retrieved from /home/airflow/.local/lib/python3.12/site-packages/airflow/example_dags/example_sensors.py
[2024-12-21T21:12:10.639+0000] {logging_mixin.py:190} INFO - [2024-12-21T21:12:10.639+0000] {dag.py:3239} INFO - Sync 1 DAGs
[2024-12-21T21:12:10.673+0000] {logging_mixin.py:190} INFO - [2024-12-21T21:12:10.673+0000] {dag.py:4180} INFO - Setting next_dagrun for example_sensors to None, run_after=None
[2024-12-21T21:12:10.720+0000] {processor.py:208} INFO - Processing /home/airflow/.local/lib/python3.12/site-packages/airflow/example_dags/example_sensors.py took 0.174 seconds
[2024-12-21T21:12:41.096+0000] {processor.py:186} INFO - Started process (PID=1120) to work on /home/airflow/.local/lib/python3.12/site-packages/airflow/example_dags/example_sensors.py
[2024-12-21T21:12:41.099+0000] {processor.py:914} INFO - Processing file /home/airflow/.local/lib/python3.12/site-packages/airflow/example_dags/example_sensors.py for tasks to queue
[2024-12-21T21:12:41.106+0000] {logging_mixin.py:190} INFO - [2024-12-21T21:12:41.105+0000] {dagbag.py:588} INFO - Filling up the DagBag from /home/airflow/.local/lib/python3.12/site-packages/airflow/example_dags/example_sensors.py
[2024-12-21T21:12:41.139+0000] {processor.py:925} INFO - DAG(s) 'example_sensors' retrieved from /home/airflow/.local/lib/python3.12/site-packages/airflow/example_dags/example_sensors.py
[2024-12-21T21:12:41.208+0000] {logging_mixin.py:190} INFO - [2024-12-21T21:12:41.208+0000] {dag.py:3239} INFO - Sync 1 DAGs
[2024-12-21T21:12:41.239+0000] {logging_mixin.py:190} INFO - [2024-12-21T21:12:41.239+0000] {dag.py:4180} INFO - Setting next_dagrun for example_sensors to None, run_after=None
[2024-12-21T21:12:41.277+0000] {processor.py:208} INFO - Processing /home/airflow/.local/lib/python3.12/site-packages/airflow/example_dags/example_sensors.py took 0.194 seconds
[2024-12-21T21:13:11.435+0000] {processor.py:186} INFO - Started process (PID=1416) to work on /home/airflow/.local/lib/python3.12/site-packages/airflow/example_dags/example_sensors.py
[2024-12-21T21:13:11.436+0000] {processor.py:914} INFO - Processing file /home/airflow/.local/lib/python3.12/site-packages/airflow/example_dags/example_sensors.py for tasks to queue
[2024-12-21T21:13:11.441+0000] {logging_mixin.py:190} INFO - [2024-12-21T21:13:11.441+0000] {dagbag.py:588} INFO - Filling up the DagBag from /home/airflow/.local/lib/python3.12/site-packages/airflow/example_dags/example_sensors.py
[2024-12-21T21:13:11.467+0000] {processor.py:925} INFO - DAG(s) 'example_sensors' retrieved from /home/airflow/.local/lib/python3.12/site-packages/airflow/example_dags/example_sensors.py
[2024-12-21T21:13:11.532+0000] {logging_mixin.py:190} INFO - [2024-12-21T21:13:11.531+0000] {dag.py:3239} INFO - Sync 1 DAGs
[2024-12-21T21:13:11.565+0000] {logging_mixin.py:190} INFO - [2024-12-21T21:13:11.564+0000] {dag.py:4180} INFO - Setting next_dagrun for example_sensors to None, run_after=None
[2024-12-21T21:13:11.605+0000] {processor.py:208} INFO - Processing /home/airflow/.local/lib/python3.12/site-packages/airflow/example_dags/example_sensors.py took 0.184 seconds
[2024-12-21T21:13:42.375+0000] {processor.py:186} INFO - Started process (PID=1712) to work on /home/airflow/.local/lib/python3.12/site-packages/airflow/example_dags/example_sensors.py
[2024-12-21T21:13:42.377+0000] {processor.py:914} INFO - Processing file /home/airflow/.local/lib/python3.12/site-packages/airflow/example_dags/example_sensors.py for tasks to queue
[2024-12-21T21:13:42.382+0000] {logging_mixin.py:190} INFO - [2024-12-21T21:13:42.381+0000] {dagbag.py:588} INFO - Filling up the DagBag from /home/airflow/.local/lib/python3.12/site-packages/airflow/example_dags/example_sensors.py
[2024-12-21T21:13:42.405+0000] {processor.py:925} INFO - DAG(s) 'example_sensors' retrieved from /home/airflow/.local/lib/python3.12/site-packages/airflow/example_dags/example_sensors.py
[2024-12-21T21:13:42.458+0000] {logging_mixin.py:190} INFO - [2024-12-21T21:13:42.457+0000] {dag.py:3239} INFO - Sync 1 DAGs
[2024-12-21T21:13:42.485+0000] {logging_mixin.py:190} INFO - [2024-12-21T21:13:42.485+0000] {dag.py:4180} INFO - Setting next_dagrun for example_sensors to None, run_after=None
[2024-12-21T21:13:42.545+0000] {processor.py:208} INFO - Processing /home/airflow/.local/lib/python3.12/site-packages/airflow/example_dags/example_sensors.py took 0.183 seconds
[2024-12-21T21:14:13.412+0000] {processor.py:186} INFO - Started process (PID=2008) to work on /home/airflow/.local/lib/python3.12/site-packages/airflow/example_dags/example_sensors.py
[2024-12-21T21:14:13.414+0000] {processor.py:914} INFO - Processing file /home/airflow/.local/lib/python3.12/site-packages/airflow/example_dags/example_sensors.py for tasks to queue
[2024-12-21T21:14:13.418+0000] {logging_mixin.py:190} INFO - [2024-12-21T21:14:13.418+0000] {dagbag.py:588} INFO - Filling up the DagBag from /home/airflow/.local/lib/python3.12/site-packages/airflow/example_dags/example_sensors.py
[2024-12-21T21:14:13.437+0000] {processor.py:925} INFO - DAG(s) 'example_sensors' retrieved from /home/airflow/.local/lib/python3.12/site-packages/airflow/example_dags/example_sensors.py
[2024-12-21T21:14:13.488+0000] {logging_mixin.py:190} INFO - [2024-12-21T21:14:13.487+0000] {dag.py:3239} INFO - Sync 1 DAGs
[2024-12-21T21:14:13.520+0000] {logging_mixin.py:190} INFO - [2024-12-21T21:14:13.520+0000] {dag.py:4180} INFO - Setting next_dagrun for example_sensors to None, run_after=None
[2024-12-21T21:14:13.586+0000] {processor.py:208} INFO - Processing /home/airflow/.local/lib/python3.12/site-packages/airflow/example_dags/example_sensors.py took 0.185 seconds
[2024-12-21T21:14:43.714+0000] {processor.py:186} INFO - Started process (PID=2304) to work on /home/airflow/.local/lib/python3.12/site-packages/airflow/example_dags/example_sensors.py
[2024-12-21T21:14:43.716+0000] {processor.py:914} INFO - Processing file /home/airflow/.local/lib/python3.12/site-packages/airflow/example_dags/example_sensors.py for tasks to queue
[2024-12-21T21:14:43.720+0000] {logging_mixin.py:190} INFO - [2024-12-21T21:14:43.720+0000] {dagbag.py:588} INFO - Filling up the DagBag from /home/airflow/.local/lib/python3.12/site-packages/airflow/example_dags/example_sensors.py
[2024-12-21T21:14:43.743+0000] {processor.py:925} INFO - DAG(s) 'example_sensors' retrieved from /home/airflow/.local/lib/python3.12/site-packages/airflow/example_dags/example_sensors.py
[2024-12-21T21:14:43.796+0000] {logging_mixin.py:190} INFO - [2024-12-21T21:14:43.796+0000] {dag.py:3239} INFO - Sync 1 DAGs
[2024-12-21T21:14:43.826+0000] {logging_mixin.py:190} INFO - [2024-12-21T21:14:43.825+0000] {dag.py:4180} INFO - Setting next_dagrun for example_sensors to None, run_after=None
[2024-12-21T21:14:43.866+0000] {processor.py:208} INFO - Processing /home/airflow/.local/lib/python3.12/site-packages/airflow/example_dags/example_sensors.py took 0.164 seconds
[2024-12-21T21:15:14.014+0000] {processor.py:186} INFO - Started process (PID=2600) to work on /home/airflow/.local/lib/python3.12/site-packages/airflow/example_dags/example_sensors.py
[2024-12-21T21:15:14.016+0000] {processor.py:914} INFO - Processing file /home/airflow/.local/lib/python3.12/site-packages/airflow/example_dags/example_sensors.py for tasks to queue
[2024-12-21T21:15:14.021+0000] {logging_mixin.py:190} INFO - [2024-12-21T21:15:14.020+0000] {dagbag.py:588} INFO - Filling up the DagBag from /home/airflow/.local/lib/python3.12/site-packages/airflow/example_dags/example_sensors.py
[2024-12-21T21:15:14.039+0000] {processor.py:925} INFO - DAG(s) 'example_sensors' retrieved from /home/airflow/.local/lib/python3.12/site-packages/airflow/example_dags/example_sensors.py
[2024-12-21T21:15:14.091+0000] {logging_mixin.py:190} INFO - [2024-12-21T21:15:14.091+0000] {dag.py:3239} INFO - Sync 1 DAGs
[2024-12-21T21:15:14.126+0000] {logging_mixin.py:190} INFO - [2024-12-21T21:15:14.126+0000] {dag.py:4180} INFO - Setting next_dagrun for example_sensors to None, run_after=None
[2024-12-21T21:15:14.187+0000] {processor.py:208} INFO - Processing /home/airflow/.local/lib/python3.12/site-packages/airflow/example_dags/example_sensors.py took 0.187 seconds
[2024-12-21T21:15:44.770+0000] {processor.py:186} INFO - Started process (PID=2896) to work on /home/airflow/.local/lib/python3.12/site-packages/airflow/example_dags/example_sensors.py
[2024-12-21T21:15:44.773+0000] {processor.py:914} INFO - Processing file /home/airflow/.local/lib/python3.12/site-packages/airflow/example_dags/example_sensors.py for tasks to queue
[2024-12-21T21:15:44.777+0000] {logging_mixin.py:190} INFO - [2024-12-21T21:15:44.777+0000] {dagbag.py:588} INFO - Filling up the DagBag from /home/airflow/.local/lib/python3.12/site-packages/airflow/example_dags/example_sensors.py
[2024-12-21T21:15:44.797+0000] {processor.py:925} INFO - DAG(s) 'example_sensors' retrieved from /home/airflow/.local/lib/python3.12/site-packages/airflow/example_dags/example_sensors.py
[2024-12-21T21:15:44.856+0000] {logging_mixin.py:190} INFO - [2024-12-21T21:15:44.856+0000] {dag.py:3239} INFO - Sync 1 DAGs
[2024-12-21T21:15:44.892+0000] {logging_mixin.py:190} INFO - [2024-12-21T21:15:44.892+0000] {dag.py:4180} INFO - Setting next_dagrun for example_sensors to None, run_after=None
[2024-12-21T21:15:44.969+0000] {processor.py:208} INFO - Processing /home/airflow/.local/lib/python3.12/site-packages/airflow/example_dags/example_sensors.py took 0.209 seconds
[2024-12-21T21:16:17.515+0000] {processor.py:186} INFO - Started process (PID=3192) to work on /home/airflow/.local/lib/python3.12/site-packages/airflow/example_dags/example_sensors.py
[2024-12-21T21:16:17.517+0000] {processor.py:914} INFO - Processing file /home/airflow/.local/lib/python3.12/site-packages/airflow/example_dags/example_sensors.py for tasks to queue
[2024-12-21T21:16:17.522+0000] {logging_mixin.py:190} INFO - [2024-12-21T21:16:17.522+0000] {dagbag.py:588} INFO - Filling up the DagBag from /home/airflow/.local/lib/python3.12/site-packages/airflow/example_dags/example_sensors.py
[2024-12-21T21:16:17.553+0000] {processor.py:925} INFO - DAG(s) 'example_sensors' retrieved from /home/airflow/.local/lib/python3.12/site-packages/airflow/example_dags/example_sensors.py
[2024-12-21T21:16:17.622+0000] {logging_mixin.py:190} INFO - [2024-12-21T21:16:17.621+0000] {dag.py:3239} INFO - Sync 1 DAGs
[2024-12-21T21:16:17.665+0000] {logging_mixin.py:190} INFO - [2024-12-21T21:16:17.665+0000] {dag.py:4180} INFO - Setting next_dagrun for example_sensors to None, run_after=None
[2024-12-21T21:16:17.744+0000] {processor.py:208} INFO - Processing /home/airflow/.local/lib/python3.12/site-packages/airflow/example_dags/example_sensors.py took 0.245 seconds
[2024-12-21T21:16:48.377+0000] {processor.py:186} INFO - Started process (PID=3437) to work on /home/airflow/.local/lib/python3.12/site-packages/airflow/example_dags/example_sensors.py
[2024-12-21T21:16:48.379+0000] {processor.py:914} INFO - Processing file /home/airflow/.local/lib/python3.12/site-packages/airflow/example_dags/example_sensors.py for tasks to queue
[2024-12-21T21:16:48.384+0000] {logging_mixin.py:190} INFO - [2024-12-21T21:16:48.383+0000] {dagbag.py:588} INFO - Filling up the DagBag from /home/airflow/.local/lib/python3.12/site-packages/airflow/example_dags/example_sensors.py
[2024-12-21T21:16:48.411+0000] {processor.py:925} INFO - DAG(s) 'example_sensors' retrieved from /home/airflow/.local/lib/python3.12/site-packages/airflow/example_dags/example_sensors.py
[2024-12-21T21:16:48.479+0000] {logging_mixin.py:190} INFO - [2024-12-21T21:16:48.479+0000] {dag.py:3239} INFO - Sync 1 DAGs
[2024-12-21T21:16:48.518+0000] {logging_mixin.py:190} INFO - [2024-12-21T21:16:48.517+0000] {dag.py:4180} INFO - Setting next_dagrun for example_sensors to None, run_after=None
[2024-12-21T21:16:48.583+0000] {processor.py:208} INFO - Processing /home/airflow/.local/lib/python3.12/site-packages/airflow/example_dags/example_sensors.py took 0.218 seconds
[2024-12-21T21:17:19.156+0000] {processor.py:186} INFO - Started process (PID=3713) to work on /home/airflow/.local/lib/python3.12/site-packages/airflow/example_dags/example_sensors.py
[2024-12-21T21:17:19.158+0000] {processor.py:914} INFO - Processing file /home/airflow/.local/lib/python3.12/site-packages/airflow/example_dags/example_sensors.py for tasks to queue
[2024-12-21T21:17:19.163+0000] {logging_mixin.py:190} INFO - [2024-12-21T21:17:19.162+0000] {dagbag.py:588} INFO - Filling up the DagBag from /home/airflow/.local/lib/python3.12/site-packages/airflow/example_dags/example_sensors.py
[2024-12-21T21:17:19.185+0000] {processor.py:925} INFO - DAG(s) 'example_sensors' retrieved from /home/airflow/.local/lib/python3.12/site-packages/airflow/example_dags/example_sensors.py
[2024-12-21T21:17:19.247+0000] {logging_mixin.py:190} INFO - [2024-12-21T21:17:19.247+0000] {dag.py:3239} INFO - Sync 1 DAGs
[2024-12-21T21:17:19.276+0000] {logging_mixin.py:190} INFO - [2024-12-21T21:17:19.276+0000] {dag.py:4180} INFO - Setting next_dagrun for example_sensors to None, run_after=None
[2024-12-21T21:17:19.341+0000] {processor.py:208} INFO - Processing /home/airflow/.local/lib/python3.12/site-packages/airflow/example_dags/example_sensors.py took 0.198 seconds
[2024-12-21T21:17:50.689+0000] {processor.py:186} INFO - Started process (PID=3976) to work on /home/airflow/.local/lib/python3.12/site-packages/airflow/example_dags/example_sensors.py
[2024-12-21T21:17:50.692+0000] {processor.py:914} INFO - Processing file /home/airflow/.local/lib/python3.12/site-packages/airflow/example_dags/example_sensors.py for tasks to queue
[2024-12-21T21:17:50.697+0000] {logging_mixin.py:190} INFO - [2024-12-21T21:17:50.696+0000] {dagbag.py:588} INFO - Filling up the DagBag from /home/airflow/.local/lib/python3.12/site-packages/airflow/example_dags/example_sensors.py
[2024-12-21T21:17:50.728+0000] {processor.py:925} INFO - DAG(s) 'example_sensors' retrieved from /home/airflow/.local/lib/python3.12/site-packages/airflow/example_dags/example_sensors.py
[2024-12-21T21:17:50.802+0000] {logging_mixin.py:190} INFO - [2024-12-21T21:17:50.802+0000] {dag.py:3239} INFO - Sync 1 DAGs
[2024-12-21T21:17:50.845+0000] {logging_mixin.py:190} INFO - [2024-12-21T21:17:50.845+0000] {dag.py:4180} INFO - Setting next_dagrun for example_sensors to None, run_after=None
[2024-12-21T21:17:50.899+0000] {processor.py:208} INFO - Processing /home/airflow/.local/lib/python3.12/site-packages/airflow/example_dags/example_sensors.py took 0.224 seconds
[2024-12-21T21:18:22.516+0000] {processor.py:186} INFO - Started process (PID=4270) to work on /home/airflow/.local/lib/python3.12/site-packages/airflow/example_dags/example_sensors.py
[2024-12-21T21:18:22.518+0000] {processor.py:914} INFO - Processing file /home/airflow/.local/lib/python3.12/site-packages/airflow/example_dags/example_sensors.py for tasks to queue
[2024-12-21T21:18:22.523+0000] {logging_mixin.py:190} INFO - [2024-12-21T21:18:22.522+0000] {dagbag.py:588} INFO - Filling up the DagBag from /home/airflow/.local/lib/python3.12/site-packages/airflow/example_dags/example_sensors.py
[2024-12-21T21:18:22.548+0000] {processor.py:925} INFO - DAG(s) 'example_sensors' retrieved from /home/airflow/.local/lib/python3.12/site-packages/airflow/example_dags/example_sensors.py
[2024-12-21T21:18:22.607+0000] {logging_mixin.py:190} INFO - [2024-12-21T21:18:22.607+0000] {dag.py:3239} INFO - Sync 1 DAGs
[2024-12-21T21:18:22.644+0000] {logging_mixin.py:190} INFO - [2024-12-21T21:18:22.643+0000] {dag.py:4180} INFO - Setting next_dagrun for example_sensors to None, run_after=None
[2024-12-21T21:18:22.725+0000] {processor.py:208} INFO - Processing /home/airflow/.local/lib/python3.12/site-packages/airflow/example_dags/example_sensors.py took 0.223 seconds
[2024-12-21T21:18:53.699+0000] {processor.py:186} INFO - Started process (PID=4561) to work on /home/airflow/.local/lib/python3.12/site-packages/airflow/example_dags/example_sensors.py
[2024-12-21T21:18:53.701+0000] {processor.py:914} INFO - Processing file /home/airflow/.local/lib/python3.12/site-packages/airflow/example_dags/example_sensors.py for tasks to queue
[2024-12-21T21:18:53.705+0000] {logging_mixin.py:190} INFO - [2024-12-21T21:18:53.705+0000] {dagbag.py:588} INFO - Filling up the DagBag from /home/airflow/.local/lib/python3.12/site-packages/airflow/example_dags/example_sensors.py
[2024-12-21T21:18:53.731+0000] {processor.py:925} INFO - DAG(s) 'example_sensors' retrieved from /home/airflow/.local/lib/python3.12/site-packages/airflow/example_dags/example_sensors.py
[2024-12-21T21:18:53.797+0000] {logging_mixin.py:190} INFO - [2024-12-21T21:18:53.796+0000] {dag.py:3239} INFO - Sync 1 DAGs
[2024-12-21T21:18:53.849+0000] {logging_mixin.py:190} INFO - [2024-12-21T21:18:53.848+0000] {dag.py:4180} INFO - Setting next_dagrun for example_sensors to None, run_after=None
[2024-12-21T21:18:53.925+0000] {processor.py:208} INFO - Processing /home/airflow/.local/lib/python3.12/site-packages/airflow/example_dags/example_sensors.py took 0.238 seconds
[2024-12-21T21:19:24.357+0000] {processor.py:186} INFO - Started process (PID=4849) to work on /home/airflow/.local/lib/python3.12/site-packages/airflow/example_dags/example_sensors.py
[2024-12-21T21:19:24.359+0000] {processor.py:914} INFO - Processing file /home/airflow/.local/lib/python3.12/site-packages/airflow/example_dags/example_sensors.py for tasks to queue
[2024-12-21T21:19:24.363+0000] {logging_mixin.py:190} INFO - [2024-12-21T21:19:24.363+0000] {dagbag.py:588} INFO - Filling up the DagBag from /home/airflow/.local/lib/python3.12/site-packages/airflow/example_dags/example_sensors.py
[2024-12-21T21:19:24.384+0000] {processor.py:925} INFO - DAG(s) 'example_sensors' retrieved from /home/airflow/.local/lib/python3.12/site-packages/airflow/example_dags/example_sensors.py
[2024-12-21T21:19:24.455+0000] {logging_mixin.py:190} INFO - [2024-12-21T21:19:24.455+0000] {dag.py:3239} INFO - Sync 1 DAGs
[2024-12-21T21:19:24.485+0000] {logging_mixin.py:190} INFO - [2024-12-21T21:19:24.484+0000] {dag.py:4180} INFO - Setting next_dagrun for example_sensors to None, run_after=None
[2024-12-21T21:19:24.537+0000] {processor.py:208} INFO - Processing /home/airflow/.local/lib/python3.12/site-packages/airflow/example_dags/example_sensors.py took 0.192 seconds
[2024-12-21T21:19:54.833+0000] {processor.py:186} INFO - Started process (PID=5145) to work on /home/airflow/.local/lib/python3.12/site-packages/airflow/example_dags/example_sensors.py
[2024-12-21T21:19:54.835+0000] {processor.py:914} INFO - Processing file /home/airflow/.local/lib/python3.12/site-packages/airflow/example_dags/example_sensors.py for tasks to queue
[2024-12-21T21:19:54.839+0000] {logging_mixin.py:190} INFO - [2024-12-21T21:19:54.838+0000] {dagbag.py:588} INFO - Filling up the DagBag from /home/airflow/.local/lib/python3.12/site-packages/airflow/example_dags/example_sensors.py
[2024-12-21T21:19:54.860+0000] {processor.py:925} INFO - DAG(s) 'example_sensors' retrieved from /home/airflow/.local/lib/python3.12/site-packages/airflow/example_dags/example_sensors.py
[2024-12-21T21:19:54.923+0000] {logging_mixin.py:190} INFO - [2024-12-21T21:19:54.922+0000] {dag.py:3239} INFO - Sync 1 DAGs
[2024-12-21T21:19:54.955+0000] {logging_mixin.py:190} INFO - [2024-12-21T21:19:54.954+0000] {dag.py:4180} INFO - Setting next_dagrun for example_sensors to None, run_after=None
[2024-12-21T21:19:55.001+0000] {processor.py:208} INFO - Processing /home/airflow/.local/lib/python3.12/site-packages/airflow/example_dags/example_sensors.py took 0.179 seconds
[2024-12-21T21:20:25.478+0000] {processor.py:186} INFO - Started process (PID=5440) to work on /home/airflow/.local/lib/python3.12/site-packages/airflow/example_dags/example_sensors.py
[2024-12-21T21:20:25.480+0000] {processor.py:914} INFO - Processing file /home/airflow/.local/lib/python3.12/site-packages/airflow/example_dags/example_sensors.py for tasks to queue
[2024-12-21T21:20:25.486+0000] {logging_mixin.py:190} INFO - [2024-12-21T21:20:25.485+0000] {dagbag.py:588} INFO - Filling up the DagBag from /home/airflow/.local/lib/python3.12/site-packages/airflow/example_dags/example_sensors.py
[2024-12-21T21:20:25.514+0000] {processor.py:925} INFO - DAG(s) 'example_sensors' retrieved from /home/airflow/.local/lib/python3.12/site-packages/airflow/example_dags/example_sensors.py
[2024-12-21T21:20:25.577+0000] {logging_mixin.py:190} INFO - [2024-12-21T21:20:25.576+0000] {dag.py:3239} INFO - Sync 1 DAGs
[2024-12-21T21:20:25.617+0000] {logging_mixin.py:190} INFO - [2024-12-21T21:20:25.616+0000] {dag.py:4180} INFO - Setting next_dagrun for example_sensors to None, run_after=None
[2024-12-21T21:20:25.689+0000] {processor.py:208} INFO - Processing /home/airflow/.local/lib/python3.12/site-packages/airflow/example_dags/example_sensors.py took 0.223 seconds
[2024-12-21T21:20:56.265+0000] {processor.py:186} INFO - Started process (PID=5729) to work on /home/airflow/.local/lib/python3.12/site-packages/airflow/example_dags/example_sensors.py
[2024-12-21T21:20:56.267+0000] {processor.py:914} INFO - Processing file /home/airflow/.local/lib/python3.12/site-packages/airflow/example_dags/example_sensors.py for tasks to queue
[2024-12-21T21:20:56.273+0000] {logging_mixin.py:190} INFO - [2024-12-21T21:20:56.272+0000] {dagbag.py:588} INFO - Filling up the DagBag from /home/airflow/.local/lib/python3.12/site-packages/airflow/example_dags/example_sensors.py
[2024-12-21T21:20:56.300+0000] {processor.py:925} INFO - DAG(s) 'example_sensors' retrieved from /home/airflow/.local/lib/python3.12/site-packages/airflow/example_dags/example_sensors.py
[2024-12-21T21:20:56.364+0000] {logging_mixin.py:190} INFO - [2024-12-21T21:20:56.363+0000] {dag.py:3239} INFO - Sync 1 DAGs
[2024-12-21T21:20:56.396+0000] {logging_mixin.py:190} INFO - [2024-12-21T21:20:56.395+0000] {dag.py:4180} INFO - Setting next_dagrun for example_sensors to None, run_after=None
[2024-12-21T21:20:56.464+0000] {processor.py:208} INFO - Processing /home/airflow/.local/lib/python3.12/site-packages/airflow/example_dags/example_sensors.py took 0.213 seconds
[2024-12-21T21:21:27.432+0000] {processor.py:186} INFO - Started process (PID=6029) to work on /home/airflow/.local/lib/python3.12/site-packages/airflow/example_dags/example_sensors.py
[2024-12-21T21:21:27.444+0000] {processor.py:914} INFO - Processing file /home/airflow/.local/lib/python3.12/site-packages/airflow/example_dags/example_sensors.py for tasks to queue
[2024-12-21T21:21:27.452+0000] {logging_mixin.py:190} INFO - [2024-12-21T21:21:27.451+0000] {dagbag.py:588} INFO - Filling up the DagBag from /home/airflow/.local/lib/python3.12/site-packages/airflow/example_dags/example_sensors.py
[2024-12-21T21:21:27.495+0000] {processor.py:925} INFO - DAG(s) 'example_sensors' retrieved from /home/airflow/.local/lib/python3.12/site-packages/airflow/example_dags/example_sensors.py
[2024-12-21T21:21:27.569+0000] {logging_mixin.py:190} INFO - [2024-12-21T21:21:27.568+0000] {dag.py:3239} INFO - Sync 1 DAGs
[2024-12-21T21:21:27.600+0000] {logging_mixin.py:190} INFO - [2024-12-21T21:21:27.600+0000] {dag.py:4180} INFO - Setting next_dagrun for example_sensors to None, run_after=None
[2024-12-21T21:21:27.658+0000] {processor.py:208} INFO - Processing /home/airflow/.local/lib/python3.12/site-packages/airflow/example_dags/example_sensors.py took 0.250 seconds
[2024-12-21T21:21:57.801+0000] {processor.py:186} INFO - Started process (PID=6323) to work on /home/airflow/.local/lib/python3.12/site-packages/airflow/example_dags/example_sensors.py
[2024-12-21T21:21:57.803+0000] {processor.py:914} INFO - Processing file /home/airflow/.local/lib/python3.12/site-packages/airflow/example_dags/example_sensors.py for tasks to queue
[2024-12-21T21:21:57.808+0000] {logging_mixin.py:190} INFO - [2024-12-21T21:21:57.807+0000] {dagbag.py:588} INFO - Filling up the DagBag from /home/airflow/.local/lib/python3.12/site-packages/airflow/example_dags/example_sensors.py
[2024-12-21T21:21:57.830+0000] {processor.py:925} INFO - DAG(s) 'example_sensors' retrieved from /home/airflow/.local/lib/python3.12/site-packages/airflow/example_dags/example_sensors.py
[2024-12-21T21:21:57.884+0000] {logging_mixin.py:190} INFO - [2024-12-21T21:21:57.883+0000] {dag.py:3239} INFO - Sync 1 DAGs
[2024-12-21T21:21:57.917+0000] {logging_mixin.py:190} INFO - [2024-12-21T21:21:57.916+0000] {dag.py:4180} INFO - Setting next_dagrun for example_sensors to None, run_after=None
[2024-12-21T21:21:57.961+0000] {processor.py:208} INFO - Processing /home/airflow/.local/lib/python3.12/site-packages/airflow/example_dags/example_sensors.py took 0.171 seconds
[2024-12-21T21:22:28.129+0000] {processor.py:186} INFO - Started process (PID=6616) to work on /home/airflow/.local/lib/python3.12/site-packages/airflow/example_dags/example_sensors.py
[2024-12-21T21:22:28.131+0000] {processor.py:914} INFO - Processing file /home/airflow/.local/lib/python3.12/site-packages/airflow/example_dags/example_sensors.py for tasks to queue
[2024-12-21T21:22:28.137+0000] {logging_mixin.py:190} INFO - [2024-12-21T21:22:28.136+0000] {dagbag.py:588} INFO - Filling up the DagBag from /home/airflow/.local/lib/python3.12/site-packages/airflow/example_dags/example_sensors.py
[2024-12-21T21:22:28.163+0000] {processor.py:925} INFO - DAG(s) 'example_sensors' retrieved from /home/airflow/.local/lib/python3.12/site-packages/airflow/example_dags/example_sensors.py
[2024-12-21T21:22:28.224+0000] {logging_mixin.py:190} INFO - [2024-12-21T21:22:28.223+0000] {dag.py:3239} INFO - Sync 1 DAGs
[2024-12-21T21:22:28.259+0000] {logging_mixin.py:190} INFO - [2024-12-21T21:22:28.258+0000] {dag.py:4180} INFO - Setting next_dagrun for example_sensors to None, run_after=None
[2024-12-21T21:22:28.329+0000] {processor.py:208} INFO - Processing /home/airflow/.local/lib/python3.12/site-packages/airflow/example_dags/example_sensors.py took 0.213 seconds
[2024-12-21T21:22:58.586+0000] {processor.py:186} INFO - Started process (PID=6913) to work on /home/airflow/.local/lib/python3.12/site-packages/airflow/example_dags/example_sensors.py
[2024-12-21T21:22:58.588+0000] {processor.py:914} INFO - Processing file /home/airflow/.local/lib/python3.12/site-packages/airflow/example_dags/example_sensors.py for tasks to queue
[2024-12-21T21:22:58.596+0000] {logging_mixin.py:190} INFO - [2024-12-21T21:22:58.594+0000] {dagbag.py:588} INFO - Filling up the DagBag from /home/airflow/.local/lib/python3.12/site-packages/airflow/example_dags/example_sensors.py
[2024-12-21T21:22:58.624+0000] {processor.py:925} INFO - DAG(s) 'example_sensors' retrieved from /home/airflow/.local/lib/python3.12/site-packages/airflow/example_dags/example_sensors.py
[2024-12-21T21:22:58.690+0000] {logging_mixin.py:190} INFO - [2024-12-21T21:22:58.690+0000] {dag.py:3239} INFO - Sync 1 DAGs
[2024-12-21T21:22:58.722+0000] {logging_mixin.py:190} INFO - [2024-12-21T21:22:58.722+0000] {dag.py:4180} INFO - Setting next_dagrun for example_sensors to None, run_after=None
[2024-12-21T21:22:58.787+0000] {processor.py:208} INFO - Processing /home/airflow/.local/lib/python3.12/site-packages/airflow/example_dags/example_sensors.py took 0.220 seconds
[2024-12-21T21:23:28.976+0000] {processor.py:186} INFO - Started process (PID=7209) to work on /home/airflow/.local/lib/python3.12/site-packages/airflow/example_dags/example_sensors.py
[2024-12-21T21:23:28.978+0000] {processor.py:914} INFO - Processing file /home/airflow/.local/lib/python3.12/site-packages/airflow/example_dags/example_sensors.py for tasks to queue
[2024-12-21T21:23:28.983+0000] {logging_mixin.py:190} INFO - [2024-12-21T21:23:28.983+0000] {dagbag.py:588} INFO - Filling up the DagBag from /home/airflow/.local/lib/python3.12/site-packages/airflow/example_dags/example_sensors.py
[2024-12-21T21:23:29.008+0000] {processor.py:925} INFO - DAG(s) 'example_sensors' retrieved from /home/airflow/.local/lib/python3.12/site-packages/airflow/example_dags/example_sensors.py
[2024-12-21T21:23:29.064+0000] {logging_mixin.py:190} INFO - [2024-12-21T21:23:29.063+0000] {dag.py:3239} INFO - Sync 1 DAGs
[2024-12-21T21:23:29.091+0000] {logging_mixin.py:190} INFO - [2024-12-21T21:23:29.090+0000] {dag.py:4180} INFO - Setting next_dagrun for example_sensors to None, run_after=None
[2024-12-21T21:23:29.130+0000] {processor.py:208} INFO - Processing /home/airflow/.local/lib/python3.12/site-packages/airflow/example_dags/example_sensors.py took 0.175 seconds
[2024-12-21T21:23:59.235+0000] {processor.py:186} INFO - Started process (PID=7505) to work on /home/airflow/.local/lib/python3.12/site-packages/airflow/example_dags/example_sensors.py
[2024-12-21T21:23:59.238+0000] {processor.py:914} INFO - Processing file /home/airflow/.local/lib/python3.12/site-packages/airflow/example_dags/example_sensors.py for tasks to queue
[2024-12-21T21:23:59.243+0000] {logging_mixin.py:190} INFO - [2024-12-21T21:23:59.242+0000] {dagbag.py:588} INFO - Filling up the DagBag from /home/airflow/.local/lib/python3.12/site-packages/airflow/example_dags/example_sensors.py
[2024-12-21T21:23:59.265+0000] {processor.py:925} INFO - DAG(s) 'example_sensors' retrieved from /home/airflow/.local/lib/python3.12/site-packages/airflow/example_dags/example_sensors.py
[2024-12-21T21:23:59.326+0000] {logging_mixin.py:190} INFO - [2024-12-21T21:23:59.325+0000] {dag.py:3239} INFO - Sync 1 DAGs
[2024-12-21T21:23:59.360+0000] {logging_mixin.py:190} INFO - [2024-12-21T21:23:59.360+0000] {dag.py:4180} INFO - Setting next_dagrun for example_sensors to None, run_after=None
[2024-12-21T21:23:59.409+0000] {processor.py:208} INFO - Processing /home/airflow/.local/lib/python3.12/site-packages/airflow/example_dags/example_sensors.py took 0.184 seconds
[2024-12-21T21:26:27.673+0000] {processor.py:186} INFO - Started process (PID=225) to work on /home/airflow/.local/lib/python3.12/site-packages/airflow/example_dags/example_sensors.py
[2024-12-21T21:26:27.674+0000] {processor.py:914} INFO - Processing file /home/airflow/.local/lib/python3.12/site-packages/airflow/example_dags/example_sensors.py for tasks to queue
[2024-12-21T21:26:27.678+0000] {logging_mixin.py:190} INFO - [2024-12-21T21:26:27.678+0000] {dagbag.py:588} INFO - Filling up the DagBag from /home/airflow/.local/lib/python3.12/site-packages/airflow/example_dags/example_sensors.py
[2024-12-21T21:26:27.703+0000] {processor.py:925} INFO - DAG(s) 'example_sensors' retrieved from /home/airflow/.local/lib/python3.12/site-packages/airflow/example_dags/example_sensors.py
[2024-12-21T21:26:27.775+0000] {logging_mixin.py:190} INFO - [2024-12-21T21:26:27.774+0000] {dag.py:3239} INFO - Sync 1 DAGs
[2024-12-21T21:26:27.810+0000] {logging_mixin.py:190} INFO - [2024-12-21T21:26:27.809+0000] {dag.py:4180} INFO - Setting next_dagrun for example_sensors to None, run_after=None
[2024-12-21T21:26:27.848+0000] {processor.py:208} INFO - Processing /home/airflow/.local/lib/python3.12/site-packages/airflow/example_dags/example_sensors.py took 0.186 seconds
[2024-12-21T21:26:58.298+0000] {processor.py:186} INFO - Started process (PID=521) to work on /home/airflow/.local/lib/python3.12/site-packages/airflow/example_dags/example_sensors.py
[2024-12-21T21:26:58.300+0000] {processor.py:914} INFO - Processing file /home/airflow/.local/lib/python3.12/site-packages/airflow/example_dags/example_sensors.py for tasks to queue
[2024-12-21T21:26:58.303+0000] {logging_mixin.py:190} INFO - [2024-12-21T21:26:58.303+0000] {dagbag.py:588} INFO - Filling up the DagBag from /home/airflow/.local/lib/python3.12/site-packages/airflow/example_dags/example_sensors.py
[2024-12-21T21:26:58.327+0000] {processor.py:925} INFO - DAG(s) 'example_sensors' retrieved from /home/airflow/.local/lib/python3.12/site-packages/airflow/example_dags/example_sensors.py
[2024-12-21T21:26:58.401+0000] {logging_mixin.py:190} INFO - [2024-12-21T21:26:58.401+0000] {dag.py:3239} INFO - Sync 1 DAGs
[2024-12-21T21:26:58.434+0000] {logging_mixin.py:190} INFO - [2024-12-21T21:26:58.433+0000] {dag.py:4180} INFO - Setting next_dagrun for example_sensors to None, run_after=None
[2024-12-21T21:26:58.478+0000] {processor.py:208} INFO - Processing /home/airflow/.local/lib/python3.12/site-packages/airflow/example_dags/example_sensors.py took 0.193 seconds
[2024-12-21T21:27:28.989+0000] {processor.py:186} INFO - Started process (PID=817) to work on /home/airflow/.local/lib/python3.12/site-packages/airflow/example_dags/example_sensors.py
[2024-12-21T21:27:28.992+0000] {processor.py:914} INFO - Processing file /home/airflow/.local/lib/python3.12/site-packages/airflow/example_dags/example_sensors.py for tasks to queue
[2024-12-21T21:27:28.999+0000] {logging_mixin.py:190} INFO - [2024-12-21T21:27:28.998+0000] {dagbag.py:588} INFO - Filling up the DagBag from /home/airflow/.local/lib/python3.12/site-packages/airflow/example_dags/example_sensors.py
[2024-12-21T21:27:29.034+0000] {processor.py:925} INFO - DAG(s) 'example_sensors' retrieved from /home/airflow/.local/lib/python3.12/site-packages/airflow/example_dags/example_sensors.py
[2024-12-21T21:27:29.135+0000] {logging_mixin.py:190} INFO - [2024-12-21T21:27:29.134+0000] {dag.py:3239} INFO - Sync 1 DAGs
[2024-12-21T21:27:29.170+0000] {logging_mixin.py:190} INFO - [2024-12-21T21:27:29.169+0000] {dag.py:4180} INFO - Setting next_dagrun for example_sensors to None, run_after=None
[2024-12-21T21:27:29.223+0000] {processor.py:208} INFO - Processing /home/airflow/.local/lib/python3.12/site-packages/airflow/example_dags/example_sensors.py took 0.246 seconds
[2024-12-21T21:27:59.443+0000] {processor.py:186} INFO - Started process (PID=1121) to work on /home/airflow/.local/lib/python3.12/site-packages/airflow/example_dags/example_sensors.py
[2024-12-21T21:27:59.446+0000] {processor.py:914} INFO - Processing file /home/airflow/.local/lib/python3.12/site-packages/airflow/example_dags/example_sensors.py for tasks to queue
[2024-12-21T21:27:59.450+0000] {logging_mixin.py:190} INFO - [2024-12-21T21:27:59.450+0000] {dagbag.py:588} INFO - Filling up the DagBag from /home/airflow/.local/lib/python3.12/site-packages/airflow/example_dags/example_sensors.py
[2024-12-21T21:27:59.471+0000] {processor.py:925} INFO - DAG(s) 'example_sensors' retrieved from /home/airflow/.local/lib/python3.12/site-packages/airflow/example_dags/example_sensors.py
[2024-12-21T21:27:59.526+0000] {logging_mixin.py:190} INFO - [2024-12-21T21:27:59.525+0000] {dag.py:3239} INFO - Sync 1 DAGs
[2024-12-21T21:27:59.555+0000] {logging_mixin.py:190} INFO - [2024-12-21T21:27:59.554+0000] {dag.py:4180} INFO - Setting next_dagrun for example_sensors to None, run_after=None
[2024-12-21T21:27:59.591+0000] {processor.py:208} INFO - Processing /home/airflow/.local/lib/python3.12/site-packages/airflow/example_dags/example_sensors.py took 0.158 seconds
[2024-12-21T21:28:30.154+0000] {processor.py:186} INFO - Started process (PID=1415) to work on /home/airflow/.local/lib/python3.12/site-packages/airflow/example_dags/example_sensors.py
[2024-12-21T21:28:30.156+0000] {processor.py:914} INFO - Processing file /home/airflow/.local/lib/python3.12/site-packages/airflow/example_dags/example_sensors.py for tasks to queue
[2024-12-21T21:28:30.160+0000] {logging_mixin.py:190} INFO - [2024-12-21T21:28:30.160+0000] {dagbag.py:588} INFO - Filling up the DagBag from /home/airflow/.local/lib/python3.12/site-packages/airflow/example_dags/example_sensors.py
[2024-12-21T21:28:30.180+0000] {processor.py:925} INFO - DAG(s) 'example_sensors' retrieved from /home/airflow/.local/lib/python3.12/site-packages/airflow/example_dags/example_sensors.py
[2024-12-21T21:28:30.230+0000] {logging_mixin.py:190} INFO - [2024-12-21T21:28:30.229+0000] {dag.py:3239} INFO - Sync 1 DAGs
[2024-12-21T21:28:30.262+0000] {logging_mixin.py:190} INFO - [2024-12-21T21:28:30.262+0000] {dag.py:4180} INFO - Setting next_dagrun for example_sensors to None, run_after=None
[2024-12-21T21:28:30.303+0000] {processor.py:208} INFO - Processing /home/airflow/.local/lib/python3.12/site-packages/airflow/example_dags/example_sensors.py took 0.160 seconds
[2024-12-21T21:29:01.033+0000] {processor.py:186} INFO - Started process (PID=1711) to work on /home/airflow/.local/lib/python3.12/site-packages/airflow/example_dags/example_sensors.py
[2024-12-21T21:29:01.035+0000] {processor.py:914} INFO - Processing file /home/airflow/.local/lib/python3.12/site-packages/airflow/example_dags/example_sensors.py for tasks to queue
[2024-12-21T21:29:01.039+0000] {logging_mixin.py:190} INFO - [2024-12-21T21:29:01.039+0000] {dagbag.py:588} INFO - Filling up the DagBag from /home/airflow/.local/lib/python3.12/site-packages/airflow/example_dags/example_sensors.py
[2024-12-21T21:29:01.063+0000] {processor.py:925} INFO - DAG(s) 'example_sensors' retrieved from /home/airflow/.local/lib/python3.12/site-packages/airflow/example_dags/example_sensors.py
[2024-12-21T21:29:01.124+0000] {logging_mixin.py:190} INFO - [2024-12-21T21:29:01.123+0000] {dag.py:3239} INFO - Sync 1 DAGs
[2024-12-21T21:29:01.157+0000] {logging_mixin.py:190} INFO - [2024-12-21T21:29:01.157+0000] {dag.py:4180} INFO - Setting next_dagrun for example_sensors to None, run_after=None
[2024-12-21T21:29:01.198+0000] {processor.py:208} INFO - Processing /home/airflow/.local/lib/python3.12/site-packages/airflow/example_dags/example_sensors.py took 0.177 seconds
[2024-12-21T21:29:31.668+0000] {processor.py:186} INFO - Started process (PID=2008) to work on /home/airflow/.local/lib/python3.12/site-packages/airflow/example_dags/example_sensors.py
[2024-12-21T21:29:31.670+0000] {processor.py:914} INFO - Processing file /home/airflow/.local/lib/python3.12/site-packages/airflow/example_dags/example_sensors.py for tasks to queue
[2024-12-21T21:29:31.675+0000] {logging_mixin.py:190} INFO - [2024-12-21T21:29:31.674+0000] {dagbag.py:588} INFO - Filling up the DagBag from /home/airflow/.local/lib/python3.12/site-packages/airflow/example_dags/example_sensors.py
[2024-12-21T21:29:31.697+0000] {processor.py:925} INFO - DAG(s) 'example_sensors' retrieved from /home/airflow/.local/lib/python3.12/site-packages/airflow/example_dags/example_sensors.py
[2024-12-21T21:29:31.768+0000] {logging_mixin.py:190} INFO - [2024-12-21T21:29:31.768+0000] {dag.py:3239} INFO - Sync 1 DAGs
[2024-12-21T21:29:31.803+0000] {logging_mixin.py:190} INFO - [2024-12-21T21:29:31.803+0000] {dag.py:4180} INFO - Setting next_dagrun for example_sensors to None, run_after=None
[2024-12-21T21:29:31.845+0000] {processor.py:208} INFO - Processing /home/airflow/.local/lib/python3.12/site-packages/airflow/example_dags/example_sensors.py took 0.188 seconds
[2024-12-21T21:30:02.278+0000] {processor.py:186} INFO - Started process (PID=2304) to work on /home/airflow/.local/lib/python3.12/site-packages/airflow/example_dags/example_sensors.py
[2024-12-21T21:30:02.280+0000] {processor.py:914} INFO - Processing file /home/airflow/.local/lib/python3.12/site-packages/airflow/example_dags/example_sensors.py for tasks to queue
[2024-12-21T21:30:02.284+0000] {logging_mixin.py:190} INFO - [2024-12-21T21:30:02.284+0000] {dagbag.py:588} INFO - Filling up the DagBag from /home/airflow/.local/lib/python3.12/site-packages/airflow/example_dags/example_sensors.py
[2024-12-21T21:30:02.305+0000] {processor.py:925} INFO - DAG(s) 'example_sensors' retrieved from /home/airflow/.local/lib/python3.12/site-packages/airflow/example_dags/example_sensors.py
[2024-12-21T21:30:02.359+0000] {logging_mixin.py:190} INFO - [2024-12-21T21:30:02.358+0000] {dag.py:3239} INFO - Sync 1 DAGs
[2024-12-21T21:30:02.396+0000] {logging_mixin.py:190} INFO - [2024-12-21T21:30:02.396+0000] {dag.py:4180} INFO - Setting next_dagrun for example_sensors to None, run_after=None
[2024-12-21T21:30:02.438+0000] {processor.py:208} INFO - Processing /home/airflow/.local/lib/python3.12/site-packages/airflow/example_dags/example_sensors.py took 0.171 seconds
[2024-12-21T21:30:32.898+0000] {processor.py:186} INFO - Started process (PID=2600) to work on /home/airflow/.local/lib/python3.12/site-packages/airflow/example_dags/example_sensors.py
[2024-12-21T21:30:32.900+0000] {processor.py:914} INFO - Processing file /home/airflow/.local/lib/python3.12/site-packages/airflow/example_dags/example_sensors.py for tasks to queue
[2024-12-21T21:30:32.905+0000] {logging_mixin.py:190} INFO - [2024-12-21T21:30:32.904+0000] {dagbag.py:588} INFO - Filling up the DagBag from /home/airflow/.local/lib/python3.12/site-packages/airflow/example_dags/example_sensors.py
[2024-12-21T21:30:32.928+0000] {processor.py:925} INFO - DAG(s) 'example_sensors' retrieved from /home/airflow/.local/lib/python3.12/site-packages/airflow/example_dags/example_sensors.py
[2024-12-21T21:30:32.988+0000] {logging_mixin.py:190} INFO - [2024-12-21T21:30:32.987+0000] {dag.py:3239} INFO - Sync 1 DAGs
[2024-12-21T21:30:33.020+0000] {logging_mixin.py:190} INFO - [2024-12-21T21:30:33.020+0000] {dag.py:4180} INFO - Setting next_dagrun for example_sensors to None, run_after=None
[2024-12-21T21:30:33.060+0000] {processor.py:208} INFO - Processing /home/airflow/.local/lib/python3.12/site-packages/airflow/example_dags/example_sensors.py took 0.176 seconds
[2024-12-21T21:31:03.223+0000] {processor.py:186} INFO - Started process (PID=2896) to work on /home/airflow/.local/lib/python3.12/site-packages/airflow/example_dags/example_sensors.py
[2024-12-21T21:31:03.225+0000] {processor.py:914} INFO - Processing file /home/airflow/.local/lib/python3.12/site-packages/airflow/example_dags/example_sensors.py for tasks to queue
[2024-12-21T21:31:03.229+0000] {logging_mixin.py:190} INFO - [2024-12-21T21:31:03.228+0000] {dagbag.py:588} INFO - Filling up the DagBag from /home/airflow/.local/lib/python3.12/site-packages/airflow/example_dags/example_sensors.py
[2024-12-21T21:31:03.249+0000] {processor.py:925} INFO - DAG(s) 'example_sensors' retrieved from /home/airflow/.local/lib/python3.12/site-packages/airflow/example_dags/example_sensors.py
[2024-12-21T21:31:03.308+0000] {logging_mixin.py:190} INFO - [2024-12-21T21:31:03.308+0000] {dag.py:3239} INFO - Sync 1 DAGs
[2024-12-21T21:31:03.344+0000] {logging_mixin.py:190} INFO - [2024-12-21T21:31:03.343+0000] {dag.py:4180} INFO - Setting next_dagrun for example_sensors to None, run_after=None
[2024-12-21T21:31:03.385+0000] {processor.py:208} INFO - Processing /home/airflow/.local/lib/python3.12/site-packages/airflow/example_dags/example_sensors.py took 0.172 seconds
[2024-12-21T21:31:33.659+0000] {processor.py:186} INFO - Started process (PID=3193) to work on /home/airflow/.local/lib/python3.12/site-packages/airflow/example_dags/example_sensors.py
[2024-12-21T21:31:33.661+0000] {processor.py:914} INFO - Processing file /home/airflow/.local/lib/python3.12/site-packages/airflow/example_dags/example_sensors.py for tasks to queue
[2024-12-21T21:31:33.666+0000] {logging_mixin.py:190} INFO - [2024-12-21T21:31:33.665+0000] {dagbag.py:588} INFO - Filling up the DagBag from /home/airflow/.local/lib/python3.12/site-packages/airflow/example_dags/example_sensors.py
[2024-12-21T21:31:33.686+0000] {processor.py:925} INFO - DAG(s) 'example_sensors' retrieved from /home/airflow/.local/lib/python3.12/site-packages/airflow/example_dags/example_sensors.py
[2024-12-21T21:31:33.742+0000] {logging_mixin.py:190} INFO - [2024-12-21T21:31:33.741+0000] {dag.py:3239} INFO - Sync 1 DAGs
[2024-12-21T21:31:33.772+0000] {logging_mixin.py:190} INFO - [2024-12-21T21:31:33.771+0000] {dag.py:4180} INFO - Setting next_dagrun for example_sensors to None, run_after=None
[2024-12-21T21:31:33.836+0000] {processor.py:208} INFO - Processing /home/airflow/.local/lib/python3.12/site-packages/airflow/example_dags/example_sensors.py took 0.189 seconds
[2024-12-21T21:32:04.421+0000] {processor.py:186} INFO - Started process (PID=3489) to work on /home/airflow/.local/lib/python3.12/site-packages/airflow/example_dags/example_sensors.py
[2024-12-21T21:32:04.423+0000] {processor.py:914} INFO - Processing file /home/airflow/.local/lib/python3.12/site-packages/airflow/example_dags/example_sensors.py for tasks to queue
[2024-12-21T21:32:04.428+0000] {logging_mixin.py:190} INFO - [2024-12-21T21:32:04.428+0000] {dagbag.py:588} INFO - Filling up the DagBag from /home/airflow/.local/lib/python3.12/site-packages/airflow/example_dags/example_sensors.py
[2024-12-21T21:32:04.451+0000] {processor.py:925} INFO - DAG(s) 'example_sensors' retrieved from /home/airflow/.local/lib/python3.12/site-packages/airflow/example_dags/example_sensors.py
[2024-12-21T21:32:04.510+0000] {logging_mixin.py:190} INFO - [2024-12-21T21:32:04.510+0000] {dag.py:3239} INFO - Sync 1 DAGs
[2024-12-21T21:32:04.541+0000] {logging_mixin.py:190} INFO - [2024-12-21T21:32:04.541+0000] {dag.py:4180} INFO - Setting next_dagrun for example_sensors to None, run_after=None
[2024-12-21T21:32:04.605+0000] {processor.py:208} INFO - Processing /home/airflow/.local/lib/python3.12/site-packages/airflow/example_dags/example_sensors.py took 0.196 seconds
[2024-12-21T21:32:34.806+0000] {processor.py:186} INFO - Started process (PID=3785) to work on /home/airflow/.local/lib/python3.12/site-packages/airflow/example_dags/example_sensors.py
[2024-12-21T21:32:34.808+0000] {processor.py:914} INFO - Processing file /home/airflow/.local/lib/python3.12/site-packages/airflow/example_dags/example_sensors.py for tasks to queue
[2024-12-21T21:32:34.813+0000] {logging_mixin.py:190} INFO - [2024-12-21T21:32:34.812+0000] {dagbag.py:588} INFO - Filling up the DagBag from /home/airflow/.local/lib/python3.12/site-packages/airflow/example_dags/example_sensors.py
[2024-12-21T21:32:34.840+0000] {processor.py:925} INFO - DAG(s) 'example_sensors' retrieved from /home/airflow/.local/lib/python3.12/site-packages/airflow/example_dags/example_sensors.py
[2024-12-21T21:32:34.901+0000] {logging_mixin.py:190} INFO - [2024-12-21T21:32:34.900+0000] {dag.py:3239} INFO - Sync 1 DAGs
[2024-12-21T21:32:34.932+0000] {logging_mixin.py:190} INFO - [2024-12-21T21:32:34.931+0000] {dag.py:4180} INFO - Setting next_dagrun for example_sensors to None, run_after=None
[2024-12-21T21:32:34.970+0000] {processor.py:208} INFO - Processing /home/airflow/.local/lib/python3.12/site-packages/airflow/example_dags/example_sensors.py took 0.177 seconds
[2024-12-21T21:33:05.850+0000] {processor.py:186} INFO - Started process (PID=4081) to work on /home/airflow/.local/lib/python3.12/site-packages/airflow/example_dags/example_sensors.py
[2024-12-21T21:33:05.853+0000] {processor.py:914} INFO - Processing file /home/airflow/.local/lib/python3.12/site-packages/airflow/example_dags/example_sensors.py for tasks to queue
[2024-12-21T21:33:05.859+0000] {logging_mixin.py:190} INFO - [2024-12-21T21:33:05.858+0000] {dagbag.py:588} INFO - Filling up the DagBag from /home/airflow/.local/lib/python3.12/site-packages/airflow/example_dags/example_sensors.py
[2024-12-21T21:33:05.891+0000] {processor.py:925} INFO - DAG(s) 'example_sensors' retrieved from /home/airflow/.local/lib/python3.12/site-packages/airflow/example_dags/example_sensors.py
[2024-12-21T21:33:05.959+0000] {logging_mixin.py:190} INFO - [2024-12-21T21:33:05.959+0000] {dag.py:3239} INFO - Sync 1 DAGs
[2024-12-21T21:33:05.986+0000] {logging_mixin.py:190} INFO - [2024-12-21T21:33:05.986+0000] {dag.py:4180} INFO - Setting next_dagrun for example_sensors to None, run_after=None
[2024-12-21T21:33:06.052+0000] {processor.py:208} INFO - Processing /home/airflow/.local/lib/python3.12/site-packages/airflow/example_dags/example_sensors.py took 0.218 seconds
[2024-12-21T21:33:36.596+0000] {processor.py:186} INFO - Started process (PID=4377) to work on /home/airflow/.local/lib/python3.12/site-packages/airflow/example_dags/example_sensors.py
[2024-12-21T21:33:36.598+0000] {processor.py:914} INFO - Processing file /home/airflow/.local/lib/python3.12/site-packages/airflow/example_dags/example_sensors.py for tasks to queue
[2024-12-21T21:33:36.602+0000] {logging_mixin.py:190} INFO - [2024-12-21T21:33:36.602+0000] {dagbag.py:588} INFO - Filling up the DagBag from /home/airflow/.local/lib/python3.12/site-packages/airflow/example_dags/example_sensors.py
[2024-12-21T21:33:36.624+0000] {processor.py:925} INFO - DAG(s) 'example_sensors' retrieved from /home/airflow/.local/lib/python3.12/site-packages/airflow/example_dags/example_sensors.py
[2024-12-21T21:33:36.684+0000] {logging_mixin.py:190} INFO - [2024-12-21T21:33:36.683+0000] {dag.py:3239} INFO - Sync 1 DAGs
[2024-12-21T21:33:36.719+0000] {logging_mixin.py:190} INFO - [2024-12-21T21:33:36.718+0000] {dag.py:4180} INFO - Setting next_dagrun for example_sensors to None, run_after=None
[2024-12-21T21:33:36.761+0000] {processor.py:208} INFO - Processing /home/airflow/.local/lib/python3.12/site-packages/airflow/example_dags/example_sensors.py took 0.176 seconds
[2024-12-21T21:34:07.593+0000] {processor.py:186} INFO - Started process (PID=4673) to work on /home/airflow/.local/lib/python3.12/site-packages/airflow/example_dags/example_sensors.py
[2024-12-21T21:34:07.594+0000] {processor.py:914} INFO - Processing file /home/airflow/.local/lib/python3.12/site-packages/airflow/example_dags/example_sensors.py for tasks to queue
[2024-12-21T21:34:07.600+0000] {logging_mixin.py:190} INFO - [2024-12-21T21:34:07.599+0000] {dagbag.py:588} INFO - Filling up the DagBag from /home/airflow/.local/lib/python3.12/site-packages/airflow/example_dags/example_sensors.py
[2024-12-21T21:34:07.622+0000] {processor.py:925} INFO - DAG(s) 'example_sensors' retrieved from /home/airflow/.local/lib/python3.12/site-packages/airflow/example_dags/example_sensors.py
[2024-12-21T21:34:07.675+0000] {logging_mixin.py:190} INFO - [2024-12-21T21:34:07.674+0000] {dag.py:3239} INFO - Sync 1 DAGs
[2024-12-21T21:34:07.706+0000] {logging_mixin.py:190} INFO - [2024-12-21T21:34:07.705+0000] {dag.py:4180} INFO - Setting next_dagrun for example_sensors to None, run_after=None
[2024-12-21T21:34:07.765+0000] {processor.py:208} INFO - Processing /home/airflow/.local/lib/python3.12/site-packages/airflow/example_dags/example_sensors.py took 0.183 seconds
[2024-12-21T21:34:38.122+0000] {processor.py:186} INFO - Started process (PID=4970) to work on /home/airflow/.local/lib/python3.12/site-packages/airflow/example_dags/example_sensors.py
[2024-12-21T21:34:38.124+0000] {processor.py:914} INFO - Processing file /home/airflow/.local/lib/python3.12/site-packages/airflow/example_dags/example_sensors.py for tasks to queue
[2024-12-21T21:34:38.128+0000] {logging_mixin.py:190} INFO - [2024-12-21T21:34:38.128+0000] {dagbag.py:588} INFO - Filling up the DagBag from /home/airflow/.local/lib/python3.12/site-packages/airflow/example_dags/example_sensors.py
[2024-12-21T21:34:38.151+0000] {processor.py:925} INFO - DAG(s) 'example_sensors' retrieved from /home/airflow/.local/lib/python3.12/site-packages/airflow/example_dags/example_sensors.py
[2024-12-21T21:34:38.203+0000] {logging_mixin.py:190} INFO - [2024-12-21T21:34:38.203+0000] {dag.py:3239} INFO - Sync 1 DAGs
[2024-12-21T21:34:38.232+0000] {logging_mixin.py:190} INFO - [2024-12-21T21:34:38.231+0000] {dag.py:4180} INFO - Setting next_dagrun for example_sensors to None, run_after=None
[2024-12-21T21:34:38.269+0000] {processor.py:208} INFO - Processing /home/airflow/.local/lib/python3.12/site-packages/airflow/example_dags/example_sensors.py took 0.158 seconds
[2024-12-21T21:35:08.940+0000] {processor.py:186} INFO - Started process (PID=5231) to work on /home/airflow/.local/lib/python3.12/site-packages/airflow/example_dags/example_sensors.py
[2024-12-21T21:35:08.942+0000] {processor.py:914} INFO - Processing file /home/airflow/.local/lib/python3.12/site-packages/airflow/example_dags/example_sensors.py for tasks to queue
[2024-12-21T21:35:08.946+0000] {logging_mixin.py:190} INFO - [2024-12-21T21:35:08.946+0000] {dagbag.py:588} INFO - Filling up the DagBag from /home/airflow/.local/lib/python3.12/site-packages/airflow/example_dags/example_sensors.py
[2024-12-21T21:35:08.969+0000] {processor.py:925} INFO - DAG(s) 'example_sensors' retrieved from /home/airflow/.local/lib/python3.12/site-packages/airflow/example_dags/example_sensors.py
[2024-12-21T21:35:09.024+0000] {logging_mixin.py:190} INFO - [2024-12-21T21:35:09.023+0000] {dag.py:3239} INFO - Sync 1 DAGs
[2024-12-21T21:35:09.057+0000] {logging_mixin.py:190} INFO - [2024-12-21T21:35:09.056+0000] {dag.py:4180} INFO - Setting next_dagrun for example_sensors to None, run_after=None
[2024-12-21T21:35:09.100+0000] {processor.py:208} INFO - Processing /home/airflow/.local/lib/python3.12/site-packages/airflow/example_dags/example_sensors.py took 0.170 seconds
[2024-12-21T21:35:40.420+0000] {processor.py:186} INFO - Started process (PID=5514) to work on /home/airflow/.local/lib/python3.12/site-packages/airflow/example_dags/example_sensors.py
[2024-12-21T21:35:40.422+0000] {processor.py:914} INFO - Processing file /home/airflow/.local/lib/python3.12/site-packages/airflow/example_dags/example_sensors.py for tasks to queue
[2024-12-21T21:35:40.428+0000] {logging_mixin.py:190} INFO - [2024-12-21T21:35:40.427+0000] {dagbag.py:588} INFO - Filling up the DagBag from /home/airflow/.local/lib/python3.12/site-packages/airflow/example_dags/example_sensors.py
[2024-12-21T21:35:40.456+0000] {processor.py:925} INFO - DAG(s) 'example_sensors' retrieved from /home/airflow/.local/lib/python3.12/site-packages/airflow/example_dags/example_sensors.py
[2024-12-21T21:35:40.517+0000] {logging_mixin.py:190} INFO - [2024-12-21T21:35:40.516+0000] {dag.py:3239} INFO - Sync 1 DAGs
[2024-12-21T21:35:40.554+0000] {logging_mixin.py:190} INFO - [2024-12-21T21:35:40.553+0000] {dag.py:4180} INFO - Setting next_dagrun for example_sensors to None, run_after=None
[2024-12-21T21:35:40.595+0000] {processor.py:208} INFO - Processing /home/airflow/.local/lib/python3.12/site-packages/airflow/example_dags/example_sensors.py took 0.186 seconds
[2024-12-21T21:36:12.178+0000] {processor.py:186} INFO - Started process (PID=5808) to work on /home/airflow/.local/lib/python3.12/site-packages/airflow/example_dags/example_sensors.py
[2024-12-21T21:36:12.181+0000] {processor.py:914} INFO - Processing file /home/airflow/.local/lib/python3.12/site-packages/airflow/example_dags/example_sensors.py for tasks to queue
[2024-12-21T21:36:12.186+0000] {logging_mixin.py:190} INFO - [2024-12-21T21:36:12.185+0000] {dagbag.py:588} INFO - Filling up the DagBag from /home/airflow/.local/lib/python3.12/site-packages/airflow/example_dags/example_sensors.py
[2024-12-21T21:36:12.206+0000] {processor.py:925} INFO - DAG(s) 'example_sensors' retrieved from /home/airflow/.local/lib/python3.12/site-packages/airflow/example_dags/example_sensors.py
[2024-12-21T21:36:12.265+0000] {logging_mixin.py:190} INFO - [2024-12-21T21:36:12.265+0000] {dag.py:3239} INFO - Sync 1 DAGs
[2024-12-21T21:36:12.304+0000] {logging_mixin.py:190} INFO - [2024-12-21T21:36:12.304+0000] {dag.py:4180} INFO - Setting next_dagrun for example_sensors to None, run_after=None
[2024-12-21T21:36:12.345+0000] {processor.py:208} INFO - Processing /home/airflow/.local/lib/python3.12/site-packages/airflow/example_dags/example_sensors.py took 0.178 seconds
[2024-12-21T21:36:42.840+0000] {processor.py:186} INFO - Started process (PID=6101) to work on /home/airflow/.local/lib/python3.12/site-packages/airflow/example_dags/example_sensors.py
[2024-12-21T21:36:42.842+0000] {processor.py:914} INFO - Processing file /home/airflow/.local/lib/python3.12/site-packages/airflow/example_dags/example_sensors.py for tasks to queue
[2024-12-21T21:36:42.846+0000] {logging_mixin.py:190} INFO - [2024-12-21T21:36:42.846+0000] {dagbag.py:588} INFO - Filling up the DagBag from /home/airflow/.local/lib/python3.12/site-packages/airflow/example_dags/example_sensors.py
[2024-12-21T21:36:42.867+0000] {processor.py:925} INFO - DAG(s) 'example_sensors' retrieved from /home/airflow/.local/lib/python3.12/site-packages/airflow/example_dags/example_sensors.py
[2024-12-21T21:36:42.923+0000] {logging_mixin.py:190} INFO - [2024-12-21T21:36:42.922+0000] {dag.py:3239} INFO - Sync 1 DAGs
[2024-12-21T21:36:42.952+0000] {logging_mixin.py:190} INFO - [2024-12-21T21:36:42.951+0000] {dag.py:4180} INFO - Setting next_dagrun for example_sensors to None, run_after=None
[2024-12-21T21:36:43.012+0000] {processor.py:208} INFO - Processing /home/airflow/.local/lib/python3.12/site-packages/airflow/example_dags/example_sensors.py took 0.182 seconds
[2024-12-21T21:37:14.042+0000] {processor.py:186} INFO - Started process (PID=6395) to work on /home/airflow/.local/lib/python3.12/site-packages/airflow/example_dags/example_sensors.py
[2024-12-21T21:37:14.044+0000] {processor.py:914} INFO - Processing file /home/airflow/.local/lib/python3.12/site-packages/airflow/example_dags/example_sensors.py for tasks to queue
[2024-12-21T21:37:14.048+0000] {logging_mixin.py:190} INFO - [2024-12-21T21:37:14.047+0000] {dagbag.py:588} INFO - Filling up the DagBag from /home/airflow/.local/lib/python3.12/site-packages/airflow/example_dags/example_sensors.py
[2024-12-21T21:37:14.069+0000] {processor.py:925} INFO - DAG(s) 'example_sensors' retrieved from /home/airflow/.local/lib/python3.12/site-packages/airflow/example_dags/example_sensors.py
[2024-12-21T21:37:14.122+0000] {logging_mixin.py:190} INFO - [2024-12-21T21:37:14.122+0000] {dag.py:3239} INFO - Sync 1 DAGs
[2024-12-21T21:37:14.151+0000] {logging_mixin.py:190} INFO - [2024-12-21T21:37:14.151+0000] {dag.py:4180} INFO - Setting next_dagrun for example_sensors to None, run_after=None
[2024-12-21T21:37:14.190+0000] {processor.py:208} INFO - Processing /home/airflow/.local/lib/python3.12/site-packages/airflow/example_dags/example_sensors.py took 0.161 seconds
[2024-12-21T21:37:44.462+0000] {processor.py:186} INFO - Started process (PID=6686) to work on /home/airflow/.local/lib/python3.12/site-packages/airflow/example_dags/example_sensors.py
[2024-12-21T21:37:44.464+0000] {processor.py:914} INFO - Processing file /home/airflow/.local/lib/python3.12/site-packages/airflow/example_dags/example_sensors.py for tasks to queue
[2024-12-21T21:37:44.469+0000] {logging_mixin.py:190} INFO - [2024-12-21T21:37:44.468+0000] {dagbag.py:588} INFO - Filling up the DagBag from /home/airflow/.local/lib/python3.12/site-packages/airflow/example_dags/example_sensors.py
[2024-12-21T21:37:44.495+0000] {processor.py:925} INFO - DAG(s) 'example_sensors' retrieved from /home/airflow/.local/lib/python3.12/site-packages/airflow/example_dags/example_sensors.py
[2024-12-21T21:37:44.556+0000] {logging_mixin.py:190} INFO - [2024-12-21T21:37:44.555+0000] {dag.py:3239} INFO - Sync 1 DAGs
[2024-12-21T21:37:44.589+0000] {logging_mixin.py:190} INFO - [2024-12-21T21:37:44.589+0000] {dag.py:4180} INFO - Setting next_dagrun for example_sensors to None, run_after=None
[2024-12-21T21:37:44.655+0000] {processor.py:208} INFO - Processing /home/airflow/.local/lib/python3.12/site-packages/airflow/example_dags/example_sensors.py took 0.205 seconds
[2024-12-21T21:38:14.994+0000] {processor.py:186} INFO - Started process (PID=6977) to work on /home/airflow/.local/lib/python3.12/site-packages/airflow/example_dags/example_sensors.py
[2024-12-21T21:38:14.995+0000] {processor.py:914} INFO - Processing file /home/airflow/.local/lib/python3.12/site-packages/airflow/example_dags/example_sensors.py for tasks to queue
[2024-12-21T21:38:14.999+0000] {logging_mixin.py:190} INFO - [2024-12-21T21:38:14.998+0000] {dagbag.py:588} INFO - Filling up the DagBag from /home/airflow/.local/lib/python3.12/site-packages/airflow/example_dags/example_sensors.py
[2024-12-21T21:38:15.024+0000] {processor.py:925} INFO - DAG(s) 'example_sensors' retrieved from /home/airflow/.local/lib/python3.12/site-packages/airflow/example_dags/example_sensors.py
[2024-12-21T21:38:15.084+0000] {logging_mixin.py:190} INFO - [2024-12-21T21:38:15.083+0000] {dag.py:3239} INFO - Sync 1 DAGs
[2024-12-21T21:38:15.121+0000] {logging_mixin.py:190} INFO - [2024-12-21T21:38:15.120+0000] {dag.py:4180} INFO - Setting next_dagrun for example_sensors to None, run_after=None
[2024-12-21T21:38:15.175+0000] {processor.py:208} INFO - Processing /home/airflow/.local/lib/python3.12/site-packages/airflow/example_dags/example_sensors.py took 0.195 seconds
[2024-12-21T21:38:45.459+0000] {processor.py:186} INFO - Started process (PID=7263) to work on /home/airflow/.local/lib/python3.12/site-packages/airflow/example_dags/example_sensors.py
[2024-12-21T21:38:45.461+0000] {processor.py:914} INFO - Processing file /home/airflow/.local/lib/python3.12/site-packages/airflow/example_dags/example_sensors.py for tasks to queue
[2024-12-21T21:38:45.467+0000] {logging_mixin.py:190} INFO - [2024-12-21T21:38:45.466+0000] {dagbag.py:588} INFO - Filling up the DagBag from /home/airflow/.local/lib/python3.12/site-packages/airflow/example_dags/example_sensors.py
[2024-12-21T21:38:45.499+0000] {processor.py:925} INFO - DAG(s) 'example_sensors' retrieved from /home/airflow/.local/lib/python3.12/site-packages/airflow/example_dags/example_sensors.py
[2024-12-21T21:38:45.568+0000] {logging_mixin.py:190} INFO - [2024-12-21T21:38:45.567+0000] {dag.py:3239} INFO - Sync 1 DAGs
[2024-12-21T21:38:45.609+0000] {logging_mixin.py:190} INFO - [2024-12-21T21:38:45.608+0000] {dag.py:4180} INFO - Setting next_dagrun for example_sensors to None, run_after=None
[2024-12-21T21:38:45.662+0000] {processor.py:208} INFO - Processing /home/airflow/.local/lib/python3.12/site-packages/airflow/example_dags/example_sensors.py took 0.219 seconds
[2024-12-21T21:39:16.165+0000] {processor.py:186} INFO - Started process (PID=7559) to work on /home/airflow/.local/lib/python3.12/site-packages/airflow/example_dags/example_sensors.py
[2024-12-21T21:39:16.167+0000] {processor.py:914} INFO - Processing file /home/airflow/.local/lib/python3.12/site-packages/airflow/example_dags/example_sensors.py for tasks to queue
[2024-12-21T21:39:16.174+0000] {logging_mixin.py:190} INFO - [2024-12-21T21:39:16.173+0000] {dagbag.py:588} INFO - Filling up the DagBag from /home/airflow/.local/lib/python3.12/site-packages/airflow/example_dags/example_sensors.py
[2024-12-21T21:39:16.214+0000] {processor.py:925} INFO - DAG(s) 'example_sensors' retrieved from /home/airflow/.local/lib/python3.12/site-packages/airflow/example_dags/example_sensors.py
[2024-12-21T21:39:16.291+0000] {logging_mixin.py:190} INFO - [2024-12-21T21:39:16.291+0000] {dag.py:3239} INFO - Sync 1 DAGs
[2024-12-21T21:39:16.336+0000] {logging_mixin.py:190} INFO - [2024-12-21T21:39:16.335+0000] {dag.py:4180} INFO - Setting next_dagrun for example_sensors to None, run_after=None
[2024-12-21T21:39:16.396+0000] {processor.py:208} INFO - Processing /home/airflow/.local/lib/python3.12/site-packages/airflow/example_dags/example_sensors.py took 0.248 seconds
[2024-12-21T21:39:46.840+0000] {processor.py:186} INFO - Started process (PID=7852) to work on /home/airflow/.local/lib/python3.12/site-packages/airflow/example_dags/example_sensors.py
[2024-12-21T21:39:46.842+0000] {processor.py:914} INFO - Processing file /home/airflow/.local/lib/python3.12/site-packages/airflow/example_dags/example_sensors.py for tasks to queue
[2024-12-21T21:39:46.848+0000] {logging_mixin.py:190} INFO - [2024-12-21T21:39:46.848+0000] {dagbag.py:588} INFO - Filling up the DagBag from /home/airflow/.local/lib/python3.12/site-packages/airflow/example_dags/example_sensors.py
[2024-12-21T21:39:46.881+0000] {processor.py:925} INFO - DAG(s) 'example_sensors' retrieved from /home/airflow/.local/lib/python3.12/site-packages/airflow/example_dags/example_sensors.py
[2024-12-21T21:39:46.955+0000] {logging_mixin.py:190} INFO - [2024-12-21T21:39:46.954+0000] {dag.py:3239} INFO - Sync 1 DAGs
[2024-12-21T21:39:46.996+0000] {logging_mixin.py:190} INFO - [2024-12-21T21:39:46.995+0000] {dag.py:4180} INFO - Setting next_dagrun for example_sensors to None, run_after=None
[2024-12-21T21:39:47.071+0000] {processor.py:208} INFO - Processing /home/airflow/.local/lib/python3.12/site-packages/airflow/example_dags/example_sensors.py took 0.245 seconds
[2024-12-21T21:40:17.238+0000] {processor.py:186} INFO - Started process (PID=8148) to work on /home/airflow/.local/lib/python3.12/site-packages/airflow/example_dags/example_sensors.py
[2024-12-21T21:40:17.241+0000] {processor.py:914} INFO - Processing file /home/airflow/.local/lib/python3.12/site-packages/airflow/example_dags/example_sensors.py for tasks to queue
[2024-12-21T21:40:17.247+0000] {logging_mixin.py:190} INFO - [2024-12-21T21:40:17.246+0000] {dagbag.py:588} INFO - Filling up the DagBag from /home/airflow/.local/lib/python3.12/site-packages/airflow/example_dags/example_sensors.py
[2024-12-21T21:40:17.280+0000] {processor.py:925} INFO - DAG(s) 'example_sensors' retrieved from /home/airflow/.local/lib/python3.12/site-packages/airflow/example_dags/example_sensors.py
[2024-12-21T21:40:17.364+0000] {logging_mixin.py:190} INFO - [2024-12-21T21:40:17.363+0000] {dag.py:3239} INFO - Sync 1 DAGs
[2024-12-21T21:40:17.406+0000] {logging_mixin.py:190} INFO - [2024-12-21T21:40:17.406+0000] {dag.py:4180} INFO - Setting next_dagrun for example_sensors to None, run_after=None
[2024-12-21T21:40:17.486+0000] {processor.py:208} INFO - Processing /home/airflow/.local/lib/python3.12/site-packages/airflow/example_dags/example_sensors.py took 0.262 seconds
