[2024-12-21T21:11:10.115+0000] {processor.py:186} INFO - Started process (PID=242) to work on /home/airflow/.local/lib/python3.12/site-packages/airflow/example_dags/example_sla_dag.py
[2024-12-21T21:11:10.117+0000] {processor.py:914} INFO - Processing file /home/airflow/.local/lib/python3.12/site-packages/airflow/example_dags/example_sla_dag.py for tasks to queue
[2024-12-21T21:11:10.122+0000] {logging_mixin.py:190} INFO - [2024-12-21T21:11:10.122+0000] {dagbag.py:588} INFO - Filling up the DagBag from /home/airflow/.local/lib/python3.12/site-packages/airflow/example_dags/example_sla_dag.py
[2024-12-21T21:11:10.156+0000] {processor.py:925} INFO - DAG(s) 'example_sla_dag' retrieved from /home/airflow/.local/lib/python3.12/site-packages/airflow/example_dags/example_sla_dag.py
[2024-12-21T21:11:10.426+0000] {logging_mixin.py:190} INFO - [2024-12-21T21:11:10.424+0000] {override.py:1911} INFO - Created Permission View: can delete on DAG:example_sla_dag
[2024-12-21T21:11:10.450+0000] {logging_mixin.py:190} INFO - [2024-12-21T21:11:10.450+0000] {override.py:1911} INFO - Created Permission View: can edit on DAG:example_sla_dag
[2024-12-21T21:11:10.466+0000] {logging_mixin.py:190} INFO - [2024-12-21T21:11:10.465+0000] {override.py:1911} INFO - Created Permission View: can read on DAG:example_sla_dag
[2024-12-21T21:11:10.482+0000] {logging_mixin.py:190} INFO - [2024-12-21T21:11:10.481+0000] {override.py:1911} INFO - Created Permission View: can delete on DAG Run:example_sla_dag
[2024-12-21T21:11:10.498+0000] {logging_mixin.py:190} INFO - [2024-12-21T21:11:10.497+0000] {override.py:1911} INFO - Created Permission View: can read on DAG Run:example_sla_dag
[2024-12-21T21:11:10.515+0000] {logging_mixin.py:190} INFO - [2024-12-21T21:11:10.514+0000] {override.py:1911} INFO - Created Permission View: can create on DAG Run:example_sla_dag
[2024-12-21T21:11:10.530+0000] {logging_mixin.py:190} INFO - [2024-12-21T21:11:10.530+0000] {override.py:1911} INFO - Created Permission View: menu access on DAG Run:example_sla_dag
[2024-12-21T21:11:10.532+0000] {logging_mixin.py:190} INFO - [2024-12-21T21:11:10.531+0000] {dag.py:3239} INFO - Sync 1 DAGs
[2024-12-21T21:11:10.560+0000] {logging_mixin.py:190} INFO - [2024-12-21T21:11:10.560+0000] {dag.py:3262} INFO - Creating ORM DAG for example_sla_dag
[2024-12-21T21:11:10.591+0000] {logging_mixin.py:190} INFO - [2024-12-21T21:11:10.590+0000] {dag.py:4180} INFO - Setting next_dagrun for example_sla_dag to 2024-12-21 21:08:00+00:00, run_after=2024-12-21 21:10:00+00:00
[2024-12-21T21:11:10.625+0000] {processor.py:208} INFO - Processing /home/airflow/.local/lib/python3.12/site-packages/airflow/example_dags/example_sla_dag.py took 0.524 seconds
[2024-12-21T21:11:41.263+0000] {processor.py:186} INFO - Started process (PID=538) to work on /home/airflow/.local/lib/python3.12/site-packages/airflow/example_dags/example_sla_dag.py
[2024-12-21T21:11:41.265+0000] {processor.py:914} INFO - Processing file /home/airflow/.local/lib/python3.12/site-packages/airflow/example_dags/example_sla_dag.py for tasks to queue
[2024-12-21T21:11:41.272+0000] {logging_mixin.py:190} INFO - [2024-12-21T21:11:41.271+0000] {dagbag.py:588} INFO - Filling up the DagBag from /home/airflow/.local/lib/python3.12/site-packages/airflow/example_dags/example_sla_dag.py
[2024-12-21T21:11:41.309+0000] {processor.py:925} INFO - DAG(s) 'example_sla_dag' retrieved from /home/airflow/.local/lib/python3.12/site-packages/airflow/example_dags/example_sla_dag.py
[2024-12-21T21:11:41.361+0000] {logging_mixin.py:190} INFO - [2024-12-21T21:11:41.360+0000] {dag.py:3239} INFO - Sync 1 DAGs
[2024-12-21T21:11:41.432+0000] {logging_mixin.py:190} INFO - [2024-12-21T21:11:41.431+0000] {dag.py:4180} INFO - Setting next_dagrun for example_sla_dag to 2024-12-21 21:08:00+00:00, run_after=2024-12-21 21:10:00+00:00
[2024-12-21T21:11:41.484+0000] {processor.py:208} INFO - Processing /home/airflow/.local/lib/python3.12/site-packages/airflow/example_dags/example_sla_dag.py took 0.237 seconds
[2024-12-21T21:12:11.589+0000] {processor.py:186} INFO - Started process (PID=834) to work on /home/airflow/.local/lib/python3.12/site-packages/airflow/example_dags/example_sla_dag.py
[2024-12-21T21:12:11.590+0000] {processor.py:914} INFO - Processing file /home/airflow/.local/lib/python3.12/site-packages/airflow/example_dags/example_sla_dag.py for tasks to queue
[2024-12-21T21:12:11.594+0000] {logging_mixin.py:190} INFO - [2024-12-21T21:12:11.594+0000] {dagbag.py:588} INFO - Filling up the DagBag from /home/airflow/.local/lib/python3.12/site-packages/airflow/example_dags/example_sla_dag.py
[2024-12-21T21:12:11.615+0000] {processor.py:925} INFO - DAG(s) 'example_sla_dag' retrieved from /home/airflow/.local/lib/python3.12/site-packages/airflow/example_dags/example_sla_dag.py
[2024-12-21T21:12:11.651+0000] {logging_mixin.py:190} INFO - [2024-12-21T21:12:11.651+0000] {dag.py:3239} INFO - Sync 1 DAGs
[2024-12-21T21:12:11.708+0000] {logging_mixin.py:190} INFO - [2024-12-21T21:12:11.708+0000] {dag.py:4180} INFO - Setting next_dagrun for example_sla_dag to 2024-12-21 21:10:00+00:00, run_after=2024-12-21 21:12:00+00:00
[2024-12-21T21:12:11.746+0000] {processor.py:208} INFO - Processing /home/airflow/.local/lib/python3.12/site-packages/airflow/example_dags/example_sla_dag.py took 0.169 seconds
[2024-12-21T21:12:42.244+0000] {processor.py:186} INFO - Started process (PID=1130) to work on /home/airflow/.local/lib/python3.12/site-packages/airflow/example_dags/example_sla_dag.py
[2024-12-21T21:12:42.246+0000] {processor.py:914} INFO - Processing file /home/airflow/.local/lib/python3.12/site-packages/airflow/example_dags/example_sla_dag.py for tasks to queue
[2024-12-21T21:12:42.250+0000] {logging_mixin.py:190} INFO - [2024-12-21T21:12:42.249+0000] {dagbag.py:588} INFO - Filling up the DagBag from /home/airflow/.local/lib/python3.12/site-packages/airflow/example_dags/example_sla_dag.py
[2024-12-21T21:12:42.275+0000] {processor.py:925} INFO - DAG(s) 'example_sla_dag' retrieved from /home/airflow/.local/lib/python3.12/site-packages/airflow/example_dags/example_sla_dag.py
[2024-12-21T21:12:42.320+0000] {logging_mixin.py:190} INFO - [2024-12-21T21:12:42.319+0000] {dag.py:3239} INFO - Sync 1 DAGs
[2024-12-21T21:12:42.368+0000] {logging_mixin.py:190} INFO - [2024-12-21T21:12:42.368+0000] {dag.py:4180} INFO - Setting next_dagrun for example_sla_dag to 2024-12-21 21:10:00+00:00, run_after=2024-12-21 21:12:00+00:00
[2024-12-21T21:12:42.404+0000] {processor.py:208} INFO - Processing /home/airflow/.local/lib/python3.12/site-packages/airflow/example_dags/example_sla_dag.py took 0.171 seconds
[2024-12-21T21:13:12.589+0000] {processor.py:186} INFO - Started process (PID=1426) to work on /home/airflow/.local/lib/python3.12/site-packages/airflow/example_dags/example_sla_dag.py
[2024-12-21T21:13:12.591+0000] {processor.py:914} INFO - Processing file /home/airflow/.local/lib/python3.12/site-packages/airflow/example_dags/example_sla_dag.py for tasks to queue
[2024-12-21T21:13:12.595+0000] {logging_mixin.py:190} INFO - [2024-12-21T21:13:12.595+0000] {dagbag.py:588} INFO - Filling up the DagBag from /home/airflow/.local/lib/python3.12/site-packages/airflow/example_dags/example_sla_dag.py
[2024-12-21T21:13:12.616+0000] {processor.py:925} INFO - DAG(s) 'example_sla_dag' retrieved from /home/airflow/.local/lib/python3.12/site-packages/airflow/example_dags/example_sla_dag.py
[2024-12-21T21:13:12.663+0000] {logging_mixin.py:190} INFO - [2024-12-21T21:13:12.663+0000] {dag.py:3239} INFO - Sync 1 DAGs
[2024-12-21T21:13:12.720+0000] {logging_mixin.py:190} INFO - [2024-12-21T21:13:12.720+0000] {dag.py:4180} INFO - Setting next_dagrun for example_sla_dag to 2024-12-21 21:10:00+00:00, run_after=2024-12-21 21:12:00+00:00
[2024-12-21T21:13:12.758+0000] {processor.py:208} INFO - Processing /home/airflow/.local/lib/python3.12/site-packages/airflow/example_dags/example_sla_dag.py took 0.183 seconds
[2024-12-21T21:13:43.472+0000] {processor.py:186} INFO - Started process (PID=1722) to work on /home/airflow/.local/lib/python3.12/site-packages/airflow/example_dags/example_sla_dag.py
[2024-12-21T21:13:43.474+0000] {processor.py:914} INFO - Processing file /home/airflow/.local/lib/python3.12/site-packages/airflow/example_dags/example_sla_dag.py for tasks to queue
[2024-12-21T21:13:43.478+0000] {logging_mixin.py:190} INFO - [2024-12-21T21:13:43.477+0000] {dagbag.py:588} INFO - Filling up the DagBag from /home/airflow/.local/lib/python3.12/site-packages/airflow/example_dags/example_sla_dag.py
[2024-12-21T21:13:43.497+0000] {processor.py:925} INFO - DAG(s) 'example_sla_dag' retrieved from /home/airflow/.local/lib/python3.12/site-packages/airflow/example_dags/example_sla_dag.py
[2024-12-21T21:13:43.534+0000] {logging_mixin.py:190} INFO - [2024-12-21T21:13:43.534+0000] {dag.py:3239} INFO - Sync 1 DAGs
[2024-12-21T21:13:43.584+0000] {logging_mixin.py:190} INFO - [2024-12-21T21:13:43.584+0000] {dag.py:4180} INFO - Setting next_dagrun for example_sla_dag to 2024-12-21 21:10:00+00:00, run_after=2024-12-21 21:12:00+00:00
[2024-12-21T21:13:43.623+0000] {processor.py:208} INFO - Processing /home/airflow/.local/lib/python3.12/site-packages/airflow/example_dags/example_sla_dag.py took 0.164 seconds
[2024-12-21T21:14:14.492+0000] {processor.py:186} INFO - Started process (PID=2018) to work on /home/airflow/.local/lib/python3.12/site-packages/airflow/example_dags/example_sla_dag.py
[2024-12-21T21:14:14.494+0000] {processor.py:914} INFO - Processing file /home/airflow/.local/lib/python3.12/site-packages/airflow/example_dags/example_sla_dag.py for tasks to queue
[2024-12-21T21:14:14.501+0000] {logging_mixin.py:190} INFO - [2024-12-21T21:14:14.500+0000] {dagbag.py:588} INFO - Filling up the DagBag from /home/airflow/.local/lib/python3.12/site-packages/airflow/example_dags/example_sla_dag.py
[2024-12-21T21:14:14.524+0000] {processor.py:925} INFO - DAG(s) 'example_sla_dag' retrieved from /home/airflow/.local/lib/python3.12/site-packages/airflow/example_dags/example_sla_dag.py
[2024-12-21T21:14:14.567+0000] {logging_mixin.py:190} INFO - [2024-12-21T21:14:14.566+0000] {dag.py:3239} INFO - Sync 1 DAGs
[2024-12-21T21:14:14.626+0000] {logging_mixin.py:190} INFO - [2024-12-21T21:14:14.626+0000] {dag.py:4180} INFO - Setting next_dagrun for example_sla_dag to 2024-12-21 21:12:00+00:00, run_after=2024-12-21 21:14:00+00:00
[2024-12-21T21:14:14.669+0000] {processor.py:208} INFO - Processing /home/airflow/.local/lib/python3.12/site-packages/airflow/example_dags/example_sla_dag.py took 0.188 seconds
[2024-12-21T21:14:44.804+0000] {processor.py:186} INFO - Started process (PID=2314) to work on /home/airflow/.local/lib/python3.12/site-packages/airflow/example_dags/example_sla_dag.py
[2024-12-21T21:14:44.806+0000] {processor.py:914} INFO - Processing file /home/airflow/.local/lib/python3.12/site-packages/airflow/example_dags/example_sla_dag.py for tasks to queue
[2024-12-21T21:14:44.812+0000] {logging_mixin.py:190} INFO - [2024-12-21T21:14:44.811+0000] {dagbag.py:588} INFO - Filling up the DagBag from /home/airflow/.local/lib/python3.12/site-packages/airflow/example_dags/example_sla_dag.py
[2024-12-21T21:14:44.833+0000] {processor.py:925} INFO - DAG(s) 'example_sla_dag' retrieved from /home/airflow/.local/lib/python3.12/site-packages/airflow/example_dags/example_sla_dag.py
[2024-12-21T21:14:44.879+0000] {logging_mixin.py:190} INFO - [2024-12-21T21:14:44.879+0000] {dag.py:3239} INFO - Sync 1 DAGs
[2024-12-21T21:14:44.956+0000] {logging_mixin.py:190} INFO - [2024-12-21T21:14:44.956+0000] {dag.py:4180} INFO - Setting next_dagrun for example_sla_dag to 2024-12-21 21:12:00+00:00, run_after=2024-12-21 21:14:00+00:00
[2024-12-21T21:14:45.011+0000] {processor.py:208} INFO - Processing /home/airflow/.local/lib/python3.12/site-packages/airflow/example_dags/example_sla_dag.py took 0.222 seconds
[2024-12-21T21:15:15.278+0000] {processor.py:186} INFO - Started process (PID=2610) to work on /home/airflow/.local/lib/python3.12/site-packages/airflow/example_dags/example_sla_dag.py
[2024-12-21T21:15:15.280+0000] {processor.py:914} INFO - Processing file /home/airflow/.local/lib/python3.12/site-packages/airflow/example_dags/example_sla_dag.py for tasks to queue
[2024-12-21T21:15:15.285+0000] {logging_mixin.py:190} INFO - [2024-12-21T21:15:15.284+0000] {dagbag.py:588} INFO - Filling up the DagBag from /home/airflow/.local/lib/python3.12/site-packages/airflow/example_dags/example_sla_dag.py
[2024-12-21T21:15:15.306+0000] {processor.py:925} INFO - DAG(s) 'example_sla_dag' retrieved from /home/airflow/.local/lib/python3.12/site-packages/airflow/example_dags/example_sla_dag.py
[2024-12-21T21:15:15.347+0000] {logging_mixin.py:190} INFO - [2024-12-21T21:15:15.346+0000] {dag.py:3239} INFO - Sync 1 DAGs
[2024-12-21T21:15:15.417+0000] {logging_mixin.py:190} INFO - [2024-12-21T21:15:15.416+0000] {dag.py:4180} INFO - Setting next_dagrun for example_sla_dag to 2024-12-21 21:12:00+00:00, run_after=2024-12-21 21:14:00+00:00
[2024-12-21T21:15:15.458+0000] {processor.py:208} INFO - Processing /home/airflow/.local/lib/python3.12/site-packages/airflow/example_dags/example_sla_dag.py took 0.190 seconds
[2024-12-21T21:15:45.873+0000] {processor.py:186} INFO - Started process (PID=2906) to work on /home/airflow/.local/lib/python3.12/site-packages/airflow/example_dags/example_sla_dag.py
[2024-12-21T21:15:45.876+0000] {processor.py:914} INFO - Processing file /home/airflow/.local/lib/python3.12/site-packages/airflow/example_dags/example_sla_dag.py for tasks to queue
[2024-12-21T21:15:45.882+0000] {logging_mixin.py:190} INFO - [2024-12-21T21:15:45.881+0000] {dagbag.py:588} INFO - Filling up the DagBag from /home/airflow/.local/lib/python3.12/site-packages/airflow/example_dags/example_sla_dag.py
[2024-12-21T21:15:45.910+0000] {processor.py:925} INFO - DAG(s) 'example_sla_dag' retrieved from /home/airflow/.local/lib/python3.12/site-packages/airflow/example_dags/example_sla_dag.py
[2024-12-21T21:15:45.969+0000] {logging_mixin.py:190} INFO - [2024-12-21T21:15:45.969+0000] {dag.py:3239} INFO - Sync 1 DAGs
[2024-12-21T21:15:46.065+0000] {logging_mixin.py:190} INFO - [2024-12-21T21:15:46.064+0000] {dag.py:4180} INFO - Setting next_dagrun for example_sla_dag to 2024-12-21 21:12:00+00:00, run_after=2024-12-21 21:14:00+00:00
[2024-12-21T21:15:46.117+0000] {processor.py:208} INFO - Processing /home/airflow/.local/lib/python3.12/site-packages/airflow/example_dags/example_sla_dag.py took 0.260 seconds
[2024-12-21T21:16:17.850+0000] {processor.py:186} INFO - Started process (PID=3204) to work on /home/airflow/.local/lib/python3.12/site-packages/airflow/example_dags/example_sla_dag.py
[2024-12-21T21:16:17.852+0000] {processor.py:914} INFO - Processing file /home/airflow/.local/lib/python3.12/site-packages/airflow/example_dags/example_sla_dag.py for tasks to queue
[2024-12-21T21:16:17.858+0000] {logging_mixin.py:190} INFO - [2024-12-21T21:16:17.857+0000] {dagbag.py:588} INFO - Filling up the DagBag from /home/airflow/.local/lib/python3.12/site-packages/airflow/example_dags/example_sla_dag.py
[2024-12-21T21:16:17.882+0000] {processor.py:925} INFO - DAG(s) 'example_sla_dag' retrieved from /home/airflow/.local/lib/python3.12/site-packages/airflow/example_dags/example_sla_dag.py
[2024-12-21T21:16:17.925+0000] {logging_mixin.py:190} INFO - [2024-12-21T21:16:17.924+0000] {dag.py:3239} INFO - Sync 1 DAGs
[2024-12-21T21:16:18.002+0000] {logging_mixin.py:190} INFO - [2024-12-21T21:16:18.002+0000] {dag.py:4180} INFO - Setting next_dagrun for example_sla_dag to 2024-12-21 21:14:00+00:00, run_after=2024-12-21 21:16:00+00:00
[2024-12-21T21:16:18.090+0000] {processor.py:208} INFO - Processing /home/airflow/.local/lib/python3.12/site-packages/airflow/example_dags/example_sla_dag.py took 0.254 seconds
[2024-12-21T21:16:50.236+0000] {processor.py:186} INFO - Started process (PID=3499) to work on /home/airflow/.local/lib/python3.12/site-packages/airflow/example_dags/example_sla_dag.py
[2024-12-21T21:16:50.238+0000] {processor.py:914} INFO - Processing file /home/airflow/.local/lib/python3.12/site-packages/airflow/example_dags/example_sla_dag.py for tasks to queue
[2024-12-21T21:16:50.243+0000] {logging_mixin.py:190} INFO - [2024-12-21T21:16:50.242+0000] {dagbag.py:588} INFO - Filling up the DagBag from /home/airflow/.local/lib/python3.12/site-packages/airflow/example_dags/example_sla_dag.py
[2024-12-21T21:16:50.265+0000] {processor.py:925} INFO - DAG(s) 'example_sla_dag' retrieved from /home/airflow/.local/lib/python3.12/site-packages/airflow/example_dags/example_sla_dag.py
[2024-12-21T21:16:50.308+0000] {logging_mixin.py:190} INFO - [2024-12-21T21:16:50.307+0000] {dag.py:3239} INFO - Sync 1 DAGs
[2024-12-21T21:16:50.364+0000] {logging_mixin.py:190} INFO - [2024-12-21T21:16:50.364+0000] {dag.py:4180} INFO - Setting next_dagrun for example_sla_dag to 2024-12-21 21:14:00+00:00, run_after=2024-12-21 21:16:00+00:00
[2024-12-21T21:16:50.405+0000] {processor.py:208} INFO - Processing /home/airflow/.local/lib/python3.12/site-packages/airflow/example_dags/example_sla_dag.py took 0.182 seconds
[2024-12-21T21:17:20.688+0000] {processor.py:186} INFO - Started process (PID=3768) to work on /home/airflow/.local/lib/python3.12/site-packages/airflow/example_dags/example_sla_dag.py
[2024-12-21T21:17:20.692+0000] {processor.py:914} INFO - Processing file /home/airflow/.local/lib/python3.12/site-packages/airflow/example_dags/example_sla_dag.py for tasks to queue
[2024-12-21T21:17:20.698+0000] {logging_mixin.py:190} INFO - [2024-12-21T21:17:20.697+0000] {dagbag.py:588} INFO - Filling up the DagBag from /home/airflow/.local/lib/python3.12/site-packages/airflow/example_dags/example_sla_dag.py
[2024-12-21T21:17:20.715+0000] {processor.py:925} INFO - DAG(s) 'example_sla_dag' retrieved from /home/airflow/.local/lib/python3.12/site-packages/airflow/example_dags/example_sla_dag.py
[2024-12-21T21:17:20.752+0000] {logging_mixin.py:190} INFO - [2024-12-21T21:17:20.751+0000] {dag.py:3239} INFO - Sync 1 DAGs
[2024-12-21T21:17:20.810+0000] {logging_mixin.py:190} INFO - [2024-12-21T21:17:20.809+0000] {dag.py:4180} INFO - Setting next_dagrun for example_sla_dag to 2024-12-21 21:14:00+00:00, run_after=2024-12-21 21:16:00+00:00
[2024-12-21T21:17:20.845+0000] {processor.py:208} INFO - Processing /home/airflow/.local/lib/python3.12/site-packages/airflow/example_dags/example_sla_dag.py took 0.171 seconds
[2024-12-21T21:17:52.960+0000] {processor.py:186} INFO - Started process (PID=4036) to work on /home/airflow/.local/lib/python3.12/site-packages/airflow/example_dags/example_sla_dag.py
[2024-12-21T21:17:52.963+0000] {processor.py:914} INFO - Processing file /home/airflow/.local/lib/python3.12/site-packages/airflow/example_dags/example_sla_dag.py for tasks to queue
[2024-12-21T21:17:52.968+0000] {logging_mixin.py:190} INFO - [2024-12-21T21:17:52.967+0000] {dagbag.py:588} INFO - Filling up the DagBag from /home/airflow/.local/lib/python3.12/site-packages/airflow/example_dags/example_sla_dag.py
[2024-12-21T21:17:52.993+0000] {processor.py:925} INFO - DAG(s) 'example_sla_dag' retrieved from /home/airflow/.local/lib/python3.12/site-packages/airflow/example_dags/example_sla_dag.py
[2024-12-21T21:17:53.042+0000] {logging_mixin.py:190} INFO - [2024-12-21T21:17:53.041+0000] {dag.py:3239} INFO - Sync 1 DAGs
[2024-12-21T21:17:53.110+0000] {logging_mixin.py:190} INFO - [2024-12-21T21:17:53.109+0000] {dag.py:4180} INFO - Setting next_dagrun for example_sla_dag to 2024-12-21 21:14:00+00:00, run_after=2024-12-21 21:16:00+00:00
[2024-12-21T21:17:53.165+0000] {processor.py:208} INFO - Processing /home/airflow/.local/lib/python3.12/site-packages/airflow/example_dags/example_sla_dag.py took 0.221 seconds
[2024-12-21T21:18:23.961+0000] {processor.py:186} INFO - Started process (PID=4312) to work on /home/airflow/.local/lib/python3.12/site-packages/airflow/example_dags/example_sla_dag.py
[2024-12-21T21:18:23.964+0000] {processor.py:914} INFO - Processing file /home/airflow/.local/lib/python3.12/site-packages/airflow/example_dags/example_sla_dag.py for tasks to queue
[2024-12-21T21:18:23.970+0000] {logging_mixin.py:190} INFO - [2024-12-21T21:18:23.969+0000] {dagbag.py:588} INFO - Filling up the DagBag from /home/airflow/.local/lib/python3.12/site-packages/airflow/example_dags/example_sla_dag.py
[2024-12-21T21:18:23.994+0000] {processor.py:925} INFO - DAG(s) 'example_sla_dag' retrieved from /home/airflow/.local/lib/python3.12/site-packages/airflow/example_dags/example_sla_dag.py
[2024-12-21T21:18:24.040+0000] {logging_mixin.py:190} INFO - [2024-12-21T21:18:24.039+0000] {dag.py:3239} INFO - Sync 1 DAGs
[2024-12-21T21:18:24.106+0000] {logging_mixin.py:190} INFO - [2024-12-21T21:18:24.106+0000] {dag.py:4180} INFO - Setting next_dagrun for example_sla_dag to 2024-12-21 21:16:00+00:00, run_after=2024-12-21 21:18:00+00:00
[2024-12-21T21:18:24.177+0000] {processor.py:208} INFO - Processing /home/airflow/.local/lib/python3.12/site-packages/airflow/example_dags/example_sla_dag.py took 0.229 seconds
[2024-12-21T21:18:55.459+0000] {processor.py:186} INFO - Started process (PID=4596) to work on /home/airflow/.local/lib/python3.12/site-packages/airflow/example_dags/example_sla_dag.py
[2024-12-21T21:18:55.461+0000] {processor.py:914} INFO - Processing file /home/airflow/.local/lib/python3.12/site-packages/airflow/example_dags/example_sla_dag.py for tasks to queue
[2024-12-21T21:18:55.467+0000] {logging_mixin.py:190} INFO - [2024-12-21T21:18:55.466+0000] {dagbag.py:588} INFO - Filling up the DagBag from /home/airflow/.local/lib/python3.12/site-packages/airflow/example_dags/example_sla_dag.py
[2024-12-21T21:18:55.495+0000] {processor.py:925} INFO - DAG(s) 'example_sla_dag' retrieved from /home/airflow/.local/lib/python3.12/site-packages/airflow/example_dags/example_sla_dag.py
[2024-12-21T21:18:55.537+0000] {logging_mixin.py:190} INFO - [2024-12-21T21:18:55.536+0000] {dag.py:3239} INFO - Sync 1 DAGs
[2024-12-21T21:18:55.603+0000] {logging_mixin.py:190} INFO - [2024-12-21T21:18:55.603+0000] {dag.py:4180} INFO - Setting next_dagrun for example_sla_dag to 2024-12-21 21:16:00+00:00, run_after=2024-12-21 21:18:00+00:00
[2024-12-21T21:18:55.658+0000] {processor.py:208} INFO - Processing /home/airflow/.local/lib/python3.12/site-packages/airflow/example_dags/example_sla_dag.py took 0.218 seconds
[2024-12-21T21:19:26.434+0000] {processor.py:186} INFO - Started process (PID=4893) to work on /home/airflow/.local/lib/python3.12/site-packages/airflow/example_dags/example_sla_dag.py
[2024-12-21T21:19:26.435+0000] {processor.py:914} INFO - Processing file /home/airflow/.local/lib/python3.12/site-packages/airflow/example_dags/example_sla_dag.py for tasks to queue
[2024-12-21T21:19:26.440+0000] {logging_mixin.py:190} INFO - [2024-12-21T21:19:26.439+0000] {dagbag.py:588} INFO - Filling up the DagBag from /home/airflow/.local/lib/python3.12/site-packages/airflow/example_dags/example_sla_dag.py
[2024-12-21T21:19:26.458+0000] {processor.py:925} INFO - DAG(s) 'example_sla_dag' retrieved from /home/airflow/.local/lib/python3.12/site-packages/airflow/example_dags/example_sla_dag.py
[2024-12-21T21:19:26.498+0000] {logging_mixin.py:190} INFO - [2024-12-21T21:19:26.498+0000] {dag.py:3239} INFO - Sync 1 DAGs
[2024-12-21T21:19:26.582+0000] {logging_mixin.py:190} INFO - [2024-12-21T21:19:26.582+0000] {dag.py:4180} INFO - Setting next_dagrun for example_sla_dag to 2024-12-21 21:16:00+00:00, run_after=2024-12-21 21:18:00+00:00
[2024-12-21T21:19:26.647+0000] {processor.py:208} INFO - Processing /home/airflow/.local/lib/python3.12/site-packages/airflow/example_dags/example_sla_dag.py took 0.234 seconds
[2024-12-21T21:19:57.010+0000] {processor.py:186} INFO - Started process (PID=5183) to work on /home/airflow/.local/lib/python3.12/site-packages/airflow/example_dags/example_sla_dag.py
[2024-12-21T21:19:57.012+0000] {processor.py:914} INFO - Processing file /home/airflow/.local/lib/python3.12/site-packages/airflow/example_dags/example_sla_dag.py for tasks to queue
[2024-12-21T21:19:57.017+0000] {logging_mixin.py:190} INFO - [2024-12-21T21:19:57.016+0000] {dagbag.py:588} INFO - Filling up the DagBag from /home/airflow/.local/lib/python3.12/site-packages/airflow/example_dags/example_sla_dag.py
[2024-12-21T21:19:57.042+0000] {processor.py:925} INFO - DAG(s) 'example_sla_dag' retrieved from /home/airflow/.local/lib/python3.12/site-packages/airflow/example_dags/example_sla_dag.py
[2024-12-21T21:19:57.085+0000] {logging_mixin.py:190} INFO - [2024-12-21T21:19:57.084+0000] {dag.py:3239} INFO - Sync 1 DAGs
[2024-12-21T21:19:57.153+0000] {logging_mixin.py:190} INFO - [2024-12-21T21:19:57.152+0000] {dag.py:4180} INFO - Setting next_dagrun for example_sla_dag to 2024-12-21 21:16:00+00:00, run_after=2024-12-21 21:18:00+00:00
[2024-12-21T21:19:57.220+0000] {processor.py:208} INFO - Processing /home/airflow/.local/lib/python3.12/site-packages/airflow/example_dags/example_sla_dag.py took 0.222 seconds
[2024-12-21T21:20:27.520+0000] {processor.py:186} INFO - Started process (PID=5474) to work on /home/airflow/.local/lib/python3.12/site-packages/airflow/example_dags/example_sla_dag.py
[2024-12-21T21:20:27.523+0000] {processor.py:914} INFO - Processing file /home/airflow/.local/lib/python3.12/site-packages/airflow/example_dags/example_sla_dag.py for tasks to queue
[2024-12-21T21:20:27.528+0000] {logging_mixin.py:190} INFO - [2024-12-21T21:20:27.527+0000] {dagbag.py:588} INFO - Filling up the DagBag from /home/airflow/.local/lib/python3.12/site-packages/airflow/example_dags/example_sla_dag.py
[2024-12-21T21:20:27.554+0000] {processor.py:925} INFO - DAG(s) 'example_sla_dag' retrieved from /home/airflow/.local/lib/python3.12/site-packages/airflow/example_dags/example_sla_dag.py
[2024-12-21T21:20:27.598+0000] {logging_mixin.py:190} INFO - [2024-12-21T21:20:27.598+0000] {dag.py:3239} INFO - Sync 1 DAGs
[2024-12-21T21:20:27.677+0000] {logging_mixin.py:190} INFO - [2024-12-21T21:20:27.676+0000] {dag.py:4180} INFO - Setting next_dagrun for example_sla_dag to 2024-12-21 21:18:00+00:00, run_after=2024-12-21 21:20:00+00:00
[2024-12-21T21:20:27.725+0000] {processor.py:208} INFO - Processing /home/airflow/.local/lib/python3.12/site-packages/airflow/example_dags/example_sla_dag.py took 0.220 seconds
[2024-12-21T21:20:58.613+0000] {processor.py:186} INFO - Started process (PID=5768) to work on /home/airflow/.local/lib/python3.12/site-packages/airflow/example_dags/example_sla_dag.py
[2024-12-21T21:20:58.615+0000] {processor.py:914} INFO - Processing file /home/airflow/.local/lib/python3.12/site-packages/airflow/example_dags/example_sla_dag.py for tasks to queue
[2024-12-21T21:20:58.620+0000] {logging_mixin.py:190} INFO - [2024-12-21T21:20:58.619+0000] {dagbag.py:588} INFO - Filling up the DagBag from /home/airflow/.local/lib/python3.12/site-packages/airflow/example_dags/example_sla_dag.py
[2024-12-21T21:20:58.644+0000] {processor.py:925} INFO - DAG(s) 'example_sla_dag' retrieved from /home/airflow/.local/lib/python3.12/site-packages/airflow/example_dags/example_sla_dag.py
[2024-12-21T21:20:58.686+0000] {logging_mixin.py:190} INFO - [2024-12-21T21:20:58.686+0000] {dag.py:3239} INFO - Sync 1 DAGs
[2024-12-21T21:20:58.746+0000] {logging_mixin.py:190} INFO - [2024-12-21T21:20:58.745+0000] {dag.py:4180} INFO - Setting next_dagrun for example_sla_dag to 2024-12-21 21:18:00+00:00, run_after=2024-12-21 21:20:00+00:00
[2024-12-21T21:20:58.809+0000] {processor.py:208} INFO - Processing /home/airflow/.local/lib/python3.12/site-packages/airflow/example_dags/example_sla_dag.py took 0.205 seconds
[2024-12-21T21:21:30.809+0000] {processor.py:186} INFO - Started process (PID=6064) to work on /home/airflow/.local/lib/python3.12/site-packages/airflow/example_dags/example_sla_dag.py
[2024-12-21T21:21:30.811+0000] {processor.py:914} INFO - Processing file /home/airflow/.local/lib/python3.12/site-packages/airflow/example_dags/example_sla_dag.py for tasks to queue
[2024-12-21T21:21:30.818+0000] {logging_mixin.py:190} INFO - [2024-12-21T21:21:30.816+0000] {dagbag.py:588} INFO - Filling up the DagBag from /home/airflow/.local/lib/python3.12/site-packages/airflow/example_dags/example_sla_dag.py
[2024-12-21T21:21:30.847+0000] {processor.py:925} INFO - DAG(s) 'example_sla_dag' retrieved from /home/airflow/.local/lib/python3.12/site-packages/airflow/example_dags/example_sla_dag.py
[2024-12-21T21:21:30.893+0000] {logging_mixin.py:190} INFO - [2024-12-21T21:21:30.893+0000] {dag.py:3239} INFO - Sync 1 DAGs
[2024-12-21T21:21:30.957+0000] {logging_mixin.py:190} INFO - [2024-12-21T21:21:30.957+0000] {dag.py:4180} INFO - Setting next_dagrun for example_sla_dag to 2024-12-21 21:18:00+00:00, run_after=2024-12-21 21:20:00+00:00
[2024-12-21T21:21:31.031+0000] {processor.py:208} INFO - Processing /home/airflow/.local/lib/python3.12/site-packages/airflow/example_dags/example_sla_dag.py took 0.237 seconds
[2024-12-21T21:22:01.858+0000] {processor.py:186} INFO - Started process (PID=6353) to work on /home/airflow/.local/lib/python3.12/site-packages/airflow/example_dags/example_sla_dag.py
[2024-12-21T21:22:01.860+0000] {processor.py:914} INFO - Processing file /home/airflow/.local/lib/python3.12/site-packages/airflow/example_dags/example_sla_dag.py for tasks to queue
[2024-12-21T21:22:01.866+0000] {logging_mixin.py:190} INFO - [2024-12-21T21:22:01.865+0000] {dagbag.py:588} INFO - Filling up the DagBag from /home/airflow/.local/lib/python3.12/site-packages/airflow/example_dags/example_sla_dag.py
[2024-12-21T21:22:01.886+0000] {processor.py:925} INFO - DAG(s) 'example_sla_dag' retrieved from /home/airflow/.local/lib/python3.12/site-packages/airflow/example_dags/example_sla_dag.py
[2024-12-21T21:22:01.932+0000] {logging_mixin.py:190} INFO - [2024-12-21T21:22:01.931+0000] {dag.py:3239} INFO - Sync 1 DAGs
[2024-12-21T21:22:01.992+0000] {logging_mixin.py:190} INFO - [2024-12-21T21:22:01.992+0000] {dag.py:4180} INFO - Setting next_dagrun for example_sla_dag to 2024-12-21 21:20:00+00:00, run_after=2024-12-21 21:22:00+00:00
[2024-12-21T21:22:02.038+0000] {processor.py:208} INFO - Processing /home/airflow/.local/lib/python3.12/site-packages/airflow/example_dags/example_sla_dag.py took 0.191 seconds
[2024-12-21T21:22:32.255+0000] {processor.py:186} INFO - Started process (PID=6644) to work on /home/airflow/.local/lib/python3.12/site-packages/airflow/example_dags/example_sla_dag.py
[2024-12-21T21:22:32.256+0000] {processor.py:914} INFO - Processing file /home/airflow/.local/lib/python3.12/site-packages/airflow/example_dags/example_sla_dag.py for tasks to queue
[2024-12-21T21:22:32.260+0000] {logging_mixin.py:190} INFO - [2024-12-21T21:22:32.260+0000] {dagbag.py:588} INFO - Filling up the DagBag from /home/airflow/.local/lib/python3.12/site-packages/airflow/example_dags/example_sla_dag.py
[2024-12-21T21:22:32.281+0000] {processor.py:925} INFO - DAG(s) 'example_sla_dag' retrieved from /home/airflow/.local/lib/python3.12/site-packages/airflow/example_dags/example_sla_dag.py
[2024-12-21T21:22:32.321+0000] {logging_mixin.py:190} INFO - [2024-12-21T21:22:32.320+0000] {dag.py:3239} INFO - Sync 1 DAGs
[2024-12-21T21:22:32.394+0000] {logging_mixin.py:190} INFO - [2024-12-21T21:22:32.393+0000] {dag.py:4180} INFO - Setting next_dagrun for example_sla_dag to 2024-12-21 21:20:00+00:00, run_after=2024-12-21 21:22:00+00:00
[2024-12-21T21:22:32.472+0000] {processor.py:208} INFO - Processing /home/airflow/.local/lib/python3.12/site-packages/airflow/example_dags/example_sla_dag.py took 0.231 seconds
[2024-12-21T21:23:02.708+0000] {processor.py:186} INFO - Started process (PID=6936) to work on /home/airflow/.local/lib/python3.12/site-packages/airflow/example_dags/example_sla_dag.py
[2024-12-21T21:23:02.710+0000] {processor.py:914} INFO - Processing file /home/airflow/.local/lib/python3.12/site-packages/airflow/example_dags/example_sla_dag.py for tasks to queue
[2024-12-21T21:23:02.715+0000] {logging_mixin.py:190} INFO - [2024-12-21T21:23:02.714+0000] {dagbag.py:588} INFO - Filling up the DagBag from /home/airflow/.local/lib/python3.12/site-packages/airflow/example_dags/example_sla_dag.py
[2024-12-21T21:23:02.735+0000] {processor.py:925} INFO - DAG(s) 'example_sla_dag' retrieved from /home/airflow/.local/lib/python3.12/site-packages/airflow/example_dags/example_sla_dag.py
[2024-12-21T21:23:02.778+0000] {logging_mixin.py:190} INFO - [2024-12-21T21:23:02.778+0000] {dag.py:3239} INFO - Sync 1 DAGs
[2024-12-21T21:23:02.840+0000] {logging_mixin.py:190} INFO - [2024-12-21T21:23:02.839+0000] {dag.py:4180} INFO - Setting next_dagrun for example_sla_dag to 2024-12-21 21:20:00+00:00, run_after=2024-12-21 21:22:00+00:00
[2024-12-21T21:23:02.889+0000] {processor.py:208} INFO - Processing /home/airflow/.local/lib/python3.12/site-packages/airflow/example_dags/example_sla_dag.py took 0.194 seconds
[2024-12-21T21:23:33.235+0000] {processor.py:186} INFO - Started process (PID=7217) to work on /home/airflow/.local/lib/python3.12/site-packages/airflow/example_dags/example_sla_dag.py
[2024-12-21T21:23:33.237+0000] {processor.py:914} INFO - Processing file /home/airflow/.local/lib/python3.12/site-packages/airflow/example_dags/example_sla_dag.py for tasks to queue
[2024-12-21T21:23:33.242+0000] {logging_mixin.py:190} INFO - [2024-12-21T21:23:33.241+0000] {dagbag.py:588} INFO - Filling up the DagBag from /home/airflow/.local/lib/python3.12/site-packages/airflow/example_dags/example_sla_dag.py
[2024-12-21T21:23:33.261+0000] {processor.py:925} INFO - DAG(s) 'example_sla_dag' retrieved from /home/airflow/.local/lib/python3.12/site-packages/airflow/example_dags/example_sla_dag.py
[2024-12-21T21:23:33.298+0000] {logging_mixin.py:190} INFO - [2024-12-21T21:23:33.297+0000] {dag.py:3239} INFO - Sync 1 DAGs
[2024-12-21T21:23:33.362+0000] {logging_mixin.py:190} INFO - [2024-12-21T21:23:33.362+0000] {dag.py:4180} INFO - Setting next_dagrun for example_sla_dag to 2024-12-21 21:20:00+00:00, run_after=2024-12-21 21:22:00+00:00
[2024-12-21T21:23:33.402+0000] {processor.py:208} INFO - Processing /home/airflow/.local/lib/python3.12/site-packages/airflow/example_dags/example_sla_dag.py took 0.178 seconds
[2024-12-21T21:24:03.649+0000] {processor.py:186} INFO - Started process (PID=7513) to work on /home/airflow/.local/lib/python3.12/site-packages/airflow/example_dags/example_sla_dag.py
[2024-12-21T21:24:03.651+0000] {processor.py:914} INFO - Processing file /home/airflow/.local/lib/python3.12/site-packages/airflow/example_dags/example_sla_dag.py for tasks to queue
[2024-12-21T21:24:03.655+0000] {logging_mixin.py:190} INFO - [2024-12-21T21:24:03.654+0000] {dagbag.py:588} INFO - Filling up the DagBag from /home/airflow/.local/lib/python3.12/site-packages/airflow/example_dags/example_sla_dag.py
[2024-12-21T21:24:03.679+0000] {processor.py:925} INFO - DAG(s) 'example_sla_dag' retrieved from /home/airflow/.local/lib/python3.12/site-packages/airflow/example_dags/example_sla_dag.py
[2024-12-21T21:24:03.745+0000] {logging_mixin.py:190} INFO - [2024-12-21T21:24:03.744+0000] {dag.py:3239} INFO - Sync 1 DAGs
[2024-12-21T21:24:03.799+0000] {logging_mixin.py:190} INFO - [2024-12-21T21:24:03.798+0000] {dag.py:4180} INFO - Setting next_dagrun for example_sla_dag to 2024-12-21 21:22:00+00:00, run_after=2024-12-21 21:24:00+00:00
[2024-12-21T21:24:03.835+0000] {processor.py:208} INFO - Processing /home/airflow/.local/lib/python3.12/site-packages/airflow/example_dags/example_sla_dag.py took 0.199 seconds
[2024-12-21T21:26:28.077+0000] {processor.py:186} INFO - Started process (PID=235) to work on /home/airflow/.local/lib/python3.12/site-packages/airflow/example_dags/example_sla_dag.py
[2024-12-21T21:26:28.079+0000] {processor.py:914} INFO - Processing file /home/airflow/.local/lib/python3.12/site-packages/airflow/example_dags/example_sla_dag.py for tasks to queue
[2024-12-21T21:26:28.083+0000] {logging_mixin.py:190} INFO - [2024-12-21T21:26:28.083+0000] {dagbag.py:588} INFO - Filling up the DagBag from /home/airflow/.local/lib/python3.12/site-packages/airflow/example_dags/example_sla_dag.py
[2024-12-21T21:26:28.106+0000] {processor.py:925} INFO - DAG(s) 'example_sla_dag' retrieved from /home/airflow/.local/lib/python3.12/site-packages/airflow/example_dags/example_sla_dag.py
[2024-12-21T21:26:28.159+0000] {logging_mixin.py:190} INFO - [2024-12-21T21:26:28.158+0000] {dag.py:3239} INFO - Sync 1 DAGs
[2024-12-21T21:26:28.221+0000] {logging_mixin.py:190} INFO - [2024-12-21T21:26:28.220+0000] {dag.py:4180} INFO - Setting next_dagrun for example_sla_dag to 2024-12-21 21:24:00+00:00, run_after=2024-12-21 21:26:00+00:00
[2024-12-21T21:26:28.257+0000] {processor.py:208} INFO - Processing /home/airflow/.local/lib/python3.12/site-packages/airflow/example_dags/example_sla_dag.py took 0.189 seconds
[2024-12-21T21:26:58.554+0000] {processor.py:186} INFO - Started process (PID=531) to work on /home/airflow/.local/lib/python3.12/site-packages/airflow/example_dags/example_sla_dag.py
[2024-12-21T21:26:58.556+0000] {processor.py:914} INFO - Processing file /home/airflow/.local/lib/python3.12/site-packages/airflow/example_dags/example_sla_dag.py for tasks to queue
[2024-12-21T21:26:58.561+0000] {logging_mixin.py:190} INFO - [2024-12-21T21:26:58.560+0000] {dagbag.py:588} INFO - Filling up the DagBag from /home/airflow/.local/lib/python3.12/site-packages/airflow/example_dags/example_sla_dag.py
[2024-12-21T21:26:58.581+0000] {processor.py:925} INFO - DAG(s) 'example_sla_dag' retrieved from /home/airflow/.local/lib/python3.12/site-packages/airflow/example_dags/example_sla_dag.py
[2024-12-21T21:26:58.621+0000] {logging_mixin.py:190} INFO - [2024-12-21T21:26:58.620+0000] {dag.py:3239} INFO - Sync 1 DAGs
[2024-12-21T21:26:58.678+0000] {logging_mixin.py:190} INFO - [2024-12-21T21:26:58.678+0000] {dag.py:4180} INFO - Setting next_dagrun for example_sla_dag to 2024-12-21 21:24:00+00:00, run_after=2024-12-21 21:26:00+00:00
[2024-12-21T21:26:58.745+0000] {processor.py:208} INFO - Processing /home/airflow/.local/lib/python3.12/site-packages/airflow/example_dags/example_sla_dag.py took 0.202 seconds
[2024-12-21T21:27:29.350+0000] {processor.py:186} INFO - Started process (PID=833) to work on /home/airflow/.local/lib/python3.12/site-packages/airflow/example_dags/example_sla_dag.py
[2024-12-21T21:27:29.352+0000] {processor.py:914} INFO - Processing file /home/airflow/.local/lib/python3.12/site-packages/airflow/example_dags/example_sla_dag.py for tasks to queue
[2024-12-21T21:27:29.359+0000] {logging_mixin.py:190} INFO - [2024-12-21T21:27:29.358+0000] {dagbag.py:588} INFO - Filling up the DagBag from /home/airflow/.local/lib/python3.12/site-packages/airflow/example_dags/example_sla_dag.py
[2024-12-21T21:27:29.386+0000] {processor.py:925} INFO - DAG(s) 'example_sla_dag' retrieved from /home/airflow/.local/lib/python3.12/site-packages/airflow/example_dags/example_sla_dag.py
[2024-12-21T21:27:29.462+0000] {logging_mixin.py:190} INFO - [2024-12-21T21:27:29.450+0000] {dag.py:3239} INFO - Sync 1 DAGs
[2024-12-21T21:27:29.544+0000] {logging_mixin.py:190} INFO - [2024-12-21T21:27:29.544+0000] {dag.py:4180} INFO - Setting next_dagrun for example_sla_dag to 2024-12-21 21:24:00+00:00, run_after=2024-12-21 21:26:00+00:00
[2024-12-21T21:27:29.586+0000] {processor.py:208} INFO - Processing /home/airflow/.local/lib/python3.12/site-packages/airflow/example_dags/example_sla_dag.py took 0.250 seconds
[2024-12-21T21:27:59.686+0000] {processor.py:186} INFO - Started process (PID=1129) to work on /home/airflow/.local/lib/python3.12/site-packages/airflow/example_dags/example_sla_dag.py
[2024-12-21T21:27:59.688+0000] {processor.py:914} INFO - Processing file /home/airflow/.local/lib/python3.12/site-packages/airflow/example_dags/example_sla_dag.py for tasks to queue
[2024-12-21T21:27:59.692+0000] {logging_mixin.py:190} INFO - [2024-12-21T21:27:59.691+0000] {dagbag.py:588} INFO - Filling up the DagBag from /home/airflow/.local/lib/python3.12/site-packages/airflow/example_dags/example_sla_dag.py
[2024-12-21T21:27:59.712+0000] {processor.py:925} INFO - DAG(s) 'example_sla_dag' retrieved from /home/airflow/.local/lib/python3.12/site-packages/airflow/example_dags/example_sla_dag.py
[2024-12-21T21:27:59.752+0000] {logging_mixin.py:190} INFO - [2024-12-21T21:27:59.752+0000] {dag.py:3239} INFO - Sync 1 DAGs
[2024-12-21T21:27:59.807+0000] {logging_mixin.py:190} INFO - [2024-12-21T21:27:59.807+0000] {dag.py:4180} INFO - Setting next_dagrun for example_sla_dag to 2024-12-21 21:24:00+00:00, run_after=2024-12-21 21:26:00+00:00
[2024-12-21T21:27:59.846+0000] {processor.py:208} INFO - Processing /home/airflow/.local/lib/python3.12/site-packages/airflow/example_dags/example_sla_dag.py took 0.171 seconds
[2024-12-21T21:28:30.382+0000] {processor.py:186} INFO - Started process (PID=1425) to work on /home/airflow/.local/lib/python3.12/site-packages/airflow/example_dags/example_sla_dag.py
[2024-12-21T21:28:30.384+0000] {processor.py:914} INFO - Processing file /home/airflow/.local/lib/python3.12/site-packages/airflow/example_dags/example_sla_dag.py for tasks to queue
[2024-12-21T21:28:30.388+0000] {logging_mixin.py:190} INFO - [2024-12-21T21:28:30.387+0000] {dagbag.py:588} INFO - Filling up the DagBag from /home/airflow/.local/lib/python3.12/site-packages/airflow/example_dags/example_sla_dag.py
[2024-12-21T21:28:30.406+0000] {processor.py:925} INFO - DAG(s) 'example_sla_dag' retrieved from /home/airflow/.local/lib/python3.12/site-packages/airflow/example_dags/example_sla_dag.py
[2024-12-21T21:28:30.444+0000] {logging_mixin.py:190} INFO - [2024-12-21T21:28:30.444+0000] {dag.py:3239} INFO - Sync 1 DAGs
[2024-12-21T21:28:30.494+0000] {logging_mixin.py:190} INFO - [2024-12-21T21:28:30.494+0000] {dag.py:4180} INFO - Setting next_dagrun for example_sla_dag to 2024-12-21 21:26:00+00:00, run_after=2024-12-21 21:28:00+00:00
[2024-12-21T21:28:30.534+0000] {processor.py:208} INFO - Processing /home/airflow/.local/lib/python3.12/site-packages/airflow/example_dags/example_sla_dag.py took 0.162 seconds
[2024-12-21T21:29:01.279+0000] {processor.py:186} INFO - Started process (PID=1721) to work on /home/airflow/.local/lib/python3.12/site-packages/airflow/example_dags/example_sla_dag.py
[2024-12-21T21:29:01.281+0000] {processor.py:914} INFO - Processing file /home/airflow/.local/lib/python3.12/site-packages/airflow/example_dags/example_sla_dag.py for tasks to queue
[2024-12-21T21:29:01.285+0000] {logging_mixin.py:190} INFO - [2024-12-21T21:29:01.284+0000] {dagbag.py:588} INFO - Filling up the DagBag from /home/airflow/.local/lib/python3.12/site-packages/airflow/example_dags/example_sla_dag.py
[2024-12-21T21:29:01.303+0000] {processor.py:925} INFO - DAG(s) 'example_sla_dag' retrieved from /home/airflow/.local/lib/python3.12/site-packages/airflow/example_dags/example_sla_dag.py
[2024-12-21T21:29:01.344+0000] {logging_mixin.py:190} INFO - [2024-12-21T21:29:01.344+0000] {dag.py:3239} INFO - Sync 1 DAGs
[2024-12-21T21:29:01.399+0000] {logging_mixin.py:190} INFO - [2024-12-21T21:29:01.398+0000] {dag.py:4180} INFO - Setting next_dagrun for example_sla_dag to 2024-12-21 21:26:00+00:00, run_after=2024-12-21 21:28:00+00:00
[2024-12-21T21:29:01.434+0000] {processor.py:208} INFO - Processing /home/airflow/.local/lib/python3.12/site-packages/airflow/example_dags/example_sla_dag.py took 0.166 seconds
[2024-12-21T21:29:31.929+0000] {processor.py:186} INFO - Started process (PID=2018) to work on /home/airflow/.local/lib/python3.12/site-packages/airflow/example_dags/example_sla_dag.py
[2024-12-21T21:29:31.931+0000] {processor.py:914} INFO - Processing file /home/airflow/.local/lib/python3.12/site-packages/airflow/example_dags/example_sla_dag.py for tasks to queue
[2024-12-21T21:29:31.935+0000] {logging_mixin.py:190} INFO - [2024-12-21T21:29:31.934+0000] {dagbag.py:588} INFO - Filling up the DagBag from /home/airflow/.local/lib/python3.12/site-packages/airflow/example_dags/example_sla_dag.py
[2024-12-21T21:29:31.953+0000] {processor.py:925} INFO - DAG(s) 'example_sla_dag' retrieved from /home/airflow/.local/lib/python3.12/site-packages/airflow/example_dags/example_sla_dag.py
[2024-12-21T21:29:31.993+0000] {logging_mixin.py:190} INFO - [2024-12-21T21:29:31.992+0000] {dag.py:3239} INFO - Sync 1 DAGs
[2024-12-21T21:29:32.061+0000] {logging_mixin.py:190} INFO - [2024-12-21T21:29:32.060+0000] {dag.py:4180} INFO - Setting next_dagrun for example_sla_dag to 2024-12-21 21:26:00+00:00, run_after=2024-12-21 21:28:00+00:00
[2024-12-21T21:29:32.108+0000] {processor.py:208} INFO - Processing /home/airflow/.local/lib/python3.12/site-packages/airflow/example_dags/example_sla_dag.py took 0.194 seconds
[2024-12-21T21:30:02.520+0000] {processor.py:186} INFO - Started process (PID=2314) to work on /home/airflow/.local/lib/python3.12/site-packages/airflow/example_dags/example_sla_dag.py
[2024-12-21T21:30:02.522+0000] {processor.py:914} INFO - Processing file /home/airflow/.local/lib/python3.12/site-packages/airflow/example_dags/example_sla_dag.py for tasks to queue
[2024-12-21T21:30:02.526+0000] {logging_mixin.py:190} INFO - [2024-12-21T21:30:02.526+0000] {dagbag.py:588} INFO - Filling up the DagBag from /home/airflow/.local/lib/python3.12/site-packages/airflow/example_dags/example_sla_dag.py
[2024-12-21T21:30:02.551+0000] {processor.py:925} INFO - DAG(s) 'example_sla_dag' retrieved from /home/airflow/.local/lib/python3.12/site-packages/airflow/example_dags/example_sla_dag.py
[2024-12-21T21:30:02.589+0000] {logging_mixin.py:190} INFO - [2024-12-21T21:30:02.588+0000] {dag.py:3239} INFO - Sync 1 DAGs
[2024-12-21T21:30:02.643+0000] {logging_mixin.py:190} INFO - [2024-12-21T21:30:02.642+0000] {dag.py:4180} INFO - Setting next_dagrun for example_sla_dag to 2024-12-21 21:28:00+00:00, run_after=2024-12-21 21:30:00+00:00
[2024-12-21T21:30:02.679+0000] {processor.py:208} INFO - Processing /home/airflow/.local/lib/python3.12/site-packages/airflow/example_dags/example_sla_dag.py took 0.172 seconds
[2024-12-21T21:30:33.139+0000] {processor.py:186} INFO - Started process (PID=2610) to work on /home/airflow/.local/lib/python3.12/site-packages/airflow/example_dags/example_sla_dag.py
[2024-12-21T21:30:33.141+0000] {processor.py:914} INFO - Processing file /home/airflow/.local/lib/python3.12/site-packages/airflow/example_dags/example_sla_dag.py for tasks to queue
[2024-12-21T21:30:33.145+0000] {logging_mixin.py:190} INFO - [2024-12-21T21:30:33.145+0000] {dagbag.py:588} INFO - Filling up the DagBag from /home/airflow/.local/lib/python3.12/site-packages/airflow/example_dags/example_sla_dag.py
[2024-12-21T21:30:33.170+0000] {processor.py:925} INFO - DAG(s) 'example_sla_dag' retrieved from /home/airflow/.local/lib/python3.12/site-packages/airflow/example_dags/example_sla_dag.py
[2024-12-21T21:30:33.213+0000] {logging_mixin.py:190} INFO - [2024-12-21T21:30:33.212+0000] {dag.py:3239} INFO - Sync 1 DAGs
[2024-12-21T21:30:33.273+0000] {logging_mixin.py:190} INFO - [2024-12-21T21:30:33.272+0000] {dag.py:4180} INFO - Setting next_dagrun for example_sla_dag to 2024-12-21 21:28:00+00:00, run_after=2024-12-21 21:30:00+00:00
[2024-12-21T21:30:33.310+0000] {processor.py:208} INFO - Processing /home/airflow/.local/lib/python3.12/site-packages/airflow/example_dags/example_sla_dag.py took 0.182 seconds
[2024-12-21T21:31:03.466+0000] {processor.py:186} INFO - Started process (PID=2906) to work on /home/airflow/.local/lib/python3.12/site-packages/airflow/example_dags/example_sla_dag.py
[2024-12-21T21:31:03.468+0000] {processor.py:914} INFO - Processing file /home/airflow/.local/lib/python3.12/site-packages/airflow/example_dags/example_sla_dag.py for tasks to queue
[2024-12-21T21:31:03.473+0000] {logging_mixin.py:190} INFO - [2024-12-21T21:31:03.472+0000] {dagbag.py:588} INFO - Filling up the DagBag from /home/airflow/.local/lib/python3.12/site-packages/airflow/example_dags/example_sla_dag.py
[2024-12-21T21:31:03.496+0000] {processor.py:925} INFO - DAG(s) 'example_sla_dag' retrieved from /home/airflow/.local/lib/python3.12/site-packages/airflow/example_dags/example_sla_dag.py
[2024-12-21T21:31:03.534+0000] {logging_mixin.py:190} INFO - [2024-12-21T21:31:03.534+0000] {dag.py:3239} INFO - Sync 1 DAGs
[2024-12-21T21:31:03.594+0000] {logging_mixin.py:190} INFO - [2024-12-21T21:31:03.594+0000] {dag.py:4180} INFO - Setting next_dagrun for example_sla_dag to 2024-12-21 21:28:00+00:00, run_after=2024-12-21 21:30:00+00:00
[2024-12-21T21:31:03.635+0000] {processor.py:208} INFO - Processing /home/airflow/.local/lib/python3.12/site-packages/airflow/example_dags/example_sla_dag.py took 0.181 seconds
[2024-12-21T21:31:34.197+0000] {processor.py:186} INFO - Started process (PID=3205) to work on /home/airflow/.local/lib/python3.12/site-packages/airflow/example_dags/example_sla_dag.py
[2024-12-21T21:31:34.199+0000] {processor.py:914} INFO - Processing file /home/airflow/.local/lib/python3.12/site-packages/airflow/example_dags/example_sla_dag.py for tasks to queue
[2024-12-21T21:31:34.205+0000] {logging_mixin.py:190} INFO - [2024-12-21T21:31:34.204+0000] {dagbag.py:588} INFO - Filling up the DagBag from /home/airflow/.local/lib/python3.12/site-packages/airflow/example_dags/example_sla_dag.py
[2024-12-21T21:31:34.226+0000] {processor.py:925} INFO - DAG(s) 'example_sla_dag' retrieved from /home/airflow/.local/lib/python3.12/site-packages/airflow/example_dags/example_sla_dag.py
[2024-12-21T21:31:34.264+0000] {logging_mixin.py:190} INFO - [2024-12-21T21:31:34.264+0000] {dag.py:3239} INFO - Sync 1 DAGs
[2024-12-21T21:31:34.325+0000] {logging_mixin.py:190} INFO - [2024-12-21T21:31:34.325+0000] {dag.py:4180} INFO - Setting next_dagrun for example_sla_dag to 2024-12-21 21:28:00+00:00, run_after=2024-12-21 21:30:00+00:00
[2024-12-21T21:31:34.379+0000] {processor.py:208} INFO - Processing /home/airflow/.local/lib/python3.12/site-packages/airflow/example_dags/example_sla_dag.py took 0.194 seconds
[2024-12-21T21:32:04.685+0000] {processor.py:186} INFO - Started process (PID=3501) to work on /home/airflow/.local/lib/python3.12/site-packages/airflow/example_dags/example_sla_dag.py
[2024-12-21T21:32:04.687+0000] {processor.py:914} INFO - Processing file /home/airflow/.local/lib/python3.12/site-packages/airflow/example_dags/example_sla_dag.py for tasks to queue
[2024-12-21T21:32:04.691+0000] {logging_mixin.py:190} INFO - [2024-12-21T21:32:04.690+0000] {dagbag.py:588} INFO - Filling up the DagBag from /home/airflow/.local/lib/python3.12/site-packages/airflow/example_dags/example_sla_dag.py
[2024-12-21T21:32:04.713+0000] {processor.py:925} INFO - DAG(s) 'example_sla_dag' retrieved from /home/airflow/.local/lib/python3.12/site-packages/airflow/example_dags/example_sla_dag.py
[2024-12-21T21:32:04.748+0000] {logging_mixin.py:190} INFO - [2024-12-21T21:32:04.748+0000] {dag.py:3239} INFO - Sync 1 DAGs
[2024-12-21T21:32:04.807+0000] {logging_mixin.py:190} INFO - [2024-12-21T21:32:04.806+0000] {dag.py:4180} INFO - Setting next_dagrun for example_sla_dag to 2024-12-21 21:30:00+00:00, run_after=2024-12-21 21:32:00+00:00
[2024-12-21T21:32:04.869+0000] {processor.py:208} INFO - Processing /home/airflow/.local/lib/python3.12/site-packages/airflow/example_dags/example_sla_dag.py took 0.195 seconds
[2024-12-21T21:32:35.049+0000] {processor.py:186} INFO - Started process (PID=3795) to work on /home/airflow/.local/lib/python3.12/site-packages/airflow/example_dags/example_sla_dag.py
[2024-12-21T21:32:35.050+0000] {processor.py:914} INFO - Processing file /home/airflow/.local/lib/python3.12/site-packages/airflow/example_dags/example_sla_dag.py for tasks to queue
[2024-12-21T21:32:35.055+0000] {logging_mixin.py:190} INFO - [2024-12-21T21:32:35.054+0000] {dagbag.py:588} INFO - Filling up the DagBag from /home/airflow/.local/lib/python3.12/site-packages/airflow/example_dags/example_sla_dag.py
[2024-12-21T21:32:35.072+0000] {processor.py:925} INFO - DAG(s) 'example_sla_dag' retrieved from /home/airflow/.local/lib/python3.12/site-packages/airflow/example_dags/example_sla_dag.py
[2024-12-21T21:32:35.108+0000] {logging_mixin.py:190} INFO - [2024-12-21T21:32:35.108+0000] {dag.py:3239} INFO - Sync 1 DAGs
[2024-12-21T21:32:35.158+0000] {logging_mixin.py:190} INFO - [2024-12-21T21:32:35.158+0000] {dag.py:4180} INFO - Setting next_dagrun for example_sla_dag to 2024-12-21 21:30:00+00:00, run_after=2024-12-21 21:32:00+00:00
[2024-12-21T21:32:35.195+0000] {processor.py:208} INFO - Processing /home/airflow/.local/lib/python3.12/site-packages/airflow/example_dags/example_sla_dag.py took 0.157 seconds
[2024-12-21T21:33:06.135+0000] {processor.py:186} INFO - Started process (PID=4091) to work on /home/airflow/.local/lib/python3.12/site-packages/airflow/example_dags/example_sla_dag.py
[2024-12-21T21:33:06.137+0000] {processor.py:914} INFO - Processing file /home/airflow/.local/lib/python3.12/site-packages/airflow/example_dags/example_sla_dag.py for tasks to queue
[2024-12-21T21:33:06.143+0000] {logging_mixin.py:190} INFO - [2024-12-21T21:33:06.142+0000] {dagbag.py:588} INFO - Filling up the DagBag from /home/airflow/.local/lib/python3.12/site-packages/airflow/example_dags/example_sla_dag.py
[2024-12-21T21:33:06.168+0000] {processor.py:925} INFO - DAG(s) 'example_sla_dag' retrieved from /home/airflow/.local/lib/python3.12/site-packages/airflow/example_dags/example_sla_dag.py
[2024-12-21T21:33:06.212+0000] {logging_mixin.py:190} INFO - [2024-12-21T21:33:06.211+0000] {dag.py:3239} INFO - Sync 1 DAGs
[2024-12-21T21:33:06.276+0000] {logging_mixin.py:190} INFO - [2024-12-21T21:33:06.275+0000] {dag.py:4180} INFO - Setting next_dagrun for example_sla_dag to 2024-12-21 21:30:00+00:00, run_after=2024-12-21 21:32:00+00:00
[2024-12-21T21:33:06.342+0000] {processor.py:208} INFO - Processing /home/airflow/.local/lib/python3.12/site-packages/airflow/example_dags/example_sla_dag.py took 0.219 seconds
[2024-12-21T21:33:36.842+0000] {processor.py:186} INFO - Started process (PID=4387) to work on /home/airflow/.local/lib/python3.12/site-packages/airflow/example_dags/example_sla_dag.py
[2024-12-21T21:33:36.844+0000] {processor.py:914} INFO - Processing file /home/airflow/.local/lib/python3.12/site-packages/airflow/example_dags/example_sla_dag.py for tasks to queue
[2024-12-21T21:33:36.849+0000] {logging_mixin.py:190} INFO - [2024-12-21T21:33:36.848+0000] {dagbag.py:588} INFO - Filling up the DagBag from /home/airflow/.local/lib/python3.12/site-packages/airflow/example_dags/example_sla_dag.py
[2024-12-21T21:33:36.868+0000] {processor.py:925} INFO - DAG(s) 'example_sla_dag' retrieved from /home/airflow/.local/lib/python3.12/site-packages/airflow/example_dags/example_sla_dag.py
[2024-12-21T21:33:36.911+0000] {logging_mixin.py:190} INFO - [2024-12-21T21:33:36.910+0000] {dag.py:3239} INFO - Sync 1 DAGs
[2024-12-21T21:33:36.988+0000] {logging_mixin.py:190} INFO - [2024-12-21T21:33:36.987+0000] {dag.py:4180} INFO - Setting next_dagrun for example_sla_dag to 2024-12-21 21:30:00+00:00, run_after=2024-12-21 21:32:00+00:00
[2024-12-21T21:33:37.049+0000] {processor.py:208} INFO - Processing /home/airflow/.local/lib/python3.12/site-packages/airflow/example_dags/example_sla_dag.py took 0.216 seconds
[2024-12-21T21:34:07.851+0000] {processor.py:186} INFO - Started process (PID=4685) to work on /home/airflow/.local/lib/python3.12/site-packages/airflow/example_dags/example_sla_dag.py
[2024-12-21T21:34:07.853+0000] {processor.py:914} INFO - Processing file /home/airflow/.local/lib/python3.12/site-packages/airflow/example_dags/example_sla_dag.py for tasks to queue
[2024-12-21T21:34:07.857+0000] {logging_mixin.py:190} INFO - [2024-12-21T21:34:07.857+0000] {dagbag.py:588} INFO - Filling up the DagBag from /home/airflow/.local/lib/python3.12/site-packages/airflow/example_dags/example_sla_dag.py
[2024-12-21T21:34:07.878+0000] {processor.py:925} INFO - DAG(s) 'example_sla_dag' retrieved from /home/airflow/.local/lib/python3.12/site-packages/airflow/example_dags/example_sla_dag.py
[2024-12-21T21:34:07.916+0000] {logging_mixin.py:190} INFO - [2024-12-21T21:34:07.915+0000] {dag.py:3239} INFO - Sync 1 DAGs
[2024-12-21T21:34:07.980+0000] {logging_mixin.py:190} INFO - [2024-12-21T21:34:07.980+0000] {dag.py:4180} INFO - Setting next_dagrun for example_sla_dag to 2024-12-21 21:32:00+00:00, run_after=2024-12-21 21:34:00+00:00
[2024-12-21T21:34:08.046+0000] {processor.py:208} INFO - Processing /home/airflow/.local/lib/python3.12/site-packages/airflow/example_dags/example_sla_dag.py took 0.207 seconds
[2024-12-21T21:34:38.348+0000] {processor.py:186} INFO - Started process (PID=4980) to work on /home/airflow/.local/lib/python3.12/site-packages/airflow/example_dags/example_sla_dag.py
[2024-12-21T21:34:38.350+0000] {processor.py:914} INFO - Processing file /home/airflow/.local/lib/python3.12/site-packages/airflow/example_dags/example_sla_dag.py for tasks to queue
[2024-12-21T21:34:38.355+0000] {logging_mixin.py:190} INFO - [2024-12-21T21:34:38.354+0000] {dagbag.py:588} INFO - Filling up the DagBag from /home/airflow/.local/lib/python3.12/site-packages/airflow/example_dags/example_sla_dag.py
[2024-12-21T21:34:38.373+0000] {processor.py:925} INFO - DAG(s) 'example_sla_dag' retrieved from /home/airflow/.local/lib/python3.12/site-packages/airflow/example_dags/example_sla_dag.py
[2024-12-21T21:34:38.414+0000] {logging_mixin.py:190} INFO - [2024-12-21T21:34:38.414+0000] {dag.py:3239} INFO - Sync 1 DAGs
[2024-12-21T21:34:38.484+0000] {logging_mixin.py:190} INFO - [2024-12-21T21:34:38.484+0000] {dag.py:4180} INFO - Setting next_dagrun for example_sla_dag to 2024-12-21 21:32:00+00:00, run_after=2024-12-21 21:34:00+00:00
[2024-12-21T21:34:38.550+0000] {processor.py:208} INFO - Processing /home/airflow/.local/lib/python3.12/site-packages/airflow/example_dags/example_sla_dag.py took 0.212 seconds
[2024-12-21T21:35:09.768+0000] {processor.py:186} INFO - Started process (PID=5276) to work on /home/airflow/.local/lib/python3.12/site-packages/airflow/example_dags/example_sla_dag.py
[2024-12-21T21:35:09.770+0000] {processor.py:914} INFO - Processing file /home/airflow/.local/lib/python3.12/site-packages/airflow/example_dags/example_sla_dag.py for tasks to queue
[2024-12-21T21:35:09.774+0000] {logging_mixin.py:190} INFO - [2024-12-21T21:35:09.774+0000] {dagbag.py:588} INFO - Filling up the DagBag from /home/airflow/.local/lib/python3.12/site-packages/airflow/example_dags/example_sla_dag.py
[2024-12-21T21:35:09.795+0000] {processor.py:925} INFO - DAG(s) 'example_sla_dag' retrieved from /home/airflow/.local/lib/python3.12/site-packages/airflow/example_dags/example_sla_dag.py
[2024-12-21T21:35:09.836+0000] {logging_mixin.py:190} INFO - [2024-12-21T21:35:09.835+0000] {dag.py:3239} INFO - Sync 1 DAGs
[2024-12-21T21:35:09.890+0000] {logging_mixin.py:190} INFO - [2024-12-21T21:35:09.889+0000] {dag.py:4180} INFO - Setting next_dagrun for example_sla_dag to 2024-12-21 21:32:00+00:00, run_after=2024-12-21 21:34:00+00:00
[2024-12-21T21:35:09.951+0000] {processor.py:208} INFO - Processing /home/airflow/.local/lib/python3.12/site-packages/airflow/example_dags/example_sla_dag.py took 0.195 seconds
[2024-12-21T21:35:41.635+0000] {processor.py:186} INFO - Started process (PID=5564) to work on /home/airflow/.local/lib/python3.12/site-packages/airflow/example_dags/example_sla_dag.py
[2024-12-21T21:35:41.637+0000] {processor.py:914} INFO - Processing file /home/airflow/.local/lib/python3.12/site-packages/airflow/example_dags/example_sla_dag.py for tasks to queue
[2024-12-21T21:35:41.642+0000] {logging_mixin.py:190} INFO - [2024-12-21T21:35:41.642+0000] {dagbag.py:588} INFO - Filling up the DagBag from /home/airflow/.local/lib/python3.12/site-packages/airflow/example_dags/example_sla_dag.py
[2024-12-21T21:35:41.669+0000] {processor.py:925} INFO - DAG(s) 'example_sla_dag' retrieved from /home/airflow/.local/lib/python3.12/site-packages/airflow/example_dags/example_sla_dag.py
[2024-12-21T21:35:41.731+0000] {logging_mixin.py:190} INFO - [2024-12-21T21:35:41.730+0000] {dag.py:3239} INFO - Sync 1 DAGs
[2024-12-21T21:35:41.807+0000] {logging_mixin.py:190} INFO - [2024-12-21T21:35:41.807+0000] {dag.py:4180} INFO - Setting next_dagrun for example_sla_dag to 2024-12-21 21:32:00+00:00, run_after=2024-12-21 21:34:00+00:00
[2024-12-21T21:35:41.873+0000] {processor.py:208} INFO - Processing /home/airflow/.local/lib/python3.12/site-packages/airflow/example_dags/example_sla_dag.py took 0.248 seconds
[2024-12-21T21:36:13.379+0000] {processor.py:186} INFO - Started process (PID=5858) to work on /home/airflow/.local/lib/python3.12/site-packages/airflow/example_dags/example_sla_dag.py
[2024-12-21T21:36:13.382+0000] {processor.py:914} INFO - Processing file /home/airflow/.local/lib/python3.12/site-packages/airflow/example_dags/example_sla_dag.py for tasks to queue
[2024-12-21T21:36:13.387+0000] {logging_mixin.py:190} INFO - [2024-12-21T21:36:13.386+0000] {dagbag.py:588} INFO - Filling up the DagBag from /home/airflow/.local/lib/python3.12/site-packages/airflow/example_dags/example_sla_dag.py
[2024-12-21T21:36:13.409+0000] {processor.py:925} INFO - DAG(s) 'example_sla_dag' retrieved from /home/airflow/.local/lib/python3.12/site-packages/airflow/example_dags/example_sla_dag.py
[2024-12-21T21:36:13.452+0000] {logging_mixin.py:190} INFO - [2024-12-21T21:36:13.452+0000] {dag.py:3239} INFO - Sync 1 DAGs
[2024-12-21T21:36:13.510+0000] {logging_mixin.py:190} INFO - [2024-12-21T21:36:13.509+0000] {dag.py:4180} INFO - Setting next_dagrun for example_sla_dag to 2024-12-21 21:34:00+00:00, run_after=2024-12-21 21:36:00+00:00
[2024-12-21T21:36:13.572+0000] {processor.py:208} INFO - Processing /home/airflow/.local/lib/python3.12/site-packages/airflow/example_dags/example_sla_dag.py took 0.203 seconds
[2024-12-21T21:36:44.758+0000] {processor.py:186} INFO - Started process (PID=6154) to work on /home/airflow/.local/lib/python3.12/site-packages/airflow/example_dags/example_sla_dag.py
[2024-12-21T21:36:44.760+0000] {processor.py:914} INFO - Processing file /home/airflow/.local/lib/python3.12/site-packages/airflow/example_dags/example_sla_dag.py for tasks to queue
[2024-12-21T21:36:44.764+0000] {logging_mixin.py:190} INFO - [2024-12-21T21:36:44.764+0000] {dagbag.py:588} INFO - Filling up the DagBag from /home/airflow/.local/lib/python3.12/site-packages/airflow/example_dags/example_sla_dag.py
[2024-12-21T21:36:44.787+0000] {processor.py:925} INFO - DAG(s) 'example_sla_dag' retrieved from /home/airflow/.local/lib/python3.12/site-packages/airflow/example_dags/example_sla_dag.py
[2024-12-21T21:36:44.832+0000] {logging_mixin.py:190} INFO - [2024-12-21T21:36:44.831+0000] {dag.py:3239} INFO - Sync 1 DAGs
[2024-12-21T21:36:44.895+0000] {logging_mixin.py:190} INFO - [2024-12-21T21:36:44.895+0000] {dag.py:4180} INFO - Setting next_dagrun for example_sla_dag to 2024-12-21 21:34:00+00:00, run_after=2024-12-21 21:36:00+00:00
[2024-12-21T21:36:44.955+0000] {processor.py:208} INFO - Processing /home/airflow/.local/lib/python3.12/site-packages/airflow/example_dags/example_sla_dag.py took 0.210 seconds
[2024-12-21T21:37:16.064+0000] {processor.py:186} INFO - Started process (PID=6445) to work on /home/airflow/.local/lib/python3.12/site-packages/airflow/example_dags/example_sla_dag.py
[2024-12-21T21:37:16.067+0000] {processor.py:914} INFO - Processing file /home/airflow/.local/lib/python3.12/site-packages/airflow/example_dags/example_sla_dag.py for tasks to queue
[2024-12-21T21:37:16.072+0000] {logging_mixin.py:190} INFO - [2024-12-21T21:37:16.071+0000] {dagbag.py:588} INFO - Filling up the DagBag from /home/airflow/.local/lib/python3.12/site-packages/airflow/example_dags/example_sla_dag.py
[2024-12-21T21:37:16.096+0000] {processor.py:925} INFO - DAG(s) 'example_sla_dag' retrieved from /home/airflow/.local/lib/python3.12/site-packages/airflow/example_dags/example_sla_dag.py
[2024-12-21T21:37:16.157+0000] {logging_mixin.py:190} INFO - [2024-12-21T21:37:16.156+0000] {dag.py:3239} INFO - Sync 1 DAGs
[2024-12-21T21:37:16.212+0000] {logging_mixin.py:190} INFO - [2024-12-21T21:37:16.211+0000] {dag.py:4180} INFO - Setting next_dagrun for example_sla_dag to 2024-12-21 21:34:00+00:00, run_after=2024-12-21 21:36:00+00:00
[2024-12-21T21:37:16.247+0000] {processor.py:208} INFO - Processing /home/airflow/.local/lib/python3.12/site-packages/airflow/example_dags/example_sla_dag.py took 0.200 seconds
[2024-12-21T21:37:46.722+0000] {processor.py:186} INFO - Started process (PID=6728) to work on /home/airflow/.local/lib/python3.12/site-packages/airflow/example_dags/example_sla_dag.py
[2024-12-21T21:37:46.724+0000] {processor.py:914} INFO - Processing file /home/airflow/.local/lib/python3.12/site-packages/airflow/example_dags/example_sla_dag.py for tasks to queue
[2024-12-21T21:37:46.729+0000] {logging_mixin.py:190} INFO - [2024-12-21T21:37:46.729+0000] {dagbag.py:588} INFO - Filling up the DagBag from /home/airflow/.local/lib/python3.12/site-packages/airflow/example_dags/example_sla_dag.py
[2024-12-21T21:37:46.754+0000] {processor.py:925} INFO - DAG(s) 'example_sla_dag' retrieved from /home/airflow/.local/lib/python3.12/site-packages/airflow/example_dags/example_sla_dag.py
[2024-12-21T21:37:46.799+0000] {logging_mixin.py:190} INFO - [2024-12-21T21:37:46.799+0000] {dag.py:3239} INFO - Sync 1 DAGs
[2024-12-21T21:37:46.874+0000] {logging_mixin.py:190} INFO - [2024-12-21T21:37:46.873+0000] {dag.py:4180} INFO - Setting next_dagrun for example_sla_dag to 2024-12-21 21:34:00+00:00, run_after=2024-12-21 21:36:00+00:00
[2024-12-21T21:37:46.928+0000] {processor.py:208} INFO - Processing /home/airflow/.local/lib/python3.12/site-packages/airflow/example_dags/example_sla_dag.py took 0.217 seconds
[2024-12-21T21:38:17.405+0000] {processor.py:186} INFO - Started process (PID=7012) to work on /home/airflow/.local/lib/python3.12/site-packages/airflow/example_dags/example_sla_dag.py
[2024-12-21T21:38:17.407+0000] {processor.py:914} INFO - Processing file /home/airflow/.local/lib/python3.12/site-packages/airflow/example_dags/example_sla_dag.py for tasks to queue
[2024-12-21T21:38:17.412+0000] {logging_mixin.py:190} INFO - [2024-12-21T21:38:17.411+0000] {dagbag.py:588} INFO - Filling up the DagBag from /home/airflow/.local/lib/python3.12/site-packages/airflow/example_dags/example_sla_dag.py
[2024-12-21T21:38:17.433+0000] {processor.py:925} INFO - DAG(s) 'example_sla_dag' retrieved from /home/airflow/.local/lib/python3.12/site-packages/airflow/example_dags/example_sla_dag.py
[2024-12-21T21:38:17.487+0000] {logging_mixin.py:190} INFO - [2024-12-21T21:38:17.485+0000] {dag.py:3239} INFO - Sync 1 DAGs
[2024-12-21T21:38:17.556+0000] {logging_mixin.py:190} INFO - [2024-12-21T21:38:17.556+0000] {dag.py:4180} INFO - Setting next_dagrun for example_sla_dag to 2024-12-21 21:36:00+00:00, run_after=2024-12-21 21:38:00+00:00
[2024-12-21T21:38:17.605+0000] {processor.py:208} INFO - Processing /home/airflow/.local/lib/python3.12/site-packages/airflow/example_dags/example_sla_dag.py took 0.213 seconds
[2024-12-21T21:38:47.769+0000] {processor.py:186} INFO - Started process (PID=7293) to work on /home/airflow/.local/lib/python3.12/site-packages/airflow/example_dags/example_sla_dag.py
[2024-12-21T21:38:47.771+0000] {processor.py:914} INFO - Processing file /home/airflow/.local/lib/python3.12/site-packages/airflow/example_dags/example_sla_dag.py for tasks to queue
[2024-12-21T21:38:47.775+0000] {logging_mixin.py:190} INFO - [2024-12-21T21:38:47.774+0000] {dagbag.py:588} INFO - Filling up the DagBag from /home/airflow/.local/lib/python3.12/site-packages/airflow/example_dags/example_sla_dag.py
[2024-12-21T21:38:47.794+0000] {processor.py:925} INFO - DAG(s) 'example_sla_dag' retrieved from /home/airflow/.local/lib/python3.12/site-packages/airflow/example_dags/example_sla_dag.py
[2024-12-21T21:38:47.836+0000] {logging_mixin.py:190} INFO - [2024-12-21T21:38:47.836+0000] {dag.py:3239} INFO - Sync 1 DAGs
[2024-12-21T21:38:47.901+0000] {logging_mixin.py:190} INFO - [2024-12-21T21:38:47.900+0000] {dag.py:4180} INFO - Setting next_dagrun for example_sla_dag to 2024-12-21 21:36:00+00:00, run_after=2024-12-21 21:38:00+00:00
[2024-12-21T21:38:47.948+0000] {processor.py:208} INFO - Processing /home/airflow/.local/lib/python3.12/site-packages/airflow/example_dags/example_sla_dag.py took 0.190 seconds
[2024-12-21T21:39:18.203+0000] {processor.py:186} INFO - Started process (PID=7586) to work on /home/airflow/.local/lib/python3.12/site-packages/airflow/example_dags/example_sla_dag.py
[2024-12-21T21:39:18.206+0000] {processor.py:914} INFO - Processing file /home/airflow/.local/lib/python3.12/site-packages/airflow/example_dags/example_sla_dag.py for tasks to queue
[2024-12-21T21:39:18.213+0000] {logging_mixin.py:190} INFO - [2024-12-21T21:39:18.212+0000] {dagbag.py:588} INFO - Filling up the DagBag from /home/airflow/.local/lib/python3.12/site-packages/airflow/example_dags/example_sla_dag.py
[2024-12-21T21:39:18.246+0000] {processor.py:925} INFO - DAG(s) 'example_sla_dag' retrieved from /home/airflow/.local/lib/python3.12/site-packages/airflow/example_dags/example_sla_dag.py
[2024-12-21T21:39:18.321+0000] {logging_mixin.py:190} INFO - [2024-12-21T21:39:18.320+0000] {dag.py:3239} INFO - Sync 1 DAGs
[2024-12-21T21:39:18.400+0000] {logging_mixin.py:190} INFO - [2024-12-21T21:39:18.399+0000] {dag.py:4180} INFO - Setting next_dagrun for example_sla_dag to 2024-12-21 21:36:00+00:00, run_after=2024-12-21 21:38:00+00:00
[2024-12-21T21:39:18.459+0000] {processor.py:208} INFO - Processing /home/airflow/.local/lib/python3.12/site-packages/airflow/example_dags/example_sla_dag.py took 0.276 seconds
[2024-12-21T21:39:48.937+0000] {processor.py:186} INFO - Started process (PID=7875) to work on /home/airflow/.local/lib/python3.12/site-packages/airflow/example_dags/example_sla_dag.py
[2024-12-21T21:39:48.940+0000] {processor.py:914} INFO - Processing file /home/airflow/.local/lib/python3.12/site-packages/airflow/example_dags/example_sla_dag.py for tasks to queue
[2024-12-21T21:39:48.947+0000] {logging_mixin.py:190} INFO - [2024-12-21T21:39:48.945+0000] {dagbag.py:588} INFO - Filling up the DagBag from /home/airflow/.local/lib/python3.12/site-packages/airflow/example_dags/example_sla_dag.py
[2024-12-21T21:39:48.979+0000] {processor.py:925} INFO - DAG(s) 'example_sla_dag' retrieved from /home/airflow/.local/lib/python3.12/site-packages/airflow/example_dags/example_sla_dag.py
[2024-12-21T21:39:49.037+0000] {logging_mixin.py:190} INFO - [2024-12-21T21:39:49.036+0000] {dag.py:3239} INFO - Sync 1 DAGs
[2024-12-21T21:39:49.121+0000] {logging_mixin.py:190} INFO - [2024-12-21T21:39:49.120+0000] {dag.py:4180} INFO - Setting next_dagrun for example_sla_dag to 2024-12-21 21:36:00+00:00, run_after=2024-12-21 21:38:00+00:00
[2024-12-21T21:39:49.176+0000] {processor.py:208} INFO - Processing /home/airflow/.local/lib/python3.12/site-packages/airflow/example_dags/example_sla_dag.py took 0.255 seconds
[2024-12-21T21:40:19.385+0000] {processor.py:186} INFO - Started process (PID=8168) to work on /home/airflow/.local/lib/python3.12/site-packages/airflow/example_dags/example_sla_dag.py
[2024-12-21T21:40:19.388+0000] {processor.py:914} INFO - Processing file /home/airflow/.local/lib/python3.12/site-packages/airflow/example_dags/example_sla_dag.py for tasks to queue
[2024-12-21T21:40:19.393+0000] {logging_mixin.py:190} INFO - [2024-12-21T21:40:19.392+0000] {dagbag.py:588} INFO - Filling up the DagBag from /home/airflow/.local/lib/python3.12/site-packages/airflow/example_dags/example_sla_dag.py
[2024-12-21T21:40:19.420+0000] {processor.py:925} INFO - DAG(s) 'example_sla_dag' retrieved from /home/airflow/.local/lib/python3.12/site-packages/airflow/example_dags/example_sla_dag.py
[2024-12-21T21:40:19.469+0000] {logging_mixin.py:190} INFO - [2024-12-21T21:40:19.468+0000] {dag.py:3239} INFO - Sync 1 DAGs
[2024-12-21T21:40:19.542+0000] {logging_mixin.py:190} INFO - [2024-12-21T21:40:19.542+0000] {dag.py:4180} INFO - Setting next_dagrun for example_sla_dag to 2024-12-21 21:38:00+00:00, run_after=2024-12-21 21:40:00+00:00
[2024-12-21T21:40:19.627+0000] {processor.py:208} INFO - Processing /home/airflow/.local/lib/python3.12/site-packages/airflow/example_dags/example_sla_dag.py took 0.257 seconds
