[2024-12-21T21:11:18.629+0000] {processor.py:186} INFO - Started process (PID=312) to work on /home/airflow/.local/lib/python3.12/site-packages/airflow/example_dags/example_complex.py
[2024-12-21T21:11:18.631+0000] {processor.py:914} INFO - Processing file /home/airflow/.local/lib/python3.12/site-packages/airflow/example_dags/example_complex.py for tasks to queue
[2024-12-21T21:11:18.635+0000] {logging_mixin.py:190} INFO - [2024-12-21T21:11:18.634+0000] {dagbag.py:588} INFO - Filling up the DagBag from /home/airflow/.local/lib/python3.12/site-packages/airflow/example_dags/example_complex.py
[2024-12-21T21:11:18.667+0000] {processor.py:925} INFO - DAG(s) 'example_complex' retrieved from /home/airflow/.local/lib/python3.12/site-packages/airflow/example_dags/example_complex.py
[2024-12-21T21:11:18.967+0000] {logging_mixin.py:190} INFO - [2024-12-21T21:11:18.966+0000] {override.py:1911} INFO - Created Permission View: can delete on DAG:example_complex
[2024-12-21T21:11:18.989+0000] {logging_mixin.py:190} INFO - [2024-12-21T21:11:18.988+0000] {override.py:1911} INFO - Created Permission View: can edit on DAG:example_complex
[2024-12-21T21:11:19.003+0000] {logging_mixin.py:190} INFO - [2024-12-21T21:11:19.002+0000] {override.py:1911} INFO - Created Permission View: can read on DAG:example_complex
[2024-12-21T21:11:19.020+0000] {logging_mixin.py:190} INFO - [2024-12-21T21:11:19.019+0000] {override.py:1911} INFO - Created Permission View: can delete on DAG Run:example_complex
[2024-12-21T21:11:19.034+0000] {logging_mixin.py:190} INFO - [2024-12-21T21:11:19.034+0000] {override.py:1911} INFO - Created Permission View: can read on DAG Run:example_complex
[2024-12-21T21:11:19.048+0000] {logging_mixin.py:190} INFO - [2024-12-21T21:11:19.048+0000] {override.py:1911} INFO - Created Permission View: can create on DAG Run:example_complex
[2024-12-21T21:11:19.063+0000] {logging_mixin.py:190} INFO - [2024-12-21T21:11:19.063+0000] {override.py:1911} INFO - Created Permission View: menu access on DAG Run:example_complex
[2024-12-21T21:11:19.065+0000] {logging_mixin.py:190} INFO - [2024-12-21T21:11:19.065+0000] {dag.py:3239} INFO - Sync 1 DAGs
[2024-12-21T21:11:19.090+0000] {logging_mixin.py:190} INFO - [2024-12-21T21:11:19.090+0000] {dag.py:3262} INFO - Creating ORM DAG for example_complex
[2024-12-21T21:11:19.092+0000] {logging_mixin.py:190} INFO - [2024-12-21T21:11:19.091+0000] {dag.py:4180} INFO - Setting next_dagrun for example_complex to None, run_after=None
[2024-12-21T21:11:19.135+0000] {processor.py:208} INFO - Processing /home/airflow/.local/lib/python3.12/site-packages/airflow/example_dags/example_complex.py took 0.517 seconds
[2024-12-21T21:11:50.095+0000] {processor.py:186} INFO - Started process (PID=605) to work on /home/airflow/.local/lib/python3.12/site-packages/airflow/example_dags/example_complex.py
[2024-12-21T21:11:50.097+0000] {processor.py:914} INFO - Processing file /home/airflow/.local/lib/python3.12/site-packages/airflow/example_dags/example_complex.py for tasks to queue
[2024-12-21T21:11:50.111+0000] {logging_mixin.py:190} INFO - [2024-12-21T21:11:50.102+0000] {dagbag.py:588} INFO - Filling up the DagBag from /home/airflow/.local/lib/python3.12/site-packages/airflow/example_dags/example_complex.py
[2024-12-21T21:11:50.155+0000] {processor.py:925} INFO - DAG(s) 'example_complex' retrieved from /home/airflow/.local/lib/python3.12/site-packages/airflow/example_dags/example_complex.py
[2024-12-21T21:11:50.254+0000] {logging_mixin.py:190} INFO - [2024-12-21T21:11:50.253+0000] {dag.py:3239} INFO - Sync 1 DAGs
[2024-12-21T21:11:50.283+0000] {logging_mixin.py:190} INFO - [2024-12-21T21:11:50.283+0000] {dag.py:4180} INFO - Setting next_dagrun for example_complex to None, run_after=None
[2024-12-21T21:11:50.325+0000] {processor.py:208} INFO - Processing /home/airflow/.local/lib/python3.12/site-packages/airflow/example_dags/example_complex.py took 0.243 seconds
[2024-12-21T21:12:20.996+0000] {processor.py:186} INFO - Started process (PID=901) to work on /home/airflow/.local/lib/python3.12/site-packages/airflow/example_dags/example_complex.py
[2024-12-21T21:12:20.998+0000] {processor.py:914} INFO - Processing file /home/airflow/.local/lib/python3.12/site-packages/airflow/example_dags/example_complex.py for tasks to queue
[2024-12-21T21:12:21.003+0000] {logging_mixin.py:190} INFO - [2024-12-21T21:12:21.002+0000] {dagbag.py:588} INFO - Filling up the DagBag from /home/airflow/.local/lib/python3.12/site-packages/airflow/example_dags/example_complex.py
[2024-12-21T21:12:21.029+0000] {processor.py:925} INFO - DAG(s) 'example_complex' retrieved from /home/airflow/.local/lib/python3.12/site-packages/airflow/example_dags/example_complex.py
[2024-12-21T21:12:21.102+0000] {logging_mixin.py:190} INFO - [2024-12-21T21:12:21.101+0000] {dag.py:3239} INFO - Sync 1 DAGs
[2024-12-21T21:12:21.131+0000] {logging_mixin.py:190} INFO - [2024-12-21T21:12:21.130+0000] {dag.py:4180} INFO - Setting next_dagrun for example_complex to None, run_after=None
[2024-12-21T21:12:21.171+0000] {processor.py:208} INFO - Processing /home/airflow/.local/lib/python3.12/site-packages/airflow/example_dags/example_complex.py took 0.188 seconds
[2024-12-21T21:12:52.265+0000] {processor.py:186} INFO - Started process (PID=1195) to work on /home/airflow/.local/lib/python3.12/site-packages/airflow/example_dags/example_complex.py
[2024-12-21T21:12:52.267+0000] {processor.py:914} INFO - Processing file /home/airflow/.local/lib/python3.12/site-packages/airflow/example_dags/example_complex.py for tasks to queue
[2024-12-21T21:12:52.272+0000] {logging_mixin.py:190} INFO - [2024-12-21T21:12:52.271+0000] {dagbag.py:588} INFO - Filling up the DagBag from /home/airflow/.local/lib/python3.12/site-packages/airflow/example_dags/example_complex.py
[2024-12-21T21:12:52.295+0000] {processor.py:925} INFO - DAG(s) 'example_complex' retrieved from /home/airflow/.local/lib/python3.12/site-packages/airflow/example_dags/example_complex.py
[2024-12-21T21:12:52.374+0000] {logging_mixin.py:190} INFO - [2024-12-21T21:12:52.373+0000] {dag.py:3239} INFO - Sync 1 DAGs
[2024-12-21T21:12:52.406+0000] {logging_mixin.py:190} INFO - [2024-12-21T21:12:52.405+0000] {dag.py:4180} INFO - Setting next_dagrun for example_complex to None, run_after=None
[2024-12-21T21:12:52.458+0000] {processor.py:208} INFO - Processing /home/airflow/.local/lib/python3.12/site-packages/airflow/example_dags/example_complex.py took 0.207 seconds
[2024-12-21T21:13:23.411+0000] {processor.py:186} INFO - Started process (PID=1486) to work on /home/airflow/.local/lib/python3.12/site-packages/airflow/example_dags/example_complex.py
[2024-12-21T21:13:23.413+0000] {processor.py:914} INFO - Processing file /home/airflow/.local/lib/python3.12/site-packages/airflow/example_dags/example_complex.py for tasks to queue
[2024-12-21T21:13:23.418+0000] {logging_mixin.py:190} INFO - [2024-12-21T21:13:23.417+0000] {dagbag.py:588} INFO - Filling up the DagBag from /home/airflow/.local/lib/python3.12/site-packages/airflow/example_dags/example_complex.py
[2024-12-21T21:13:23.443+0000] {processor.py:925} INFO - DAG(s) 'example_complex' retrieved from /home/airflow/.local/lib/python3.12/site-packages/airflow/example_dags/example_complex.py
[2024-12-21T21:13:23.510+0000] {logging_mixin.py:190} INFO - [2024-12-21T21:13:23.509+0000] {dag.py:3239} INFO - Sync 1 DAGs
[2024-12-21T21:13:23.548+0000] {logging_mixin.py:190} INFO - [2024-12-21T21:13:23.547+0000] {dag.py:4180} INFO - Setting next_dagrun for example_complex to None, run_after=None
[2024-12-21T21:13:23.589+0000] {processor.py:208} INFO - Processing /home/airflow/.local/lib/python3.12/site-packages/airflow/example_dags/example_complex.py took 0.192 seconds
[2024-12-21T21:13:54.023+0000] {processor.py:186} INFO - Started process (PID=1782) to work on /home/airflow/.local/lib/python3.12/site-packages/airflow/example_dags/example_complex.py
[2024-12-21T21:13:54.025+0000] {processor.py:914} INFO - Processing file /home/airflow/.local/lib/python3.12/site-packages/airflow/example_dags/example_complex.py for tasks to queue
[2024-12-21T21:13:54.030+0000] {logging_mixin.py:190} INFO - [2024-12-21T21:13:54.029+0000] {dagbag.py:588} INFO - Filling up the DagBag from /home/airflow/.local/lib/python3.12/site-packages/airflow/example_dags/example_complex.py
[2024-12-21T21:13:54.062+0000] {processor.py:925} INFO - DAG(s) 'example_complex' retrieved from /home/airflow/.local/lib/python3.12/site-packages/airflow/example_dags/example_complex.py
[2024-12-21T21:13:54.134+0000] {logging_mixin.py:190} INFO - [2024-12-21T21:13:54.134+0000] {dag.py:3239} INFO - Sync 1 DAGs
[2024-12-21T21:13:54.165+0000] {logging_mixin.py:190} INFO - [2024-12-21T21:13:54.165+0000] {dag.py:4180} INFO - Setting next_dagrun for example_complex to None, run_after=None
[2024-12-21T21:13:54.229+0000] {processor.py:208} INFO - Processing /home/airflow/.local/lib/python3.12/site-packages/airflow/example_dags/example_complex.py took 0.220 seconds
[2024-12-21T21:14:24.412+0000] {processor.py:186} INFO - Started process (PID=2075) to work on /home/airflow/.local/lib/python3.12/site-packages/airflow/example_dags/example_complex.py
[2024-12-21T21:14:24.415+0000] {processor.py:914} INFO - Processing file /home/airflow/.local/lib/python3.12/site-packages/airflow/example_dags/example_complex.py for tasks to queue
[2024-12-21T21:14:24.419+0000] {logging_mixin.py:190} INFO - [2024-12-21T21:14:24.419+0000] {dagbag.py:588} INFO - Filling up the DagBag from /home/airflow/.local/lib/python3.12/site-packages/airflow/example_dags/example_complex.py
[2024-12-21T21:14:24.445+0000] {processor.py:925} INFO - DAG(s) 'example_complex' retrieved from /home/airflow/.local/lib/python3.12/site-packages/airflow/example_dags/example_complex.py
[2024-12-21T21:14:24.520+0000] {logging_mixin.py:190} INFO - [2024-12-21T21:14:24.519+0000] {dag.py:3239} INFO - Sync 1 DAGs
[2024-12-21T21:14:24.567+0000] {logging_mixin.py:190} INFO - [2024-12-21T21:14:24.567+0000] {dag.py:4180} INFO - Setting next_dagrun for example_complex to None, run_after=None
[2024-12-21T21:14:24.630+0000] {processor.py:208} INFO - Processing /home/airflow/.local/lib/python3.12/site-packages/airflow/example_dags/example_complex.py took 0.229 seconds
[2024-12-21T21:14:54.841+0000] {processor.py:186} INFO - Started process (PID=2371) to work on /home/airflow/.local/lib/python3.12/site-packages/airflow/example_dags/example_complex.py
[2024-12-21T21:14:54.846+0000] {processor.py:914} INFO - Processing file /home/airflow/.local/lib/python3.12/site-packages/airflow/example_dags/example_complex.py for tasks to queue
[2024-12-21T21:14:54.851+0000] {logging_mixin.py:190} INFO - [2024-12-21T21:14:54.850+0000] {dagbag.py:588} INFO - Filling up the DagBag from /home/airflow/.local/lib/python3.12/site-packages/airflow/example_dags/example_complex.py
[2024-12-21T21:14:54.883+0000] {processor.py:925} INFO - DAG(s) 'example_complex' retrieved from /home/airflow/.local/lib/python3.12/site-packages/airflow/example_dags/example_complex.py
[2024-12-21T21:14:54.956+0000] {logging_mixin.py:190} INFO - [2024-12-21T21:14:54.955+0000] {dag.py:3239} INFO - Sync 1 DAGs
[2024-12-21T21:14:54.991+0000] {logging_mixin.py:190} INFO - [2024-12-21T21:14:54.990+0000] {dag.py:4180} INFO - Setting next_dagrun for example_complex to None, run_after=None
[2024-12-21T21:14:55.034+0000] {processor.py:208} INFO - Processing /home/airflow/.local/lib/python3.12/site-packages/airflow/example_dags/example_complex.py took 0.205 seconds
[2024-12-21T21:15:25.292+0000] {processor.py:186} INFO - Started process (PID=2667) to work on /home/airflow/.local/lib/python3.12/site-packages/airflow/example_dags/example_complex.py
[2024-12-21T21:15:25.294+0000] {processor.py:914} INFO - Processing file /home/airflow/.local/lib/python3.12/site-packages/airflow/example_dags/example_complex.py for tasks to queue
[2024-12-21T21:15:25.301+0000] {logging_mixin.py:190} INFO - [2024-12-21T21:15:25.300+0000] {dagbag.py:588} INFO - Filling up the DagBag from /home/airflow/.local/lib/python3.12/site-packages/airflow/example_dags/example_complex.py
[2024-12-21T21:15:25.349+0000] {processor.py:925} INFO - DAG(s) 'example_complex' retrieved from /home/airflow/.local/lib/python3.12/site-packages/airflow/example_dags/example_complex.py
[2024-12-21T21:15:25.418+0000] {logging_mixin.py:190} INFO - [2024-12-21T21:15:25.417+0000] {dag.py:3239} INFO - Sync 1 DAGs
[2024-12-21T21:15:25.448+0000] {logging_mixin.py:190} INFO - [2024-12-21T21:15:25.448+0000] {dag.py:4180} INFO - Setting next_dagrun for example_complex to None, run_after=None
[2024-12-21T21:15:25.525+0000] {processor.py:208} INFO - Processing /home/airflow/.local/lib/python3.12/site-packages/airflow/example_dags/example_complex.py took 0.254 seconds
[2024-12-21T21:15:55.797+0000] {processor.py:186} INFO - Started process (PID=2969) to work on /home/airflow/.local/lib/python3.12/site-packages/airflow/example_dags/example_complex.py
[2024-12-21T21:15:55.800+0000] {processor.py:914} INFO - Processing file /home/airflow/.local/lib/python3.12/site-packages/airflow/example_dags/example_complex.py for tasks to queue
[2024-12-21T21:15:55.807+0000] {logging_mixin.py:190} INFO - [2024-12-21T21:15:55.806+0000] {dagbag.py:588} INFO - Filling up the DagBag from /home/airflow/.local/lib/python3.12/site-packages/airflow/example_dags/example_complex.py
[2024-12-21T21:15:55.842+0000] {processor.py:925} INFO - DAG(s) 'example_complex' retrieved from /home/airflow/.local/lib/python3.12/site-packages/airflow/example_dags/example_complex.py
[2024-12-21T21:15:55.938+0000] {logging_mixin.py:190} INFO - [2024-12-21T21:15:55.937+0000] {dag.py:3239} INFO - Sync 1 DAGs
[2024-12-21T21:15:55.992+0000] {logging_mixin.py:190} INFO - [2024-12-21T21:15:55.991+0000] {dag.py:4180} INFO - Setting next_dagrun for example_complex to None, run_after=None
[2024-12-21T21:15:56.057+0000] {processor.py:208} INFO - Processing /home/airflow/.local/lib/python3.12/site-packages/airflow/example_dags/example_complex.py took 0.277 seconds
[2024-12-21T21:16:26.382+0000] {processor.py:186} INFO - Started process (PID=3264) to work on /home/airflow/.local/lib/python3.12/site-packages/airflow/example_dags/example_complex.py
[2024-12-21T21:16:26.384+0000] {processor.py:914} INFO - Processing file /home/airflow/.local/lib/python3.12/site-packages/airflow/example_dags/example_complex.py for tasks to queue
[2024-12-21T21:16:26.388+0000] {logging_mixin.py:190} INFO - [2024-12-21T21:16:26.388+0000] {dagbag.py:588} INFO - Filling up the DagBag from /home/airflow/.local/lib/python3.12/site-packages/airflow/example_dags/example_complex.py
[2024-12-21T21:16:26.412+0000] {processor.py:925} INFO - DAG(s) 'example_complex' retrieved from /home/airflow/.local/lib/python3.12/site-packages/airflow/example_dags/example_complex.py
[2024-12-21T21:16:26.493+0000] {logging_mixin.py:190} INFO - [2024-12-21T21:16:26.492+0000] {dag.py:3239} INFO - Sync 1 DAGs
[2024-12-21T21:16:26.531+0000] {logging_mixin.py:190} INFO - [2024-12-21T21:16:26.530+0000] {dag.py:4180} INFO - Setting next_dagrun for example_complex to None, run_after=None
[2024-12-21T21:16:26.596+0000] {processor.py:208} INFO - Processing /home/airflow/.local/lib/python3.12/site-packages/airflow/example_dags/example_complex.py took 0.229 seconds
[2024-12-21T21:16:56.936+0000] {processor.py:186} INFO - Started process (PID=3560) to work on /home/airflow/.local/lib/python3.12/site-packages/airflow/example_dags/example_complex.py
[2024-12-21T21:16:56.939+0000] {processor.py:914} INFO - Processing file /home/airflow/.local/lib/python3.12/site-packages/airflow/example_dags/example_complex.py for tasks to queue
[2024-12-21T21:16:56.944+0000] {logging_mixin.py:190} INFO - [2024-12-21T21:16:56.943+0000] {dagbag.py:588} INFO - Filling up the DagBag from /home/airflow/.local/lib/python3.12/site-packages/airflow/example_dags/example_complex.py
[2024-12-21T21:16:56.970+0000] {processor.py:925} INFO - DAG(s) 'example_complex' retrieved from /home/airflow/.local/lib/python3.12/site-packages/airflow/example_dags/example_complex.py
[2024-12-21T21:16:57.048+0000] {logging_mixin.py:190} INFO - [2024-12-21T21:16:57.047+0000] {dag.py:3239} INFO - Sync 1 DAGs
[2024-12-21T21:16:57.091+0000] {logging_mixin.py:190} INFO - [2024-12-21T21:16:57.090+0000] {dag.py:4180} INFO - Setting next_dagrun for example_complex to None, run_after=None
[2024-12-21T21:16:57.144+0000] {processor.py:208} INFO - Processing /home/airflow/.local/lib/python3.12/site-packages/airflow/example_dags/example_complex.py took 0.223 seconds
[2024-12-21T21:17:27.270+0000] {processor.py:186} INFO - Started process (PID=3856) to work on /home/airflow/.local/lib/python3.12/site-packages/airflow/example_dags/example_complex.py
[2024-12-21T21:17:27.273+0000] {processor.py:914} INFO - Processing file /home/airflow/.local/lib/python3.12/site-packages/airflow/example_dags/example_complex.py for tasks to queue
[2024-12-21T21:17:27.278+0000] {logging_mixin.py:190} INFO - [2024-12-21T21:17:27.278+0000] {dagbag.py:588} INFO - Filling up the DagBag from /home/airflow/.local/lib/python3.12/site-packages/airflow/example_dags/example_complex.py
[2024-12-21T21:17:27.306+0000] {processor.py:925} INFO - DAG(s) 'example_complex' retrieved from /home/airflow/.local/lib/python3.12/site-packages/airflow/example_dags/example_complex.py
[2024-12-21T21:17:27.380+0000] {logging_mixin.py:190} INFO - [2024-12-21T21:17:27.379+0000] {dag.py:3239} INFO - Sync 1 DAGs
[2024-12-21T21:17:27.422+0000] {logging_mixin.py:190} INFO - [2024-12-21T21:17:27.421+0000] {dag.py:4180} INFO - Setting next_dagrun for example_complex to None, run_after=None
[2024-12-21T21:17:27.488+0000] {processor.py:208} INFO - Processing /home/airflow/.local/lib/python3.12/site-packages/airflow/example_dags/example_complex.py took 0.232 seconds
[2024-12-21T21:17:57.637+0000] {processor.py:186} INFO - Started process (PID=4150) to work on /home/airflow/.local/lib/python3.12/site-packages/airflow/example_dags/example_complex.py
[2024-12-21T21:17:57.640+0000] {processor.py:914} INFO - Processing file /home/airflow/.local/lib/python3.12/site-packages/airflow/example_dags/example_complex.py for tasks to queue
[2024-12-21T21:17:57.645+0000] {logging_mixin.py:190} INFO - [2024-12-21T21:17:57.644+0000] {dagbag.py:588} INFO - Filling up the DagBag from /home/airflow/.local/lib/python3.12/site-packages/airflow/example_dags/example_complex.py
[2024-12-21T21:17:57.676+0000] {processor.py:925} INFO - DAG(s) 'example_complex' retrieved from /home/airflow/.local/lib/python3.12/site-packages/airflow/example_dags/example_complex.py
[2024-12-21T21:17:57.742+0000] {logging_mixin.py:190} INFO - [2024-12-21T21:17:57.741+0000] {dag.py:3239} INFO - Sync 1 DAGs
[2024-12-21T21:17:57.779+0000] {logging_mixin.py:190} INFO - [2024-12-21T21:17:57.778+0000] {dag.py:4180} INFO - Setting next_dagrun for example_complex to None, run_after=None
[2024-12-21T21:17:57.848+0000] {processor.py:208} INFO - Processing /home/airflow/.local/lib/python3.12/site-packages/airflow/example_dags/example_complex.py took 0.227 seconds
[2024-12-21T21:18:28.296+0000] {processor.py:186} INFO - Started process (PID=4446) to work on /home/airflow/.local/lib/python3.12/site-packages/airflow/example_dags/example_complex.py
[2024-12-21T21:18:28.298+0000] {processor.py:914} INFO - Processing file /home/airflow/.local/lib/python3.12/site-packages/airflow/example_dags/example_complex.py for tasks to queue
[2024-12-21T21:18:28.304+0000] {logging_mixin.py:190} INFO - [2024-12-21T21:18:28.303+0000] {dagbag.py:588} INFO - Filling up the DagBag from /home/airflow/.local/lib/python3.12/site-packages/airflow/example_dags/example_complex.py
[2024-12-21T21:18:28.330+0000] {processor.py:925} INFO - DAG(s) 'example_complex' retrieved from /home/airflow/.local/lib/python3.12/site-packages/airflow/example_dags/example_complex.py
[2024-12-21T21:18:28.409+0000] {logging_mixin.py:190} INFO - [2024-12-21T21:18:28.408+0000] {dag.py:3239} INFO - Sync 1 DAGs
[2024-12-21T21:18:28.448+0000] {logging_mixin.py:190} INFO - [2024-12-21T21:18:28.447+0000] {dag.py:4180} INFO - Setting next_dagrun for example_complex to None, run_after=None
[2024-12-21T21:18:28.516+0000] {processor.py:208} INFO - Processing /home/airflow/.local/lib/python3.12/site-packages/airflow/example_dags/example_complex.py took 0.233 seconds
[2024-12-21T21:19:00.212+0000] {processor.py:186} INFO - Started process (PID=4742) to work on /home/airflow/.local/lib/python3.12/site-packages/airflow/example_dags/example_complex.py
[2024-12-21T21:19:00.214+0000] {processor.py:914} INFO - Processing file /home/airflow/.local/lib/python3.12/site-packages/airflow/example_dags/example_complex.py for tasks to queue
[2024-12-21T21:19:00.220+0000] {logging_mixin.py:190} INFO - [2024-12-21T21:19:00.219+0000] {dagbag.py:588} INFO - Filling up the DagBag from /home/airflow/.local/lib/python3.12/site-packages/airflow/example_dags/example_complex.py
[2024-12-21T21:19:00.254+0000] {processor.py:925} INFO - DAG(s) 'example_complex' retrieved from /home/airflow/.local/lib/python3.12/site-packages/airflow/example_dags/example_complex.py
[2024-12-21T21:19:00.373+0000] {logging_mixin.py:190} INFO - [2024-12-21T21:19:00.373+0000] {dag.py:3239} INFO - Sync 1 DAGs
[2024-12-21T21:19:00.449+0000] {logging_mixin.py:190} INFO - [2024-12-21T21:19:00.449+0000] {dag.py:4180} INFO - Setting next_dagrun for example_complex to None, run_after=None
[2024-12-21T21:19:00.504+0000] {processor.py:208} INFO - Processing /home/airflow/.local/lib/python3.12/site-packages/airflow/example_dags/example_complex.py took 0.308 seconds
[2024-12-21T21:19:30.916+0000] {processor.py:186} INFO - Started process (PID=5038) to work on /home/airflow/.local/lib/python3.12/site-packages/airflow/example_dags/example_complex.py
[2024-12-21T21:19:30.918+0000] {processor.py:914} INFO - Processing file /home/airflow/.local/lib/python3.12/site-packages/airflow/example_dags/example_complex.py for tasks to queue
[2024-12-21T21:19:30.923+0000] {logging_mixin.py:190} INFO - [2024-12-21T21:19:30.922+0000] {dagbag.py:588} INFO - Filling up the DagBag from /home/airflow/.local/lib/python3.12/site-packages/airflow/example_dags/example_complex.py
[2024-12-21T21:19:30.961+0000] {processor.py:925} INFO - DAG(s) 'example_complex' retrieved from /home/airflow/.local/lib/python3.12/site-packages/airflow/example_dags/example_complex.py
[2024-12-21T21:19:31.044+0000] {logging_mixin.py:190} INFO - [2024-12-21T21:19:31.043+0000] {dag.py:3239} INFO - Sync 1 DAGs
[2024-12-21T21:19:31.080+0000] {logging_mixin.py:190} INFO - [2024-12-21T21:19:31.079+0000] {dag.py:4180} INFO - Setting next_dagrun for example_complex to None, run_after=None
[2024-12-21T21:19:31.142+0000] {processor.py:208} INFO - Processing /home/airflow/.local/lib/python3.12/site-packages/airflow/example_dags/example_complex.py took 0.238 seconds
[2024-12-21T21:20:02.265+0000] {processor.py:186} INFO - Started process (PID=5320) to work on /home/airflow/.local/lib/python3.12/site-packages/airflow/example_dags/example_complex.py
[2024-12-21T21:20:02.268+0000] {processor.py:914} INFO - Processing file /home/airflow/.local/lib/python3.12/site-packages/airflow/example_dags/example_complex.py for tasks to queue
[2024-12-21T21:20:02.273+0000] {logging_mixin.py:190} INFO - [2024-12-21T21:20:02.272+0000] {dagbag.py:588} INFO - Filling up the DagBag from /home/airflow/.local/lib/python3.12/site-packages/airflow/example_dags/example_complex.py
[2024-12-21T21:20:02.299+0000] {processor.py:925} INFO - DAG(s) 'example_complex' retrieved from /home/airflow/.local/lib/python3.12/site-packages/airflow/example_dags/example_complex.py
[2024-12-21T21:20:02.372+0000] {logging_mixin.py:190} INFO - [2024-12-21T21:20:02.371+0000] {dag.py:3239} INFO - Sync 1 DAGs
[2024-12-21T21:20:02.406+0000] {logging_mixin.py:190} INFO - [2024-12-21T21:20:02.405+0000] {dag.py:4180} INFO - Setting next_dagrun for example_complex to None, run_after=None
[2024-12-21T21:20:02.469+0000] {processor.py:208} INFO - Processing /home/airflow/.local/lib/python3.12/site-packages/airflow/example_dags/example_complex.py took 0.217 seconds
[2024-12-21T21:20:34.229+0000] {processor.py:186} INFO - Started process (PID=5604) to work on /home/airflow/.local/lib/python3.12/site-packages/airflow/example_dags/example_complex.py
[2024-12-21T21:20:34.231+0000] {processor.py:914} INFO - Processing file /home/airflow/.local/lib/python3.12/site-packages/airflow/example_dags/example_complex.py for tasks to queue
[2024-12-21T21:20:34.237+0000] {logging_mixin.py:190} INFO - [2024-12-21T21:20:34.236+0000] {dagbag.py:588} INFO - Filling up the DagBag from /home/airflow/.local/lib/python3.12/site-packages/airflow/example_dags/example_complex.py
[2024-12-21T21:20:34.289+0000] {processor.py:925} INFO - DAG(s) 'example_complex' retrieved from /home/airflow/.local/lib/python3.12/site-packages/airflow/example_dags/example_complex.py
[2024-12-21T21:20:34.443+0000] {logging_mixin.py:190} INFO - [2024-12-21T21:20:34.442+0000] {dag.py:3239} INFO - Sync 1 DAGs
[2024-12-21T21:20:34.482+0000] {logging_mixin.py:190} INFO - [2024-12-21T21:20:34.482+0000] {dag.py:4180} INFO - Setting next_dagrun for example_complex to None, run_after=None
[2024-12-21T21:20:34.541+0000] {processor.py:208} INFO - Processing /home/airflow/.local/lib/python3.12/site-packages/airflow/example_dags/example_complex.py took 0.329 seconds
[2024-12-21T21:21:05.139+0000] {processor.py:186} INFO - Started process (PID=5901) to work on /home/airflow/.local/lib/python3.12/site-packages/airflow/example_dags/example_complex.py
[2024-12-21T21:21:05.141+0000] {processor.py:914} INFO - Processing file /home/airflow/.local/lib/python3.12/site-packages/airflow/example_dags/example_complex.py for tasks to queue
[2024-12-21T21:21:05.145+0000] {logging_mixin.py:190} INFO - [2024-12-21T21:21:05.145+0000] {dagbag.py:588} INFO - Filling up the DagBag from /home/airflow/.local/lib/python3.12/site-packages/airflow/example_dags/example_complex.py
[2024-12-21T21:21:05.177+0000] {processor.py:925} INFO - DAG(s) 'example_complex' retrieved from /home/airflow/.local/lib/python3.12/site-packages/airflow/example_dags/example_complex.py
[2024-12-21T21:21:05.255+0000] {logging_mixin.py:190} INFO - [2024-12-21T21:21:05.254+0000] {dag.py:3239} INFO - Sync 1 DAGs
[2024-12-21T21:21:05.289+0000] {logging_mixin.py:190} INFO - [2024-12-21T21:21:05.288+0000] {dag.py:4180} INFO - Setting next_dagrun for example_complex to None, run_after=None
[2024-12-21T21:21:05.361+0000] {processor.py:208} INFO - Processing /home/airflow/.local/lib/python3.12/site-packages/airflow/example_dags/example_complex.py took 0.234 seconds
[2024-12-21T21:21:36.558+0000] {processor.py:186} INFO - Started process (PID=6192) to work on /home/airflow/.local/lib/python3.12/site-packages/airflow/example_dags/example_complex.py
[2024-12-21T21:21:36.560+0000] {processor.py:914} INFO - Processing file /home/airflow/.local/lib/python3.12/site-packages/airflow/example_dags/example_complex.py for tasks to queue
[2024-12-21T21:21:36.566+0000] {logging_mixin.py:190} INFO - [2024-12-21T21:21:36.565+0000] {dagbag.py:588} INFO - Filling up the DagBag from /home/airflow/.local/lib/python3.12/site-packages/airflow/example_dags/example_complex.py
[2024-12-21T21:21:36.603+0000] {processor.py:925} INFO - DAG(s) 'example_complex' retrieved from /home/airflow/.local/lib/python3.12/site-packages/airflow/example_dags/example_complex.py
[2024-12-21T21:21:36.702+0000] {logging_mixin.py:190} INFO - [2024-12-21T21:21:36.700+0000] {dag.py:3239} INFO - Sync 1 DAGs
[2024-12-21T21:21:36.745+0000] {logging_mixin.py:190} INFO - [2024-12-21T21:21:36.745+0000] {dag.py:4180} INFO - Setting next_dagrun for example_complex to None, run_after=None
[2024-12-21T21:21:36.803+0000] {processor.py:208} INFO - Processing /home/airflow/.local/lib/python3.12/site-packages/airflow/example_dags/example_complex.py took 0.262 seconds
[2024-12-21T21:22:07.872+0000] {processor.py:186} INFO - Started process (PID=6490) to work on /home/airflow/.local/lib/python3.12/site-packages/airflow/example_dags/example_complex.py
[2024-12-21T21:22:07.875+0000] {processor.py:914} INFO - Processing file /home/airflow/.local/lib/python3.12/site-packages/airflow/example_dags/example_complex.py for tasks to queue
[2024-12-21T21:22:07.880+0000] {logging_mixin.py:190} INFO - [2024-12-21T21:22:07.879+0000] {dagbag.py:588} INFO - Filling up the DagBag from /home/airflow/.local/lib/python3.12/site-packages/airflow/example_dags/example_complex.py
[2024-12-21T21:22:07.903+0000] {processor.py:925} INFO - DAG(s) 'example_complex' retrieved from /home/airflow/.local/lib/python3.12/site-packages/airflow/example_dags/example_complex.py
[2024-12-21T21:22:07.970+0000] {logging_mixin.py:190} INFO - [2024-12-21T21:22:07.970+0000] {dag.py:3239} INFO - Sync 1 DAGs
[2024-12-21T21:22:07.998+0000] {logging_mixin.py:190} INFO - [2024-12-21T21:22:07.997+0000] {dag.py:4180} INFO - Setting next_dagrun for example_complex to None, run_after=None
[2024-12-21T21:22:08.044+0000] {processor.py:208} INFO - Processing /home/airflow/.local/lib/python3.12/site-packages/airflow/example_dags/example_complex.py took 0.185 seconds
[2024-12-21T21:22:39.231+0000] {processor.py:186} INFO - Started process (PID=6784) to work on /home/airflow/.local/lib/python3.12/site-packages/airflow/example_dags/example_complex.py
[2024-12-21T21:22:39.233+0000] {processor.py:914} INFO - Processing file /home/airflow/.local/lib/python3.12/site-packages/airflow/example_dags/example_complex.py for tasks to queue
[2024-12-21T21:22:39.238+0000] {logging_mixin.py:190} INFO - [2024-12-21T21:22:39.237+0000] {dagbag.py:588} INFO - Filling up the DagBag from /home/airflow/.local/lib/python3.12/site-packages/airflow/example_dags/example_complex.py
[2024-12-21T21:22:39.268+0000] {processor.py:925} INFO - DAG(s) 'example_complex' retrieved from /home/airflow/.local/lib/python3.12/site-packages/airflow/example_dags/example_complex.py
[2024-12-21T21:22:39.339+0000] {logging_mixin.py:190} INFO - [2024-12-21T21:22:39.339+0000] {dag.py:3239} INFO - Sync 1 DAGs
[2024-12-21T21:22:39.373+0000] {logging_mixin.py:190} INFO - [2024-12-21T21:22:39.372+0000] {dag.py:4180} INFO - Setting next_dagrun for example_complex to None, run_after=None
[2024-12-21T21:22:39.434+0000] {processor.py:208} INFO - Processing /home/airflow/.local/lib/python3.12/site-packages/airflow/example_dags/example_complex.py took 0.217 seconds
[2024-12-21T21:23:09.868+0000] {processor.py:186} INFO - Started process (PID=7078) to work on /home/airflow/.local/lib/python3.12/site-packages/airflow/example_dags/example_complex.py
[2024-12-21T21:23:09.871+0000] {processor.py:914} INFO - Processing file /home/airflow/.local/lib/python3.12/site-packages/airflow/example_dags/example_complex.py for tasks to queue
[2024-12-21T21:23:09.876+0000] {logging_mixin.py:190} INFO - [2024-12-21T21:23:09.875+0000] {dagbag.py:588} INFO - Filling up the DagBag from /home/airflow/.local/lib/python3.12/site-packages/airflow/example_dags/example_complex.py
[2024-12-21T21:23:09.900+0000] {processor.py:925} INFO - DAG(s) 'example_complex' retrieved from /home/airflow/.local/lib/python3.12/site-packages/airflow/example_dags/example_complex.py
[2024-12-21T21:23:09.980+0000] {logging_mixin.py:190} INFO - [2024-12-21T21:23:09.980+0000] {dag.py:3239} INFO - Sync 1 DAGs
[2024-12-21T21:23:10.012+0000] {logging_mixin.py:190} INFO - [2024-12-21T21:23:10.012+0000] {dag.py:4180} INFO - Setting next_dagrun for example_complex to None, run_after=None
[2024-12-21T21:23:10.078+0000] {processor.py:208} INFO - Processing /home/airflow/.local/lib/python3.12/site-packages/airflow/example_dags/example_complex.py took 0.221 seconds
[2024-12-21T21:23:41.286+0000] {processor.py:186} INFO - Started process (PID=7367) to work on /home/airflow/.local/lib/python3.12/site-packages/airflow/example_dags/example_complex.py
[2024-12-21T21:23:41.287+0000] {processor.py:914} INFO - Processing file /home/airflow/.local/lib/python3.12/site-packages/airflow/example_dags/example_complex.py for tasks to queue
[2024-12-21T21:23:41.293+0000] {logging_mixin.py:190} INFO - [2024-12-21T21:23:41.292+0000] {dagbag.py:588} INFO - Filling up the DagBag from /home/airflow/.local/lib/python3.12/site-packages/airflow/example_dags/example_complex.py
[2024-12-21T21:23:41.319+0000] {processor.py:925} INFO - DAG(s) 'example_complex' retrieved from /home/airflow/.local/lib/python3.12/site-packages/airflow/example_dags/example_complex.py
[2024-12-21T21:23:41.396+0000] {logging_mixin.py:190} INFO - [2024-12-21T21:23:41.396+0000] {dag.py:3239} INFO - Sync 1 DAGs
[2024-12-21T21:23:41.426+0000] {logging_mixin.py:190} INFO - [2024-12-21T21:23:41.426+0000] {dag.py:4180} INFO - Setting next_dagrun for example_complex to None, run_after=None
[2024-12-21T21:23:41.462+0000] {processor.py:208} INFO - Processing /home/airflow/.local/lib/python3.12/site-packages/airflow/example_dags/example_complex.py took 0.188 seconds
[2024-12-21T21:24:11.707+0000] {processor.py:186} INFO - Started process (PID=7648) to work on /home/airflow/.local/lib/python3.12/site-packages/airflow/example_dags/example_complex.py
[2024-12-21T21:24:11.709+0000] {processor.py:914} INFO - Processing file /home/airflow/.local/lib/python3.12/site-packages/airflow/example_dags/example_complex.py for tasks to queue
[2024-12-21T21:24:11.713+0000] {logging_mixin.py:190} INFO - [2024-12-21T21:24:11.713+0000] {dagbag.py:588} INFO - Filling up the DagBag from /home/airflow/.local/lib/python3.12/site-packages/airflow/example_dags/example_complex.py
[2024-12-21T21:24:11.746+0000] {processor.py:925} INFO - DAG(s) 'example_complex' retrieved from /home/airflow/.local/lib/python3.12/site-packages/airflow/example_dags/example_complex.py
[2024-12-21T21:24:11.851+0000] {logging_mixin.py:190} INFO - [2024-12-21T21:24:11.850+0000] {dag.py:3239} INFO - Sync 1 DAGs
[2024-12-21T21:24:11.900+0000] {logging_mixin.py:190} INFO - [2024-12-21T21:24:11.899+0000] {dag.py:4180} INFO - Setting next_dagrun for example_complex to None, run_after=None
[2024-12-21T21:24:11.946+0000] {processor.py:208} INFO - Processing /home/airflow/.local/lib/python3.12/site-packages/airflow/example_dags/example_complex.py took 0.252 seconds
[2024-12-21T21:26:31.887+0000] {processor.py:186} INFO - Started process (PID=311) to work on /home/airflow/.local/lib/python3.12/site-packages/airflow/example_dags/example_complex.py
[2024-12-21T21:26:31.889+0000] {processor.py:914} INFO - Processing file /home/airflow/.local/lib/python3.12/site-packages/airflow/example_dags/example_complex.py for tasks to queue
[2024-12-21T21:26:31.894+0000] {logging_mixin.py:190} INFO - [2024-12-21T21:26:31.893+0000] {dagbag.py:588} INFO - Filling up the DagBag from /home/airflow/.local/lib/python3.12/site-packages/airflow/example_dags/example_complex.py
[2024-12-21T21:26:31.924+0000] {processor.py:925} INFO - DAG(s) 'example_complex' retrieved from /home/airflow/.local/lib/python3.12/site-packages/airflow/example_dags/example_complex.py
[2024-12-21T21:26:32.040+0000] {logging_mixin.py:190} INFO - [2024-12-21T21:26:32.040+0000] {dag.py:3239} INFO - Sync 1 DAGs
[2024-12-21T21:26:32.089+0000] {logging_mixin.py:190} INFO - [2024-12-21T21:26:32.089+0000] {dag.py:4180} INFO - Setting next_dagrun for example_complex to None, run_after=None
[2024-12-21T21:26:32.138+0000] {processor.py:208} INFO - Processing /home/airflow/.local/lib/python3.12/site-packages/airflow/example_dags/example_complex.py took 0.268 seconds
[2024-12-21T21:27:03.240+0000] {processor.py:186} INFO - Started process (PID=602) to work on /home/airflow/.local/lib/python3.12/site-packages/airflow/example_dags/example_complex.py
[2024-12-21T21:27:03.242+0000] {processor.py:914} INFO - Processing file /home/airflow/.local/lib/python3.12/site-packages/airflow/example_dags/example_complex.py for tasks to queue
[2024-12-21T21:27:03.248+0000] {logging_mixin.py:190} INFO - [2024-12-21T21:27:03.247+0000] {dagbag.py:588} INFO - Filling up the DagBag from /home/airflow/.local/lib/python3.12/site-packages/airflow/example_dags/example_complex.py
[2024-12-21T21:27:03.271+0000] {processor.py:925} INFO - DAG(s) 'example_complex' retrieved from /home/airflow/.local/lib/python3.12/site-packages/airflow/example_dags/example_complex.py
[2024-12-21T21:27:03.338+0000] {logging_mixin.py:190} INFO - [2024-12-21T21:27:03.337+0000] {dag.py:3239} INFO - Sync 1 DAGs
[2024-12-21T21:27:03.373+0000] {logging_mixin.py:190} INFO - [2024-12-21T21:27:03.372+0000] {dag.py:4180} INFO - Setting next_dagrun for example_complex to None, run_after=None
[2024-12-21T21:27:03.413+0000] {processor.py:208} INFO - Processing /home/airflow/.local/lib/python3.12/site-packages/airflow/example_dags/example_complex.py took 0.184 seconds
[2024-12-21T21:27:35.389+0000] {processor.py:186} INFO - Started process (PID=900) to work on /home/airflow/.local/lib/python3.12/site-packages/airflow/example_dags/example_complex.py
[2024-12-21T21:27:35.391+0000] {processor.py:914} INFO - Processing file /home/airflow/.local/lib/python3.12/site-packages/airflow/example_dags/example_complex.py for tasks to queue
[2024-12-21T21:27:35.396+0000] {logging_mixin.py:190} INFO - [2024-12-21T21:27:35.395+0000] {dagbag.py:588} INFO - Filling up the DagBag from /home/airflow/.local/lib/python3.12/site-packages/airflow/example_dags/example_complex.py
[2024-12-21T21:27:35.424+0000] {processor.py:925} INFO - DAG(s) 'example_complex' retrieved from /home/airflow/.local/lib/python3.12/site-packages/airflow/example_dags/example_complex.py
[2024-12-21T21:27:35.503+0000] {logging_mixin.py:190} INFO - [2024-12-21T21:27:35.502+0000] {dag.py:3239} INFO - Sync 1 DAGs
[2024-12-21T21:27:35.549+0000] {logging_mixin.py:190} INFO - [2024-12-21T21:27:35.548+0000] {dag.py:4180} INFO - Setting next_dagrun for example_complex to None, run_after=None
[2024-12-21T21:27:35.605+0000] {processor.py:208} INFO - Processing /home/airflow/.local/lib/python3.12/site-packages/airflow/example_dags/example_complex.py took 0.226 seconds
[2024-12-21T21:28:07.198+0000] {processor.py:186} INFO - Started process (PID=1194) to work on /home/airflow/.local/lib/python3.12/site-packages/airflow/example_dags/example_complex.py
[2024-12-21T21:28:07.200+0000] {processor.py:914} INFO - Processing file /home/airflow/.local/lib/python3.12/site-packages/airflow/example_dags/example_complex.py for tasks to queue
[2024-12-21T21:28:07.204+0000] {logging_mixin.py:190} INFO - [2024-12-21T21:28:07.204+0000] {dagbag.py:588} INFO - Filling up the DagBag from /home/airflow/.local/lib/python3.12/site-packages/airflow/example_dags/example_complex.py
[2024-12-21T21:28:07.226+0000] {processor.py:925} INFO - DAG(s) 'example_complex' retrieved from /home/airflow/.local/lib/python3.12/site-packages/airflow/example_dags/example_complex.py
[2024-12-21T21:28:07.289+0000] {logging_mixin.py:190} INFO - [2024-12-21T21:28:07.288+0000] {dag.py:3239} INFO - Sync 1 DAGs
[2024-12-21T21:28:07.318+0000] {logging_mixin.py:190} INFO - [2024-12-21T21:28:07.318+0000] {dag.py:4180} INFO - Setting next_dagrun for example_complex to None, run_after=None
[2024-12-21T21:28:07.357+0000] {processor.py:208} INFO - Processing /home/airflow/.local/lib/python3.12/site-packages/airflow/example_dags/example_complex.py took 0.168 seconds
[2024-12-21T21:28:39.172+0000] {processor.py:186} INFO - Started process (PID=1492) to work on /home/airflow/.local/lib/python3.12/site-packages/airflow/example_dags/example_complex.py
[2024-12-21T21:28:39.174+0000] {processor.py:914} INFO - Processing file /home/airflow/.local/lib/python3.12/site-packages/airflow/example_dags/example_complex.py for tasks to queue
[2024-12-21T21:28:39.179+0000] {logging_mixin.py:190} INFO - [2024-12-21T21:28:39.179+0000] {dagbag.py:588} INFO - Filling up the DagBag from /home/airflow/.local/lib/python3.12/site-packages/airflow/example_dags/example_complex.py
[2024-12-21T21:28:39.205+0000] {processor.py:925} INFO - DAG(s) 'example_complex' retrieved from /home/airflow/.local/lib/python3.12/site-packages/airflow/example_dags/example_complex.py
[2024-12-21T21:28:39.283+0000] {logging_mixin.py:190} INFO - [2024-12-21T21:28:39.282+0000] {dag.py:3239} INFO - Sync 1 DAGs
[2024-12-21T21:28:39.314+0000] {logging_mixin.py:190} INFO - [2024-12-21T21:28:39.314+0000] {dag.py:4180} INFO - Setting next_dagrun for example_complex to None, run_after=None
[2024-12-21T21:28:39.358+0000] {processor.py:208} INFO - Processing /home/airflow/.local/lib/python3.12/site-packages/airflow/example_dags/example_complex.py took 0.197 seconds
[2024-12-21T21:29:09.821+0000] {processor.py:186} INFO - Started process (PID=1786) to work on /home/airflow/.local/lib/python3.12/site-packages/airflow/example_dags/example_complex.py
[2024-12-21T21:29:09.823+0000] {processor.py:914} INFO - Processing file /home/airflow/.local/lib/python3.12/site-packages/airflow/example_dags/example_complex.py for tasks to queue
[2024-12-21T21:29:09.828+0000] {logging_mixin.py:190} INFO - [2024-12-21T21:29:09.827+0000] {dagbag.py:588} INFO - Filling up the DagBag from /home/airflow/.local/lib/python3.12/site-packages/airflow/example_dags/example_complex.py
[2024-12-21T21:29:09.854+0000] {processor.py:925} INFO - DAG(s) 'example_complex' retrieved from /home/airflow/.local/lib/python3.12/site-packages/airflow/example_dags/example_complex.py
[2024-12-21T21:29:09.925+0000] {logging_mixin.py:190} INFO - [2024-12-21T21:29:09.924+0000] {dag.py:3239} INFO - Sync 1 DAGs
[2024-12-21T21:29:09.953+0000] {logging_mixin.py:190} INFO - [2024-12-21T21:29:09.952+0000] {dag.py:4180} INFO - Setting next_dagrun for example_complex to None, run_after=None
[2024-12-21T21:29:09.991+0000] {processor.py:208} INFO - Processing /home/airflow/.local/lib/python3.12/site-packages/airflow/example_dags/example_complex.py took 0.181 seconds
[2024-12-21T21:29:40.658+0000] {processor.py:186} INFO - Started process (PID=2078) to work on /home/airflow/.local/lib/python3.12/site-packages/airflow/example_dags/example_complex.py
[2024-12-21T21:29:40.660+0000] {processor.py:914} INFO - Processing file /home/airflow/.local/lib/python3.12/site-packages/airflow/example_dags/example_complex.py for tasks to queue
[2024-12-21T21:29:40.664+0000] {logging_mixin.py:190} INFO - [2024-12-21T21:29:40.663+0000] {dagbag.py:588} INFO - Filling up the DagBag from /home/airflow/.local/lib/python3.12/site-packages/airflow/example_dags/example_complex.py
[2024-12-21T21:29:40.694+0000] {processor.py:925} INFO - DAG(s) 'example_complex' retrieved from /home/airflow/.local/lib/python3.12/site-packages/airflow/example_dags/example_complex.py
[2024-12-21T21:29:40.759+0000] {logging_mixin.py:190} INFO - [2024-12-21T21:29:40.759+0000] {dag.py:3239} INFO - Sync 1 DAGs
[2024-12-21T21:29:40.789+0000] {logging_mixin.py:190} INFO - [2024-12-21T21:29:40.789+0000] {dag.py:4180} INFO - Setting next_dagrun for example_complex to None, run_after=None
[2024-12-21T21:29:40.825+0000] {processor.py:208} INFO - Processing /home/airflow/.local/lib/python3.12/site-packages/airflow/example_dags/example_complex.py took 0.178 seconds
[2024-12-21T21:30:11.082+0000] {processor.py:186} INFO - Started process (PID=2371) to work on /home/airflow/.local/lib/python3.12/site-packages/airflow/example_dags/example_complex.py
[2024-12-21T21:30:11.084+0000] {processor.py:914} INFO - Processing file /home/airflow/.local/lib/python3.12/site-packages/airflow/example_dags/example_complex.py for tasks to queue
[2024-12-21T21:30:11.089+0000] {logging_mixin.py:190} INFO - [2024-12-21T21:30:11.088+0000] {dagbag.py:588} INFO - Filling up the DagBag from /home/airflow/.local/lib/python3.12/site-packages/airflow/example_dags/example_complex.py
[2024-12-21T21:30:11.116+0000] {processor.py:925} INFO - DAG(s) 'example_complex' retrieved from /home/airflow/.local/lib/python3.12/site-packages/airflow/example_dags/example_complex.py
[2024-12-21T21:30:11.189+0000] {logging_mixin.py:190} INFO - [2024-12-21T21:30:11.188+0000] {dag.py:3239} INFO - Sync 1 DAGs
[2024-12-21T21:30:11.219+0000] {logging_mixin.py:190} INFO - [2024-12-21T21:30:11.218+0000] {dag.py:4180} INFO - Setting next_dagrun for example_complex to None, run_after=None
[2024-12-21T21:30:11.259+0000] {processor.py:208} INFO - Processing /home/airflow/.local/lib/python3.12/site-packages/airflow/example_dags/example_complex.py took 0.188 seconds
[2024-12-21T21:30:41.459+0000] {processor.py:186} INFO - Started process (PID=2667) to work on /home/airflow/.local/lib/python3.12/site-packages/airflow/example_dags/example_complex.py
[2024-12-21T21:30:41.461+0000] {processor.py:914} INFO - Processing file /home/airflow/.local/lib/python3.12/site-packages/airflow/example_dags/example_complex.py for tasks to queue
[2024-12-21T21:30:41.465+0000] {logging_mixin.py:190} INFO - [2024-12-21T21:30:41.465+0000] {dagbag.py:588} INFO - Filling up the DagBag from /home/airflow/.local/lib/python3.12/site-packages/airflow/example_dags/example_complex.py
[2024-12-21T21:30:41.489+0000] {processor.py:925} INFO - DAG(s) 'example_complex' retrieved from /home/airflow/.local/lib/python3.12/site-packages/airflow/example_dags/example_complex.py
[2024-12-21T21:30:41.552+0000] {logging_mixin.py:190} INFO - [2024-12-21T21:30:41.552+0000] {dag.py:3239} INFO - Sync 1 DAGs
[2024-12-21T21:30:41.580+0000] {logging_mixin.py:190} INFO - [2024-12-21T21:30:41.580+0000] {dag.py:4180} INFO - Setting next_dagrun for example_complex to None, run_after=None
[2024-12-21T21:30:41.618+0000] {processor.py:208} INFO - Processing /home/airflow/.local/lib/python3.12/site-packages/airflow/example_dags/example_complex.py took 0.170 seconds
[2024-12-21T21:31:11.774+0000] {processor.py:186} INFO - Started process (PID=2961) to work on /home/airflow/.local/lib/python3.12/site-packages/airflow/example_dags/example_complex.py
[2024-12-21T21:31:11.775+0000] {processor.py:914} INFO - Processing file /home/airflow/.local/lib/python3.12/site-packages/airflow/example_dags/example_complex.py for tasks to queue
[2024-12-21T21:31:11.780+0000] {logging_mixin.py:190} INFO - [2024-12-21T21:31:11.780+0000] {dagbag.py:588} INFO - Filling up the DagBag from /home/airflow/.local/lib/python3.12/site-packages/airflow/example_dags/example_complex.py
[2024-12-21T21:31:11.804+0000] {processor.py:925} INFO - DAG(s) 'example_complex' retrieved from /home/airflow/.local/lib/python3.12/site-packages/airflow/example_dags/example_complex.py
[2024-12-21T21:31:11.868+0000] {logging_mixin.py:190} INFO - [2024-12-21T21:31:11.867+0000] {dag.py:3239} INFO - Sync 1 DAGs
[2024-12-21T21:31:11.897+0000] {logging_mixin.py:190} INFO - [2024-12-21T21:31:11.896+0000] {dag.py:4180} INFO - Setting next_dagrun for example_complex to None, run_after=None
[2024-12-21T21:31:11.939+0000] {processor.py:208} INFO - Processing /home/airflow/.local/lib/python3.12/site-packages/airflow/example_dags/example_complex.py took 0.178 seconds
[2024-12-21T21:31:42.510+0000] {processor.py:186} INFO - Started process (PID=3258) to work on /home/airflow/.local/lib/python3.12/site-packages/airflow/example_dags/example_complex.py
[2024-12-21T21:31:42.513+0000] {processor.py:914} INFO - Processing file /home/airflow/.local/lib/python3.12/site-packages/airflow/example_dags/example_complex.py for tasks to queue
[2024-12-21T21:31:42.519+0000] {logging_mixin.py:190} INFO - [2024-12-21T21:31:42.518+0000] {dagbag.py:588} INFO - Filling up the DagBag from /home/airflow/.local/lib/python3.12/site-packages/airflow/example_dags/example_complex.py
[2024-12-21T21:31:42.552+0000] {processor.py:925} INFO - DAG(s) 'example_complex' retrieved from /home/airflow/.local/lib/python3.12/site-packages/airflow/example_dags/example_complex.py
[2024-12-21T21:31:42.618+0000] {logging_mixin.py:190} INFO - [2024-12-21T21:31:42.617+0000] {dag.py:3239} INFO - Sync 1 DAGs
[2024-12-21T21:31:42.647+0000] {logging_mixin.py:190} INFO - [2024-12-21T21:31:42.647+0000] {dag.py:4180} INFO - Setting next_dagrun for example_complex to None, run_after=None
[2024-12-21T21:31:42.690+0000] {processor.py:208} INFO - Processing /home/airflow/.local/lib/python3.12/site-packages/airflow/example_dags/example_complex.py took 0.191 seconds
[2024-12-21T21:32:12.927+0000] {processor.py:186} INFO - Started process (PID=3556) to work on /home/airflow/.local/lib/python3.12/site-packages/airflow/example_dags/example_complex.py
[2024-12-21T21:32:12.929+0000] {processor.py:914} INFO - Processing file /home/airflow/.local/lib/python3.12/site-packages/airflow/example_dags/example_complex.py for tasks to queue
[2024-12-21T21:32:12.935+0000] {logging_mixin.py:190} INFO - [2024-12-21T21:32:12.934+0000] {dagbag.py:588} INFO - Filling up the DagBag from /home/airflow/.local/lib/python3.12/site-packages/airflow/example_dags/example_complex.py
[2024-12-21T21:32:12.961+0000] {processor.py:925} INFO - DAG(s) 'example_complex' retrieved from /home/airflow/.local/lib/python3.12/site-packages/airflow/example_dags/example_complex.py
[2024-12-21T21:32:13.037+0000] {logging_mixin.py:190} INFO - [2024-12-21T21:32:13.036+0000] {dag.py:3239} INFO - Sync 1 DAGs
[2024-12-21T21:32:13.070+0000] {logging_mixin.py:190} INFO - [2024-12-21T21:32:13.069+0000] {dag.py:4180} INFO - Setting next_dagrun for example_complex to None, run_after=None
[2024-12-21T21:32:13.111+0000] {processor.py:208} INFO - Processing /home/airflow/.local/lib/python3.12/site-packages/airflow/example_dags/example_complex.py took 0.196 seconds
[2024-12-21T21:32:43.275+0000] {processor.py:186} INFO - Started process (PID=3852) to work on /home/airflow/.local/lib/python3.12/site-packages/airflow/example_dags/example_complex.py
[2024-12-21T21:32:43.277+0000] {processor.py:914} INFO - Processing file /home/airflow/.local/lib/python3.12/site-packages/airflow/example_dags/example_complex.py for tasks to queue
[2024-12-21T21:32:43.282+0000] {logging_mixin.py:190} INFO - [2024-12-21T21:32:43.281+0000] {dagbag.py:588} INFO - Filling up the DagBag from /home/airflow/.local/lib/python3.12/site-packages/airflow/example_dags/example_complex.py
[2024-12-21T21:32:43.305+0000] {processor.py:925} INFO - DAG(s) 'example_complex' retrieved from /home/airflow/.local/lib/python3.12/site-packages/airflow/example_dags/example_complex.py
[2024-12-21T21:32:43.371+0000] {logging_mixin.py:190} INFO - [2024-12-21T21:32:43.370+0000] {dag.py:3239} INFO - Sync 1 DAGs
[2024-12-21T21:32:43.398+0000] {logging_mixin.py:190} INFO - [2024-12-21T21:32:43.398+0000] {dag.py:4180} INFO - Setting next_dagrun for example_complex to None, run_after=None
[2024-12-21T21:32:43.439+0000] {processor.py:208} INFO - Processing /home/airflow/.local/lib/python3.12/site-packages/airflow/example_dags/example_complex.py took 0.174 seconds
[2024-12-21T21:33:13.752+0000] {processor.py:186} INFO - Started process (PID=4146) to work on /home/airflow/.local/lib/python3.12/site-packages/airflow/example_dags/example_complex.py
[2024-12-21T21:33:13.754+0000] {processor.py:914} INFO - Processing file /home/airflow/.local/lib/python3.12/site-packages/airflow/example_dags/example_complex.py for tasks to queue
[2024-12-21T21:33:13.759+0000] {logging_mixin.py:190} INFO - [2024-12-21T21:33:13.758+0000] {dagbag.py:588} INFO - Filling up the DagBag from /home/airflow/.local/lib/python3.12/site-packages/airflow/example_dags/example_complex.py
[2024-12-21T21:33:13.790+0000] {processor.py:925} INFO - DAG(s) 'example_complex' retrieved from /home/airflow/.local/lib/python3.12/site-packages/airflow/example_dags/example_complex.py
[2024-12-21T21:33:13.876+0000] {logging_mixin.py:190} INFO - [2024-12-21T21:33:13.876+0000] {dag.py:3239} INFO - Sync 1 DAGs
[2024-12-21T21:33:13.915+0000] {logging_mixin.py:190} INFO - [2024-12-21T21:33:13.914+0000] {dag.py:4180} INFO - Setting next_dagrun for example_complex to None, run_after=None
[2024-12-21T21:33:13.987+0000] {processor.py:208} INFO - Processing /home/airflow/.local/lib/python3.12/site-packages/airflow/example_dags/example_complex.py took 0.251 seconds
[2024-12-21T21:33:44.125+0000] {processor.py:186} INFO - Started process (PID=4442) to work on /home/airflow/.local/lib/python3.12/site-packages/airflow/example_dags/example_complex.py
[2024-12-21T21:33:44.127+0000] {processor.py:914} INFO - Processing file /home/airflow/.local/lib/python3.12/site-packages/airflow/example_dags/example_complex.py for tasks to queue
[2024-12-21T21:33:44.132+0000] {logging_mixin.py:190} INFO - [2024-12-21T21:33:44.131+0000] {dagbag.py:588} INFO - Filling up the DagBag from /home/airflow/.local/lib/python3.12/site-packages/airflow/example_dags/example_complex.py
[2024-12-21T21:33:44.166+0000] {processor.py:925} INFO - DAG(s) 'example_complex' retrieved from /home/airflow/.local/lib/python3.12/site-packages/airflow/example_dags/example_complex.py
[2024-12-21T21:33:44.231+0000] {logging_mixin.py:190} INFO - [2024-12-21T21:33:44.230+0000] {dag.py:3239} INFO - Sync 1 DAGs
[2024-12-21T21:33:44.260+0000] {logging_mixin.py:190} INFO - [2024-12-21T21:33:44.260+0000] {dag.py:4180} INFO - Setting next_dagrun for example_complex to None, run_after=None
[2024-12-21T21:33:44.299+0000] {processor.py:208} INFO - Processing /home/airflow/.local/lib/python3.12/site-packages/airflow/example_dags/example_complex.py took 0.185 seconds
[2024-12-21T21:34:15.095+0000] {processor.py:186} INFO - Started process (PID=4740) to work on /home/airflow/.local/lib/python3.12/site-packages/airflow/example_dags/example_complex.py
[2024-12-21T21:34:15.097+0000] {processor.py:914} INFO - Processing file /home/airflow/.local/lib/python3.12/site-packages/airflow/example_dags/example_complex.py for tasks to queue
[2024-12-21T21:34:15.101+0000] {logging_mixin.py:190} INFO - [2024-12-21T21:34:15.101+0000] {dagbag.py:588} INFO - Filling up the DagBag from /home/airflow/.local/lib/python3.12/site-packages/airflow/example_dags/example_complex.py
[2024-12-21T21:34:15.124+0000] {processor.py:925} INFO - DAG(s) 'example_complex' retrieved from /home/airflow/.local/lib/python3.12/site-packages/airflow/example_dags/example_complex.py
[2024-12-21T21:34:15.211+0000] {logging_mixin.py:190} INFO - [2024-12-21T21:34:15.210+0000] {dag.py:3239} INFO - Sync 1 DAGs
[2024-12-21T21:34:15.243+0000] {logging_mixin.py:190} INFO - [2024-12-21T21:34:15.243+0000] {dag.py:4180} INFO - Setting next_dagrun for example_complex to None, run_after=None
[2024-12-21T21:34:15.306+0000] {processor.py:208} INFO - Processing /home/airflow/.local/lib/python3.12/site-packages/airflow/example_dags/example_complex.py took 0.220 seconds
[2024-12-21T21:34:45.651+0000] {processor.py:186} INFO - Started process (PID=5037) to work on /home/airflow/.local/lib/python3.12/site-packages/airflow/example_dags/example_complex.py
[2024-12-21T21:34:45.653+0000] {processor.py:914} INFO - Processing file /home/airflow/.local/lib/python3.12/site-packages/airflow/example_dags/example_complex.py for tasks to queue
[2024-12-21T21:34:45.657+0000] {logging_mixin.py:190} INFO - [2024-12-21T21:34:45.657+0000] {dagbag.py:588} INFO - Filling up the DagBag from /home/airflow/.local/lib/python3.12/site-packages/airflow/example_dags/example_complex.py
[2024-12-21T21:34:45.683+0000] {processor.py:925} INFO - DAG(s) 'example_complex' retrieved from /home/airflow/.local/lib/python3.12/site-packages/airflow/example_dags/example_complex.py
[2024-12-21T21:34:45.764+0000] {logging_mixin.py:190} INFO - [2024-12-21T21:34:45.764+0000] {dag.py:3239} INFO - Sync 1 DAGs
[2024-12-21T21:34:45.805+0000] {logging_mixin.py:190} INFO - [2024-12-21T21:34:45.804+0000] {dag.py:4180} INFO - Setting next_dagrun for example_complex to None, run_after=None
[2024-12-21T21:34:45.870+0000] {processor.py:208} INFO - Processing /home/airflow/.local/lib/python3.12/site-packages/airflow/example_dags/example_complex.py took 0.229 seconds
[2024-12-21T21:35:16.258+0000] {processor.py:186} INFO - Started process (PID=5333) to work on /home/airflow/.local/lib/python3.12/site-packages/airflow/example_dags/example_complex.py
[2024-12-21T21:35:16.260+0000] {processor.py:914} INFO - Processing file /home/airflow/.local/lib/python3.12/site-packages/airflow/example_dags/example_complex.py for tasks to queue
[2024-12-21T21:35:16.265+0000] {logging_mixin.py:190} INFO - [2024-12-21T21:35:16.264+0000] {dagbag.py:588} INFO - Filling up the DagBag from /home/airflow/.local/lib/python3.12/site-packages/airflow/example_dags/example_complex.py
[2024-12-21T21:35:16.287+0000] {processor.py:925} INFO - DAG(s) 'example_complex' retrieved from /home/airflow/.local/lib/python3.12/site-packages/airflow/example_dags/example_complex.py
[2024-12-21T21:35:16.354+0000] {logging_mixin.py:190} INFO - [2024-12-21T21:35:16.353+0000] {dag.py:3239} INFO - Sync 1 DAGs
[2024-12-21T21:35:16.386+0000] {logging_mixin.py:190} INFO - [2024-12-21T21:35:16.385+0000] {dag.py:4180} INFO - Setting next_dagrun for example_complex to None, run_after=None
[2024-12-21T21:35:16.429+0000] {processor.py:208} INFO - Processing /home/airflow/.local/lib/python3.12/site-packages/airflow/example_dags/example_complex.py took 0.180 seconds
[2024-12-21T21:35:46.539+0000] {processor.py:186} INFO - Started process (PID=5627) to work on /home/airflow/.local/lib/python3.12/site-packages/airflow/example_dags/example_complex.py
[2024-12-21T21:35:46.541+0000] {processor.py:914} INFO - Processing file /home/airflow/.local/lib/python3.12/site-packages/airflow/example_dags/example_complex.py for tasks to queue
[2024-12-21T21:35:46.546+0000] {logging_mixin.py:190} INFO - [2024-12-21T21:35:46.545+0000] {dagbag.py:588} INFO - Filling up the DagBag from /home/airflow/.local/lib/python3.12/site-packages/airflow/example_dags/example_complex.py
[2024-12-21T21:35:46.569+0000] {processor.py:925} INFO - DAG(s) 'example_complex' retrieved from /home/airflow/.local/lib/python3.12/site-packages/airflow/example_dags/example_complex.py
[2024-12-21T21:35:46.633+0000] {logging_mixin.py:190} INFO - [2024-12-21T21:35:46.632+0000] {dag.py:3239} INFO - Sync 1 DAGs
[2024-12-21T21:35:46.663+0000] {logging_mixin.py:190} INFO - [2024-12-21T21:35:46.663+0000] {dag.py:4180} INFO - Setting next_dagrun for example_complex to None, run_after=None
[2024-12-21T21:35:46.704+0000] {processor.py:208} INFO - Processing /home/airflow/.local/lib/python3.12/site-packages/airflow/example_dags/example_complex.py took 0.176 seconds
[2024-12-21T21:36:17.054+0000] {processor.py:186} INFO - Started process (PID=5924) to work on /home/airflow/.local/lib/python3.12/site-packages/airflow/example_dags/example_complex.py
[2024-12-21T21:36:17.056+0000] {processor.py:914} INFO - Processing file /home/airflow/.local/lib/python3.12/site-packages/airflow/example_dags/example_complex.py for tasks to queue
[2024-12-21T21:36:17.061+0000] {logging_mixin.py:190} INFO - [2024-12-21T21:36:17.060+0000] {dagbag.py:588} INFO - Filling up the DagBag from /home/airflow/.local/lib/python3.12/site-packages/airflow/example_dags/example_complex.py
[2024-12-21T21:36:17.086+0000] {processor.py:925} INFO - DAG(s) 'example_complex' retrieved from /home/airflow/.local/lib/python3.12/site-packages/airflow/example_dags/example_complex.py
[2024-12-21T21:36:17.149+0000] {logging_mixin.py:190} INFO - [2024-12-21T21:36:17.148+0000] {dag.py:3239} INFO - Sync 1 DAGs
[2024-12-21T21:36:17.178+0000] {logging_mixin.py:190} INFO - [2024-12-21T21:36:17.178+0000] {dag.py:4180} INFO - Setting next_dagrun for example_complex to None, run_after=None
[2024-12-21T21:36:17.244+0000] {processor.py:208} INFO - Processing /home/airflow/.local/lib/python3.12/site-packages/airflow/example_dags/example_complex.py took 0.204 seconds
[2024-12-21T21:36:47.513+0000] {processor.py:186} INFO - Started process (PID=6221) to work on /home/airflow/.local/lib/python3.12/site-packages/airflow/example_dags/example_complex.py
[2024-12-21T21:36:47.515+0000] {processor.py:914} INFO - Processing file /home/airflow/.local/lib/python3.12/site-packages/airflow/example_dags/example_complex.py for tasks to queue
[2024-12-21T21:36:47.521+0000] {logging_mixin.py:190} INFO - [2024-12-21T21:36:47.520+0000] {dagbag.py:588} INFO - Filling up the DagBag from /home/airflow/.local/lib/python3.12/site-packages/airflow/example_dags/example_complex.py
[2024-12-21T21:36:47.546+0000] {processor.py:925} INFO - DAG(s) 'example_complex' retrieved from /home/airflow/.local/lib/python3.12/site-packages/airflow/example_dags/example_complex.py
[2024-12-21T21:36:47.612+0000] {logging_mixin.py:190} INFO - [2024-12-21T21:36:47.612+0000] {dag.py:3239} INFO - Sync 1 DAGs
[2024-12-21T21:36:47.643+0000] {logging_mixin.py:190} INFO - [2024-12-21T21:36:47.642+0000] {dag.py:4180} INFO - Setting next_dagrun for example_complex to None, run_after=None
[2024-12-21T21:36:47.706+0000] {processor.py:208} INFO - Processing /home/airflow/.local/lib/python3.12/site-packages/airflow/example_dags/example_complex.py took 0.203 seconds
[2024-12-21T21:37:18.026+0000] {processor.py:186} INFO - Started process (PID=6517) to work on /home/airflow/.local/lib/python3.12/site-packages/airflow/example_dags/example_complex.py
[2024-12-21T21:37:18.028+0000] {processor.py:914} INFO - Processing file /home/airflow/.local/lib/python3.12/site-packages/airflow/example_dags/example_complex.py for tasks to queue
[2024-12-21T21:37:18.032+0000] {logging_mixin.py:190} INFO - [2024-12-21T21:37:18.032+0000] {dagbag.py:588} INFO - Filling up the DagBag from /home/airflow/.local/lib/python3.12/site-packages/airflow/example_dags/example_complex.py
[2024-12-21T21:37:18.056+0000] {processor.py:925} INFO - DAG(s) 'example_complex' retrieved from /home/airflow/.local/lib/python3.12/site-packages/airflow/example_dags/example_complex.py
[2024-12-21T21:37:18.132+0000] {logging_mixin.py:190} INFO - [2024-12-21T21:37:18.131+0000] {dag.py:3239} INFO - Sync 1 DAGs
[2024-12-21T21:37:18.162+0000] {logging_mixin.py:190} INFO - [2024-12-21T21:37:18.161+0000] {dag.py:4180} INFO - Setting next_dagrun for example_complex to None, run_after=None
[2024-12-21T21:37:18.233+0000] {processor.py:208} INFO - Processing /home/airflow/.local/lib/python3.12/site-packages/airflow/example_dags/example_complex.py took 0.217 seconds
[2024-12-21T21:37:49.549+0000] {processor.py:186} INFO - Started process (PID=6811) to work on /home/airflow/.local/lib/python3.12/site-packages/airflow/example_dags/example_complex.py
[2024-12-21T21:37:49.551+0000] {processor.py:914} INFO - Processing file /home/airflow/.local/lib/python3.12/site-packages/airflow/example_dags/example_complex.py for tasks to queue
[2024-12-21T21:37:49.555+0000] {logging_mixin.py:190} INFO - [2024-12-21T21:37:49.555+0000] {dagbag.py:588} INFO - Filling up the DagBag from /home/airflow/.local/lib/python3.12/site-packages/airflow/example_dags/example_complex.py
[2024-12-21T21:37:49.585+0000] {processor.py:925} INFO - DAG(s) 'example_complex' retrieved from /home/airflow/.local/lib/python3.12/site-packages/airflow/example_dags/example_complex.py
[2024-12-21T21:37:49.655+0000] {logging_mixin.py:190} INFO - [2024-12-21T21:37:49.654+0000] {dag.py:3239} INFO - Sync 1 DAGs
[2024-12-21T21:37:49.693+0000] {logging_mixin.py:190} INFO - [2024-12-21T21:37:49.692+0000] {dag.py:4180} INFO - Setting next_dagrun for example_complex to None, run_after=None
[2024-12-21T21:37:49.734+0000] {processor.py:208} INFO - Processing /home/airflow/.local/lib/python3.12/site-packages/airflow/example_dags/example_complex.py took 0.198 seconds
[2024-12-21T21:38:21.291+0000] {processor.py:186} INFO - Started process (PID=7107) to work on /home/airflow/.local/lib/python3.12/site-packages/airflow/example_dags/example_complex.py
[2024-12-21T21:38:21.293+0000] {processor.py:914} INFO - Processing file /home/airflow/.local/lib/python3.12/site-packages/airflow/example_dags/example_complex.py for tasks to queue
[2024-12-21T21:38:21.299+0000] {logging_mixin.py:190} INFO - [2024-12-21T21:38:21.298+0000] {dagbag.py:588} INFO - Filling up the DagBag from /home/airflow/.local/lib/python3.12/site-packages/airflow/example_dags/example_complex.py
[2024-12-21T21:38:21.329+0000] {processor.py:925} INFO - DAG(s) 'example_complex' retrieved from /home/airflow/.local/lib/python3.12/site-packages/airflow/example_dags/example_complex.py
[2024-12-21T21:38:21.414+0000] {logging_mixin.py:190} INFO - [2024-12-21T21:38:21.414+0000] {dag.py:3239} INFO - Sync 1 DAGs
[2024-12-21T21:38:21.451+0000] {logging_mixin.py:190} INFO - [2024-12-21T21:38:21.450+0000] {dag.py:4180} INFO - Setting next_dagrun for example_complex to None, run_after=None
[2024-12-21T21:38:21.525+0000] {processor.py:208} INFO - Processing /home/airflow/.local/lib/python3.12/site-packages/airflow/example_dags/example_complex.py took 0.245 seconds
[2024-12-21T21:38:53.116+0000] {processor.py:186} INFO - Started process (PID=7393) to work on /home/airflow/.local/lib/python3.12/site-packages/airflow/example_dags/example_complex.py
[2024-12-21T21:38:53.120+0000] {processor.py:914} INFO - Processing file /home/airflow/.local/lib/python3.12/site-packages/airflow/example_dags/example_complex.py for tasks to queue
[2024-12-21T21:38:53.126+0000] {logging_mixin.py:190} INFO - [2024-12-21T21:38:53.126+0000] {dagbag.py:588} INFO - Filling up the DagBag from /home/airflow/.local/lib/python3.12/site-packages/airflow/example_dags/example_complex.py
[2024-12-21T21:38:53.167+0000] {processor.py:925} INFO - DAG(s) 'example_complex' retrieved from /home/airflow/.local/lib/python3.12/site-packages/airflow/example_dags/example_complex.py
[2024-12-21T21:38:53.261+0000] {logging_mixin.py:190} INFO - [2024-12-21T21:38:53.260+0000] {dag.py:3239} INFO - Sync 1 DAGs
[2024-12-21T21:38:53.303+0000] {logging_mixin.py:190} INFO - [2024-12-21T21:38:53.302+0000] {dag.py:4180} INFO - Setting next_dagrun for example_complex to None, run_after=None
[2024-12-21T21:38:53.358+0000] {processor.py:208} INFO - Processing /home/airflow/.local/lib/python3.12/site-packages/airflow/example_dags/example_complex.py took 0.257 seconds
[2024-12-21T21:39:24.117+0000] {processor.py:186} INFO - Started process (PID=7684) to work on /home/airflow/.local/lib/python3.12/site-packages/airflow/example_dags/example_complex.py
[2024-12-21T21:39:24.120+0000] {processor.py:914} INFO - Processing file /home/airflow/.local/lib/python3.12/site-packages/airflow/example_dags/example_complex.py for tasks to queue
[2024-12-21T21:39:24.124+0000] {logging_mixin.py:190} INFO - [2024-12-21T21:39:24.124+0000] {dagbag.py:588} INFO - Filling up the DagBag from /home/airflow/.local/lib/python3.12/site-packages/airflow/example_dags/example_complex.py
[2024-12-21T21:39:24.156+0000] {processor.py:925} INFO - DAG(s) 'example_complex' retrieved from /home/airflow/.local/lib/python3.12/site-packages/airflow/example_dags/example_complex.py
[2024-12-21T21:39:24.245+0000] {logging_mixin.py:190} INFO - [2024-12-21T21:39:24.245+0000] {dag.py:3239} INFO - Sync 1 DAGs
[2024-12-21T21:39:24.284+0000] {logging_mixin.py:190} INFO - [2024-12-21T21:39:24.283+0000] {dag.py:4180} INFO - Setting next_dagrun for example_complex to None, run_after=None
[2024-12-21T21:39:24.329+0000] {processor.py:208} INFO - Processing /home/airflow/.local/lib/python3.12/site-packages/airflow/example_dags/example_complex.py took 0.225 seconds
[2024-12-21T21:39:55.213+0000] {processor.py:186} INFO - Started process (PID=7970) to work on /home/airflow/.local/lib/python3.12/site-packages/airflow/example_dags/example_complex.py
[2024-12-21T21:39:55.216+0000] {processor.py:914} INFO - Processing file /home/airflow/.local/lib/python3.12/site-packages/airflow/example_dags/example_complex.py for tasks to queue
[2024-12-21T21:39:55.223+0000] {logging_mixin.py:190} INFO - [2024-12-21T21:39:55.221+0000] {dagbag.py:588} INFO - Filling up the DagBag from /home/airflow/.local/lib/python3.12/site-packages/airflow/example_dags/example_complex.py
[2024-12-21T21:39:55.258+0000] {processor.py:925} INFO - DAG(s) 'example_complex' retrieved from /home/airflow/.local/lib/python3.12/site-packages/airflow/example_dags/example_complex.py
[2024-12-21T21:39:55.367+0000] {logging_mixin.py:190} INFO - [2024-12-21T21:39:55.366+0000] {dag.py:3239} INFO - Sync 1 DAGs
[2024-12-21T21:39:55.412+0000] {logging_mixin.py:190} INFO - [2024-12-21T21:39:55.412+0000] {dag.py:4180} INFO - Setting next_dagrun for example_complex to None, run_after=None
[2024-12-21T21:39:55.473+0000] {processor.py:208} INFO - Processing /home/airflow/.local/lib/python3.12/site-packages/airflow/example_dags/example_complex.py took 0.273 seconds
[2024-12-21T21:40:26.342+0000] {processor.py:186} INFO - Started process (PID=8266) to work on /home/airflow/.local/lib/python3.12/site-packages/airflow/example_dags/example_complex.py
[2024-12-21T21:40:26.345+0000] {processor.py:914} INFO - Processing file /home/airflow/.local/lib/python3.12/site-packages/airflow/example_dags/example_complex.py for tasks to queue
[2024-12-21T21:40:26.352+0000] {logging_mixin.py:190} INFO - [2024-12-21T21:40:26.351+0000] {dagbag.py:588} INFO - Filling up the DagBag from /home/airflow/.local/lib/python3.12/site-packages/airflow/example_dags/example_complex.py
[2024-12-21T21:40:26.387+0000] {processor.py:925} INFO - DAG(s) 'example_complex' retrieved from /home/airflow/.local/lib/python3.12/site-packages/airflow/example_dags/example_complex.py
[2024-12-21T21:40:26.475+0000] {logging_mixin.py:190} INFO - [2024-12-21T21:40:26.474+0000] {dag.py:3239} INFO - Sync 1 DAGs
[2024-12-21T21:40:26.513+0000] {logging_mixin.py:190} INFO - [2024-12-21T21:40:26.512+0000] {dag.py:4180} INFO - Setting next_dagrun for example_complex to None, run_after=None
[2024-12-21T21:40:26.565+0000] {processor.py:208} INFO - Processing /home/airflow/.local/lib/python3.12/site-packages/airflow/example_dags/example_complex.py took 0.244 seconds
