[2024-12-21T21:11:28.364+0000] {processor.py:186} INFO - Started process (PID=443) to work on /home/airflow/.local/lib/python3.12/site-packages/airflow/example_dags/example_branch_operator.py
[2024-12-21T21:11:28.367+0000] {processor.py:914} INFO - Processing file /home/airflow/.local/lib/python3.12/site-packages/airflow/example_dags/example_branch_operator.py for tasks to queue
[2024-12-21T21:11:28.371+0000] {logging_mixin.py:190} INFO - [2024-12-21T21:11:28.370+0000] {dagbag.py:588} INFO - Filling up the DagBag from /home/airflow/.local/lib/python3.12/site-packages/airflow/example_dags/example_branch_operator.py
[2024-12-21T21:11:28.416+0000] {processor.py:925} INFO - DAG(s) 'example_branch_operator' retrieved from /home/airflow/.local/lib/python3.12/site-packages/airflow/example_dags/example_branch_operator.py
[2024-12-21T21:11:28.692+0000] {logging_mixin.py:190} INFO - [2024-12-21T21:11:28.691+0000] {override.py:1911} INFO - Created Permission View: can delete on DAG:example_branch_operator
[2024-12-21T21:11:28.714+0000] {logging_mixin.py:190} INFO - [2024-12-21T21:11:28.713+0000] {override.py:1911} INFO - Created Permission View: can edit on DAG:example_branch_operator
[2024-12-21T21:11:28.729+0000] {logging_mixin.py:190} INFO - [2024-12-21T21:11:28.728+0000] {override.py:1911} INFO - Created Permission View: can read on DAG:example_branch_operator
[2024-12-21T21:11:28.744+0000] {logging_mixin.py:190} INFO - [2024-12-21T21:11:28.743+0000] {override.py:1911} INFO - Created Permission View: can delete on DAG Run:example_branch_operator
[2024-12-21T21:11:28.759+0000] {logging_mixin.py:190} INFO - [2024-12-21T21:11:28.759+0000] {override.py:1911} INFO - Created Permission View: can read on DAG Run:example_branch_operator
[2024-12-21T21:11:28.774+0000] {logging_mixin.py:190} INFO - [2024-12-21T21:11:28.773+0000] {override.py:1911} INFO - Created Permission View: can create on DAG Run:example_branch_operator
[2024-12-21T21:11:28.788+0000] {logging_mixin.py:190} INFO - [2024-12-21T21:11:28.788+0000] {override.py:1911} INFO - Created Permission View: menu access on DAG Run:example_branch_operator
[2024-12-21T21:11:28.790+0000] {logging_mixin.py:190} INFO - [2024-12-21T21:11:28.789+0000] {dag.py:3239} INFO - Sync 1 DAGs
[2024-12-21T21:11:28.825+0000] {logging_mixin.py:190} INFO - [2024-12-21T21:11:28.824+0000] {dag.py:3262} INFO - Creating ORM DAG for example_branch_operator
[2024-12-21T21:11:28.845+0000] {logging_mixin.py:190} INFO - [2024-12-21T21:11:28.845+0000] {dag.py:4180} INFO - Setting next_dagrun for example_branch_operator to 2024-12-20 00:00:00+00:00, run_after=2024-12-21 00:00:00+00:00
[2024-12-21T21:11:28.879+0000] {processor.py:208} INFO - Processing /home/airflow/.local/lib/python3.12/site-packages/airflow/example_dags/example_branch_operator.py took 0.528 seconds
[2024-12-21T21:11:59.431+0000] {processor.py:186} INFO - Started process (PID=739) to work on /home/airflow/.local/lib/python3.12/site-packages/airflow/example_dags/example_branch_operator.py
[2024-12-21T21:11:59.432+0000] {processor.py:914} INFO - Processing file /home/airflow/.local/lib/python3.12/site-packages/airflow/example_dags/example_branch_operator.py for tasks to queue
[2024-12-21T21:11:59.437+0000] {logging_mixin.py:190} INFO - [2024-12-21T21:11:59.436+0000] {dagbag.py:588} INFO - Filling up the DagBag from /home/airflow/.local/lib/python3.12/site-packages/airflow/example_dags/example_branch_operator.py
[2024-12-21T21:11:59.479+0000] {processor.py:925} INFO - DAG(s) 'example_branch_operator' retrieved from /home/airflow/.local/lib/python3.12/site-packages/airflow/example_dags/example_branch_operator.py
[2024-12-21T21:11:59.546+0000] {logging_mixin.py:190} INFO - [2024-12-21T21:11:59.545+0000] {dag.py:3239} INFO - Sync 1 DAGs
[2024-12-21T21:11:59.605+0000] {logging_mixin.py:190} INFO - [2024-12-21T21:11:59.605+0000] {dag.py:4180} INFO - Setting next_dagrun for example_branch_operator to 2024-12-20 00:00:00+00:00, run_after=2024-12-21 00:00:00+00:00
[2024-12-21T21:11:59.645+0000] {processor.py:208} INFO - Processing /home/airflow/.local/lib/python3.12/site-packages/airflow/example_dags/example_branch_operator.py took 0.226 seconds
[2024-12-21T21:12:30.793+0000] {processor.py:186} INFO - Started process (PID=1035) to work on /home/airflow/.local/lib/python3.12/site-packages/airflow/example_dags/example_branch_operator.py
[2024-12-21T21:12:30.796+0000] {processor.py:914} INFO - Processing file /home/airflow/.local/lib/python3.12/site-packages/airflow/example_dags/example_branch_operator.py for tasks to queue
[2024-12-21T21:12:30.801+0000] {logging_mixin.py:190} INFO - [2024-12-21T21:12:30.800+0000] {dagbag.py:588} INFO - Filling up the DagBag from /home/airflow/.local/lib/python3.12/site-packages/airflow/example_dags/example_branch_operator.py
[2024-12-21T21:12:30.842+0000] {processor.py:925} INFO - DAG(s) 'example_branch_operator' retrieved from /home/airflow/.local/lib/python3.12/site-packages/airflow/example_dags/example_branch_operator.py
[2024-12-21T21:12:30.900+0000] {logging_mixin.py:190} INFO - [2024-12-21T21:12:30.900+0000] {dag.py:3239} INFO - Sync 1 DAGs
[2024-12-21T21:12:30.950+0000] {logging_mixin.py:190} INFO - [2024-12-21T21:12:30.949+0000] {dag.py:4180} INFO - Setting next_dagrun for example_branch_operator to 2024-12-20 00:00:00+00:00, run_after=2024-12-21 00:00:00+00:00
[2024-12-21T21:12:30.994+0000] {processor.py:208} INFO - Processing /home/airflow/.local/lib/python3.12/site-packages/airflow/example_dags/example_branch_operator.py took 0.215 seconds
[2024-12-21T21:13:02.206+0000] {processor.py:186} INFO - Started process (PID=1333) to work on /home/airflow/.local/lib/python3.12/site-packages/airflow/example_dags/example_branch_operator.py
[2024-12-21T21:13:02.209+0000] {processor.py:914} INFO - Processing file /home/airflow/.local/lib/python3.12/site-packages/airflow/example_dags/example_branch_operator.py for tasks to queue
[2024-12-21T21:13:02.214+0000] {logging_mixin.py:190} INFO - [2024-12-21T21:13:02.214+0000] {dagbag.py:588} INFO - Filling up the DagBag from /home/airflow/.local/lib/python3.12/site-packages/airflow/example_dags/example_branch_operator.py
[2024-12-21T21:13:02.254+0000] {processor.py:925} INFO - DAG(s) 'example_branch_operator' retrieved from /home/airflow/.local/lib/python3.12/site-packages/airflow/example_dags/example_branch_operator.py
[2024-12-21T21:13:02.314+0000] {logging_mixin.py:190} INFO - [2024-12-21T21:13:02.313+0000] {dag.py:3239} INFO - Sync 1 DAGs
[2024-12-21T21:13:02.364+0000] {logging_mixin.py:190} INFO - [2024-12-21T21:13:02.364+0000] {dag.py:4180} INFO - Setting next_dagrun for example_branch_operator to 2024-12-20 00:00:00+00:00, run_after=2024-12-21 00:00:00+00:00
[2024-12-21T21:13:02.428+0000] {processor.py:208} INFO - Processing /home/airflow/.local/lib/python3.12/site-packages/airflow/example_dags/example_branch_operator.py took 0.237 seconds
[2024-12-21T21:13:34.080+0000] {processor.py:186} INFO - Started process (PID=1627) to work on /home/airflow/.local/lib/python3.12/site-packages/airflow/example_dags/example_branch_operator.py
[2024-12-21T21:13:34.081+0000] {processor.py:914} INFO - Processing file /home/airflow/.local/lib/python3.12/site-packages/airflow/example_dags/example_branch_operator.py for tasks to queue
[2024-12-21T21:13:34.086+0000] {logging_mixin.py:190} INFO - [2024-12-21T21:13:34.085+0000] {dagbag.py:588} INFO - Filling up the DagBag from /home/airflow/.local/lib/python3.12/site-packages/airflow/example_dags/example_branch_operator.py
[2024-12-21T21:13:34.123+0000] {processor.py:925} INFO - DAG(s) 'example_branch_operator' retrieved from /home/airflow/.local/lib/python3.12/site-packages/airflow/example_dags/example_branch_operator.py
[2024-12-21T21:13:34.194+0000] {logging_mixin.py:190} INFO - [2024-12-21T21:13:34.193+0000] {dag.py:3239} INFO - Sync 1 DAGs
[2024-12-21T21:13:34.259+0000] {logging_mixin.py:190} INFO - [2024-12-21T21:13:34.259+0000] {dag.py:4180} INFO - Setting next_dagrun for example_branch_operator to 2024-12-20 00:00:00+00:00, run_after=2024-12-21 00:00:00+00:00
[2024-12-21T21:13:34.328+0000] {processor.py:208} INFO - Processing /home/airflow/.local/lib/python3.12/site-packages/airflow/example_dags/example_branch_operator.py took 0.261 seconds
[2024-12-21T21:14:06.235+0000] {processor.py:186} INFO - Started process (PID=1925) to work on /home/airflow/.local/lib/python3.12/site-packages/airflow/example_dags/example_branch_operator.py
[2024-12-21T21:14:06.237+0000] {processor.py:914} INFO - Processing file /home/airflow/.local/lib/python3.12/site-packages/airflow/example_dags/example_branch_operator.py for tasks to queue
[2024-12-21T21:14:06.242+0000] {logging_mixin.py:190} INFO - [2024-12-21T21:14:06.241+0000] {dagbag.py:588} INFO - Filling up the DagBag from /home/airflow/.local/lib/python3.12/site-packages/airflow/example_dags/example_branch_operator.py
[2024-12-21T21:14:06.288+0000] {processor.py:925} INFO - DAG(s) 'example_branch_operator' retrieved from /home/airflow/.local/lib/python3.12/site-packages/airflow/example_dags/example_branch_operator.py
[2024-12-21T21:14:06.360+0000] {logging_mixin.py:190} INFO - [2024-12-21T21:14:06.359+0000] {dag.py:3239} INFO - Sync 1 DAGs
[2024-12-21T21:14:06.417+0000] {logging_mixin.py:190} INFO - [2024-12-21T21:14:06.417+0000] {dag.py:4180} INFO - Setting next_dagrun for example_branch_operator to 2024-12-20 00:00:00+00:00, run_after=2024-12-21 00:00:00+00:00
[2024-12-21T21:14:06.456+0000] {processor.py:208} INFO - Processing /home/airflow/.local/lib/python3.12/site-packages/airflow/example_dags/example_branch_operator.py took 0.232 seconds
[2024-12-21T21:14:37.634+0000] {processor.py:186} INFO - Started process (PID=2219) to work on /home/airflow/.local/lib/python3.12/site-packages/airflow/example_dags/example_branch_operator.py
[2024-12-21T21:14:37.636+0000] {processor.py:914} INFO - Processing file /home/airflow/.local/lib/python3.12/site-packages/airflow/example_dags/example_branch_operator.py for tasks to queue
[2024-12-21T21:14:37.641+0000] {logging_mixin.py:190} INFO - [2024-12-21T21:14:37.640+0000] {dagbag.py:588} INFO - Filling up the DagBag from /home/airflow/.local/lib/python3.12/site-packages/airflow/example_dags/example_branch_operator.py
[2024-12-21T21:14:37.675+0000] {processor.py:925} INFO - DAG(s) 'example_branch_operator' retrieved from /home/airflow/.local/lib/python3.12/site-packages/airflow/example_dags/example_branch_operator.py
[2024-12-21T21:14:37.750+0000] {logging_mixin.py:190} INFO - [2024-12-21T21:14:37.750+0000] {dag.py:3239} INFO - Sync 1 DAGs
[2024-12-21T21:14:37.809+0000] {logging_mixin.py:190} INFO - [2024-12-21T21:14:37.809+0000] {dag.py:4180} INFO - Setting next_dagrun for example_branch_operator to 2024-12-20 00:00:00+00:00, run_after=2024-12-21 00:00:00+00:00
[2024-12-21T21:14:37.849+0000] {processor.py:208} INFO - Processing /home/airflow/.local/lib/python3.12/site-packages/airflow/example_dags/example_branch_operator.py took 0.225 seconds
[2024-12-21T21:15:10.700+0000] {processor.py:186} INFO - Started process (PID=2517) to work on /home/airflow/.local/lib/python3.12/site-packages/airflow/example_dags/example_branch_operator.py
[2024-12-21T21:15:10.703+0000] {processor.py:914} INFO - Processing file /home/airflow/.local/lib/python3.12/site-packages/airflow/example_dags/example_branch_operator.py for tasks to queue
[2024-12-21T21:15:10.707+0000] {logging_mixin.py:190} INFO - [2024-12-21T21:15:10.706+0000] {dagbag.py:588} INFO - Filling up the DagBag from /home/airflow/.local/lib/python3.12/site-packages/airflow/example_dags/example_branch_operator.py
[2024-12-21T21:15:10.744+0000] {processor.py:925} INFO - DAG(s) 'example_branch_operator' retrieved from /home/airflow/.local/lib/python3.12/site-packages/airflow/example_dags/example_branch_operator.py
[2024-12-21T21:15:10.804+0000] {logging_mixin.py:190} INFO - [2024-12-21T21:15:10.804+0000] {dag.py:3239} INFO - Sync 1 DAGs
[2024-12-21T21:15:10.854+0000] {logging_mixin.py:190} INFO - [2024-12-21T21:15:10.854+0000] {dag.py:4180} INFO - Setting next_dagrun for example_branch_operator to 2024-12-20 00:00:00+00:00, run_after=2024-12-21 00:00:00+00:00
[2024-12-21T21:15:10.892+0000] {processor.py:208} INFO - Processing /home/airflow/.local/lib/python3.12/site-packages/airflow/example_dags/example_branch_operator.py took 0.202 seconds
[2024-12-21T21:15:41.667+0000] {processor.py:186} INFO - Started process (PID=2811) to work on /home/airflow/.local/lib/python3.12/site-packages/airflow/example_dags/example_branch_operator.py
[2024-12-21T21:15:41.670+0000] {processor.py:914} INFO - Processing file /home/airflow/.local/lib/python3.12/site-packages/airflow/example_dags/example_branch_operator.py for tasks to queue
[2024-12-21T21:15:41.674+0000] {logging_mixin.py:190} INFO - [2024-12-21T21:15:41.673+0000] {dagbag.py:588} INFO - Filling up the DagBag from /home/airflow/.local/lib/python3.12/site-packages/airflow/example_dags/example_branch_operator.py
[2024-12-21T21:15:41.717+0000] {processor.py:925} INFO - DAG(s) 'example_branch_operator' retrieved from /home/airflow/.local/lib/python3.12/site-packages/airflow/example_dags/example_branch_operator.py
[2024-12-21T21:15:41.777+0000] {logging_mixin.py:190} INFO - [2024-12-21T21:15:41.777+0000] {dag.py:3239} INFO - Sync 1 DAGs
[2024-12-21T21:15:41.831+0000] {logging_mixin.py:190} INFO - [2024-12-21T21:15:41.830+0000] {dag.py:4180} INFO - Setting next_dagrun for example_branch_operator to 2024-12-20 00:00:00+00:00, run_after=2024-12-21 00:00:00+00:00
[2024-12-21T21:15:41.870+0000] {processor.py:208} INFO - Processing /home/airflow/.local/lib/python3.12/site-packages/airflow/example_dags/example_branch_operator.py took 0.217 seconds
[2024-12-21T21:16:15.008+0000] {processor.py:186} INFO - Started process (PID=3109) to work on /home/airflow/.local/lib/python3.12/site-packages/airflow/example_dags/example_branch_operator.py
[2024-12-21T21:16:15.010+0000] {processor.py:914} INFO - Processing file /home/airflow/.local/lib/python3.12/site-packages/airflow/example_dags/example_branch_operator.py for tasks to queue
[2024-12-21T21:16:15.016+0000] {logging_mixin.py:190} INFO - [2024-12-21T21:16:15.015+0000] {dagbag.py:588} INFO - Filling up the DagBag from /home/airflow/.local/lib/python3.12/site-packages/airflow/example_dags/example_branch_operator.py
[2024-12-21T21:16:15.068+0000] {processor.py:925} INFO - DAG(s) 'example_branch_operator' retrieved from /home/airflow/.local/lib/python3.12/site-packages/airflow/example_dags/example_branch_operator.py
[2024-12-21T21:16:15.144+0000] {logging_mixin.py:190} INFO - [2024-12-21T21:16:15.143+0000] {dag.py:3239} INFO - Sync 1 DAGs
[2024-12-21T21:16:15.213+0000] {logging_mixin.py:190} INFO - [2024-12-21T21:16:15.212+0000] {dag.py:4180} INFO - Setting next_dagrun for example_branch_operator to 2024-12-20 00:00:00+00:00, run_after=2024-12-21 00:00:00+00:00
[2024-12-21T21:16:15.262+0000] {processor.py:208} INFO - Processing /home/airflow/.local/lib/python3.12/site-packages/airflow/example_dags/example_branch_operator.py took 0.269 seconds
[2024-12-21T21:16:47.312+0000] {processor.py:186} INFO - Started process (PID=3402) to work on /home/airflow/.local/lib/python3.12/site-packages/airflow/example_dags/example_branch_operator.py
[2024-12-21T21:16:47.315+0000] {processor.py:914} INFO - Processing file /home/airflow/.local/lib/python3.12/site-packages/airflow/example_dags/example_branch_operator.py for tasks to queue
[2024-12-21T21:16:47.322+0000] {logging_mixin.py:190} INFO - [2024-12-21T21:16:47.321+0000] {dagbag.py:588} INFO - Filling up the DagBag from /home/airflow/.local/lib/python3.12/site-packages/airflow/example_dags/example_branch_operator.py
[2024-12-21T21:16:47.376+0000] {processor.py:925} INFO - DAG(s) 'example_branch_operator' retrieved from /home/airflow/.local/lib/python3.12/site-packages/airflow/example_dags/example_branch_operator.py
[2024-12-21T21:16:47.469+0000] {logging_mixin.py:190} INFO - [2024-12-21T21:16:47.468+0000] {dag.py:3239} INFO - Sync 1 DAGs
[2024-12-21T21:16:47.557+0000] {logging_mixin.py:190} INFO - [2024-12-21T21:16:47.556+0000] {dag.py:4180} INFO - Setting next_dagrun for example_branch_operator to 2024-12-20 00:00:00+00:00, run_after=2024-12-21 00:00:00+00:00
[2024-12-21T21:16:47.618+0000] {processor.py:208} INFO - Processing /home/airflow/.local/lib/python3.12/site-packages/airflow/example_dags/example_branch_operator.py took 0.322 seconds
[2024-12-21T21:17:19.424+0000] {processor.py:186} INFO - Started process (PID=3723) to work on /home/airflow/.local/lib/python3.12/site-packages/airflow/example_dags/example_branch_operator.py
[2024-12-21T21:17:19.426+0000] {processor.py:914} INFO - Processing file /home/airflow/.local/lib/python3.12/site-packages/airflow/example_dags/example_branch_operator.py for tasks to queue
[2024-12-21T21:17:19.430+0000] {logging_mixin.py:190} INFO - [2024-12-21T21:17:19.430+0000] {dagbag.py:588} INFO - Filling up the DagBag from /home/airflow/.local/lib/python3.12/site-packages/airflow/example_dags/example_branch_operator.py
[2024-12-21T21:17:19.466+0000] {processor.py:925} INFO - DAG(s) 'example_branch_operator' retrieved from /home/airflow/.local/lib/python3.12/site-packages/airflow/example_dags/example_branch_operator.py
[2024-12-21T21:17:19.525+0000] {logging_mixin.py:190} INFO - [2024-12-21T21:17:19.524+0000] {dag.py:3239} INFO - Sync 1 DAGs
[2024-12-21T21:17:19.592+0000] {logging_mixin.py:190} INFO - [2024-12-21T21:17:19.592+0000] {dag.py:4180} INFO - Setting next_dagrun for example_branch_operator to 2024-12-20 00:00:00+00:00, run_after=2024-12-21 00:00:00+00:00
[2024-12-21T21:17:19.668+0000] {processor.py:208} INFO - Processing /home/airflow/.local/lib/python3.12/site-packages/airflow/example_dags/example_branch_operator.py took 0.255 seconds
[2024-12-21T21:17:52.224+0000] {processor.py:186} INFO - Started process (PID=4021) to work on /home/airflow/.local/lib/python3.12/site-packages/airflow/example_dags/example_branch_operator.py
[2024-12-21T21:17:52.226+0000] {processor.py:914} INFO - Processing file /home/airflow/.local/lib/python3.12/site-packages/airflow/example_dags/example_branch_operator.py for tasks to queue
[2024-12-21T21:17:52.234+0000] {logging_mixin.py:190} INFO - [2024-12-21T21:17:52.233+0000] {dagbag.py:588} INFO - Filling up the DagBag from /home/airflow/.local/lib/python3.12/site-packages/airflow/example_dags/example_branch_operator.py
[2024-12-21T21:17:52.282+0000] {processor.py:925} INFO - DAG(s) 'example_branch_operator' retrieved from /home/airflow/.local/lib/python3.12/site-packages/airflow/example_dags/example_branch_operator.py
[2024-12-21T21:17:52.411+0000] {logging_mixin.py:190} INFO - [2024-12-21T21:17:52.405+0000] {dag.py:3239} INFO - Sync 1 DAGs
[2024-12-21T21:17:52.518+0000] {logging_mixin.py:190} INFO - [2024-12-21T21:17:52.518+0000] {dag.py:4180} INFO - Setting next_dagrun for example_branch_operator to 2024-12-20 00:00:00+00:00, run_after=2024-12-21 00:00:00+00:00
[2024-12-21T21:17:52.569+0000] {processor.py:208} INFO - Processing /home/airflow/.local/lib/python3.12/site-packages/airflow/example_dags/example_branch_operator.py took 0.365 seconds
[2024-12-21T21:18:24.690+0000] {processor.py:186} INFO - Started process (PID=4335) to work on /home/airflow/.local/lib/python3.12/site-packages/airflow/example_dags/example_branch_operator.py
[2024-12-21T21:18:24.692+0000] {processor.py:914} INFO - Processing file /home/airflow/.local/lib/python3.12/site-packages/airflow/example_dags/example_branch_operator.py for tasks to queue
[2024-12-21T21:18:24.698+0000] {logging_mixin.py:190} INFO - [2024-12-21T21:18:24.697+0000] {dagbag.py:588} INFO - Filling up the DagBag from /home/airflow/.local/lib/python3.12/site-packages/airflow/example_dags/example_branch_operator.py
[2024-12-21T21:18:24.738+0000] {processor.py:925} INFO - DAG(s) 'example_branch_operator' retrieved from /home/airflow/.local/lib/python3.12/site-packages/airflow/example_dags/example_branch_operator.py
[2024-12-21T21:18:24.805+0000] {logging_mixin.py:190} INFO - [2024-12-21T21:18:24.804+0000] {dag.py:3239} INFO - Sync 1 DAGs
[2024-12-21T21:18:24.869+0000] {logging_mixin.py:190} INFO - [2024-12-21T21:18:24.868+0000] {dag.py:4180} INFO - Setting next_dagrun for example_branch_operator to 2024-12-20 00:00:00+00:00, run_after=2024-12-21 00:00:00+00:00
[2024-12-21T21:18:24.918+0000] {processor.py:208} INFO - Processing /home/airflow/.local/lib/python3.12/site-packages/airflow/example_dags/example_branch_operator.py took 0.242 seconds
[2024-12-21T21:18:56.977+0000] {processor.py:186} INFO - Started process (PID=4639) to work on /home/airflow/.local/lib/python3.12/site-packages/airflow/example_dags/example_branch_operator.py
[2024-12-21T21:18:56.979+0000] {processor.py:914} INFO - Processing file /home/airflow/.local/lib/python3.12/site-packages/airflow/example_dags/example_branch_operator.py for tasks to queue
[2024-12-21T21:18:56.984+0000] {logging_mixin.py:190} INFO - [2024-12-21T21:18:56.983+0000] {dagbag.py:588} INFO - Filling up the DagBag from /home/airflow/.local/lib/python3.12/site-packages/airflow/example_dags/example_branch_operator.py
[2024-12-21T21:18:57.024+0000] {processor.py:925} INFO - DAG(s) 'example_branch_operator' retrieved from /home/airflow/.local/lib/python3.12/site-packages/airflow/example_dags/example_branch_operator.py
[2024-12-21T21:18:57.088+0000] {logging_mixin.py:190} INFO - [2024-12-21T21:18:57.087+0000] {dag.py:3239} INFO - Sync 1 DAGs
[2024-12-21T21:18:57.144+0000] {logging_mixin.py:190} INFO - [2024-12-21T21:18:57.143+0000] {dag.py:4180} INFO - Setting next_dagrun for example_branch_operator to 2024-12-20 00:00:00+00:00, run_after=2024-12-21 00:00:00+00:00
[2024-12-21T21:18:57.185+0000] {processor.py:208} INFO - Processing /home/airflow/.local/lib/python3.12/site-packages/airflow/example_dags/example_branch_operator.py took 0.223 seconds
[2024-12-21T21:19:28.201+0000] {processor.py:186} INFO - Started process (PID=4933) to work on /home/airflow/.local/lib/python3.12/site-packages/airflow/example_dags/example_branch_operator.py
[2024-12-21T21:19:28.203+0000] {processor.py:914} INFO - Processing file /home/airflow/.local/lib/python3.12/site-packages/airflow/example_dags/example_branch_operator.py for tasks to queue
[2024-12-21T21:19:28.208+0000] {logging_mixin.py:190} INFO - [2024-12-21T21:19:28.207+0000] {dagbag.py:588} INFO - Filling up the DagBag from /home/airflow/.local/lib/python3.12/site-packages/airflow/example_dags/example_branch_operator.py
[2024-12-21T21:19:28.242+0000] {processor.py:925} INFO - DAG(s) 'example_branch_operator' retrieved from /home/airflow/.local/lib/python3.12/site-packages/airflow/example_dags/example_branch_operator.py
[2024-12-21T21:19:28.302+0000] {logging_mixin.py:190} INFO - [2024-12-21T21:19:28.302+0000] {dag.py:3239} INFO - Sync 1 DAGs
[2024-12-21T21:19:28.354+0000] {logging_mixin.py:190} INFO - [2024-12-21T21:19:28.353+0000] {dag.py:4180} INFO - Setting next_dagrun for example_branch_operator to 2024-12-20 00:00:00+00:00, run_after=2024-12-21 00:00:00+00:00
[2024-12-21T21:19:28.418+0000] {processor.py:208} INFO - Processing /home/airflow/.local/lib/python3.12/site-packages/airflow/example_dags/example_branch_operator.py took 0.228 seconds
[2024-12-21T21:19:58.502+0000] {processor.py:186} INFO - Started process (PID=5223) to work on /home/airflow/.local/lib/python3.12/site-packages/airflow/example_dags/example_branch_operator.py
[2024-12-21T21:19:58.504+0000] {processor.py:914} INFO - Processing file /home/airflow/.local/lib/python3.12/site-packages/airflow/example_dags/example_branch_operator.py for tasks to queue
[2024-12-21T21:19:58.510+0000] {logging_mixin.py:190} INFO - [2024-12-21T21:19:58.508+0000] {dagbag.py:588} INFO - Filling up the DagBag from /home/airflow/.local/lib/python3.12/site-packages/airflow/example_dags/example_branch_operator.py
[2024-12-21T21:19:58.546+0000] {processor.py:925} INFO - DAG(s) 'example_branch_operator' retrieved from /home/airflow/.local/lib/python3.12/site-packages/airflow/example_dags/example_branch_operator.py
[2024-12-21T21:19:58.652+0000] {logging_mixin.py:190} INFO - [2024-12-21T21:19:58.652+0000] {dag.py:3239} INFO - Sync 1 DAGs
[2024-12-21T21:19:58.731+0000] {logging_mixin.py:190} INFO - [2024-12-21T21:19:58.730+0000] {dag.py:4180} INFO - Setting next_dagrun for example_branch_operator to 2024-12-20 00:00:00+00:00, run_after=2024-12-21 00:00:00+00:00
[2024-12-21T21:19:58.802+0000] {processor.py:208} INFO - Processing /home/airflow/.local/lib/python3.12/site-packages/airflow/example_dags/example_branch_operator.py took 0.314 seconds
[2024-12-21T21:20:30.246+0000] {processor.py:186} INFO - Started process (PID=5524) to work on /home/airflow/.local/lib/python3.12/site-packages/airflow/example_dags/example_branch_operator.py
[2024-12-21T21:20:30.250+0000] {processor.py:914} INFO - Processing file /home/airflow/.local/lib/python3.12/site-packages/airflow/example_dags/example_branch_operator.py for tasks to queue
[2024-12-21T21:20:30.256+0000] {logging_mixin.py:190} INFO - [2024-12-21T21:20:30.255+0000] {dagbag.py:588} INFO - Filling up the DagBag from /home/airflow/.local/lib/python3.12/site-packages/airflow/example_dags/example_branch_operator.py
[2024-12-21T21:20:30.303+0000] {processor.py:925} INFO - DAG(s) 'example_branch_operator' retrieved from /home/airflow/.local/lib/python3.12/site-packages/airflow/example_dags/example_branch_operator.py
[2024-12-21T21:20:30.394+0000] {logging_mixin.py:190} INFO - [2024-12-21T21:20:30.393+0000] {dag.py:3239} INFO - Sync 1 DAGs
[2024-12-21T21:20:30.486+0000] {logging_mixin.py:190} INFO - [2024-12-21T21:20:30.485+0000] {dag.py:4180} INFO - Setting next_dagrun for example_branch_operator to 2024-12-20 00:00:00+00:00, run_after=2024-12-21 00:00:00+00:00
[2024-12-21T21:20:30.568+0000] {processor.py:208} INFO - Processing /home/airflow/.local/lib/python3.12/site-packages/airflow/example_dags/example_branch_operator.py took 0.340 seconds
[2024-12-21T21:21:00.923+0000] {processor.py:186} INFO - Started process (PID=5826) to work on /home/airflow/.local/lib/python3.12/site-packages/airflow/example_dags/example_branch_operator.py
[2024-12-21T21:21:00.925+0000] {processor.py:914} INFO - Processing file /home/airflow/.local/lib/python3.12/site-packages/airflow/example_dags/example_branch_operator.py for tasks to queue
[2024-12-21T21:21:00.929+0000] {logging_mixin.py:190} INFO - [2024-12-21T21:21:00.929+0000] {dagbag.py:588} INFO - Filling up the DagBag from /home/airflow/.local/lib/python3.12/site-packages/airflow/example_dags/example_branch_operator.py
[2024-12-21T21:21:00.971+0000] {processor.py:925} INFO - DAG(s) 'example_branch_operator' retrieved from /home/airflow/.local/lib/python3.12/site-packages/airflow/example_dags/example_branch_operator.py
[2024-12-21T21:21:01.035+0000] {logging_mixin.py:190} INFO - [2024-12-21T21:21:01.035+0000] {dag.py:3239} INFO - Sync 1 DAGs
[2024-12-21T21:21:01.108+0000] {logging_mixin.py:190} INFO - [2024-12-21T21:21:01.107+0000] {dag.py:4180} INFO - Setting next_dagrun for example_branch_operator to 2024-12-20 00:00:00+00:00, run_after=2024-12-21 00:00:00+00:00
[2024-12-21T21:21:01.152+0000] {processor.py:208} INFO - Processing /home/airflow/.local/lib/python3.12/site-packages/airflow/example_dags/example_branch_operator.py took 0.241 seconds
[2024-12-21T21:21:33.276+0000] {processor.py:186} INFO - Started process (PID=6127) to work on /home/airflow/.local/lib/python3.12/site-packages/airflow/example_dags/example_branch_operator.py
[2024-12-21T21:21:33.279+0000] {processor.py:914} INFO - Processing file /home/airflow/.local/lib/python3.12/site-packages/airflow/example_dags/example_branch_operator.py for tasks to queue
[2024-12-21T21:21:33.286+0000] {logging_mixin.py:190} INFO - [2024-12-21T21:21:33.285+0000] {dagbag.py:588} INFO - Filling up the DagBag from /home/airflow/.local/lib/python3.12/site-packages/airflow/example_dags/example_branch_operator.py
[2024-12-21T21:21:33.381+0000] {processor.py:925} INFO - DAG(s) 'example_branch_operator' retrieved from /home/airflow/.local/lib/python3.12/site-packages/airflow/example_dags/example_branch_operator.py
[2024-12-21T21:21:33.459+0000] {logging_mixin.py:190} INFO - [2024-12-21T21:21:33.458+0000] {dag.py:3239} INFO - Sync 1 DAGs
[2024-12-21T21:21:33.510+0000] {logging_mixin.py:190} INFO - [2024-12-21T21:21:33.510+0000] {dag.py:4180} INFO - Setting next_dagrun for example_branch_operator to 2024-12-20 00:00:00+00:00, run_after=2024-12-21 00:00:00+00:00
[2024-12-21T21:21:33.586+0000] {processor.py:208} INFO - Processing /home/airflow/.local/lib/python3.12/site-packages/airflow/example_dags/example_branch_operator.py took 0.326 seconds
[2024-12-21T21:22:03.928+0000] {processor.py:186} INFO - Started process (PID=6418) to work on /home/airflow/.local/lib/python3.12/site-packages/airflow/example_dags/example_branch_operator.py
[2024-12-21T21:22:03.931+0000] {processor.py:914} INFO - Processing file /home/airflow/.local/lib/python3.12/site-packages/airflow/example_dags/example_branch_operator.py for tasks to queue
[2024-12-21T21:22:03.939+0000] {logging_mixin.py:190} INFO - [2024-12-21T21:22:03.938+0000] {dagbag.py:588} INFO - Filling up the DagBag from /home/airflow/.local/lib/python3.12/site-packages/airflow/example_dags/example_branch_operator.py
[2024-12-21T21:22:03.984+0000] {processor.py:925} INFO - DAG(s) 'example_branch_operator' retrieved from /home/airflow/.local/lib/python3.12/site-packages/airflow/example_dags/example_branch_operator.py
[2024-12-21T21:22:04.067+0000] {logging_mixin.py:190} INFO - [2024-12-21T21:22:04.066+0000] {dag.py:3239} INFO - Sync 1 DAGs
[2024-12-21T21:22:04.142+0000] {logging_mixin.py:190} INFO - [2024-12-21T21:22:04.142+0000] {dag.py:4180} INFO - Setting next_dagrun for example_branch_operator to 2024-12-20 00:00:00+00:00, run_after=2024-12-21 00:00:00+00:00
[2024-12-21T21:22:04.191+0000] {processor.py:208} INFO - Processing /home/airflow/.local/lib/python3.12/site-packages/airflow/example_dags/example_branch_operator.py took 0.280 seconds
[2024-12-21T21:22:36.972+0000] {processor.py:186} INFO - Started process (PID=6729) to work on /home/airflow/.local/lib/python3.12/site-packages/airflow/example_dags/example_branch_operator.py
[2024-12-21T21:22:36.974+0000] {processor.py:914} INFO - Processing file /home/airflow/.local/lib/python3.12/site-packages/airflow/example_dags/example_branch_operator.py for tasks to queue
[2024-12-21T21:22:36.979+0000] {logging_mixin.py:190} INFO - [2024-12-21T21:22:36.978+0000] {dagbag.py:588} INFO - Filling up the DagBag from /home/airflow/.local/lib/python3.12/site-packages/airflow/example_dags/example_branch_operator.py
[2024-12-21T21:22:37.014+0000] {processor.py:925} INFO - DAG(s) 'example_branch_operator' retrieved from /home/airflow/.local/lib/python3.12/site-packages/airflow/example_dags/example_branch_operator.py
[2024-12-21T21:22:37.074+0000] {logging_mixin.py:190} INFO - [2024-12-21T21:22:37.074+0000] {dag.py:3239} INFO - Sync 1 DAGs
[2024-12-21T21:22:37.128+0000] {logging_mixin.py:190} INFO - [2024-12-21T21:22:37.127+0000] {dag.py:4180} INFO - Setting next_dagrun for example_branch_operator to 2024-12-20 00:00:00+00:00, run_after=2024-12-21 00:00:00+00:00
[2024-12-21T21:22:37.171+0000] {processor.py:208} INFO - Processing /home/airflow/.local/lib/python3.12/site-packages/airflow/example_dags/example_branch_operator.py took 0.212 seconds
[2024-12-21T21:23:08.471+0000] {processor.py:186} INFO - Started process (PID=7026) to work on /home/airflow/.local/lib/python3.12/site-packages/airflow/example_dags/example_branch_operator.py
[2024-12-21T21:23:08.473+0000] {processor.py:914} INFO - Processing file /home/airflow/.local/lib/python3.12/site-packages/airflow/example_dags/example_branch_operator.py for tasks to queue
[2024-12-21T21:23:08.478+0000] {logging_mixin.py:190} INFO - [2024-12-21T21:23:08.477+0000] {dagbag.py:588} INFO - Filling up the DagBag from /home/airflow/.local/lib/python3.12/site-packages/airflow/example_dags/example_branch_operator.py
[2024-12-21T21:23:08.520+0000] {processor.py:925} INFO - DAG(s) 'example_branch_operator' retrieved from /home/airflow/.local/lib/python3.12/site-packages/airflow/example_dags/example_branch_operator.py
[2024-12-21T21:23:08.586+0000] {logging_mixin.py:190} INFO - [2024-12-21T21:23:08.586+0000] {dag.py:3239} INFO - Sync 1 DAGs
[2024-12-21T21:23:08.637+0000] {logging_mixin.py:190} INFO - [2024-12-21T21:23:08.636+0000] {dag.py:4180} INFO - Setting next_dagrun for example_branch_operator to 2024-12-20 00:00:00+00:00, run_after=2024-12-21 00:00:00+00:00
[2024-12-21T21:23:08.675+0000] {processor.py:208} INFO - Processing /home/airflow/.local/lib/python3.12/site-packages/airflow/example_dags/example_branch_operator.py took 0.216 seconds
[2024-12-21T21:23:39.947+0000] {processor.py:186} INFO - Started process (PID=7329) to work on /home/airflow/.local/lib/python3.12/site-packages/airflow/example_dags/example_branch_operator.py
[2024-12-21T21:23:39.950+0000] {processor.py:914} INFO - Processing file /home/airflow/.local/lib/python3.12/site-packages/airflow/example_dags/example_branch_operator.py for tasks to queue
[2024-12-21T21:23:39.955+0000] {logging_mixin.py:190} INFO - [2024-12-21T21:23:39.954+0000] {dagbag.py:588} INFO - Filling up the DagBag from /home/airflow/.local/lib/python3.12/site-packages/airflow/example_dags/example_branch_operator.py
[2024-12-21T21:23:39.995+0000] {processor.py:925} INFO - DAG(s) 'example_branch_operator' retrieved from /home/airflow/.local/lib/python3.12/site-packages/airflow/example_dags/example_branch_operator.py
[2024-12-21T21:23:40.066+0000] {logging_mixin.py:190} INFO - [2024-12-21T21:23:40.065+0000] {dag.py:3239} INFO - Sync 1 DAGs
[2024-12-21T21:23:40.114+0000] {logging_mixin.py:190} INFO - [2024-12-21T21:23:40.114+0000] {dag.py:4180} INFO - Setting next_dagrun for example_branch_operator to 2024-12-20 00:00:00+00:00, run_after=2024-12-21 00:00:00+00:00
[2024-12-21T21:23:40.156+0000] {processor.py:208} INFO - Processing /home/airflow/.local/lib/python3.12/site-packages/airflow/example_dags/example_branch_operator.py took 0.222 seconds
[2024-12-21T21:24:10.830+0000] {processor.py:186} INFO - Started process (PID=7623) to work on /home/airflow/.local/lib/python3.12/site-packages/airflow/example_dags/example_branch_operator.py
[2024-12-21T21:24:10.832+0000] {processor.py:914} INFO - Processing file /home/airflow/.local/lib/python3.12/site-packages/airflow/example_dags/example_branch_operator.py for tasks to queue
[2024-12-21T21:24:10.837+0000] {logging_mixin.py:190} INFO - [2024-12-21T21:24:10.836+0000] {dagbag.py:588} INFO - Filling up the DagBag from /home/airflow/.local/lib/python3.12/site-packages/airflow/example_dags/example_branch_operator.py
[2024-12-21T21:24:10.882+0000] {processor.py:925} INFO - DAG(s) 'example_branch_operator' retrieved from /home/airflow/.local/lib/python3.12/site-packages/airflow/example_dags/example_branch_operator.py
[2024-12-21T21:24:10.947+0000] {logging_mixin.py:190} INFO - [2024-12-21T21:24:10.946+0000] {dag.py:3239} INFO - Sync 1 DAGs
[2024-12-21T21:24:11.004+0000] {logging_mixin.py:190} INFO - [2024-12-21T21:24:11.003+0000] {dag.py:4180} INFO - Setting next_dagrun for example_branch_operator to 2024-12-20 00:00:00+00:00, run_after=2024-12-21 00:00:00+00:00
[2024-12-21T21:24:11.044+0000] {processor.py:208} INFO - Processing /home/airflow/.local/lib/python3.12/site-packages/airflow/example_dags/example_branch_operator.py took 0.225 seconds
[2024-12-21T21:26:38.652+0000] {processor.py:186} INFO - Started process (PID=436) to work on /home/airflow/.local/lib/python3.12/site-packages/airflow/example_dags/example_branch_operator.py
[2024-12-21T21:26:38.655+0000] {processor.py:914} INFO - Processing file /home/airflow/.local/lib/python3.12/site-packages/airflow/example_dags/example_branch_operator.py for tasks to queue
[2024-12-21T21:26:38.660+0000] {logging_mixin.py:190} INFO - [2024-12-21T21:26:38.659+0000] {dagbag.py:588} INFO - Filling up the DagBag from /home/airflow/.local/lib/python3.12/site-packages/airflow/example_dags/example_branch_operator.py
[2024-12-21T21:26:38.701+0000] {processor.py:925} INFO - DAG(s) 'example_branch_operator' retrieved from /home/airflow/.local/lib/python3.12/site-packages/airflow/example_dags/example_branch_operator.py
[2024-12-21T21:26:38.977+0000] {logging_mixin.py:190} INFO - [2024-12-21T21:26:38.977+0000] {dag.py:3239} INFO - Sync 1 DAGs
[2024-12-21T21:26:39.023+0000] {logging_mixin.py:190} INFO - [2024-12-21T21:26:39.023+0000] {dag.py:4180} INFO - Setting next_dagrun for example_branch_operator to 2024-12-20 00:00:00+00:00, run_after=2024-12-21 00:00:00+00:00
[2024-12-21T21:26:39.071+0000] {processor.py:208} INFO - Processing /home/airflow/.local/lib/python3.12/site-packages/airflow/example_dags/example_branch_operator.py took 0.433 seconds
[2024-12-21T21:27:10.558+0000] {processor.py:186} INFO - Started process (PID=732) to work on /home/airflow/.local/lib/python3.12/site-packages/airflow/example_dags/example_branch_operator.py
[2024-12-21T21:27:10.560+0000] {processor.py:914} INFO - Processing file /home/airflow/.local/lib/python3.12/site-packages/airflow/example_dags/example_branch_operator.py for tasks to queue
[2024-12-21T21:27:10.565+0000] {logging_mixin.py:190} INFO - [2024-12-21T21:27:10.564+0000] {dagbag.py:588} INFO - Filling up the DagBag from /home/airflow/.local/lib/python3.12/site-packages/airflow/example_dags/example_branch_operator.py
[2024-12-21T21:27:10.606+0000] {processor.py:925} INFO - DAG(s) 'example_branch_operator' retrieved from /home/airflow/.local/lib/python3.12/site-packages/airflow/example_dags/example_branch_operator.py
[2024-12-21T21:27:10.682+0000] {logging_mixin.py:190} INFO - [2024-12-21T21:27:10.682+0000] {dag.py:3239} INFO - Sync 1 DAGs
[2024-12-21T21:27:10.758+0000] {logging_mixin.py:190} INFO - [2024-12-21T21:27:10.758+0000] {dag.py:4180} INFO - Setting next_dagrun for example_branch_operator to 2024-12-20 00:00:00+00:00, run_after=2024-12-21 00:00:00+00:00
[2024-12-21T21:27:10.801+0000] {processor.py:208} INFO - Processing /home/airflow/.local/lib/python3.12/site-packages/airflow/example_dags/example_branch_operator.py took 0.255 seconds
[2024-12-21T21:27:42.357+0000] {processor.py:186} INFO - Started process (PID=1028) to work on /home/airflow/.local/lib/python3.12/site-packages/airflow/example_dags/example_branch_operator.py
[2024-12-21T21:27:42.359+0000] {processor.py:914} INFO - Processing file /home/airflow/.local/lib/python3.12/site-packages/airflow/example_dags/example_branch_operator.py for tasks to queue
[2024-12-21T21:27:42.362+0000] {logging_mixin.py:190} INFO - [2024-12-21T21:27:42.362+0000] {dagbag.py:588} INFO - Filling up the DagBag from /home/airflow/.local/lib/python3.12/site-packages/airflow/example_dags/example_branch_operator.py
[2024-12-21T21:27:42.406+0000] {processor.py:925} INFO - DAG(s) 'example_branch_operator' retrieved from /home/airflow/.local/lib/python3.12/site-packages/airflow/example_dags/example_branch_operator.py
[2024-12-21T21:27:42.471+0000] {logging_mixin.py:190} INFO - [2024-12-21T21:27:42.471+0000] {dag.py:3239} INFO - Sync 1 DAGs
[2024-12-21T21:27:42.518+0000] {logging_mixin.py:190} INFO - [2024-12-21T21:27:42.517+0000] {dag.py:4180} INFO - Setting next_dagrun for example_branch_operator to 2024-12-20 00:00:00+00:00, run_after=2024-12-21 00:00:00+00:00
[2024-12-21T21:27:42.557+0000] {processor.py:208} INFO - Processing /home/airflow/.local/lib/python3.12/site-packages/airflow/example_dags/example_branch_operator.py took 0.212 seconds
[2024-12-21T21:28:14.157+0000] {processor.py:186} INFO - Started process (PID=1324) to work on /home/airflow/.local/lib/python3.12/site-packages/airflow/example_dags/example_branch_operator.py
[2024-12-21T21:28:14.159+0000] {processor.py:914} INFO - Processing file /home/airflow/.local/lib/python3.12/site-packages/airflow/example_dags/example_branch_operator.py for tasks to queue
[2024-12-21T21:28:14.163+0000] {logging_mixin.py:190} INFO - [2024-12-21T21:28:14.163+0000] {dagbag.py:588} INFO - Filling up the DagBag from /home/airflow/.local/lib/python3.12/site-packages/airflow/example_dags/example_branch_operator.py
[2024-12-21T21:28:14.204+0000] {processor.py:925} INFO - DAG(s) 'example_branch_operator' retrieved from /home/airflow/.local/lib/python3.12/site-packages/airflow/example_dags/example_branch_operator.py
[2024-12-21T21:28:14.271+0000] {logging_mixin.py:190} INFO - [2024-12-21T21:28:14.270+0000] {dag.py:3239} INFO - Sync 1 DAGs
[2024-12-21T21:28:14.329+0000] {logging_mixin.py:190} INFO - [2024-12-21T21:28:14.328+0000] {dag.py:4180} INFO - Setting next_dagrun for example_branch_operator to 2024-12-20 00:00:00+00:00, run_after=2024-12-21 00:00:00+00:00
[2024-12-21T21:28:14.371+0000] {processor.py:208} INFO - Processing /home/airflow/.local/lib/python3.12/site-packages/airflow/example_dags/example_branch_operator.py took 0.225 seconds
[2024-12-21T21:28:46.153+0000] {processor.py:186} INFO - Started process (PID=1622) to work on /home/airflow/.local/lib/python3.12/site-packages/airflow/example_dags/example_branch_operator.py
[2024-12-21T21:28:46.155+0000] {processor.py:914} INFO - Processing file /home/airflow/.local/lib/python3.12/site-packages/airflow/example_dags/example_branch_operator.py for tasks to queue
[2024-12-21T21:28:46.159+0000] {logging_mixin.py:190} INFO - [2024-12-21T21:28:46.158+0000] {dagbag.py:588} INFO - Filling up the DagBag from /home/airflow/.local/lib/python3.12/site-packages/airflow/example_dags/example_branch_operator.py
[2024-12-21T21:28:46.205+0000] {processor.py:925} INFO - DAG(s) 'example_branch_operator' retrieved from /home/airflow/.local/lib/python3.12/site-packages/airflow/example_dags/example_branch_operator.py
[2024-12-21T21:28:46.275+0000] {logging_mixin.py:190} INFO - [2024-12-21T21:28:46.275+0000] {dag.py:3239} INFO - Sync 1 DAGs
[2024-12-21T21:28:46.338+0000] {logging_mixin.py:190} INFO - [2024-12-21T21:28:46.337+0000] {dag.py:4180} INFO - Setting next_dagrun for example_branch_operator to 2024-12-20 00:00:00+00:00, run_after=2024-12-21 00:00:00+00:00
[2024-12-21T21:28:46.383+0000] {processor.py:208} INFO - Processing /home/airflow/.local/lib/python3.12/site-packages/airflow/example_dags/example_branch_operator.py took 0.242 seconds
[2024-12-21T21:29:17.643+0000] {processor.py:186} INFO - Started process (PID=1916) to work on /home/airflow/.local/lib/python3.12/site-packages/airflow/example_dags/example_branch_operator.py
[2024-12-21T21:29:17.645+0000] {processor.py:914} INFO - Processing file /home/airflow/.local/lib/python3.12/site-packages/airflow/example_dags/example_branch_operator.py for tasks to queue
[2024-12-21T21:29:17.649+0000] {logging_mixin.py:190} INFO - [2024-12-21T21:29:17.649+0000] {dagbag.py:588} INFO - Filling up the DagBag from /home/airflow/.local/lib/python3.12/site-packages/airflow/example_dags/example_branch_operator.py
[2024-12-21T21:29:17.696+0000] {processor.py:925} INFO - DAG(s) 'example_branch_operator' retrieved from /home/airflow/.local/lib/python3.12/site-packages/airflow/example_dags/example_branch_operator.py
[2024-12-21T21:29:17.780+0000] {logging_mixin.py:190} INFO - [2024-12-21T21:29:17.780+0000] {dag.py:3239} INFO - Sync 1 DAGs
[2024-12-21T21:29:17.843+0000] {logging_mixin.py:190} INFO - [2024-12-21T21:29:17.843+0000] {dag.py:4180} INFO - Setting next_dagrun for example_branch_operator to 2024-12-20 00:00:00+00:00, run_after=2024-12-21 00:00:00+00:00
[2024-12-21T21:29:17.886+0000] {processor.py:208} INFO - Processing /home/airflow/.local/lib/python3.12/site-packages/airflow/example_dags/example_branch_operator.py took 0.253 seconds
[2024-12-21T21:29:49.409+0000] {processor.py:186} INFO - Started process (PID=2213) to work on /home/airflow/.local/lib/python3.12/site-packages/airflow/example_dags/example_branch_operator.py
[2024-12-21T21:29:49.410+0000] {processor.py:914} INFO - Processing file /home/airflow/.local/lib/python3.12/site-packages/airflow/example_dags/example_branch_operator.py for tasks to queue
[2024-12-21T21:29:49.415+0000] {logging_mixin.py:190} INFO - [2024-12-21T21:29:49.415+0000] {dagbag.py:588} INFO - Filling up the DagBag from /home/airflow/.local/lib/python3.12/site-packages/airflow/example_dags/example_branch_operator.py
[2024-12-21T21:29:49.449+0000] {processor.py:925} INFO - DAG(s) 'example_branch_operator' retrieved from /home/airflow/.local/lib/python3.12/site-packages/airflow/example_dags/example_branch_operator.py
[2024-12-21T21:29:49.507+0000] {logging_mixin.py:190} INFO - [2024-12-21T21:29:49.507+0000] {dag.py:3239} INFO - Sync 1 DAGs
[2024-12-21T21:29:49.557+0000] {logging_mixin.py:190} INFO - [2024-12-21T21:29:49.556+0000] {dag.py:4180} INFO - Setting next_dagrun for example_branch_operator to 2024-12-20 00:00:00+00:00, run_after=2024-12-21 00:00:00+00:00
[2024-12-21T21:29:49.597+0000] {processor.py:208} INFO - Processing /home/airflow/.local/lib/python3.12/site-packages/airflow/example_dags/example_branch_operator.py took 0.199 seconds
[2024-12-21T21:30:21.010+0000] {processor.py:186} INFO - Started process (PID=2509) to work on /home/airflow/.local/lib/python3.12/site-packages/airflow/example_dags/example_branch_operator.py
[2024-12-21T21:30:21.012+0000] {processor.py:914} INFO - Processing file /home/airflow/.local/lib/python3.12/site-packages/airflow/example_dags/example_branch_operator.py for tasks to queue
[2024-12-21T21:30:21.016+0000] {logging_mixin.py:190} INFO - [2024-12-21T21:30:21.016+0000] {dagbag.py:588} INFO - Filling up the DagBag from /home/airflow/.local/lib/python3.12/site-packages/airflow/example_dags/example_branch_operator.py
[2024-12-21T21:30:21.054+0000] {processor.py:925} INFO - DAG(s) 'example_branch_operator' retrieved from /home/airflow/.local/lib/python3.12/site-packages/airflow/example_dags/example_branch_operator.py
[2024-12-21T21:30:21.122+0000] {logging_mixin.py:190} INFO - [2024-12-21T21:30:21.121+0000] {dag.py:3239} INFO - Sync 1 DAGs
[2024-12-21T21:30:21.175+0000] {logging_mixin.py:190} INFO - [2024-12-21T21:30:21.175+0000] {dag.py:4180} INFO - Setting next_dagrun for example_branch_operator to 2024-12-20 00:00:00+00:00, run_after=2024-12-21 00:00:00+00:00
[2024-12-21T21:30:21.218+0000] {processor.py:208} INFO - Processing /home/airflow/.local/lib/python3.12/site-packages/airflow/example_dags/example_branch_operator.py took 0.221 seconds
[2024-12-21T21:30:53.011+0000] {processor.py:186} INFO - Started process (PID=2805) to work on /home/airflow/.local/lib/python3.12/site-packages/airflow/example_dags/example_branch_operator.py
[2024-12-21T21:30:53.013+0000] {processor.py:914} INFO - Processing file /home/airflow/.local/lib/python3.12/site-packages/airflow/example_dags/example_branch_operator.py for tasks to queue
[2024-12-21T21:30:53.017+0000] {logging_mixin.py:190} INFO - [2024-12-21T21:30:53.016+0000] {dagbag.py:588} INFO - Filling up the DagBag from /home/airflow/.local/lib/python3.12/site-packages/airflow/example_dags/example_branch_operator.py
[2024-12-21T21:30:53.056+0000] {processor.py:925} INFO - DAG(s) 'example_branch_operator' retrieved from /home/airflow/.local/lib/python3.12/site-packages/airflow/example_dags/example_branch_operator.py
[2024-12-21T21:30:53.121+0000] {logging_mixin.py:190} INFO - [2024-12-21T21:30:53.121+0000] {dag.py:3239} INFO - Sync 1 DAGs
[2024-12-21T21:30:53.178+0000] {logging_mixin.py:190} INFO - [2024-12-21T21:30:53.178+0000] {dag.py:4180} INFO - Setting next_dagrun for example_branch_operator to 2024-12-20 00:00:00+00:00, run_after=2024-12-21 00:00:00+00:00
[2024-12-21T21:30:53.217+0000] {processor.py:208} INFO - Processing /home/airflow/.local/lib/python3.12/site-packages/airflow/example_dags/example_branch_operator.py took 0.216 seconds
[2024-12-21T21:31:24.661+0000] {processor.py:186} INFO - Started process (PID=3101) to work on /home/airflow/.local/lib/python3.12/site-packages/airflow/example_dags/example_branch_operator.py
[2024-12-21T21:31:24.663+0000] {processor.py:914} INFO - Processing file /home/airflow/.local/lib/python3.12/site-packages/airflow/example_dags/example_branch_operator.py for tasks to queue
[2024-12-21T21:31:24.667+0000] {logging_mixin.py:190} INFO - [2024-12-21T21:31:24.666+0000] {dagbag.py:588} INFO - Filling up the DagBag from /home/airflow/.local/lib/python3.12/site-packages/airflow/example_dags/example_branch_operator.py
[2024-12-21T21:31:24.700+0000] {processor.py:925} INFO - DAG(s) 'example_branch_operator' retrieved from /home/airflow/.local/lib/python3.12/site-packages/airflow/example_dags/example_branch_operator.py
[2024-12-21T21:31:24.769+0000] {logging_mixin.py:190} INFO - [2024-12-21T21:31:24.769+0000] {dag.py:3239} INFO - Sync 1 DAGs
[2024-12-21T21:31:24.822+0000] {logging_mixin.py:190} INFO - [2024-12-21T21:31:24.821+0000] {dag.py:4180} INFO - Setting next_dagrun for example_branch_operator to 2024-12-20 00:00:00+00:00, run_after=2024-12-21 00:00:00+00:00
[2024-12-21T21:31:24.859+0000] {processor.py:208} INFO - Processing /home/airflow/.local/lib/python3.12/site-packages/airflow/example_dags/example_branch_operator.py took 0.209 seconds
[2024-12-21T21:31:57.140+0000] {processor.py:186} INFO - Started process (PID=3398) to work on /home/airflow/.local/lib/python3.12/site-packages/airflow/example_dags/example_branch_operator.py
[2024-12-21T21:31:57.142+0000] {processor.py:914} INFO - Processing file /home/airflow/.local/lib/python3.12/site-packages/airflow/example_dags/example_branch_operator.py for tasks to queue
[2024-12-21T21:31:57.147+0000] {logging_mixin.py:190} INFO - [2024-12-21T21:31:57.146+0000] {dagbag.py:588} INFO - Filling up the DagBag from /home/airflow/.local/lib/python3.12/site-packages/airflow/example_dags/example_branch_operator.py
[2024-12-21T21:31:57.185+0000] {processor.py:925} INFO - DAG(s) 'example_branch_operator' retrieved from /home/airflow/.local/lib/python3.12/site-packages/airflow/example_dags/example_branch_operator.py
[2024-12-21T21:31:57.254+0000] {logging_mixin.py:190} INFO - [2024-12-21T21:31:57.253+0000] {dag.py:3239} INFO - Sync 1 DAGs
[2024-12-21T21:31:57.318+0000] {logging_mixin.py:190} INFO - [2024-12-21T21:31:57.317+0000] {dag.py:4180} INFO - Setting next_dagrun for example_branch_operator to 2024-12-20 00:00:00+00:00, run_after=2024-12-21 00:00:00+00:00
[2024-12-21T21:31:57.360+0000] {processor.py:208} INFO - Processing /home/airflow/.local/lib/python3.12/site-packages/airflow/example_dags/example_branch_operator.py took 0.231 seconds
[2024-12-21T21:32:29.482+0000] {processor.py:186} INFO - Started process (PID=3696) to work on /home/airflow/.local/lib/python3.12/site-packages/airflow/example_dags/example_branch_operator.py
[2024-12-21T21:32:29.484+0000] {processor.py:914} INFO - Processing file /home/airflow/.local/lib/python3.12/site-packages/airflow/example_dags/example_branch_operator.py for tasks to queue
[2024-12-21T21:32:29.489+0000] {logging_mixin.py:190} INFO - [2024-12-21T21:32:29.488+0000] {dagbag.py:588} INFO - Filling up the DagBag from /home/airflow/.local/lib/python3.12/site-packages/airflow/example_dags/example_branch_operator.py
[2024-12-21T21:32:29.523+0000] {processor.py:925} INFO - DAG(s) 'example_branch_operator' retrieved from /home/airflow/.local/lib/python3.12/site-packages/airflow/example_dags/example_branch_operator.py
[2024-12-21T21:32:29.598+0000] {logging_mixin.py:190} INFO - [2024-12-21T21:32:29.597+0000] {dag.py:3239} INFO - Sync 1 DAGs
[2024-12-21T21:32:29.658+0000] {logging_mixin.py:190} INFO - [2024-12-21T21:32:29.658+0000] {dag.py:4180} INFO - Setting next_dagrun for example_branch_operator to 2024-12-20 00:00:00+00:00, run_after=2024-12-21 00:00:00+00:00
[2024-12-21T21:32:29.703+0000] {processor.py:208} INFO - Processing /home/airflow/.local/lib/python3.12/site-packages/airflow/example_dags/example_branch_operator.py took 0.231 seconds
[2024-12-21T21:33:00.738+0000] {processor.py:186} INFO - Started process (PID=3998) to work on /home/airflow/.local/lib/python3.12/site-packages/airflow/example_dags/example_branch_operator.py
[2024-12-21T21:33:00.740+0000] {processor.py:914} INFO - Processing file /home/airflow/.local/lib/python3.12/site-packages/airflow/example_dags/example_branch_operator.py for tasks to queue
[2024-12-21T21:33:00.744+0000] {logging_mixin.py:190} INFO - [2024-12-21T21:33:00.744+0000] {dagbag.py:588} INFO - Filling up the DagBag from /home/airflow/.local/lib/python3.12/site-packages/airflow/example_dags/example_branch_operator.py
[2024-12-21T21:33:00.781+0000] {processor.py:925} INFO - DAG(s) 'example_branch_operator' retrieved from /home/airflow/.local/lib/python3.12/site-packages/airflow/example_dags/example_branch_operator.py
[2024-12-21T21:33:00.862+0000] {logging_mixin.py:190} INFO - [2024-12-21T21:33:00.861+0000] {dag.py:3239} INFO - Sync 1 DAGs
[2024-12-21T21:33:00.915+0000] {logging_mixin.py:190} INFO - [2024-12-21T21:33:00.915+0000] {dag.py:4180} INFO - Setting next_dagrun for example_branch_operator to 2024-12-20 00:00:00+00:00, run_after=2024-12-21 00:00:00+00:00
[2024-12-21T21:33:00.979+0000] {processor.py:208} INFO - Processing /home/airflow/.local/lib/python3.12/site-packages/airflow/example_dags/example_branch_operator.py took 0.252 seconds
[2024-12-21T21:33:32.621+0000] {processor.py:186} INFO - Started process (PID=4292) to work on /home/airflow/.local/lib/python3.12/site-packages/airflow/example_dags/example_branch_operator.py
[2024-12-21T21:33:32.623+0000] {processor.py:914} INFO - Processing file /home/airflow/.local/lib/python3.12/site-packages/airflow/example_dags/example_branch_operator.py for tasks to queue
[2024-12-21T21:33:32.628+0000] {logging_mixin.py:190} INFO - [2024-12-21T21:33:32.627+0000] {dagbag.py:588} INFO - Filling up the DagBag from /home/airflow/.local/lib/python3.12/site-packages/airflow/example_dags/example_branch_operator.py
[2024-12-21T21:33:32.667+0000] {processor.py:925} INFO - DAG(s) 'example_branch_operator' retrieved from /home/airflow/.local/lib/python3.12/site-packages/airflow/example_dags/example_branch_operator.py
[2024-12-21T21:33:32.737+0000] {logging_mixin.py:190} INFO - [2024-12-21T21:33:32.737+0000] {dag.py:3239} INFO - Sync 1 DAGs
[2024-12-21T21:33:32.804+0000] {logging_mixin.py:190} INFO - [2024-12-21T21:33:32.803+0000] {dag.py:4180} INFO - Setting next_dagrun for example_branch_operator to 2024-12-20 00:00:00+00:00, run_after=2024-12-21 00:00:00+00:00
[2024-12-21T21:33:32.848+0000] {processor.py:208} INFO - Processing /home/airflow/.local/lib/python3.12/site-packages/airflow/example_dags/example_branch_operator.py took 0.240 seconds
[2024-12-21T21:34:04.504+0000] {processor.py:186} INFO - Started process (PID=4590) to work on /home/airflow/.local/lib/python3.12/site-packages/airflow/example_dags/example_branch_operator.py
[2024-12-21T21:34:04.506+0000] {processor.py:914} INFO - Processing file /home/airflow/.local/lib/python3.12/site-packages/airflow/example_dags/example_branch_operator.py for tasks to queue
[2024-12-21T21:34:04.510+0000] {logging_mixin.py:190} INFO - [2024-12-21T21:34:04.510+0000] {dagbag.py:588} INFO - Filling up the DagBag from /home/airflow/.local/lib/python3.12/site-packages/airflow/example_dags/example_branch_operator.py
[2024-12-21T21:34:04.550+0000] {processor.py:925} INFO - DAG(s) 'example_branch_operator' retrieved from /home/airflow/.local/lib/python3.12/site-packages/airflow/example_dags/example_branch_operator.py
[2024-12-21T21:34:04.610+0000] {logging_mixin.py:190} INFO - [2024-12-21T21:34:04.609+0000] {dag.py:3239} INFO - Sync 1 DAGs
[2024-12-21T21:34:04.657+0000] {logging_mixin.py:190} INFO - [2024-12-21T21:34:04.657+0000] {dag.py:4180} INFO - Setting next_dagrun for example_branch_operator to 2024-12-20 00:00:00+00:00, run_after=2024-12-21 00:00:00+00:00
[2024-12-21T21:34:04.695+0000] {processor.py:208} INFO - Processing /home/airflow/.local/lib/python3.12/site-packages/airflow/example_dags/example_branch_operator.py took 0.202 seconds
[2024-12-21T21:34:35.914+0000] {processor.py:186} INFO - Started process (PID=4885) to work on /home/airflow/.local/lib/python3.12/site-packages/airflow/example_dags/example_branch_operator.py
[2024-12-21T21:34:35.916+0000] {processor.py:914} INFO - Processing file /home/airflow/.local/lib/python3.12/site-packages/airflow/example_dags/example_branch_operator.py for tasks to queue
[2024-12-21T21:34:35.923+0000] {logging_mixin.py:190} INFO - [2024-12-21T21:34:35.922+0000] {dagbag.py:588} INFO - Filling up the DagBag from /home/airflow/.local/lib/python3.12/site-packages/airflow/example_dags/example_branch_operator.py
[2024-12-21T21:34:35.975+0000] {processor.py:925} INFO - DAG(s) 'example_branch_operator' retrieved from /home/airflow/.local/lib/python3.12/site-packages/airflow/example_dags/example_branch_operator.py
[2024-12-21T21:34:36.052+0000] {logging_mixin.py:190} INFO - [2024-12-21T21:34:36.051+0000] {dag.py:3239} INFO - Sync 1 DAGs
[2024-12-21T21:34:36.108+0000] {logging_mixin.py:190} INFO - [2024-12-21T21:34:36.107+0000] {dag.py:4180} INFO - Setting next_dagrun for example_branch_operator to 2024-12-20 00:00:00+00:00, run_after=2024-12-21 00:00:00+00:00
[2024-12-21T21:34:36.161+0000] {processor.py:208} INFO - Processing /home/airflow/.local/lib/python3.12/site-packages/airflow/example_dags/example_branch_operator.py took 0.263 seconds
[2024-12-21T21:35:07.469+0000] {processor.py:186} INFO - Started process (PID=5183) to work on /home/airflow/.local/lib/python3.12/site-packages/airflow/example_dags/example_branch_operator.py
[2024-12-21T21:35:07.471+0000] {processor.py:914} INFO - Processing file /home/airflow/.local/lib/python3.12/site-packages/airflow/example_dags/example_branch_operator.py for tasks to queue
[2024-12-21T21:35:07.475+0000] {logging_mixin.py:190} INFO - [2024-12-21T21:35:07.475+0000] {dagbag.py:588} INFO - Filling up the DagBag from /home/airflow/.local/lib/python3.12/site-packages/airflow/example_dags/example_branch_operator.py
[2024-12-21T21:35:07.508+0000] {processor.py:925} INFO - DAG(s) 'example_branch_operator' retrieved from /home/airflow/.local/lib/python3.12/site-packages/airflow/example_dags/example_branch_operator.py
[2024-12-21T21:35:07.582+0000] {logging_mixin.py:190} INFO - [2024-12-21T21:35:07.581+0000] {dag.py:3239} INFO - Sync 1 DAGs
[2024-12-21T21:35:07.636+0000] {logging_mixin.py:190} INFO - [2024-12-21T21:35:07.635+0000] {dag.py:4180} INFO - Setting next_dagrun for example_branch_operator to 2024-12-20 00:00:00+00:00, run_after=2024-12-21 00:00:00+00:00
[2024-12-21T21:35:07.703+0000] {processor.py:208} INFO - Processing /home/airflow/.local/lib/python3.12/site-packages/airflow/example_dags/example_branch_operator.py took 0.245 seconds
[2024-12-21T21:35:39.073+0000] {processor.py:186} INFO - Started process (PID=5477) to work on /home/airflow/.local/lib/python3.12/site-packages/airflow/example_dags/example_branch_operator.py
[2024-12-21T21:35:39.075+0000] {processor.py:914} INFO - Processing file /home/airflow/.local/lib/python3.12/site-packages/airflow/example_dags/example_branch_operator.py for tasks to queue
[2024-12-21T21:35:39.079+0000] {logging_mixin.py:190} INFO - [2024-12-21T21:35:39.079+0000] {dagbag.py:588} INFO - Filling up the DagBag from /home/airflow/.local/lib/python3.12/site-packages/airflow/example_dags/example_branch_operator.py
[2024-12-21T21:35:39.114+0000] {processor.py:925} INFO - DAG(s) 'example_branch_operator' retrieved from /home/airflow/.local/lib/python3.12/site-packages/airflow/example_dags/example_branch_operator.py
[2024-12-21T21:35:39.182+0000] {logging_mixin.py:190} INFO - [2024-12-21T21:35:39.182+0000] {dag.py:3239} INFO - Sync 1 DAGs
[2024-12-21T21:35:39.239+0000] {logging_mixin.py:190} INFO - [2024-12-21T21:35:39.238+0000] {dag.py:4180} INFO - Setting next_dagrun for example_branch_operator to 2024-12-20 00:00:00+00:00, run_after=2024-12-21 00:00:00+00:00
[2024-12-21T21:35:39.280+0000] {processor.py:208} INFO - Processing /home/airflow/.local/lib/python3.12/site-packages/airflow/example_dags/example_branch_operator.py took 0.218 seconds
[2024-12-21T21:36:09.691+0000] {processor.py:186} INFO - Started process (PID=5768) to work on /home/airflow/.local/lib/python3.12/site-packages/airflow/example_dags/example_branch_operator.py
[2024-12-21T21:36:09.693+0000] {processor.py:914} INFO - Processing file /home/airflow/.local/lib/python3.12/site-packages/airflow/example_dags/example_branch_operator.py for tasks to queue
[2024-12-21T21:36:09.698+0000] {logging_mixin.py:190} INFO - [2024-12-21T21:36:09.697+0000] {dagbag.py:588} INFO - Filling up the DagBag from /home/airflow/.local/lib/python3.12/site-packages/airflow/example_dags/example_branch_operator.py
[2024-12-21T21:36:09.731+0000] {processor.py:925} INFO - DAG(s) 'example_branch_operator' retrieved from /home/airflow/.local/lib/python3.12/site-packages/airflow/example_dags/example_branch_operator.py
[2024-12-21T21:36:09.790+0000] {logging_mixin.py:190} INFO - [2024-12-21T21:36:09.789+0000] {dag.py:3239} INFO - Sync 1 DAGs
[2024-12-21T21:36:09.846+0000] {logging_mixin.py:190} INFO - [2024-12-21T21:36:09.845+0000] {dag.py:4180} INFO - Setting next_dagrun for example_branch_operator to 2024-12-20 00:00:00+00:00, run_after=2024-12-21 00:00:00+00:00
[2024-12-21T21:36:09.908+0000] {processor.py:208} INFO - Processing /home/airflow/.local/lib/python3.12/site-packages/airflow/example_dags/example_branch_operator.py took 0.228 seconds
[2024-12-21T21:36:40.148+0000] {processor.py:186} INFO - Started process (PID=6059) to work on /home/airflow/.local/lib/python3.12/site-packages/airflow/example_dags/example_branch_operator.py
[2024-12-21T21:36:40.150+0000] {processor.py:914} INFO - Processing file /home/airflow/.local/lib/python3.12/site-packages/airflow/example_dags/example_branch_operator.py for tasks to queue
[2024-12-21T21:36:40.154+0000] {logging_mixin.py:190} INFO - [2024-12-21T21:36:40.154+0000] {dagbag.py:588} INFO - Filling up the DagBag from /home/airflow/.local/lib/python3.12/site-packages/airflow/example_dags/example_branch_operator.py
[2024-12-21T21:36:40.193+0000] {processor.py:925} INFO - DAG(s) 'example_branch_operator' retrieved from /home/airflow/.local/lib/python3.12/site-packages/airflow/example_dags/example_branch_operator.py
[2024-12-21T21:36:40.251+0000] {logging_mixin.py:190} INFO - [2024-12-21T21:36:40.251+0000] {dag.py:3239} INFO - Sync 1 DAGs
[2024-12-21T21:36:40.305+0000] {logging_mixin.py:190} INFO - [2024-12-21T21:36:40.304+0000] {dag.py:4180} INFO - Setting next_dagrun for example_branch_operator to 2024-12-20 00:00:00+00:00, run_after=2024-12-21 00:00:00+00:00
[2024-12-21T21:36:40.345+0000] {processor.py:208} INFO - Processing /home/airflow/.local/lib/python3.12/site-packages/airflow/example_dags/example_branch_operator.py took 0.207 seconds
[2024-12-21T21:37:10.489+0000] {processor.py:186} INFO - Started process (PID=6350) to work on /home/airflow/.local/lib/python3.12/site-packages/airflow/example_dags/example_branch_operator.py
[2024-12-21T21:37:10.490+0000] {processor.py:914} INFO - Processing file /home/airflow/.local/lib/python3.12/site-packages/airflow/example_dags/example_branch_operator.py for tasks to queue
[2024-12-21T21:37:10.494+0000] {logging_mixin.py:190} INFO - [2024-12-21T21:37:10.493+0000] {dagbag.py:588} INFO - Filling up the DagBag from /home/airflow/.local/lib/python3.12/site-packages/airflow/example_dags/example_branch_operator.py
[2024-12-21T21:37:10.529+0000] {processor.py:925} INFO - DAG(s) 'example_branch_operator' retrieved from /home/airflow/.local/lib/python3.12/site-packages/airflow/example_dags/example_branch_operator.py
[2024-12-21T21:37:10.586+0000] {logging_mixin.py:190} INFO - [2024-12-21T21:37:10.586+0000] {dag.py:3239} INFO - Sync 1 DAGs
[2024-12-21T21:37:10.638+0000] {logging_mixin.py:190} INFO - [2024-12-21T21:37:10.637+0000] {dag.py:4180} INFO - Setting next_dagrun for example_branch_operator to 2024-12-20 00:00:00+00:00, run_after=2024-12-21 00:00:00+00:00
[2024-12-21T21:37:10.702+0000] {processor.py:208} INFO - Processing /home/airflow/.local/lib/python3.12/site-packages/airflow/example_dags/example_branch_operator.py took 0.224 seconds
[2024-12-21T21:37:40.985+0000] {processor.py:186} INFO - Started process (PID=6646) to work on /home/airflow/.local/lib/python3.12/site-packages/airflow/example_dags/example_branch_operator.py
[2024-12-21T21:37:40.987+0000] {processor.py:914} INFO - Processing file /home/airflow/.local/lib/python3.12/site-packages/airflow/example_dags/example_branch_operator.py for tasks to queue
[2024-12-21T21:37:40.991+0000] {logging_mixin.py:190} INFO - [2024-12-21T21:37:40.991+0000] {dagbag.py:588} INFO - Filling up the DagBag from /home/airflow/.local/lib/python3.12/site-packages/airflow/example_dags/example_branch_operator.py
[2024-12-21T21:37:41.023+0000] {processor.py:925} INFO - DAG(s) 'example_branch_operator' retrieved from /home/airflow/.local/lib/python3.12/site-packages/airflow/example_dags/example_branch_operator.py
[2024-12-21T21:37:41.084+0000] {logging_mixin.py:190} INFO - [2024-12-21T21:37:41.084+0000] {dag.py:3239} INFO - Sync 1 DAGs
[2024-12-21T21:37:41.133+0000] {logging_mixin.py:190} INFO - [2024-12-21T21:37:41.133+0000] {dag.py:4180} INFO - Setting next_dagrun for example_branch_operator to 2024-12-20 00:00:00+00:00, run_after=2024-12-21 00:00:00+00:00
[2024-12-21T21:37:41.173+0000] {processor.py:208} INFO - Processing /home/airflow/.local/lib/python3.12/site-packages/airflow/example_dags/example_branch_operator.py took 0.200 seconds
[2024-12-21T21:38:11.728+0000] {processor.py:186} INFO - Started process (PID=6944) to work on /home/airflow/.local/lib/python3.12/site-packages/airflow/example_dags/example_branch_operator.py
[2024-12-21T21:38:11.732+0000] {processor.py:914} INFO - Processing file /home/airflow/.local/lib/python3.12/site-packages/airflow/example_dags/example_branch_operator.py for tasks to queue
[2024-12-21T21:38:11.739+0000] {logging_mixin.py:190} INFO - [2024-12-21T21:38:11.738+0000] {dagbag.py:588} INFO - Filling up the DagBag from /home/airflow/.local/lib/python3.12/site-packages/airflow/example_dags/example_branch_operator.py
[2024-12-21T21:38:11.780+0000] {processor.py:925} INFO - DAG(s) 'example_branch_operator' retrieved from /home/airflow/.local/lib/python3.12/site-packages/airflow/example_dags/example_branch_operator.py
[2024-12-21T21:38:11.841+0000] {logging_mixin.py:190} INFO - [2024-12-21T21:38:11.840+0000] {dag.py:3239} INFO - Sync 1 DAGs
[2024-12-21T21:38:11.891+0000] {logging_mixin.py:190} INFO - [2024-12-21T21:38:11.891+0000] {dag.py:4180} INFO - Setting next_dagrun for example_branch_operator to 2024-12-20 00:00:00+00:00, run_after=2024-12-21 00:00:00+00:00
[2024-12-21T21:38:11.933+0000] {processor.py:208} INFO - Processing /home/airflow/.local/lib/python3.12/site-packages/airflow/example_dags/example_branch_operator.py took 0.219 seconds
[2024-12-21T21:38:42.942+0000] {processor.py:186} INFO - Started process (PID=7238) to work on /home/airflow/.local/lib/python3.12/site-packages/airflow/example_dags/example_branch_operator.py
[2024-12-21T21:38:42.945+0000] {processor.py:914} INFO - Processing file /home/airflow/.local/lib/python3.12/site-packages/airflow/example_dags/example_branch_operator.py for tasks to queue
[2024-12-21T21:38:42.952+0000] {logging_mixin.py:190} INFO - [2024-12-21T21:38:42.951+0000] {dagbag.py:588} INFO - Filling up the DagBag from /home/airflow/.local/lib/python3.12/site-packages/airflow/example_dags/example_branch_operator.py
[2024-12-21T21:38:43.017+0000] {processor.py:925} INFO - DAG(s) 'example_branch_operator' retrieved from /home/airflow/.local/lib/python3.12/site-packages/airflow/example_dags/example_branch_operator.py
[2024-12-21T21:38:43.119+0000] {logging_mixin.py:190} INFO - [2024-12-21T21:38:43.118+0000] {dag.py:3239} INFO - Sync 1 DAGs
[2024-12-21T21:38:43.204+0000] {logging_mixin.py:190} INFO - [2024-12-21T21:38:43.203+0000] {dag.py:4180} INFO - Setting next_dagrun for example_branch_operator to 2024-12-20 00:00:00+00:00, run_after=2024-12-21 00:00:00+00:00
[2024-12-21T21:38:43.287+0000] {processor.py:208} INFO - Processing /home/airflow/.local/lib/python3.12/site-packages/airflow/example_dags/example_branch_operator.py took 0.363 seconds
[2024-12-21T21:39:13.622+0000] {processor.py:186} INFO - Started process (PID=7529) to work on /home/airflow/.local/lib/python3.12/site-packages/airflow/example_dags/example_branch_operator.py
[2024-12-21T21:39:13.624+0000] {processor.py:914} INFO - Processing file /home/airflow/.local/lib/python3.12/site-packages/airflow/example_dags/example_branch_operator.py for tasks to queue
[2024-12-21T21:39:13.628+0000] {logging_mixin.py:190} INFO - [2024-12-21T21:39:13.627+0000] {dagbag.py:588} INFO - Filling up the DagBag from /home/airflow/.local/lib/python3.12/site-packages/airflow/example_dags/example_branch_operator.py
[2024-12-21T21:39:13.681+0000] {processor.py:925} INFO - DAG(s) 'example_branch_operator' retrieved from /home/airflow/.local/lib/python3.12/site-packages/airflow/example_dags/example_branch_operator.py
[2024-12-21T21:39:13.769+0000] {logging_mixin.py:190} INFO - [2024-12-21T21:39:13.768+0000] {dag.py:3239} INFO - Sync 1 DAGs
[2024-12-21T21:39:13.833+0000] {logging_mixin.py:190} INFO - [2024-12-21T21:39:13.832+0000] {dag.py:4180} INFO - Setting next_dagrun for example_branch_operator to 2024-12-20 00:00:00+00:00, run_after=2024-12-21 00:00:00+00:00
[2024-12-21T21:39:13.881+0000] {processor.py:208} INFO - Processing /home/airflow/.local/lib/python3.12/site-packages/airflow/example_dags/example_branch_operator.py took 0.272 seconds
[2024-12-21T21:39:44.066+0000] {processor.py:186} INFO - Started process (PID=7825) to work on /home/airflow/.local/lib/python3.12/site-packages/airflow/example_dags/example_branch_operator.py
[2024-12-21T21:39:44.069+0000] {processor.py:914} INFO - Processing file /home/airflow/.local/lib/python3.12/site-packages/airflow/example_dags/example_branch_operator.py for tasks to queue
[2024-12-21T21:39:44.075+0000] {logging_mixin.py:190} INFO - [2024-12-21T21:39:44.074+0000] {dagbag.py:588} INFO - Filling up the DagBag from /home/airflow/.local/lib/python3.12/site-packages/airflow/example_dags/example_branch_operator.py
[2024-12-21T21:39:44.138+0000] {processor.py:925} INFO - DAG(s) 'example_branch_operator' retrieved from /home/airflow/.local/lib/python3.12/site-packages/airflow/example_dags/example_branch_operator.py
[2024-12-21T21:39:44.235+0000] {logging_mixin.py:190} INFO - [2024-12-21T21:39:44.234+0000] {dag.py:3239} INFO - Sync 1 DAGs
[2024-12-21T21:39:44.319+0000] {logging_mixin.py:190} INFO - [2024-12-21T21:39:44.318+0000] {dag.py:4180} INFO - Setting next_dagrun for example_branch_operator to 2024-12-20 00:00:00+00:00, run_after=2024-12-21 00:00:00+00:00
[2024-12-21T21:39:44.371+0000] {processor.py:208} INFO - Processing /home/airflow/.local/lib/python3.12/site-packages/airflow/example_dags/example_branch_operator.py took 0.324 seconds
[2024-12-21T21:40:14.605+0000] {processor.py:186} INFO - Started process (PID=8121) to work on /home/airflow/.local/lib/python3.12/site-packages/airflow/example_dags/example_branch_operator.py
[2024-12-21T21:40:14.608+0000] {processor.py:914} INFO - Processing file /home/airflow/.local/lib/python3.12/site-packages/airflow/example_dags/example_branch_operator.py for tasks to queue
[2024-12-21T21:40:14.613+0000] {logging_mixin.py:190} INFO - [2024-12-21T21:40:14.612+0000] {dagbag.py:588} INFO - Filling up the DagBag from /home/airflow/.local/lib/python3.12/site-packages/airflow/example_dags/example_branch_operator.py
[2024-12-21T21:40:14.670+0000] {processor.py:925} INFO - DAG(s) 'example_branch_operator' retrieved from /home/airflow/.local/lib/python3.12/site-packages/airflow/example_dags/example_branch_operator.py
[2024-12-21T21:40:14.757+0000] {logging_mixin.py:190} INFO - [2024-12-21T21:40:14.756+0000] {dag.py:3239} INFO - Sync 1 DAGs
[2024-12-21T21:40:14.843+0000] {logging_mixin.py:190} INFO - [2024-12-21T21:40:14.842+0000] {dag.py:4180} INFO - Setting next_dagrun for example_branch_operator to 2024-12-20 00:00:00+00:00, run_after=2024-12-21 00:00:00+00:00
[2024-12-21T21:40:14.901+0000] {processor.py:208} INFO - Processing /home/airflow/.local/lib/python3.12/site-packages/airflow/example_dags/example_branch_operator.py took 0.317 seconds
