[2024-12-21T21:11:27.192+0000] {processor.py:186} INFO - Started process (PID=423) to work on /home/airflow/.local/lib/python3.12/site-packages/airflow/example_dags/example_external_task_marker_dag.py
[2024-12-21T21:11:27.194+0000] {processor.py:914} INFO - Processing file /home/airflow/.local/lib/python3.12/site-packages/airflow/example_dags/example_external_task_marker_dag.py for tasks to queue
[2024-12-21T21:11:27.199+0000] {logging_mixin.py:190} INFO - [2024-12-21T21:11:27.198+0000] {dagbag.py:588} INFO - Filling up the DagBag from /home/airflow/.local/lib/python3.12/site-packages/airflow/example_dags/example_external_task_marker_dag.py
[2024-12-21T21:11:27.219+0000] {processor.py:925} INFO - DAG(s) 'example_external_task_marker_parent', 'example_external_task_marker_child' retrieved from /home/airflow/.local/lib/python3.12/site-packages/airflow/example_dags/example_external_task_marker_dag.py
[2024-12-21T21:11:27.453+0000] {logging_mixin.py:190} INFO - [2024-12-21T21:11:27.452+0000] {override.py:1911} INFO - Created Permission View: can delete on DAG:example_external_task_marker_parent
[2024-12-21T21:11:27.473+0000] {logging_mixin.py:190} INFO - [2024-12-21T21:11:27.472+0000] {override.py:1911} INFO - Created Permission View: can edit on DAG:example_external_task_marker_parent
[2024-12-21T21:11:27.487+0000] {logging_mixin.py:190} INFO - [2024-12-21T21:11:27.486+0000] {override.py:1911} INFO - Created Permission View: can read on DAG:example_external_task_marker_parent
[2024-12-21T21:11:27.503+0000] {logging_mixin.py:190} INFO - [2024-12-21T21:11:27.502+0000] {override.py:1911} INFO - Created Permission View: can delete on DAG Run:example_external_task_marker_parent
[2024-12-21T21:11:27.517+0000] {logging_mixin.py:190} INFO - [2024-12-21T21:11:27.516+0000] {override.py:1911} INFO - Created Permission View: can read on DAG Run:example_external_task_marker_parent
[2024-12-21T21:11:27.533+0000] {logging_mixin.py:190} INFO - [2024-12-21T21:11:27.532+0000] {override.py:1911} INFO - Created Permission View: can create on DAG Run:example_external_task_marker_parent
[2024-12-21T21:11:27.546+0000] {logging_mixin.py:190} INFO - [2024-12-21T21:11:27.546+0000] {override.py:1911} INFO - Created Permission View: menu access on DAG Run:example_external_task_marker_parent
[2024-12-21T21:11:27.576+0000] {logging_mixin.py:190} INFO - [2024-12-21T21:11:27.576+0000] {override.py:1911} INFO - Created Permission View: can delete on DAG:example_external_task_marker_child
[2024-12-21T21:11:27.592+0000] {logging_mixin.py:190} INFO - [2024-12-21T21:11:27.591+0000] {override.py:1911} INFO - Created Permission View: can edit on DAG:example_external_task_marker_child
[2024-12-21T21:11:27.605+0000] {logging_mixin.py:190} INFO - [2024-12-21T21:11:27.605+0000] {override.py:1911} INFO - Created Permission View: can read on DAG:example_external_task_marker_child
[2024-12-21T21:11:27.622+0000] {logging_mixin.py:190} INFO - [2024-12-21T21:11:27.621+0000] {override.py:1911} INFO - Created Permission View: can delete on DAG Run:example_external_task_marker_child
[2024-12-21T21:11:27.636+0000] {logging_mixin.py:190} INFO - [2024-12-21T21:11:27.636+0000] {override.py:1911} INFO - Created Permission View: can read on DAG Run:example_external_task_marker_child
[2024-12-21T21:11:27.651+0000] {logging_mixin.py:190} INFO - [2024-12-21T21:11:27.651+0000] {override.py:1911} INFO - Created Permission View: can create on DAG Run:example_external_task_marker_child
[2024-12-21T21:11:27.667+0000] {logging_mixin.py:190} INFO - [2024-12-21T21:11:27.666+0000] {override.py:1911} INFO - Created Permission View: menu access on DAG Run:example_external_task_marker_child
[2024-12-21T21:11:27.668+0000] {logging_mixin.py:190} INFO - [2024-12-21T21:11:27.668+0000] {dag.py:3239} INFO - Sync 2 DAGs
[2024-12-21T21:11:27.701+0000] {logging_mixin.py:190} INFO - [2024-12-21T21:11:27.700+0000] {dag.py:3262} INFO - Creating ORM DAG for example_external_task_marker_parent
[2024-12-21T21:11:27.703+0000] {logging_mixin.py:190} INFO - [2024-12-21T21:11:27.702+0000] {dag.py:3262} INFO - Creating ORM DAG for example_external_task_marker_child
[2024-12-21T21:11:27.705+0000] {logging_mixin.py:190} INFO - [2024-12-21T21:11:27.705+0000] {dag.py:4180} INFO - Setting next_dagrun for example_external_task_marker_child to None, run_after=None
[2024-12-21T21:11:27.708+0000] {logging_mixin.py:190} INFO - [2024-12-21T21:11:27.708+0000] {dag.py:4180} INFO - Setting next_dagrun for example_external_task_marker_parent to None, run_after=None
[2024-12-21T21:11:27.744+0000] {processor.py:208} INFO - Processing /home/airflow/.local/lib/python3.12/site-packages/airflow/example_dags/example_external_task_marker_dag.py took 0.564 seconds
[2024-12-21T21:11:57.904+0000] {processor.py:186} INFO - Started process (PID=721) to work on /home/airflow/.local/lib/python3.12/site-packages/airflow/example_dags/example_external_task_marker_dag.py
[2024-12-21T21:11:57.907+0000] {processor.py:914} INFO - Processing file /home/airflow/.local/lib/python3.12/site-packages/airflow/example_dags/example_external_task_marker_dag.py for tasks to queue
[2024-12-21T21:11:57.913+0000] {logging_mixin.py:190} INFO - [2024-12-21T21:11:57.912+0000] {dagbag.py:588} INFO - Filling up the DagBag from /home/airflow/.local/lib/python3.12/site-packages/airflow/example_dags/example_external_task_marker_dag.py
[2024-12-21T21:11:57.929+0000] {processor.py:925} INFO - DAG(s) 'example_external_task_marker_child', 'example_external_task_marker_parent' retrieved from /home/airflow/.local/lib/python3.12/site-packages/airflow/example_dags/example_external_task_marker_dag.py
[2024-12-21T21:11:57.980+0000] {logging_mixin.py:190} INFO - [2024-12-21T21:11:57.980+0000] {dag.py:3239} INFO - Sync 2 DAGs
[2024-12-21T21:11:58.015+0000] {logging_mixin.py:190} INFO - [2024-12-21T21:11:58.015+0000] {dag.py:4180} INFO - Setting next_dagrun for example_external_task_marker_child to None, run_after=None
[2024-12-21T21:11:58.025+0000] {logging_mixin.py:190} INFO - [2024-12-21T21:11:58.024+0000] {dag.py:4180} INFO - Setting next_dagrun for example_external_task_marker_parent to None, run_after=None
[2024-12-21T21:11:58.061+0000] {processor.py:208} INFO - Processing /home/airflow/.local/lib/python3.12/site-packages/airflow/example_dags/example_external_task_marker_dag.py took 0.173 seconds
[2024-12-21T21:12:30.266+0000] {processor.py:186} INFO - Started process (PID=1017) to work on /home/airflow/.local/lib/python3.12/site-packages/airflow/example_dags/example_external_task_marker_dag.py
[2024-12-21T21:12:30.268+0000] {processor.py:914} INFO - Processing file /home/airflow/.local/lib/python3.12/site-packages/airflow/example_dags/example_external_task_marker_dag.py for tasks to queue
[2024-12-21T21:12:30.273+0000] {logging_mixin.py:190} INFO - [2024-12-21T21:12:30.272+0000] {dagbag.py:588} INFO - Filling up the DagBag from /home/airflow/.local/lib/python3.12/site-packages/airflow/example_dags/example_external_task_marker_dag.py
[2024-12-21T21:12:30.287+0000] {processor.py:925} INFO - DAG(s) 'example_external_task_marker_child', 'example_external_task_marker_parent' retrieved from /home/airflow/.local/lib/python3.12/site-packages/airflow/example_dags/example_external_task_marker_dag.py
[2024-12-21T21:12:30.336+0000] {logging_mixin.py:190} INFO - [2024-12-21T21:12:30.335+0000] {dag.py:3239} INFO - Sync 2 DAGs
[2024-12-21T21:12:30.366+0000] {logging_mixin.py:190} INFO - [2024-12-21T21:12:30.365+0000] {dag.py:4180} INFO - Setting next_dagrun for example_external_task_marker_child to None, run_after=None
[2024-12-21T21:12:30.375+0000] {logging_mixin.py:190} INFO - [2024-12-21T21:12:30.375+0000] {dag.py:4180} INFO - Setting next_dagrun for example_external_task_marker_parent to None, run_after=None
[2024-12-21T21:12:30.409+0000] {processor.py:208} INFO - Processing /home/airflow/.local/lib/python3.12/site-packages/airflow/example_dags/example_external_task_marker_dag.py took 0.154 seconds
[2024-12-21T21:13:01.428+0000] {processor.py:186} INFO - Started process (PID=1311) to work on /home/airflow/.local/lib/python3.12/site-packages/airflow/example_dags/example_external_task_marker_dag.py
[2024-12-21T21:13:01.430+0000] {processor.py:914} INFO - Processing file /home/airflow/.local/lib/python3.12/site-packages/airflow/example_dags/example_external_task_marker_dag.py for tasks to queue
[2024-12-21T21:13:01.434+0000] {logging_mixin.py:190} INFO - [2024-12-21T21:13:01.434+0000] {dagbag.py:588} INFO - Filling up the DagBag from /home/airflow/.local/lib/python3.12/site-packages/airflow/example_dags/example_external_task_marker_dag.py
[2024-12-21T21:13:01.450+0000] {processor.py:925} INFO - DAG(s) 'example_external_task_marker_parent', 'example_external_task_marker_child' retrieved from /home/airflow/.local/lib/python3.12/site-packages/airflow/example_dags/example_external_task_marker_dag.py
[2024-12-21T21:13:01.495+0000] {logging_mixin.py:190} INFO - [2024-12-21T21:13:01.494+0000] {dag.py:3239} INFO - Sync 2 DAGs
[2024-12-21T21:13:01.528+0000] {logging_mixin.py:190} INFO - [2024-12-21T21:13:01.528+0000] {dag.py:4180} INFO - Setting next_dagrun for example_external_task_marker_child to None, run_after=None
[2024-12-21T21:13:01.540+0000] {logging_mixin.py:190} INFO - [2024-12-21T21:13:01.539+0000] {dag.py:4180} INFO - Setting next_dagrun for example_external_task_marker_parent to None, run_after=None
[2024-12-21T21:13:01.591+0000] {processor.py:208} INFO - Processing /home/airflow/.local/lib/python3.12/site-packages/airflow/example_dags/example_external_task_marker_dag.py took 0.175 seconds
[2024-12-21T21:13:33.569+0000] {processor.py:186} INFO - Started process (PID=1607) to work on /home/airflow/.local/lib/python3.12/site-packages/airflow/example_dags/example_external_task_marker_dag.py
[2024-12-21T21:13:33.571+0000] {processor.py:914} INFO - Processing file /home/airflow/.local/lib/python3.12/site-packages/airflow/example_dags/example_external_task_marker_dag.py for tasks to queue
[2024-12-21T21:13:33.575+0000] {logging_mixin.py:190} INFO - [2024-12-21T21:13:33.575+0000] {dagbag.py:588} INFO - Filling up the DagBag from /home/airflow/.local/lib/python3.12/site-packages/airflow/example_dags/example_external_task_marker_dag.py
[2024-12-21T21:13:33.590+0000] {processor.py:925} INFO - DAG(s) 'example_external_task_marker_child', 'example_external_task_marker_parent' retrieved from /home/airflow/.local/lib/python3.12/site-packages/airflow/example_dags/example_external_task_marker_dag.py
[2024-12-21T21:13:33.638+0000] {logging_mixin.py:190} INFO - [2024-12-21T21:13:33.637+0000] {dag.py:3239} INFO - Sync 2 DAGs
[2024-12-21T21:13:33.677+0000] {logging_mixin.py:190} INFO - [2024-12-21T21:13:33.676+0000] {dag.py:4180} INFO - Setting next_dagrun for example_external_task_marker_child to None, run_after=None
[2024-12-21T21:13:33.685+0000] {logging_mixin.py:190} INFO - [2024-12-21T21:13:33.685+0000] {dag.py:4180} INFO - Setting next_dagrun for example_external_task_marker_parent to None, run_after=None
[2024-12-21T21:13:33.742+0000] {processor.py:208} INFO - Processing /home/airflow/.local/lib/python3.12/site-packages/airflow/example_dags/example_external_task_marker_dag.py took 0.184 seconds
[2024-12-21T21:14:05.736+0000] {processor.py:186} INFO - Started process (PID=1903) to work on /home/airflow/.local/lib/python3.12/site-packages/airflow/example_dags/example_external_task_marker_dag.py
[2024-12-21T21:14:05.738+0000] {processor.py:914} INFO - Processing file /home/airflow/.local/lib/python3.12/site-packages/airflow/example_dags/example_external_task_marker_dag.py for tasks to queue
[2024-12-21T21:14:05.742+0000] {logging_mixin.py:190} INFO - [2024-12-21T21:14:05.742+0000] {dagbag.py:588} INFO - Filling up the DagBag from /home/airflow/.local/lib/python3.12/site-packages/airflow/example_dags/example_external_task_marker_dag.py
[2024-12-21T21:14:05.760+0000] {processor.py:925} INFO - DAG(s) 'example_external_task_marker_child', 'example_external_task_marker_parent' retrieved from /home/airflow/.local/lib/python3.12/site-packages/airflow/example_dags/example_external_task_marker_dag.py
[2024-12-21T21:14:05.806+0000] {logging_mixin.py:190} INFO - [2024-12-21T21:14:05.805+0000] {dag.py:3239} INFO - Sync 2 DAGs
[2024-12-21T21:14:05.839+0000] {logging_mixin.py:190} INFO - [2024-12-21T21:14:05.838+0000] {dag.py:4180} INFO - Setting next_dagrun for example_external_task_marker_child to None, run_after=None
[2024-12-21T21:14:05.848+0000] {logging_mixin.py:190} INFO - [2024-12-21T21:14:05.847+0000] {dag.py:4180} INFO - Setting next_dagrun for example_external_task_marker_parent to None, run_after=None
[2024-12-21T21:14:05.882+0000] {processor.py:208} INFO - Processing /home/airflow/.local/lib/python3.12/site-packages/airflow/example_dags/example_external_task_marker_dag.py took 0.158 seconds
[2024-12-21T21:14:37.133+0000] {processor.py:186} INFO - Started process (PID=2199) to work on /home/airflow/.local/lib/python3.12/site-packages/airflow/example_dags/example_external_task_marker_dag.py
[2024-12-21T21:14:37.136+0000] {processor.py:914} INFO - Processing file /home/airflow/.local/lib/python3.12/site-packages/airflow/example_dags/example_external_task_marker_dag.py for tasks to queue
[2024-12-21T21:14:37.141+0000] {logging_mixin.py:190} INFO - [2024-12-21T21:14:37.140+0000] {dagbag.py:588} INFO - Filling up the DagBag from /home/airflow/.local/lib/python3.12/site-packages/airflow/example_dags/example_external_task_marker_dag.py
[2024-12-21T21:14:37.156+0000] {processor.py:925} INFO - DAG(s) 'example_external_task_marker_child', 'example_external_task_marker_parent' retrieved from /home/airflow/.local/lib/python3.12/site-packages/airflow/example_dags/example_external_task_marker_dag.py
[2024-12-21T21:14:37.212+0000] {logging_mixin.py:190} INFO - [2024-12-21T21:14:37.211+0000] {dag.py:3239} INFO - Sync 2 DAGs
[2024-12-21T21:14:37.248+0000] {logging_mixin.py:190} INFO - [2024-12-21T21:14:37.248+0000] {dag.py:4180} INFO - Setting next_dagrun for example_external_task_marker_child to None, run_after=None
[2024-12-21T21:14:37.259+0000] {logging_mixin.py:190} INFO - [2024-12-21T21:14:37.258+0000] {dag.py:4180} INFO - Setting next_dagrun for example_external_task_marker_parent to None, run_after=None
[2024-12-21T21:14:37.296+0000] {processor.py:208} INFO - Processing /home/airflow/.local/lib/python3.12/site-packages/airflow/example_dags/example_external_task_marker_dag.py took 0.174 seconds
[2024-12-21T21:15:09.880+0000] {processor.py:186} INFO - Started process (PID=2497) to work on /home/airflow/.local/lib/python3.12/site-packages/airflow/example_dags/example_external_task_marker_dag.py
[2024-12-21T21:15:09.882+0000] {processor.py:914} INFO - Processing file /home/airflow/.local/lib/python3.12/site-packages/airflow/example_dags/example_external_task_marker_dag.py for tasks to queue
[2024-12-21T21:15:09.887+0000] {logging_mixin.py:190} INFO - [2024-12-21T21:15:09.886+0000] {dagbag.py:588} INFO - Filling up the DagBag from /home/airflow/.local/lib/python3.12/site-packages/airflow/example_dags/example_external_task_marker_dag.py
[2024-12-21T21:15:09.902+0000] {processor.py:925} INFO - DAG(s) 'example_external_task_marker_parent', 'example_external_task_marker_child' retrieved from /home/airflow/.local/lib/python3.12/site-packages/airflow/example_dags/example_external_task_marker_dag.py
[2024-12-21T21:15:09.946+0000] {logging_mixin.py:190} INFO - [2024-12-21T21:15:09.945+0000] {dag.py:3239} INFO - Sync 2 DAGs
[2024-12-21T21:15:09.978+0000] {logging_mixin.py:190} INFO - [2024-12-21T21:15:09.977+0000] {dag.py:4180} INFO - Setting next_dagrun for example_external_task_marker_child to None, run_after=None
[2024-12-21T21:15:09.985+0000] {logging_mixin.py:190} INFO - [2024-12-21T21:15:09.985+0000] {dag.py:4180} INFO - Setting next_dagrun for example_external_task_marker_parent to None, run_after=None
[2024-12-21T21:15:10.019+0000] {processor.py:208} INFO - Processing /home/airflow/.local/lib/python3.12/site-packages/airflow/example_dags/example_external_task_marker_dag.py took 0.149 seconds
[2024-12-21T21:15:41.173+0000] {processor.py:186} INFO - Started process (PID=2791) to work on /home/airflow/.local/lib/python3.12/site-packages/airflow/example_dags/example_external_task_marker_dag.py
[2024-12-21T21:15:41.175+0000] {processor.py:914} INFO - Processing file /home/airflow/.local/lib/python3.12/site-packages/airflow/example_dags/example_external_task_marker_dag.py for tasks to queue
[2024-12-21T21:15:41.180+0000] {logging_mixin.py:190} INFO - [2024-12-21T21:15:41.179+0000] {dagbag.py:588} INFO - Filling up the DagBag from /home/airflow/.local/lib/python3.12/site-packages/airflow/example_dags/example_external_task_marker_dag.py
[2024-12-21T21:15:41.199+0000] {processor.py:925} INFO - DAG(s) 'example_external_task_marker_child', 'example_external_task_marker_parent' retrieved from /home/airflow/.local/lib/python3.12/site-packages/airflow/example_dags/example_external_task_marker_dag.py
[2024-12-21T21:15:41.250+0000] {logging_mixin.py:190} INFO - [2024-12-21T21:15:41.249+0000] {dag.py:3239} INFO - Sync 2 DAGs
[2024-12-21T21:15:41.287+0000] {logging_mixin.py:190} INFO - [2024-12-21T21:15:41.286+0000] {dag.py:4180} INFO - Setting next_dagrun for example_external_task_marker_child to None, run_after=None
[2024-12-21T21:15:41.297+0000] {logging_mixin.py:190} INFO - [2024-12-21T21:15:41.297+0000] {dag.py:4180} INFO - Setting next_dagrun for example_external_task_marker_parent to None, run_after=None
[2024-12-21T21:15:41.335+0000] {processor.py:208} INFO - Processing /home/airflow/.local/lib/python3.12/site-packages/airflow/example_dags/example_external_task_marker_dag.py took 0.173 seconds
[2024-12-21T21:16:14.326+0000] {processor.py:186} INFO - Started process (PID=3087) to work on /home/airflow/.local/lib/python3.12/site-packages/airflow/example_dags/example_external_task_marker_dag.py
[2024-12-21T21:16:14.330+0000] {processor.py:914} INFO - Processing file /home/airflow/.local/lib/python3.12/site-packages/airflow/example_dags/example_external_task_marker_dag.py for tasks to queue
[2024-12-21T21:16:14.338+0000] {logging_mixin.py:190} INFO - [2024-12-21T21:16:14.336+0000] {dagbag.py:588} INFO - Filling up the DagBag from /home/airflow/.local/lib/python3.12/site-packages/airflow/example_dags/example_external_task_marker_dag.py
[2024-12-21T21:16:14.388+0000] {processor.py:925} INFO - DAG(s) 'example_external_task_marker_child', 'example_external_task_marker_parent' retrieved from /home/airflow/.local/lib/python3.12/site-packages/airflow/example_dags/example_external_task_marker_dag.py
[2024-12-21T21:16:14.451+0000] {logging_mixin.py:190} INFO - [2024-12-21T21:16:14.450+0000] {dag.py:3239} INFO - Sync 2 DAGs
[2024-12-21T21:16:14.495+0000] {logging_mixin.py:190} INFO - [2024-12-21T21:16:14.494+0000] {dag.py:4180} INFO - Setting next_dagrun for example_external_task_marker_child to None, run_after=None
[2024-12-21T21:16:14.520+0000] {logging_mixin.py:190} INFO - [2024-12-21T21:16:14.519+0000] {dag.py:4180} INFO - Setting next_dagrun for example_external_task_marker_parent to None, run_after=None
[2024-12-21T21:16:14.604+0000] {processor.py:208} INFO - Processing /home/airflow/.local/lib/python3.12/site-packages/airflow/example_dags/example_external_task_marker_dag.py took 0.297 seconds
[2024-12-21T21:16:46.670+0000] {processor.py:186} INFO - Started process (PID=3382) to work on /home/airflow/.local/lib/python3.12/site-packages/airflow/example_dags/example_external_task_marker_dag.py
[2024-12-21T21:16:46.672+0000] {processor.py:914} INFO - Processing file /home/airflow/.local/lib/python3.12/site-packages/airflow/example_dags/example_external_task_marker_dag.py for tasks to queue
[2024-12-21T21:16:46.677+0000] {logging_mixin.py:190} INFO - [2024-12-21T21:16:46.677+0000] {dagbag.py:588} INFO - Filling up the DagBag from /home/airflow/.local/lib/python3.12/site-packages/airflow/example_dags/example_external_task_marker_dag.py
[2024-12-21T21:16:46.696+0000] {processor.py:925} INFO - DAG(s) 'example_external_task_marker_child', 'example_external_task_marker_parent' retrieved from /home/airflow/.local/lib/python3.12/site-packages/airflow/example_dags/example_external_task_marker_dag.py
[2024-12-21T21:16:46.777+0000] {logging_mixin.py:190} INFO - [2024-12-21T21:16:46.776+0000] {dag.py:3239} INFO - Sync 2 DAGs
[2024-12-21T21:16:46.819+0000] {logging_mixin.py:190} INFO - [2024-12-21T21:16:46.819+0000] {dag.py:4180} INFO - Setting next_dagrun for example_external_task_marker_child to None, run_after=None
[2024-12-21T21:16:46.830+0000] {logging_mixin.py:190} INFO - [2024-12-21T21:16:46.829+0000] {dag.py:4180} INFO - Setting next_dagrun for example_external_task_marker_parent to None, run_after=None
[2024-12-21T21:16:46.873+0000] {processor.py:208} INFO - Processing /home/airflow/.local/lib/python3.12/site-packages/airflow/example_dags/example_external_task_marker_dag.py took 0.218 seconds
[2024-12-21T21:17:18.297+0000] {processor.py:186} INFO - Started process (PID=3678) to work on /home/airflow/.local/lib/python3.12/site-packages/airflow/example_dags/example_external_task_marker_dag.py
[2024-12-21T21:17:18.299+0000] {processor.py:914} INFO - Processing file /home/airflow/.local/lib/python3.12/site-packages/airflow/example_dags/example_external_task_marker_dag.py for tasks to queue
[2024-12-21T21:17:18.304+0000] {logging_mixin.py:190} INFO - [2024-12-21T21:17:18.304+0000] {dagbag.py:588} INFO - Filling up the DagBag from /home/airflow/.local/lib/python3.12/site-packages/airflow/example_dags/example_external_task_marker_dag.py
[2024-12-21T21:17:18.321+0000] {processor.py:925} INFO - DAG(s) 'example_external_task_marker_parent', 'example_external_task_marker_child' retrieved from /home/airflow/.local/lib/python3.12/site-packages/airflow/example_dags/example_external_task_marker_dag.py
[2024-12-21T21:17:18.371+0000] {logging_mixin.py:190} INFO - [2024-12-21T21:17:18.371+0000] {dag.py:3239} INFO - Sync 2 DAGs
[2024-12-21T21:17:18.408+0000] {logging_mixin.py:190} INFO - [2024-12-21T21:17:18.408+0000] {dag.py:4180} INFO - Setting next_dagrun for example_external_task_marker_child to None, run_after=None
[2024-12-21T21:17:18.418+0000] {logging_mixin.py:190} INFO - [2024-12-21T21:17:18.417+0000] {dag.py:4180} INFO - Setting next_dagrun for example_external_task_marker_parent to None, run_after=None
[2024-12-21T21:17:18.465+0000] {processor.py:208} INFO - Processing /home/airflow/.local/lib/python3.12/site-packages/airflow/example_dags/example_external_task_marker_dag.py took 0.180 seconds
[2024-12-21T21:17:51.598+0000] {processor.py:186} INFO - Started process (PID=3999) to work on /home/airflow/.local/lib/python3.12/site-packages/airflow/example_dags/example_external_task_marker_dag.py
[2024-12-21T21:17:51.601+0000] {processor.py:914} INFO - Processing file /home/airflow/.local/lib/python3.12/site-packages/airflow/example_dags/example_external_task_marker_dag.py for tasks to queue
[2024-12-21T21:17:51.606+0000] {logging_mixin.py:190} INFO - [2024-12-21T21:17:51.606+0000] {dagbag.py:588} INFO - Filling up the DagBag from /home/airflow/.local/lib/python3.12/site-packages/airflow/example_dags/example_external_task_marker_dag.py
[2024-12-21T21:17:51.627+0000] {processor.py:925} INFO - DAG(s) 'example_external_task_marker_child', 'example_external_task_marker_parent' retrieved from /home/airflow/.local/lib/python3.12/site-packages/airflow/example_dags/example_external_task_marker_dag.py
[2024-12-21T21:17:51.686+0000] {logging_mixin.py:190} INFO - [2024-12-21T21:17:51.685+0000] {dag.py:3239} INFO - Sync 2 DAGs
[2024-12-21T21:17:51.728+0000] {logging_mixin.py:190} INFO - [2024-12-21T21:17:51.728+0000] {dag.py:4180} INFO - Setting next_dagrun for example_external_task_marker_child to None, run_after=None
[2024-12-21T21:17:51.739+0000] {logging_mixin.py:190} INFO - [2024-12-21T21:17:51.739+0000] {dag.py:4180} INFO - Setting next_dagrun for example_external_task_marker_parent to None, run_after=None
[2024-12-21T21:17:51.804+0000] {processor.py:208} INFO - Processing /home/airflow/.local/lib/python3.12/site-packages/airflow/example_dags/example_external_task_marker_dag.py took 0.221 seconds
[2024-12-21T21:18:23.442+0000] {processor.py:186} INFO - Started process (PID=4295) to work on /home/airflow/.local/lib/python3.12/site-packages/airflow/example_dags/example_external_task_marker_dag.py
[2024-12-21T21:18:23.445+0000] {processor.py:914} INFO - Processing file /home/airflow/.local/lib/python3.12/site-packages/airflow/example_dags/example_external_task_marker_dag.py for tasks to queue
[2024-12-21T21:18:23.450+0000] {logging_mixin.py:190} INFO - [2024-12-21T21:18:23.449+0000] {dagbag.py:588} INFO - Filling up the DagBag from /home/airflow/.local/lib/python3.12/site-packages/airflow/example_dags/example_external_task_marker_dag.py
[2024-12-21T21:18:23.471+0000] {processor.py:925} INFO - DAG(s) 'example_external_task_marker_parent', 'example_external_task_marker_child' retrieved from /home/airflow/.local/lib/python3.12/site-packages/airflow/example_dags/example_external_task_marker_dag.py
[2024-12-21T21:18:23.531+0000] {logging_mixin.py:190} INFO - [2024-12-21T21:18:23.530+0000] {dag.py:3239} INFO - Sync 2 DAGs
[2024-12-21T21:18:23.572+0000] {logging_mixin.py:190} INFO - [2024-12-21T21:18:23.571+0000] {dag.py:4180} INFO - Setting next_dagrun for example_external_task_marker_child to None, run_after=None
[2024-12-21T21:18:23.583+0000] {logging_mixin.py:190} INFO - [2024-12-21T21:18:23.582+0000] {dag.py:4180} INFO - Setting next_dagrun for example_external_task_marker_parent to None, run_after=None
[2024-12-21T21:18:23.629+0000] {processor.py:208} INFO - Processing /home/airflow/.local/lib/python3.12/site-packages/airflow/example_dags/example_external_task_marker_dag.py took 0.200 seconds
[2024-12-21T21:18:55.847+0000] {processor.py:186} INFO - Started process (PID=4611) to work on /home/airflow/.local/lib/python3.12/site-packages/airflow/example_dags/example_external_task_marker_dag.py
[2024-12-21T21:18:55.850+0000] {processor.py:914} INFO - Processing file /home/airflow/.local/lib/python3.12/site-packages/airflow/example_dags/example_external_task_marker_dag.py for tasks to queue
[2024-12-21T21:18:55.856+0000] {logging_mixin.py:190} INFO - [2024-12-21T21:18:55.854+0000] {dagbag.py:588} INFO - Filling up the DagBag from /home/airflow/.local/lib/python3.12/site-packages/airflow/example_dags/example_external_task_marker_dag.py
[2024-12-21T21:18:55.879+0000] {processor.py:925} INFO - DAG(s) 'example_external_task_marker_parent', 'example_external_task_marker_child' retrieved from /home/airflow/.local/lib/python3.12/site-packages/airflow/example_dags/example_external_task_marker_dag.py
[2024-12-21T21:18:55.934+0000] {logging_mixin.py:190} INFO - [2024-12-21T21:18:55.934+0000] {dag.py:3239} INFO - Sync 2 DAGs
[2024-12-21T21:18:55.975+0000] {logging_mixin.py:190} INFO - [2024-12-21T21:18:55.974+0000] {dag.py:4180} INFO - Setting next_dagrun for example_external_task_marker_child to None, run_after=None
[2024-12-21T21:18:55.985+0000] {logging_mixin.py:190} INFO - [2024-12-21T21:18:55.985+0000] {dag.py:4180} INFO - Setting next_dagrun for example_external_task_marker_parent to None, run_after=None
[2024-12-21T21:18:56.024+0000] {processor.py:208} INFO - Processing /home/airflow/.local/lib/python3.12/site-packages/airflow/example_dags/example_external_task_marker_dag.py took 0.194 seconds
[2024-12-21T21:19:27.100+0000] {processor.py:186} INFO - Started process (PID=4913) to work on /home/airflow/.local/lib/python3.12/site-packages/airflow/example_dags/example_external_task_marker_dag.py
[2024-12-21T21:19:27.102+0000] {processor.py:914} INFO - Processing file /home/airflow/.local/lib/python3.12/site-packages/airflow/example_dags/example_external_task_marker_dag.py for tasks to queue
[2024-12-21T21:19:27.106+0000] {logging_mixin.py:190} INFO - [2024-12-21T21:19:27.106+0000] {dagbag.py:588} INFO - Filling up the DagBag from /home/airflow/.local/lib/python3.12/site-packages/airflow/example_dags/example_external_task_marker_dag.py
[2024-12-21T21:19:27.122+0000] {processor.py:925} INFO - DAG(s) 'example_external_task_marker_child', 'example_external_task_marker_parent' retrieved from /home/airflow/.local/lib/python3.12/site-packages/airflow/example_dags/example_external_task_marker_dag.py
[2024-12-21T21:19:27.170+0000] {logging_mixin.py:190} INFO - [2024-12-21T21:19:27.170+0000] {dag.py:3239} INFO - Sync 2 DAGs
[2024-12-21T21:19:27.204+0000] {logging_mixin.py:190} INFO - [2024-12-21T21:19:27.203+0000] {dag.py:4180} INFO - Setting next_dagrun for example_external_task_marker_child to None, run_after=None
[2024-12-21T21:19:27.212+0000] {logging_mixin.py:190} INFO - [2024-12-21T21:19:27.212+0000] {dag.py:4180} INFO - Setting next_dagrun for example_external_task_marker_parent to None, run_after=None
[2024-12-21T21:19:27.265+0000] {processor.py:208} INFO - Processing /home/airflow/.local/lib/python3.12/site-packages/airflow/example_dags/example_external_task_marker_dag.py took 0.177 seconds
[2024-12-21T21:19:58.000+0000] {processor.py:186} INFO - Started process (PID=5203) to work on /home/airflow/.local/lib/python3.12/site-packages/airflow/example_dags/example_external_task_marker_dag.py
[2024-12-21T21:19:58.002+0000] {processor.py:914} INFO - Processing file /home/airflow/.local/lib/python3.12/site-packages/airflow/example_dags/example_external_task_marker_dag.py for tasks to queue
[2024-12-21T21:19:58.006+0000] {logging_mixin.py:190} INFO - [2024-12-21T21:19:58.006+0000] {dagbag.py:588} INFO - Filling up the DagBag from /home/airflow/.local/lib/python3.12/site-packages/airflow/example_dags/example_external_task_marker_dag.py
[2024-12-21T21:19:58.020+0000] {processor.py:925} INFO - DAG(s) 'example_external_task_marker_parent', 'example_external_task_marker_child' retrieved from /home/airflow/.local/lib/python3.12/site-packages/airflow/example_dags/example_external_task_marker_dag.py
[2024-12-21T21:19:58.065+0000] {logging_mixin.py:190} INFO - [2024-12-21T21:19:58.064+0000] {dag.py:3239} INFO - Sync 2 DAGs
[2024-12-21T21:19:58.094+0000] {logging_mixin.py:190} INFO - [2024-12-21T21:19:58.094+0000] {dag.py:4180} INFO - Setting next_dagrun for example_external_task_marker_child to None, run_after=None
[2024-12-21T21:19:58.103+0000] {logging_mixin.py:190} INFO - [2024-12-21T21:19:58.103+0000] {dag.py:4180} INFO - Setting next_dagrun for example_external_task_marker_parent to None, run_after=None
[2024-12-21T21:19:58.142+0000] {processor.py:208} INFO - Processing /home/airflow/.local/lib/python3.12/site-packages/airflow/example_dags/example_external_task_marker_dag.py took 0.153 seconds
[2024-12-21T21:20:28.749+0000] {processor.py:186} INFO - Started process (PID=5499) to work on /home/airflow/.local/lib/python3.12/site-packages/airflow/example_dags/example_external_task_marker_dag.py
[2024-12-21T21:20:28.751+0000] {processor.py:914} INFO - Processing file /home/airflow/.local/lib/python3.12/site-packages/airflow/example_dags/example_external_task_marker_dag.py for tasks to queue
[2024-12-21T21:20:28.757+0000] {logging_mixin.py:190} INFO - [2024-12-21T21:20:28.756+0000] {dagbag.py:588} INFO - Filling up the DagBag from /home/airflow/.local/lib/python3.12/site-packages/airflow/example_dags/example_external_task_marker_dag.py
[2024-12-21T21:20:28.774+0000] {processor.py:925} INFO - DAG(s) 'example_external_task_marker_child', 'example_external_task_marker_parent' retrieved from /home/airflow/.local/lib/python3.12/site-packages/airflow/example_dags/example_external_task_marker_dag.py
[2024-12-21T21:20:28.833+0000] {logging_mixin.py:190} INFO - [2024-12-21T21:20:28.832+0000] {dag.py:3239} INFO - Sync 2 DAGs
[2024-12-21T21:20:28.873+0000] {logging_mixin.py:190} INFO - [2024-12-21T21:20:28.872+0000] {dag.py:4180} INFO - Setting next_dagrun for example_external_task_marker_child to None, run_after=None
[2024-12-21T21:20:28.885+0000] {logging_mixin.py:190} INFO - [2024-12-21T21:20:28.884+0000] {dag.py:4180} INFO - Setting next_dagrun for example_external_task_marker_parent to None, run_after=None
[2024-12-21T21:20:28.932+0000] {processor.py:208} INFO - Processing /home/airflow/.local/lib/python3.12/site-packages/airflow/example_dags/example_external_task_marker_dag.py took 0.198 seconds
[2024-12-21T21:20:59.734+0000] {processor.py:186} INFO - Started process (PID=5796) to work on /home/airflow/.local/lib/python3.12/site-packages/airflow/example_dags/example_external_task_marker_dag.py
[2024-12-21T21:20:59.758+0000] {processor.py:914} INFO - Processing file /home/airflow/.local/lib/python3.12/site-packages/airflow/example_dags/example_external_task_marker_dag.py for tasks to queue
[2024-12-21T21:20:59.774+0000] {logging_mixin.py:190} INFO - [2024-12-21T21:20:59.773+0000] {dagbag.py:588} INFO - Filling up the DagBag from /home/airflow/.local/lib/python3.12/site-packages/airflow/example_dags/example_external_task_marker_dag.py
[2024-12-21T21:20:59.848+0000] {processor.py:925} INFO - DAG(s) 'example_external_task_marker_child', 'example_external_task_marker_parent' retrieved from /home/airflow/.local/lib/python3.12/site-packages/airflow/example_dags/example_external_task_marker_dag.py
[2024-12-21T21:20:59.904+0000] {logging_mixin.py:190} INFO - [2024-12-21T21:20:59.904+0000] {dag.py:3239} INFO - Sync 2 DAGs
[2024-12-21T21:20:59.945+0000] {logging_mixin.py:190} INFO - [2024-12-21T21:20:59.944+0000] {dag.py:4180} INFO - Setting next_dagrun for example_external_task_marker_child to None, run_after=None
[2024-12-21T21:20:59.964+0000] {logging_mixin.py:190} INFO - [2024-12-21T21:20:59.964+0000] {dag.py:4180} INFO - Setting next_dagrun for example_external_task_marker_parent to None, run_after=None
[2024-12-21T21:21:00.040+0000] {processor.py:208} INFO - Processing /home/airflow/.local/lib/python3.12/site-packages/airflow/example_dags/example_external_task_marker_dag.py took 0.335 seconds
[2024-12-21T21:21:31.962+0000] {processor.py:186} INFO - Started process (PID=6092) to work on /home/airflow/.local/lib/python3.12/site-packages/airflow/example_dags/example_external_task_marker_dag.py
[2024-12-21T21:21:31.964+0000] {processor.py:914} INFO - Processing file /home/airflow/.local/lib/python3.12/site-packages/airflow/example_dags/example_external_task_marker_dag.py for tasks to queue
[2024-12-21T21:21:31.970+0000] {logging_mixin.py:190} INFO - [2024-12-21T21:21:31.969+0000] {dagbag.py:588} INFO - Filling up the DagBag from /home/airflow/.local/lib/python3.12/site-packages/airflow/example_dags/example_external_task_marker_dag.py
[2024-12-21T21:21:31.992+0000] {processor.py:925} INFO - DAG(s) 'example_external_task_marker_child', 'example_external_task_marker_parent' retrieved from /home/airflow/.local/lib/python3.12/site-packages/airflow/example_dags/example_external_task_marker_dag.py
[2024-12-21T21:21:32.045+0000] {logging_mixin.py:190} INFO - [2024-12-21T21:21:32.044+0000] {dag.py:3239} INFO - Sync 2 DAGs
[2024-12-21T21:21:32.087+0000] {logging_mixin.py:190} INFO - [2024-12-21T21:21:32.086+0000] {dag.py:4180} INFO - Setting next_dagrun for example_external_task_marker_child to None, run_after=None
[2024-12-21T21:21:32.098+0000] {logging_mixin.py:190} INFO - [2024-12-21T21:21:32.097+0000] {dag.py:4180} INFO - Setting next_dagrun for example_external_task_marker_parent to None, run_after=None
[2024-12-21T21:21:32.141+0000] {processor.py:208} INFO - Processing /home/airflow/.local/lib/python3.12/site-packages/airflow/example_dags/example_external_task_marker_dag.py took 0.202 seconds
[2024-12-21T21:22:03.064+0000] {processor.py:186} INFO - Started process (PID=6388) to work on /home/airflow/.local/lib/python3.12/site-packages/airflow/example_dags/example_external_task_marker_dag.py
[2024-12-21T21:22:03.066+0000] {processor.py:914} INFO - Processing file /home/airflow/.local/lib/python3.12/site-packages/airflow/example_dags/example_external_task_marker_dag.py for tasks to queue
[2024-12-21T21:22:03.071+0000] {logging_mixin.py:190} INFO - [2024-12-21T21:22:03.070+0000] {dagbag.py:588} INFO - Filling up the DagBag from /home/airflow/.local/lib/python3.12/site-packages/airflow/example_dags/example_external_task_marker_dag.py
[2024-12-21T21:22:03.087+0000] {processor.py:925} INFO - DAG(s) 'example_external_task_marker_child', 'example_external_task_marker_parent' retrieved from /home/airflow/.local/lib/python3.12/site-packages/airflow/example_dags/example_external_task_marker_dag.py
[2024-12-21T21:22:03.134+0000] {logging_mixin.py:190} INFO - [2024-12-21T21:22:03.134+0000] {dag.py:3239} INFO - Sync 2 DAGs
[2024-12-21T21:22:03.164+0000] {logging_mixin.py:190} INFO - [2024-12-21T21:22:03.164+0000] {dag.py:4180} INFO - Setting next_dagrun for example_external_task_marker_child to None, run_after=None
[2024-12-21T21:22:03.173+0000] {logging_mixin.py:190} INFO - [2024-12-21T21:22:03.172+0000] {dag.py:4180} INFO - Setting next_dagrun for example_external_task_marker_parent to None, run_after=None
[2024-12-21T21:22:03.206+0000] {processor.py:208} INFO - Processing /home/airflow/.local/lib/python3.12/site-packages/airflow/example_dags/example_external_task_marker_dag.py took 0.156 seconds
[2024-12-21T21:22:35.899+0000] {processor.py:186} INFO - Started process (PID=6696) to work on /home/airflow/.local/lib/python3.12/site-packages/airflow/example_dags/example_external_task_marker_dag.py
[2024-12-21T21:22:35.901+0000] {processor.py:914} INFO - Processing file /home/airflow/.local/lib/python3.12/site-packages/airflow/example_dags/example_external_task_marker_dag.py for tasks to queue
[2024-12-21T21:22:35.908+0000] {logging_mixin.py:190} INFO - [2024-12-21T21:22:35.907+0000] {dagbag.py:588} INFO - Filling up the DagBag from /home/airflow/.local/lib/python3.12/site-packages/airflow/example_dags/example_external_task_marker_dag.py
[2024-12-21T21:22:35.927+0000] {processor.py:925} INFO - DAG(s) 'example_external_task_marker_parent', 'example_external_task_marker_child' retrieved from /home/airflow/.local/lib/python3.12/site-packages/airflow/example_dags/example_external_task_marker_dag.py
[2024-12-21T21:22:35.991+0000] {logging_mixin.py:190} INFO - [2024-12-21T21:22:35.991+0000] {dag.py:3239} INFO - Sync 2 DAGs
[2024-12-21T21:22:36.027+0000] {logging_mixin.py:190} INFO - [2024-12-21T21:22:36.027+0000] {dag.py:4180} INFO - Setting next_dagrun for example_external_task_marker_child to None, run_after=None
[2024-12-21T21:22:36.036+0000] {logging_mixin.py:190} INFO - [2024-12-21T21:22:36.035+0000] {dag.py:4180} INFO - Setting next_dagrun for example_external_task_marker_parent to None, run_after=None
[2024-12-21T21:22:36.080+0000] {processor.py:208} INFO - Processing /home/airflow/.local/lib/python3.12/site-packages/airflow/example_dags/example_external_task_marker_dag.py took 0.193 seconds
[2024-12-21T21:23:07.517+0000] {processor.py:186} INFO - Started process (PID=6991) to work on /home/airflow/.local/lib/python3.12/site-packages/airflow/example_dags/example_external_task_marker_dag.py
[2024-12-21T21:23:07.519+0000] {processor.py:914} INFO - Processing file /home/airflow/.local/lib/python3.12/site-packages/airflow/example_dags/example_external_task_marker_dag.py for tasks to queue
[2024-12-21T21:23:07.525+0000] {logging_mixin.py:190} INFO - [2024-12-21T21:23:07.525+0000] {dagbag.py:588} INFO - Filling up the DagBag from /home/airflow/.local/lib/python3.12/site-packages/airflow/example_dags/example_external_task_marker_dag.py
[2024-12-21T21:23:07.541+0000] {processor.py:925} INFO - DAG(s) 'example_external_task_marker_child', 'example_external_task_marker_parent' retrieved from /home/airflow/.local/lib/python3.12/site-packages/airflow/example_dags/example_external_task_marker_dag.py
[2024-12-21T21:23:07.590+0000] {logging_mixin.py:190} INFO - [2024-12-21T21:23:07.590+0000] {dag.py:3239} INFO - Sync 2 DAGs
[2024-12-21T21:23:07.620+0000] {logging_mixin.py:190} INFO - [2024-12-21T21:23:07.620+0000] {dag.py:4180} INFO - Setting next_dagrun for example_external_task_marker_child to None, run_after=None
[2024-12-21T21:23:07.629+0000] {logging_mixin.py:190} INFO - [2024-12-21T21:23:07.628+0000] {dag.py:4180} INFO - Setting next_dagrun for example_external_task_marker_parent to None, run_after=None
[2024-12-21T21:23:07.667+0000] {processor.py:208} INFO - Processing /home/airflow/.local/lib/python3.12/site-packages/airflow/example_dags/example_external_task_marker_dag.py took 0.165 seconds
[2024-12-21T21:23:38.040+0000] {processor.py:186} INFO - Started process (PID=7287) to work on /home/airflow/.local/lib/python3.12/site-packages/airflow/example_dags/example_external_task_marker_dag.py
[2024-12-21T21:23:38.042+0000] {processor.py:914} INFO - Processing file /home/airflow/.local/lib/python3.12/site-packages/airflow/example_dags/example_external_task_marker_dag.py for tasks to queue
[2024-12-21T21:23:38.047+0000] {logging_mixin.py:190} INFO - [2024-12-21T21:23:38.046+0000] {dagbag.py:588} INFO - Filling up the DagBag from /home/airflow/.local/lib/python3.12/site-packages/airflow/example_dags/example_external_task_marker_dag.py
[2024-12-21T21:23:38.063+0000] {processor.py:925} INFO - DAG(s) 'example_external_task_marker_child', 'example_external_task_marker_parent' retrieved from /home/airflow/.local/lib/python3.12/site-packages/airflow/example_dags/example_external_task_marker_dag.py
[2024-12-21T21:23:38.116+0000] {logging_mixin.py:190} INFO - [2024-12-21T21:23:38.115+0000] {dag.py:3239} INFO - Sync 2 DAGs
[2024-12-21T21:23:38.148+0000] {logging_mixin.py:190} INFO - [2024-12-21T21:23:38.147+0000] {dag.py:4180} INFO - Setting next_dagrun for example_external_task_marker_child to None, run_after=None
[2024-12-21T21:23:38.159+0000] {logging_mixin.py:190} INFO - [2024-12-21T21:23:38.158+0000] {dag.py:4180} INFO - Setting next_dagrun for example_external_task_marker_parent to None, run_after=None
[2024-12-21T21:23:38.222+0000] {processor.py:208} INFO - Processing /home/airflow/.local/lib/python3.12/site-packages/airflow/example_dags/example_external_task_marker_dag.py took 0.194 seconds
[2024-12-21T21:24:08.495+0000] {processor.py:186} INFO - Started process (PID=7578) to work on /home/airflow/.local/lib/python3.12/site-packages/airflow/example_dags/example_external_task_marker_dag.py
[2024-12-21T21:24:08.497+0000] {processor.py:914} INFO - Processing file /home/airflow/.local/lib/python3.12/site-packages/airflow/example_dags/example_external_task_marker_dag.py for tasks to queue
[2024-12-21T21:24:08.502+0000] {logging_mixin.py:190} INFO - [2024-12-21T21:24:08.501+0000] {dagbag.py:588} INFO - Filling up the DagBag from /home/airflow/.local/lib/python3.12/site-packages/airflow/example_dags/example_external_task_marker_dag.py
[2024-12-21T21:24:08.518+0000] {processor.py:925} INFO - DAG(s) 'example_external_task_marker_child', 'example_external_task_marker_parent' retrieved from /home/airflow/.local/lib/python3.12/site-packages/airflow/example_dags/example_external_task_marker_dag.py
[2024-12-21T21:24:08.568+0000] {logging_mixin.py:190} INFO - [2024-12-21T21:24:08.568+0000] {dag.py:3239} INFO - Sync 2 DAGs
[2024-12-21T21:24:08.604+0000] {logging_mixin.py:190} INFO - [2024-12-21T21:24:08.604+0000] {dag.py:4180} INFO - Setting next_dagrun for example_external_task_marker_child to None, run_after=None
[2024-12-21T21:24:08.614+0000] {logging_mixin.py:190} INFO - [2024-12-21T21:24:08.614+0000] {dag.py:4180} INFO - Setting next_dagrun for example_external_task_marker_parent to None, run_after=None
[2024-12-21T21:24:08.668+0000] {processor.py:208} INFO - Processing /home/airflow/.local/lib/python3.12/site-packages/airflow/example_dags/example_external_task_marker_dag.py took 0.186 seconds
[2024-12-21T21:26:38.097+0000] {processor.py:186} INFO - Started process (PID=416) to work on /home/airflow/.local/lib/python3.12/site-packages/airflow/example_dags/example_external_task_marker_dag.py
[2024-12-21T21:26:38.099+0000] {processor.py:914} INFO - Processing file /home/airflow/.local/lib/python3.12/site-packages/airflow/example_dags/example_external_task_marker_dag.py for tasks to queue
[2024-12-21T21:26:38.103+0000] {logging_mixin.py:190} INFO - [2024-12-21T21:26:38.103+0000] {dagbag.py:588} INFO - Filling up the DagBag from /home/airflow/.local/lib/python3.12/site-packages/airflow/example_dags/example_external_task_marker_dag.py
[2024-12-21T21:26:38.121+0000] {processor.py:925} INFO - DAG(s) 'example_external_task_marker_child', 'example_external_task_marker_parent' retrieved from /home/airflow/.local/lib/python3.12/site-packages/airflow/example_dags/example_external_task_marker_dag.py
[2024-12-21T21:26:38.174+0000] {logging_mixin.py:190} INFO - [2024-12-21T21:26:38.173+0000] {dag.py:3239} INFO - Sync 2 DAGs
[2024-12-21T21:26:38.221+0000] {logging_mixin.py:190} INFO - [2024-12-21T21:26:38.220+0000] {dag.py:4180} INFO - Setting next_dagrun for example_external_task_marker_child to None, run_after=None
[2024-12-21T21:26:38.233+0000] {logging_mixin.py:190} INFO - [2024-12-21T21:26:38.232+0000] {dag.py:4180} INFO - Setting next_dagrun for example_external_task_marker_parent to None, run_after=None
[2024-12-21T21:26:38.276+0000] {processor.py:208} INFO - Processing /home/airflow/.local/lib/python3.12/site-packages/airflow/example_dags/example_external_task_marker_dag.py took 0.189 seconds
[2024-12-21T21:27:10.065+0000] {processor.py:186} INFO - Started process (PID=714) to work on /home/airflow/.local/lib/python3.12/site-packages/airflow/example_dags/example_external_task_marker_dag.py
[2024-12-21T21:27:10.067+0000] {processor.py:914} INFO - Processing file /home/airflow/.local/lib/python3.12/site-packages/airflow/example_dags/example_external_task_marker_dag.py for tasks to queue
[2024-12-21T21:27:10.072+0000] {logging_mixin.py:190} INFO - [2024-12-21T21:27:10.071+0000] {dagbag.py:588} INFO - Filling up the DagBag from /home/airflow/.local/lib/python3.12/site-packages/airflow/example_dags/example_external_task_marker_dag.py
[2024-12-21T21:27:10.090+0000] {processor.py:925} INFO - DAG(s) 'example_external_task_marker_child', 'example_external_task_marker_parent' retrieved from /home/airflow/.local/lib/python3.12/site-packages/airflow/example_dags/example_external_task_marker_dag.py
[2024-12-21T21:27:10.138+0000] {logging_mixin.py:190} INFO - [2024-12-21T21:27:10.137+0000] {dag.py:3239} INFO - Sync 2 DAGs
[2024-12-21T21:27:10.166+0000] {logging_mixin.py:190} INFO - [2024-12-21T21:27:10.166+0000] {dag.py:4180} INFO - Setting next_dagrun for example_external_task_marker_child to None, run_after=None
[2024-12-21T21:27:10.175+0000] {logging_mixin.py:190} INFO - [2024-12-21T21:27:10.175+0000] {dag.py:4180} INFO - Setting next_dagrun for example_external_task_marker_parent to None, run_after=None
[2024-12-21T21:27:10.213+0000] {processor.py:208} INFO - Processing /home/airflow/.local/lib/python3.12/site-packages/airflow/example_dags/example_external_task_marker_dag.py took 0.159 seconds
[2024-12-21T21:27:41.859+0000] {processor.py:186} INFO - Started process (PID=1008) to work on /home/airflow/.local/lib/python3.12/site-packages/airflow/example_dags/example_external_task_marker_dag.py
[2024-12-21T21:27:41.861+0000] {processor.py:914} INFO - Processing file /home/airflow/.local/lib/python3.12/site-packages/airflow/example_dags/example_external_task_marker_dag.py for tasks to queue
[2024-12-21T21:27:41.866+0000] {logging_mixin.py:190} INFO - [2024-12-21T21:27:41.865+0000] {dagbag.py:588} INFO - Filling up the DagBag from /home/airflow/.local/lib/python3.12/site-packages/airflow/example_dags/example_external_task_marker_dag.py
[2024-12-21T21:27:41.886+0000] {processor.py:925} INFO - DAG(s) 'example_external_task_marker_parent', 'example_external_task_marker_child' retrieved from /home/airflow/.local/lib/python3.12/site-packages/airflow/example_dags/example_external_task_marker_dag.py
[2024-12-21T21:27:41.939+0000] {logging_mixin.py:190} INFO - [2024-12-21T21:27:41.939+0000] {dag.py:3239} INFO - Sync 2 DAGs
[2024-12-21T21:27:41.971+0000] {logging_mixin.py:190} INFO - [2024-12-21T21:27:41.971+0000] {dag.py:4180} INFO - Setting next_dagrun for example_external_task_marker_child to None, run_after=None
[2024-12-21T21:27:41.979+0000] {logging_mixin.py:190} INFO - [2024-12-21T21:27:41.979+0000] {dag.py:4180} INFO - Setting next_dagrun for example_external_task_marker_parent to None, run_after=None
[2024-12-21T21:27:42.016+0000] {processor.py:208} INFO - Processing /home/airflow/.local/lib/python3.12/site-packages/airflow/example_dags/example_external_task_marker_dag.py took 0.168 seconds
[2024-12-21T21:28:13.689+0000] {processor.py:186} INFO - Started process (PID=1304) to work on /home/airflow/.local/lib/python3.12/site-packages/airflow/example_dags/example_external_task_marker_dag.py
[2024-12-21T21:28:13.691+0000] {processor.py:914} INFO - Processing file /home/airflow/.local/lib/python3.12/site-packages/airflow/example_dags/example_external_task_marker_dag.py for tasks to queue
[2024-12-21T21:28:13.695+0000] {logging_mixin.py:190} INFO - [2024-12-21T21:28:13.694+0000] {dagbag.py:588} INFO - Filling up the DagBag from /home/airflow/.local/lib/python3.12/site-packages/airflow/example_dags/example_external_task_marker_dag.py
[2024-12-21T21:28:13.710+0000] {processor.py:925} INFO - DAG(s) 'example_external_task_marker_parent', 'example_external_task_marker_child' retrieved from /home/airflow/.local/lib/python3.12/site-packages/airflow/example_dags/example_external_task_marker_dag.py
[2024-12-21T21:28:13.761+0000] {logging_mixin.py:190} INFO - [2024-12-21T21:28:13.761+0000] {dag.py:3239} INFO - Sync 2 DAGs
[2024-12-21T21:28:13.791+0000] {logging_mixin.py:190} INFO - [2024-12-21T21:28:13.790+0000] {dag.py:4180} INFO - Setting next_dagrun for example_external_task_marker_child to None, run_after=None
[2024-12-21T21:28:13.801+0000] {logging_mixin.py:190} INFO - [2024-12-21T21:28:13.801+0000] {dag.py:4180} INFO - Setting next_dagrun for example_external_task_marker_parent to None, run_after=None
[2024-12-21T21:28:13.840+0000] {processor.py:208} INFO - Processing /home/airflow/.local/lib/python3.12/site-packages/airflow/example_dags/example_external_task_marker_dag.py took 0.162 seconds
[2024-12-21T21:28:45.414+0000] {processor.py:186} INFO - Started process (PID=1600) to work on /home/airflow/.local/lib/python3.12/site-packages/airflow/example_dags/example_external_task_marker_dag.py
[2024-12-21T21:28:45.416+0000] {processor.py:914} INFO - Processing file /home/airflow/.local/lib/python3.12/site-packages/airflow/example_dags/example_external_task_marker_dag.py for tasks to queue
[2024-12-21T21:28:45.421+0000] {logging_mixin.py:190} INFO - [2024-12-21T21:28:45.420+0000] {dagbag.py:588} INFO - Filling up the DagBag from /home/airflow/.local/lib/python3.12/site-packages/airflow/example_dags/example_external_task_marker_dag.py
[2024-12-21T21:28:45.436+0000] {processor.py:925} INFO - DAG(s) 'example_external_task_marker_parent', 'example_external_task_marker_child' retrieved from /home/airflow/.local/lib/python3.12/site-packages/airflow/example_dags/example_external_task_marker_dag.py
[2024-12-21T21:28:45.480+0000] {logging_mixin.py:190} INFO - [2024-12-21T21:28:45.479+0000] {dag.py:3239} INFO - Sync 2 DAGs
[2024-12-21T21:28:45.511+0000] {logging_mixin.py:190} INFO - [2024-12-21T21:28:45.510+0000] {dag.py:4180} INFO - Setting next_dagrun for example_external_task_marker_child to None, run_after=None
[2024-12-21T21:28:45.519+0000] {logging_mixin.py:190} INFO - [2024-12-21T21:28:45.518+0000] {dag.py:4180} INFO - Setting next_dagrun for example_external_task_marker_parent to None, run_after=None
[2024-12-21T21:28:45.551+0000] {processor.py:208} INFO - Processing /home/airflow/.local/lib/python3.12/site-packages/airflow/example_dags/example_external_task_marker_dag.py took 0.147 seconds
[2024-12-21T21:29:17.159+0000] {processor.py:186} INFO - Started process (PID=1896) to work on /home/airflow/.local/lib/python3.12/site-packages/airflow/example_dags/example_external_task_marker_dag.py
[2024-12-21T21:29:17.161+0000] {processor.py:914} INFO - Processing file /home/airflow/.local/lib/python3.12/site-packages/airflow/example_dags/example_external_task_marker_dag.py for tasks to queue
[2024-12-21T21:29:17.165+0000] {logging_mixin.py:190} INFO - [2024-12-21T21:29:17.165+0000] {dagbag.py:588} INFO - Filling up the DagBag from /home/airflow/.local/lib/python3.12/site-packages/airflow/example_dags/example_external_task_marker_dag.py
[2024-12-21T21:29:17.182+0000] {processor.py:925} INFO - DAG(s) 'example_external_task_marker_parent', 'example_external_task_marker_child' retrieved from /home/airflow/.local/lib/python3.12/site-packages/airflow/example_dags/example_external_task_marker_dag.py
[2024-12-21T21:29:17.230+0000] {logging_mixin.py:190} INFO - [2024-12-21T21:29:17.230+0000] {dag.py:3239} INFO - Sync 2 DAGs
[2024-12-21T21:29:17.266+0000] {logging_mixin.py:190} INFO - [2024-12-21T21:29:17.266+0000] {dag.py:4180} INFO - Setting next_dagrun for example_external_task_marker_child to None, run_after=None
[2024-12-21T21:29:17.277+0000] {logging_mixin.py:190} INFO - [2024-12-21T21:29:17.276+0000] {dag.py:4180} INFO - Setting next_dagrun for example_external_task_marker_parent to None, run_after=None
[2024-12-21T21:29:17.312+0000] {processor.py:208} INFO - Processing /home/airflow/.local/lib/python3.12/site-packages/airflow/example_dags/example_external_task_marker_dag.py took 0.165 seconds
[2024-12-21T21:29:48.919+0000] {processor.py:186} INFO - Started process (PID=2193) to work on /home/airflow/.local/lib/python3.12/site-packages/airflow/example_dags/example_external_task_marker_dag.py
[2024-12-21T21:29:48.921+0000] {processor.py:914} INFO - Processing file /home/airflow/.local/lib/python3.12/site-packages/airflow/example_dags/example_external_task_marker_dag.py for tasks to queue
[2024-12-21T21:29:48.925+0000] {logging_mixin.py:190} INFO - [2024-12-21T21:29:48.925+0000] {dagbag.py:588} INFO - Filling up the DagBag from /home/airflow/.local/lib/python3.12/site-packages/airflow/example_dags/example_external_task_marker_dag.py
[2024-12-21T21:29:48.941+0000] {processor.py:925} INFO - DAG(s) 'example_external_task_marker_child', 'example_external_task_marker_parent' retrieved from /home/airflow/.local/lib/python3.12/site-packages/airflow/example_dags/example_external_task_marker_dag.py
[2024-12-21T21:29:48.994+0000] {logging_mixin.py:190} INFO - [2024-12-21T21:29:48.993+0000] {dag.py:3239} INFO - Sync 2 DAGs
[2024-12-21T21:29:49.034+0000] {logging_mixin.py:190} INFO - [2024-12-21T21:29:49.033+0000] {dag.py:4180} INFO - Setting next_dagrun for example_external_task_marker_child to None, run_after=None
[2024-12-21T21:29:49.042+0000] {logging_mixin.py:190} INFO - [2024-12-21T21:29:49.042+0000] {dag.py:4180} INFO - Setting next_dagrun for example_external_task_marker_parent to None, run_after=None
[2024-12-21T21:29:49.082+0000] {processor.py:208} INFO - Processing /home/airflow/.local/lib/python3.12/site-packages/airflow/example_dags/example_external_task_marker_dag.py took 0.174 seconds
[2024-12-21T21:30:20.546+0000] {processor.py:186} INFO - Started process (PID=2489) to work on /home/airflow/.local/lib/python3.12/site-packages/airflow/example_dags/example_external_task_marker_dag.py
[2024-12-21T21:30:20.547+0000] {processor.py:914} INFO - Processing file /home/airflow/.local/lib/python3.12/site-packages/airflow/example_dags/example_external_task_marker_dag.py for tasks to queue
[2024-12-21T21:30:20.552+0000] {logging_mixin.py:190} INFO - [2024-12-21T21:30:20.552+0000] {dagbag.py:588} INFO - Filling up the DagBag from /home/airflow/.local/lib/python3.12/site-packages/airflow/example_dags/example_external_task_marker_dag.py
[2024-12-21T21:30:20.569+0000] {processor.py:925} INFO - DAG(s) 'example_external_task_marker_child', 'example_external_task_marker_parent' retrieved from /home/airflow/.local/lib/python3.12/site-packages/airflow/example_dags/example_external_task_marker_dag.py
[2024-12-21T21:30:20.618+0000] {logging_mixin.py:190} INFO - [2024-12-21T21:30:20.618+0000] {dag.py:3239} INFO - Sync 2 DAGs
[2024-12-21T21:30:20.653+0000] {logging_mixin.py:190} INFO - [2024-12-21T21:30:20.652+0000] {dag.py:4180} INFO - Setting next_dagrun for example_external_task_marker_child to None, run_after=None
[2024-12-21T21:30:20.661+0000] {logging_mixin.py:190} INFO - [2024-12-21T21:30:20.661+0000] {dag.py:4180} INFO - Setting next_dagrun for example_external_task_marker_parent to None, run_after=None
[2024-12-21T21:30:20.697+0000] {processor.py:208} INFO - Processing /home/airflow/.local/lib/python3.12/site-packages/airflow/example_dags/example_external_task_marker_dag.py took 0.163 seconds
[2024-12-21T21:30:52.524+0000] {processor.py:186} INFO - Started process (PID=2787) to work on /home/airflow/.local/lib/python3.12/site-packages/airflow/example_dags/example_external_task_marker_dag.py
[2024-12-21T21:30:52.526+0000] {processor.py:914} INFO - Processing file /home/airflow/.local/lib/python3.12/site-packages/airflow/example_dags/example_external_task_marker_dag.py for tasks to queue
[2024-12-21T21:30:52.531+0000] {logging_mixin.py:190} INFO - [2024-12-21T21:30:52.530+0000] {dagbag.py:588} INFO - Filling up the DagBag from /home/airflow/.local/lib/python3.12/site-packages/airflow/example_dags/example_external_task_marker_dag.py
[2024-12-21T21:30:52.546+0000] {processor.py:925} INFO - DAG(s) 'example_external_task_marker_child', 'example_external_task_marker_parent' retrieved from /home/airflow/.local/lib/python3.12/site-packages/airflow/example_dags/example_external_task_marker_dag.py
[2024-12-21T21:30:52.594+0000] {logging_mixin.py:190} INFO - [2024-12-21T21:30:52.594+0000] {dag.py:3239} INFO - Sync 2 DAGs
[2024-12-21T21:30:52.626+0000] {logging_mixin.py:190} INFO - [2024-12-21T21:30:52.626+0000] {dag.py:4180} INFO - Setting next_dagrun for example_external_task_marker_child to None, run_after=None
[2024-12-21T21:30:52.635+0000] {logging_mixin.py:190} INFO - [2024-12-21T21:30:52.634+0000] {dag.py:4180} INFO - Setting next_dagrun for example_external_task_marker_parent to None, run_after=None
[2024-12-21T21:30:52.669+0000] {processor.py:208} INFO - Processing /home/airflow/.local/lib/python3.12/site-packages/airflow/example_dags/example_external_task_marker_dag.py took 0.156 seconds
[2024-12-21T21:31:24.169+0000] {processor.py:186} INFO - Started process (PID=3081) to work on /home/airflow/.local/lib/python3.12/site-packages/airflow/example_dags/example_external_task_marker_dag.py
[2024-12-21T21:31:24.171+0000] {processor.py:914} INFO - Processing file /home/airflow/.local/lib/python3.12/site-packages/airflow/example_dags/example_external_task_marker_dag.py for tasks to queue
[2024-12-21T21:31:24.177+0000] {logging_mixin.py:190} INFO - [2024-12-21T21:31:24.176+0000] {dagbag.py:588} INFO - Filling up the DagBag from /home/airflow/.local/lib/python3.12/site-packages/airflow/example_dags/example_external_task_marker_dag.py
[2024-12-21T21:31:24.194+0000] {processor.py:925} INFO - DAG(s) 'example_external_task_marker_parent', 'example_external_task_marker_child' retrieved from /home/airflow/.local/lib/python3.12/site-packages/airflow/example_dags/example_external_task_marker_dag.py
[2024-12-21T21:31:24.246+0000] {logging_mixin.py:190} INFO - [2024-12-21T21:31:24.245+0000] {dag.py:3239} INFO - Sync 2 DAGs
[2024-12-21T21:31:24.283+0000] {logging_mixin.py:190} INFO - [2024-12-21T21:31:24.282+0000] {dag.py:4180} INFO - Setting next_dagrun for example_external_task_marker_child to None, run_after=None
[2024-12-21T21:31:24.291+0000] {logging_mixin.py:190} INFO - [2024-12-21T21:31:24.291+0000] {dag.py:4180} INFO - Setting next_dagrun for example_external_task_marker_parent to None, run_after=None
[2024-12-21T21:31:24.329+0000] {processor.py:208} INFO - Processing /home/airflow/.local/lib/python3.12/site-packages/airflow/example_dags/example_external_task_marker_dag.py took 0.170 seconds
[2024-12-21T21:31:56.611+0000] {processor.py:186} INFO - Started process (PID=3380) to work on /home/airflow/.local/lib/python3.12/site-packages/airflow/example_dags/example_external_task_marker_dag.py
[2024-12-21T21:31:56.614+0000] {processor.py:914} INFO - Processing file /home/airflow/.local/lib/python3.12/site-packages/airflow/example_dags/example_external_task_marker_dag.py for tasks to queue
[2024-12-21T21:31:56.621+0000] {logging_mixin.py:190} INFO - [2024-12-21T21:31:56.620+0000] {dagbag.py:588} INFO - Filling up the DagBag from /home/airflow/.local/lib/python3.12/site-packages/airflow/example_dags/example_external_task_marker_dag.py
[2024-12-21T21:31:56.641+0000] {processor.py:925} INFO - DAG(s) 'example_external_task_marker_parent', 'example_external_task_marker_child' retrieved from /home/airflow/.local/lib/python3.12/site-packages/airflow/example_dags/example_external_task_marker_dag.py
[2024-12-21T21:31:56.691+0000] {logging_mixin.py:190} INFO - [2024-12-21T21:31:56.691+0000] {dag.py:3239} INFO - Sync 2 DAGs
[2024-12-21T21:31:56.720+0000] {logging_mixin.py:190} INFO - [2024-12-21T21:31:56.720+0000] {dag.py:4180} INFO - Setting next_dagrun for example_external_task_marker_child to None, run_after=None
[2024-12-21T21:31:56.730+0000] {logging_mixin.py:190} INFO - [2024-12-21T21:31:56.729+0000] {dag.py:4180} INFO - Setting next_dagrun for example_external_task_marker_parent to None, run_after=None
[2024-12-21T21:31:56.773+0000] {processor.py:208} INFO - Processing /home/airflow/.local/lib/python3.12/site-packages/airflow/example_dags/example_external_task_marker_dag.py took 0.175 seconds
[2024-12-21T21:32:28.615+0000] {processor.py:186} INFO - Started process (PID=3674) to work on /home/airflow/.local/lib/python3.12/site-packages/airflow/example_dags/example_external_task_marker_dag.py
[2024-12-21T21:32:28.617+0000] {processor.py:914} INFO - Processing file /home/airflow/.local/lib/python3.12/site-packages/airflow/example_dags/example_external_task_marker_dag.py for tasks to queue
[2024-12-21T21:32:28.622+0000] {logging_mixin.py:190} INFO - [2024-12-21T21:32:28.621+0000] {dagbag.py:588} INFO - Filling up the DagBag from /home/airflow/.local/lib/python3.12/site-packages/airflow/example_dags/example_external_task_marker_dag.py
[2024-12-21T21:32:28.638+0000] {processor.py:925} INFO - DAG(s) 'example_external_task_marker_parent', 'example_external_task_marker_child' retrieved from /home/airflow/.local/lib/python3.12/site-packages/airflow/example_dags/example_external_task_marker_dag.py
[2024-12-21T21:32:28.699+0000] {logging_mixin.py:190} INFO - [2024-12-21T21:32:28.699+0000] {dag.py:3239} INFO - Sync 2 DAGs
[2024-12-21T21:32:28.730+0000] {logging_mixin.py:190} INFO - [2024-12-21T21:32:28.730+0000] {dag.py:4180} INFO - Setting next_dagrun for example_external_task_marker_child to None, run_after=None
[2024-12-21T21:32:28.739+0000] {logging_mixin.py:190} INFO - [2024-12-21T21:32:28.738+0000] {dag.py:4180} INFO - Setting next_dagrun for example_external_task_marker_parent to None, run_after=None
[2024-12-21T21:32:28.774+0000] {processor.py:208} INFO - Processing /home/airflow/.local/lib/python3.12/site-packages/airflow/example_dags/example_external_task_marker_dag.py took 0.173 seconds
[2024-12-21T21:32:59.950+0000] {processor.py:186} INFO - Started process (PID=3976) to work on /home/airflow/.local/lib/python3.12/site-packages/airflow/example_dags/example_external_task_marker_dag.py
[2024-12-21T21:32:59.952+0000] {processor.py:914} INFO - Processing file /home/airflow/.local/lib/python3.12/site-packages/airflow/example_dags/example_external_task_marker_dag.py for tasks to queue
[2024-12-21T21:32:59.958+0000] {logging_mixin.py:190} INFO - [2024-12-21T21:32:59.957+0000] {dagbag.py:588} INFO - Filling up the DagBag from /home/airflow/.local/lib/python3.12/site-packages/airflow/example_dags/example_external_task_marker_dag.py
[2024-12-21T21:32:59.973+0000] {processor.py:925} INFO - DAG(s) 'example_external_task_marker_child', 'example_external_task_marker_parent' retrieved from /home/airflow/.local/lib/python3.12/site-packages/airflow/example_dags/example_external_task_marker_dag.py
[2024-12-21T21:33:00.025+0000] {logging_mixin.py:190} INFO - [2024-12-21T21:33:00.025+0000] {dag.py:3239} INFO - Sync 2 DAGs
[2024-12-21T21:33:00.064+0000] {logging_mixin.py:190} INFO - [2024-12-21T21:33:00.064+0000] {dag.py:4180} INFO - Setting next_dagrun for example_external_task_marker_child to None, run_after=None
[2024-12-21T21:33:00.073+0000] {logging_mixin.py:190} INFO - [2024-12-21T21:33:00.073+0000] {dag.py:4180} INFO - Setting next_dagrun for example_external_task_marker_parent to None, run_after=None
[2024-12-21T21:33:00.108+0000] {processor.py:208} INFO - Processing /home/airflow/.local/lib/python3.12/site-packages/airflow/example_dags/example_external_task_marker_dag.py took 0.170 seconds
[2024-12-21T21:33:32.125+0000] {processor.py:186} INFO - Started process (PID=4272) to work on /home/airflow/.local/lib/python3.12/site-packages/airflow/example_dags/example_external_task_marker_dag.py
[2024-12-21T21:33:32.127+0000] {processor.py:914} INFO - Processing file /home/airflow/.local/lib/python3.12/site-packages/airflow/example_dags/example_external_task_marker_dag.py for tasks to queue
[2024-12-21T21:33:32.133+0000] {logging_mixin.py:190} INFO - [2024-12-21T21:33:32.132+0000] {dagbag.py:588} INFO - Filling up the DagBag from /home/airflow/.local/lib/python3.12/site-packages/airflow/example_dags/example_external_task_marker_dag.py
[2024-12-21T21:33:32.150+0000] {processor.py:925} INFO - DAG(s) 'example_external_task_marker_parent', 'example_external_task_marker_child' retrieved from /home/airflow/.local/lib/python3.12/site-packages/airflow/example_dags/example_external_task_marker_dag.py
[2024-12-21T21:33:32.208+0000] {logging_mixin.py:190} INFO - [2024-12-21T21:33:32.207+0000] {dag.py:3239} INFO - Sync 2 DAGs
[2024-12-21T21:33:32.241+0000] {logging_mixin.py:190} INFO - [2024-12-21T21:33:32.240+0000] {dag.py:4180} INFO - Setting next_dagrun for example_external_task_marker_child to None, run_after=None
[2024-12-21T21:33:32.249+0000] {logging_mixin.py:190} INFO - [2024-12-21T21:33:32.248+0000] {dag.py:4180} INFO - Setting next_dagrun for example_external_task_marker_parent to None, run_after=None
[2024-12-21T21:33:32.285+0000] {processor.py:208} INFO - Processing /home/airflow/.local/lib/python3.12/site-packages/airflow/example_dags/example_external_task_marker_dag.py took 0.173 seconds
[2024-12-21T21:34:03.794+0000] {processor.py:186} INFO - Started process (PID=4568) to work on /home/airflow/.local/lib/python3.12/site-packages/airflow/example_dags/example_external_task_marker_dag.py
[2024-12-21T21:34:03.796+0000] {processor.py:914} INFO - Processing file /home/airflow/.local/lib/python3.12/site-packages/airflow/example_dags/example_external_task_marker_dag.py for tasks to queue
[2024-12-21T21:34:03.800+0000] {logging_mixin.py:190} INFO - [2024-12-21T21:34:03.800+0000] {dagbag.py:588} INFO - Filling up the DagBag from /home/airflow/.local/lib/python3.12/site-packages/airflow/example_dags/example_external_task_marker_dag.py
[2024-12-21T21:34:03.814+0000] {processor.py:925} INFO - DAG(s) 'example_external_task_marker_child', 'example_external_task_marker_parent' retrieved from /home/airflow/.local/lib/python3.12/site-packages/airflow/example_dags/example_external_task_marker_dag.py
[2024-12-21T21:34:03.860+0000] {logging_mixin.py:190} INFO - [2024-12-21T21:34:03.860+0000] {dag.py:3239} INFO - Sync 2 DAGs
[2024-12-21T21:34:03.891+0000] {logging_mixin.py:190} INFO - [2024-12-21T21:34:03.890+0000] {dag.py:4180} INFO - Setting next_dagrun for example_external_task_marker_child to None, run_after=None
[2024-12-21T21:34:03.900+0000] {logging_mixin.py:190} INFO - [2024-12-21T21:34:03.900+0000] {dag.py:4180} INFO - Setting next_dagrun for example_external_task_marker_parent to None, run_after=None
[2024-12-21T21:34:03.936+0000] {processor.py:208} INFO - Processing /home/airflow/.local/lib/python3.12/site-packages/airflow/example_dags/example_external_task_marker_dag.py took 0.155 seconds
[2024-12-21T21:34:35.185+0000] {processor.py:186} INFO - Started process (PID=4865) to work on /home/airflow/.local/lib/python3.12/site-packages/airflow/example_dags/example_external_task_marker_dag.py
[2024-12-21T21:34:35.188+0000] {processor.py:914} INFO - Processing file /home/airflow/.local/lib/python3.12/site-packages/airflow/example_dags/example_external_task_marker_dag.py for tasks to queue
[2024-12-21T21:34:35.193+0000] {logging_mixin.py:190} INFO - [2024-12-21T21:34:35.192+0000] {dagbag.py:588} INFO - Filling up the DagBag from /home/airflow/.local/lib/python3.12/site-packages/airflow/example_dags/example_external_task_marker_dag.py
[2024-12-21T21:34:35.206+0000] {processor.py:925} INFO - DAG(s) 'example_external_task_marker_child', 'example_external_task_marker_parent' retrieved from /home/airflow/.local/lib/python3.12/site-packages/airflow/example_dags/example_external_task_marker_dag.py
[2024-12-21T21:34:35.251+0000] {logging_mixin.py:190} INFO - [2024-12-21T21:34:35.251+0000] {dag.py:3239} INFO - Sync 2 DAGs
[2024-12-21T21:34:35.283+0000] {logging_mixin.py:190} INFO - [2024-12-21T21:34:35.283+0000] {dag.py:4180} INFO - Setting next_dagrun for example_external_task_marker_child to None, run_after=None
[2024-12-21T21:34:35.291+0000] {logging_mixin.py:190} INFO - [2024-12-21T21:34:35.291+0000] {dag.py:4180} INFO - Setting next_dagrun for example_external_task_marker_parent to None, run_after=None
[2024-12-21T21:34:35.346+0000] {processor.py:208} INFO - Processing /home/airflow/.local/lib/python3.12/site-packages/airflow/example_dags/example_external_task_marker_dag.py took 0.172 seconds
[2024-12-21T21:35:05.665+0000] {processor.py:186} INFO - Started process (PID=5156) to work on /home/airflow/.local/lib/python3.12/site-packages/airflow/example_dags/example_external_task_marker_dag.py
[2024-12-21T21:35:05.667+0000] {processor.py:914} INFO - Processing file /home/airflow/.local/lib/python3.12/site-packages/airflow/example_dags/example_external_task_marker_dag.py for tasks to queue
[2024-12-21T21:35:05.671+0000] {logging_mixin.py:190} INFO - [2024-12-21T21:35:05.671+0000] {dagbag.py:588} INFO - Filling up the DagBag from /home/airflow/.local/lib/python3.12/site-packages/airflow/example_dags/example_external_task_marker_dag.py
[2024-12-21T21:35:05.685+0000] {processor.py:925} INFO - DAG(s) 'example_external_task_marker_child', 'example_external_task_marker_parent' retrieved from /home/airflow/.local/lib/python3.12/site-packages/airflow/example_dags/example_external_task_marker_dag.py
[2024-12-21T21:35:05.732+0000] {logging_mixin.py:190} INFO - [2024-12-21T21:35:05.732+0000] {dag.py:3239} INFO - Sync 2 DAGs
[2024-12-21T21:35:05.766+0000] {logging_mixin.py:190} INFO - [2024-12-21T21:35:05.766+0000] {dag.py:4180} INFO - Setting next_dagrun for example_external_task_marker_child to None, run_after=None
[2024-12-21T21:35:05.774+0000] {logging_mixin.py:190} INFO - [2024-12-21T21:35:05.774+0000] {dag.py:4180} INFO - Setting next_dagrun for example_external_task_marker_parent to None, run_after=None
[2024-12-21T21:35:05.833+0000] {processor.py:208} INFO - Processing /home/airflow/.local/lib/python3.12/site-packages/airflow/example_dags/example_external_task_marker_dag.py took 0.178 seconds
[2024-12-21T21:35:36.158+0000] {processor.py:186} INFO - Started process (PID=5447) to work on /home/airflow/.local/lib/python3.12/site-packages/airflow/example_dags/example_external_task_marker_dag.py
[2024-12-21T21:35:36.160+0000] {processor.py:914} INFO - Processing file /home/airflow/.local/lib/python3.12/site-packages/airflow/example_dags/example_external_task_marker_dag.py for tasks to queue
[2024-12-21T21:35:36.164+0000] {logging_mixin.py:190} INFO - [2024-12-21T21:35:36.163+0000] {dagbag.py:588} INFO - Filling up the DagBag from /home/airflow/.local/lib/python3.12/site-packages/airflow/example_dags/example_external_task_marker_dag.py
[2024-12-21T21:35:36.182+0000] {processor.py:925} INFO - DAG(s) 'example_external_task_marker_parent', 'example_external_task_marker_child' retrieved from /home/airflow/.local/lib/python3.12/site-packages/airflow/example_dags/example_external_task_marker_dag.py
[2024-12-21T21:35:36.230+0000] {logging_mixin.py:190} INFO - [2024-12-21T21:35:36.230+0000] {dag.py:3239} INFO - Sync 2 DAGs
[2024-12-21T21:35:36.269+0000] {logging_mixin.py:190} INFO - [2024-12-21T21:35:36.269+0000] {dag.py:4180} INFO - Setting next_dagrun for example_external_task_marker_child to None, run_after=None
[2024-12-21T21:35:36.279+0000] {logging_mixin.py:190} INFO - [2024-12-21T21:35:36.279+0000] {dag.py:4180} INFO - Setting next_dagrun for example_external_task_marker_parent to None, run_after=None
[2024-12-21T21:35:36.340+0000] {processor.py:208} INFO - Processing /home/airflow/.local/lib/python3.12/site-packages/airflow/example_dags/example_external_task_marker_dag.py took 0.195 seconds
[2024-12-21T21:36:06.572+0000] {processor.py:186} INFO - Started process (PID=5738) to work on /home/airflow/.local/lib/python3.12/site-packages/airflow/example_dags/example_external_task_marker_dag.py
[2024-12-21T21:36:06.575+0000] {processor.py:914} INFO - Processing file /home/airflow/.local/lib/python3.12/site-packages/airflow/example_dags/example_external_task_marker_dag.py for tasks to queue
[2024-12-21T21:36:06.583+0000] {logging_mixin.py:190} INFO - [2024-12-21T21:36:06.582+0000] {dagbag.py:588} INFO - Filling up the DagBag from /home/airflow/.local/lib/python3.12/site-packages/airflow/example_dags/example_external_task_marker_dag.py
[2024-12-21T21:36:06.603+0000] {processor.py:925} INFO - DAG(s) 'example_external_task_marker_parent', 'example_external_task_marker_child' retrieved from /home/airflow/.local/lib/python3.12/site-packages/airflow/example_dags/example_external_task_marker_dag.py
[2024-12-21T21:36:06.660+0000] {logging_mixin.py:190} INFO - [2024-12-21T21:36:06.659+0000] {dag.py:3239} INFO - Sync 2 DAGs
[2024-12-21T21:36:06.699+0000] {logging_mixin.py:190} INFO - [2024-12-21T21:36:06.698+0000] {dag.py:4180} INFO - Setting next_dagrun for example_external_task_marker_child to None, run_after=None
[2024-12-21T21:36:06.708+0000] {logging_mixin.py:190} INFO - [2024-12-21T21:36:06.708+0000] {dag.py:4180} INFO - Setting next_dagrun for example_external_task_marker_parent to None, run_after=None
[2024-12-21T21:36:06.768+0000] {processor.py:208} INFO - Processing /home/airflow/.local/lib/python3.12/site-packages/airflow/example_dags/example_external_task_marker_dag.py took 0.206 seconds
[2024-12-21T21:36:37.343+0000] {processor.py:186} INFO - Started process (PID=6034) to work on /home/airflow/.local/lib/python3.12/site-packages/airflow/example_dags/example_external_task_marker_dag.py
[2024-12-21T21:36:37.345+0000] {processor.py:914} INFO - Processing file /home/airflow/.local/lib/python3.12/site-packages/airflow/example_dags/example_external_task_marker_dag.py for tasks to queue
[2024-12-21T21:36:37.349+0000] {logging_mixin.py:190} INFO - [2024-12-21T21:36:37.348+0000] {dagbag.py:588} INFO - Filling up the DagBag from /home/airflow/.local/lib/python3.12/site-packages/airflow/example_dags/example_external_task_marker_dag.py
[2024-12-21T21:36:37.363+0000] {processor.py:925} INFO - DAG(s) 'example_external_task_marker_child', 'example_external_task_marker_parent' retrieved from /home/airflow/.local/lib/python3.12/site-packages/airflow/example_dags/example_external_task_marker_dag.py
[2024-12-21T21:36:37.409+0000] {logging_mixin.py:190} INFO - [2024-12-21T21:36:37.409+0000] {dag.py:3239} INFO - Sync 2 DAGs
[2024-12-21T21:36:37.441+0000] {logging_mixin.py:190} INFO - [2024-12-21T21:36:37.440+0000] {dag.py:4180} INFO - Setting next_dagrun for example_external_task_marker_child to None, run_after=None
[2024-12-21T21:36:37.451+0000] {logging_mixin.py:190} INFO - [2024-12-21T21:36:37.451+0000] {dag.py:4180} INFO - Setting next_dagrun for example_external_task_marker_parent to None, run_after=None
[2024-12-21T21:36:37.507+0000] {processor.py:208} INFO - Processing /home/airflow/.local/lib/python3.12/site-packages/airflow/example_dags/example_external_task_marker_dag.py took 0.174 seconds
[2024-12-21T21:37:07.649+0000] {processor.py:186} INFO - Started process (PID=6325) to work on /home/airflow/.local/lib/python3.12/site-packages/airflow/example_dags/example_external_task_marker_dag.py
[2024-12-21T21:37:07.651+0000] {processor.py:914} INFO - Processing file /home/airflow/.local/lib/python3.12/site-packages/airflow/example_dags/example_external_task_marker_dag.py for tasks to queue
[2024-12-21T21:37:07.656+0000] {logging_mixin.py:190} INFO - [2024-12-21T21:37:07.655+0000] {dagbag.py:588} INFO - Filling up the DagBag from /home/airflow/.local/lib/python3.12/site-packages/airflow/example_dags/example_external_task_marker_dag.py
[2024-12-21T21:37:07.669+0000] {processor.py:925} INFO - DAG(s) 'example_external_task_marker_parent', 'example_external_task_marker_child' retrieved from /home/airflow/.local/lib/python3.12/site-packages/airflow/example_dags/example_external_task_marker_dag.py
[2024-12-21T21:37:07.715+0000] {logging_mixin.py:190} INFO - [2024-12-21T21:37:07.714+0000] {dag.py:3239} INFO - Sync 2 DAGs
[2024-12-21T21:37:07.753+0000] {logging_mixin.py:190} INFO - [2024-12-21T21:37:07.753+0000] {dag.py:4180} INFO - Setting next_dagrun for example_external_task_marker_child to None, run_after=None
[2024-12-21T21:37:07.764+0000] {logging_mixin.py:190} INFO - [2024-12-21T21:37:07.763+0000] {dag.py:4180} INFO - Setting next_dagrun for example_external_task_marker_parent to None, run_after=None
[2024-12-21T21:37:07.825+0000] {processor.py:208} INFO - Processing /home/airflow/.local/lib/python3.12/site-packages/airflow/example_dags/example_external_task_marker_dag.py took 0.185 seconds
[2024-12-21T21:37:38.013+0000] {processor.py:186} INFO - Started process (PID=6618) to work on /home/airflow/.local/lib/python3.12/site-packages/airflow/example_dags/example_external_task_marker_dag.py
[2024-12-21T21:37:38.015+0000] {processor.py:914} INFO - Processing file /home/airflow/.local/lib/python3.12/site-packages/airflow/example_dags/example_external_task_marker_dag.py for tasks to queue
[2024-12-21T21:37:38.019+0000] {logging_mixin.py:190} INFO - [2024-12-21T21:37:38.019+0000] {dagbag.py:588} INFO - Filling up the DagBag from /home/airflow/.local/lib/python3.12/site-packages/airflow/example_dags/example_external_task_marker_dag.py
[2024-12-21T21:37:38.033+0000] {processor.py:925} INFO - DAG(s) 'example_external_task_marker_parent', 'example_external_task_marker_child' retrieved from /home/airflow/.local/lib/python3.12/site-packages/airflow/example_dags/example_external_task_marker_dag.py
[2024-12-21T21:37:38.082+0000] {logging_mixin.py:190} INFO - [2024-12-21T21:37:38.081+0000] {dag.py:3239} INFO - Sync 2 DAGs
[2024-12-21T21:37:38.117+0000] {logging_mixin.py:190} INFO - [2024-12-21T21:37:38.117+0000] {dag.py:4180} INFO - Setting next_dagrun for example_external_task_marker_child to None, run_after=None
[2024-12-21T21:37:38.125+0000] {logging_mixin.py:190} INFO - [2024-12-21T21:37:38.125+0000] {dag.py:4180} INFO - Setting next_dagrun for example_external_task_marker_parent to None, run_after=None
[2024-12-21T21:37:38.171+0000] {processor.py:208} INFO - Processing /home/airflow/.local/lib/python3.12/site-packages/airflow/example_dags/example_external_task_marker_dag.py took 0.168 seconds
[2024-12-21T21:38:08.714+0000] {processor.py:186} INFO - Started process (PID=6914) to work on /home/airflow/.local/lib/python3.12/site-packages/airflow/example_dags/example_external_task_marker_dag.py
[2024-12-21T21:38:08.717+0000] {processor.py:914} INFO - Processing file /home/airflow/.local/lib/python3.12/site-packages/airflow/example_dags/example_external_task_marker_dag.py for tasks to queue
[2024-12-21T21:38:08.722+0000] {logging_mixin.py:190} INFO - [2024-12-21T21:38:08.721+0000] {dagbag.py:588} INFO - Filling up the DagBag from /home/airflow/.local/lib/python3.12/site-packages/airflow/example_dags/example_external_task_marker_dag.py
[2024-12-21T21:38:08.747+0000] {processor.py:925} INFO - DAG(s) 'example_external_task_marker_parent', 'example_external_task_marker_child' retrieved from /home/airflow/.local/lib/python3.12/site-packages/airflow/example_dags/example_external_task_marker_dag.py
[2024-12-21T21:38:08.798+0000] {logging_mixin.py:190} INFO - [2024-12-21T21:38:08.797+0000] {dag.py:3239} INFO - Sync 2 DAGs
[2024-12-21T21:38:08.827+0000] {logging_mixin.py:190} INFO - [2024-12-21T21:38:08.827+0000] {dag.py:4180} INFO - Setting next_dagrun for example_external_task_marker_child to None, run_after=None
[2024-12-21T21:38:08.838+0000] {logging_mixin.py:190} INFO - [2024-12-21T21:38:08.837+0000] {dag.py:4180} INFO - Setting next_dagrun for example_external_task_marker_parent to None, run_after=None
[2024-12-21T21:38:08.897+0000] {processor.py:208} INFO - Processing /home/airflow/.local/lib/python3.12/site-packages/airflow/example_dags/example_external_task_marker_dag.py took 0.196 seconds
[2024-12-21T21:38:39.584+0000] {processor.py:186} INFO - Started process (PID=7210) to work on /home/airflow/.local/lib/python3.12/site-packages/airflow/example_dags/example_external_task_marker_dag.py
[2024-12-21T21:38:39.587+0000] {processor.py:914} INFO - Processing file /home/airflow/.local/lib/python3.12/site-packages/airflow/example_dags/example_external_task_marker_dag.py for tasks to queue
[2024-12-21T21:38:39.595+0000] {logging_mixin.py:190} INFO - [2024-12-21T21:38:39.594+0000] {dagbag.py:588} INFO - Filling up the DagBag from /home/airflow/.local/lib/python3.12/site-packages/airflow/example_dags/example_external_task_marker_dag.py
[2024-12-21T21:38:39.618+0000] {processor.py:925} INFO - DAG(s) 'example_external_task_marker_parent', 'example_external_task_marker_child' retrieved from /home/airflow/.local/lib/python3.12/site-packages/airflow/example_dags/example_external_task_marker_dag.py
[2024-12-21T21:38:39.697+0000] {logging_mixin.py:190} INFO - [2024-12-21T21:38:39.697+0000] {dag.py:3239} INFO - Sync 2 DAGs
[2024-12-21T21:38:39.753+0000] {logging_mixin.py:190} INFO - [2024-12-21T21:38:39.752+0000] {dag.py:4180} INFO - Setting next_dagrun for example_external_task_marker_child to None, run_after=None
[2024-12-21T21:38:39.768+0000] {logging_mixin.py:190} INFO - [2024-12-21T21:38:39.767+0000] {dag.py:4180} INFO - Setting next_dagrun for example_external_task_marker_parent to None, run_after=None
[2024-12-21T21:38:39.842+0000] {processor.py:208} INFO - Processing /home/airflow/.local/lib/python3.12/site-packages/airflow/example_dags/example_external_task_marker_dag.py took 0.277 seconds
[2024-12-21T21:39:09.952+0000] {processor.py:186} INFO - Started process (PID=7506) to work on /home/airflow/.local/lib/python3.12/site-packages/airflow/example_dags/example_external_task_marker_dag.py
[2024-12-21T21:39:09.955+0000] {processor.py:914} INFO - Processing file /home/airflow/.local/lib/python3.12/site-packages/airflow/example_dags/example_external_task_marker_dag.py for tasks to queue
[2024-12-21T21:39:09.960+0000] {logging_mixin.py:190} INFO - [2024-12-21T21:39:09.960+0000] {dagbag.py:588} INFO - Filling up the DagBag from /home/airflow/.local/lib/python3.12/site-packages/airflow/example_dags/example_external_task_marker_dag.py
[2024-12-21T21:39:09.980+0000] {processor.py:925} INFO - DAG(s) 'example_external_task_marker_parent', 'example_external_task_marker_child' retrieved from /home/airflow/.local/lib/python3.12/site-packages/airflow/example_dags/example_external_task_marker_dag.py
[2024-12-21T21:39:10.037+0000] {logging_mixin.py:190} INFO - [2024-12-21T21:39:10.037+0000] {dag.py:3239} INFO - Sync 2 DAGs
[2024-12-21T21:39:10.075+0000] {logging_mixin.py:190} INFO - [2024-12-21T21:39:10.075+0000] {dag.py:4180} INFO - Setting next_dagrun for example_external_task_marker_child to None, run_after=None
[2024-12-21T21:39:10.086+0000] {logging_mixin.py:190} INFO - [2024-12-21T21:39:10.085+0000] {dag.py:4180} INFO - Setting next_dagrun for example_external_task_marker_parent to None, run_after=None
[2024-12-21T21:39:10.151+0000] {processor.py:208} INFO - Processing /home/airflow/.local/lib/python3.12/site-packages/airflow/example_dags/example_external_task_marker_dag.py took 0.216 seconds
[2024-12-21T21:39:40.606+0000] {processor.py:186} INFO - Started process (PID=7802) to work on /home/airflow/.local/lib/python3.12/site-packages/airflow/example_dags/example_external_task_marker_dag.py
[2024-12-21T21:39:40.608+0000] {processor.py:914} INFO - Processing file /home/airflow/.local/lib/python3.12/site-packages/airflow/example_dags/example_external_task_marker_dag.py for tasks to queue
[2024-12-21T21:39:40.612+0000] {logging_mixin.py:190} INFO - [2024-12-21T21:39:40.611+0000] {dagbag.py:588} INFO - Filling up the DagBag from /home/airflow/.local/lib/python3.12/site-packages/airflow/example_dags/example_external_task_marker_dag.py
[2024-12-21T21:39:40.627+0000] {processor.py:925} INFO - DAG(s) 'example_external_task_marker_parent', 'example_external_task_marker_child' retrieved from /home/airflow/.local/lib/python3.12/site-packages/airflow/example_dags/example_external_task_marker_dag.py
[2024-12-21T21:39:40.675+0000] {logging_mixin.py:190} INFO - [2024-12-21T21:39:40.675+0000] {dag.py:3239} INFO - Sync 2 DAGs
[2024-12-21T21:39:40.711+0000] {logging_mixin.py:190} INFO - [2024-12-21T21:39:40.711+0000] {dag.py:4180} INFO - Setting next_dagrun for example_external_task_marker_child to None, run_after=None
[2024-12-21T21:39:40.720+0000] {logging_mixin.py:190} INFO - [2024-12-21T21:39:40.720+0000] {dag.py:4180} INFO - Setting next_dagrun for example_external_task_marker_parent to None, run_after=None
[2024-12-21T21:39:40.782+0000] {processor.py:208} INFO - Processing /home/airflow/.local/lib/python3.12/site-packages/airflow/example_dags/example_external_task_marker_dag.py took 0.186 seconds
[2024-12-21T21:40:11.131+0000] {processor.py:186} INFO - Started process (PID=8098) to work on /home/airflow/.local/lib/python3.12/site-packages/airflow/example_dags/example_external_task_marker_dag.py
[2024-12-21T21:40:11.134+0000] {processor.py:914} INFO - Processing file /home/airflow/.local/lib/python3.12/site-packages/airflow/example_dags/example_external_task_marker_dag.py for tasks to queue
[2024-12-21T21:40:11.141+0000] {logging_mixin.py:190} INFO - [2024-12-21T21:40:11.140+0000] {dagbag.py:588} INFO - Filling up the DagBag from /home/airflow/.local/lib/python3.12/site-packages/airflow/example_dags/example_external_task_marker_dag.py
[2024-12-21T21:40:11.164+0000] {processor.py:925} INFO - DAG(s) 'example_external_task_marker_parent', 'example_external_task_marker_child' retrieved from /home/airflow/.local/lib/python3.12/site-packages/airflow/example_dags/example_external_task_marker_dag.py
[2024-12-21T21:40:11.237+0000] {logging_mixin.py:190} INFO - [2024-12-21T21:40:11.237+0000] {dag.py:3239} INFO - Sync 2 DAGs
[2024-12-21T21:40:11.288+0000] {logging_mixin.py:190} INFO - [2024-12-21T21:40:11.287+0000] {dag.py:4180} INFO - Setting next_dagrun for example_external_task_marker_child to None, run_after=None
[2024-12-21T21:40:11.304+0000] {logging_mixin.py:190} INFO - [2024-12-21T21:40:11.303+0000] {dag.py:4180} INFO - Setting next_dagrun for example_external_task_marker_parent to None, run_after=None
[2024-12-21T21:40:11.357+0000] {processor.py:208} INFO - Processing /home/airflow/.local/lib/python3.12/site-packages/airflow/example_dags/example_external_task_marker_dag.py took 0.245 seconds
