[2024-12-21T21:11:21.077+0000] {processor.py:186} INFO - Started process (PID=342) to work on /home/airflow/.local/lib/python3.12/site-packages/airflow/example_dags/tutorial.py
[2024-12-21T21:11:21.080+0000] {processor.py:914} INFO - Processing file /home/airflow/.local/lib/python3.12/site-packages/airflow/example_dags/tutorial.py for tasks to queue
[2024-12-21T21:11:21.084+0000] {logging_mixin.py:190} INFO - [2024-12-21T21:11:21.083+0000] {dagbag.py:588} INFO - Filling up the DagBag from /home/airflow/.local/lib/python3.12/site-packages/airflow/example_dags/tutorial.py
[2024-12-21T21:11:21.104+0000] {processor.py:925} INFO - DAG(s) 'tutorial' retrieved from /home/airflow/.local/lib/python3.12/site-packages/airflow/example_dags/tutorial.py
[2024-12-21T21:11:21.371+0000] {logging_mixin.py:190} INFO - [2024-12-21T21:11:21.370+0000] {override.py:1911} INFO - Created Permission View: can delete on DAG:tutorial
[2024-12-21T21:11:21.397+0000] {logging_mixin.py:190} INFO - [2024-12-21T21:11:21.396+0000] {override.py:1911} INFO - Created Permission View: can edit on DAG:tutorial
[2024-12-21T21:11:21.413+0000] {logging_mixin.py:190} INFO - [2024-12-21T21:11:21.413+0000] {override.py:1911} INFO - Created Permission View: can read on DAG:tutorial
[2024-12-21T21:11:21.430+0000] {logging_mixin.py:190} INFO - [2024-12-21T21:11:21.429+0000] {override.py:1911} INFO - Created Permission View: can delete on DAG Run:tutorial
[2024-12-21T21:11:21.462+0000] {logging_mixin.py:190} INFO - [2024-12-21T21:11:21.462+0000] {override.py:1911} INFO - Created Permission View: can read on DAG Run:tutorial
[2024-12-21T21:11:21.477+0000] {logging_mixin.py:190} INFO - [2024-12-21T21:11:21.476+0000] {override.py:1911} INFO - Created Permission View: can create on DAG Run:tutorial
[2024-12-21T21:11:21.491+0000] {logging_mixin.py:190} INFO - [2024-12-21T21:11:21.491+0000] {override.py:1911} INFO - Created Permission View: menu access on DAG Run:tutorial
[2024-12-21T21:11:21.493+0000] {logging_mixin.py:190} INFO - [2024-12-21T21:11:21.492+0000] {dag.py:3239} INFO - Sync 1 DAGs
[2024-12-21T21:11:21.525+0000] {logging_mixin.py:190} INFO - [2024-12-21T21:11:21.525+0000] {dag.py:3262} INFO - Creating ORM DAG for tutorial
[2024-12-21T21:11:21.553+0000] {logging_mixin.py:190} INFO - [2024-12-21T21:11:21.552+0000] {dag.py:4180} INFO - Setting next_dagrun for tutorial to 2024-12-20 00:00:00+00:00, run_after=2024-12-21 00:00:00+00:00
[2024-12-21T21:11:21.588+0000] {processor.py:208} INFO - Processing /home/airflow/.local/lib/python3.12/site-packages/airflow/example_dags/tutorial.py took 0.523 seconds
[2024-12-21T21:11:52.186+0000] {processor.py:186} INFO - Started process (PID=638) to work on /home/airflow/.local/lib/python3.12/site-packages/airflow/example_dags/tutorial.py
[2024-12-21T21:11:52.188+0000] {processor.py:914} INFO - Processing file /home/airflow/.local/lib/python3.12/site-packages/airflow/example_dags/tutorial.py for tasks to queue
[2024-12-21T21:11:52.192+0000] {logging_mixin.py:190} INFO - [2024-12-21T21:11:52.192+0000] {dagbag.py:588} INFO - Filling up the DagBag from /home/airflow/.local/lib/python3.12/site-packages/airflow/example_dags/tutorial.py
[2024-12-21T21:11:52.210+0000] {processor.py:925} INFO - DAG(s) 'tutorial' retrieved from /home/airflow/.local/lib/python3.12/site-packages/airflow/example_dags/tutorial.py
[2024-12-21T21:11:52.263+0000] {logging_mixin.py:190} INFO - [2024-12-21T21:11:52.263+0000] {dag.py:3239} INFO - Sync 1 DAGs
[2024-12-21T21:11:52.320+0000] {logging_mixin.py:190} INFO - [2024-12-21T21:11:52.318+0000] {dag.py:4180} INFO - Setting next_dagrun for tutorial to 2024-12-20 00:00:00+00:00, run_after=2024-12-21 00:00:00+00:00
[2024-12-21T21:11:52.364+0000] {processor.py:208} INFO - Processing /home/airflow/.local/lib/python3.12/site-packages/airflow/example_dags/tutorial.py took 0.190 seconds
[2024-12-21T21:12:23.058+0000] {processor.py:186} INFO - Started process (PID=934) to work on /home/airflow/.local/lib/python3.12/site-packages/airflow/example_dags/tutorial.py
[2024-12-21T21:12:23.060+0000] {processor.py:914} INFO - Processing file /home/airflow/.local/lib/python3.12/site-packages/airflow/example_dags/tutorial.py for tasks to queue
[2024-12-21T21:12:23.064+0000] {logging_mixin.py:190} INFO - [2024-12-21T21:12:23.064+0000] {dagbag.py:588} INFO - Filling up the DagBag from /home/airflow/.local/lib/python3.12/site-packages/airflow/example_dags/tutorial.py
[2024-12-21T21:12:23.078+0000] {processor.py:925} INFO - DAG(s) 'tutorial' retrieved from /home/airflow/.local/lib/python3.12/site-packages/airflow/example_dags/tutorial.py
[2024-12-21T21:12:23.118+0000] {logging_mixin.py:190} INFO - [2024-12-21T21:12:23.117+0000] {dag.py:3239} INFO - Sync 1 DAGs
[2024-12-21T21:12:23.164+0000] {logging_mixin.py:190} INFO - [2024-12-21T21:12:23.163+0000] {dag.py:4180} INFO - Setting next_dagrun for tutorial to 2024-12-20 00:00:00+00:00, run_after=2024-12-21 00:00:00+00:00
[2024-12-21T21:12:23.202+0000] {processor.py:208} INFO - Processing /home/airflow/.local/lib/python3.12/site-packages/airflow/example_dags/tutorial.py took 0.155 seconds
[2024-12-21T21:12:53.590+0000] {processor.py:186} INFO - Started process (PID=1227) to work on /home/airflow/.local/lib/python3.12/site-packages/airflow/example_dags/tutorial.py
[2024-12-21T21:12:53.593+0000] {processor.py:914} INFO - Processing file /home/airflow/.local/lib/python3.12/site-packages/airflow/example_dags/tutorial.py for tasks to queue
[2024-12-21T21:12:53.606+0000] {logging_mixin.py:190} INFO - [2024-12-21T21:12:53.605+0000] {dagbag.py:588} INFO - Filling up the DagBag from /home/airflow/.local/lib/python3.12/site-packages/airflow/example_dags/tutorial.py
[2024-12-21T21:12:53.633+0000] {processor.py:925} INFO - DAG(s) 'tutorial' retrieved from /home/airflow/.local/lib/python3.12/site-packages/airflow/example_dags/tutorial.py
[2024-12-21T21:12:53.677+0000] {logging_mixin.py:190} INFO - [2024-12-21T21:12:53.676+0000] {dag.py:3239} INFO - Sync 1 DAGs
[2024-12-21T21:12:53.732+0000] {logging_mixin.py:190} INFO - [2024-12-21T21:12:53.731+0000] {dag.py:4180} INFO - Setting next_dagrun for tutorial to 2024-12-20 00:00:00+00:00, run_after=2024-12-21 00:00:00+00:00
[2024-12-21T21:12:53.799+0000] {processor.py:208} INFO - Processing /home/airflow/.local/lib/python3.12/site-packages/airflow/example_dags/tutorial.py took 0.233 seconds
[2024-12-21T21:13:25.396+0000] {processor.py:186} INFO - Started process (PID=1529) to work on /home/airflow/.local/lib/python3.12/site-packages/airflow/example_dags/tutorial.py
[2024-12-21T21:13:25.398+0000] {processor.py:914} INFO - Processing file /home/airflow/.local/lib/python3.12/site-packages/airflow/example_dags/tutorial.py for tasks to queue
[2024-12-21T21:13:25.403+0000] {logging_mixin.py:190} INFO - [2024-12-21T21:13:25.402+0000] {dagbag.py:588} INFO - Filling up the DagBag from /home/airflow/.local/lib/python3.12/site-packages/airflow/example_dags/tutorial.py
[2024-12-21T21:13:25.419+0000] {processor.py:925} INFO - DAG(s) 'tutorial' retrieved from /home/airflow/.local/lib/python3.12/site-packages/airflow/example_dags/tutorial.py
[2024-12-21T21:13:25.461+0000] {logging_mixin.py:190} INFO - [2024-12-21T21:13:25.460+0000] {dag.py:3239} INFO - Sync 1 DAGs
[2024-12-21T21:13:25.508+0000] {logging_mixin.py:190} INFO - [2024-12-21T21:13:25.507+0000] {dag.py:4180} INFO - Setting next_dagrun for tutorial to 2024-12-20 00:00:00+00:00, run_after=2024-12-21 00:00:00+00:00
[2024-12-21T21:13:25.569+0000] {processor.py:208} INFO - Processing /home/airflow/.local/lib/python3.12/site-packages/airflow/example_dags/tutorial.py took 0.187 seconds
[2024-12-21T21:13:55.942+0000] {processor.py:186} INFO - Started process (PID=1823) to work on /home/airflow/.local/lib/python3.12/site-packages/airflow/example_dags/tutorial.py
[2024-12-21T21:13:55.944+0000] {processor.py:914} INFO - Processing file /home/airflow/.local/lib/python3.12/site-packages/airflow/example_dags/tutorial.py for tasks to queue
[2024-12-21T21:13:55.948+0000] {logging_mixin.py:190} INFO - [2024-12-21T21:13:55.948+0000] {dagbag.py:588} INFO - Filling up the DagBag from /home/airflow/.local/lib/python3.12/site-packages/airflow/example_dags/tutorial.py
[2024-12-21T21:13:55.962+0000] {processor.py:925} INFO - DAG(s) 'tutorial' retrieved from /home/airflow/.local/lib/python3.12/site-packages/airflow/example_dags/tutorial.py
[2024-12-21T21:13:56.003+0000] {logging_mixin.py:190} INFO - [2024-12-21T21:13:56.002+0000] {dag.py:3239} INFO - Sync 1 DAGs
[2024-12-21T21:13:56.052+0000] {logging_mixin.py:190} INFO - [2024-12-21T21:13:56.052+0000] {dag.py:4180} INFO - Setting next_dagrun for tutorial to 2024-12-20 00:00:00+00:00, run_after=2024-12-21 00:00:00+00:00
[2024-12-21T21:13:56.114+0000] {processor.py:208} INFO - Processing /home/airflow/.local/lib/python3.12/site-packages/airflow/example_dags/tutorial.py took 0.186 seconds
[2024-12-21T21:14:26.974+0000] {processor.py:186} INFO - Started process (PID=2114) to work on /home/airflow/.local/lib/python3.12/site-packages/airflow/example_dags/tutorial.py
[2024-12-21T21:14:26.976+0000] {processor.py:914} INFO - Processing file /home/airflow/.local/lib/python3.12/site-packages/airflow/example_dags/tutorial.py for tasks to queue
[2024-12-21T21:14:26.981+0000] {logging_mixin.py:190} INFO - [2024-12-21T21:14:26.981+0000] {dagbag.py:588} INFO - Filling up the DagBag from /home/airflow/.local/lib/python3.12/site-packages/airflow/example_dags/tutorial.py
[2024-12-21T21:14:26.997+0000] {processor.py:925} INFO - DAG(s) 'tutorial' retrieved from /home/airflow/.local/lib/python3.12/site-packages/airflow/example_dags/tutorial.py
[2024-12-21T21:14:27.042+0000] {logging_mixin.py:190} INFO - [2024-12-21T21:14:27.041+0000] {dag.py:3239} INFO - Sync 1 DAGs
[2024-12-21T21:14:27.097+0000] {logging_mixin.py:190} INFO - [2024-12-21T21:14:27.097+0000] {dag.py:4180} INFO - Setting next_dagrun for tutorial to 2024-12-20 00:00:00+00:00, run_after=2024-12-21 00:00:00+00:00
[2024-12-21T21:14:27.158+0000] {processor.py:208} INFO - Processing /home/airflow/.local/lib/python3.12/site-packages/airflow/example_dags/tutorial.py took 0.194 seconds
[2024-12-21T21:14:57.329+0000] {processor.py:186} INFO - Started process (PID=2405) to work on /home/airflow/.local/lib/python3.12/site-packages/airflow/example_dags/tutorial.py
[2024-12-21T21:14:57.331+0000] {processor.py:914} INFO - Processing file /home/airflow/.local/lib/python3.12/site-packages/airflow/example_dags/tutorial.py for tasks to queue
[2024-12-21T21:14:57.337+0000] {logging_mixin.py:190} INFO - [2024-12-21T21:14:57.336+0000] {dagbag.py:588} INFO - Filling up the DagBag from /home/airflow/.local/lib/python3.12/site-packages/airflow/example_dags/tutorial.py
[2024-12-21T21:14:57.354+0000] {processor.py:925} INFO - DAG(s) 'tutorial' retrieved from /home/airflow/.local/lib/python3.12/site-packages/airflow/example_dags/tutorial.py
[2024-12-21T21:14:57.395+0000] {logging_mixin.py:190} INFO - [2024-12-21T21:14:57.395+0000] {dag.py:3239} INFO - Sync 1 DAGs
[2024-12-21T21:14:57.442+0000] {logging_mixin.py:190} INFO - [2024-12-21T21:14:57.442+0000] {dag.py:4180} INFO - Setting next_dagrun for tutorial to 2024-12-20 00:00:00+00:00, run_after=2024-12-21 00:00:00+00:00
[2024-12-21T21:14:57.502+0000] {processor.py:208} INFO - Processing /home/airflow/.local/lib/python3.12/site-packages/airflow/example_dags/tutorial.py took 0.183 seconds
[2024-12-21T21:15:27.653+0000] {processor.py:186} INFO - Started process (PID=2701) to work on /home/airflow/.local/lib/python3.12/site-packages/airflow/example_dags/tutorial.py
[2024-12-21T21:15:27.655+0000] {processor.py:914} INFO - Processing file /home/airflow/.local/lib/python3.12/site-packages/airflow/example_dags/tutorial.py for tasks to queue
[2024-12-21T21:15:27.660+0000] {logging_mixin.py:190} INFO - [2024-12-21T21:15:27.659+0000] {dagbag.py:588} INFO - Filling up the DagBag from /home/airflow/.local/lib/python3.12/site-packages/airflow/example_dags/tutorial.py
[2024-12-21T21:15:27.677+0000] {processor.py:925} INFO - DAG(s) 'tutorial' retrieved from /home/airflow/.local/lib/python3.12/site-packages/airflow/example_dags/tutorial.py
[2024-12-21T21:15:27.720+0000] {logging_mixin.py:190} INFO - [2024-12-21T21:15:27.720+0000] {dag.py:3239} INFO - Sync 1 DAGs
[2024-12-21T21:15:27.773+0000] {logging_mixin.py:190} INFO - [2024-12-21T21:15:27.773+0000] {dag.py:4180} INFO - Setting next_dagrun for tutorial to 2024-12-20 00:00:00+00:00, run_after=2024-12-21 00:00:00+00:00
[2024-12-21T21:15:27.838+0000] {processor.py:208} INFO - Processing /home/airflow/.local/lib/python3.12/site-packages/airflow/example_dags/tutorial.py took 0.196 seconds
[2024-12-21T21:15:58.138+0000] {processor.py:186} INFO - Started process (PID=2997) to work on /home/airflow/.local/lib/python3.12/site-packages/airflow/example_dags/tutorial.py
[2024-12-21T21:15:58.141+0000] {processor.py:914} INFO - Processing file /home/airflow/.local/lib/python3.12/site-packages/airflow/example_dags/tutorial.py for tasks to queue
[2024-12-21T21:15:58.147+0000] {logging_mixin.py:190} INFO - [2024-12-21T21:15:58.146+0000] {dagbag.py:588} INFO - Filling up the DagBag from /home/airflow/.local/lib/python3.12/site-packages/airflow/example_dags/tutorial.py
[2024-12-21T21:15:58.175+0000] {processor.py:925} INFO - DAG(s) 'tutorial' retrieved from /home/airflow/.local/lib/python3.12/site-packages/airflow/example_dags/tutorial.py
[2024-12-21T21:15:58.270+0000] {logging_mixin.py:190} INFO - [2024-12-21T21:15:58.269+0000] {dag.py:3239} INFO - Sync 1 DAGs
[2024-12-21T21:15:58.390+0000] {logging_mixin.py:190} INFO - [2024-12-21T21:15:58.390+0000] {dag.py:4180} INFO - Setting next_dagrun for tutorial to 2024-12-20 00:00:00+00:00, run_after=2024-12-21 00:00:00+00:00
[2024-12-21T21:15:58.491+0000] {processor.py:208} INFO - Processing /home/airflow/.local/lib/python3.12/site-packages/airflow/example_dags/tutorial.py took 0.373 seconds
[2024-12-21T21:16:29.025+0000] {processor.py:186} INFO - Started process (PID=3292) to work on /home/airflow/.local/lib/python3.12/site-packages/airflow/example_dags/tutorial.py
[2024-12-21T21:16:29.027+0000] {processor.py:914} INFO - Processing file /home/airflow/.local/lib/python3.12/site-packages/airflow/example_dags/tutorial.py for tasks to queue
[2024-12-21T21:16:29.031+0000] {logging_mixin.py:190} INFO - [2024-12-21T21:16:29.031+0000] {dagbag.py:588} INFO - Filling up the DagBag from /home/airflow/.local/lib/python3.12/site-packages/airflow/example_dags/tutorial.py
[2024-12-21T21:16:29.046+0000] {processor.py:925} INFO - DAG(s) 'tutorial' retrieved from /home/airflow/.local/lib/python3.12/site-packages/airflow/example_dags/tutorial.py
[2024-12-21T21:16:29.099+0000] {logging_mixin.py:190} INFO - [2024-12-21T21:16:29.098+0000] {dag.py:3239} INFO - Sync 1 DAGs
[2024-12-21T21:16:29.191+0000] {logging_mixin.py:190} INFO - [2024-12-21T21:16:29.191+0000] {dag.py:4180} INFO - Setting next_dagrun for tutorial to 2024-12-20 00:00:00+00:00, run_after=2024-12-21 00:00:00+00:00
[2024-12-21T21:16:29.244+0000] {processor.py:208} INFO - Processing /home/airflow/.local/lib/python3.12/site-packages/airflow/example_dags/tutorial.py took 0.231 seconds
[2024-12-21T21:16:59.785+0000] {processor.py:186} INFO - Started process (PID=3588) to work on /home/airflow/.local/lib/python3.12/site-packages/airflow/example_dags/tutorial.py
[2024-12-21T21:16:59.787+0000] {processor.py:914} INFO - Processing file /home/airflow/.local/lib/python3.12/site-packages/airflow/example_dags/tutorial.py for tasks to queue
[2024-12-21T21:16:59.794+0000] {logging_mixin.py:190} INFO - [2024-12-21T21:16:59.793+0000] {dagbag.py:588} INFO - Filling up the DagBag from /home/airflow/.local/lib/python3.12/site-packages/airflow/example_dags/tutorial.py
[2024-12-21T21:16:59.813+0000] {processor.py:925} INFO - DAG(s) 'tutorial' retrieved from /home/airflow/.local/lib/python3.12/site-packages/airflow/example_dags/tutorial.py
[2024-12-21T21:16:59.871+0000] {logging_mixin.py:190} INFO - [2024-12-21T21:16:59.870+0000] {dag.py:3239} INFO - Sync 1 DAGs
[2024-12-21T21:16:59.953+0000] {logging_mixin.py:190} INFO - [2024-12-21T21:16:59.952+0000] {dag.py:4180} INFO - Setting next_dagrun for tutorial to 2024-12-20 00:00:00+00:00, run_after=2024-12-21 00:00:00+00:00
[2024-12-21T21:17:00.008+0000] {processor.py:208} INFO - Processing /home/airflow/.local/lib/python3.12/site-packages/airflow/example_dags/tutorial.py took 0.243 seconds
[2024-12-21T21:17:30.614+0000] {processor.py:186} INFO - Started process (PID=3884) to work on /home/airflow/.local/lib/python3.12/site-packages/airflow/example_dags/tutorial.py
[2024-12-21T21:17:30.616+0000] {processor.py:914} INFO - Processing file /home/airflow/.local/lib/python3.12/site-packages/airflow/example_dags/tutorial.py for tasks to queue
[2024-12-21T21:17:30.621+0000] {logging_mixin.py:190} INFO - [2024-12-21T21:17:30.620+0000] {dagbag.py:588} INFO - Filling up the DagBag from /home/airflow/.local/lib/python3.12/site-packages/airflow/example_dags/tutorial.py
[2024-12-21T21:17:30.641+0000] {processor.py:925} INFO - DAG(s) 'tutorial' retrieved from /home/airflow/.local/lib/python3.12/site-packages/airflow/example_dags/tutorial.py
[2024-12-21T21:17:30.684+0000] {logging_mixin.py:190} INFO - [2024-12-21T21:17:30.684+0000] {dag.py:3239} INFO - Sync 1 DAGs
[2024-12-21T21:17:30.739+0000] {logging_mixin.py:190} INFO - [2024-12-21T21:17:30.738+0000] {dag.py:4180} INFO - Setting next_dagrun for tutorial to 2024-12-20 00:00:00+00:00, run_after=2024-12-21 00:00:00+00:00
[2024-12-21T21:17:30.803+0000] {processor.py:208} INFO - Processing /home/airflow/.local/lib/python3.12/site-packages/airflow/example_dags/tutorial.py took 0.201 seconds
[2024-12-21T21:18:01.209+0000] {processor.py:186} INFO - Started process (PID=4180) to work on /home/airflow/.local/lib/python3.12/site-packages/airflow/example_dags/tutorial.py
[2024-12-21T21:18:01.211+0000] {processor.py:914} INFO - Processing file /home/airflow/.local/lib/python3.12/site-packages/airflow/example_dags/tutorial.py for tasks to queue
[2024-12-21T21:18:01.217+0000] {logging_mixin.py:190} INFO - [2024-12-21T21:18:01.216+0000] {dagbag.py:588} INFO - Filling up the DagBag from /home/airflow/.local/lib/python3.12/site-packages/airflow/example_dags/tutorial.py
[2024-12-21T21:18:01.235+0000] {processor.py:925} INFO - DAG(s) 'tutorial' retrieved from /home/airflow/.local/lib/python3.12/site-packages/airflow/example_dags/tutorial.py
[2024-12-21T21:18:01.283+0000] {logging_mixin.py:190} INFO - [2024-12-21T21:18:01.282+0000] {dag.py:3239} INFO - Sync 1 DAGs
[2024-12-21T21:18:01.343+0000] {logging_mixin.py:190} INFO - [2024-12-21T21:18:01.342+0000] {dag.py:4180} INFO - Setting next_dagrun for tutorial to 2024-12-20 00:00:00+00:00, run_after=2024-12-21 00:00:00+00:00
[2024-12-21T21:18:01.418+0000] {processor.py:208} INFO - Processing /home/airflow/.local/lib/python3.12/site-packages/airflow/example_dags/tutorial.py took 0.224 seconds
[2024-12-21T21:18:31.756+0000] {processor.py:186} INFO - Started process (PID=4476) to work on /home/airflow/.local/lib/python3.12/site-packages/airflow/example_dags/tutorial.py
[2024-12-21T21:18:31.758+0000] {processor.py:914} INFO - Processing file /home/airflow/.local/lib/python3.12/site-packages/airflow/example_dags/tutorial.py for tasks to queue
[2024-12-21T21:18:31.765+0000] {logging_mixin.py:190} INFO - [2024-12-21T21:18:31.764+0000] {dagbag.py:588} INFO - Filling up the DagBag from /home/airflow/.local/lib/python3.12/site-packages/airflow/example_dags/tutorial.py
[2024-12-21T21:18:31.785+0000] {processor.py:925} INFO - DAG(s) 'tutorial' retrieved from /home/airflow/.local/lib/python3.12/site-packages/airflow/example_dags/tutorial.py
[2024-12-21T21:18:31.836+0000] {logging_mixin.py:190} INFO - [2024-12-21T21:18:31.835+0000] {dag.py:3239} INFO - Sync 1 DAGs
[2024-12-21T21:18:31.962+0000] {logging_mixin.py:190} INFO - [2024-12-21T21:18:31.961+0000] {dag.py:4180} INFO - Setting next_dagrun for tutorial to 2024-12-20 00:00:00+00:00, run_after=2024-12-21 00:00:00+00:00
[2024-12-21T21:18:32.067+0000] {processor.py:208} INFO - Processing /home/airflow/.local/lib/python3.12/site-packages/airflow/example_dags/tutorial.py took 0.329 seconds
[2024-12-21T21:19:03.136+0000] {processor.py:186} INFO - Started process (PID=4772) to work on /home/airflow/.local/lib/python3.12/site-packages/airflow/example_dags/tutorial.py
[2024-12-21T21:19:03.138+0000] {processor.py:914} INFO - Processing file /home/airflow/.local/lib/python3.12/site-packages/airflow/example_dags/tutorial.py for tasks to queue
[2024-12-21T21:19:03.142+0000] {logging_mixin.py:190} INFO - [2024-12-21T21:19:03.141+0000] {dagbag.py:588} INFO - Filling up the DagBag from /home/airflow/.local/lib/python3.12/site-packages/airflow/example_dags/tutorial.py
[2024-12-21T21:19:03.170+0000] {processor.py:925} INFO - DAG(s) 'tutorial' retrieved from /home/airflow/.local/lib/python3.12/site-packages/airflow/example_dags/tutorial.py
[2024-12-21T21:19:03.250+0000] {logging_mixin.py:190} INFO - [2024-12-21T21:19:03.249+0000] {dag.py:3239} INFO - Sync 1 DAGs
[2024-12-21T21:19:03.336+0000] {logging_mixin.py:190} INFO - [2024-12-21T21:19:03.335+0000] {dag.py:4180} INFO - Setting next_dagrun for tutorial to 2024-12-20 00:00:00+00:00, run_after=2024-12-21 00:00:00+00:00
[2024-12-21T21:19:03.378+0000] {processor.py:208} INFO - Processing /home/airflow/.local/lib/python3.12/site-packages/airflow/example_dags/tutorial.py took 0.253 seconds
[2024-12-21T21:19:33.561+0000] {processor.py:186} INFO - Started process (PID=5065) to work on /home/airflow/.local/lib/python3.12/site-packages/airflow/example_dags/tutorial.py
[2024-12-21T21:19:33.567+0000] {processor.py:914} INFO - Processing file /home/airflow/.local/lib/python3.12/site-packages/airflow/example_dags/tutorial.py for tasks to queue
[2024-12-21T21:19:33.579+0000] {logging_mixin.py:190} INFO - [2024-12-21T21:19:33.578+0000] {dagbag.py:588} INFO - Filling up the DagBag from /home/airflow/.local/lib/python3.12/site-packages/airflow/example_dags/tutorial.py
[2024-12-21T21:19:33.602+0000] {processor.py:925} INFO - DAG(s) 'tutorial' retrieved from /home/airflow/.local/lib/python3.12/site-packages/airflow/example_dags/tutorial.py
[2024-12-21T21:19:33.656+0000] {logging_mixin.py:190} INFO - [2024-12-21T21:19:33.655+0000] {dag.py:3239} INFO - Sync 1 DAGs
[2024-12-21T21:19:33.703+0000] {logging_mixin.py:190} INFO - [2024-12-21T21:19:33.702+0000] {dag.py:4180} INFO - Setting next_dagrun for tutorial to 2024-12-20 00:00:00+00:00, run_after=2024-12-21 00:00:00+00:00
[2024-12-21T21:19:33.744+0000] {processor.py:208} INFO - Processing /home/airflow/.local/lib/python3.12/site-packages/airflow/example_dags/tutorial.py took 0.213 seconds
[2024-12-21T21:20:04.507+0000] {processor.py:186} INFO - Started process (PID=5363) to work on /home/airflow/.local/lib/python3.12/site-packages/airflow/example_dags/tutorial.py
[2024-12-21T21:20:04.508+0000] {processor.py:914} INFO - Processing file /home/airflow/.local/lib/python3.12/site-packages/airflow/example_dags/tutorial.py for tasks to queue
[2024-12-21T21:20:04.513+0000] {logging_mixin.py:190} INFO - [2024-12-21T21:20:04.512+0000] {dagbag.py:588} INFO - Filling up the DagBag from /home/airflow/.local/lib/python3.12/site-packages/airflow/example_dags/tutorial.py
[2024-12-21T21:20:04.527+0000] {processor.py:925} INFO - DAG(s) 'tutorial' retrieved from /home/airflow/.local/lib/python3.12/site-packages/airflow/example_dags/tutorial.py
[2024-12-21T21:20:04.573+0000] {logging_mixin.py:190} INFO - [2024-12-21T21:20:04.572+0000] {dag.py:3239} INFO - Sync 1 DAGs
[2024-12-21T21:20:04.625+0000] {logging_mixin.py:190} INFO - [2024-12-21T21:20:04.625+0000] {dag.py:4180} INFO - Setting next_dagrun for tutorial to 2024-12-20 00:00:00+00:00, run_after=2024-12-21 00:00:00+00:00
[2024-12-21T21:20:04.688+0000] {processor.py:208} INFO - Processing /home/airflow/.local/lib/python3.12/site-packages/airflow/example_dags/tutorial.py took 0.192 seconds
[2024-12-21T21:20:36.038+0000] {processor.py:186} INFO - Started process (PID=5661) to work on /home/airflow/.local/lib/python3.12/site-packages/airflow/example_dags/tutorial.py
[2024-12-21T21:20:36.040+0000] {processor.py:914} INFO - Processing file /home/airflow/.local/lib/python3.12/site-packages/airflow/example_dags/tutorial.py for tasks to queue
[2024-12-21T21:20:36.046+0000] {logging_mixin.py:190} INFO - [2024-12-21T21:20:36.045+0000] {dagbag.py:588} INFO - Filling up the DagBag from /home/airflow/.local/lib/python3.12/site-packages/airflow/example_dags/tutorial.py
[2024-12-21T21:20:36.067+0000] {processor.py:925} INFO - DAG(s) 'tutorial' retrieved from /home/airflow/.local/lib/python3.12/site-packages/airflow/example_dags/tutorial.py
[2024-12-21T21:20:36.117+0000] {logging_mixin.py:190} INFO - [2024-12-21T21:20:36.116+0000] {dag.py:3239} INFO - Sync 1 DAGs
[2024-12-21T21:20:36.176+0000] {logging_mixin.py:190} INFO - [2024-12-21T21:20:36.176+0000] {dag.py:4180} INFO - Setting next_dagrun for tutorial to 2024-12-20 00:00:00+00:00, run_after=2024-12-21 00:00:00+00:00
[2024-12-21T21:20:36.227+0000] {processor.py:208} INFO - Processing /home/airflow/.local/lib/python3.12/site-packages/airflow/example_dags/tutorial.py took 0.204 seconds
[2024-12-21T21:21:07.049+0000] {processor.py:186} INFO - Started process (PID=5958) to work on /home/airflow/.local/lib/python3.12/site-packages/airflow/example_dags/tutorial.py
[2024-12-21T21:21:07.052+0000] {processor.py:914} INFO - Processing file /home/airflow/.local/lib/python3.12/site-packages/airflow/example_dags/tutorial.py for tasks to queue
[2024-12-21T21:21:07.058+0000] {logging_mixin.py:190} INFO - [2024-12-21T21:21:07.057+0000] {dagbag.py:588} INFO - Filling up the DagBag from /home/airflow/.local/lib/python3.12/site-packages/airflow/example_dags/tutorial.py
[2024-12-21T21:21:07.074+0000] {processor.py:925} INFO - DAG(s) 'tutorial' retrieved from /home/airflow/.local/lib/python3.12/site-packages/airflow/example_dags/tutorial.py
[2024-12-21T21:21:07.118+0000] {logging_mixin.py:190} INFO - [2024-12-21T21:21:07.118+0000] {dag.py:3239} INFO - Sync 1 DAGs
[2024-12-21T21:21:07.175+0000] {logging_mixin.py:190} INFO - [2024-12-21T21:21:07.174+0000] {dag.py:4180} INFO - Setting next_dagrun for tutorial to 2024-12-20 00:00:00+00:00, run_after=2024-12-21 00:00:00+00:00
[2024-12-21T21:21:07.220+0000] {processor.py:208} INFO - Processing /home/airflow/.local/lib/python3.12/site-packages/airflow/example_dags/tutorial.py took 0.183 seconds
[2024-12-21T21:21:37.971+0000] {processor.py:186} INFO - Started process (PID=6227) to work on /home/airflow/.local/lib/python3.12/site-packages/airflow/example_dags/tutorial.py
[2024-12-21T21:21:37.974+0000] {processor.py:914} INFO - Processing file /home/airflow/.local/lib/python3.12/site-packages/airflow/example_dags/tutorial.py for tasks to queue
[2024-12-21T21:21:37.980+0000] {logging_mixin.py:190} INFO - [2024-12-21T21:21:37.979+0000] {dagbag.py:588} INFO - Filling up the DagBag from /home/airflow/.local/lib/python3.12/site-packages/airflow/example_dags/tutorial.py
[2024-12-21T21:21:38.002+0000] {processor.py:925} INFO - DAG(s) 'tutorial' retrieved from /home/airflow/.local/lib/python3.12/site-packages/airflow/example_dags/tutorial.py
[2024-12-21T21:21:38.058+0000] {logging_mixin.py:190} INFO - [2024-12-21T21:21:38.057+0000] {dag.py:3239} INFO - Sync 1 DAGs
[2024-12-21T21:21:38.123+0000] {logging_mixin.py:190} INFO - [2024-12-21T21:21:38.122+0000] {dag.py:4180} INFO - Setting next_dagrun for tutorial to 2024-12-20 00:00:00+00:00, run_after=2024-12-21 00:00:00+00:00
[2024-12-21T21:21:38.171+0000] {processor.py:208} INFO - Processing /home/airflow/.local/lib/python3.12/site-packages/airflow/example_dags/tutorial.py took 0.216 seconds
[2024-12-21T21:22:09.031+0000] {processor.py:186} INFO - Started process (PID=6520) to work on /home/airflow/.local/lib/python3.12/site-packages/airflow/example_dags/tutorial.py
[2024-12-21T21:22:09.033+0000] {processor.py:914} INFO - Processing file /home/airflow/.local/lib/python3.12/site-packages/airflow/example_dags/tutorial.py for tasks to queue
[2024-12-21T21:22:09.039+0000] {logging_mixin.py:190} INFO - [2024-12-21T21:22:09.039+0000] {dagbag.py:588} INFO - Filling up the DagBag from /home/airflow/.local/lib/python3.12/site-packages/airflow/example_dags/tutorial.py
[2024-12-21T21:22:09.058+0000] {processor.py:925} INFO - DAG(s) 'tutorial' retrieved from /home/airflow/.local/lib/python3.12/site-packages/airflow/example_dags/tutorial.py
[2024-12-21T21:22:09.103+0000] {logging_mixin.py:190} INFO - [2024-12-21T21:22:09.102+0000] {dag.py:3239} INFO - Sync 1 DAGs
[2024-12-21T21:22:09.162+0000] {logging_mixin.py:190} INFO - [2024-12-21T21:22:09.162+0000] {dag.py:4180} INFO - Setting next_dagrun for tutorial to 2024-12-20 00:00:00+00:00, run_after=2024-12-21 00:00:00+00:00
[2024-12-21T21:22:09.203+0000] {processor.py:208} INFO - Processing /home/airflow/.local/lib/python3.12/site-packages/airflow/example_dags/tutorial.py took 0.188 seconds
[2024-12-21T21:22:40.034+0000] {processor.py:186} INFO - Started process (PID=6814) to work on /home/airflow/.local/lib/python3.12/site-packages/airflow/example_dags/tutorial.py
[2024-12-21T21:22:40.038+0000] {processor.py:914} INFO - Processing file /home/airflow/.local/lib/python3.12/site-packages/airflow/example_dags/tutorial.py for tasks to queue
[2024-12-21T21:22:40.043+0000] {logging_mixin.py:190} INFO - [2024-12-21T21:22:40.042+0000] {dagbag.py:588} INFO - Filling up the DagBag from /home/airflow/.local/lib/python3.12/site-packages/airflow/example_dags/tutorial.py
[2024-12-21T21:22:40.060+0000] {processor.py:925} INFO - DAG(s) 'tutorial' retrieved from /home/airflow/.local/lib/python3.12/site-packages/airflow/example_dags/tutorial.py
[2024-12-21T21:22:40.100+0000] {logging_mixin.py:190} INFO - [2024-12-21T21:22:40.099+0000] {dag.py:3239} INFO - Sync 1 DAGs
[2024-12-21T21:22:40.147+0000] {logging_mixin.py:190} INFO - [2024-12-21T21:22:40.147+0000] {dag.py:4180} INFO - Setting next_dagrun for tutorial to 2024-12-20 00:00:00+00:00, run_after=2024-12-21 00:00:00+00:00
[2024-12-21T21:22:40.190+0000] {processor.py:208} INFO - Processing /home/airflow/.local/lib/python3.12/site-packages/airflow/example_dags/tutorial.py took 0.168 seconds
[2024-12-21T21:23:11.564+0000] {processor.py:186} INFO - Started process (PID=7111) to work on /home/airflow/.local/lib/python3.12/site-packages/airflow/example_dags/tutorial.py
[2024-12-21T21:23:11.566+0000] {processor.py:914} INFO - Processing file /home/airflow/.local/lib/python3.12/site-packages/airflow/example_dags/tutorial.py for tasks to queue
[2024-12-21T21:23:11.570+0000] {logging_mixin.py:190} INFO - [2024-12-21T21:23:11.570+0000] {dagbag.py:588} INFO - Filling up the DagBag from /home/airflow/.local/lib/python3.12/site-packages/airflow/example_dags/tutorial.py
[2024-12-21T21:23:11.586+0000] {processor.py:925} INFO - DAG(s) 'tutorial' retrieved from /home/airflow/.local/lib/python3.12/site-packages/airflow/example_dags/tutorial.py
[2024-12-21T21:23:11.623+0000] {logging_mixin.py:190} INFO - [2024-12-21T21:23:11.623+0000] {dag.py:3239} INFO - Sync 1 DAGs
[2024-12-21T21:23:11.666+0000] {logging_mixin.py:190} INFO - [2024-12-21T21:23:11.666+0000] {dag.py:4180} INFO - Setting next_dagrun for tutorial to 2024-12-20 00:00:00+00:00, run_after=2024-12-21 00:00:00+00:00
[2024-12-21T21:23:11.713+0000] {processor.py:208} INFO - Processing /home/airflow/.local/lib/python3.12/site-packages/airflow/example_dags/tutorial.py took 0.163 seconds
[2024-12-21T21:23:42.458+0000] {processor.py:186} INFO - Started process (PID=7404) to work on /home/airflow/.local/lib/python3.12/site-packages/airflow/example_dags/tutorial.py
[2024-12-21T21:23:42.460+0000] {processor.py:914} INFO - Processing file /home/airflow/.local/lib/python3.12/site-packages/airflow/example_dags/tutorial.py for tasks to queue
[2024-12-21T21:23:42.465+0000] {logging_mixin.py:190} INFO - [2024-12-21T21:23:42.464+0000] {dagbag.py:588} INFO - Filling up the DagBag from /home/airflow/.local/lib/python3.12/site-packages/airflow/example_dags/tutorial.py
[2024-12-21T21:23:42.481+0000] {processor.py:925} INFO - DAG(s) 'tutorial' retrieved from /home/airflow/.local/lib/python3.12/site-packages/airflow/example_dags/tutorial.py
[2024-12-21T21:23:42.526+0000] {logging_mixin.py:190} INFO - [2024-12-21T21:23:42.526+0000] {dag.py:3239} INFO - Sync 1 DAGs
[2024-12-21T21:23:42.581+0000] {logging_mixin.py:190} INFO - [2024-12-21T21:23:42.581+0000] {dag.py:4180} INFO - Setting next_dagrun for tutorial to 2024-12-20 00:00:00+00:00, run_after=2024-12-21 00:00:00+00:00
[2024-12-21T21:23:42.620+0000] {processor.py:208} INFO - Processing /home/airflow/.local/lib/python3.12/site-packages/airflow/example_dags/tutorial.py took 0.173 seconds
[2024-12-21T21:24:13.764+0000] {processor.py:186} INFO - Started process (PID=7700) to work on /home/airflow/.local/lib/python3.12/site-packages/airflow/example_dags/tutorial.py
[2024-12-21T21:24:13.792+0000] {processor.py:914} INFO - Processing file /home/airflow/.local/lib/python3.12/site-packages/airflow/example_dags/tutorial.py for tasks to queue
[2024-12-21T21:24:13.821+0000] {logging_mixin.py:190} INFO - [2024-12-21T21:24:13.820+0000] {dagbag.py:588} INFO - Filling up the DagBag from /home/airflow/.local/lib/python3.12/site-packages/airflow/example_dags/tutorial.py
[2024-12-21T21:24:13.859+0000] {processor.py:925} INFO - DAG(s) 'tutorial' retrieved from /home/airflow/.local/lib/python3.12/site-packages/airflow/example_dags/tutorial.py
[2024-12-21T21:24:13.899+0000] {logging_mixin.py:190} INFO - [2024-12-21T21:24:13.899+0000] {dag.py:3239} INFO - Sync 1 DAGs
[2024-12-21T21:24:13.977+0000] {logging_mixin.py:190} INFO - [2024-12-21T21:24:13.977+0000] {dag.py:4180} INFO - Setting next_dagrun for tutorial to 2024-12-20 00:00:00+00:00, run_after=2024-12-21 00:00:00+00:00
[2024-12-21T21:24:14.068+0000] {processor.py:208} INFO - Processing /home/airflow/.local/lib/python3.12/site-packages/airflow/example_dags/tutorial.py took 0.369 seconds
[2024-12-21T21:26:34.215+0000] {processor.py:186} INFO - Started process (PID=343) to work on /home/airflow/.local/lib/python3.12/site-packages/airflow/example_dags/tutorial.py
[2024-12-21T21:26:34.217+0000] {processor.py:914} INFO - Processing file /home/airflow/.local/lib/python3.12/site-packages/airflow/example_dags/tutorial.py for tasks to queue
[2024-12-21T21:26:34.222+0000] {logging_mixin.py:190} INFO - [2024-12-21T21:26:34.221+0000] {dagbag.py:588} INFO - Filling up the DagBag from /home/airflow/.local/lib/python3.12/site-packages/airflow/example_dags/tutorial.py
[2024-12-21T21:26:34.246+0000] {processor.py:925} INFO - DAG(s) 'tutorial' retrieved from /home/airflow/.local/lib/python3.12/site-packages/airflow/example_dags/tutorial.py
[2024-12-21T21:26:34.325+0000] {logging_mixin.py:190} INFO - [2024-12-21T21:26:34.324+0000] {dag.py:3239} INFO - Sync 1 DAGs
[2024-12-21T21:26:34.385+0000] {logging_mixin.py:190} INFO - [2024-12-21T21:26:34.385+0000] {dag.py:4180} INFO - Setting next_dagrun for tutorial to 2024-12-20 00:00:00+00:00, run_after=2024-12-21 00:00:00+00:00
[2024-12-21T21:26:34.430+0000] {processor.py:208} INFO - Processing /home/airflow/.local/lib/python3.12/site-packages/airflow/example_dags/tutorial.py took 0.229 seconds
[2024-12-21T21:27:05.246+0000] {processor.py:186} INFO - Started process (PID=637) to work on /home/airflow/.local/lib/python3.12/site-packages/airflow/example_dags/tutorial.py
[2024-12-21T21:27:05.248+0000] {processor.py:914} INFO - Processing file /home/airflow/.local/lib/python3.12/site-packages/airflow/example_dags/tutorial.py for tasks to queue
[2024-12-21T21:27:05.252+0000] {logging_mixin.py:190} INFO - [2024-12-21T21:27:05.251+0000] {dagbag.py:588} INFO - Filling up the DagBag from /home/airflow/.local/lib/python3.12/site-packages/airflow/example_dags/tutorial.py
[2024-12-21T21:27:05.270+0000] {processor.py:925} INFO - DAG(s) 'tutorial' retrieved from /home/airflow/.local/lib/python3.12/site-packages/airflow/example_dags/tutorial.py
[2024-12-21T21:27:05.310+0000] {logging_mixin.py:190} INFO - [2024-12-21T21:27:05.310+0000] {dag.py:3239} INFO - Sync 1 DAGs
[2024-12-21T21:27:05.357+0000] {logging_mixin.py:190} INFO - [2024-12-21T21:27:05.357+0000] {dag.py:4180} INFO - Setting next_dagrun for tutorial to 2024-12-20 00:00:00+00:00, run_after=2024-12-21 00:00:00+00:00
[2024-12-21T21:27:05.394+0000] {processor.py:208} INFO - Processing /home/airflow/.local/lib/python3.12/site-packages/airflow/example_dags/tutorial.py took 0.159 seconds
[2024-12-21T21:27:37.316+0000] {processor.py:186} INFO - Started process (PID=933) to work on /home/airflow/.local/lib/python3.12/site-packages/airflow/example_dags/tutorial.py
[2024-12-21T21:27:37.318+0000] {processor.py:914} INFO - Processing file /home/airflow/.local/lib/python3.12/site-packages/airflow/example_dags/tutorial.py for tasks to queue
[2024-12-21T21:27:37.322+0000] {logging_mixin.py:190} INFO - [2024-12-21T21:27:37.321+0000] {dagbag.py:588} INFO - Filling up the DagBag from /home/airflow/.local/lib/python3.12/site-packages/airflow/example_dags/tutorial.py
[2024-12-21T21:27:37.337+0000] {processor.py:925} INFO - DAG(s) 'tutorial' retrieved from /home/airflow/.local/lib/python3.12/site-packages/airflow/example_dags/tutorial.py
[2024-12-21T21:27:37.377+0000] {logging_mixin.py:190} INFO - [2024-12-21T21:27:37.376+0000] {dag.py:3239} INFO - Sync 1 DAGs
[2024-12-21T21:27:37.430+0000] {logging_mixin.py:190} INFO - [2024-12-21T21:27:37.430+0000] {dag.py:4180} INFO - Setting next_dagrun for tutorial to 2024-12-20 00:00:00+00:00, run_after=2024-12-21 00:00:00+00:00
[2024-12-21T21:27:37.472+0000] {processor.py:208} INFO - Processing /home/airflow/.local/lib/python3.12/site-packages/airflow/example_dags/tutorial.py took 0.167 seconds
[2024-12-21T21:28:07.967+0000] {processor.py:186} INFO - Started process (PID=1224) to work on /home/airflow/.local/lib/python3.12/site-packages/airflow/example_dags/tutorial.py
[2024-12-21T21:28:07.969+0000] {processor.py:914} INFO - Processing file /home/airflow/.local/lib/python3.12/site-packages/airflow/example_dags/tutorial.py for tasks to queue
[2024-12-21T21:28:07.973+0000] {logging_mixin.py:190} INFO - [2024-12-21T21:28:07.973+0000] {dagbag.py:588} INFO - Filling up the DagBag from /home/airflow/.local/lib/python3.12/site-packages/airflow/example_dags/tutorial.py
[2024-12-21T21:28:07.991+0000] {processor.py:925} INFO - DAG(s) 'tutorial' retrieved from /home/airflow/.local/lib/python3.12/site-packages/airflow/example_dags/tutorial.py
[2024-12-21T21:28:08.035+0000] {logging_mixin.py:190} INFO - [2024-12-21T21:28:08.034+0000] {dag.py:3239} INFO - Sync 1 DAGs
[2024-12-21T21:28:08.088+0000] {logging_mixin.py:190} INFO - [2024-12-21T21:28:08.088+0000] {dag.py:4180} INFO - Setting next_dagrun for tutorial to 2024-12-20 00:00:00+00:00, run_after=2024-12-21 00:00:00+00:00
[2024-12-21T21:28:08.126+0000] {processor.py:208} INFO - Processing /home/airflow/.local/lib/python3.12/site-packages/airflow/example_dags/tutorial.py took 0.170 seconds
[2024-12-21T21:28:40.295+0000] {processor.py:186} INFO - Started process (PID=1522) to work on /home/airflow/.local/lib/python3.12/site-packages/airflow/example_dags/tutorial.py
[2024-12-21T21:28:40.297+0000] {processor.py:914} INFO - Processing file /home/airflow/.local/lib/python3.12/site-packages/airflow/example_dags/tutorial.py for tasks to queue
[2024-12-21T21:28:40.302+0000] {logging_mixin.py:190} INFO - [2024-12-21T21:28:40.301+0000] {dagbag.py:588} INFO - Filling up the DagBag from /home/airflow/.local/lib/python3.12/site-packages/airflow/example_dags/tutorial.py
[2024-12-21T21:28:40.318+0000] {processor.py:925} INFO - DAG(s) 'tutorial' retrieved from /home/airflow/.local/lib/python3.12/site-packages/airflow/example_dags/tutorial.py
[2024-12-21T21:28:40.361+0000] {logging_mixin.py:190} INFO - [2024-12-21T21:28:40.360+0000] {dag.py:3239} INFO - Sync 1 DAGs
[2024-12-21T21:28:40.412+0000] {logging_mixin.py:190} INFO - [2024-12-21T21:28:40.411+0000] {dag.py:4180} INFO - Setting next_dagrun for tutorial to 2024-12-20 00:00:00+00:00, run_after=2024-12-21 00:00:00+00:00
[2024-12-21T21:28:40.449+0000] {processor.py:208} INFO - Processing /home/airflow/.local/lib/python3.12/site-packages/airflow/example_dags/tutorial.py took 0.164 seconds
[2024-12-21T21:29:11.092+0000] {processor.py:186} INFO - Started process (PID=1816) to work on /home/airflow/.local/lib/python3.12/site-packages/airflow/example_dags/tutorial.py
[2024-12-21T21:29:11.094+0000] {processor.py:914} INFO - Processing file /home/airflow/.local/lib/python3.12/site-packages/airflow/example_dags/tutorial.py for tasks to queue
[2024-12-21T21:29:11.098+0000] {logging_mixin.py:190} INFO - [2024-12-21T21:29:11.097+0000] {dagbag.py:588} INFO - Filling up the DagBag from /home/airflow/.local/lib/python3.12/site-packages/airflow/example_dags/tutorial.py
[2024-12-21T21:29:11.113+0000] {processor.py:925} INFO - DAG(s) 'tutorial' retrieved from /home/airflow/.local/lib/python3.12/site-packages/airflow/example_dags/tutorial.py
[2024-12-21T21:29:11.155+0000] {logging_mixin.py:190} INFO - [2024-12-21T21:29:11.154+0000] {dag.py:3239} INFO - Sync 1 DAGs
[2024-12-21T21:29:11.213+0000] {logging_mixin.py:190} INFO - [2024-12-21T21:29:11.212+0000] {dag.py:4180} INFO - Setting next_dagrun for tutorial to 2024-12-20 00:00:00+00:00, run_after=2024-12-21 00:00:00+00:00
[2024-12-21T21:29:11.258+0000] {processor.py:208} INFO - Processing /home/airflow/.local/lib/python3.12/site-packages/airflow/example_dags/tutorial.py took 0.177 seconds
[2024-12-21T21:29:42.216+0000] {processor.py:186} INFO - Started process (PID=2113) to work on /home/airflow/.local/lib/python3.12/site-packages/airflow/example_dags/tutorial.py
[2024-12-21T21:29:42.217+0000] {processor.py:914} INFO - Processing file /home/airflow/.local/lib/python3.12/site-packages/airflow/example_dags/tutorial.py for tasks to queue
[2024-12-21T21:29:42.221+0000] {logging_mixin.py:190} INFO - [2024-12-21T21:29:42.221+0000] {dagbag.py:588} INFO - Filling up the DagBag from /home/airflow/.local/lib/python3.12/site-packages/airflow/example_dags/tutorial.py
[2024-12-21T21:29:42.239+0000] {processor.py:925} INFO - DAG(s) 'tutorial' retrieved from /home/airflow/.local/lib/python3.12/site-packages/airflow/example_dags/tutorial.py
[2024-12-21T21:29:42.282+0000] {logging_mixin.py:190} INFO - [2024-12-21T21:29:42.282+0000] {dag.py:3239} INFO - Sync 1 DAGs
[2024-12-21T21:29:42.340+0000] {logging_mixin.py:190} INFO - [2024-12-21T21:29:42.339+0000] {dag.py:4180} INFO - Setting next_dagrun for tutorial to 2024-12-20 00:00:00+00:00, run_after=2024-12-21 00:00:00+00:00
[2024-12-21T21:29:42.375+0000] {processor.py:208} INFO - Processing /home/airflow/.local/lib/python3.12/site-packages/airflow/example_dags/tutorial.py took 0.171 seconds
[2024-12-21T21:30:12.626+0000] {processor.py:186} INFO - Started process (PID=2404) to work on /home/airflow/.local/lib/python3.12/site-packages/airflow/example_dags/tutorial.py
[2024-12-21T21:30:12.628+0000] {processor.py:914} INFO - Processing file /home/airflow/.local/lib/python3.12/site-packages/airflow/example_dags/tutorial.py for tasks to queue
[2024-12-21T21:30:12.633+0000] {logging_mixin.py:190} INFO - [2024-12-21T21:30:12.633+0000] {dagbag.py:588} INFO - Filling up the DagBag from /home/airflow/.local/lib/python3.12/site-packages/airflow/example_dags/tutorial.py
[2024-12-21T21:30:12.648+0000] {processor.py:925} INFO - DAG(s) 'tutorial' retrieved from /home/airflow/.local/lib/python3.12/site-packages/airflow/example_dags/tutorial.py
[2024-12-21T21:30:12.689+0000] {logging_mixin.py:190} INFO - [2024-12-21T21:30:12.689+0000] {dag.py:3239} INFO - Sync 1 DAGs
[2024-12-21T21:30:12.743+0000] {logging_mixin.py:190} INFO - [2024-12-21T21:30:12.743+0000] {dag.py:4180} INFO - Setting next_dagrun for tutorial to 2024-12-20 00:00:00+00:00, run_after=2024-12-21 00:00:00+00:00
[2024-12-21T21:30:12.786+0000] {processor.py:208} INFO - Processing /home/airflow/.local/lib/python3.12/site-packages/airflow/example_dags/tutorial.py took 0.171 seconds
[2024-12-21T21:30:43.043+0000] {processor.py:186} INFO - Started process (PID=2700) to work on /home/airflow/.local/lib/python3.12/site-packages/airflow/example_dags/tutorial.py
[2024-12-21T21:30:43.045+0000] {processor.py:914} INFO - Processing file /home/airflow/.local/lib/python3.12/site-packages/airflow/example_dags/tutorial.py for tasks to queue
[2024-12-21T21:30:43.051+0000] {logging_mixin.py:190} INFO - [2024-12-21T21:30:43.050+0000] {dagbag.py:588} INFO - Filling up the DagBag from /home/airflow/.local/lib/python3.12/site-packages/airflow/example_dags/tutorial.py
[2024-12-21T21:30:43.073+0000] {processor.py:925} INFO - DAG(s) 'tutorial' retrieved from /home/airflow/.local/lib/python3.12/site-packages/airflow/example_dags/tutorial.py
[2024-12-21T21:30:43.122+0000] {logging_mixin.py:190} INFO - [2024-12-21T21:30:43.121+0000] {dag.py:3239} INFO - Sync 1 DAGs
[2024-12-21T21:30:43.174+0000] {logging_mixin.py:190} INFO - [2024-12-21T21:30:43.174+0000] {dag.py:4180} INFO - Setting next_dagrun for tutorial to 2024-12-20 00:00:00+00:00, run_after=2024-12-21 00:00:00+00:00
[2024-12-21T21:30:43.216+0000] {processor.py:208} INFO - Processing /home/airflow/.local/lib/python3.12/site-packages/airflow/example_dags/tutorial.py took 0.187 seconds
[2024-12-21T21:31:13.357+0000] {processor.py:186} INFO - Started process (PID=2993) to work on /home/airflow/.local/lib/python3.12/site-packages/airflow/example_dags/tutorial.py
[2024-12-21T21:31:13.358+0000] {processor.py:914} INFO - Processing file /home/airflow/.local/lib/python3.12/site-packages/airflow/example_dags/tutorial.py for tasks to queue
[2024-12-21T21:31:13.363+0000] {logging_mixin.py:190} INFO - [2024-12-21T21:31:13.362+0000] {dagbag.py:588} INFO - Filling up the DagBag from /home/airflow/.local/lib/python3.12/site-packages/airflow/example_dags/tutorial.py
[2024-12-21T21:31:13.380+0000] {processor.py:925} INFO - DAG(s) 'tutorial' retrieved from /home/airflow/.local/lib/python3.12/site-packages/airflow/example_dags/tutorial.py
[2024-12-21T21:31:13.421+0000] {logging_mixin.py:190} INFO - [2024-12-21T21:31:13.420+0000] {dag.py:3239} INFO - Sync 1 DAGs
[2024-12-21T21:31:13.475+0000] {logging_mixin.py:190} INFO - [2024-12-21T21:31:13.474+0000] {dag.py:4180} INFO - Setting next_dagrun for tutorial to 2024-12-20 00:00:00+00:00, run_after=2024-12-21 00:00:00+00:00
[2024-12-21T21:31:13.516+0000] {processor.py:208} INFO - Processing /home/airflow/.local/lib/python3.12/site-packages/airflow/example_dags/tutorial.py took 0.172 seconds
[2024-12-21T21:31:43.688+0000] {processor.py:186} INFO - Started process (PID=3290) to work on /home/airflow/.local/lib/python3.12/site-packages/airflow/example_dags/tutorial.py
[2024-12-21T21:31:43.690+0000] {processor.py:914} INFO - Processing file /home/airflow/.local/lib/python3.12/site-packages/airflow/example_dags/tutorial.py for tasks to queue
[2024-12-21T21:31:43.694+0000] {logging_mixin.py:190} INFO - [2024-12-21T21:31:43.694+0000] {dagbag.py:588} INFO - Filling up the DagBag from /home/airflow/.local/lib/python3.12/site-packages/airflow/example_dags/tutorial.py
[2024-12-21T21:31:43.709+0000] {processor.py:925} INFO - DAG(s) 'tutorial' retrieved from /home/airflow/.local/lib/python3.12/site-packages/airflow/example_dags/tutorial.py
[2024-12-21T21:31:43.755+0000] {logging_mixin.py:190} INFO - [2024-12-21T21:31:43.755+0000] {dag.py:3239} INFO - Sync 1 DAGs
[2024-12-21T21:31:43.812+0000] {logging_mixin.py:190} INFO - [2024-12-21T21:31:43.812+0000] {dag.py:4180} INFO - Setting next_dagrun for tutorial to 2024-12-20 00:00:00+00:00, run_after=2024-12-21 00:00:00+00:00
[2024-12-21T21:31:43.881+0000] {processor.py:208} INFO - Processing /home/airflow/.local/lib/python3.12/site-packages/airflow/example_dags/tutorial.py took 0.204 seconds
[2024-12-21T21:32:14.012+0000] {processor.py:186} INFO - Started process (PID=3586) to work on /home/airflow/.local/lib/python3.12/site-packages/airflow/example_dags/tutorial.py
[2024-12-21T21:32:14.015+0000] {processor.py:914} INFO - Processing file /home/airflow/.local/lib/python3.12/site-packages/airflow/example_dags/tutorial.py for tasks to queue
[2024-12-21T21:32:14.020+0000] {logging_mixin.py:190} INFO - [2024-12-21T21:32:14.019+0000] {dagbag.py:588} INFO - Filling up the DagBag from /home/airflow/.local/lib/python3.12/site-packages/airflow/example_dags/tutorial.py
[2024-12-21T21:32:14.039+0000] {processor.py:925} INFO - DAG(s) 'tutorial' retrieved from /home/airflow/.local/lib/python3.12/site-packages/airflow/example_dags/tutorial.py
[2024-12-21T21:32:14.088+0000] {logging_mixin.py:190} INFO - [2024-12-21T21:32:14.088+0000] {dag.py:3239} INFO - Sync 1 DAGs
[2024-12-21T21:32:14.150+0000] {logging_mixin.py:190} INFO - [2024-12-21T21:32:14.150+0000] {dag.py:4180} INFO - Setting next_dagrun for tutorial to 2024-12-20 00:00:00+00:00, run_after=2024-12-21 00:00:00+00:00
[2024-12-21T21:32:14.212+0000] {processor.py:208} INFO - Processing /home/airflow/.local/lib/python3.12/site-packages/airflow/example_dags/tutorial.py took 0.211 seconds
[2024-12-21T21:32:44.313+0000] {processor.py:186} INFO - Started process (PID=3880) to work on /home/airflow/.local/lib/python3.12/site-packages/airflow/example_dags/tutorial.py
[2024-12-21T21:32:44.315+0000] {processor.py:914} INFO - Processing file /home/airflow/.local/lib/python3.12/site-packages/airflow/example_dags/tutorial.py for tasks to queue
[2024-12-21T21:32:44.319+0000] {logging_mixin.py:190} INFO - [2024-12-21T21:32:44.319+0000] {dagbag.py:588} INFO - Filling up the DagBag from /home/airflow/.local/lib/python3.12/site-packages/airflow/example_dags/tutorial.py
[2024-12-21T21:32:44.338+0000] {processor.py:925} INFO - DAG(s) 'tutorial' retrieved from /home/airflow/.local/lib/python3.12/site-packages/airflow/example_dags/tutorial.py
[2024-12-21T21:32:44.374+0000] {logging_mixin.py:190} INFO - [2024-12-21T21:32:44.373+0000] {dag.py:3239} INFO - Sync 1 DAGs
[2024-12-21T21:32:44.420+0000] {logging_mixin.py:190} INFO - [2024-12-21T21:32:44.420+0000] {dag.py:4180} INFO - Setting next_dagrun for tutorial to 2024-12-20 00:00:00+00:00, run_after=2024-12-21 00:00:00+00:00
[2024-12-21T21:32:44.481+0000] {processor.py:208} INFO - Processing /home/airflow/.local/lib/python3.12/site-packages/airflow/example_dags/tutorial.py took 0.180 seconds
[2024-12-21T21:33:14.902+0000] {processor.py:186} INFO - Started process (PID=4178) to work on /home/airflow/.local/lib/python3.12/site-packages/airflow/example_dags/tutorial.py
[2024-12-21T21:33:14.905+0000] {processor.py:914} INFO - Processing file /home/airflow/.local/lib/python3.12/site-packages/airflow/example_dags/tutorial.py for tasks to queue
[2024-12-21T21:33:14.909+0000] {logging_mixin.py:190} INFO - [2024-12-21T21:33:14.908+0000] {dagbag.py:588} INFO - Filling up the DagBag from /home/airflow/.local/lib/python3.12/site-packages/airflow/example_dags/tutorial.py
[2024-12-21T21:33:14.923+0000] {processor.py:925} INFO - DAG(s) 'tutorial' retrieved from /home/airflow/.local/lib/python3.12/site-packages/airflow/example_dags/tutorial.py
[2024-12-21T21:33:14.963+0000] {logging_mixin.py:190} INFO - [2024-12-21T21:33:14.963+0000] {dag.py:3239} INFO - Sync 1 DAGs
[2024-12-21T21:33:15.007+0000] {logging_mixin.py:190} INFO - [2024-12-21T21:33:15.006+0000] {dag.py:4180} INFO - Setting next_dagrun for tutorial to 2024-12-20 00:00:00+00:00, run_after=2024-12-21 00:00:00+00:00
[2024-12-21T21:33:15.042+0000] {processor.py:208} INFO - Processing /home/airflow/.local/lib/python3.12/site-packages/airflow/example_dags/tutorial.py took 0.152 seconds
[2024-12-21T21:33:45.231+0000] {processor.py:186} INFO - Started process (PID=4474) to work on /home/airflow/.local/lib/python3.12/site-packages/airflow/example_dags/tutorial.py
[2024-12-21T21:33:45.233+0000] {processor.py:914} INFO - Processing file /home/airflow/.local/lib/python3.12/site-packages/airflow/example_dags/tutorial.py for tasks to queue
[2024-12-21T21:33:45.238+0000] {logging_mixin.py:190} INFO - [2024-12-21T21:33:45.237+0000] {dagbag.py:588} INFO - Filling up the DagBag from /home/airflow/.local/lib/python3.12/site-packages/airflow/example_dags/tutorial.py
[2024-12-21T21:33:45.254+0000] {processor.py:925} INFO - DAG(s) 'tutorial' retrieved from /home/airflow/.local/lib/python3.12/site-packages/airflow/example_dags/tutorial.py
[2024-12-21T21:33:45.296+0000] {logging_mixin.py:190} INFO - [2024-12-21T21:33:45.295+0000] {dag.py:3239} INFO - Sync 1 DAGs
[2024-12-21T21:33:45.344+0000] {logging_mixin.py:190} INFO - [2024-12-21T21:33:45.344+0000] {dag.py:4180} INFO - Setting next_dagrun for tutorial to 2024-12-20 00:00:00+00:00, run_after=2024-12-21 00:00:00+00:00
[2024-12-21T21:33:45.381+0000] {processor.py:208} INFO - Processing /home/airflow/.local/lib/python3.12/site-packages/airflow/example_dags/tutorial.py took 0.161 seconds
[2024-12-21T21:34:16.230+0000] {processor.py:186} INFO - Started process (PID=4770) to work on /home/airflow/.local/lib/python3.12/site-packages/airflow/example_dags/tutorial.py
[2024-12-21T21:34:16.233+0000] {processor.py:914} INFO - Processing file /home/airflow/.local/lib/python3.12/site-packages/airflow/example_dags/tutorial.py for tasks to queue
[2024-12-21T21:34:16.237+0000] {logging_mixin.py:190} INFO - [2024-12-21T21:34:16.237+0000] {dagbag.py:588} INFO - Filling up the DagBag from /home/airflow/.local/lib/python3.12/site-packages/airflow/example_dags/tutorial.py
[2024-12-21T21:34:16.253+0000] {processor.py:925} INFO - DAG(s) 'tutorial' retrieved from /home/airflow/.local/lib/python3.12/site-packages/airflow/example_dags/tutorial.py
[2024-12-21T21:34:16.297+0000] {logging_mixin.py:190} INFO - [2024-12-21T21:34:16.297+0000] {dag.py:3239} INFO - Sync 1 DAGs
[2024-12-21T21:34:16.352+0000] {logging_mixin.py:190} INFO - [2024-12-21T21:34:16.352+0000] {dag.py:4180} INFO - Setting next_dagrun for tutorial to 2024-12-20 00:00:00+00:00, run_after=2024-12-21 00:00:00+00:00
[2024-12-21T21:34:16.407+0000] {processor.py:208} INFO - Processing /home/airflow/.local/lib/python3.12/site-packages/airflow/example_dags/tutorial.py took 0.187 seconds
[2024-12-21T21:34:47.109+0000] {processor.py:186} INFO - Started process (PID=5067) to work on /home/airflow/.local/lib/python3.12/site-packages/airflow/example_dags/tutorial.py
[2024-12-21T21:34:47.111+0000] {processor.py:914} INFO - Processing file /home/airflow/.local/lib/python3.12/site-packages/airflow/example_dags/tutorial.py for tasks to queue
[2024-12-21T21:34:47.115+0000] {logging_mixin.py:190} INFO - [2024-12-21T21:34:47.115+0000] {dagbag.py:588} INFO - Filling up the DagBag from /home/airflow/.local/lib/python3.12/site-packages/airflow/example_dags/tutorial.py
[2024-12-21T21:34:47.129+0000] {processor.py:925} INFO - DAG(s) 'tutorial' retrieved from /home/airflow/.local/lib/python3.12/site-packages/airflow/example_dags/tutorial.py
[2024-12-21T21:34:47.169+0000] {logging_mixin.py:190} INFO - [2024-12-21T21:34:47.169+0000] {dag.py:3239} INFO - Sync 1 DAGs
[2024-12-21T21:34:47.223+0000] {logging_mixin.py:190} INFO - [2024-12-21T21:34:47.223+0000] {dag.py:4180} INFO - Setting next_dagrun for tutorial to 2024-12-20 00:00:00+00:00, run_after=2024-12-21 00:00:00+00:00
[2024-12-21T21:34:47.277+0000] {processor.py:208} INFO - Processing /home/airflow/.local/lib/python3.12/site-packages/airflow/example_dags/tutorial.py took 0.181 seconds
[2024-12-21T21:35:17.667+0000] {processor.py:186} INFO - Started process (PID=5363) to work on /home/airflow/.local/lib/python3.12/site-packages/airflow/example_dags/tutorial.py
[2024-12-21T21:35:17.670+0000] {processor.py:914} INFO - Processing file /home/airflow/.local/lib/python3.12/site-packages/airflow/example_dags/tutorial.py for tasks to queue
[2024-12-21T21:35:17.674+0000] {logging_mixin.py:190} INFO - [2024-12-21T21:35:17.674+0000] {dagbag.py:588} INFO - Filling up the DagBag from /home/airflow/.local/lib/python3.12/site-packages/airflow/example_dags/tutorial.py
[2024-12-21T21:35:17.691+0000] {processor.py:925} INFO - DAG(s) 'tutorial' retrieved from /home/airflow/.local/lib/python3.12/site-packages/airflow/example_dags/tutorial.py
[2024-12-21T21:35:17.735+0000] {logging_mixin.py:190} INFO - [2024-12-21T21:35:17.734+0000] {dag.py:3239} INFO - Sync 1 DAGs
[2024-12-21T21:35:17.789+0000] {logging_mixin.py:190} INFO - [2024-12-21T21:35:17.788+0000] {dag.py:4180} INFO - Setting next_dagrun for tutorial to 2024-12-20 00:00:00+00:00, run_after=2024-12-21 00:00:00+00:00
[2024-12-21T21:35:17.840+0000] {processor.py:208} INFO - Processing /home/airflow/.local/lib/python3.12/site-packages/airflow/example_dags/tutorial.py took 0.187 seconds
[2024-12-21T21:35:48.629+0000] {processor.py:186} INFO - Started process (PID=5659) to work on /home/airflow/.local/lib/python3.12/site-packages/airflow/example_dags/tutorial.py
[2024-12-21T21:35:48.633+0000] {processor.py:914} INFO - Processing file /home/airflow/.local/lib/python3.12/site-packages/airflow/example_dags/tutorial.py for tasks to queue
[2024-12-21T21:35:48.640+0000] {logging_mixin.py:190} INFO - [2024-12-21T21:35:48.639+0000] {dagbag.py:588} INFO - Filling up the DagBag from /home/airflow/.local/lib/python3.12/site-packages/airflow/example_dags/tutorial.py
[2024-12-21T21:35:48.662+0000] {processor.py:925} INFO - DAG(s) 'tutorial' retrieved from /home/airflow/.local/lib/python3.12/site-packages/airflow/example_dags/tutorial.py
[2024-12-21T21:35:48.708+0000] {logging_mixin.py:190} INFO - [2024-12-21T21:35:48.707+0000] {dag.py:3239} INFO - Sync 1 DAGs
[2024-12-21T21:35:48.768+0000] {logging_mixin.py:190} INFO - [2024-12-21T21:35:48.768+0000] {dag.py:4180} INFO - Setting next_dagrun for tutorial to 2024-12-20 00:00:00+00:00, run_after=2024-12-21 00:00:00+00:00
[2024-12-21T21:35:48.830+0000] {processor.py:208} INFO - Processing /home/airflow/.local/lib/python3.12/site-packages/airflow/example_dags/tutorial.py took 0.215 seconds
[2024-12-21T21:36:18.946+0000] {processor.py:186} INFO - Started process (PID=5954) to work on /home/airflow/.local/lib/python3.12/site-packages/airflow/example_dags/tutorial.py
[2024-12-21T21:36:18.948+0000] {processor.py:914} INFO - Processing file /home/airflow/.local/lib/python3.12/site-packages/airflow/example_dags/tutorial.py for tasks to queue
[2024-12-21T21:36:18.953+0000] {logging_mixin.py:190} INFO - [2024-12-21T21:36:18.952+0000] {dagbag.py:588} INFO - Filling up the DagBag from /home/airflow/.local/lib/python3.12/site-packages/airflow/example_dags/tutorial.py
[2024-12-21T21:36:18.966+0000] {processor.py:925} INFO - DAG(s) 'tutorial' retrieved from /home/airflow/.local/lib/python3.12/site-packages/airflow/example_dags/tutorial.py
[2024-12-21T21:36:19.004+0000] {logging_mixin.py:190} INFO - [2024-12-21T21:36:19.003+0000] {dag.py:3239} INFO - Sync 1 DAGs
[2024-12-21T21:36:19.048+0000] {logging_mixin.py:190} INFO - [2024-12-21T21:36:19.048+0000] {dag.py:4180} INFO - Setting next_dagrun for tutorial to 2024-12-20 00:00:00+00:00, run_after=2024-12-21 00:00:00+00:00
[2024-12-21T21:36:19.093+0000] {processor.py:208} INFO - Processing /home/airflow/.local/lib/python3.12/site-packages/airflow/example_dags/tutorial.py took 0.158 seconds
[2024-12-21T21:36:49.374+0000] {processor.py:186} INFO - Started process (PID=6251) to work on /home/airflow/.local/lib/python3.12/site-packages/airflow/example_dags/tutorial.py
[2024-12-21T21:36:49.377+0000] {processor.py:914} INFO - Processing file /home/airflow/.local/lib/python3.12/site-packages/airflow/example_dags/tutorial.py for tasks to queue
[2024-12-21T21:36:49.381+0000] {logging_mixin.py:190} INFO - [2024-12-21T21:36:49.380+0000] {dagbag.py:588} INFO - Filling up the DagBag from /home/airflow/.local/lib/python3.12/site-packages/airflow/example_dags/tutorial.py
[2024-12-21T21:36:49.397+0000] {processor.py:925} INFO - DAG(s) 'tutorial' retrieved from /home/airflow/.local/lib/python3.12/site-packages/airflow/example_dags/tutorial.py
[2024-12-21T21:36:49.440+0000] {logging_mixin.py:190} INFO - [2024-12-21T21:36:49.440+0000] {dag.py:3239} INFO - Sync 1 DAGs
[2024-12-21T21:36:49.493+0000] {logging_mixin.py:190} INFO - [2024-12-21T21:36:49.493+0000] {dag.py:4180} INFO - Setting next_dagrun for tutorial to 2024-12-20 00:00:00+00:00, run_after=2024-12-21 00:00:00+00:00
[2024-12-21T21:36:49.559+0000] {processor.py:208} INFO - Processing /home/airflow/.local/lib/python3.12/site-packages/airflow/example_dags/tutorial.py took 0.195 seconds
[2024-12-21T21:37:19.879+0000] {processor.py:186} INFO - Started process (PID=6547) to work on /home/airflow/.local/lib/python3.12/site-packages/airflow/example_dags/tutorial.py
[2024-12-21T21:37:19.880+0000] {processor.py:914} INFO - Processing file /home/airflow/.local/lib/python3.12/site-packages/airflow/example_dags/tutorial.py for tasks to queue
[2024-12-21T21:37:19.885+0000] {logging_mixin.py:190} INFO - [2024-12-21T21:37:19.884+0000] {dagbag.py:588} INFO - Filling up the DagBag from /home/airflow/.local/lib/python3.12/site-packages/airflow/example_dags/tutorial.py
[2024-12-21T21:37:19.899+0000] {processor.py:925} INFO - DAG(s) 'tutorial' retrieved from /home/airflow/.local/lib/python3.12/site-packages/airflow/example_dags/tutorial.py
[2024-12-21T21:37:19.940+0000] {logging_mixin.py:190} INFO - [2024-12-21T21:37:19.940+0000] {dag.py:3239} INFO - Sync 1 DAGs
[2024-12-21T21:37:19.993+0000] {logging_mixin.py:190} INFO - [2024-12-21T21:37:19.993+0000] {dag.py:4180} INFO - Setting next_dagrun for tutorial to 2024-12-20 00:00:00+00:00, run_after=2024-12-21 00:00:00+00:00
[2024-12-21T21:37:20.055+0000] {processor.py:208} INFO - Processing /home/airflow/.local/lib/python3.12/site-packages/airflow/example_dags/tutorial.py took 0.191 seconds
[2024-12-21T21:37:50.365+0000] {processor.py:186} INFO - Started process (PID=6841) to work on /home/airflow/.local/lib/python3.12/site-packages/airflow/example_dags/tutorial.py
[2024-12-21T21:37:50.369+0000] {processor.py:914} INFO - Processing file /home/airflow/.local/lib/python3.12/site-packages/airflow/example_dags/tutorial.py for tasks to queue
[2024-12-21T21:37:50.374+0000] {logging_mixin.py:190} INFO - [2024-12-21T21:37:50.373+0000] {dagbag.py:588} INFO - Filling up the DagBag from /home/airflow/.local/lib/python3.12/site-packages/airflow/example_dags/tutorial.py
[2024-12-21T21:37:50.391+0000] {processor.py:925} INFO - DAG(s) 'tutorial' retrieved from /home/airflow/.local/lib/python3.12/site-packages/airflow/example_dags/tutorial.py
[2024-12-21T21:37:50.433+0000] {logging_mixin.py:190} INFO - [2024-12-21T21:37:50.433+0000] {dag.py:3239} INFO - Sync 1 DAGs
[2024-12-21T21:37:50.490+0000] {logging_mixin.py:190} INFO - [2024-12-21T21:37:50.489+0000] {dag.py:4180} INFO - Setting next_dagrun for tutorial to 2024-12-20 00:00:00+00:00, run_after=2024-12-21 00:00:00+00:00
[2024-12-21T21:37:50.531+0000] {processor.py:208} INFO - Processing /home/airflow/.local/lib/python3.12/site-packages/airflow/example_dags/tutorial.py took 0.184 seconds
[2024-12-21T21:38:22.641+0000] {processor.py:186} INFO - Started process (PID=7137) to work on /home/airflow/.local/lib/python3.12/site-packages/airflow/example_dags/tutorial.py
[2024-12-21T21:38:22.644+0000] {processor.py:914} INFO - Processing file /home/airflow/.local/lib/python3.12/site-packages/airflow/example_dags/tutorial.py for tasks to queue
[2024-12-21T21:38:22.650+0000] {logging_mixin.py:190} INFO - [2024-12-21T21:38:22.649+0000] {dagbag.py:588} INFO - Filling up the DagBag from /home/airflow/.local/lib/python3.12/site-packages/airflow/example_dags/tutorial.py
[2024-12-21T21:38:22.671+0000] {processor.py:925} INFO - DAG(s) 'tutorial' retrieved from /home/airflow/.local/lib/python3.12/site-packages/airflow/example_dags/tutorial.py
[2024-12-21T21:38:22.729+0000] {logging_mixin.py:190} INFO - [2024-12-21T21:38:22.728+0000] {dag.py:3239} INFO - Sync 1 DAGs
[2024-12-21T21:38:22.820+0000] {logging_mixin.py:190} INFO - [2024-12-21T21:38:22.819+0000] {dag.py:4180} INFO - Setting next_dagrun for tutorial to 2024-12-20 00:00:00+00:00, run_after=2024-12-21 00:00:00+00:00
[2024-12-21T21:38:22.891+0000] {processor.py:208} INFO - Processing /home/airflow/.local/lib/python3.12/site-packages/airflow/example_dags/tutorial.py took 0.269 seconds
[2024-12-21T21:38:54.132+0000] {processor.py:186} INFO - Started process (PID=7423) to work on /home/airflow/.local/lib/python3.12/site-packages/airflow/example_dags/tutorial.py
[2024-12-21T21:38:54.134+0000] {processor.py:914} INFO - Processing file /home/airflow/.local/lib/python3.12/site-packages/airflow/example_dags/tutorial.py for tasks to queue
[2024-12-21T21:38:54.139+0000] {logging_mixin.py:190} INFO - [2024-12-21T21:38:54.139+0000] {dagbag.py:588} INFO - Filling up the DagBag from /home/airflow/.local/lib/python3.12/site-packages/airflow/example_dags/tutorial.py
[2024-12-21T21:38:54.157+0000] {processor.py:925} INFO - DAG(s) 'tutorial' retrieved from /home/airflow/.local/lib/python3.12/site-packages/airflow/example_dags/tutorial.py
[2024-12-21T21:38:54.202+0000] {logging_mixin.py:190} INFO - [2024-12-21T21:38:54.201+0000] {dag.py:3239} INFO - Sync 1 DAGs
[2024-12-21T21:38:54.261+0000] {logging_mixin.py:190} INFO - [2024-12-21T21:38:54.261+0000] {dag.py:4180} INFO - Setting next_dagrun for tutorial to 2024-12-20 00:00:00+00:00, run_after=2024-12-21 00:00:00+00:00
[2024-12-21T21:38:54.301+0000] {processor.py:208} INFO - Processing /home/airflow/.local/lib/python3.12/site-packages/airflow/example_dags/tutorial.py took 0.183 seconds
[2024-12-21T21:39:25.533+0000] {processor.py:186} INFO - Started process (PID=7719) to work on /home/airflow/.local/lib/python3.12/site-packages/airflow/example_dags/tutorial.py
[2024-12-21T21:39:25.535+0000] {processor.py:914} INFO - Processing file /home/airflow/.local/lib/python3.12/site-packages/airflow/example_dags/tutorial.py for tasks to queue
[2024-12-21T21:39:25.541+0000] {logging_mixin.py:190} INFO - [2024-12-21T21:39:25.540+0000] {dagbag.py:588} INFO - Filling up the DagBag from /home/airflow/.local/lib/python3.12/site-packages/airflow/example_dags/tutorial.py
[2024-12-21T21:39:25.558+0000] {processor.py:925} INFO - DAG(s) 'tutorial' retrieved from /home/airflow/.local/lib/python3.12/site-packages/airflow/example_dags/tutorial.py
[2024-12-21T21:39:25.604+0000] {logging_mixin.py:190} INFO - [2024-12-21T21:39:25.604+0000] {dag.py:3239} INFO - Sync 1 DAGs
[2024-12-21T21:39:25.657+0000] {logging_mixin.py:190} INFO - [2024-12-21T21:39:25.656+0000] {dag.py:4180} INFO - Setting next_dagrun for tutorial to 2024-12-20 00:00:00+00:00, run_after=2024-12-21 00:00:00+00:00
[2024-12-21T21:39:25.699+0000] {processor.py:208} INFO - Processing /home/airflow/.local/lib/python3.12/site-packages/airflow/example_dags/tutorial.py took 0.179 seconds
[2024-12-21T21:39:56.474+0000] {processor.py:186} INFO - Started process (PID=8005) to work on /home/airflow/.local/lib/python3.12/site-packages/airflow/example_dags/tutorial.py
[2024-12-21T21:39:56.477+0000] {processor.py:914} INFO - Processing file /home/airflow/.local/lib/python3.12/site-packages/airflow/example_dags/tutorial.py for tasks to queue
[2024-12-21T21:39:56.483+0000] {logging_mixin.py:190} INFO - [2024-12-21T21:39:56.482+0000] {dagbag.py:588} INFO - Filling up the DagBag from /home/airflow/.local/lib/python3.12/site-packages/airflow/example_dags/tutorial.py
[2024-12-21T21:39:56.504+0000] {processor.py:925} INFO - DAG(s) 'tutorial' retrieved from /home/airflow/.local/lib/python3.12/site-packages/airflow/example_dags/tutorial.py
[2024-12-21T21:39:56.552+0000] {logging_mixin.py:190} INFO - [2024-12-21T21:39:56.552+0000] {dag.py:3239} INFO - Sync 1 DAGs
[2024-12-21T21:39:56.620+0000] {logging_mixin.py:190} INFO - [2024-12-21T21:39:56.620+0000] {dag.py:4180} INFO - Setting next_dagrun for tutorial to 2024-12-20 00:00:00+00:00, run_after=2024-12-21 00:00:00+00:00
[2024-12-21T21:39:56.708+0000] {processor.py:208} INFO - Processing /home/airflow/.local/lib/python3.12/site-packages/airflow/example_dags/tutorial.py took 0.248 seconds
