[2024-12-21T21:11:08.515+0000] {processor.py:186} INFO - Started process (PID=222) to work on /home/airflow/.local/lib/python3.12/site-packages/airflow/example_dags/tutorial_dag.py
[2024-12-21T21:11:08.518+0000] {processor.py:914} INFO - Processing file /home/airflow/.local/lib/python3.12/site-packages/airflow/example_dags/tutorial_dag.py for tasks to queue
[2024-12-21T21:11:08.523+0000] {logging_mixin.py:190} INFO - [2024-12-21T21:11:08.522+0000] {dagbag.py:588} INFO - Filling up the DagBag from /home/airflow/.local/lib/python3.12/site-packages/airflow/example_dags/tutorial_dag.py
[2024-12-21T21:11:08.541+0000] {processor.py:925} INFO - DAG(s) 'tutorial_dag' retrieved from /home/airflow/.local/lib/python3.12/site-packages/airflow/example_dags/tutorial_dag.py
[2024-12-21T21:11:09.095+0000] {logging_mixin.py:190} INFO - [2024-12-21T21:11:09.090+0000] {override.py:1911} INFO - Created Permission View: can delete on DAG:tutorial_dag
[2024-12-21T21:11:09.119+0000] {logging_mixin.py:190} INFO - [2024-12-21T21:11:09.118+0000] {override.py:1911} INFO - Created Permission View: can edit on DAG:tutorial_dag
[2024-12-21T21:11:09.134+0000] {logging_mixin.py:190} INFO - [2024-12-21T21:11:09.133+0000] {override.py:1911} INFO - Created Permission View: can read on DAG:tutorial_dag
[2024-12-21T21:11:09.151+0000] {logging_mixin.py:190} INFO - [2024-12-21T21:11:09.150+0000] {override.py:1911} INFO - Created Permission View: can delete on DAG Run:tutorial_dag
[2024-12-21T21:11:09.168+0000] {logging_mixin.py:190} INFO - [2024-12-21T21:11:09.167+0000] {override.py:1911} INFO - Created Permission View: can read on DAG Run:tutorial_dag
[2024-12-21T21:11:09.183+0000] {logging_mixin.py:190} INFO - [2024-12-21T21:11:09.182+0000] {override.py:1911} INFO - Created Permission View: can create on DAG Run:tutorial_dag
[2024-12-21T21:11:09.198+0000] {logging_mixin.py:190} INFO - [2024-12-21T21:11:09.197+0000] {override.py:1911} INFO - Created Permission View: menu access on DAG Run:tutorial_dag
[2024-12-21T21:11:09.200+0000] {logging_mixin.py:190} INFO - [2024-12-21T21:11:09.199+0000] {dag.py:3239} INFO - Sync 1 DAGs
[2024-12-21T21:11:09.233+0000] {logging_mixin.py:190} INFO - [2024-12-21T21:11:09.233+0000] {dag.py:3262} INFO - Creating ORM DAG for tutorial_dag
[2024-12-21T21:11:09.235+0000] {logging_mixin.py:190} INFO - [2024-12-21T21:11:09.235+0000] {dag.py:4180} INFO - Setting next_dagrun for tutorial_dag to None, run_after=None
[2024-12-21T21:11:09.274+0000] {processor.py:208} INFO - Processing /home/airflow/.local/lib/python3.12/site-packages/airflow/example_dags/tutorial_dag.py took 0.772 seconds
[2024-12-21T21:11:39.448+0000] {processor.py:186} INFO - Started process (PID=515) to work on /home/airflow/.local/lib/python3.12/site-packages/airflow/example_dags/tutorial_dag.py
[2024-12-21T21:11:39.450+0000] {processor.py:914} INFO - Processing file /home/airflow/.local/lib/python3.12/site-packages/airflow/example_dags/tutorial_dag.py for tasks to queue
[2024-12-21T21:11:39.455+0000] {logging_mixin.py:190} INFO - [2024-12-21T21:11:39.454+0000] {dagbag.py:588} INFO - Filling up the DagBag from /home/airflow/.local/lib/python3.12/site-packages/airflow/example_dags/tutorial_dag.py
[2024-12-21T21:11:39.471+0000] {processor.py:925} INFO - DAG(s) 'tutorial_dag' retrieved from /home/airflow/.local/lib/python3.12/site-packages/airflow/example_dags/tutorial_dag.py
[2024-12-21T21:11:39.514+0000] {logging_mixin.py:190} INFO - [2024-12-21T21:11:39.513+0000] {dag.py:3239} INFO - Sync 1 DAGs
[2024-12-21T21:11:39.547+0000] {logging_mixin.py:190} INFO - [2024-12-21T21:11:39.547+0000] {dag.py:4180} INFO - Setting next_dagrun for tutorial_dag to None, run_after=None
[2024-12-21T21:11:39.588+0000] {processor.py:208} INFO - Processing /home/airflow/.local/lib/python3.12/site-packages/airflow/example_dags/tutorial_dag.py took 0.151 seconds
[2024-12-21T21:12:10.177+0000] {processor.py:186} INFO - Started process (PID=814) to work on /home/airflow/.local/lib/python3.12/site-packages/airflow/example_dags/tutorial_dag.py
[2024-12-21T21:12:10.179+0000] {processor.py:914} INFO - Processing file /home/airflow/.local/lib/python3.12/site-packages/airflow/example_dags/tutorial_dag.py for tasks to queue
[2024-12-21T21:12:10.184+0000] {logging_mixin.py:190} INFO - [2024-12-21T21:12:10.183+0000] {dagbag.py:588} INFO - Filling up the DagBag from /home/airflow/.local/lib/python3.12/site-packages/airflow/example_dags/tutorial_dag.py
[2024-12-21T21:12:10.199+0000] {processor.py:925} INFO - DAG(s) 'tutorial_dag' retrieved from /home/airflow/.local/lib/python3.12/site-packages/airflow/example_dags/tutorial_dag.py
[2024-12-21T21:12:10.259+0000] {logging_mixin.py:190} INFO - [2024-12-21T21:12:10.258+0000] {dag.py:3239} INFO - Sync 1 DAGs
[2024-12-21T21:12:10.291+0000] {logging_mixin.py:190} INFO - [2024-12-21T21:12:10.290+0000] {dag.py:4180} INFO - Setting next_dagrun for tutorial_dag to None, run_after=None
[2024-12-21T21:12:10.328+0000] {processor.py:208} INFO - Processing /home/airflow/.local/lib/python3.12/site-packages/airflow/example_dags/tutorial_dag.py took 0.162 seconds
[2024-12-21T21:12:40.881+0000] {processor.py:186} INFO - Started process (PID=1110) to work on /home/airflow/.local/lib/python3.12/site-packages/airflow/example_dags/tutorial_dag.py
[2024-12-21T21:12:40.883+0000] {processor.py:914} INFO - Processing file /home/airflow/.local/lib/python3.12/site-packages/airflow/example_dags/tutorial_dag.py for tasks to queue
[2024-12-21T21:12:40.888+0000] {logging_mixin.py:190} INFO - [2024-12-21T21:12:40.887+0000] {dagbag.py:588} INFO - Filling up the DagBag from /home/airflow/.local/lib/python3.12/site-packages/airflow/example_dags/tutorial_dag.py
[2024-12-21T21:12:40.903+0000] {processor.py:925} INFO - DAG(s) 'tutorial_dag' retrieved from /home/airflow/.local/lib/python3.12/site-packages/airflow/example_dags/tutorial_dag.py
[2024-12-21T21:12:40.942+0000] {logging_mixin.py:190} INFO - [2024-12-21T21:12:40.942+0000] {dag.py:3239} INFO - Sync 1 DAGs
[2024-12-21T21:12:40.971+0000] {logging_mixin.py:190} INFO - [2024-12-21T21:12:40.971+0000] {dag.py:4180} INFO - Setting next_dagrun for tutorial_dag to None, run_after=None
[2024-12-21T21:12:41.009+0000] {processor.py:208} INFO - Processing /home/airflow/.local/lib/python3.12/site-packages/airflow/example_dags/tutorial_dag.py took 0.140 seconds
[2024-12-21T21:13:11.204+0000] {processor.py:186} INFO - Started process (PID=1406) to work on /home/airflow/.local/lib/python3.12/site-packages/airflow/example_dags/tutorial_dag.py
[2024-12-21T21:13:11.206+0000] {processor.py:914} INFO - Processing file /home/airflow/.local/lib/python3.12/site-packages/airflow/example_dags/tutorial_dag.py for tasks to queue
[2024-12-21T21:13:11.211+0000] {logging_mixin.py:190} INFO - [2024-12-21T21:13:11.211+0000] {dagbag.py:588} INFO - Filling up the DagBag from /home/airflow/.local/lib/python3.12/site-packages/airflow/example_dags/tutorial_dag.py
[2024-12-21T21:13:11.225+0000] {processor.py:925} INFO - DAG(s) 'tutorial_dag' retrieved from /home/airflow/.local/lib/python3.12/site-packages/airflow/example_dags/tutorial_dag.py
[2024-12-21T21:13:11.263+0000] {logging_mixin.py:190} INFO - [2024-12-21T21:13:11.262+0000] {dag.py:3239} INFO - Sync 1 DAGs
[2024-12-21T21:13:11.302+0000] {logging_mixin.py:190} INFO - [2024-12-21T21:13:11.301+0000] {dag.py:4180} INFO - Setting next_dagrun for tutorial_dag to None, run_after=None
[2024-12-21T21:13:11.347+0000] {processor.py:208} INFO - Processing /home/airflow/.local/lib/python3.12/site-packages/airflow/example_dags/tutorial_dag.py took 0.164 seconds
[2024-12-21T21:13:42.162+0000] {processor.py:186} INFO - Started process (PID=1702) to work on /home/airflow/.local/lib/python3.12/site-packages/airflow/example_dags/tutorial_dag.py
[2024-12-21T21:13:42.164+0000] {processor.py:914} INFO - Processing file /home/airflow/.local/lib/python3.12/site-packages/airflow/example_dags/tutorial_dag.py for tasks to queue
[2024-12-21T21:13:42.169+0000] {logging_mixin.py:190} INFO - [2024-12-21T21:13:42.168+0000] {dagbag.py:588} INFO - Filling up the DagBag from /home/airflow/.local/lib/python3.12/site-packages/airflow/example_dags/tutorial_dag.py
[2024-12-21T21:13:42.186+0000] {processor.py:925} INFO - DAG(s) 'tutorial_dag' retrieved from /home/airflow/.local/lib/python3.12/site-packages/airflow/example_dags/tutorial_dag.py
[2024-12-21T21:13:42.228+0000] {logging_mixin.py:190} INFO - [2024-12-21T21:13:42.228+0000] {dag.py:3239} INFO - Sync 1 DAGs
[2024-12-21T21:13:42.259+0000] {logging_mixin.py:190} INFO - [2024-12-21T21:13:42.258+0000] {dag.py:4180} INFO - Setting next_dagrun for tutorial_dag to None, run_after=None
[2024-12-21T21:13:42.297+0000] {processor.py:208} INFO - Processing /home/airflow/.local/lib/python3.12/site-packages/airflow/example_dags/tutorial_dag.py took 0.148 seconds
[2024-12-21T21:14:13.169+0000] {processor.py:186} INFO - Started process (PID=1998) to work on /home/airflow/.local/lib/python3.12/site-packages/airflow/example_dags/tutorial_dag.py
[2024-12-21T21:14:13.172+0000] {processor.py:914} INFO - Processing file /home/airflow/.local/lib/python3.12/site-packages/airflow/example_dags/tutorial_dag.py for tasks to queue
[2024-12-21T21:14:13.176+0000] {logging_mixin.py:190} INFO - [2024-12-21T21:14:13.175+0000] {dagbag.py:588} INFO - Filling up the DagBag from /home/airflow/.local/lib/python3.12/site-packages/airflow/example_dags/tutorial_dag.py
[2024-12-21T21:14:13.193+0000] {processor.py:925} INFO - DAG(s) 'tutorial_dag' retrieved from /home/airflow/.local/lib/python3.12/site-packages/airflow/example_dags/tutorial_dag.py
[2024-12-21T21:14:13.237+0000] {logging_mixin.py:190} INFO - [2024-12-21T21:14:13.237+0000] {dag.py:3239} INFO - Sync 1 DAGs
[2024-12-21T21:14:13.267+0000] {logging_mixin.py:190} INFO - [2024-12-21T21:14:13.267+0000] {dag.py:4180} INFO - Setting next_dagrun for tutorial_dag to None, run_after=None
[2024-12-21T21:14:13.330+0000] {processor.py:208} INFO - Processing /home/airflow/.local/lib/python3.12/site-packages/airflow/example_dags/tutorial_dag.py took 0.173 seconds
[2024-12-21T21:14:43.475+0000] {processor.py:186} INFO - Started process (PID=2294) to work on /home/airflow/.local/lib/python3.12/site-packages/airflow/example_dags/tutorial_dag.py
[2024-12-21T21:14:43.478+0000] {processor.py:914} INFO - Processing file /home/airflow/.local/lib/python3.12/site-packages/airflow/example_dags/tutorial_dag.py for tasks to queue
[2024-12-21T21:14:43.482+0000] {logging_mixin.py:190} INFO - [2024-12-21T21:14:43.481+0000] {dagbag.py:588} INFO - Filling up the DagBag from /home/airflow/.local/lib/python3.12/site-packages/airflow/example_dags/tutorial_dag.py
[2024-12-21T21:14:43.498+0000] {processor.py:925} INFO - DAG(s) 'tutorial_dag' retrieved from /home/airflow/.local/lib/python3.12/site-packages/airflow/example_dags/tutorial_dag.py
[2024-12-21T21:14:43.536+0000] {logging_mixin.py:190} INFO - [2024-12-21T21:14:43.535+0000] {dag.py:3239} INFO - Sync 1 DAGs
[2024-12-21T21:14:43.567+0000] {logging_mixin.py:190} INFO - [2024-12-21T21:14:43.567+0000] {dag.py:4180} INFO - Setting next_dagrun for tutorial_dag to None, run_after=None
[2024-12-21T21:14:43.633+0000] {processor.py:208} INFO - Processing /home/airflow/.local/lib/python3.12/site-packages/airflow/example_dags/tutorial_dag.py took 0.168 seconds
[2024-12-21T21:15:13.767+0000] {processor.py:186} INFO - Started process (PID=2590) to work on /home/airflow/.local/lib/python3.12/site-packages/airflow/example_dags/tutorial_dag.py
[2024-12-21T21:15:13.769+0000] {processor.py:914} INFO - Processing file /home/airflow/.local/lib/python3.12/site-packages/airflow/example_dags/tutorial_dag.py for tasks to queue
[2024-12-21T21:15:13.774+0000] {logging_mixin.py:190} INFO - [2024-12-21T21:15:13.773+0000] {dagbag.py:588} INFO - Filling up the DagBag from /home/airflow/.local/lib/python3.12/site-packages/airflow/example_dags/tutorial_dag.py
[2024-12-21T21:15:13.789+0000] {processor.py:925} INFO - DAG(s) 'tutorial_dag' retrieved from /home/airflow/.local/lib/python3.12/site-packages/airflow/example_dags/tutorial_dag.py
[2024-12-21T21:15:13.828+0000] {logging_mixin.py:190} INFO - [2024-12-21T21:15:13.828+0000] {dag.py:3239} INFO - Sync 1 DAGs
[2024-12-21T21:15:13.864+0000] {logging_mixin.py:190} INFO - [2024-12-21T21:15:13.863+0000] {dag.py:4180} INFO - Setting next_dagrun for tutorial_dag to None, run_after=None
[2024-12-21T21:15:13.929+0000] {processor.py:208} INFO - Processing /home/airflow/.local/lib/python3.12/site-packages/airflow/example_dags/tutorial_dag.py took 0.174 seconds
[2024-12-21T21:15:44.532+0000] {processor.py:186} INFO - Started process (PID=2886) to work on /home/airflow/.local/lib/python3.12/site-packages/airflow/example_dags/tutorial_dag.py
[2024-12-21T21:15:44.534+0000] {processor.py:914} INFO - Processing file /home/airflow/.local/lib/python3.12/site-packages/airflow/example_dags/tutorial_dag.py for tasks to queue
[2024-12-21T21:15:44.538+0000] {logging_mixin.py:190} INFO - [2024-12-21T21:15:44.538+0000] {dagbag.py:588} INFO - Filling up the DagBag from /home/airflow/.local/lib/python3.12/site-packages/airflow/example_dags/tutorial_dag.py
[2024-12-21T21:15:44.552+0000] {processor.py:925} INFO - DAG(s) 'tutorial_dag' retrieved from /home/airflow/.local/lib/python3.12/site-packages/airflow/example_dags/tutorial_dag.py
[2024-12-21T21:15:44.596+0000] {logging_mixin.py:190} INFO - [2024-12-21T21:15:44.596+0000] {dag.py:3239} INFO - Sync 1 DAGs
[2024-12-21T21:15:44.626+0000] {logging_mixin.py:190} INFO - [2024-12-21T21:15:44.625+0000] {dag.py:4180} INFO - Setting next_dagrun for tutorial_dag to None, run_after=None
[2024-12-21T21:15:44.686+0000] {processor.py:208} INFO - Processing /home/airflow/.local/lib/python3.12/site-packages/airflow/example_dags/tutorial_dag.py took 0.167 seconds
[2024-12-21T21:16:17.232+0000] {processor.py:186} INFO - Started process (PID=3182) to work on /home/airflow/.local/lib/python3.12/site-packages/airflow/example_dags/tutorial_dag.py
[2024-12-21T21:16:17.234+0000] {processor.py:914} INFO - Processing file /home/airflow/.local/lib/python3.12/site-packages/airflow/example_dags/tutorial_dag.py for tasks to queue
[2024-12-21T21:16:17.239+0000] {logging_mixin.py:190} INFO - [2024-12-21T21:16:17.238+0000] {dagbag.py:588} INFO - Filling up the DagBag from /home/airflow/.local/lib/python3.12/site-packages/airflow/example_dags/tutorial_dag.py
[2024-12-21T21:16:17.258+0000] {processor.py:925} INFO - DAG(s) 'tutorial_dag' retrieved from /home/airflow/.local/lib/python3.12/site-packages/airflow/example_dags/tutorial_dag.py
[2024-12-21T21:16:17.306+0000] {logging_mixin.py:190} INFO - [2024-12-21T21:16:17.305+0000] {dag.py:3239} INFO - Sync 1 DAGs
[2024-12-21T21:16:17.344+0000] {logging_mixin.py:190} INFO - [2024-12-21T21:16:17.344+0000] {dag.py:4180} INFO - Setting next_dagrun for tutorial_dag to None, run_after=None
[2024-12-21T21:16:17.418+0000] {processor.py:208} INFO - Processing /home/airflow/.local/lib/python3.12/site-packages/airflow/example_dags/tutorial_dag.py took 0.202 seconds
[2024-12-21T21:16:48.100+0000] {processor.py:186} INFO - Started process (PID=3427) to work on /home/airflow/.local/lib/python3.12/site-packages/airflow/example_dags/tutorial_dag.py
[2024-12-21T21:16:48.102+0000] {processor.py:914} INFO - Processing file /home/airflow/.local/lib/python3.12/site-packages/airflow/example_dags/tutorial_dag.py for tasks to queue
[2024-12-21T21:16:48.107+0000] {logging_mixin.py:190} INFO - [2024-12-21T21:16:48.106+0000] {dagbag.py:588} INFO - Filling up the DagBag from /home/airflow/.local/lib/python3.12/site-packages/airflow/example_dags/tutorial_dag.py
[2024-12-21T21:16:48.126+0000] {processor.py:925} INFO - DAG(s) 'tutorial_dag' retrieved from /home/airflow/.local/lib/python3.12/site-packages/airflow/example_dags/tutorial_dag.py
[2024-12-21T21:16:48.181+0000] {logging_mixin.py:190} INFO - [2024-12-21T21:16:48.180+0000] {dag.py:3239} INFO - Sync 1 DAGs
[2024-12-21T21:16:48.221+0000] {logging_mixin.py:190} INFO - [2024-12-21T21:16:48.221+0000] {dag.py:4180} INFO - Setting next_dagrun for tutorial_dag to None, run_after=None
[2024-12-21T21:16:48.272+0000] {processor.py:208} INFO - Processing /home/airflow/.local/lib/python3.12/site-packages/airflow/example_dags/tutorial_dag.py took 0.187 seconds
[2024-12-21T21:17:18.924+0000] {processor.py:186} INFO - Started process (PID=3703) to work on /home/airflow/.local/lib/python3.12/site-packages/airflow/example_dags/tutorial_dag.py
[2024-12-21T21:17:18.926+0000] {processor.py:914} INFO - Processing file /home/airflow/.local/lib/python3.12/site-packages/airflow/example_dags/tutorial_dag.py for tasks to queue
[2024-12-21T21:17:18.931+0000] {logging_mixin.py:190} INFO - [2024-12-21T21:17:18.930+0000] {dagbag.py:588} INFO - Filling up the DagBag from /home/airflow/.local/lib/python3.12/site-packages/airflow/example_dags/tutorial_dag.py
[2024-12-21T21:17:18.945+0000] {processor.py:925} INFO - DAG(s) 'tutorial_dag' retrieved from /home/airflow/.local/lib/python3.12/site-packages/airflow/example_dags/tutorial_dag.py
[2024-12-21T21:17:18.991+0000] {logging_mixin.py:190} INFO - [2024-12-21T21:17:18.990+0000] {dag.py:3239} INFO - Sync 1 DAGs
[2024-12-21T21:17:19.029+0000] {logging_mixin.py:190} INFO - [2024-12-21T21:17:19.028+0000] {dag.py:4180} INFO - Setting next_dagrun for tutorial_dag to None, run_after=None
[2024-12-21T21:17:19.068+0000] {processor.py:208} INFO - Processing /home/airflow/.local/lib/python3.12/site-packages/airflow/example_dags/tutorial_dag.py took 0.155 seconds
[2024-12-21T21:17:50.394+0000] {processor.py:186} INFO - Started process (PID=3966) to work on /home/airflow/.local/lib/python3.12/site-packages/airflow/example_dags/tutorial_dag.py
[2024-12-21T21:17:50.396+0000] {processor.py:914} INFO - Processing file /home/airflow/.local/lib/python3.12/site-packages/airflow/example_dags/tutorial_dag.py for tasks to queue
[2024-12-21T21:17:50.401+0000] {logging_mixin.py:190} INFO - [2024-12-21T21:17:50.400+0000] {dagbag.py:588} INFO - Filling up the DagBag from /home/airflow/.local/lib/python3.12/site-packages/airflow/example_dags/tutorial_dag.py
[2024-12-21T21:17:50.418+0000] {processor.py:925} INFO - DAG(s) 'tutorial_dag' retrieved from /home/airflow/.local/lib/python3.12/site-packages/airflow/example_dags/tutorial_dag.py
[2024-12-21T21:17:50.467+0000] {logging_mixin.py:190} INFO - [2024-12-21T21:17:50.467+0000] {dag.py:3239} INFO - Sync 1 DAGs
[2024-12-21T21:17:50.508+0000] {logging_mixin.py:190} INFO - [2024-12-21T21:17:50.508+0000] {dag.py:4180} INFO - Setting next_dagrun for tutorial_dag to None, run_after=None
[2024-12-21T21:17:50.579+0000] {processor.py:208} INFO - Processing /home/airflow/.local/lib/python3.12/site-packages/airflow/example_dags/tutorial_dag.py took 0.200 seconds
[2024-12-21T21:18:21.950+0000] {processor.py:186} INFO - Started process (PID=4260) to work on /home/airflow/.local/lib/python3.12/site-packages/airflow/example_dags/tutorial_dag.py
[2024-12-21T21:18:21.952+0000] {processor.py:914} INFO - Processing file /home/airflow/.local/lib/python3.12/site-packages/airflow/example_dags/tutorial_dag.py for tasks to queue
[2024-12-21T21:18:21.956+0000] {logging_mixin.py:190} INFO - [2024-12-21T21:18:21.956+0000] {dagbag.py:588} INFO - Filling up the DagBag from /home/airflow/.local/lib/python3.12/site-packages/airflow/example_dags/tutorial_dag.py
[2024-12-21T21:18:21.974+0000] {processor.py:925} INFO - DAG(s) 'tutorial_dag' retrieved from /home/airflow/.local/lib/python3.12/site-packages/airflow/example_dags/tutorial_dag.py
[2024-12-21T21:18:22.024+0000] {logging_mixin.py:190} INFO - [2024-12-21T21:18:22.023+0000] {dag.py:3239} INFO - Sync 1 DAGs
[2024-12-21T21:18:22.064+0000] {logging_mixin.py:190} INFO - [2024-12-21T21:18:22.063+0000] {dag.py:4180} INFO - Setting next_dagrun for tutorial_dag to None, run_after=None
[2024-12-21T21:18:22.132+0000] {processor.py:208} INFO - Processing /home/airflow/.local/lib/python3.12/site-packages/airflow/example_dags/tutorial_dag.py took 0.197 seconds
[2024-12-21T21:18:52.554+0000] {processor.py:186} INFO - Started process (PID=4546) to work on /home/airflow/.local/lib/python3.12/site-packages/airflow/example_dags/tutorial_dag.py
[2024-12-21T21:18:52.557+0000] {processor.py:914} INFO - Processing file /home/airflow/.local/lib/python3.12/site-packages/airflow/example_dags/tutorial_dag.py for tasks to queue
[2024-12-21T21:18:52.562+0000] {logging_mixin.py:190} INFO - [2024-12-21T21:18:52.561+0000] {dagbag.py:588} INFO - Filling up the DagBag from /home/airflow/.local/lib/python3.12/site-packages/airflow/example_dags/tutorial_dag.py
[2024-12-21T21:18:52.583+0000] {processor.py:925} INFO - DAG(s) 'tutorial_dag' retrieved from /home/airflow/.local/lib/python3.12/site-packages/airflow/example_dags/tutorial_dag.py
[2024-12-21T21:18:52.654+0000] {logging_mixin.py:190} INFO - [2024-12-21T21:18:52.653+0000] {dag.py:3239} INFO - Sync 1 DAGs
[2024-12-21T21:18:52.694+0000] {logging_mixin.py:190} INFO - [2024-12-21T21:18:52.693+0000] {dag.py:4180} INFO - Setting next_dagrun for tutorial_dag to None, run_after=None
[2024-12-21T21:18:52.751+0000] {processor.py:208} INFO - Processing /home/airflow/.local/lib/python3.12/site-packages/airflow/example_dags/tutorial_dag.py took 0.217 seconds
[2024-12-21T21:19:23.057+0000] {processor.py:186} INFO - Started process (PID=4839) to work on /home/airflow/.local/lib/python3.12/site-packages/airflow/example_dags/tutorial_dag.py
[2024-12-21T21:19:23.059+0000] {processor.py:914} INFO - Processing file /home/airflow/.local/lib/python3.12/site-packages/airflow/example_dags/tutorial_dag.py for tasks to queue
[2024-12-21T21:19:23.063+0000] {logging_mixin.py:190} INFO - [2024-12-21T21:19:23.063+0000] {dagbag.py:588} INFO - Filling up the DagBag from /home/airflow/.local/lib/python3.12/site-packages/airflow/example_dags/tutorial_dag.py
[2024-12-21T21:19:23.079+0000] {processor.py:925} INFO - DAG(s) 'tutorial_dag' retrieved from /home/airflow/.local/lib/python3.12/site-packages/airflow/example_dags/tutorial_dag.py
[2024-12-21T21:19:23.123+0000] {logging_mixin.py:190} INFO - [2024-12-21T21:19:23.122+0000] {dag.py:3239} INFO - Sync 1 DAGs
[2024-12-21T21:19:23.155+0000] {logging_mixin.py:190} INFO - [2024-12-21T21:19:23.155+0000] {dag.py:4180} INFO - Setting next_dagrun for tutorial_dag to None, run_after=None
[2024-12-21T21:19:23.222+0000] {processor.py:208} INFO - Processing /home/airflow/.local/lib/python3.12/site-packages/airflow/example_dags/tutorial_dag.py took 0.176 seconds
[2024-12-21T21:19:53.511+0000] {processor.py:186} INFO - Started process (PID=5135) to work on /home/airflow/.local/lib/python3.12/site-packages/airflow/example_dags/tutorial_dag.py
[2024-12-21T21:19:53.514+0000] {processor.py:914} INFO - Processing file /home/airflow/.local/lib/python3.12/site-packages/airflow/example_dags/tutorial_dag.py for tasks to queue
[2024-12-21T21:19:53.518+0000] {logging_mixin.py:190} INFO - [2024-12-21T21:19:53.518+0000] {dagbag.py:588} INFO - Filling up the DagBag from /home/airflow/.local/lib/python3.12/site-packages/airflow/example_dags/tutorial_dag.py
[2024-12-21T21:19:53.535+0000] {processor.py:925} INFO - DAG(s) 'tutorial_dag' retrieved from /home/airflow/.local/lib/python3.12/site-packages/airflow/example_dags/tutorial_dag.py
[2024-12-21T21:19:53.580+0000] {logging_mixin.py:190} INFO - [2024-12-21T21:19:53.579+0000] {dag.py:3239} INFO - Sync 1 DAGs
[2024-12-21T21:19:53.610+0000] {logging_mixin.py:190} INFO - [2024-12-21T21:19:53.609+0000] {dag.py:4180} INFO - Setting next_dagrun for tutorial_dag to None, run_after=None
[2024-12-21T21:19:53.676+0000] {processor.py:208} INFO - Processing /home/airflow/.local/lib/python3.12/site-packages/airflow/example_dags/tutorial_dag.py took 0.176 seconds
[2024-12-21T21:20:24.316+0000] {processor.py:186} INFO - Started process (PID=5428) to work on /home/airflow/.local/lib/python3.12/site-packages/airflow/example_dags/tutorial_dag.py
[2024-12-21T21:20:24.319+0000] {processor.py:914} INFO - Processing file /home/airflow/.local/lib/python3.12/site-packages/airflow/example_dags/tutorial_dag.py for tasks to queue
[2024-12-21T21:20:24.325+0000] {logging_mixin.py:190} INFO - [2024-12-21T21:20:24.324+0000] {dagbag.py:588} INFO - Filling up the DagBag from /home/airflow/.local/lib/python3.12/site-packages/airflow/example_dags/tutorial_dag.py
[2024-12-21T21:20:24.341+0000] {processor.py:925} INFO - DAG(s) 'tutorial_dag' retrieved from /home/airflow/.local/lib/python3.12/site-packages/airflow/example_dags/tutorial_dag.py
[2024-12-21T21:20:24.386+0000] {logging_mixin.py:190} INFO - [2024-12-21T21:20:24.385+0000] {dag.py:3239} INFO - Sync 1 DAGs
[2024-12-21T21:20:24.428+0000] {logging_mixin.py:190} INFO - [2024-12-21T21:20:24.427+0000] {dag.py:4180} INFO - Setting next_dagrun for tutorial_dag to None, run_after=None
[2024-12-21T21:20:24.500+0000] {processor.py:208} INFO - Processing /home/airflow/.local/lib/python3.12/site-packages/airflow/example_dags/tutorial_dag.py took 0.198 seconds
[2024-12-21T21:20:55.082+0000] {processor.py:186} INFO - Started process (PID=5716) to work on /home/airflow/.local/lib/python3.12/site-packages/airflow/example_dags/tutorial_dag.py
[2024-12-21T21:20:55.096+0000] {processor.py:914} INFO - Processing file /home/airflow/.local/lib/python3.12/site-packages/airflow/example_dags/tutorial_dag.py for tasks to queue
[2024-12-21T21:20:55.105+0000] {logging_mixin.py:190} INFO - [2024-12-21T21:20:55.103+0000] {dagbag.py:588} INFO - Filling up the DagBag from /home/airflow/.local/lib/python3.12/site-packages/airflow/example_dags/tutorial_dag.py
[2024-12-21T21:20:55.147+0000] {processor.py:925} INFO - DAG(s) 'tutorial_dag' retrieved from /home/airflow/.local/lib/python3.12/site-packages/airflow/example_dags/tutorial_dag.py
[2024-12-21T21:20:55.190+0000] {logging_mixin.py:190} INFO - [2024-12-21T21:20:55.189+0000] {dag.py:3239} INFO - Sync 1 DAGs
[2024-12-21T21:20:55.222+0000] {logging_mixin.py:190} INFO - [2024-12-21T21:20:55.222+0000] {dag.py:4180} INFO - Setting next_dagrun for tutorial_dag to None, run_after=None
[2024-12-21T21:20:55.286+0000] {processor.py:208} INFO - Processing /home/airflow/.local/lib/python3.12/site-packages/airflow/example_dags/tutorial_dag.py took 0.237 seconds
[2024-12-21T21:21:25.698+0000] {processor.py:186} INFO - Started process (PID=6011) to work on /home/airflow/.local/lib/python3.12/site-packages/airflow/example_dags/tutorial_dag.py
[2024-12-21T21:21:25.700+0000] {processor.py:914} INFO - Processing file /home/airflow/.local/lib/python3.12/site-packages/airflow/example_dags/tutorial_dag.py for tasks to queue
[2024-12-21T21:21:25.704+0000] {logging_mixin.py:190} INFO - [2024-12-21T21:21:25.703+0000] {dagbag.py:588} INFO - Filling up the DagBag from /home/airflow/.local/lib/python3.12/site-packages/airflow/example_dags/tutorial_dag.py
[2024-12-21T21:21:25.720+0000] {processor.py:925} INFO - DAG(s) 'tutorial_dag' retrieved from /home/airflow/.local/lib/python3.12/site-packages/airflow/example_dags/tutorial_dag.py
[2024-12-21T21:21:25.760+0000] {logging_mixin.py:190} INFO - [2024-12-21T21:21:25.760+0000] {dag.py:3239} INFO - Sync 1 DAGs
[2024-12-21T21:21:25.798+0000] {logging_mixin.py:190} INFO - [2024-12-21T21:21:25.798+0000] {dag.py:4180} INFO - Setting next_dagrun for tutorial_dag to None, run_after=None
[2024-12-21T21:21:25.865+0000] {processor.py:208} INFO - Processing /home/airflow/.local/lib/python3.12/site-packages/airflow/example_dags/tutorial_dag.py took 0.181 seconds
[2024-12-21T21:21:56.529+0000] {processor.py:186} INFO - Started process (PID=6304) to work on /home/airflow/.local/lib/python3.12/site-packages/airflow/example_dags/tutorial_dag.py
[2024-12-21T21:21:56.531+0000] {processor.py:914} INFO - Processing file /home/airflow/.local/lib/python3.12/site-packages/airflow/example_dags/tutorial_dag.py for tasks to queue
[2024-12-21T21:21:56.536+0000] {logging_mixin.py:190} INFO - [2024-12-21T21:21:56.536+0000] {dagbag.py:588} INFO - Filling up the DagBag from /home/airflow/.local/lib/python3.12/site-packages/airflow/example_dags/tutorial_dag.py
[2024-12-21T21:21:56.552+0000] {processor.py:925} INFO - DAG(s) 'tutorial_dag' retrieved from /home/airflow/.local/lib/python3.12/site-packages/airflow/example_dags/tutorial_dag.py
[2024-12-21T21:21:56.590+0000] {logging_mixin.py:190} INFO - [2024-12-21T21:21:56.589+0000] {dag.py:3239} INFO - Sync 1 DAGs
[2024-12-21T21:21:56.627+0000] {logging_mixin.py:190} INFO - [2024-12-21T21:21:56.626+0000] {dag.py:4180} INFO - Setting next_dagrun for tutorial_dag to None, run_after=None
[2024-12-21T21:21:56.690+0000] {processor.py:208} INFO - Processing /home/airflow/.local/lib/python3.12/site-packages/airflow/example_dags/tutorial_dag.py took 0.175 seconds
[2024-12-21T21:22:26.853+0000] {processor.py:186} INFO - Started process (PID=6600) to work on /home/airflow/.local/lib/python3.12/site-packages/airflow/example_dags/tutorial_dag.py
[2024-12-21T21:22:26.855+0000] {processor.py:914} INFO - Processing file /home/airflow/.local/lib/python3.12/site-packages/airflow/example_dags/tutorial_dag.py for tasks to queue
[2024-12-21T21:22:26.860+0000] {logging_mixin.py:190} INFO - [2024-12-21T21:22:26.860+0000] {dagbag.py:588} INFO - Filling up the DagBag from /home/airflow/.local/lib/python3.12/site-packages/airflow/example_dags/tutorial_dag.py
[2024-12-21T21:22:26.878+0000] {processor.py:925} INFO - DAG(s) 'tutorial_dag' retrieved from /home/airflow/.local/lib/python3.12/site-packages/airflow/example_dags/tutorial_dag.py
[2024-12-21T21:22:26.930+0000] {logging_mixin.py:190} INFO - [2024-12-21T21:22:26.930+0000] {dag.py:3239} INFO - Sync 1 DAGs
[2024-12-21T21:22:26.967+0000] {logging_mixin.py:190} INFO - [2024-12-21T21:22:26.966+0000] {dag.py:4180} INFO - Setting next_dagrun for tutorial_dag to None, run_after=None
[2024-12-21T21:22:27.010+0000] {processor.py:208} INFO - Processing /home/airflow/.local/lib/python3.12/site-packages/airflow/example_dags/tutorial_dag.py took 0.168 seconds
[2024-12-21T21:22:57.414+0000] {processor.py:186} INFO - Started process (PID=6896) to work on /home/airflow/.local/lib/python3.12/site-packages/airflow/example_dags/tutorial_dag.py
[2024-12-21T21:22:57.420+0000] {processor.py:914} INFO - Processing file /home/airflow/.local/lib/python3.12/site-packages/airflow/example_dags/tutorial_dag.py for tasks to queue
[2024-12-21T21:22:57.430+0000] {logging_mixin.py:190} INFO - [2024-12-21T21:22:57.428+0000] {dagbag.py:588} INFO - Filling up the DagBag from /home/airflow/.local/lib/python3.12/site-packages/airflow/example_dags/tutorial_dag.py
[2024-12-21T21:22:57.463+0000] {processor.py:925} INFO - DAG(s) 'tutorial_dag' retrieved from /home/airflow/.local/lib/python3.12/site-packages/airflow/example_dags/tutorial_dag.py
[2024-12-21T21:22:57.526+0000] {logging_mixin.py:190} INFO - [2024-12-21T21:22:57.525+0000] {dag.py:3239} INFO - Sync 1 DAGs
[2024-12-21T21:22:57.593+0000] {logging_mixin.py:190} INFO - [2024-12-21T21:22:57.593+0000] {dag.py:4180} INFO - Setting next_dagrun for tutorial_dag to None, run_after=None
[2024-12-21T21:22:57.705+0000] {processor.py:208} INFO - Processing /home/airflow/.local/lib/python3.12/site-packages/airflow/example_dags/tutorial_dag.py took 0.319 seconds
[2024-12-21T21:23:27.892+0000] {processor.py:186} INFO - Started process (PID=7199) to work on /home/airflow/.local/lib/python3.12/site-packages/airflow/example_dags/tutorial_dag.py
[2024-12-21T21:23:27.894+0000] {processor.py:914} INFO - Processing file /home/airflow/.local/lib/python3.12/site-packages/airflow/example_dags/tutorial_dag.py for tasks to queue
[2024-12-21T21:23:27.898+0000] {logging_mixin.py:190} INFO - [2024-12-21T21:23:27.898+0000] {dagbag.py:588} INFO - Filling up the DagBag from /home/airflow/.local/lib/python3.12/site-packages/airflow/example_dags/tutorial_dag.py
[2024-12-21T21:23:27.913+0000] {processor.py:925} INFO - DAG(s) 'tutorial_dag' retrieved from /home/airflow/.local/lib/python3.12/site-packages/airflow/example_dags/tutorial_dag.py
[2024-12-21T21:23:27.954+0000] {logging_mixin.py:190} INFO - [2024-12-21T21:23:27.954+0000] {dag.py:3239} INFO - Sync 1 DAGs
[2024-12-21T21:23:27.986+0000] {logging_mixin.py:190} INFO - [2024-12-21T21:23:27.986+0000] {dag.py:4180} INFO - Setting next_dagrun for tutorial_dag to None, run_after=None
[2024-12-21T21:23:28.051+0000] {processor.py:208} INFO - Processing /home/airflow/.local/lib/python3.12/site-packages/airflow/example_dags/tutorial_dag.py took 0.169 seconds
[2024-12-21T21:23:58.190+0000] {processor.py:186} INFO - Started process (PID=7495) to work on /home/airflow/.local/lib/python3.12/site-packages/airflow/example_dags/tutorial_dag.py
[2024-12-21T21:23:58.192+0000] {processor.py:914} INFO - Processing file /home/airflow/.local/lib/python3.12/site-packages/airflow/example_dags/tutorial_dag.py for tasks to queue
[2024-12-21T21:23:58.197+0000] {logging_mixin.py:190} INFO - [2024-12-21T21:23:58.197+0000] {dagbag.py:588} INFO - Filling up the DagBag from /home/airflow/.local/lib/python3.12/site-packages/airflow/example_dags/tutorial_dag.py
[2024-12-21T21:23:58.211+0000] {processor.py:925} INFO - DAG(s) 'tutorial_dag' retrieved from /home/airflow/.local/lib/python3.12/site-packages/airflow/example_dags/tutorial_dag.py
[2024-12-21T21:23:58.250+0000] {logging_mixin.py:190} INFO - [2024-12-21T21:23:58.250+0000] {dag.py:3239} INFO - Sync 1 DAGs
[2024-12-21T21:23:58.280+0000] {logging_mixin.py:190} INFO - [2024-12-21T21:23:58.279+0000] {dag.py:4180} INFO - Setting next_dagrun for tutorial_dag to None, run_after=None
[2024-12-21T21:23:58.341+0000] {processor.py:208} INFO - Processing /home/airflow/.local/lib/python3.12/site-packages/airflow/example_dags/tutorial_dag.py took 0.164 seconds
[2024-12-21T21:24:28.787+0000] {processor.py:186} INFO - Started process (PID=7791) to work on /home/airflow/.local/lib/python3.12/site-packages/airflow/example_dags/tutorial_dag.py
[2024-12-21T21:24:28.791+0000] {processor.py:914} INFO - Processing file /home/airflow/.local/lib/python3.12/site-packages/airflow/example_dags/tutorial_dag.py for tasks to queue
[2024-12-21T21:24:28.796+0000] {logging_mixin.py:190} INFO - [2024-12-21T21:24:28.795+0000] {dagbag.py:588} INFO - Filling up the DagBag from /home/airflow/.local/lib/python3.12/site-packages/airflow/example_dags/tutorial_dag.py
[2024-12-21T21:24:28.813+0000] {processor.py:925} INFO - DAG(s) 'tutorial_dag' retrieved from /home/airflow/.local/lib/python3.12/site-packages/airflow/example_dags/tutorial_dag.py
[2024-12-21T21:24:28.861+0000] {logging_mixin.py:190} INFO - [2024-12-21T21:24:28.860+0000] {dag.py:3239} INFO - Sync 1 DAGs
[2024-12-21T21:24:28.898+0000] {logging_mixin.py:190} INFO - [2024-12-21T21:24:28.897+0000] {dag.py:4180} INFO - Setting next_dagrun for tutorial_dag to None, run_after=None
[2024-12-21T21:24:28.950+0000] {processor.py:208} INFO - Processing /home/airflow/.local/lib/python3.12/site-packages/airflow/example_dags/tutorial_dag.py took 0.179 seconds
[2024-12-21T21:26:27.440+0000] {processor.py:186} INFO - Started process (PID=215) to work on /home/airflow/.local/lib/python3.12/site-packages/airflow/example_dags/tutorial_dag.py
[2024-12-21T21:26:27.442+0000] {processor.py:914} INFO - Processing file /home/airflow/.local/lib/python3.12/site-packages/airflow/example_dags/tutorial_dag.py for tasks to queue
[2024-12-21T21:26:27.447+0000] {logging_mixin.py:190} INFO - [2024-12-21T21:26:27.446+0000] {dagbag.py:588} INFO - Filling up the DagBag from /home/airflow/.local/lib/python3.12/site-packages/airflow/example_dags/tutorial_dag.py
[2024-12-21T21:26:27.460+0000] {processor.py:925} INFO - DAG(s) 'tutorial_dag' retrieved from /home/airflow/.local/lib/python3.12/site-packages/airflow/example_dags/tutorial_dag.py
[2024-12-21T21:26:27.515+0000] {logging_mixin.py:190} INFO - [2024-12-21T21:26:27.515+0000] {dag.py:3239} INFO - Sync 1 DAGs
[2024-12-21T21:26:27.543+0000] {logging_mixin.py:190} INFO - [2024-12-21T21:26:27.543+0000] {dag.py:4180} INFO - Setting next_dagrun for tutorial_dag to None, run_after=None
[2024-12-21T21:26:27.582+0000] {processor.py:208} INFO - Processing /home/airflow/.local/lib/python3.12/site-packages/airflow/example_dags/tutorial_dag.py took 0.151 seconds
[2024-12-21T21:26:58.044+0000] {processor.py:186} INFO - Started process (PID=511) to work on /home/airflow/.local/lib/python3.12/site-packages/airflow/example_dags/tutorial_dag.py
[2024-12-21T21:26:58.046+0000] {processor.py:914} INFO - Processing file /home/airflow/.local/lib/python3.12/site-packages/airflow/example_dags/tutorial_dag.py for tasks to queue
[2024-12-21T21:26:58.051+0000] {logging_mixin.py:190} INFO - [2024-12-21T21:26:58.050+0000] {dagbag.py:588} INFO - Filling up the DagBag from /home/airflow/.local/lib/python3.12/site-packages/airflow/example_dags/tutorial_dag.py
[2024-12-21T21:26:58.066+0000] {processor.py:925} INFO - DAG(s) 'tutorial_dag' retrieved from /home/airflow/.local/lib/python3.12/site-packages/airflow/example_dags/tutorial_dag.py
[2024-12-21T21:26:58.111+0000] {logging_mixin.py:190} INFO - [2024-12-21T21:26:58.110+0000] {dag.py:3239} INFO - Sync 1 DAGs
[2024-12-21T21:26:58.143+0000] {logging_mixin.py:190} INFO - [2024-12-21T21:26:58.142+0000] {dag.py:4180} INFO - Setting next_dagrun for tutorial_dag to None, run_after=None
[2024-12-21T21:26:58.214+0000] {processor.py:208} INFO - Processing /home/airflow/.local/lib/python3.12/site-packages/airflow/example_dags/tutorial_dag.py took 0.180 seconds
[2024-12-21T21:27:28.673+0000] {processor.py:186} INFO - Started process (PID=807) to work on /home/airflow/.local/lib/python3.12/site-packages/airflow/example_dags/tutorial_dag.py
[2024-12-21T21:27:28.676+0000] {processor.py:914} INFO - Processing file /home/airflow/.local/lib/python3.12/site-packages/airflow/example_dags/tutorial_dag.py for tasks to queue
[2024-12-21T21:27:28.681+0000] {logging_mixin.py:190} INFO - [2024-12-21T21:27:28.680+0000] {dagbag.py:588} INFO - Filling up the DagBag from /home/airflow/.local/lib/python3.12/site-packages/airflow/example_dags/tutorial_dag.py
[2024-12-21T21:27:28.698+0000] {processor.py:925} INFO - DAG(s) 'tutorial_dag' retrieved from /home/airflow/.local/lib/python3.12/site-packages/airflow/example_dags/tutorial_dag.py
[2024-12-21T21:27:28.764+0000] {logging_mixin.py:190} INFO - [2024-12-21T21:27:28.764+0000] {dag.py:3239} INFO - Sync 1 DAGs
[2024-12-21T21:27:28.812+0000] {logging_mixin.py:190} INFO - [2024-12-21T21:27:28.811+0000] {dag.py:4180} INFO - Setting next_dagrun for tutorial_dag to None, run_after=None
[2024-12-21T21:27:28.875+0000] {processor.py:208} INFO - Processing /home/airflow/.local/lib/python3.12/site-packages/airflow/example_dags/tutorial_dag.py took 0.220 seconds
[2024-12-21T21:27:59.088+0000] {processor.py:186} INFO - Started process (PID=1103) to work on /home/airflow/.local/lib/python3.12/site-packages/airflow/example_dags/tutorial_dag.py
[2024-12-21T21:27:59.090+0000] {processor.py:914} INFO - Processing file /home/airflow/.local/lib/python3.12/site-packages/airflow/example_dags/tutorial_dag.py for tasks to queue
[2024-12-21T21:27:59.094+0000] {logging_mixin.py:190} INFO - [2024-12-21T21:27:59.093+0000] {dagbag.py:588} INFO - Filling up the DagBag from /home/airflow/.local/lib/python3.12/site-packages/airflow/example_dags/tutorial_dag.py
[2024-12-21T21:27:59.110+0000] {processor.py:925} INFO - DAG(s) 'tutorial_dag' retrieved from /home/airflow/.local/lib/python3.12/site-packages/airflow/example_dags/tutorial_dag.py
[2024-12-21T21:27:59.153+0000] {logging_mixin.py:190} INFO - [2024-12-21T21:27:59.152+0000] {dag.py:3239} INFO - Sync 1 DAGs
[2024-12-21T21:27:59.187+0000] {logging_mixin.py:190} INFO - [2024-12-21T21:27:59.187+0000] {dag.py:4180} INFO - Setting next_dagrun for tutorial_dag to None, run_after=None
[2024-12-21T21:27:59.231+0000] {processor.py:208} INFO - Processing /home/airflow/.local/lib/python3.12/site-packages/airflow/example_dags/tutorial_dag.py took 0.152 seconds
[2024-12-21T21:28:29.944+0000] {processor.py:186} INFO - Started process (PID=1405) to work on /home/airflow/.local/lib/python3.12/site-packages/airflow/example_dags/tutorial_dag.py
[2024-12-21T21:28:29.946+0000] {processor.py:914} INFO - Processing file /home/airflow/.local/lib/python3.12/site-packages/airflow/example_dags/tutorial_dag.py for tasks to queue
[2024-12-21T21:28:29.950+0000] {logging_mixin.py:190} INFO - [2024-12-21T21:28:29.949+0000] {dagbag.py:588} INFO - Filling up the DagBag from /home/airflow/.local/lib/python3.12/site-packages/airflow/example_dags/tutorial_dag.py
[2024-12-21T21:28:29.968+0000] {processor.py:925} INFO - DAG(s) 'tutorial_dag' retrieved from /home/airflow/.local/lib/python3.12/site-packages/airflow/example_dags/tutorial_dag.py
[2024-12-21T21:28:30.009+0000] {logging_mixin.py:190} INFO - [2024-12-21T21:28:30.008+0000] {dag.py:3239} INFO - Sync 1 DAGs
[2024-12-21T21:28:30.037+0000] {logging_mixin.py:190} INFO - [2024-12-21T21:28:30.036+0000] {dag.py:4180} INFO - Setting next_dagrun for tutorial_dag to None, run_after=None
[2024-12-21T21:28:30.074+0000] {processor.py:208} INFO - Processing /home/airflow/.local/lib/python3.12/site-packages/airflow/example_dags/tutorial_dag.py took 0.145 seconds
[2024-12-21T21:29:00.824+0000] {processor.py:186} INFO - Started process (PID=1701) to work on /home/airflow/.local/lib/python3.12/site-packages/airflow/example_dags/tutorial_dag.py
[2024-12-21T21:29:00.826+0000] {processor.py:914} INFO - Processing file /home/airflow/.local/lib/python3.12/site-packages/airflow/example_dags/tutorial_dag.py for tasks to queue
[2024-12-21T21:29:00.830+0000] {logging_mixin.py:190} INFO - [2024-12-21T21:29:00.829+0000] {dagbag.py:588} INFO - Filling up the DagBag from /home/airflow/.local/lib/python3.12/site-packages/airflow/example_dags/tutorial_dag.py
[2024-12-21T21:29:00.844+0000] {processor.py:925} INFO - DAG(s) 'tutorial_dag' retrieved from /home/airflow/.local/lib/python3.12/site-packages/airflow/example_dags/tutorial_dag.py
[2024-12-21T21:29:00.883+0000] {logging_mixin.py:190} INFO - [2024-12-21T21:29:00.883+0000] {dag.py:3239} INFO - Sync 1 DAGs
[2024-12-21T21:29:00.914+0000] {logging_mixin.py:190} INFO - [2024-12-21T21:29:00.914+0000] {dag.py:4180} INFO - Setting next_dagrun for tutorial_dag to None, run_after=None
[2024-12-21T21:29:00.953+0000] {processor.py:208} INFO - Processing /home/airflow/.local/lib/python3.12/site-packages/airflow/example_dags/tutorial_dag.py took 0.139 seconds
[2024-12-21T21:29:31.442+0000] {processor.py:186} INFO - Started process (PID=1998) to work on /home/airflow/.local/lib/python3.12/site-packages/airflow/example_dags/tutorial_dag.py
[2024-12-21T21:29:31.444+0000] {processor.py:914} INFO - Processing file /home/airflow/.local/lib/python3.12/site-packages/airflow/example_dags/tutorial_dag.py for tasks to queue
[2024-12-21T21:29:31.450+0000] {logging_mixin.py:190} INFO - [2024-12-21T21:29:31.449+0000] {dagbag.py:588} INFO - Filling up the DagBag from /home/airflow/.local/lib/python3.12/site-packages/airflow/example_dags/tutorial_dag.py
[2024-12-21T21:29:31.463+0000] {processor.py:925} INFO - DAG(s) 'tutorial_dag' retrieved from /home/airflow/.local/lib/python3.12/site-packages/airflow/example_dags/tutorial_dag.py
[2024-12-21T21:29:31.504+0000] {logging_mixin.py:190} INFO - [2024-12-21T21:29:31.503+0000] {dag.py:3239} INFO - Sync 1 DAGs
[2024-12-21T21:29:31.538+0000] {logging_mixin.py:190} INFO - [2024-12-21T21:29:31.538+0000] {dag.py:4180} INFO - Setting next_dagrun for tutorial_dag to None, run_after=None
[2024-12-21T21:29:31.581+0000] {processor.py:208} INFO - Processing /home/airflow/.local/lib/python3.12/site-packages/airflow/example_dags/tutorial_dag.py took 0.150 seconds
[2024-12-21T21:30:02.049+0000] {processor.py:186} INFO - Started process (PID=2294) to work on /home/airflow/.local/lib/python3.12/site-packages/airflow/example_dags/tutorial_dag.py
[2024-12-21T21:30:02.052+0000] {processor.py:914} INFO - Processing file /home/airflow/.local/lib/python3.12/site-packages/airflow/example_dags/tutorial_dag.py for tasks to queue
[2024-12-21T21:30:02.056+0000] {logging_mixin.py:190} INFO - [2024-12-21T21:30:02.055+0000] {dagbag.py:588} INFO - Filling up the DagBag from /home/airflow/.local/lib/python3.12/site-packages/airflow/example_dags/tutorial_dag.py
[2024-12-21T21:30:02.072+0000] {processor.py:925} INFO - DAG(s) 'tutorial_dag' retrieved from /home/airflow/.local/lib/python3.12/site-packages/airflow/example_dags/tutorial_dag.py
[2024-12-21T21:30:02.121+0000] {logging_mixin.py:190} INFO - [2024-12-21T21:30:02.121+0000] {dag.py:3239} INFO - Sync 1 DAGs
[2024-12-21T21:30:02.156+0000] {logging_mixin.py:190} INFO - [2024-12-21T21:30:02.156+0000] {dag.py:4180} INFO - Setting next_dagrun for tutorial_dag to None, run_after=None
[2024-12-21T21:30:02.201+0000] {processor.py:208} INFO - Processing /home/airflow/.local/lib/python3.12/site-packages/airflow/example_dags/tutorial_dag.py took 0.165 seconds
[2024-12-21T21:30:32.667+0000] {processor.py:186} INFO - Started process (PID=2590) to work on /home/airflow/.local/lib/python3.12/site-packages/airflow/example_dags/tutorial_dag.py
[2024-12-21T21:30:32.669+0000] {processor.py:914} INFO - Processing file /home/airflow/.local/lib/python3.12/site-packages/airflow/example_dags/tutorial_dag.py for tasks to queue
[2024-12-21T21:30:32.673+0000] {logging_mixin.py:190} INFO - [2024-12-21T21:30:32.672+0000] {dagbag.py:588} INFO - Filling up the DagBag from /home/airflow/.local/lib/python3.12/site-packages/airflow/example_dags/tutorial_dag.py
[2024-12-21T21:30:32.687+0000] {processor.py:925} INFO - DAG(s) 'tutorial_dag' retrieved from /home/airflow/.local/lib/python3.12/site-packages/airflow/example_dags/tutorial_dag.py
[2024-12-21T21:30:32.726+0000] {logging_mixin.py:190} INFO - [2024-12-21T21:30:32.726+0000] {dag.py:3239} INFO - Sync 1 DAGs
[2024-12-21T21:30:32.762+0000] {logging_mixin.py:190} INFO - [2024-12-21T21:30:32.761+0000] {dag.py:4180} INFO - Setting next_dagrun for tutorial_dag to None, run_after=None
[2024-12-21T21:30:32.807+0000] {processor.py:208} INFO - Processing /home/airflow/.local/lib/python3.12/site-packages/airflow/example_dags/tutorial_dag.py took 0.151 seconds
[2024-12-21T21:31:03.008+0000] {processor.py:186} INFO - Started process (PID=2886) to work on /home/airflow/.local/lib/python3.12/site-packages/airflow/example_dags/tutorial_dag.py
[2024-12-21T21:31:03.010+0000] {processor.py:914} INFO - Processing file /home/airflow/.local/lib/python3.12/site-packages/airflow/example_dags/tutorial_dag.py for tasks to queue
[2024-12-21T21:31:03.014+0000] {logging_mixin.py:190} INFO - [2024-12-21T21:31:03.013+0000] {dagbag.py:588} INFO - Filling up the DagBag from /home/airflow/.local/lib/python3.12/site-packages/airflow/example_dags/tutorial_dag.py
[2024-12-21T21:31:03.029+0000] {processor.py:925} INFO - DAG(s) 'tutorial_dag' retrieved from /home/airflow/.local/lib/python3.12/site-packages/airflow/example_dags/tutorial_dag.py
[2024-12-21T21:31:03.067+0000] {logging_mixin.py:190} INFO - [2024-12-21T21:31:03.067+0000] {dag.py:3239} INFO - Sync 1 DAGs
[2024-12-21T21:31:03.105+0000] {logging_mixin.py:190} INFO - [2024-12-21T21:31:03.105+0000] {dag.py:4180} INFO - Setting next_dagrun for tutorial_dag to None, run_after=None
[2024-12-21T21:31:03.143+0000] {processor.py:208} INFO - Processing /home/airflow/.local/lib/python3.12/site-packages/airflow/example_dags/tutorial_dag.py took 0.145 seconds
[2024-12-21T21:31:33.418+0000] {processor.py:186} INFO - Started process (PID=3185) to work on /home/airflow/.local/lib/python3.12/site-packages/airflow/example_dags/tutorial_dag.py
[2024-12-21T21:31:33.420+0000] {processor.py:914} INFO - Processing file /home/airflow/.local/lib/python3.12/site-packages/airflow/example_dags/tutorial_dag.py for tasks to queue
[2024-12-21T21:31:33.425+0000] {logging_mixin.py:190} INFO - [2024-12-21T21:31:33.424+0000] {dagbag.py:588} INFO - Filling up the DagBag from /home/airflow/.local/lib/python3.12/site-packages/airflow/example_dags/tutorial_dag.py
[2024-12-21T21:31:33.439+0000] {processor.py:925} INFO - DAG(s) 'tutorial_dag' retrieved from /home/airflow/.local/lib/python3.12/site-packages/airflow/example_dags/tutorial_dag.py
[2024-12-21T21:31:33.484+0000] {logging_mixin.py:190} INFO - [2024-12-21T21:31:33.483+0000] {dag.py:3239} INFO - Sync 1 DAGs
[2024-12-21T21:31:33.514+0000] {logging_mixin.py:190} INFO - [2024-12-21T21:31:33.514+0000] {dag.py:4180} INFO - Setting next_dagrun for tutorial_dag to None, run_after=None
[2024-12-21T21:31:33.557+0000] {processor.py:208} INFO - Processing /home/airflow/.local/lib/python3.12/site-packages/airflow/example_dags/tutorial_dag.py took 0.149 seconds
[2024-12-21T21:32:04.207+0000] {processor.py:186} INFO - Started process (PID=3479) to work on /home/airflow/.local/lib/python3.12/site-packages/airflow/example_dags/tutorial_dag.py
[2024-12-21T21:32:04.209+0000] {processor.py:914} INFO - Processing file /home/airflow/.local/lib/python3.12/site-packages/airflow/example_dags/tutorial_dag.py for tasks to queue
[2024-12-21T21:32:04.213+0000] {logging_mixin.py:190} INFO - [2024-12-21T21:32:04.213+0000] {dagbag.py:588} INFO - Filling up the DagBag from /home/airflow/.local/lib/python3.12/site-packages/airflow/example_dags/tutorial_dag.py
[2024-12-21T21:32:04.230+0000] {processor.py:925} INFO - DAG(s) 'tutorial_dag' retrieved from /home/airflow/.local/lib/python3.12/site-packages/airflow/example_dags/tutorial_dag.py
[2024-12-21T21:32:04.272+0000] {logging_mixin.py:190} INFO - [2024-12-21T21:32:04.271+0000] {dag.py:3239} INFO - Sync 1 DAGs
[2024-12-21T21:32:04.303+0000] {logging_mixin.py:190} INFO - [2024-12-21T21:32:04.303+0000] {dag.py:4180} INFO - Setting next_dagrun for tutorial_dag to None, run_after=None
[2024-12-21T21:32:04.341+0000] {processor.py:208} INFO - Processing /home/airflow/.local/lib/python3.12/site-packages/airflow/example_dags/tutorial_dag.py took 0.146 seconds
[2024-12-21T21:32:34.566+0000] {processor.py:186} INFO - Started process (PID=3775) to work on /home/airflow/.local/lib/python3.12/site-packages/airflow/example_dags/tutorial_dag.py
[2024-12-21T21:32:34.568+0000] {processor.py:914} INFO - Processing file /home/airflow/.local/lib/python3.12/site-packages/airflow/example_dags/tutorial_dag.py for tasks to queue
[2024-12-21T21:32:34.572+0000] {logging_mixin.py:190} INFO - [2024-12-21T21:32:34.572+0000] {dagbag.py:588} INFO - Filling up the DagBag from /home/airflow/.local/lib/python3.12/site-packages/airflow/example_dags/tutorial_dag.py
[2024-12-21T21:32:34.586+0000] {processor.py:925} INFO - DAG(s) 'tutorial_dag' retrieved from /home/airflow/.local/lib/python3.12/site-packages/airflow/example_dags/tutorial_dag.py
[2024-12-21T21:32:34.626+0000] {logging_mixin.py:190} INFO - [2024-12-21T21:32:34.625+0000] {dag.py:3239} INFO - Sync 1 DAGs
[2024-12-21T21:32:34.661+0000] {logging_mixin.py:190} INFO - [2024-12-21T21:32:34.660+0000] {dag.py:4180} INFO - Setting next_dagrun for tutorial_dag to None, run_after=None
[2024-12-21T21:32:34.723+0000] {processor.py:208} INFO - Processing /home/airflow/.local/lib/python3.12/site-packages/airflow/example_dags/tutorial_dag.py took 0.168 seconds
[2024-12-21T21:33:05.621+0000] {processor.py:186} INFO - Started process (PID=4071) to work on /home/airflow/.local/lib/python3.12/site-packages/airflow/example_dags/tutorial_dag.py
[2024-12-21T21:33:05.623+0000] {processor.py:914} INFO - Processing file /home/airflow/.local/lib/python3.12/site-packages/airflow/example_dags/tutorial_dag.py for tasks to queue
[2024-12-21T21:33:05.627+0000] {logging_mixin.py:190} INFO - [2024-12-21T21:33:05.626+0000] {dagbag.py:588} INFO - Filling up the DagBag from /home/airflow/.local/lib/python3.12/site-packages/airflow/example_dags/tutorial_dag.py
[2024-12-21T21:33:05.641+0000] {processor.py:925} INFO - DAG(s) 'tutorial_dag' retrieved from /home/airflow/.local/lib/python3.12/site-packages/airflow/example_dags/tutorial_dag.py
[2024-12-21T21:33:05.686+0000] {logging_mixin.py:190} INFO - [2024-12-21T21:33:05.685+0000] {dag.py:3239} INFO - Sync 1 DAGs
[2024-12-21T21:33:05.717+0000] {logging_mixin.py:190} INFO - [2024-12-21T21:33:05.717+0000] {dag.py:4180} INFO - Setting next_dagrun for tutorial_dag to None, run_after=None
[2024-12-21T21:33:05.758+0000] {processor.py:208} INFO - Processing /home/airflow/.local/lib/python3.12/site-packages/airflow/example_dags/tutorial_dag.py took 0.149 seconds
[2024-12-21T21:33:36.380+0000] {processor.py:186} INFO - Started process (PID=4367) to work on /home/airflow/.local/lib/python3.12/site-packages/airflow/example_dags/tutorial_dag.py
[2024-12-21T21:33:36.383+0000] {processor.py:914} INFO - Processing file /home/airflow/.local/lib/python3.12/site-packages/airflow/example_dags/tutorial_dag.py for tasks to queue
[2024-12-21T21:33:36.387+0000] {logging_mixin.py:190} INFO - [2024-12-21T21:33:36.386+0000] {dagbag.py:588} INFO - Filling up the DagBag from /home/airflow/.local/lib/python3.12/site-packages/airflow/example_dags/tutorial_dag.py
[2024-12-21T21:33:36.402+0000] {processor.py:925} INFO - DAG(s) 'tutorial_dag' retrieved from /home/airflow/.local/lib/python3.12/site-packages/airflow/example_dags/tutorial_dag.py
[2024-12-21T21:33:36.442+0000] {logging_mixin.py:190} INFO - [2024-12-21T21:33:36.442+0000] {dag.py:3239} INFO - Sync 1 DAGs
[2024-12-21T21:33:36.479+0000] {logging_mixin.py:190} INFO - [2024-12-21T21:33:36.478+0000] {dag.py:4180} INFO - Setting next_dagrun for tutorial_dag to None, run_after=None
[2024-12-21T21:33:36.517+0000] {processor.py:208} INFO - Processing /home/airflow/.local/lib/python3.12/site-packages/airflow/example_dags/tutorial_dag.py took 0.149 seconds
[2024-12-21T21:34:07.373+0000] {processor.py:186} INFO - Started process (PID=4663) to work on /home/airflow/.local/lib/python3.12/site-packages/airflow/example_dags/tutorial_dag.py
[2024-12-21T21:34:07.375+0000] {processor.py:914} INFO - Processing file /home/airflow/.local/lib/python3.12/site-packages/airflow/example_dags/tutorial_dag.py for tasks to queue
[2024-12-21T21:34:07.381+0000] {logging_mixin.py:190} INFO - [2024-12-21T21:34:07.380+0000] {dagbag.py:588} INFO - Filling up the DagBag from /home/airflow/.local/lib/python3.12/site-packages/airflow/example_dags/tutorial_dag.py
[2024-12-21T21:34:07.399+0000] {processor.py:925} INFO - DAG(s) 'tutorial_dag' retrieved from /home/airflow/.local/lib/python3.12/site-packages/airflow/example_dags/tutorial_dag.py
[2024-12-21T21:34:07.446+0000] {logging_mixin.py:190} INFO - [2024-12-21T21:34:07.445+0000] {dag.py:3239} INFO - Sync 1 DAGs
[2024-12-21T21:34:07.476+0000] {logging_mixin.py:190} INFO - [2024-12-21T21:34:07.475+0000] {dag.py:4180} INFO - Setting next_dagrun for tutorial_dag to None, run_after=None
[2024-12-21T21:34:07.514+0000] {processor.py:208} INFO - Processing /home/airflow/.local/lib/python3.12/site-packages/airflow/example_dags/tutorial_dag.py took 0.152 seconds
[2024-12-21T21:34:37.877+0000] {processor.py:186} INFO - Started process (PID=4960) to work on /home/airflow/.local/lib/python3.12/site-packages/airflow/example_dags/tutorial_dag.py
[2024-12-21T21:34:37.879+0000] {processor.py:914} INFO - Processing file /home/airflow/.local/lib/python3.12/site-packages/airflow/example_dags/tutorial_dag.py for tasks to queue
[2024-12-21T21:34:37.883+0000] {logging_mixin.py:190} INFO - [2024-12-21T21:34:37.882+0000] {dagbag.py:588} INFO - Filling up the DagBag from /home/airflow/.local/lib/python3.12/site-packages/airflow/example_dags/tutorial_dag.py
[2024-12-21T21:34:37.901+0000] {processor.py:925} INFO - DAG(s) 'tutorial_dag' retrieved from /home/airflow/.local/lib/python3.12/site-packages/airflow/example_dags/tutorial_dag.py
[2024-12-21T21:34:37.942+0000] {logging_mixin.py:190} INFO - [2024-12-21T21:34:37.941+0000] {dag.py:3239} INFO - Sync 1 DAGs
[2024-12-21T21:34:37.971+0000] {logging_mixin.py:190} INFO - [2024-12-21T21:34:37.971+0000] {dag.py:4180} INFO - Setting next_dagrun for tutorial_dag to None, run_after=None
[2024-12-21T21:34:38.035+0000] {processor.py:208} INFO - Processing /home/airflow/.local/lib/python3.12/site-packages/airflow/example_dags/tutorial_dag.py took 0.169 seconds
[2024-12-21T21:35:08.706+0000] {processor.py:186} INFO - Started process (PID=5221) to work on /home/airflow/.local/lib/python3.12/site-packages/airflow/example_dags/tutorial_dag.py
[2024-12-21T21:35:08.707+0000] {processor.py:914} INFO - Processing file /home/airflow/.local/lib/python3.12/site-packages/airflow/example_dags/tutorial_dag.py for tasks to queue
[2024-12-21T21:35:08.712+0000] {logging_mixin.py:190} INFO - [2024-12-21T21:35:08.711+0000] {dagbag.py:588} INFO - Filling up the DagBag from /home/airflow/.local/lib/python3.12/site-packages/airflow/example_dags/tutorial_dag.py
[2024-12-21T21:35:08.725+0000] {processor.py:925} INFO - DAG(s) 'tutorial_dag' retrieved from /home/airflow/.local/lib/python3.12/site-packages/airflow/example_dags/tutorial_dag.py
[2024-12-21T21:35:08.767+0000] {logging_mixin.py:190} INFO - [2024-12-21T21:35:08.766+0000] {dag.py:3239} INFO - Sync 1 DAGs
[2024-12-21T21:35:08.800+0000] {logging_mixin.py:190} INFO - [2024-12-21T21:35:08.800+0000] {dag.py:4180} INFO - Setting next_dagrun for tutorial_dag to None, run_after=None
[2024-12-21T21:35:08.854+0000] {processor.py:208} INFO - Processing /home/airflow/.local/lib/python3.12/site-packages/airflow/example_dags/tutorial_dag.py took 0.159 seconds
[2024-12-21T21:35:39.944+0000] {processor.py:186} INFO - Started process (PID=5502) to work on /home/airflow/.local/lib/python3.12/site-packages/airflow/example_dags/tutorial_dag.py
[2024-12-21T21:35:39.946+0000] {processor.py:914} INFO - Processing file /home/airflow/.local/lib/python3.12/site-packages/airflow/example_dags/tutorial_dag.py for tasks to queue
[2024-12-21T21:35:39.950+0000] {logging_mixin.py:190} INFO - [2024-12-21T21:35:39.949+0000] {dagbag.py:588} INFO - Filling up the DagBag from /home/airflow/.local/lib/python3.12/site-packages/airflow/example_dags/tutorial_dag.py
[2024-12-21T21:35:39.965+0000] {processor.py:925} INFO - DAG(s) 'tutorial_dag' retrieved from /home/airflow/.local/lib/python3.12/site-packages/airflow/example_dags/tutorial_dag.py
[2024-12-21T21:35:40.007+0000] {logging_mixin.py:190} INFO - [2024-12-21T21:35:40.007+0000] {dag.py:3239} INFO - Sync 1 DAGs
[2024-12-21T21:35:40.039+0000] {logging_mixin.py:190} INFO - [2024-12-21T21:35:40.039+0000] {dag.py:4180} INFO - Setting next_dagrun for tutorial_dag to None, run_after=None
[2024-12-21T21:35:40.078+0000] {processor.py:208} INFO - Processing /home/airflow/.local/lib/python3.12/site-packages/airflow/example_dags/tutorial_dag.py took 0.147 seconds
[2024-12-21T21:36:10.684+0000] {processor.py:186} INFO - Started process (PID=5788) to work on /home/airflow/.local/lib/python3.12/site-packages/airflow/example_dags/tutorial_dag.py
[2024-12-21T21:36:10.687+0000] {processor.py:914} INFO - Processing file /home/airflow/.local/lib/python3.12/site-packages/airflow/example_dags/tutorial_dag.py for tasks to queue
[2024-12-21T21:36:10.691+0000] {logging_mixin.py:190} INFO - [2024-12-21T21:36:10.691+0000] {dagbag.py:588} INFO - Filling up the DagBag from /home/airflow/.local/lib/python3.12/site-packages/airflow/example_dags/tutorial_dag.py
[2024-12-21T21:36:10.705+0000] {processor.py:925} INFO - DAG(s) 'tutorial_dag' retrieved from /home/airflow/.local/lib/python3.12/site-packages/airflow/example_dags/tutorial_dag.py
[2024-12-21T21:36:10.745+0000] {logging_mixin.py:190} INFO - [2024-12-21T21:36:10.745+0000] {dag.py:3239} INFO - Sync 1 DAGs
[2024-12-21T21:36:10.775+0000] {logging_mixin.py:190} INFO - [2024-12-21T21:36:10.775+0000] {dag.py:4180} INFO - Setting next_dagrun for tutorial_dag to None, run_after=None
[2024-12-21T21:36:10.814+0000] {processor.py:208} INFO - Processing /home/airflow/.local/lib/python3.12/site-packages/airflow/example_dags/tutorial_dag.py took 0.144 seconds
[2024-12-21T21:36:41.093+0000] {processor.py:186} INFO - Started process (PID=6079) to work on /home/airflow/.local/lib/python3.12/site-packages/airflow/example_dags/tutorial_dag.py
[2024-12-21T21:36:41.095+0000] {processor.py:914} INFO - Processing file /home/airflow/.local/lib/python3.12/site-packages/airflow/example_dags/tutorial_dag.py for tasks to queue
[2024-12-21T21:36:41.099+0000] {logging_mixin.py:190} INFO - [2024-12-21T21:36:41.099+0000] {dagbag.py:588} INFO - Filling up the DagBag from /home/airflow/.local/lib/python3.12/site-packages/airflow/example_dags/tutorial_dag.py
[2024-12-21T21:36:41.113+0000] {processor.py:925} INFO - DAG(s) 'tutorial_dag' retrieved from /home/airflow/.local/lib/python3.12/site-packages/airflow/example_dags/tutorial_dag.py
[2024-12-21T21:36:41.152+0000] {logging_mixin.py:190} INFO - [2024-12-21T21:36:41.151+0000] {dag.py:3239} INFO - Sync 1 DAGs
[2024-12-21T21:36:41.185+0000] {logging_mixin.py:190} INFO - [2024-12-21T21:36:41.185+0000] {dag.py:4180} INFO - Setting next_dagrun for tutorial_dag to None, run_after=None
[2024-12-21T21:36:41.244+0000] {processor.py:208} INFO - Processing /home/airflow/.local/lib/python3.12/site-packages/airflow/example_dags/tutorial_dag.py took 0.162 seconds
[2024-12-21T21:37:11.930+0000] {processor.py:186} INFO - Started process (PID=6370) to work on /home/airflow/.local/lib/python3.12/site-packages/airflow/example_dags/tutorial_dag.py
[2024-12-21T21:37:11.932+0000] {processor.py:914} INFO - Processing file /home/airflow/.local/lib/python3.12/site-packages/airflow/example_dags/tutorial_dag.py for tasks to queue
[2024-12-21T21:37:11.937+0000] {logging_mixin.py:190} INFO - [2024-12-21T21:37:11.936+0000] {dagbag.py:588} INFO - Filling up the DagBag from /home/airflow/.local/lib/python3.12/site-packages/airflow/example_dags/tutorial_dag.py
[2024-12-21T21:37:11.951+0000] {processor.py:925} INFO - DAG(s) 'tutorial_dag' retrieved from /home/airflow/.local/lib/python3.12/site-packages/airflow/example_dags/tutorial_dag.py
[2024-12-21T21:37:11.995+0000] {logging_mixin.py:190} INFO - [2024-12-21T21:37:11.994+0000] {dag.py:3239} INFO - Sync 1 DAGs
[2024-12-21T21:37:12.024+0000] {logging_mixin.py:190} INFO - [2024-12-21T21:37:12.023+0000] {dag.py:4180} INFO - Setting next_dagrun for tutorial_dag to None, run_after=None
[2024-12-21T21:37:12.088+0000] {processor.py:208} INFO - Processing /home/airflow/.local/lib/python3.12/site-packages/airflow/example_dags/tutorial_dag.py took 0.169 seconds
[2024-12-21T21:37:42.787+0000] {processor.py:186} INFO - Started process (PID=6666) to work on /home/airflow/.local/lib/python3.12/site-packages/airflow/example_dags/tutorial_dag.py
[2024-12-21T21:37:42.789+0000] {processor.py:914} INFO - Processing file /home/airflow/.local/lib/python3.12/site-packages/airflow/example_dags/tutorial_dag.py for tasks to queue
[2024-12-21T21:37:42.794+0000] {logging_mixin.py:190} INFO - [2024-12-21T21:37:42.794+0000] {dagbag.py:588} INFO - Filling up the DagBag from /home/airflow/.local/lib/python3.12/site-packages/airflow/example_dags/tutorial_dag.py
[2024-12-21T21:37:42.808+0000] {processor.py:925} INFO - DAG(s) 'tutorial_dag' retrieved from /home/airflow/.local/lib/python3.12/site-packages/airflow/example_dags/tutorial_dag.py
[2024-12-21T21:37:42.852+0000] {logging_mixin.py:190} INFO - [2024-12-21T21:37:42.852+0000] {dag.py:3239} INFO - Sync 1 DAGs
[2024-12-21T21:37:42.884+0000] {logging_mixin.py:190} INFO - [2024-12-21T21:37:42.884+0000] {dag.py:4180} INFO - Setting next_dagrun for tutorial_dag to None, run_after=None
[2024-12-21T21:37:42.928+0000] {processor.py:208} INFO - Processing /home/airflow/.local/lib/python3.12/site-packages/airflow/example_dags/tutorial_dag.py took 0.152 seconds
[2024-12-21T21:38:13.071+0000] {processor.py:186} INFO - Started process (PID=6957) to work on /home/airflow/.local/lib/python3.12/site-packages/airflow/example_dags/tutorial_dag.py
[2024-12-21T21:38:13.073+0000] {processor.py:914} INFO - Processing file /home/airflow/.local/lib/python3.12/site-packages/airflow/example_dags/tutorial_dag.py for tasks to queue
[2024-12-21T21:38:13.078+0000] {logging_mixin.py:190} INFO - [2024-12-21T21:38:13.077+0000] {dagbag.py:588} INFO - Filling up the DagBag from /home/airflow/.local/lib/python3.12/site-packages/airflow/example_dags/tutorial_dag.py
[2024-12-21T21:38:13.096+0000] {processor.py:925} INFO - DAG(s) 'tutorial_dag' retrieved from /home/airflow/.local/lib/python3.12/site-packages/airflow/example_dags/tutorial_dag.py
[2024-12-21T21:38:13.139+0000] {logging_mixin.py:190} INFO - [2024-12-21T21:38:13.139+0000] {dag.py:3239} INFO - Sync 1 DAGs
[2024-12-21T21:38:13.178+0000] {logging_mixin.py:190} INFO - [2024-12-21T21:38:13.178+0000] {dag.py:4180} INFO - Setting next_dagrun for tutorial_dag to None, run_after=None
[2024-12-21T21:38:13.247+0000] {processor.py:208} INFO - Processing /home/airflow/.local/lib/python3.12/site-packages/airflow/example_dags/tutorial_dag.py took 0.190 seconds
[2024-12-21T21:38:43.734+0000] {processor.py:186} INFO - Started process (PID=7248) to work on /home/airflow/.local/lib/python3.12/site-packages/airflow/example_dags/tutorial_dag.py
[2024-12-21T21:38:43.736+0000] {processor.py:914} INFO - Processing file /home/airflow/.local/lib/python3.12/site-packages/airflow/example_dags/tutorial_dag.py for tasks to queue
[2024-12-21T21:38:43.741+0000] {logging_mixin.py:190} INFO - [2024-12-21T21:38:43.740+0000] {dagbag.py:588} INFO - Filling up the DagBag from /home/airflow/.local/lib/python3.12/site-packages/airflow/example_dags/tutorial_dag.py
[2024-12-21T21:38:43.761+0000] {processor.py:925} INFO - DAG(s) 'tutorial_dag' retrieved from /home/airflow/.local/lib/python3.12/site-packages/airflow/example_dags/tutorial_dag.py
[2024-12-21T21:38:43.806+0000] {logging_mixin.py:190} INFO - [2024-12-21T21:38:43.805+0000] {dag.py:3239} INFO - Sync 1 DAGs
[2024-12-21T21:38:43.847+0000] {logging_mixin.py:190} INFO - [2024-12-21T21:38:43.847+0000] {dag.py:4180} INFO - Setting next_dagrun for tutorial_dag to None, run_after=None
[2024-12-21T21:38:43.922+0000] {processor.py:208} INFO - Processing /home/airflow/.local/lib/python3.12/site-packages/airflow/example_dags/tutorial_dag.py took 0.201 seconds
[2024-12-21T21:39:14.220+0000] {processor.py:186} INFO - Started process (PID=7541) to work on /home/airflow/.local/lib/python3.12/site-packages/airflow/example_dags/tutorial_dag.py
[2024-12-21T21:39:14.223+0000] {processor.py:914} INFO - Processing file /home/airflow/.local/lib/python3.12/site-packages/airflow/example_dags/tutorial_dag.py for tasks to queue
[2024-12-21T21:39:14.229+0000] {logging_mixin.py:190} INFO - [2024-12-21T21:39:14.228+0000] {dagbag.py:588} INFO - Filling up the DagBag from /home/airflow/.local/lib/python3.12/site-packages/airflow/example_dags/tutorial_dag.py
[2024-12-21T21:39:14.246+0000] {processor.py:925} INFO - DAG(s) 'tutorial_dag' retrieved from /home/airflow/.local/lib/python3.12/site-packages/airflow/example_dags/tutorial_dag.py
[2024-12-21T21:39:14.293+0000] {logging_mixin.py:190} INFO - [2024-12-21T21:39:14.293+0000] {dag.py:3239} INFO - Sync 1 DAGs
[2024-12-21T21:39:14.351+0000] {logging_mixin.py:190} INFO - [2024-12-21T21:39:14.351+0000] {dag.py:4180} INFO - Setting next_dagrun for tutorial_dag to None, run_after=None
[2024-12-21T21:39:14.408+0000] {processor.py:208} INFO - Processing /home/airflow/.local/lib/python3.12/site-packages/airflow/example_dags/tutorial_dag.py took 0.203 seconds
[2024-12-21T21:39:44.753+0000] {processor.py:186} INFO - Started process (PID=7837) to work on /home/airflow/.local/lib/python3.12/site-packages/airflow/example_dags/tutorial_dag.py
[2024-12-21T21:39:44.755+0000] {processor.py:914} INFO - Processing file /home/airflow/.local/lib/python3.12/site-packages/airflow/example_dags/tutorial_dag.py for tasks to queue
[2024-12-21T21:39:44.762+0000] {logging_mixin.py:190} INFO - [2024-12-21T21:39:44.761+0000] {dagbag.py:588} INFO - Filling up the DagBag from /home/airflow/.local/lib/python3.12/site-packages/airflow/example_dags/tutorial_dag.py
[2024-12-21T21:39:44.785+0000] {processor.py:925} INFO - DAG(s) 'tutorial_dag' retrieved from /home/airflow/.local/lib/python3.12/site-packages/airflow/example_dags/tutorial_dag.py
[2024-12-21T21:39:44.843+0000] {logging_mixin.py:190} INFO - [2024-12-21T21:39:44.842+0000] {dag.py:3239} INFO - Sync 1 DAGs
[2024-12-21T21:39:44.887+0000] {logging_mixin.py:190} INFO - [2024-12-21T21:39:44.886+0000] {dag.py:4180} INFO - Setting next_dagrun for tutorial_dag to None, run_after=None
[2024-12-21T21:39:44.957+0000] {processor.py:208} INFO - Processing /home/airflow/.local/lib/python3.12/site-packages/airflow/example_dags/tutorial_dag.py took 0.219 seconds
[2024-12-21T21:40:15.291+0000] {processor.py:186} INFO - Started process (PID=8133) to work on /home/airflow/.local/lib/python3.12/site-packages/airflow/example_dags/tutorial_dag.py
[2024-12-21T21:40:15.294+0000] {processor.py:914} INFO - Processing file /home/airflow/.local/lib/python3.12/site-packages/airflow/example_dags/tutorial_dag.py for tasks to queue
[2024-12-21T21:40:15.300+0000] {logging_mixin.py:190} INFO - [2024-12-21T21:40:15.299+0000] {dagbag.py:588} INFO - Filling up the DagBag from /home/airflow/.local/lib/python3.12/site-packages/airflow/example_dags/tutorial_dag.py
[2024-12-21T21:40:15.318+0000] {processor.py:925} INFO - DAG(s) 'tutorial_dag' retrieved from /home/airflow/.local/lib/python3.12/site-packages/airflow/example_dags/tutorial_dag.py
[2024-12-21T21:40:15.372+0000] {logging_mixin.py:190} INFO - [2024-12-21T21:40:15.371+0000] {dag.py:3239} INFO - Sync 1 DAGs
[2024-12-21T21:40:15.411+0000] {logging_mixin.py:190} INFO - [2024-12-21T21:40:15.410+0000] {dag.py:4180} INFO - Setting next_dagrun for tutorial_dag to None, run_after=None
[2024-12-21T21:40:15.471+0000] {processor.py:208} INFO - Processing /home/airflow/.local/lib/python3.12/site-packages/airflow/example_dags/tutorial_dag.py took 0.194 seconds
