[2024-12-21T21:11:29.568+0000] {processor.py:186} INFO - Started process (PID=463) to work on /home/airflow/.local/lib/python3.12/site-packages/airflow/example_dags/tutorial_taskflow_api.py
[2024-12-21T21:11:29.570+0000] {processor.py:914} INFO - Processing file /home/airflow/.local/lib/python3.12/site-packages/airflow/example_dags/tutorial_taskflow_api.py for tasks to queue
[2024-12-21T21:11:29.576+0000] {logging_mixin.py:190} INFO - [2024-12-21T21:11:29.576+0000] {dagbag.py:588} INFO - Filling up the DagBag from /home/airflow/.local/lib/python3.12/site-packages/airflow/example_dags/tutorial_taskflow_api.py
[2024-12-21T21:11:29.596+0000] {processor.py:925} INFO - DAG(s) 'tutorial_taskflow_api' retrieved from /home/airflow/.local/lib/python3.12/site-packages/airflow/example_dags/tutorial_taskflow_api.py
[2024-12-21T21:11:29.868+0000] {logging_mixin.py:190} INFO - [2024-12-21T21:11:29.866+0000] {override.py:1911} INFO - Created Permission View: can delete on DAG:tutorial_taskflow_api
[2024-12-21T21:11:29.887+0000] {logging_mixin.py:190} INFO - [2024-12-21T21:11:29.887+0000] {override.py:1911} INFO - Created Permission View: can edit on DAG:tutorial_taskflow_api
[2024-12-21T21:11:29.902+0000] {logging_mixin.py:190} INFO - [2024-12-21T21:11:29.902+0000] {override.py:1911} INFO - Created Permission View: can read on DAG:tutorial_taskflow_api
[2024-12-21T21:11:29.918+0000] {logging_mixin.py:190} INFO - [2024-12-21T21:11:29.917+0000] {override.py:1911} INFO - Created Permission View: can delete on DAG Run:tutorial_taskflow_api
[2024-12-21T21:11:29.933+0000] {logging_mixin.py:190} INFO - [2024-12-21T21:11:29.933+0000] {override.py:1911} INFO - Created Permission View: can read on DAG Run:tutorial_taskflow_api
[2024-12-21T21:11:29.948+0000] {logging_mixin.py:190} INFO - [2024-12-21T21:11:29.948+0000] {override.py:1911} INFO - Created Permission View: can create on DAG Run:tutorial_taskflow_api
[2024-12-21T21:11:29.963+0000] {logging_mixin.py:190} INFO - [2024-12-21T21:11:29.963+0000] {override.py:1911} INFO - Created Permission View: menu access on DAG Run:tutorial_taskflow_api
[2024-12-21T21:11:29.965+0000] {logging_mixin.py:190} INFO - [2024-12-21T21:11:29.964+0000] {dag.py:3239} INFO - Sync 1 DAGs
[2024-12-21T21:11:29.997+0000] {logging_mixin.py:190} INFO - [2024-12-21T21:11:29.996+0000] {dag.py:3262} INFO - Creating ORM DAG for tutorial_taskflow_api
[2024-12-21T21:11:29.999+0000] {logging_mixin.py:190} INFO - [2024-12-21T21:11:29.998+0000] {dag.py:4180} INFO - Setting next_dagrun for tutorial_taskflow_api to None, run_after=None
[2024-12-21T21:11:30.036+0000] {processor.py:208} INFO - Processing /home/airflow/.local/lib/python3.12/site-packages/airflow/example_dags/tutorial_taskflow_api.py took 0.481 seconds
[2024-12-21T21:12:00.166+0000] {processor.py:186} INFO - Started process (PID=761) to work on /home/airflow/.local/lib/python3.12/site-packages/airflow/example_dags/tutorial_taskflow_api.py
[2024-12-21T21:12:00.168+0000] {processor.py:914} INFO - Processing file /home/airflow/.local/lib/python3.12/site-packages/airflow/example_dags/tutorial_taskflow_api.py for tasks to queue
[2024-12-21T21:12:00.172+0000] {logging_mixin.py:190} INFO - [2024-12-21T21:12:00.172+0000] {dagbag.py:588} INFO - Filling up the DagBag from /home/airflow/.local/lib/python3.12/site-packages/airflow/example_dags/tutorial_taskflow_api.py
[2024-12-21T21:12:00.187+0000] {processor.py:925} INFO - DAG(s) 'tutorial_taskflow_api' retrieved from /home/airflow/.local/lib/python3.12/site-packages/airflow/example_dags/tutorial_taskflow_api.py
[2024-12-21T21:12:00.235+0000] {logging_mixin.py:190} INFO - [2024-12-21T21:12:00.234+0000] {dag.py:3239} INFO - Sync 1 DAGs
[2024-12-21T21:12:00.265+0000] {logging_mixin.py:190} INFO - [2024-12-21T21:12:00.265+0000] {dag.py:4180} INFO - Setting next_dagrun for tutorial_taskflow_api to None, run_after=None
[2024-12-21T21:12:00.304+0000] {processor.py:208} INFO - Processing /home/airflow/.local/lib/python3.12/site-packages/airflow/example_dags/tutorial_taskflow_api.py took 0.148 seconds
[2024-12-21T21:12:31.349+0000] {processor.py:186} INFO - Started process (PID=1055) to work on /home/airflow/.local/lib/python3.12/site-packages/airflow/example_dags/tutorial_taskflow_api.py
[2024-12-21T21:12:31.351+0000] {processor.py:914} INFO - Processing file /home/airflow/.local/lib/python3.12/site-packages/airflow/example_dags/tutorial_taskflow_api.py for tasks to queue
[2024-12-21T21:12:31.357+0000] {logging_mixin.py:190} INFO - [2024-12-21T21:12:31.356+0000] {dagbag.py:588} INFO - Filling up the DagBag from /home/airflow/.local/lib/python3.12/site-packages/airflow/example_dags/tutorial_taskflow_api.py
[2024-12-21T21:12:31.378+0000] {processor.py:925} INFO - DAG(s) 'tutorial_taskflow_api' retrieved from /home/airflow/.local/lib/python3.12/site-packages/airflow/example_dags/tutorial_taskflow_api.py
[2024-12-21T21:12:31.423+0000] {logging_mixin.py:190} INFO - [2024-12-21T21:12:31.423+0000] {dag.py:3239} INFO - Sync 1 DAGs
[2024-12-21T21:12:31.458+0000] {logging_mixin.py:190} INFO - [2024-12-21T21:12:31.457+0000] {dag.py:4180} INFO - Setting next_dagrun for tutorial_taskflow_api to None, run_after=None
[2024-12-21T21:12:31.510+0000] {processor.py:208} INFO - Processing /home/airflow/.local/lib/python3.12/site-packages/airflow/example_dags/tutorial_taskflow_api.py took 0.171 seconds
[2024-12-21T21:13:03.020+0000] {processor.py:186} INFO - Started process (PID=1353) to work on /home/airflow/.local/lib/python3.12/site-packages/airflow/example_dags/tutorial_taskflow_api.py
[2024-12-21T21:13:03.022+0000] {processor.py:914} INFO - Processing file /home/airflow/.local/lib/python3.12/site-packages/airflow/example_dags/tutorial_taskflow_api.py for tasks to queue
[2024-12-21T21:13:03.026+0000] {logging_mixin.py:190} INFO - [2024-12-21T21:13:03.026+0000] {dagbag.py:588} INFO - Filling up the DagBag from /home/airflow/.local/lib/python3.12/site-packages/airflow/example_dags/tutorial_taskflow_api.py
[2024-12-21T21:13:03.044+0000] {processor.py:925} INFO - DAG(s) 'tutorial_taskflow_api' retrieved from /home/airflow/.local/lib/python3.12/site-packages/airflow/example_dags/tutorial_taskflow_api.py
[2024-12-21T21:13:03.087+0000] {logging_mixin.py:190} INFO - [2024-12-21T21:13:03.086+0000] {dag.py:3239} INFO - Sync 1 DAGs
[2024-12-21T21:13:03.118+0000] {logging_mixin.py:190} INFO - [2024-12-21T21:13:03.118+0000] {dag.py:4180} INFO - Setting next_dagrun for tutorial_taskflow_api to None, run_after=None
[2024-12-21T21:13:03.173+0000] {processor.py:208} INFO - Processing /home/airflow/.local/lib/python3.12/site-packages/airflow/example_dags/tutorial_taskflow_api.py took 0.164 seconds
[2024-12-21T21:13:34.682+0000] {processor.py:186} INFO - Started process (PID=1647) to work on /home/airflow/.local/lib/python3.12/site-packages/airflow/example_dags/tutorial_taskflow_api.py
[2024-12-21T21:13:34.684+0000] {processor.py:914} INFO - Processing file /home/airflow/.local/lib/python3.12/site-packages/airflow/example_dags/tutorial_taskflow_api.py for tasks to queue
[2024-12-21T21:13:34.689+0000] {logging_mixin.py:190} INFO - [2024-12-21T21:13:34.688+0000] {dagbag.py:588} INFO - Filling up the DagBag from /home/airflow/.local/lib/python3.12/site-packages/airflow/example_dags/tutorial_taskflow_api.py
[2024-12-21T21:13:34.705+0000] {processor.py:925} INFO - DAG(s) 'tutorial_taskflow_api' retrieved from /home/airflow/.local/lib/python3.12/site-packages/airflow/example_dags/tutorial_taskflow_api.py
[2024-12-21T21:13:34.750+0000] {logging_mixin.py:190} INFO - [2024-12-21T21:13:34.749+0000] {dag.py:3239} INFO - Sync 1 DAGs
[2024-12-21T21:13:34.779+0000] {logging_mixin.py:190} INFO - [2024-12-21T21:13:34.779+0000] {dag.py:4180} INFO - Setting next_dagrun for tutorial_taskflow_api to None, run_after=None
[2024-12-21T21:13:34.838+0000] {processor.py:208} INFO - Processing /home/airflow/.local/lib/python3.12/site-packages/airflow/example_dags/tutorial_taskflow_api.py took 0.166 seconds
[2024-12-21T21:14:06.801+0000] {processor.py:186} INFO - Started process (PID=1943) to work on /home/airflow/.local/lib/python3.12/site-packages/airflow/example_dags/tutorial_taskflow_api.py
[2024-12-21T21:14:06.803+0000] {processor.py:914} INFO - Processing file /home/airflow/.local/lib/python3.12/site-packages/airflow/example_dags/tutorial_taskflow_api.py for tasks to queue
[2024-12-21T21:14:06.809+0000] {logging_mixin.py:190} INFO - [2024-12-21T21:14:06.808+0000] {dagbag.py:588} INFO - Filling up the DagBag from /home/airflow/.local/lib/python3.12/site-packages/airflow/example_dags/tutorial_taskflow_api.py
[2024-12-21T21:14:06.828+0000] {processor.py:925} INFO - DAG(s) 'tutorial_taskflow_api' retrieved from /home/airflow/.local/lib/python3.12/site-packages/airflow/example_dags/tutorial_taskflow_api.py
[2024-12-21T21:14:06.877+0000] {logging_mixin.py:190} INFO - [2024-12-21T21:14:06.877+0000] {dag.py:3239} INFO - Sync 1 DAGs
[2024-12-21T21:14:06.915+0000] {logging_mixin.py:190} INFO - [2024-12-21T21:14:06.915+0000] {dag.py:4180} INFO - Setting next_dagrun for tutorial_taskflow_api to None, run_after=None
[2024-12-21T21:14:06.957+0000] {processor.py:208} INFO - Processing /home/airflow/.local/lib/python3.12/site-packages/airflow/example_dags/tutorial_taskflow_api.py took 0.170 seconds
[2024-12-21T21:14:38.171+0000] {processor.py:186} INFO - Started process (PID=2239) to work on /home/airflow/.local/lib/python3.12/site-packages/airflow/example_dags/tutorial_taskflow_api.py
[2024-12-21T21:14:38.173+0000] {processor.py:914} INFO - Processing file /home/airflow/.local/lib/python3.12/site-packages/airflow/example_dags/tutorial_taskflow_api.py for tasks to queue
[2024-12-21T21:14:38.178+0000] {logging_mixin.py:190} INFO - [2024-12-21T21:14:38.178+0000] {dagbag.py:588} INFO - Filling up the DagBag from /home/airflow/.local/lib/python3.12/site-packages/airflow/example_dags/tutorial_taskflow_api.py
[2024-12-21T21:14:38.197+0000] {processor.py:925} INFO - DAG(s) 'tutorial_taskflow_api' retrieved from /home/airflow/.local/lib/python3.12/site-packages/airflow/example_dags/tutorial_taskflow_api.py
[2024-12-21T21:14:38.237+0000] {logging_mixin.py:190} INFO - [2024-12-21T21:14:38.237+0000] {dag.py:3239} INFO - Sync 1 DAGs
[2024-12-21T21:14:38.271+0000] {logging_mixin.py:190} INFO - [2024-12-21T21:14:38.270+0000] {dag.py:4180} INFO - Setting next_dagrun for tutorial_taskflow_api to None, run_after=None
[2024-12-21T21:14:38.312+0000] {processor.py:208} INFO - Processing /home/airflow/.local/lib/python3.12/site-packages/airflow/example_dags/tutorial_taskflow_api.py took 0.156 seconds
[2024-12-21T21:15:11.240+0000] {processor.py:186} INFO - Started process (PID=2535) to work on /home/airflow/.local/lib/python3.12/site-packages/airflow/example_dags/tutorial_taskflow_api.py
[2024-12-21T21:15:11.243+0000] {processor.py:914} INFO - Processing file /home/airflow/.local/lib/python3.12/site-packages/airflow/example_dags/tutorial_taskflow_api.py for tasks to queue
[2024-12-21T21:15:11.249+0000] {logging_mixin.py:190} INFO - [2024-12-21T21:15:11.248+0000] {dagbag.py:588} INFO - Filling up the DagBag from /home/airflow/.local/lib/python3.12/site-packages/airflow/example_dags/tutorial_taskflow_api.py
[2024-12-21T21:15:11.268+0000] {processor.py:925} INFO - DAG(s) 'tutorial_taskflow_api' retrieved from /home/airflow/.local/lib/python3.12/site-packages/airflow/example_dags/tutorial_taskflow_api.py
[2024-12-21T21:15:11.314+0000] {logging_mixin.py:190} INFO - [2024-12-21T21:15:11.314+0000] {dag.py:3239} INFO - Sync 1 DAGs
[2024-12-21T21:15:11.346+0000] {logging_mixin.py:190} INFO - [2024-12-21T21:15:11.345+0000] {dag.py:4180} INFO - Setting next_dagrun for tutorial_taskflow_api to None, run_after=None
[2024-12-21T21:15:11.385+0000] {processor.py:208} INFO - Processing /home/airflow/.local/lib/python3.12/site-packages/airflow/example_dags/tutorial_taskflow_api.py took 0.161 seconds
[2024-12-21T21:15:42.195+0000] {processor.py:186} INFO - Started process (PID=2831) to work on /home/airflow/.local/lib/python3.12/site-packages/airflow/example_dags/tutorial_taskflow_api.py
[2024-12-21T21:15:42.198+0000] {processor.py:914} INFO - Processing file /home/airflow/.local/lib/python3.12/site-packages/airflow/example_dags/tutorial_taskflow_api.py for tasks to queue
[2024-12-21T21:15:42.202+0000] {logging_mixin.py:190} INFO - [2024-12-21T21:15:42.202+0000] {dagbag.py:588} INFO - Filling up the DagBag from /home/airflow/.local/lib/python3.12/site-packages/airflow/example_dags/tutorial_taskflow_api.py
[2024-12-21T21:15:42.220+0000] {processor.py:925} INFO - DAG(s) 'tutorial_taskflow_api' retrieved from /home/airflow/.local/lib/python3.12/site-packages/airflow/example_dags/tutorial_taskflow_api.py
[2024-12-21T21:15:42.261+0000] {logging_mixin.py:190} INFO - [2024-12-21T21:15:42.260+0000] {dag.py:3239} INFO - Sync 1 DAGs
[2024-12-21T21:15:42.290+0000] {logging_mixin.py:190} INFO - [2024-12-21T21:15:42.289+0000] {dag.py:4180} INFO - Setting next_dagrun for tutorial_taskflow_api to None, run_after=None
[2024-12-21T21:15:42.334+0000] {processor.py:208} INFO - Processing /home/airflow/.local/lib/python3.12/site-packages/airflow/example_dags/tutorial_taskflow_api.py took 0.154 seconds
[2024-12-21T21:16:15.660+0000] {processor.py:186} INFO - Started process (PID=3127) to work on /home/airflow/.local/lib/python3.12/site-packages/airflow/example_dags/tutorial_taskflow_api.py
[2024-12-21T21:16:15.663+0000] {processor.py:914} INFO - Processing file /home/airflow/.local/lib/python3.12/site-packages/airflow/example_dags/tutorial_taskflow_api.py for tasks to queue
[2024-12-21T21:16:15.669+0000] {logging_mixin.py:190} INFO - [2024-12-21T21:16:15.668+0000] {dagbag.py:588} INFO - Filling up the DagBag from /home/airflow/.local/lib/python3.12/site-packages/airflow/example_dags/tutorial_taskflow_api.py
[2024-12-21T21:16:15.692+0000] {processor.py:925} INFO - DAG(s) 'tutorial_taskflow_api' retrieved from /home/airflow/.local/lib/python3.12/site-packages/airflow/example_dags/tutorial_taskflow_api.py
[2024-12-21T21:16:15.747+0000] {logging_mixin.py:190} INFO - [2024-12-21T21:16:15.746+0000] {dag.py:3239} INFO - Sync 1 DAGs
[2024-12-21T21:16:15.793+0000] {logging_mixin.py:190} INFO - [2024-12-21T21:16:15.793+0000] {dag.py:4180} INFO - Setting next_dagrun for tutorial_taskflow_api to None, run_after=None
[2024-12-21T21:16:15.868+0000] {processor.py:208} INFO - Processing /home/airflow/.local/lib/python3.12/site-packages/airflow/example_dags/tutorial_taskflow_api.py took 0.224 seconds
[2024-12-21T21:16:48.895+0000] {processor.py:186} INFO - Started process (PID=3452) to work on /home/airflow/.local/lib/python3.12/site-packages/airflow/example_dags/tutorial_taskflow_api.py
[2024-12-21T21:16:48.899+0000] {processor.py:914} INFO - Processing file /home/airflow/.local/lib/python3.12/site-packages/airflow/example_dags/tutorial_taskflow_api.py for tasks to queue
[2024-12-21T21:16:48.905+0000] {logging_mixin.py:190} INFO - [2024-12-21T21:16:48.904+0000] {dagbag.py:588} INFO - Filling up the DagBag from /home/airflow/.local/lib/python3.12/site-packages/airflow/example_dags/tutorial_taskflow_api.py
[2024-12-21T21:16:48.924+0000] {processor.py:925} INFO - DAG(s) 'tutorial_taskflow_api' retrieved from /home/airflow/.local/lib/python3.12/site-packages/airflow/example_dags/tutorial_taskflow_api.py
[2024-12-21T21:16:48.984+0000] {logging_mixin.py:190} INFO - [2024-12-21T21:16:48.983+0000] {dag.py:3239} INFO - Sync 1 DAGs
[2024-12-21T21:16:49.031+0000] {logging_mixin.py:190} INFO - [2024-12-21T21:16:49.030+0000] {dag.py:4180} INFO - Setting next_dagrun for tutorial_taskflow_api to None, run_after=None
[2024-12-21T21:16:49.091+0000] {processor.py:208} INFO - Processing /home/airflow/.local/lib/python3.12/site-packages/airflow/example_dags/tutorial_taskflow_api.py took 0.215 seconds
[2024-12-21T21:17:20.015+0000] {processor.py:186} INFO - Started process (PID=3748) to work on /home/airflow/.local/lib/python3.12/site-packages/airflow/example_dags/tutorial_taskflow_api.py
[2024-12-21T21:17:20.017+0000] {processor.py:914} INFO - Processing file /home/airflow/.local/lib/python3.12/site-packages/airflow/example_dags/tutorial_taskflow_api.py for tasks to queue
[2024-12-21T21:17:20.021+0000] {logging_mixin.py:190} INFO - [2024-12-21T21:17:20.020+0000] {dagbag.py:588} INFO - Filling up the DagBag from /home/airflow/.local/lib/python3.12/site-packages/airflow/example_dags/tutorial_taskflow_api.py
[2024-12-21T21:17:20.037+0000] {processor.py:925} INFO - DAG(s) 'tutorial_taskflow_api' retrieved from /home/airflow/.local/lib/python3.12/site-packages/airflow/example_dags/tutorial_taskflow_api.py
[2024-12-21T21:17:20.077+0000] {logging_mixin.py:190} INFO - [2024-12-21T21:17:20.076+0000] {dag.py:3239} INFO - Sync 1 DAGs
[2024-12-21T21:17:20.112+0000] {logging_mixin.py:190} INFO - [2024-12-21T21:17:20.111+0000] {dag.py:4180} INFO - Setting next_dagrun for tutorial_taskflow_api to None, run_after=None
[2024-12-21T21:17:20.174+0000] {processor.py:208} INFO - Processing /home/airflow/.local/lib/python3.12/site-packages/airflow/example_dags/tutorial_taskflow_api.py took 0.171 seconds
[2024-12-21T21:17:53.640+0000] {processor.py:186} INFO - Started process (PID=4059) to work on /home/airflow/.local/lib/python3.12/site-packages/airflow/example_dags/tutorial_taskflow_api.py
[2024-12-21T21:17:53.642+0000] {processor.py:914} INFO - Processing file /home/airflow/.local/lib/python3.12/site-packages/airflow/example_dags/tutorial_taskflow_api.py for tasks to queue
[2024-12-21T21:17:53.647+0000] {logging_mixin.py:190} INFO - [2024-12-21T21:17:53.646+0000] {dagbag.py:588} INFO - Filling up the DagBag from /home/airflow/.local/lib/python3.12/site-packages/airflow/example_dags/tutorial_taskflow_api.py
[2024-12-21T21:17:53.667+0000] {processor.py:925} INFO - DAG(s) 'tutorial_taskflow_api' retrieved from /home/airflow/.local/lib/python3.12/site-packages/airflow/example_dags/tutorial_taskflow_api.py
[2024-12-21T21:17:53.714+0000] {logging_mixin.py:190} INFO - [2024-12-21T21:17:53.714+0000] {dag.py:3239} INFO - Sync 1 DAGs
[2024-12-21T21:17:53.747+0000] {logging_mixin.py:190} INFO - [2024-12-21T21:17:53.746+0000] {dag.py:4180} INFO - Setting next_dagrun for tutorial_taskflow_api to None, run_after=None
[2024-12-21T21:17:53.790+0000] {processor.py:208} INFO - Processing /home/airflow/.local/lib/python3.12/site-packages/airflow/example_dags/tutorial_taskflow_api.py took 0.164 seconds
[2024-12-21T21:18:25.533+0000] {processor.py:186} INFO - Started process (PID=4362) to work on /home/airflow/.local/lib/python3.12/site-packages/airflow/example_dags/tutorial_taskflow_api.py
[2024-12-21T21:18:25.535+0000] {processor.py:914} INFO - Processing file /home/airflow/.local/lib/python3.12/site-packages/airflow/example_dags/tutorial_taskflow_api.py for tasks to queue
[2024-12-21T21:18:25.540+0000] {logging_mixin.py:190} INFO - [2024-12-21T21:18:25.539+0000] {dagbag.py:588} INFO - Filling up the DagBag from /home/airflow/.local/lib/python3.12/site-packages/airflow/example_dags/tutorial_taskflow_api.py
[2024-12-21T21:18:25.562+0000] {processor.py:925} INFO - DAG(s) 'tutorial_taskflow_api' retrieved from /home/airflow/.local/lib/python3.12/site-packages/airflow/example_dags/tutorial_taskflow_api.py
[2024-12-21T21:18:25.611+0000] {logging_mixin.py:190} INFO - [2024-12-21T21:18:25.610+0000] {dag.py:3239} INFO - Sync 1 DAGs
[2024-12-21T21:18:25.644+0000] {logging_mixin.py:190} INFO - [2024-12-21T21:18:25.643+0000] {dag.py:4180} INFO - Setting next_dagrun for tutorial_taskflow_api to None, run_after=None
[2024-12-21T21:18:25.716+0000] {processor.py:208} INFO - Processing /home/airflow/.local/lib/python3.12/site-packages/airflow/example_dags/tutorial_taskflow_api.py took 0.195 seconds
[2024-12-21T21:18:58.448+0000] {processor.py:186} INFO - Started process (PID=4674) to work on /home/airflow/.local/lib/python3.12/site-packages/airflow/example_dags/tutorial_taskflow_api.py
[2024-12-21T21:18:58.449+0000] {processor.py:914} INFO - Processing file /home/airflow/.local/lib/python3.12/site-packages/airflow/example_dags/tutorial_taskflow_api.py for tasks to queue
[2024-12-21T21:18:58.454+0000] {logging_mixin.py:190} INFO - [2024-12-21T21:18:58.453+0000] {dagbag.py:588} INFO - Filling up the DagBag from /home/airflow/.local/lib/python3.12/site-packages/airflow/example_dags/tutorial_taskflow_api.py
[2024-12-21T21:18:58.470+0000] {processor.py:925} INFO - DAG(s) 'tutorial_taskflow_api' retrieved from /home/airflow/.local/lib/python3.12/site-packages/airflow/example_dags/tutorial_taskflow_api.py
[2024-12-21T21:18:58.512+0000] {logging_mixin.py:190} INFO - [2024-12-21T21:18:58.512+0000] {dag.py:3239} INFO - Sync 1 DAGs
[2024-12-21T21:18:58.545+0000] {logging_mixin.py:190} INFO - [2024-12-21T21:18:58.544+0000] {dag.py:4180} INFO - Setting next_dagrun for tutorial_taskflow_api to None, run_after=None
[2024-12-21T21:18:58.585+0000] {processor.py:208} INFO - Processing /home/airflow/.local/lib/python3.12/site-packages/airflow/example_dags/tutorial_taskflow_api.py took 0.149 seconds
[2024-12-21T21:19:29.262+0000] {processor.py:186} INFO - Started process (PID=4968) to work on /home/airflow/.local/lib/python3.12/site-packages/airflow/example_dags/tutorial_taskflow_api.py
[2024-12-21T21:19:29.266+0000] {processor.py:914} INFO - Processing file /home/airflow/.local/lib/python3.12/site-packages/airflow/example_dags/tutorial_taskflow_api.py for tasks to queue
[2024-12-21T21:19:29.270+0000] {logging_mixin.py:190} INFO - [2024-12-21T21:19:29.270+0000] {dagbag.py:588} INFO - Filling up the DagBag from /home/airflow/.local/lib/python3.12/site-packages/airflow/example_dags/tutorial_taskflow_api.py
[2024-12-21T21:19:29.288+0000] {processor.py:925} INFO - DAG(s) 'tutorial_taskflow_api' retrieved from /home/airflow/.local/lib/python3.12/site-packages/airflow/example_dags/tutorial_taskflow_api.py
[2024-12-21T21:19:29.334+0000] {logging_mixin.py:190} INFO - [2024-12-21T21:19:29.333+0000] {dag.py:3239} INFO - Sync 1 DAGs
[2024-12-21T21:19:29.371+0000] {logging_mixin.py:190} INFO - [2024-12-21T21:19:29.370+0000] {dag.py:4180} INFO - Setting next_dagrun for tutorial_taskflow_api to None, run_after=None
[2024-12-21T21:19:29.444+0000] {processor.py:208} INFO - Processing /home/airflow/.local/lib/python3.12/site-packages/airflow/example_dags/tutorial_taskflow_api.py took 0.196 seconds
[2024-12-21T21:20:00.667+0000] {processor.py:186} INFO - Started process (PID=5273) to work on /home/airflow/.local/lib/python3.12/site-packages/airflow/example_dags/tutorial_taskflow_api.py
[2024-12-21T21:20:00.669+0000] {processor.py:914} INFO - Processing file /home/airflow/.local/lib/python3.12/site-packages/airflow/example_dags/tutorial_taskflow_api.py for tasks to queue
[2024-12-21T21:20:00.674+0000] {logging_mixin.py:190} INFO - [2024-12-21T21:20:00.673+0000] {dagbag.py:588} INFO - Filling up the DagBag from /home/airflow/.local/lib/python3.12/site-packages/airflow/example_dags/tutorial_taskflow_api.py
[2024-12-21T21:20:00.689+0000] {processor.py:925} INFO - DAG(s) 'tutorial_taskflow_api' retrieved from /home/airflow/.local/lib/python3.12/site-packages/airflow/example_dags/tutorial_taskflow_api.py
[2024-12-21T21:20:00.727+0000] {logging_mixin.py:190} INFO - [2024-12-21T21:20:00.726+0000] {dag.py:3239} INFO - Sync 1 DAGs
[2024-12-21T21:20:00.761+0000] {logging_mixin.py:190} INFO - [2024-12-21T21:20:00.761+0000] {dag.py:4180} INFO - Setting next_dagrun for tutorial_taskflow_api to None, run_after=None
[2024-12-21T21:20:00.805+0000] {processor.py:208} INFO - Processing /home/airflow/.local/lib/python3.12/site-packages/airflow/example_dags/tutorial_taskflow_api.py took 0.148 seconds
[2024-12-21T21:20:32.604+0000] {processor.py:186} INFO - Started process (PID=5569) to work on /home/airflow/.local/lib/python3.12/site-packages/airflow/example_dags/tutorial_taskflow_api.py
[2024-12-21T21:20:32.606+0000] {processor.py:914} INFO - Processing file /home/airflow/.local/lib/python3.12/site-packages/airflow/example_dags/tutorial_taskflow_api.py for tasks to queue
[2024-12-21T21:20:32.611+0000] {logging_mixin.py:190} INFO - [2024-12-21T21:20:32.610+0000] {dagbag.py:588} INFO - Filling up the DagBag from /home/airflow/.local/lib/python3.12/site-packages/airflow/example_dags/tutorial_taskflow_api.py
[2024-12-21T21:20:32.631+0000] {processor.py:925} INFO - DAG(s) 'tutorial_taskflow_api' retrieved from /home/airflow/.local/lib/python3.12/site-packages/airflow/example_dags/tutorial_taskflow_api.py
[2024-12-21T21:20:32.678+0000] {logging_mixin.py:190} INFO - [2024-12-21T21:20:32.677+0000] {dag.py:3239} INFO - Sync 1 DAGs
[2024-12-21T21:20:32.719+0000] {logging_mixin.py:190} INFO - [2024-12-21T21:20:32.718+0000] {dag.py:4180} INFO - Setting next_dagrun for tutorial_taskflow_api to None, run_after=None
[2024-12-21T21:20:32.789+0000] {processor.py:208} INFO - Processing /home/airflow/.local/lib/python3.12/site-packages/airflow/example_dags/tutorial_taskflow_api.py took 0.200 seconds
[2024-12-21T21:21:03.315+0000] {processor.py:186} INFO - Started process (PID=5863) to work on /home/airflow/.local/lib/python3.12/site-packages/airflow/example_dags/tutorial_taskflow_api.py
[2024-12-21T21:21:03.317+0000] {processor.py:914} INFO - Processing file /home/airflow/.local/lib/python3.12/site-packages/airflow/example_dags/tutorial_taskflow_api.py for tasks to queue
[2024-12-21T21:21:03.322+0000] {logging_mixin.py:190} INFO - [2024-12-21T21:21:03.321+0000] {dagbag.py:588} INFO - Filling up the DagBag from /home/airflow/.local/lib/python3.12/site-packages/airflow/example_dags/tutorial_taskflow_api.py
[2024-12-21T21:21:03.338+0000] {processor.py:925} INFO - DAG(s) 'tutorial_taskflow_api' retrieved from /home/airflow/.local/lib/python3.12/site-packages/airflow/example_dags/tutorial_taskflow_api.py
[2024-12-21T21:21:03.381+0000] {logging_mixin.py:190} INFO - [2024-12-21T21:21:03.380+0000] {dag.py:3239} INFO - Sync 1 DAGs
[2024-12-21T21:21:03.414+0000] {logging_mixin.py:190} INFO - [2024-12-21T21:21:03.413+0000] {dag.py:4180} INFO - Setting next_dagrun for tutorial_taskflow_api to None, run_after=None
[2024-12-21T21:21:03.452+0000] {processor.py:208} INFO - Processing /home/airflow/.local/lib/python3.12/site-packages/airflow/example_dags/tutorial_taskflow_api.py took 0.149 seconds
[2024-12-21T21:21:35.338+0000] {processor.py:186} INFO - Started process (PID=6162) to work on /home/airflow/.local/lib/python3.12/site-packages/airflow/example_dags/tutorial_taskflow_api.py
[2024-12-21T21:21:35.340+0000] {processor.py:914} INFO - Processing file /home/airflow/.local/lib/python3.12/site-packages/airflow/example_dags/tutorial_taskflow_api.py for tasks to queue
[2024-12-21T21:21:35.347+0000] {logging_mixin.py:190} INFO - [2024-12-21T21:21:35.346+0000] {dagbag.py:588} INFO - Filling up the DagBag from /home/airflow/.local/lib/python3.12/site-packages/airflow/example_dags/tutorial_taskflow_api.py
[2024-12-21T21:21:35.367+0000] {processor.py:925} INFO - DAG(s) 'tutorial_taskflow_api' retrieved from /home/airflow/.local/lib/python3.12/site-packages/airflow/example_dags/tutorial_taskflow_api.py
[2024-12-21T21:21:35.414+0000] {logging_mixin.py:190} INFO - [2024-12-21T21:21:35.413+0000] {dag.py:3239} INFO - Sync 1 DAGs
[2024-12-21T21:21:35.463+0000] {logging_mixin.py:190} INFO - [2024-12-21T21:21:35.463+0000] {dag.py:4180} INFO - Setting next_dagrun for tutorial_taskflow_api to None, run_after=None
[2024-12-21T21:21:35.516+0000] {processor.py:208} INFO - Processing /home/airflow/.local/lib/python3.12/site-packages/airflow/example_dags/tutorial_taskflow_api.py took 0.191 seconds
[2024-12-21T21:22:06.132+0000] {processor.py:186} INFO - Started process (PID=6458) to work on /home/airflow/.local/lib/python3.12/site-packages/airflow/example_dags/tutorial_taskflow_api.py
[2024-12-21T21:22:06.134+0000] {processor.py:914} INFO - Processing file /home/airflow/.local/lib/python3.12/site-packages/airflow/example_dags/tutorial_taskflow_api.py for tasks to queue
[2024-12-21T21:22:06.146+0000] {logging_mixin.py:190} INFO - [2024-12-21T21:22:06.145+0000] {dagbag.py:588} INFO - Filling up the DagBag from /home/airflow/.local/lib/python3.12/site-packages/airflow/example_dags/tutorial_taskflow_api.py
[2024-12-21T21:22:06.174+0000] {processor.py:925} INFO - DAG(s) 'tutorial_taskflow_api' retrieved from /home/airflow/.local/lib/python3.12/site-packages/airflow/example_dags/tutorial_taskflow_api.py
[2024-12-21T21:22:06.228+0000] {logging_mixin.py:190} INFO - [2024-12-21T21:22:06.227+0000] {dag.py:3239} INFO - Sync 1 DAGs
[2024-12-21T21:22:06.258+0000] {logging_mixin.py:190} INFO - [2024-12-21T21:22:06.258+0000] {dag.py:4180} INFO - Setting next_dagrun for tutorial_taskflow_api to None, run_after=None
[2024-12-21T21:22:06.302+0000] {processor.py:208} INFO - Processing /home/airflow/.local/lib/python3.12/site-packages/airflow/example_dags/tutorial_taskflow_api.py took 0.193 seconds
[2024-12-21T21:22:37.474+0000] {processor.py:186} INFO - Started process (PID=6749) to work on /home/airflow/.local/lib/python3.12/site-packages/airflow/example_dags/tutorial_taskflow_api.py
[2024-12-21T21:22:37.477+0000] {processor.py:914} INFO - Processing file /home/airflow/.local/lib/python3.12/site-packages/airflow/example_dags/tutorial_taskflow_api.py for tasks to queue
[2024-12-21T21:22:37.481+0000] {logging_mixin.py:190} INFO - [2024-12-21T21:22:37.480+0000] {dagbag.py:588} INFO - Filling up the DagBag from /home/airflow/.local/lib/python3.12/site-packages/airflow/example_dags/tutorial_taskflow_api.py
[2024-12-21T21:22:37.500+0000] {processor.py:925} INFO - DAG(s) 'tutorial_taskflow_api' retrieved from /home/airflow/.local/lib/python3.12/site-packages/airflow/example_dags/tutorial_taskflow_api.py
[2024-12-21T21:22:37.542+0000] {logging_mixin.py:190} INFO - [2024-12-21T21:22:37.542+0000] {dag.py:3239} INFO - Sync 1 DAGs
[2024-12-21T21:22:37.572+0000] {logging_mixin.py:190} INFO - [2024-12-21T21:22:37.572+0000] {dag.py:4180} INFO - Setting next_dagrun for tutorial_taskflow_api to None, run_after=None
[2024-12-21T21:22:37.626+0000] {processor.py:208} INFO - Processing /home/airflow/.local/lib/python3.12/site-packages/airflow/example_dags/tutorial_taskflow_api.py took 0.163 seconds
[2024-12-21T21:23:08.999+0000] {processor.py:186} INFO - Started process (PID=7046) to work on /home/airflow/.local/lib/python3.12/site-packages/airflow/example_dags/tutorial_taskflow_api.py
[2024-12-21T21:23:09.001+0000] {processor.py:914} INFO - Processing file /home/airflow/.local/lib/python3.12/site-packages/airflow/example_dags/tutorial_taskflow_api.py for tasks to queue
[2024-12-21T21:23:09.006+0000] {logging_mixin.py:190} INFO - [2024-12-21T21:23:09.006+0000] {dagbag.py:588} INFO - Filling up the DagBag from /home/airflow/.local/lib/python3.12/site-packages/airflow/example_dags/tutorial_taskflow_api.py
[2024-12-21T21:23:09.025+0000] {processor.py:925} INFO - DAG(s) 'tutorial_taskflow_api' retrieved from /home/airflow/.local/lib/python3.12/site-packages/airflow/example_dags/tutorial_taskflow_api.py
[2024-12-21T21:23:09.066+0000] {logging_mixin.py:190} INFO - [2024-12-21T21:23:09.065+0000] {dag.py:3239} INFO - Sync 1 DAGs
[2024-12-21T21:23:09.098+0000] {logging_mixin.py:190} INFO - [2024-12-21T21:23:09.097+0000] {dag.py:4180} INFO - Setting next_dagrun for tutorial_taskflow_api to None, run_after=None
[2024-12-21T21:23:09.163+0000] {processor.py:208} INFO - Processing /home/airflow/.local/lib/python3.12/site-packages/airflow/example_dags/tutorial_taskflow_api.py took 0.178 seconds
[2024-12-21T21:23:40.816+0000] {processor.py:186} INFO - Started process (PID=7349) to work on /home/airflow/.local/lib/python3.12/site-packages/airflow/example_dags/tutorial_taskflow_api.py
[2024-12-21T21:23:40.819+0000] {processor.py:914} INFO - Processing file /home/airflow/.local/lib/python3.12/site-packages/airflow/example_dags/tutorial_taskflow_api.py for tasks to queue
[2024-12-21T21:23:40.824+0000] {logging_mixin.py:190} INFO - [2024-12-21T21:23:40.824+0000] {dagbag.py:588} INFO - Filling up the DagBag from /home/airflow/.local/lib/python3.12/site-packages/airflow/example_dags/tutorial_taskflow_api.py
[2024-12-21T21:23:40.853+0000] {processor.py:925} INFO - DAG(s) 'tutorial_taskflow_api' retrieved from /home/airflow/.local/lib/python3.12/site-packages/airflow/example_dags/tutorial_taskflow_api.py
[2024-12-21T21:23:40.904+0000] {logging_mixin.py:190} INFO - [2024-12-21T21:23:40.903+0000] {dag.py:3239} INFO - Sync 1 DAGs
[2024-12-21T21:23:40.932+0000] {logging_mixin.py:190} INFO - [2024-12-21T21:23:40.932+0000] {dag.py:4180} INFO - Setting next_dagrun for tutorial_taskflow_api to None, run_after=None
[2024-12-21T21:23:40.979+0000] {processor.py:208} INFO - Processing /home/airflow/.local/lib/python3.12/site-packages/airflow/example_dags/tutorial_taskflow_api.py took 0.188 seconds
[2024-12-21T21:24:12.027+0000] {processor.py:186} INFO - Started process (PID=7658) to work on /home/airflow/.local/lib/python3.12/site-packages/airflow/example_dags/tutorial_taskflow_api.py
[2024-12-21T21:24:12.029+0000] {processor.py:914} INFO - Processing file /home/airflow/.local/lib/python3.12/site-packages/airflow/example_dags/tutorial_taskflow_api.py for tasks to queue
[2024-12-21T21:24:12.033+0000] {logging_mixin.py:190} INFO - [2024-12-21T21:24:12.032+0000] {dagbag.py:588} INFO - Filling up the DagBag from /home/airflow/.local/lib/python3.12/site-packages/airflow/example_dags/tutorial_taskflow_api.py
[2024-12-21T21:24:12.048+0000] {processor.py:925} INFO - DAG(s) 'tutorial_taskflow_api' retrieved from /home/airflow/.local/lib/python3.12/site-packages/airflow/example_dags/tutorial_taskflow_api.py
[2024-12-21T21:24:12.087+0000] {logging_mixin.py:190} INFO - [2024-12-21T21:24:12.086+0000] {dag.py:3239} INFO - Sync 1 DAGs
[2024-12-21T21:24:12.117+0000] {logging_mixin.py:190} INFO - [2024-12-21T21:24:12.116+0000] {dag.py:4180} INFO - Setting next_dagrun for tutorial_taskflow_api to None, run_after=None
[2024-12-21T21:24:12.156+0000] {processor.py:208} INFO - Processing /home/airflow/.local/lib/python3.12/site-packages/airflow/example_dags/tutorial_taskflow_api.py took 0.140 seconds
[2024-12-21T21:26:39.470+0000] {processor.py:186} INFO - Started process (PID=456) to work on /home/airflow/.local/lib/python3.12/site-packages/airflow/example_dags/tutorial_taskflow_api.py
[2024-12-21T21:26:39.473+0000] {processor.py:914} INFO - Processing file /home/airflow/.local/lib/python3.12/site-packages/airflow/example_dags/tutorial_taskflow_api.py for tasks to queue
[2024-12-21T21:26:39.478+0000] {logging_mixin.py:190} INFO - [2024-12-21T21:26:39.477+0000] {dagbag.py:588} INFO - Filling up the DagBag from /home/airflow/.local/lib/python3.12/site-packages/airflow/example_dags/tutorial_taskflow_api.py
[2024-12-21T21:26:39.499+0000] {processor.py:925} INFO - DAG(s) 'tutorial_taskflow_api' retrieved from /home/airflow/.local/lib/python3.12/site-packages/airflow/example_dags/tutorial_taskflow_api.py
[2024-12-21T21:26:39.547+0000] {logging_mixin.py:190} INFO - [2024-12-21T21:26:39.547+0000] {dag.py:3239} INFO - Sync 1 DAGs
[2024-12-21T21:26:39.588+0000] {logging_mixin.py:190} INFO - [2024-12-21T21:26:39.587+0000] {dag.py:4180} INFO - Setting next_dagrun for tutorial_taskflow_api to None, run_after=None
[2024-12-21T21:26:39.655+0000] {processor.py:208} INFO - Processing /home/airflow/.local/lib/python3.12/site-packages/airflow/example_dags/tutorial_taskflow_api.py took 0.200 seconds
[2024-12-21T21:27:11.139+0000] {processor.py:186} INFO - Started process (PID=752) to work on /home/airflow/.local/lib/python3.12/site-packages/airflow/example_dags/tutorial_taskflow_api.py
[2024-12-21T21:27:11.141+0000] {processor.py:914} INFO - Processing file /home/airflow/.local/lib/python3.12/site-packages/airflow/example_dags/tutorial_taskflow_api.py for tasks to queue
[2024-12-21T21:27:11.146+0000] {logging_mixin.py:190} INFO - [2024-12-21T21:27:11.145+0000] {dagbag.py:588} INFO - Filling up the DagBag from /home/airflow/.local/lib/python3.12/site-packages/airflow/example_dags/tutorial_taskflow_api.py
[2024-12-21T21:27:11.166+0000] {processor.py:925} INFO - DAG(s) 'tutorial_taskflow_api' retrieved from /home/airflow/.local/lib/python3.12/site-packages/airflow/example_dags/tutorial_taskflow_api.py
[2024-12-21T21:27:11.207+0000] {logging_mixin.py:190} INFO - [2024-12-21T21:27:11.206+0000] {dag.py:3239} INFO - Sync 1 DAGs
[2024-12-21T21:27:11.237+0000] {logging_mixin.py:190} INFO - [2024-12-21T21:27:11.236+0000] {dag.py:4180} INFO - Setting next_dagrun for tutorial_taskflow_api to None, run_after=None
[2024-12-21T21:27:11.283+0000] {processor.py:208} INFO - Processing /home/airflow/.local/lib/python3.12/site-packages/airflow/example_dags/tutorial_taskflow_api.py took 0.154 seconds
[2024-12-21T21:27:42.878+0000] {processor.py:186} INFO - Started process (PID=1048) to work on /home/airflow/.local/lib/python3.12/site-packages/airflow/example_dags/tutorial_taskflow_api.py
[2024-12-21T21:27:42.880+0000] {processor.py:914} INFO - Processing file /home/airflow/.local/lib/python3.12/site-packages/airflow/example_dags/tutorial_taskflow_api.py for tasks to queue
[2024-12-21T21:27:42.885+0000] {logging_mixin.py:190} INFO - [2024-12-21T21:27:42.885+0000] {dagbag.py:588} INFO - Filling up the DagBag from /home/airflow/.local/lib/python3.12/site-packages/airflow/example_dags/tutorial_taskflow_api.py
[2024-12-21T21:27:42.904+0000] {processor.py:925} INFO - DAG(s) 'tutorial_taskflow_api' retrieved from /home/airflow/.local/lib/python3.12/site-packages/airflow/example_dags/tutorial_taskflow_api.py
[2024-12-21T21:27:42.943+0000] {logging_mixin.py:190} INFO - [2024-12-21T21:27:42.942+0000] {dag.py:3239} INFO - Sync 1 DAGs
[2024-12-21T21:27:42.977+0000] {logging_mixin.py:190} INFO - [2024-12-21T21:27:42.976+0000] {dag.py:4180} INFO - Setting next_dagrun for tutorial_taskflow_api to None, run_after=None
[2024-12-21T21:27:43.018+0000] {processor.py:208} INFO - Processing /home/airflow/.local/lib/python3.12/site-packages/airflow/example_dags/tutorial_taskflow_api.py took 0.152 seconds
[2024-12-21T21:28:14.694+0000] {processor.py:186} INFO - Started process (PID=1344) to work on /home/airflow/.local/lib/python3.12/site-packages/airflow/example_dags/tutorial_taskflow_api.py
[2024-12-21T21:28:14.696+0000] {processor.py:914} INFO - Processing file /home/airflow/.local/lib/python3.12/site-packages/airflow/example_dags/tutorial_taskflow_api.py for tasks to queue
[2024-12-21T21:28:14.701+0000] {logging_mixin.py:190} INFO - [2024-12-21T21:28:14.700+0000] {dagbag.py:588} INFO - Filling up the DagBag from /home/airflow/.local/lib/python3.12/site-packages/airflow/example_dags/tutorial_taskflow_api.py
[2024-12-21T21:28:14.721+0000] {processor.py:925} INFO - DAG(s) 'tutorial_taskflow_api' retrieved from /home/airflow/.local/lib/python3.12/site-packages/airflow/example_dags/tutorial_taskflow_api.py
[2024-12-21T21:28:14.768+0000] {logging_mixin.py:190} INFO - [2024-12-21T21:28:14.767+0000] {dag.py:3239} INFO - Sync 1 DAGs
[2024-12-21T21:28:14.801+0000] {logging_mixin.py:190} INFO - [2024-12-21T21:28:14.800+0000] {dag.py:4180} INFO - Setting next_dagrun for tutorial_taskflow_api to None, run_after=None
[2024-12-21T21:28:14.843+0000] {processor.py:208} INFO - Processing /home/airflow/.local/lib/python3.12/site-packages/airflow/example_dags/tutorial_taskflow_api.py took 0.161 seconds
[2024-12-21T21:28:46.641+0000] {processor.py:186} INFO - Started process (PID=1640) to work on /home/airflow/.local/lib/python3.12/site-packages/airflow/example_dags/tutorial_taskflow_api.py
[2024-12-21T21:28:46.643+0000] {processor.py:914} INFO - Processing file /home/airflow/.local/lib/python3.12/site-packages/airflow/example_dags/tutorial_taskflow_api.py for tasks to queue
[2024-12-21T21:28:46.647+0000] {logging_mixin.py:190} INFO - [2024-12-21T21:28:46.646+0000] {dagbag.py:588} INFO - Filling up the DagBag from /home/airflow/.local/lib/python3.12/site-packages/airflow/example_dags/tutorial_taskflow_api.py
[2024-12-21T21:28:46.665+0000] {processor.py:925} INFO - DAG(s) 'tutorial_taskflow_api' retrieved from /home/airflow/.local/lib/python3.12/site-packages/airflow/example_dags/tutorial_taskflow_api.py
[2024-12-21T21:28:46.714+0000] {logging_mixin.py:190} INFO - [2024-12-21T21:28:46.713+0000] {dag.py:3239} INFO - Sync 1 DAGs
[2024-12-21T21:28:46.745+0000] {logging_mixin.py:190} INFO - [2024-12-21T21:28:46.744+0000] {dag.py:4180} INFO - Setting next_dagrun for tutorial_taskflow_api to None, run_after=None
[2024-12-21T21:28:46.786+0000] {processor.py:208} INFO - Processing /home/airflow/.local/lib/python3.12/site-packages/airflow/example_dags/tutorial_taskflow_api.py took 0.156 seconds
[2024-12-21T21:29:18.212+0000] {processor.py:186} INFO - Started process (PID=1936) to work on /home/airflow/.local/lib/python3.12/site-packages/airflow/example_dags/tutorial_taskflow_api.py
[2024-12-21T21:29:18.214+0000] {processor.py:914} INFO - Processing file /home/airflow/.local/lib/python3.12/site-packages/airflow/example_dags/tutorial_taskflow_api.py for tasks to queue
[2024-12-21T21:29:18.218+0000] {logging_mixin.py:190} INFO - [2024-12-21T21:29:18.218+0000] {dagbag.py:588} INFO - Filling up the DagBag from /home/airflow/.local/lib/python3.12/site-packages/airflow/example_dags/tutorial_taskflow_api.py
[2024-12-21T21:29:18.234+0000] {processor.py:925} INFO - DAG(s) 'tutorial_taskflow_api' retrieved from /home/airflow/.local/lib/python3.12/site-packages/airflow/example_dags/tutorial_taskflow_api.py
[2024-12-21T21:29:18.274+0000] {logging_mixin.py:190} INFO - [2024-12-21T21:29:18.274+0000] {dag.py:3239} INFO - Sync 1 DAGs
[2024-12-21T21:29:18.320+0000] {logging_mixin.py:190} INFO - [2024-12-21T21:29:18.320+0000] {dag.py:4180} INFO - Setting next_dagrun for tutorial_taskflow_api to None, run_after=None
[2024-12-21T21:29:18.365+0000] {processor.py:208} INFO - Processing /home/airflow/.local/lib/python3.12/site-packages/airflow/example_dags/tutorial_taskflow_api.py took 0.164 seconds
[2024-12-21T21:29:49.927+0000] {processor.py:186} INFO - Started process (PID=2233) to work on /home/airflow/.local/lib/python3.12/site-packages/airflow/example_dags/tutorial_taskflow_api.py
[2024-12-21T21:29:49.929+0000] {processor.py:914} INFO - Processing file /home/airflow/.local/lib/python3.12/site-packages/airflow/example_dags/tutorial_taskflow_api.py for tasks to queue
[2024-12-21T21:29:49.933+0000] {logging_mixin.py:190} INFO - [2024-12-21T21:29:49.933+0000] {dagbag.py:588} INFO - Filling up the DagBag from /home/airflow/.local/lib/python3.12/site-packages/airflow/example_dags/tutorial_taskflow_api.py
[2024-12-21T21:29:49.948+0000] {processor.py:925} INFO - DAG(s) 'tutorial_taskflow_api' retrieved from /home/airflow/.local/lib/python3.12/site-packages/airflow/example_dags/tutorial_taskflow_api.py
[2024-12-21T21:29:49.985+0000] {logging_mixin.py:190} INFO - [2024-12-21T21:29:49.984+0000] {dag.py:3239} INFO - Sync 1 DAGs
[2024-12-21T21:29:50.014+0000] {logging_mixin.py:190} INFO - [2024-12-21T21:29:50.013+0000] {dag.py:4180} INFO - Setting next_dagrun for tutorial_taskflow_api to None, run_after=None
[2024-12-21T21:29:50.054+0000] {processor.py:208} INFO - Processing /home/airflow/.local/lib/python3.12/site-packages/airflow/example_dags/tutorial_taskflow_api.py took 0.138 seconds
[2024-12-21T21:30:21.539+0000] {processor.py:186} INFO - Started process (PID=2529) to work on /home/airflow/.local/lib/python3.12/site-packages/airflow/example_dags/tutorial_taskflow_api.py
[2024-12-21T21:30:21.541+0000] {processor.py:914} INFO - Processing file /home/airflow/.local/lib/python3.12/site-packages/airflow/example_dags/tutorial_taskflow_api.py for tasks to queue
[2024-12-21T21:30:21.545+0000] {logging_mixin.py:190} INFO - [2024-12-21T21:30:21.544+0000] {dagbag.py:588} INFO - Filling up the DagBag from /home/airflow/.local/lib/python3.12/site-packages/airflow/example_dags/tutorial_taskflow_api.py
[2024-12-21T21:30:21.563+0000] {processor.py:925} INFO - DAG(s) 'tutorial_taskflow_api' retrieved from /home/airflow/.local/lib/python3.12/site-packages/airflow/example_dags/tutorial_taskflow_api.py
[2024-12-21T21:30:21.603+0000] {logging_mixin.py:190} INFO - [2024-12-21T21:30:21.602+0000] {dag.py:3239} INFO - Sync 1 DAGs
[2024-12-21T21:30:21.633+0000] {logging_mixin.py:190} INFO - [2024-12-21T21:30:21.633+0000] {dag.py:4180} INFO - Setting next_dagrun for tutorial_taskflow_api to None, run_after=None
[2024-12-21T21:30:21.673+0000] {processor.py:208} INFO - Processing /home/airflow/.local/lib/python3.12/site-packages/airflow/example_dags/tutorial_taskflow_api.py took 0.145 seconds
[2024-12-21T21:30:53.793+0000] {processor.py:186} INFO - Started process (PID=2827) to work on /home/airflow/.local/lib/python3.12/site-packages/airflow/example_dags/tutorial_taskflow_api.py
[2024-12-21T21:30:53.795+0000] {processor.py:914} INFO - Processing file /home/airflow/.local/lib/python3.12/site-packages/airflow/example_dags/tutorial_taskflow_api.py for tasks to queue
[2024-12-21T21:30:53.798+0000] {logging_mixin.py:190} INFO - [2024-12-21T21:30:53.798+0000] {dagbag.py:588} INFO - Filling up the DagBag from /home/airflow/.local/lib/python3.12/site-packages/airflow/example_dags/tutorial_taskflow_api.py
[2024-12-21T21:30:53.816+0000] {processor.py:925} INFO - DAG(s) 'tutorial_taskflow_api' retrieved from /home/airflow/.local/lib/python3.12/site-packages/airflow/example_dags/tutorial_taskflow_api.py
[2024-12-21T21:30:53.877+0000] {logging_mixin.py:190} INFO - [2024-12-21T21:30:53.876+0000] {dag.py:3239} INFO - Sync 1 DAGs
[2024-12-21T21:30:53.925+0000] {logging_mixin.py:190} INFO - [2024-12-21T21:30:53.925+0000] {dag.py:4180} INFO - Setting next_dagrun for tutorial_taskflow_api to None, run_after=None
[2024-12-21T21:30:53.968+0000] {processor.py:208} INFO - Processing /home/airflow/.local/lib/python3.12/site-packages/airflow/example_dags/tutorial_taskflow_api.py took 0.185 seconds
[2024-12-21T21:31:25.179+0000] {processor.py:186} INFO - Started process (PID=3121) to work on /home/airflow/.local/lib/python3.12/site-packages/airflow/example_dags/tutorial_taskflow_api.py
[2024-12-21T21:31:25.181+0000] {processor.py:914} INFO - Processing file /home/airflow/.local/lib/python3.12/site-packages/airflow/example_dags/tutorial_taskflow_api.py for tasks to queue
[2024-12-21T21:31:25.186+0000] {logging_mixin.py:190} INFO - [2024-12-21T21:31:25.185+0000] {dagbag.py:588} INFO - Filling up the DagBag from /home/airflow/.local/lib/python3.12/site-packages/airflow/example_dags/tutorial_taskflow_api.py
[2024-12-21T21:31:25.205+0000] {processor.py:925} INFO - DAG(s) 'tutorial_taskflow_api' retrieved from /home/airflow/.local/lib/python3.12/site-packages/airflow/example_dags/tutorial_taskflow_api.py
[2024-12-21T21:31:25.248+0000] {logging_mixin.py:190} INFO - [2024-12-21T21:31:25.247+0000] {dag.py:3239} INFO - Sync 1 DAGs
[2024-12-21T21:31:25.286+0000] {logging_mixin.py:190} INFO - [2024-12-21T21:31:25.285+0000] {dag.py:4180} INFO - Setting next_dagrun for tutorial_taskflow_api to None, run_after=None
[2024-12-21T21:31:25.326+0000] {processor.py:208} INFO - Processing /home/airflow/.local/lib/python3.12/site-packages/airflow/example_dags/tutorial_taskflow_api.py took 0.160 seconds
[2024-12-21T21:31:58.000+0000] {processor.py:186} INFO - Started process (PID=3420) to work on /home/airflow/.local/lib/python3.12/site-packages/airflow/example_dags/tutorial_taskflow_api.py
[2024-12-21T21:31:58.002+0000] {processor.py:914} INFO - Processing file /home/airflow/.local/lib/python3.12/site-packages/airflow/example_dags/tutorial_taskflow_api.py for tasks to queue
[2024-12-21T21:31:58.006+0000] {logging_mixin.py:190} INFO - [2024-12-21T21:31:58.006+0000] {dagbag.py:588} INFO - Filling up the DagBag from /home/airflow/.local/lib/python3.12/site-packages/airflow/example_dags/tutorial_taskflow_api.py
[2024-12-21T21:31:58.021+0000] {processor.py:925} INFO - DAG(s) 'tutorial_taskflow_api' retrieved from /home/airflow/.local/lib/python3.12/site-packages/airflow/example_dags/tutorial_taskflow_api.py
[2024-12-21T21:31:58.060+0000] {logging_mixin.py:190} INFO - [2024-12-21T21:31:58.060+0000] {dag.py:3239} INFO - Sync 1 DAGs
[2024-12-21T21:31:58.088+0000] {logging_mixin.py:190} INFO - [2024-12-21T21:31:58.088+0000] {dag.py:4180} INFO - Setting next_dagrun for tutorial_taskflow_api to None, run_after=None
[2024-12-21T21:31:58.124+0000] {processor.py:208} INFO - Processing /home/airflow/.local/lib/python3.12/site-packages/airflow/example_dags/tutorial_taskflow_api.py took 0.134 seconds
[2024-12-21T21:32:30.031+0000] {processor.py:186} INFO - Started process (PID=3720) to work on /home/airflow/.local/lib/python3.12/site-packages/airflow/example_dags/tutorial_taskflow_api.py
[2024-12-21T21:32:30.033+0000] {processor.py:914} INFO - Processing file /home/airflow/.local/lib/python3.12/site-packages/airflow/example_dags/tutorial_taskflow_api.py for tasks to queue
[2024-12-21T21:32:30.037+0000] {logging_mixin.py:190} INFO - [2024-12-21T21:32:30.036+0000] {dagbag.py:588} INFO - Filling up the DagBag from /home/airflow/.local/lib/python3.12/site-packages/airflow/example_dags/tutorial_taskflow_api.py
[2024-12-21T21:32:30.054+0000] {processor.py:925} INFO - DAG(s) 'tutorial_taskflow_api' retrieved from /home/airflow/.local/lib/python3.12/site-packages/airflow/example_dags/tutorial_taskflow_api.py
[2024-12-21T21:32:30.093+0000] {logging_mixin.py:190} INFO - [2024-12-21T21:32:30.092+0000] {dag.py:3239} INFO - Sync 1 DAGs
[2024-12-21T21:32:30.123+0000] {logging_mixin.py:190} INFO - [2024-12-21T21:32:30.122+0000] {dag.py:4180} INFO - Setting next_dagrun for tutorial_taskflow_api to None, run_after=None
[2024-12-21T21:32:30.188+0000] {processor.py:208} INFO - Processing /home/airflow/.local/lib/python3.12/site-packages/airflow/example_dags/tutorial_taskflow_api.py took 0.169 seconds
[2024-12-21T21:33:01.561+0000] {processor.py:186} INFO - Started process (PID=4018) to work on /home/airflow/.local/lib/python3.12/site-packages/airflow/example_dags/tutorial_taskflow_api.py
[2024-12-21T21:33:01.563+0000] {processor.py:914} INFO - Processing file /home/airflow/.local/lib/python3.12/site-packages/airflow/example_dags/tutorial_taskflow_api.py for tasks to queue
[2024-12-21T21:33:01.567+0000] {logging_mixin.py:190} INFO - [2024-12-21T21:33:01.566+0000] {dagbag.py:588} INFO - Filling up the DagBag from /home/airflow/.local/lib/python3.12/site-packages/airflow/example_dags/tutorial_taskflow_api.py
[2024-12-21T21:33:01.582+0000] {processor.py:925} INFO - DAG(s) 'tutorial_taskflow_api' retrieved from /home/airflow/.local/lib/python3.12/site-packages/airflow/example_dags/tutorial_taskflow_api.py
[2024-12-21T21:33:01.620+0000] {logging_mixin.py:190} INFO - [2024-12-21T21:33:01.620+0000] {dag.py:3239} INFO - Sync 1 DAGs
[2024-12-21T21:33:01.650+0000] {logging_mixin.py:190} INFO - [2024-12-21T21:33:01.649+0000] {dag.py:4180} INFO - Setting next_dagrun for tutorial_taskflow_api to None, run_after=None
[2024-12-21T21:33:01.712+0000] {processor.py:208} INFO - Processing /home/airflow/.local/lib/python3.12/site-packages/airflow/example_dags/tutorial_taskflow_api.py took 0.163 seconds
[2024-12-21T21:33:33.206+0000] {processor.py:186} INFO - Started process (PID=4314) to work on /home/airflow/.local/lib/python3.12/site-packages/airflow/example_dags/tutorial_taskflow_api.py
[2024-12-21T21:33:33.208+0000] {processor.py:914} INFO - Processing file /home/airflow/.local/lib/python3.12/site-packages/airflow/example_dags/tutorial_taskflow_api.py for tasks to queue
[2024-12-21T21:33:33.212+0000] {logging_mixin.py:190} INFO - [2024-12-21T21:33:33.211+0000] {dagbag.py:588} INFO - Filling up the DagBag from /home/airflow/.local/lib/python3.12/site-packages/airflow/example_dags/tutorial_taskflow_api.py
[2024-12-21T21:33:33.228+0000] {processor.py:925} INFO - DAG(s) 'tutorial_taskflow_api' retrieved from /home/airflow/.local/lib/python3.12/site-packages/airflow/example_dags/tutorial_taskflow_api.py
[2024-12-21T21:33:33.265+0000] {logging_mixin.py:190} INFO - [2024-12-21T21:33:33.264+0000] {dag.py:3239} INFO - Sync 1 DAGs
[2024-12-21T21:33:33.294+0000] {logging_mixin.py:190} INFO - [2024-12-21T21:33:33.293+0000] {dag.py:4180} INFO - Setting next_dagrun for tutorial_taskflow_api to None, run_after=None
[2024-12-21T21:33:33.335+0000] {processor.py:208} INFO - Processing /home/airflow/.local/lib/python3.12/site-packages/airflow/example_dags/tutorial_taskflow_api.py took 0.140 seconds
[2024-12-21T21:34:05.065+0000] {processor.py:186} INFO - Started process (PID=4608) to work on /home/airflow/.local/lib/python3.12/site-packages/airflow/example_dags/tutorial_taskflow_api.py
[2024-12-21T21:34:05.067+0000] {processor.py:914} INFO - Processing file /home/airflow/.local/lib/python3.12/site-packages/airflow/example_dags/tutorial_taskflow_api.py for tasks to queue
[2024-12-21T21:34:05.071+0000] {logging_mixin.py:190} INFO - [2024-12-21T21:34:05.071+0000] {dagbag.py:588} INFO - Filling up the DagBag from /home/airflow/.local/lib/python3.12/site-packages/airflow/example_dags/tutorial_taskflow_api.py
[2024-12-21T21:34:05.086+0000] {processor.py:925} INFO - DAG(s) 'tutorial_taskflow_api' retrieved from /home/airflow/.local/lib/python3.12/site-packages/airflow/example_dags/tutorial_taskflow_api.py
[2024-12-21T21:34:05.124+0000] {logging_mixin.py:190} INFO - [2024-12-21T21:34:05.123+0000] {dag.py:3239} INFO - Sync 1 DAGs
[2024-12-21T21:34:05.156+0000] {logging_mixin.py:190} INFO - [2024-12-21T21:34:05.155+0000] {dag.py:4180} INFO - Setting next_dagrun for tutorial_taskflow_api to None, run_after=None
[2024-12-21T21:34:05.196+0000] {processor.py:208} INFO - Processing /home/airflow/.local/lib/python3.12/site-packages/airflow/example_dags/tutorial_taskflow_api.py took 0.142 seconds
[2024-12-21T21:34:36.549+0000] {processor.py:186} INFO - Started process (PID=4905) to work on /home/airflow/.local/lib/python3.12/site-packages/airflow/example_dags/tutorial_taskflow_api.py
[2024-12-21T21:34:36.550+0000] {processor.py:914} INFO - Processing file /home/airflow/.local/lib/python3.12/site-packages/airflow/example_dags/tutorial_taskflow_api.py for tasks to queue
[2024-12-21T21:34:36.554+0000] {logging_mixin.py:190} INFO - [2024-12-21T21:34:36.554+0000] {dagbag.py:588} INFO - Filling up the DagBag from /home/airflow/.local/lib/python3.12/site-packages/airflow/example_dags/tutorial_taskflow_api.py
[2024-12-21T21:34:36.571+0000] {processor.py:925} INFO - DAG(s) 'tutorial_taskflow_api' retrieved from /home/airflow/.local/lib/python3.12/site-packages/airflow/example_dags/tutorial_taskflow_api.py
[2024-12-21T21:34:36.611+0000] {logging_mixin.py:190} INFO - [2024-12-21T21:34:36.610+0000] {dag.py:3239} INFO - Sync 1 DAGs
[2024-12-21T21:34:36.640+0000] {logging_mixin.py:190} INFO - [2024-12-21T21:34:36.639+0000] {dag.py:4180} INFO - Setting next_dagrun for tutorial_taskflow_api to None, run_after=None
[2024-12-21T21:34:36.704+0000] {processor.py:208} INFO - Processing /home/airflow/.local/lib/python3.12/site-packages/airflow/example_dags/tutorial_taskflow_api.py took 0.165 seconds
[2024-12-21T21:35:08.299+0000] {processor.py:186} INFO - Started process (PID=5203) to work on /home/airflow/.local/lib/python3.12/site-packages/airflow/example_dags/tutorial_taskflow_api.py
[2024-12-21T21:35:08.301+0000] {processor.py:914} INFO - Processing file /home/airflow/.local/lib/python3.12/site-packages/airflow/example_dags/tutorial_taskflow_api.py for tasks to queue
[2024-12-21T21:35:08.306+0000] {logging_mixin.py:190} INFO - [2024-12-21T21:35:08.305+0000] {dagbag.py:588} INFO - Filling up the DagBag from /home/airflow/.local/lib/python3.12/site-packages/airflow/example_dags/tutorial_taskflow_api.py
[2024-12-21T21:35:08.323+0000] {processor.py:925} INFO - DAG(s) 'tutorial_taskflow_api' retrieved from /home/airflow/.local/lib/python3.12/site-packages/airflow/example_dags/tutorial_taskflow_api.py
[2024-12-21T21:35:08.368+0000] {logging_mixin.py:190} INFO - [2024-12-21T21:35:08.367+0000] {dag.py:3239} INFO - Sync 1 DAGs
[2024-12-21T21:35:08.402+0000] {logging_mixin.py:190} INFO - [2024-12-21T21:35:08.402+0000] {dag.py:4180} INFO - Setting next_dagrun for tutorial_taskflow_api to None, run_after=None
[2024-12-21T21:35:08.446+0000] {processor.py:208} INFO - Processing /home/airflow/.local/lib/python3.12/site-packages/airflow/example_dags/tutorial_taskflow_api.py took 0.157 seconds
[2024-12-21T21:35:40.916+0000] {processor.py:186} INFO - Started process (PID=5529) to work on /home/airflow/.local/lib/python3.12/site-packages/airflow/example_dags/tutorial_taskflow_api.py
[2024-12-21T21:35:40.918+0000] {processor.py:914} INFO - Processing file /home/airflow/.local/lib/python3.12/site-packages/airflow/example_dags/tutorial_taskflow_api.py for tasks to queue
[2024-12-21T21:35:40.922+0000] {logging_mixin.py:190} INFO - [2024-12-21T21:35:40.922+0000] {dagbag.py:588} INFO - Filling up the DagBag from /home/airflow/.local/lib/python3.12/site-packages/airflow/example_dags/tutorial_taskflow_api.py
[2024-12-21T21:35:40.939+0000] {processor.py:925} INFO - DAG(s) 'tutorial_taskflow_api' retrieved from /home/airflow/.local/lib/python3.12/site-packages/airflow/example_dags/tutorial_taskflow_api.py
[2024-12-21T21:35:40.980+0000] {logging_mixin.py:190} INFO - [2024-12-21T21:35:40.980+0000] {dag.py:3239} INFO - Sync 1 DAGs
[2024-12-21T21:35:41.015+0000] {logging_mixin.py:190} INFO - [2024-12-21T21:35:41.014+0000] {dag.py:4180} INFO - Setting next_dagrun for tutorial_taskflow_api to None, run_after=None
[2024-12-21T21:35:41.081+0000] {processor.py:208} INFO - Processing /home/airflow/.local/lib/python3.12/site-packages/airflow/example_dags/tutorial_taskflow_api.py took 0.176 seconds
[2024-12-21T21:36:12.650+0000] {processor.py:186} INFO - Started process (PID=5823) to work on /home/airflow/.local/lib/python3.12/site-packages/airflow/example_dags/tutorial_taskflow_api.py
[2024-12-21T21:36:12.653+0000] {processor.py:914} INFO - Processing file /home/airflow/.local/lib/python3.12/site-packages/airflow/example_dags/tutorial_taskflow_api.py for tasks to queue
[2024-12-21T21:36:12.658+0000] {logging_mixin.py:190} INFO - [2024-12-21T21:36:12.657+0000] {dagbag.py:588} INFO - Filling up the DagBag from /home/airflow/.local/lib/python3.12/site-packages/airflow/example_dags/tutorial_taskflow_api.py
[2024-12-21T21:36:12.685+0000] {processor.py:925} INFO - DAG(s) 'tutorial_taskflow_api' retrieved from /home/airflow/.local/lib/python3.12/site-packages/airflow/example_dags/tutorial_taskflow_api.py
[2024-12-21T21:36:12.730+0000] {logging_mixin.py:190} INFO - [2024-12-21T21:36:12.730+0000] {dag.py:3239} INFO - Sync 1 DAGs
[2024-12-21T21:36:12.763+0000] {logging_mixin.py:190} INFO - [2024-12-21T21:36:12.762+0000] {dag.py:4180} INFO - Setting next_dagrun for tutorial_taskflow_api to None, run_after=None
[2024-12-21T21:36:12.826+0000] {processor.py:208} INFO - Processing /home/airflow/.local/lib/python3.12/site-packages/airflow/example_dags/tutorial_taskflow_api.py took 0.191 seconds
[2024-12-21T21:36:43.561+0000] {processor.py:186} INFO - Started process (PID=6119) to work on /home/airflow/.local/lib/python3.12/site-packages/airflow/example_dags/tutorial_taskflow_api.py
[2024-12-21T21:36:43.562+0000] {processor.py:914} INFO - Processing file /home/airflow/.local/lib/python3.12/site-packages/airflow/example_dags/tutorial_taskflow_api.py for tasks to queue
[2024-12-21T21:36:43.567+0000] {logging_mixin.py:190} INFO - [2024-12-21T21:36:43.567+0000] {dagbag.py:588} INFO - Filling up the DagBag from /home/airflow/.local/lib/python3.12/site-packages/airflow/example_dags/tutorial_taskflow_api.py
[2024-12-21T21:36:43.582+0000] {processor.py:925} INFO - DAG(s) 'tutorial_taskflow_api' retrieved from /home/airflow/.local/lib/python3.12/site-packages/airflow/example_dags/tutorial_taskflow_api.py
[2024-12-21T21:36:43.624+0000] {logging_mixin.py:190} INFO - [2024-12-21T21:36:43.623+0000] {dag.py:3239} INFO - Sync 1 DAGs
[2024-12-21T21:36:43.657+0000] {logging_mixin.py:190} INFO - [2024-12-21T21:36:43.656+0000] {dag.py:4180} INFO - Setting next_dagrun for tutorial_taskflow_api to None, run_after=None
[2024-12-21T21:36:43.699+0000] {processor.py:208} INFO - Processing /home/airflow/.local/lib/python3.12/site-packages/airflow/example_dags/tutorial_taskflow_api.py took 0.149 seconds
[2024-12-21T21:37:14.720+0000] {processor.py:186} INFO - Started process (PID=6412) to work on /home/airflow/.local/lib/python3.12/site-packages/airflow/example_dags/tutorial_taskflow_api.py
[2024-12-21T21:37:14.722+0000] {processor.py:914} INFO - Processing file /home/airflow/.local/lib/python3.12/site-packages/airflow/example_dags/tutorial_taskflow_api.py for tasks to queue
[2024-12-21T21:37:14.728+0000] {logging_mixin.py:190} INFO - [2024-12-21T21:37:14.726+0000] {dagbag.py:588} INFO - Filling up the DagBag from /home/airflow/.local/lib/python3.12/site-packages/airflow/example_dags/tutorial_taskflow_api.py
[2024-12-21T21:37:14.751+0000] {processor.py:925} INFO - DAG(s) 'tutorial_taskflow_api' retrieved from /home/airflow/.local/lib/python3.12/site-packages/airflow/example_dags/tutorial_taskflow_api.py
[2024-12-21T21:37:14.795+0000] {logging_mixin.py:190} INFO - [2024-12-21T21:37:14.795+0000] {dag.py:3239} INFO - Sync 1 DAGs
[2024-12-21T21:37:14.839+0000] {logging_mixin.py:190} INFO - [2024-12-21T21:37:14.839+0000] {dag.py:4180} INFO - Setting next_dagrun for tutorial_taskflow_api to None, run_after=None
[2024-12-21T21:37:14.880+0000] {processor.py:208} INFO - Processing /home/airflow/.local/lib/python3.12/site-packages/airflow/example_dags/tutorial_taskflow_api.py took 0.172 seconds
[2024-12-21T21:37:45.537+0000] {processor.py:186} INFO - Started process (PID=6706) to work on /home/airflow/.local/lib/python3.12/site-packages/airflow/example_dags/tutorial_taskflow_api.py
[2024-12-21T21:37:45.539+0000] {processor.py:914} INFO - Processing file /home/airflow/.local/lib/python3.12/site-packages/airflow/example_dags/tutorial_taskflow_api.py for tasks to queue
[2024-12-21T21:37:45.544+0000] {logging_mixin.py:190} INFO - [2024-12-21T21:37:45.543+0000] {dagbag.py:588} INFO - Filling up the DagBag from /home/airflow/.local/lib/python3.12/site-packages/airflow/example_dags/tutorial_taskflow_api.py
[2024-12-21T21:37:45.561+0000] {processor.py:925} INFO - DAG(s) 'tutorial_taskflow_api' retrieved from /home/airflow/.local/lib/python3.12/site-packages/airflow/example_dags/tutorial_taskflow_api.py
[2024-12-21T21:37:45.608+0000] {logging_mixin.py:190} INFO - [2024-12-21T21:37:45.607+0000] {dag.py:3239} INFO - Sync 1 DAGs
[2024-12-21T21:37:45.642+0000] {logging_mixin.py:190} INFO - [2024-12-21T21:37:45.641+0000] {dag.py:4180} INFO - Setting next_dagrun for tutorial_taskflow_api to None, run_after=None
[2024-12-21T21:37:45.710+0000] {processor.py:208} INFO - Processing /home/airflow/.local/lib/python3.12/site-packages/airflow/example_dags/tutorial_taskflow_api.py took 0.184 seconds
[2024-12-21T21:38:16.522+0000] {processor.py:186} INFO - Started process (PID=6997) to work on /home/airflow/.local/lib/python3.12/site-packages/airflow/example_dags/tutorial_taskflow_api.py
[2024-12-21T21:38:16.524+0000] {processor.py:914} INFO - Processing file /home/airflow/.local/lib/python3.12/site-packages/airflow/example_dags/tutorial_taskflow_api.py for tasks to queue
[2024-12-21T21:38:16.529+0000] {logging_mixin.py:190} INFO - [2024-12-21T21:38:16.529+0000] {dagbag.py:588} INFO - Filling up the DagBag from /home/airflow/.local/lib/python3.12/site-packages/airflow/example_dags/tutorial_taskflow_api.py
[2024-12-21T21:38:16.548+0000] {processor.py:925} INFO - DAG(s) 'tutorial_taskflow_api' retrieved from /home/airflow/.local/lib/python3.12/site-packages/airflow/example_dags/tutorial_taskflow_api.py
[2024-12-21T21:38:16.593+0000] {logging_mixin.py:190} INFO - [2024-12-21T21:38:16.593+0000] {dag.py:3239} INFO - Sync 1 DAGs
[2024-12-21T21:38:16.624+0000] {logging_mixin.py:190} INFO - [2024-12-21T21:38:16.623+0000] {dag.py:4180} INFO - Setting next_dagrun for tutorial_taskflow_api to None, run_after=None
[2024-12-21T21:38:16.694+0000] {processor.py:208} INFO - Processing /home/airflow/.local/lib/python3.12/site-packages/airflow/example_dags/tutorial_taskflow_api.py took 0.186 seconds
[2024-12-21T21:38:47.542+0000] {processor.py:186} INFO - Started process (PID=7288) to work on /home/airflow/.local/lib/python3.12/site-packages/airflow/example_dags/tutorial_taskflow_api.py
[2024-12-21T21:38:47.544+0000] {processor.py:914} INFO - Processing file /home/airflow/.local/lib/python3.12/site-packages/airflow/example_dags/tutorial_taskflow_api.py for tasks to queue
[2024-12-21T21:38:47.550+0000] {logging_mixin.py:190} INFO - [2024-12-21T21:38:47.550+0000] {dagbag.py:588} INFO - Filling up the DagBag from /home/airflow/.local/lib/python3.12/site-packages/airflow/example_dags/tutorial_taskflow_api.py
[2024-12-21T21:38:47.569+0000] {processor.py:925} INFO - DAG(s) 'tutorial_taskflow_api' retrieved from /home/airflow/.local/lib/python3.12/site-packages/airflow/example_dags/tutorial_taskflow_api.py
[2024-12-21T21:38:47.611+0000] {logging_mixin.py:190} INFO - [2024-12-21T21:38:47.611+0000] {dag.py:3239} INFO - Sync 1 DAGs
[2024-12-21T21:38:47.655+0000] {logging_mixin.py:190} INFO - [2024-12-21T21:38:47.654+0000] {dag.py:4180} INFO - Setting next_dagrun for tutorial_taskflow_api to None, run_after=None
[2024-12-21T21:38:47.693+0000] {processor.py:208} INFO - Processing /home/airflow/.local/lib/python3.12/site-packages/airflow/example_dags/tutorial_taskflow_api.py took 0.162 seconds
[2024-12-21T21:39:17.899+0000] {processor.py:186} INFO - Started process (PID=7579) to work on /home/airflow/.local/lib/python3.12/site-packages/airflow/example_dags/tutorial_taskflow_api.py
[2024-12-21T21:39:17.901+0000] {processor.py:914} INFO - Processing file /home/airflow/.local/lib/python3.12/site-packages/airflow/example_dags/tutorial_taskflow_api.py for tasks to queue
[2024-12-21T21:39:17.907+0000] {logging_mixin.py:190} INFO - [2024-12-21T21:39:17.906+0000] {dagbag.py:588} INFO - Filling up the DagBag from /home/airflow/.local/lib/python3.12/site-packages/airflow/example_dags/tutorial_taskflow_api.py
[2024-12-21T21:39:17.927+0000] {processor.py:925} INFO - DAG(s) 'tutorial_taskflow_api' retrieved from /home/airflow/.local/lib/python3.12/site-packages/airflow/example_dags/tutorial_taskflow_api.py
[2024-12-21T21:39:17.978+0000] {logging_mixin.py:190} INFO - [2024-12-21T21:39:17.977+0000] {dag.py:3239} INFO - Sync 1 DAGs
[2024-12-21T21:39:18.024+0000] {logging_mixin.py:190} INFO - [2024-12-21T21:39:18.023+0000] {dag.py:4180} INFO - Setting next_dagrun for tutorial_taskflow_api to None, run_after=None
[2024-12-21T21:39:18.076+0000] {processor.py:208} INFO - Processing /home/airflow/.local/lib/python3.12/site-packages/airflow/example_dags/tutorial_taskflow_api.py took 0.190 seconds
[2024-12-21T21:39:48.546+0000] {processor.py:186} INFO - Started process (PID=7870) to work on /home/airflow/.local/lib/python3.12/site-packages/airflow/example_dags/tutorial_taskflow_api.py
[2024-12-21T21:39:48.549+0000] {processor.py:914} INFO - Processing file /home/airflow/.local/lib/python3.12/site-packages/airflow/example_dags/tutorial_taskflow_api.py for tasks to queue
[2024-12-21T21:39:48.556+0000] {logging_mixin.py:190} INFO - [2024-12-21T21:39:48.554+0000] {dagbag.py:588} INFO - Filling up the DagBag from /home/airflow/.local/lib/python3.12/site-packages/airflow/example_dags/tutorial_taskflow_api.py
[2024-12-21T21:39:48.578+0000] {processor.py:925} INFO - DAG(s) 'tutorial_taskflow_api' retrieved from /home/airflow/.local/lib/python3.12/site-packages/airflow/example_dags/tutorial_taskflow_api.py
[2024-12-21T21:39:48.633+0000] {logging_mixin.py:190} INFO - [2024-12-21T21:39:48.632+0000] {dag.py:3239} INFO - Sync 1 DAGs
[2024-12-21T21:39:48.687+0000] {logging_mixin.py:190} INFO - [2024-12-21T21:39:48.686+0000] {dag.py:4180} INFO - Setting next_dagrun for tutorial_taskflow_api to None, run_after=None
[2024-12-21T21:39:48.814+0000] {processor.py:208} INFO - Processing /home/airflow/.local/lib/python3.12/site-packages/airflow/example_dags/tutorial_taskflow_api.py took 0.285 seconds
[2024-12-21T21:40:19.041+0000] {processor.py:186} INFO - Started process (PID=8163) to work on /home/airflow/.local/lib/python3.12/site-packages/airflow/example_dags/tutorial_taskflow_api.py
[2024-12-21T21:40:19.043+0000] {processor.py:914} INFO - Processing file /home/airflow/.local/lib/python3.12/site-packages/airflow/example_dags/tutorial_taskflow_api.py for tasks to queue
[2024-12-21T21:40:19.049+0000] {logging_mixin.py:190} INFO - [2024-12-21T21:40:19.048+0000] {dagbag.py:588} INFO - Filling up the DagBag from /home/airflow/.local/lib/python3.12/site-packages/airflow/example_dags/tutorial_taskflow_api.py
[2024-12-21T21:40:19.068+0000] {processor.py:925} INFO - DAG(s) 'tutorial_taskflow_api' retrieved from /home/airflow/.local/lib/python3.12/site-packages/airflow/example_dags/tutorial_taskflow_api.py
[2024-12-21T21:40:19.129+0000] {logging_mixin.py:190} INFO - [2024-12-21T21:40:19.128+0000] {dag.py:3239} INFO - Sync 1 DAGs
[2024-12-21T21:40:19.178+0000] {logging_mixin.py:190} INFO - [2024-12-21T21:40:19.177+0000] {dag.py:4180} INFO - Setting next_dagrun for tutorial_taskflow_api to None, run_after=None
[2024-12-21T21:40:19.265+0000] {processor.py:208} INFO - Processing /home/airflow/.local/lib/python3.12/site-packages/airflow/example_dags/tutorial_taskflow_api.py took 0.241 seconds
